INFO  [2015:12:01-11:49:35:105] <00016870> START cancel (V4132B4132D141209M)
INFO  [2015:12:01-11:49:35:105] <00016870> INIPAYHOME:/home/hosting_users/zymo_obms/www/INIbill41
DEBUG [2015:12:01-11:49:35:105] <00016870> MID:obmms20152
DEBUG [2015:12:01-11:49:35:105] <00016870> TYPE:cancel
DEBUG [2015:12:01-11:49:35:105] <00016870> PGID:
DEBUG [2015:12:01-11:49:35:105] <00016870> KEYPW:1111
DEBUG [2015:12:01-11:49:35:105] <00016870> SUBPGIP:203.238.3.10
DEBUG [2015:12:01-11:49:35:105] <00016870> APPPATH:/home/hosting_users/zymo_obms/www/INIbill41
DEBUG [2015:12:01-11:49:35:105] <00016870> TID:INIpayBillobmms2015220151201003558327989
DEBUG [2015:12:01-11:49:35:105] <00016870> MSG:Í≥†Í∞ùÏßÅÏ†ëÏßÄÏõêÏöîÏ≤≠
INFO  [2015:12:01-11:49:35:106] <00016870> CHECK FIELD OK
INFO  [2015:12:01-11:49:35:110] <00016870> GET PGPUB KEY OK
INFO  [2015:12:01-11:49:35:111] <00016870> GET obmms20152 PRIV KEY OK
INFO  [2015:12:01-11:49:35:111] <00016870> MAKE MSG OK
DEBUG [2015:12:01-11:49:35:111] <00016870> MSG_TO_PG:[InitechCash: ReqCancel
Version: 4132B141209canceLinux                  2.6.18-348.4.1.el5  
EncryptionAlgorithm: NO_ENCRYPTION
SignAlgorithm: SIGN_SHA
MID: obmms20152
Msg: Í≥†Í∞ùÏßÅÏ†ëÏßÄÏõêÏöîÏ≤≠
TID: INIpayBillobmms2015220151201003558327989
MerchantReserved: 
]
INFO  [2015:12:01-11:49:35:114] <00016870> SIGN OK
DEBUG [2015:12:01-11:49:35:114] <00016870> SIGNATURE:[AN5D9tlRR2kzL5JKosfSdQqCFMU65axzjRn4vCuE0d1myGV8ZDMKEVlpqqIaW6Rc
GcZCdvMp/ii8USDhsMSQB4C9Tyx5aiEmjSAs44lBLRoYUBvrywjuoUy/ddLXXAjt
a4+CxetvMo6V77jop+2tIzIxfMhha0WNLeXtuF9RMENW
]
INFO  [2015:12:01-11:49:35:116] <00016870> CONNECT PG(203.238.37.3:9102) OK
INFO  [2015:12:01-11:49:35:116] <00016870> SEND OK
INFO  [2015:12:01-11:49:35:583] <00016870> RECV OK
INFO  [2015:12:01-11:49:35:583] <00016870> MSG_FROM_PG:[InitechCash: ResultCancel
Version: 4.0
EncryptionAlgorithm: NO_ENCRYPTION
SignAlgorithm: SIGN_SHA
ResultCode: 00
ResultMsg: [1231] [√Îº“øœ∑·|∏≈¿‘¿¸√Îº“]
MerchantReserved: PGcanceldate=20151201&PGcanceltime=114935&Rcash_cancel_noappl=&
Tail: VFWpZOLMwVW616G/na/wI+KH+TYq1GFe0kOn0sAPryIcUguh+B1MILTX3meBQ9BU
krZIhQXUx+htm7i9TZ1M4A==

]
INFO  [2015:12:01-11:49:35:583] <00016870> CHECK SIGN OK
INFO  [2015:12:01-11:49:35:583] <00016870> PARSE OK
INFO  [2015:12:01-11:49:35:583] <00016870> END cancel [1231] [√Îº“øœ∑·|∏≈¿‘¿¸√Îº“]
