INFO  [2015:12:01-00:35:58:327] <00019989> START reqrealbill (V4131B4131D120628M)
INFO  [2015:12:01-00:35:58:327] <00019989> INIPAYHOME:/home/hosting_users/zymo_obms/www/INIbill41
DEBUG [2015:12:01-00:35:58:327] <00019989> MID:obmms20152
DEBUG [2015:12:01-00:35:58:327] <00019989> TYPE:reqrealbill
DEBUG [2015:12:01-00:35:58:327] <00019989> PGID:INIpayBill
DEBUG [2015:12:01-00:35:58:327] <00019989> KEYPW:1111
DEBUG [2015:12:01-00:35:58:327] <00019989> SUBPGIP:203.238.3.10
DEBUG [2015:12:01-00:35:58:327] <00019989> APPPATH:/home/hosting_users/zymo_obms/www/INIbill41
DEBUG [2015:12:01-00:35:58:327] <00019989> URL:http://www.obmms.net
DEBUG [2015:12:01-00:35:58:327] <00019989> PAYMETHOD:Card
DEBUG [2015:12:01-00:35:58:327] <00019989> BILLKEY:2d66a58bdc73ae30fa7aeb854ff79dfc9508d52f
DEBUG [2015:12:01-00:35:58:327] <00019989> BILLTYPE:Card
DEBUG [2015:12:01-00:35:58:327] <00019989> REGNUM:
DEBUG [2015:12:01-00:35:58:327] <00019989> AUTHENTIFICATION:01
DEBUG [2015:12:01-00:35:58:327] <00019989> PRICE:2000
DEBUG [2015:12:01-00:35:58:327] <00019989> CURRENCY:WON
DEBUG [2015:12:01-00:35:58:327] <00019989> GOODNAME:온리원문자 - 자동결제 - 12개월기간 
DEBUG [2015:12:01-00:35:58:327] <00019989> BUYERNAME:원북
DEBUG [2015:12:01-00:35:58:327] <00019989> BUYEREMAIL:test@naver.com
DEBUG [2015:12:01-00:35:58:327] <00019989> BUYERTEL:010-2654-861
DEBUG [2015:12:01-00:35:58:327] <00019989> CARDQUOTA:00
DEBUG [2015:12:01-00:35:58:327] <00019989> QUOTAINTEREST:0
INFO  [2015:12:01-00:35:58:327] <00019989> CHECK FIELD OK
INFO  [2015:12:01-00:35:58:327] <00019989> MAKE TID OK INIpayBillobmms2015220151201003558327989
INFO  [2015:12:01-00:35:58:327] <00019989> GET PGPUB KEY OK
INFO  [2015:12:01-00:35:58:327] <00019989> GET obmms20152 PRIV KEY OK
INFO  [2015:12:01-00:35:58:328] <00019989> ENCRYPT OK
DEBUG [2015:12:01-00:35:58:328] <00019989> ENCRYPTED:[3z9pqklb4kP6kd4WKVzEH5GpXJfEwRAtUXgv96/aMuMwp8LQcu6fIFoHV/41TPpy
xgfTIjg+NdhTChgT1+tztnxyvWI14hUNC/GZAgSWR+akG5VyDane/5cjydqPs2T3
xx6TclISLcgEdk4n6Gie5S++/Ivn8EsN2GEvQMsXojD0HVLIserGyWLjXvydYon9
DP7Oj2gkiss=
]
DEBUG [2015:12:01-00:35:58:328] <00019989> SESSIONKEY:[CV+7KFD1QUHHykxaKZBoz6cqgvGth20Nbe3zjxP3TUyeFLd0TP6wht/TzvpxhYLT
22+8YeBgpOJuZJNMjKbspDWNbvDTPd0JmHXCw09t7D9yXJTqtTseMWTNOiJF+Ok7
UGGU/wWy4PLHL5Uzs5c1DxkJfOCoZOEmj2to8d/0SQt050Pnr/VWfA==
]
INFO  [2015:12:01-00:35:58:328] <00019989> MAKE MSG OK
DEBUG [2015:12:01-00:35:58:328] <00019989> MSG_TO_PG:[InitechCash: ReqRealBill
Version: 4131B120628reqreLinux                  2.6.18-348.4.1.el5  
EncryptionAlgorithm: SEED_CBC
SignAlgorithm: SIGN_SHA
RsaKeyNum: 1
MPGID: INIpayBill
MID: obmms20152
TID: INIpayBillobmms2015220151201003558327989
UID: obmms20152
PayMethod: Card
URL: http://www.obmms.net
moid: 
GoodName: 온리원문자 - 자동결제 - 12개월기간 
Price: 2000
Currency: WON
BuyerName: 원북
BuyerTel: 010-2654-861
BuyerEmail: test@naver.com
SessionKey: CV+7KFD1QUHHykxaKZBoz6cqgvGth20Nbe3zjxP3TUyeFLd0TP6wht/TzvpxhYLT
22+8YeBgpOJuZJNMjKbspDWNbvDTPd0JmHXCw09t7D9yXJTqtTseMWTNOiJF+Ok7
UGGU/wWy4PLHL5Uzs5c1DxkJfOCoZOEmj2to8d/0SQt050Pnr/VWfA==

Encrypted: 3z9pqklb4kP6kd4WKVzEH5GpXJfEwRAtUXgv96/aMuMwp8LQcu6fIFoHV/41TPpy
xgfTIjg+NdhTChgT1+tztnxyvWI14hUNC/GZAgSWR+akG5VyDane/5cjydqPs2T3
xx6TclISLcgEdk4n6Gie5S++/Ivn8EsN2GEvQMsXojD0HVLIserGyWLjXvydYon9
DP7Oj2gkiss=

MerchantReserved1: 
MerchantReserved2: 
MerchantReserved3: 
]
INFO  [2015:12:01-00:35:58:331] <00019989> SIGN OK
DEBUG [2015:12:01-00:35:58:331] <00019989> SIGNATURE:[AHEzyBgnRuVMOO8HwAUm/Omjfnf1Sw2vbu8B59LtSNtEXrLZbHa2ItXKgRibdxNG
TytsUwpWB4s39Qk1ebc5cR6jkHJKvcXFbpNGlvEMOdP1HbHclvZiU5U1DWuVGg6y
Z/3MMU4/RBvtwtmSBA/Spr5X1roZeLj+6yspW3kJxftm
]
INFO  [2015:12:01-00:35:58:333] <00019989> CONNECT PG(203.238.37.3:9400) OK
INFO  [2015:12:01-00:35:58:333] <00019989> SEND OK
INFO  [2015:12:01-00:35:59:598] <00019989> RECV OK
INFO  [2015:12:01-00:35:59:598] <00019989> MSG_FROM_PG:[InitechCash: ResultPayProc
Version: 4.0
EncryptionAlgorithm: SEED_CBC
SignAlgorithm: SIGN_SHA
RsaKeyNum: 1
SessionKey: ANWzhgUDyI43+g/DLm7X7y8BF0pujmBwRIGq4Cf3rtK0e2CrQepBdyCVasp6UQA7
7+UQ8pCIzNmNyzi2SJdwz4xq1v2r1mEdqjoyLVQ+glywtEtoHWAYmgYKwAer4TGw
WqyzPQnA4Can6+ozH+FeFMdBS6voyemBNUuO9A+YKQpgPVLgPtIPId8=

TID: INIpayBillobmms2015220151201003558327989
MID: obmms20152
Encrypted: 1Z6MZ6v/l5/gwujK+FXKZGXtpwLs00fzKc60MtPX0HIZB66/VlUxUtM8w6hKAEiI
OIZ/VIZrAnmx+Wkzt+I6QlB0qHGPfkClUggn/V0DLKpeG83eYhkbzmp3h6c1ZccT
a8Mk7pTyJGyc7uUQTIcyn2xkJpxBEy7tm15r6vmFHsQX2rNgkvojJhYnYl5vjJc8
FlVpT47lLUxabwqZuwQ3GRA56CkHZw9SQswQUz1bvwaYox0LlIn6AslYn/aOW70c
nX0/0xe3Dco3EYTyzvD9TZsKr5+HRX9GzlpXLnnHs+eLV/K3ViCmXKuYp5v5jIDV
70wMd1dzWdAMGVtq/toN0MzkY76VX6rNA08nbg9Eu7iw9M0aORAgALaCp81nbDfJ
USR6xWt0voq/D8Ph8hq6JEwG1EBJ6mpxV51x1aiK0qLMRnffSE5tPuvVjMfimuLe
k75nHBY/111ZX6d4bavbCYT0Dp1eF5NsQrhrE3T8xya0gY5kyeP91vO9FpQ2zVZf
vB3azjIF8FYTFONtOcK1fNj2mZu7nTyJAKSbyiuuLSKEUpN69VFlDYIWefZCqizH
N25cA2/UNTI6KXgEyPLap9Z0NCr+YiS9AOpYQcqIAl0=

Tail: ikxWqk3hSUUEYftPz6qbGjEA/u+Z0U9Oty7CRxV9oNaFqyLk4ZXvQIk6PLGJlRKv
bnlDTbYebamWc18qa1ieRPe1fJLGn7yPxVuUsNVi5BH8WEvPD3TXNZbAJI7Cz7o6
mzhJhlksXtXnWqxoOIjtCDcE7MhodScQL1W+Y882We4=

MOID: 
CodeGW: 
]
INFO  [2015:12:01-00:35:59:598] <00019989> CHECK SIGN OK
INFO  [2015:12:01-00:35:59:601] <00019989> DECRYPT OK
DEBUG [2015:12:01-00:35:59:601] <00019989> DECRYPTED_MSG:[ResultCode: 00
ResultMsg: [신용카드|빌링이 정상적으로 이루어졌습니다.]
PayMethod: Card
PayOption: 
PGAuthCode: PGAuthCode
CardAuthCode: 22060696
CardResultCode: 14
CardResultNumber: 377988024744
CardResultExpire: 
CardResultQuota: 00
MerchantReserved1: Authentification=&PGauthdate=20151201&PGauthtime=003559&Detailcode=26&PrtcCode=1&coupon_onlymer=
MerchantReserved2: 
MerchantReserved3: 
Price: 2000
Price1: 
Price2: 
SMemID: 
EventFlag: 0
]
INFO  [2015:12:01-00:35:59:601] <00019989> PARSE OK
INFO  [2015:12:01-00:35:59:601] <00019989> END reqrealbill [신용카드|빌링이 정상적으로 이루어졌습니다.]
