INFO	[2019-10-08 18:06:31:694] <9271> START INIPHP chkfake (V5036-141209)(OS:Linux2.6.18-274.3.1.el5,PHP:5.2.9)
DEBUG	[2019-10-08 18:06:31:714] <9271> inipayhome:/home/ilearning3/www/inipay
DEBUG	[2019-10-08 18:06:31:714] <9271> type:chkfake
DEBUG	[2019-10-08 18:06:31:714] <9271> debug:true
DEBUG	[2019-10-08 18:06:31:714] <9271> enctype:asym
DEBUG	[2019-10-08 18:06:31:714] <9271> admin:1111
DEBUG	[2019-10-08 18:06:31:714] <9271> checkopt:false
DEBUG	[2019-10-08 18:06:31:714] <9271> mid:obmms20151
DEBUG	[2019-10-08 18:06:31:714] <9271> price:550000
DEBUG	[2019-10-08 18:06:31:714] <9271> nointerest:no
DEBUG	[2019-10-08 18:06:31:714] <9271> quotabase:일시불:2개월:3개월:6개월:12개월
INFO	[2019-10-08 18:06:31:714] <9271> Check Field OK
INFO	[2019-10-08 18:06:31:732] <9271> MERCHANT PRIV KEY LOAD OK
INFO	[2019-10-08 18:06:31:762] <9271> MERCHANT PUB KEY LOAD OK []
INFO	[2019-10-08 18:06:31:778] <9271> CHKFAKE KEY MAKE OK:MjAxOTEwMDgxODA2MzE3NjIxODE4Ng==

INFO	[2019-10-08 18:06:31:778] <9271> END chkfake  Laptime:[0.09sec]
INFO	[2019-10-08 18:06:31:778] <9271> ===============================================================
INFO	[2019-10-08 18:07:25:680] <20089> START INIPHP chkfake (V5036-141209)(OS:Linux2.6.18-274.3.1.el5,PHP:5.2.9)
DEBUG	[2019-10-08 18:07:25:680] <20089> inipayhome:/home/ilearning3/www/inipay
DEBUG	[2019-10-08 18:07:25:680] <20089> type:chkfake
DEBUG	[2019-10-08 18:07:25:680] <20089> debug:true
DEBUG	[2019-10-08 18:07:25:680] <20089> enctype:asym
DEBUG	[2019-10-08 18:07:25:680] <20089> admin:1111
DEBUG	[2019-10-08 18:07:25:680] <20089> checkopt:false
DEBUG	[2019-10-08 18:07:25:680] <20089> mid:obmms20151
DEBUG	[2019-10-08 18:07:25:680] <20089> price:550000
DEBUG	[2019-10-08 18:07:25:680] <20089> nointerest:no
DEBUG	[2019-10-08 18:07:25:680] <20089> quotabase:일시불:2개월:3개월:6개월:12개월
INFO	[2019-10-08 18:07:25:681] <20089> Check Field OK
INFO	[2019-10-08 18:07:25:681] <20089> MERCHANT PRIV KEY LOAD OK
INFO	[2019-10-08 18:07:25:681] <20089> MERCHANT PUB KEY LOAD OK []
INFO	[2019-10-08 18:07:25:683] <20089> CHKFAKE KEY MAKE OK:MjAxOTEwMDgxODA3MjU2ODI4NzA0OA==

INFO	[2019-10-08 18:07:25:684] <20089> END chkfake  Laptime:[0sec]
INFO	[2019-10-08 18:07:25:684] <20089> ===============================================================
INFO	[2019-10-08 18:10:09:926] <9275> START INIPHP chkfake (V5036-141209)(OS:Linux2.6.18-274.3.1.el5,PHP:5.2.9)
DEBUG	[2019-10-08 18:10:09:926] <9275> inipayhome:/home/ilearning3/www/inipay
DEBUG	[2019-10-08 18:10:09:926] <9275> type:chkfake
DEBUG	[2019-10-08 18:10:09:926] <9275> debug:true
DEBUG	[2019-10-08 18:10:09:926] <9275> enctype:asym
DEBUG	[2019-10-08 18:10:09:926] <9275> admin:1111
DEBUG	[2019-10-08 18:10:09:926] <9275> checkopt:false
DEBUG	[2019-10-08 18:10:09:926] <9275> mid:obmms20151
DEBUG	[2019-10-08 18:10:09:926] <9275> price:550000
DEBUG	[2019-10-08 18:10:09:926] <9275> nointerest:no
DEBUG	[2019-10-08 18:10:09:926] <9275> quotabase:일시불:2개월:3개월:6개월:12개월
INFO	[2019-10-08 18:10:09:926] <9275> Check Field OK
INFO	[2019-10-08 18:10:09:926] <9275> MERCHANT PRIV KEY LOAD OK
INFO	[2019-10-08 18:10:09:927] <9275> MERCHANT PUB KEY LOAD OK []
INFO	[2019-10-08 18:10:09:928] <9275> CHKFAKE KEY MAKE OK:MjAxOTEwMDgxODEwMDk5Mjc5MzExOA==

INFO	[2019-10-08 18:10:09:928] <9275> END chkfake  Laptime:[0sec]
INFO	[2019-10-08 18:10:09:928] <9275> ===============================================================
INFO	[2019-10-08 18:11:57:39] <12375> START INIPHP chkfake (V5036-141209)(OS:Linux2.6.18-274.3.1.el5,PHP:5.2.9)
DEBUG	[2019-10-08 18:11:57:39] <12375> inipayhome:/home/ilearning3/www/inipay
DEBUG	[2019-10-08 18:11:57:39] <12375> type:chkfake
DEBUG	[2019-10-08 18:11:57:39] <12375> debug:true
DEBUG	[2019-10-08 18:11:57:39] <12375> enctype:asym
DEBUG	[2019-10-08 18:11:57:39] <12375> admin:1111
DEBUG	[2019-10-08 18:11:57:39] <12375> checkopt:false
DEBUG	[2019-10-08 18:11:57:39] <12375> mid:obmms20151
DEBUG	[2019-10-08 18:11:57:39] <12375> price:550000
DEBUG	[2019-10-08 18:11:57:39] <12375> nointerest:no
DEBUG	[2019-10-08 18:11:57:39] <12375> quotabase:일시불:2개월:3개월:6개월:12개월
INFO	[2019-10-08 18:11:57:39] <12375> Check Field OK
INFO	[2019-10-08 18:11:57:40] <12375> MERCHANT PRIV KEY LOAD OK
INFO	[2019-10-08 18:11:57:40] <12375> MERCHANT PUB KEY LOAD OK []
INFO	[2019-10-08 18:11:57:42] <12375> CHKFAKE KEY MAKE OK:MjAxOTEwMDgxODExNTcwNDAyMDg4Mw==

INFO	[2019-10-08 18:11:57:42] <12375> END chkfake  Laptime:[0sec]
INFO	[2019-10-08 18:11:57:43] <12375> ===============================================================
INFO	[2019-10-08 18:21:40:203] <9263> START INIPHP chkfake (V5036-141209)(OS:Linux2.6.18-274.3.1.el5,PHP:5.2.9)
DEBUG	[2019-10-08 18:21:40:204] <9263> inipayhome:/home/ilearning3/www/inipay
DEBUG	[2019-10-08 18:21:40:204] <9263> type:chkfake
DEBUG	[2019-10-08 18:21:40:204] <9263> debug:true
DEBUG	[2019-10-08 18:21:40:204] <9263> enctype:asym
DEBUG	[2019-10-08 18:21:40:204] <9263> admin:1111
DEBUG	[2019-10-08 18:21:40:204] <9263> checkopt:false
DEBUG	[2019-10-08 18:21:40:204] <9263> mid:obmms20151
DEBUG	[2019-10-08 18:21:40:204] <9263> price:550000
DEBUG	[2019-10-08 18:21:40:204] <9263> nointerest:no
DEBUG	[2019-10-08 18:21:40:204] <9263> quotabase:일시불:2개월:3개월:6개월:12개월
INFO	[2019-10-08 18:21:40:204] <9263> Check Field OK
INFO	[2019-10-08 18:21:40:204] <9263> MERCHANT PRIV KEY LOAD OK
INFO	[2019-10-08 18:21:40:204] <9263> MERCHANT PUB KEY LOAD OK []
INFO	[2019-10-08 18:21:40:206] <9263> CHKFAKE KEY MAKE OK:MjAxOTEwMDgxODIxNDAyMDQ2NzQ0OQ==

INFO	[2019-10-08 18:21:40:206] <9263> END chkfake  Laptime:[0.01sec]
INFO	[2019-10-08 18:21:40:206] <9263> ===============================================================
INFO	[2019-10-08 18:22:20:570] <9286> START INIPHP chkfake (V5036-141209)(OS:Linux2.6.18-274.3.1.el5,PHP:5.2.9)
DEBUG	[2019-10-08 18:22:20:570] <9286> inipayhome:/home/ilearning3/www/inipay
DEBUG	[2019-10-08 18:22:20:570] <9286> type:chkfake
DEBUG	[2019-10-08 18:22:20:570] <9286> debug:true
DEBUG	[2019-10-08 18:22:20:570] <9286> enctype:asym
DEBUG	[2019-10-08 18:22:20:570] <9286> admin:1111
DEBUG	[2019-10-08 18:22:20:570] <9286> checkopt:false
DEBUG	[2019-10-08 18:22:20:570] <9286> mid:obmms20151
DEBUG	[2019-10-08 18:22:20:570] <9286> price:550000
DEBUG	[2019-10-08 18:22:20:570] <9286> nointerest:no
DEBUG	[2019-10-08 18:22:20:570] <9286> quotabase:일시불:2개월:3개월:6개월:12개월
INFO	[2019-10-08 18:22:20:570] <9286> Check Field OK
INFO	[2019-10-08 18:22:20:570] <9286> MERCHANT PRIV KEY LOAD OK
INFO	[2019-10-08 18:22:20:571] <9286> MERCHANT PUB KEY LOAD OK []
INFO	[2019-10-08 18:22:20:573] <9286> CHKFAKE KEY MAKE OK:MjAxOTEwMDgxODIyMjA1NzE1MTQ1Mg==

INFO	[2019-10-08 18:22:20:574] <9286> END chkfake  Laptime:[0sec]
INFO	[2019-10-08 18:22:20:574] <9286> ===============================================================
INFO	[2019-10-08 18:24:26:643] <6632> START INIPHP chkfake (V5036-141209)(OS:Linux2.6.18-274.3.1.el5,PHP:5.2.9)
DEBUG	[2019-10-08 18:24:26:643] <6632> inipayhome:/home/ilearning3/www/inipay
DEBUG	[2019-10-08 18:24:26:643] <6632> type:chkfake
DEBUG	[2019-10-08 18:24:26:643] <6632> debug:true
DEBUG	[2019-10-08 18:24:26:643] <6632> enctype:asym
DEBUG	[2019-10-08 18:24:26:643] <6632> admin:1111
DEBUG	[2019-10-08 18:24:26:643] <6632> checkopt:false
DEBUG	[2019-10-08 18:24:26:643] <6632> mid:obmms20151
DEBUG	[2019-10-08 18:24:26:643] <6632> price:550000
DEBUG	[2019-10-08 18:24:26:643] <6632> nointerest:no
DEBUG	[2019-10-08 18:24:26:643] <6632> quotabase:일시불:2개월:3개월:6개월:12개월
INFO	[2019-10-08 18:24:26:643] <6632> Check Field OK
INFO	[2019-10-08 18:24:26:644] <6632> MERCHANT PRIV KEY LOAD OK
INFO	[2019-10-08 18:24:26:644] <6632> MERCHANT PUB KEY LOAD OK []
INFO	[2019-10-08 18:24:26:645] <6632> CHKFAKE KEY MAKE OK:MjAxOTEwMDgxODI0MjY2NDQ4Nzc4Ng==

INFO	[2019-10-08 18:24:26:645] <6632> END chkfake  Laptime:[0.01sec]
INFO	[2019-10-08 18:24:26:645] <6632> ===============================================================
INFO	[2019-10-08 18:24:47:525] <28813> START INIPHP chkfake (V5036-141209)(OS:Linux2.6.18-274.3.1.el5,PHP:5.2.9)
DEBUG	[2019-10-08 18:24:47:525] <28813> inipayhome:/home/ilearning3/www/inipay
DEBUG	[2019-10-08 18:24:47:525] <28813> type:chkfake
DEBUG	[2019-10-08 18:24:47:525] <28813> debug:true
DEBUG	[2019-10-08 18:24:47:525] <28813> enctype:asym
DEBUG	[2019-10-08 18:24:47:525] <28813> admin:1111
DEBUG	[2019-10-08 18:24:47:525] <28813> checkopt:false
DEBUG	[2019-10-08 18:24:47:525] <28813> mid:obmms20151
DEBUG	[2019-10-08 18:24:47:525] <28813> price:550000
DEBUG	[2019-10-08 18:24:47:525] <28813> nointerest:no
DEBUG	[2019-10-08 18:24:47:525] <28813> quotabase:일시불:2개월:3개월:6개월:12개월
INFO	[2019-10-08 18:24:47:525] <28813> Check Field OK
INFO	[2019-10-08 18:24:47:525] <28813> MERCHANT PRIV KEY LOAD OK
INFO	[2019-10-08 18:24:47:525] <28813> MERCHANT PUB KEY LOAD OK []
INFO	[2019-10-08 18:24:47:527] <28813> CHKFAKE KEY MAKE OK:MjAxOTEwMDgxODI0NDc1MjUyODg5Mw==

INFO	[2019-10-08 18:24:47:527] <28813> END chkfake  Laptime:[0sec]
INFO	[2019-10-08 18:24:47:527] <28813> ===============================================================
INFO	[2019-10-08 18:28:35:620] <17354> START INIPHP chkfake (V5036-141209)(OS:Linux2.6.18-274.3.1.el5,PHP:5.2.9)
DEBUG	[2019-10-08 18:28:35:620] <17354> inipayhome:/home/ilearning3/www/inipay
DEBUG	[2019-10-08 18:28:35:620] <17354> type:chkfake
DEBUG	[2019-10-08 18:28:35:620] <17354> debug:true
DEBUG	[2019-10-08 18:28:35:620] <17354> enctype:asym
DEBUG	[2019-10-08 18:28:35:620] <17354> admin:1111
DEBUG	[2019-10-08 18:28:35:620] <17354> checkopt:false
DEBUG	[2019-10-08 18:28:35:620] <17354> mid:obmms20151
DEBUG	[2019-10-08 18:28:35:620] <17354> price:550000
DEBUG	[2019-10-08 18:28:35:620] <17354> nointerest:no
DEBUG	[2019-10-08 18:28:35:620] <17354> quotabase:일시불:2개월:3개월:6개월:12개월
INFO	[2019-10-08 18:28:35:620] <17354> Check Field OK
INFO	[2019-10-08 18:28:35:620] <17354> MERCHANT PRIV KEY LOAD OK
INFO	[2019-10-08 18:28:35:621] <17354> MERCHANT PUB KEY LOAD OK []
INFO	[2019-10-08 18:28:35:622] <17354> CHKFAKE KEY MAKE OK:MjAxOTEwMDgxODI4MzU2MjEzMzYxNg==

INFO	[2019-10-08 18:28:35:622] <17354> END chkfake  Laptime:[0sec]
INFO	[2019-10-08 18:28:35:622] <17354> ===============================================================
INFO	[2019-10-08 18:44:11:559] <20587> START INIPHP chkfake (V5036-141209)(OS:Linux2.6.18-274.3.1.el5,PHP:5.2.9)
DEBUG	[2019-10-08 18:44:11:559] <20587> inipayhome:/home/ilearning3/www/inipay
DEBUG	[2019-10-08 18:44:11:559] <20587> type:chkfake
DEBUG	[2019-10-08 18:44:11:559] <20587> debug:true
DEBUG	[2019-10-08 18:44:11:559] <20587> enctype:asym
DEBUG	[2019-10-08 18:44:11:559] <20587> admin:1111
DEBUG	[2019-10-08 18:44:11:559] <20587> checkopt:false
DEBUG	[2019-10-08 18:44:11:559] <20587> mid:obmms20151
DEBUG	[2019-10-08 18:44:11:559] <20587> price:550000
DEBUG	[2019-10-08 18:44:11:559] <20587> nointerest:no
DEBUG	[2019-10-08 18:44:11:559] <20587> quotabase:일시불:2개월:3개월:6개월:12개월
INFO	[2019-10-08 18:44:11:559] <20587> Check Field OK
INFO	[2019-10-08 18:44:11:559] <20587> MERCHANT PRIV KEY LOAD OK
INFO	[2019-10-08 18:44:11:560] <20587> MERCHANT PUB KEY LOAD OK []
INFO	[2019-10-08 18:44:11:562] <20587> CHKFAKE KEY MAKE OK:MjAxOTEwMDgxODQ0MTE1NjA3MTI0Mg==

INFO	[2019-10-08 18:44:11:562] <20587> END chkfake  Laptime:[0sec]
INFO	[2019-10-08 18:44:11:563] <20587> ===============================================================
INFO	[2019-10-08 18:45:07:501] <17326> START INIPHP chkfake (V5036-141209)(OS:Linux2.6.18-274.3.1.el5,PHP:5.2.9)
DEBUG	[2019-10-08 18:45:07:501] <17326> inipayhome:/home/ilearning3/www/inipay
DEBUG	[2019-10-08 18:45:07:501] <17326> type:chkfake
DEBUG	[2019-10-08 18:45:07:501] <17326> debug:true
DEBUG	[2019-10-08 18:45:07:501] <17326> enctype:asym
DEBUG	[2019-10-08 18:45:07:501] <17326> admin:1111
DEBUG	[2019-10-08 18:45:07:501] <17326> checkopt:false
DEBUG	[2019-10-08 18:45:07:501] <17326> mid:obmms20151
DEBUG	[2019-10-08 18:45:07:501] <17326> price:550000
DEBUG	[2019-10-08 18:45:07:501] <17326> nointerest:no
DEBUG	[2019-10-08 18:45:07:501] <17326> quotabase:일시불:2개월:3개월:6개월:12개월
INFO	[2019-10-08 18:45:07:501] <17326> Check Field OK
INFO	[2019-10-08 18:45:07:502] <17326> MERCHANT PRIV KEY LOAD OK
INFO	[2019-10-08 18:45:07:502] <17326> MERCHANT PUB KEY LOAD OK []
INFO	[2019-10-08 18:45:07:504] <17326> CHKFAKE KEY MAKE OK:MjAxOTEwMDgxODQ1MDc1MDIzNDgwMg==

INFO	[2019-10-08 18:45:07:504] <17326> END chkfake  Laptime:[0sec]
INFO	[2019-10-08 18:45:07:504] <17326> ===============================================================
INFO	[2019-10-08 18:45:56:183] <9296> START INIPHP chkfake (V5036-141209)(OS:Linux2.6.18-274.3.1.el5,PHP:5.2.9)
DEBUG	[2019-10-08 18:45:56:183] <9296> inipayhome:/home/ilearning3/www/inipay
DEBUG	[2019-10-08 18:45:56:183] <9296> type:chkfake
DEBUG	[2019-10-08 18:45:56:183] <9296> debug:true
DEBUG	[2019-10-08 18:45:56:183] <9296> enctype:asym
DEBUG	[2019-10-08 18:45:56:183] <9296> admin:1111
DEBUG	[2019-10-08 18:45:56:183] <9296> checkopt:false
DEBUG	[2019-10-08 18:45:56:183] <9296> mid:obmms20151
DEBUG	[2019-10-08 18:45:56:183] <9296> price:550000
DEBUG	[2019-10-08 18:45:56:183] <9296> nointerest:no
DEBUG	[2019-10-08 18:45:56:183] <9296> quotabase:일시불:2개월:3개월:6개월:12개월
INFO	[2019-10-08 18:45:56:183] <9296> Check Field OK
INFO	[2019-10-08 18:45:56:184] <9296> MERCHANT PRIV KEY LOAD OK
INFO	[2019-10-08 18:45:56:184] <9296> MERCHANT PUB KEY LOAD OK []
INFO	[2019-10-08 18:45:56:185] <9296> CHKFAKE KEY MAKE OK:MjAxOTEwMDgxODQ1NTYxODQzMzE5Mw==

INFO	[2019-10-08 18:45:56:185] <9296> END chkfake  Laptime:[0.01sec]
INFO	[2019-10-08 18:45:56:185] <9296> ===============================================================
INFO	[2019-10-08 18:46:59:748] <9263> START INIPHP chkfake (V5036-141209)(OS:Linux2.6.18-274.3.1.el5,PHP:5.2.9)
DEBUG	[2019-10-08 18:46:59:748] <9263> inipayhome:/home/ilearning3/www/inipay
DEBUG	[2019-10-08 18:46:59:748] <9263> type:chkfake
DEBUG	[2019-10-08 18:46:59:748] <9263> debug:true
DEBUG	[2019-10-08 18:46:59:748] <9263> enctype:asym
DEBUG	[2019-10-08 18:46:59:748] <9263> admin:1111
DEBUG	[2019-10-08 18:46:59:748] <9263> checkopt:false
DEBUG	[2019-10-08 18:46:59:748] <9263> mid:obmms20151
DEBUG	[2019-10-08 18:46:59:748] <9263> price:550000
DEBUG	[2019-10-08 18:46:59:748] <9263> nointerest:no
DEBUG	[2019-10-08 18:46:59:748] <9263> quotabase:일시불:2개월:3개월:6개월:12개월
INFO	[2019-10-08 18:46:59:749] <9263> Check Field OK
INFO	[2019-10-08 18:46:59:749] <9263> MERCHANT PRIV KEY LOAD OK
INFO	[2019-10-08 18:46:59:749] <9263> MERCHANT PUB KEY LOAD OK []
INFO	[2019-10-08 18:46:59:752] <9263> CHKFAKE KEY MAKE OK:MjAxOTEwMDgxODQ2NTk3NDkzNjcxMA==

INFO	[2019-10-08 18:46:59:752] <9263> END chkfake  Laptime:[0sec]
INFO	[2019-10-08 18:46:59:752] <9263> ===============================================================
INFO	[2019-10-08 18:51:04:65] <10316> START INIPHP chkfake (V5036-141209)(OS:Linux2.6.18-274.3.1.el5,PHP:5.2.9)
DEBUG	[2019-10-08 18:51:04:65] <10316> inipayhome:/home/ilearning3/www/inipay
DEBUG	[2019-10-08 18:51:04:65] <10316> type:chkfake
DEBUG	[2019-10-08 18:51:04:65] <10316> debug:true
DEBUG	[2019-10-08 18:51:04:65] <10316> enctype:asym
DEBUG	[2019-10-08 18:51:04:65] <10316> admin:1111
DEBUG	[2019-10-08 18:51:04:65] <10316> checkopt:false
DEBUG	[2019-10-08 18:51:04:65] <10316> mid:obmms20151
DEBUG	[2019-10-08 18:51:04:65] <10316> price:550000
DEBUG	[2019-10-08 18:51:04:65] <10316> nointerest:no
DEBUG	[2019-10-08 18:51:04:65] <10316> quotabase:일시불:2개월:3개월:6개월:12개월
INFO	[2019-10-08 18:51:04:65] <10316> Check Field OK
INFO	[2019-10-08 18:51:04:65] <10316> MERCHANT PRIV KEY LOAD OK
INFO	[2019-10-08 18:51:04:66] <10316> MERCHANT PUB KEY LOAD OK []
INFO	[2019-10-08 18:51:04:67] <10316> CHKFAKE KEY MAKE OK:MjAxOTEwMDgxODUxMDQwNjY5NDk4Mw==

INFO	[2019-10-08 18:51:04:67] <10316> END chkfake  Laptime:[0sec]
INFO	[2019-10-08 18:51:04:67] <10316> ===============================================================
INFO	[2019-10-08 18:54:50:110] <12375> START INIPHP chkfake (V5036-141209)(OS:Linux2.6.18-274.3.1.el5,PHP:5.2.9)
DEBUG	[2019-10-08 18:54:50:110] <12375> inipayhome:/home/ilearning3/www/inipay
DEBUG	[2019-10-08 18:54:50:110] <12375> type:chkfake
DEBUG	[2019-10-08 18:54:50:110] <12375> debug:true
DEBUG	[2019-10-08 18:54:50:110] <12375> enctype:asym
DEBUG	[2019-10-08 18:54:50:110] <12375> admin:1111
DEBUG	[2019-10-08 18:54:50:110] <12375> checkopt:false
DEBUG	[2019-10-08 18:54:50:110] <12375> mid:obmms20151
DEBUG	[2019-10-08 18:54:50:110] <12375> price:550000
DEBUG	[2019-10-08 18:54:50:110] <12375> nointerest:no
DEBUG	[2019-10-08 18:54:50:110] <12375> quotabase:일시불:2개월:3개월:6개월:12개월
INFO	[2019-10-08 18:54:50:110] <12375> Check Field OK
INFO	[2019-10-08 18:54:50:111] <12375> MERCHANT PRIV KEY LOAD OK
INFO	[2019-10-08 18:54:50:111] <12375> MERCHANT PUB KEY LOAD OK []
INFO	[2019-10-08 18:54:50:112] <12375> CHKFAKE KEY MAKE OK:MjAxOTEwMDgxODU0NTAxMTE2OTgwNg==

INFO	[2019-10-08 18:54:50:112] <12375> END chkfake  Laptime:[0sec]
INFO	[2019-10-08 18:54:50:112] <12375> ===============================================================
INFO	[2019-10-08 18:55:19:303] <9288> START INIPHP chkfake (V5036-141209)(OS:Linux2.6.18-274.3.1.el5,PHP:5.2.9)
DEBUG	[2019-10-08 18:55:19:303] <9288> inipayhome:/home/ilearning3/www/inipay
DEBUG	[2019-10-08 18:55:19:303] <9288> type:chkfake
DEBUG	[2019-10-08 18:55:19:303] <9288> debug:true
DEBUG	[2019-10-08 18:55:19:303] <9288> enctype:asym
DEBUG	[2019-10-08 18:55:19:303] <9288> admin:1111
DEBUG	[2019-10-08 18:55:19:303] <9288> checkopt:false
DEBUG	[2019-10-08 18:55:19:303] <9288> mid:obmms20151
DEBUG	[2019-10-08 18:55:19:303] <9288> price:550000
DEBUG	[2019-10-08 18:55:19:303] <9288> nointerest:no
DEBUG	[2019-10-08 18:55:19:303] <9288> quotabase:일시불:2개월:3개월:6개월:12개월
INFO	[2019-10-08 18:55:19:303] <9288> Check Field OK
INFO	[2019-10-08 18:55:19:303] <9288> MERCHANT PRIV KEY LOAD OK
INFO	[2019-10-08 18:55:19:304] <9288> MERCHANT PUB KEY LOAD OK []
INFO	[2019-10-08 18:55:19:305] <9288> CHKFAKE KEY MAKE OK:MjAxOTEwMDgxODU1MTkzMDQ4NTQ5Nw==

INFO	[2019-10-08 18:55:19:305] <9288> END chkfake  Laptime:[0.01sec]
INFO	[2019-10-08 18:55:19:305] <9288> ===============================================================
