INFO	[2019-08-08 16:03:17:288] <1749> START INIPHP chkfake (V5036-141209)(OS:Linux2.6.18-274.3.1.el5,PHP:5.2.9)
DEBUG	[2019-08-08 16:03:17:303] <1749> inipayhome:/home/ilearning3/www/inipay
DEBUG	[2019-08-08 16:03:17:303] <1749> type:chkfake
DEBUG	[2019-08-08 16:03:17:303] <1749> debug:true
DEBUG	[2019-08-08 16:03:17:303] <1749> enctype:asym
DEBUG	[2019-08-08 16:03:17:303] <1749> admin:1111
DEBUG	[2019-08-08 16:03:17:303] <1749> checkopt:false
DEBUG	[2019-08-08 16:03:17:303] <1749> mid:obmms20151
DEBUG	[2019-08-08 16:03:17:303] <1749> price:550000
DEBUG	[2019-08-08 16:03:17:303] <1749> nointerest:no
DEBUG	[2019-08-08 16:03:17:303] <1749> quotabase:선택:일시불:2개월:3개월:6개월:12개월
INFO	[2019-08-08 16:03:17:303] <1749> Check Field OK
INFO	[2019-08-08 16:03:17:337] <1749> MERCHANT PRIV KEY LOAD OK
INFO	[2019-08-08 16:03:17:367] <1749> MERCHANT PUB KEY LOAD OK []
INFO	[2019-08-08 16:03:17:383] <1749> CHKFAKE KEY MAKE OK:MjAxOTA4MDgxNjAzMTczNjc3NzUyNw==

INFO	[2019-08-08 16:03:17:383] <1749> END chkfake  Laptime:[0.1sec]
INFO	[2019-08-08 16:03:17:383] <1749> ===============================================================
INFO	[2019-08-08 16:03:28:522] <1749> START INIPHP chkfake (V5036-141209)(OS:Linux2.6.18-274.3.1.el5,PHP:5.2.9)
DEBUG	[2019-08-08 16:03:28:522] <1749> inipayhome:/home/ilearning3/www/inipay
DEBUG	[2019-08-08 16:03:28:522] <1749> type:chkfake
DEBUG	[2019-08-08 16:03:28:522] <1749> debug:true
DEBUG	[2019-08-08 16:03:28:522] <1749> enctype:asym
DEBUG	[2019-08-08 16:03:28:522] <1749> admin:1111
DEBUG	[2019-08-08 16:03:28:522] <1749> checkopt:false
DEBUG	[2019-08-08 16:03:28:522] <1749> mid:obmms20151
DEBUG	[2019-08-08 16:03:28:522] <1749> price:550000
DEBUG	[2019-08-08 16:03:28:522] <1749> nointerest:no
DEBUG	[2019-08-08 16:03:28:522] <1749> quotabase:선택:일시불:2개월:3개월:6개월:12개월
INFO	[2019-08-08 16:03:28:522] <1749> Check Field OK
INFO	[2019-08-08 16:03:28:522] <1749> MERCHANT PRIV KEY LOAD OK
INFO	[2019-08-08 16:03:28:522] <1749> MERCHANT PUB KEY LOAD OK []
INFO	[2019-08-08 16:03:28:525] <1749> CHKFAKE KEY MAKE OK:MjAxOTA4MDgxNjAzMjg1MjM5MzAxMg==

INFO	[2019-08-08 16:03:28:525] <1749> END chkfake  Laptime:[0.01sec]
INFO	[2019-08-08 16:03:28:525] <1749> ===============================================================
