INFO	[2018-06-25 18:47:21:119] <105671> START INIPHP chkfake (V5036-141209)(OS:Linux2.6.32-696.18.7.el6.x86_64,PHP:5.5.17p1)
DEBUG	[2018-06-25 18:47:21:120] <105671> inipayhome:/home/hosting_users/ilearning3/www/inipay
DEBUG	[2018-06-25 18:47:21:120] <105671> type:chkfake
DEBUG	[2018-06-25 18:47:21:120] <105671> debug:true
DEBUG	[2018-06-25 18:47:21:120] <105671> enctype:asym
DEBUG	[2018-06-25 18:47:21:120] <105671> admin:1111
DEBUG	[2018-06-25 18:47:21:120] <105671> checkopt:false
DEBUG	[2018-06-25 18:47:21:120] <105671> mid:obmms20151
DEBUG	[2018-06-25 18:47:21:120] <105671> price:550000
DEBUG	[2018-06-25 18:47:21:120] <105671> nointerest:no
DEBUG	[2018-06-25 18:47:21:120] <105671> quotabase:선택:일시불:2개월:3개월:6개월
INFO	[2018-06-25 18:47:21:120] <105671> Check Field OK
INFO	[2018-06-25 18:47:21:153] <105671> MERCHANT PRIV KEY LOAD OK
INFO	[2018-06-25 18:47:21:180] <105671> MERCHANT PUB KEY LOAD OK []
INFO	[2018-06-25 18:47:21:181] <105671> CHKFAKE KEY MAKE OK:MjAxODA2MjUxODQ3MjExODA1MzExOA==

INFO	[2018-06-25 18:47:21:181] <105671> END chkfake  Laptime:[0.062sec]
INFO	[2018-06-25 18:47:21:181] <105671> ===============================================================
INFO	[2018-06-25 18:48:28:738] <116183> START INIPHP chkfake (V5036-141209)(OS:Linux2.6.32-696.18.7.el6.x86_64,PHP:5.5.17p1)
DEBUG	[2018-06-25 18:48:28:738] <116183> inipayhome:/home/hosting_users/ilearning3/www/inipay
DEBUG	[2018-06-25 18:48:28:738] <116183> type:chkfake
DEBUG	[2018-06-25 18:48:28:738] <116183> debug:true
DEBUG	[2018-06-25 18:48:28:738] <116183> enctype:asym
DEBUG	[2018-06-25 18:48:28:738] <116183> admin:1111
DEBUG	[2018-06-25 18:48:28:738] <116183> checkopt:false
DEBUG	[2018-06-25 18:48:28:738] <116183> mid:obmms20151
DEBUG	[2018-06-25 18:48:28:738] <116183> price:550000
DEBUG	[2018-06-25 18:48:28:738] <116183> nointerest:no
DEBUG	[2018-06-25 18:48:28:738] <116183> quotabase:선택:일시불:2개월:3개월:6개월
INFO	[2018-06-25 18:48:28:738] <116183> Check Field OK
INFO	[2018-06-25 18:48:28:738] <116183> MERCHANT PRIV KEY LOAD OK
INFO	[2018-06-25 18:48:28:738] <116183> MERCHANT PUB KEY LOAD OK []
INFO	[2018-06-25 18:48:28:739] <116183> CHKFAKE KEY MAKE OK:MjAxODA2MjUxODQ4Mjg3Mzg2MTQ3Mg==

INFO	[2018-06-25 18:48:28:739] <116183> END chkfake  Laptime:[0.001sec]
INFO	[2018-06-25 18:48:28:739] <116183> ===============================================================
INFO	[2018-06-25 18:51:08:56] <104147> START INIPHP chkfake (V5036-141209)(OS:Linux2.6.32-696.18.7.el6.x86_64,PHP:5.5.17p1)
DEBUG	[2018-06-25 18:51:08:57] <104147> inipayhome:/home/hosting_users/ilearning3/www/inipay
DEBUG	[2018-06-25 18:51:08:57] <104147> type:chkfake
DEBUG	[2018-06-25 18:51:08:57] <104147> debug:true
DEBUG	[2018-06-25 18:51:08:57] <104147> enctype:asym
DEBUG	[2018-06-25 18:51:08:57] <104147> admin:1111
DEBUG	[2018-06-25 18:51:08:57] <104147> checkopt:false
DEBUG	[2018-06-25 18:51:08:57] <104147> mid:obmms20151
DEBUG	[2018-06-25 18:51:08:57] <104147> price:550000
DEBUG	[2018-06-25 18:51:08:57] <104147> nointerest:no
DEBUG	[2018-06-25 18:51:08:57] <104147> quotabase:선택:일시불:2개월:3개월:6개월
INFO	[2018-06-25 18:51:08:57] <104147> Check Field OK
INFO	[2018-06-25 18:51:08:57] <104147> MERCHANT PRIV KEY LOAD OK
INFO	[2018-06-25 18:51:08:57] <104147> MERCHANT PUB KEY LOAD OK []
INFO	[2018-06-25 18:51:08:57] <104147> CHKFAKE KEY MAKE OK:MjAxODA2MjUxODUxMDgwNTczMjA3MQ==

INFO	[2018-06-25 18:51:08:57] <104147> END chkfake  Laptime:[0.001sec]
INFO	[2018-06-25 18:51:08:57] <104147> ===============================================================
INFO	[2018-06-25 18:52:01:465] <104722> START INIPHP chkfake (V5036-141209)(OS:Linux2.6.32-696.18.7.el6.x86_64,PHP:5.5.17p1)
DEBUG	[2018-06-25 18:52:01:465] <104722> inipayhome:/home/hosting_users/ilearning3/www/inipay
DEBUG	[2018-06-25 18:52:01:465] <104722> type:chkfake
DEBUG	[2018-06-25 18:52:01:465] <104722> debug:true
DEBUG	[2018-06-25 18:52:01:465] <104722> enctype:asym
DEBUG	[2018-06-25 18:52:01:465] <104722> admin:1111
DEBUG	[2018-06-25 18:52:01:465] <104722> checkopt:false
DEBUG	[2018-06-25 18:52:01:465] <104722> mid:obmms20151
DEBUG	[2018-06-25 18:52:01:465] <104722> price:550000
DEBUG	[2018-06-25 18:52:01:465] <104722> nointerest:no
DEBUG	[2018-06-25 18:52:01:465] <104722> quotabase:선택:일시불:2개월:3개월:6개월
INFO	[2018-06-25 18:52:01:465] <104722> Check Field OK
INFO	[2018-06-25 18:52:01:465] <104722> MERCHANT PRIV KEY LOAD OK
INFO	[2018-06-25 18:52:01:466] <104722> MERCHANT PUB KEY LOAD OK []
INFO	[2018-06-25 18:52:01:466] <104722> CHKFAKE KEY MAKE OK:MjAxODA2MjUxODUyMDE0NjY2MDE3OQ==

INFO	[2018-06-25 18:52:01:466] <104722> END chkfake  Laptime:[0.001sec]
INFO	[2018-06-25 18:52:01:466] <104722> ===============================================================
