INFO	[2019-06-20 11:30:36:75] <13672> START INIPHP chkfake (V5036-141209)(OS:Linux2.6.18-274.3.1.el5,PHP:5.2.9)
DEBUG	[2019-06-20 11:30:36:75] <13672> inipayhome:/home/ilearning3/www/inipay
DEBUG	[2019-06-20 11:30:36:75] <13672> type:chkfake
DEBUG	[2019-06-20 11:30:36:75] <13672> debug:true
DEBUG	[2019-06-20 11:30:36:75] <13672> enctype:asym
DEBUG	[2019-06-20 11:30:36:75] <13672> admin:1111
DEBUG	[2019-06-20 11:30:36:75] <13672> checkopt:false
DEBUG	[2019-06-20 11:30:36:75] <13672> mid:obmms20151
DEBUG	[2019-06-20 11:30:36:75] <13672> price:55000
DEBUG	[2019-06-20 11:30:36:75] <13672> nointerest:no
DEBUG	[2019-06-20 11:30:36:75] <13672> quotabase:일시불
INFO	[2019-06-20 11:30:36:75] <13672> Check Field OK
INFO	[2019-06-20 11:30:36:76] <13672> MERCHANT PRIV KEY LOAD OK
INFO	[2019-06-20 11:30:36:76] <13672> MERCHANT PUB KEY LOAD OK []
INFO	[2019-06-20 11:30:36:78] <13672> CHKFAKE KEY MAKE OK:MjAxOTA2MjAxMTMwMzYwNzYyMzQ3OA==

INFO	[2019-06-20 11:30:36:78] <13672> END chkfake  Laptime:[0sec]
INFO	[2019-06-20 11:30:36:78] <13672> ===============================================================
INFO	[2019-06-20 14:19:32:887] <13693> START INIPHP chkfake (V5036-141209)(OS:Linux2.6.18-274.3.1.el5,PHP:5.2.9)
DEBUG	[2019-06-20 14:19:32:888] <13693> inipayhome:/home/ilearning3/www/inipay
DEBUG	[2019-06-20 14:19:32:888] <13693> type:chkfake
DEBUG	[2019-06-20 14:19:32:888] <13693> debug:true
DEBUG	[2019-06-20 14:19:32:888] <13693> enctype:asym
DEBUG	[2019-06-20 14:19:32:888] <13693> admin:1111
DEBUG	[2019-06-20 14:19:32:888] <13693> checkopt:false
DEBUG	[2019-06-20 14:19:32:888] <13693> mid:obmms20151
DEBUG	[2019-06-20 14:19:32:888] <13693> price:18700
DEBUG	[2019-06-20 14:19:32:888] <13693> nointerest:no
DEBUG	[2019-06-20 14:19:32:888] <13693> quotabase:일시불
INFO	[2019-06-20 14:19:32:888] <13693> Check Field OK
INFO	[2019-06-20 14:19:32:888] <13693> MERCHANT PRIV KEY LOAD OK
INFO	[2019-06-20 14:19:32:888] <13693> MERCHANT PUB KEY LOAD OK []
INFO	[2019-06-20 14:19:32:891] <13693> CHKFAKE KEY MAKE OK:MjAxOTA2MjAxNDE5MzI4ODk5MTQwNw==

INFO	[2019-06-20 14:19:32:891] <13693> END chkfake  Laptime:[0sec]
INFO	[2019-06-20 14:19:32:891] <13693> ===============================================================
