INFO	[2018-06-28 09:58:39:554] <18338> START INIPHP chkfake (V5036-141209)(OS:Linux2.6.32-696.18.7.el6.x86_64,PHP:5.5.17p1)
DEBUG	[2018-06-28 09:58:39:554] <18338> inipayhome:/home/hosting_users/ilearning3/www/inipay
DEBUG	[2018-06-28 09:58:39:554] <18338> type:chkfake
DEBUG	[2018-06-28 09:58:39:554] <18338> debug:true
DEBUG	[2018-06-28 09:58:39:554] <18338> enctype:asym
DEBUG	[2018-06-28 09:58:39:554] <18338> admin:1111
DEBUG	[2018-06-28 09:58:39:554] <18338> checkopt:false
DEBUG	[2018-06-28 09:58:39:554] <18338> mid:obmms20151
DEBUG	[2018-06-28 09:58:39:554] <18338> price:11000
DEBUG	[2018-06-28 09:58:39:554] <18338> nointerest:no
DEBUG	[2018-06-28 09:58:39:554] <18338> quotabase:일시불
INFO	[2018-06-28 09:58:39:554] <18338> Check Field OK
INFO	[2018-06-28 09:58:39:633] <18338> MERCHANT PRIV KEY LOAD OK
INFO	[2018-06-28 09:58:39:635] <18338> MERCHANT PUB KEY LOAD OK []
INFO	[2018-06-28 09:58:39:637] <18338> CHKFAKE KEY MAKE OK:MjAxODA2MjgwOTU4Mzk2MzYxMjkzNQ==

INFO	[2018-06-28 09:58:39:637] <18338> END chkfake  Laptime:[0.084sec]
INFO	[2018-06-28 09:58:39:637] <18338> ===============================================================
INFO	[2018-06-28 09:58:48:720] <18190> START INIPHP chkfake (V5036-141209)(OS:Linux2.6.32-696.18.7.el6.x86_64,PHP:5.5.17p1)
DEBUG	[2018-06-28 09:58:48:720] <18190> inipayhome:/home/hosting_users/ilearning3/www/inipay
DEBUG	[2018-06-28 09:58:48:720] <18190> type:chkfake
DEBUG	[2018-06-28 09:58:48:720] <18190> debug:true
DEBUG	[2018-06-28 09:58:48:720] <18190> enctype:asym
DEBUG	[2018-06-28 09:58:48:720] <18190> admin:1111
DEBUG	[2018-06-28 09:58:48:720] <18190> checkopt:false
DEBUG	[2018-06-28 09:58:48:720] <18190> mid:obmms20151
DEBUG	[2018-06-28 09:58:48:720] <18190> price:11000
DEBUG	[2018-06-28 09:58:48:720] <18190> nointerest:no
DEBUG	[2018-06-28 09:58:48:720] <18190> quotabase:일시불
INFO	[2018-06-28 09:58:48:720] <18190> Check Field OK
INFO	[2018-06-28 09:58:48:720] <18190> MERCHANT PRIV KEY LOAD OK
INFO	[2018-06-28 09:58:48:720] <18190> MERCHANT PUB KEY LOAD OK []
INFO	[2018-06-28 09:58:48:721] <18190> CHKFAKE KEY MAKE OK:MjAxODA2MjgwOTU4NDg3MjA3NzY0Nw==

INFO	[2018-06-28 09:58:48:721] <18190> END chkfake  Laptime:[0.001sec]
INFO	[2018-06-28 09:58:48:721] <18190> ===============================================================
INFO	[2018-06-28 09:58:57:802] <17916> START INIPHP chkfake (V5036-141209)(OS:Linux2.6.32-696.18.7.el6.x86_64,PHP:5.5.17p1)
DEBUG	[2018-06-28 09:58:57:802] <17916> inipayhome:/home/hosting_users/ilearning3/www/inipay
DEBUG	[2018-06-28 09:58:57:802] <17916> type:chkfake
DEBUG	[2018-06-28 09:58:57:802] <17916> debug:true
DEBUG	[2018-06-28 09:58:57:802] <17916> enctype:asym
DEBUG	[2018-06-28 09:58:57:802] <17916> admin:1111
DEBUG	[2018-06-28 09:58:57:802] <17916> checkopt:false
DEBUG	[2018-06-28 09:58:57:802] <17916> mid:obmms20151
DEBUG	[2018-06-28 09:58:57:802] <17916> price:11000
DEBUG	[2018-06-28 09:58:57:802] <17916> nointerest:no
DEBUG	[2018-06-28 09:58:57:802] <17916> quotabase:일시불
INFO	[2018-06-28 09:58:57:802] <17916> Check Field OK
INFO	[2018-06-28 09:58:57:802] <17916> MERCHANT PRIV KEY LOAD OK
INFO	[2018-06-28 09:58:57:803] <17916> MERCHANT PUB KEY LOAD OK []
INFO	[2018-06-28 09:58:57:803] <17916> CHKFAKE KEY MAKE OK:MjAxODA2MjgwOTU4NTc4MDM5NzI4Mw==

INFO	[2018-06-28 09:58:57:803] <17916> END chkfake  Laptime:[0.001sec]
INFO	[2018-06-28 09:58:57:803] <17916> ===============================================================
INFO	[2018-06-28 09:59:05:782] <17898> START INIPHP chkfake (V5036-141209)(OS:Linux2.6.32-696.18.7.el6.x86_64,PHP:5.5.17p1)
DEBUG	[2018-06-28 09:59:05:782] <17898> inipayhome:/home/hosting_users/ilearning3/www/inipay
DEBUG	[2018-06-28 09:59:05:782] <17898> type:chkfake
DEBUG	[2018-06-28 09:59:05:782] <17898> debug:true
DEBUG	[2018-06-28 09:59:05:782] <17898> enctype:asym
DEBUG	[2018-06-28 09:59:05:782] <17898> admin:1111
DEBUG	[2018-06-28 09:59:05:782] <17898> checkopt:false
DEBUG	[2018-06-28 09:59:05:782] <17898> mid:obmms20151
DEBUG	[2018-06-28 09:59:05:782] <17898> price:11000
DEBUG	[2018-06-28 09:59:05:782] <17898> nointerest:no
DEBUG	[2018-06-28 09:59:05:782] <17898> quotabase:일시불
INFO	[2018-06-28 09:59:05:782] <17898> Check Field OK
INFO	[2018-06-28 09:59:05:782] <17898> MERCHANT PRIV KEY LOAD OK
INFO	[2018-06-28 09:59:05:783] <17898> MERCHANT PUB KEY LOAD OK []
INFO	[2018-06-28 09:59:05:783] <17898> CHKFAKE KEY MAKE OK:MjAxODA2MjgwOTU5MDU3ODMzNDcwMw==

INFO	[2018-06-28 09:59:05:783] <17898> END chkfake  Laptime:[0.001sec]
INFO	[2018-06-28 09:59:05:783] <17898> ===============================================================
INFO	[2018-06-28 12:04:05:311] <130169> START INIPHP chkfake (V5036-141209)(OS:Linux2.6.32-696.18.7.el6.x86_64,PHP:5.5.17p1)
DEBUG	[2018-06-28 12:04:05:311] <130169> inipayhome:/home/hosting_users/ilearning3/www/inipay
DEBUG	[2018-06-28 12:04:05:311] <130169> type:chkfake
DEBUG	[2018-06-28 12:04:05:311] <130169> debug:true
DEBUG	[2018-06-28 12:04:05:311] <130169> enctype:asym
DEBUG	[2018-06-28 12:04:05:311] <130169> admin:1111
DEBUG	[2018-06-28 12:04:05:311] <130169> checkopt:false
DEBUG	[2018-06-28 12:04:05:311] <130169> mid:obmms20151
DEBUG	[2018-06-28 12:04:05:311] <130169> price:11000
DEBUG	[2018-06-28 12:04:05:311] <130169> nointerest:no
DEBUG	[2018-06-28 12:04:05:311] <130169> quotabase:일시불
INFO	[2018-06-28 12:04:05:311] <130169> Check Field OK
INFO	[2018-06-28 12:04:05:311] <130169> MERCHANT PRIV KEY LOAD OK
INFO	[2018-06-28 12:04:05:311] <130169> MERCHANT PUB KEY LOAD OK []
INFO	[2018-06-28 12:04:05:312] <130169> CHKFAKE KEY MAKE OK:MjAxODA2MjgxMjA0MDUzMTI0MDgyMg==

INFO	[2018-06-28 12:04:05:312] <130169> END chkfake  Laptime:[0.001sec]
INFO	[2018-06-28 12:04:05:312] <130169> ===============================================================
INFO	[2018-06-28 12:04:25:907] <129023> START INIPHP chkfake (V5036-141209)(OS:Linux2.6.32-696.18.7.el6.x86_64,PHP:5.5.17p1)
DEBUG	[2018-06-28 12:04:25:907] <129023> inipayhome:/home/hosting_users/ilearning3/www/inipay
DEBUG	[2018-06-28 12:04:25:907] <129023> type:chkfake
DEBUG	[2018-06-28 12:04:25:907] <129023> debug:true
DEBUG	[2018-06-28 12:04:25:907] <129023> enctype:asym
DEBUG	[2018-06-28 12:04:25:907] <129023> admin:1111
DEBUG	[2018-06-28 12:04:25:907] <129023> checkopt:false
DEBUG	[2018-06-28 12:04:25:907] <129023> mid:obmms20151
DEBUG	[2018-06-28 12:04:25:907] <129023> price:11000
DEBUG	[2018-06-28 12:04:25:907] <129023> nointerest:no
DEBUG	[2018-06-28 12:04:25:907] <129023> quotabase:일시불
INFO	[2018-06-28 12:04:25:907] <129023> Check Field OK
INFO	[2018-06-28 12:04:25:907] <129023> MERCHANT PRIV KEY LOAD OK
INFO	[2018-06-28 12:04:25:907] <129023> MERCHANT PUB KEY LOAD OK []
INFO	[2018-06-28 12:04:25:908] <129023> CHKFAKE KEY MAKE OK:MjAxODA2MjgxMjA0MjU5MDcxODkzNA==

INFO	[2018-06-28 12:04:25:908] <129023> END chkfake  Laptime:[0.001sec]
INFO	[2018-06-28 12:04:25:908] <129023> ===============================================================
INFO	[2018-06-28 12:04:51:561] <130473> START INIPHP chkfake (V5036-141209)(OS:Linux2.6.32-696.18.7.el6.x86_64,PHP:5.5.17p1)
DEBUG	[2018-06-28 12:04:51:561] <130473> inipayhome:/home/hosting_users/ilearning3/www/inipay
DEBUG	[2018-06-28 12:04:51:561] <130473> type:chkfake
DEBUG	[2018-06-28 12:04:51:561] <130473> debug:true
DEBUG	[2018-06-28 12:04:51:561] <130473> enctype:asym
DEBUG	[2018-06-28 12:04:51:561] <130473> admin:1111
DEBUG	[2018-06-28 12:04:51:561] <130473> checkopt:false
DEBUG	[2018-06-28 12:04:51:561] <130473> mid:obmms20151
DEBUG	[2018-06-28 12:04:51:561] <130473> price:11000
DEBUG	[2018-06-28 12:04:51:561] <130473> nointerest:no
DEBUG	[2018-06-28 12:04:51:561] <130473> quotabase:일시불
INFO	[2018-06-28 12:04:51:561] <130473> Check Field OK
INFO	[2018-06-28 12:04:51:561] <130473> MERCHANT PRIV KEY LOAD OK
INFO	[2018-06-28 12:04:51:561] <130473> MERCHANT PUB KEY LOAD OK []
INFO	[2018-06-28 12:04:51:562] <130473> CHKFAKE KEY MAKE OK:MjAxODA2MjgxMjA0NTE1NjE0MDkwMw==

INFO	[2018-06-28 12:04:51:562] <130473> END chkfake  Laptime:[0.001sec]
INFO	[2018-06-28 12:04:51:562] <130473> ===============================================================
INFO	[2018-06-28 23:25:28:272] <146365> START INIPHP chkfake (V5036-141209)(OS:Linux2.6.32-696.18.7.el6.x86_64,PHP:5.5.17p1)
DEBUG	[2018-06-28 23:25:28:272] <146365> inipayhome:/home/hosting_users/ilearning3/www/inipay
DEBUG	[2018-06-28 23:25:28:272] <146365> type:chkfake
DEBUG	[2018-06-28 23:25:28:272] <146365> debug:true
DEBUG	[2018-06-28 23:25:28:272] <146365> enctype:asym
DEBUG	[2018-06-28 23:25:28:272] <146365> admin:1111
DEBUG	[2018-06-28 23:25:28:272] <146365> checkopt:false
DEBUG	[2018-06-28 23:25:28:272] <146365> mid:obmms20151
DEBUG	[2018-06-28 23:25:28:272] <146365> price:11000
DEBUG	[2018-06-28 23:25:28:272] <146365> nointerest:no
DEBUG	[2018-06-28 23:25:28:272] <146365> quotabase:일시불
INFO	[2018-06-28 23:25:28:272] <146365> Check Field OK
INFO	[2018-06-28 23:25:28:272] <146365> MERCHANT PRIV KEY LOAD OK
INFO	[2018-06-28 23:25:28:272] <146365> MERCHANT PUB KEY LOAD OK []
INFO	[2018-06-28 23:25:28:272] <146365> CHKFAKE KEY MAKE OK:MjAxODA2MjgyMzI1MjgyNzI2NTQxMA==

INFO	[2018-06-28 23:25:28:272] <146365> END chkfake  Laptime:[0.001sec]
INFO	[2018-06-28 23:25:28:273] <146365> ===============================================================
