INFO	[2019-06-26 14:16:35:634] <30890> START INIPHP chkfake (V5036-141209)(OS:Linux2.6.18-274.3.1.el5,PHP:5.2.9)
DEBUG	[2019-06-26 14:16:35:634] <30890> inipayhome:/home/ilearning3/www/inipay
DEBUG	[2019-06-26 14:16:35:634] <30890> type:chkfake
DEBUG	[2019-06-26 14:16:35:634] <30890> debug:true
DEBUG	[2019-06-26 14:16:35:634] <30890> enctype:asym
DEBUG	[2019-06-26 14:16:35:634] <30890> admin:1111
DEBUG	[2019-06-26 14:16:35:634] <30890> checkopt:false
DEBUG	[2019-06-26 14:16:35:634] <30890> mid:obmms20151
DEBUG	[2019-06-26 14:16:35:634] <30890> price:11000
DEBUG	[2019-06-26 14:16:35:634] <30890> nointerest:no
DEBUG	[2019-06-26 14:16:35:634] <30890> quotabase:선택:일시불:2개월:3개월:6개월
INFO	[2019-06-26 14:16:35:634] <30890> Check Field OK
INFO	[2019-06-26 14:16:35:635] <30890> MERCHANT PRIV KEY LOAD OK
INFO	[2019-06-26 14:16:35:635] <30890> MERCHANT PUB KEY LOAD OK []
INFO	[2019-06-26 14:16:35:638] <30890> CHKFAKE KEY MAKE OK:MjAxOTA2MjYxNDE2MzU2MzU3NzA4NQ==

INFO	[2019-06-26 14:16:35:638] <30890> END chkfake  Laptime:[0.01sec]
INFO	[2019-06-26 14:16:35:638] <30890> ===============================================================
INFO	[2019-06-26 14:16:43:267] <30890> START INIPHP chkfake (V5036-141209)(OS:Linux2.6.18-274.3.1.el5,PHP:5.2.9)
DEBUG	[2019-06-26 14:16:43:267] <30890> inipayhome:/home/ilearning3/www/inipay
DEBUG	[2019-06-26 14:16:43:267] <30890> type:chkfake
DEBUG	[2019-06-26 14:16:43:267] <30890> debug:true
DEBUG	[2019-06-26 14:16:43:267] <30890> enctype:asym
DEBUG	[2019-06-26 14:16:43:267] <30890> admin:1111
DEBUG	[2019-06-26 14:16:43:267] <30890> checkopt:false
DEBUG	[2019-06-26 14:16:43:267] <30890> mid:obmms20151
DEBUG	[2019-06-26 14:16:43:267] <30890> price:11000
DEBUG	[2019-06-26 14:16:43:267] <30890> nointerest:no
DEBUG	[2019-06-26 14:16:43:267] <30890> quotabase:선택:일시불:2개월:3개월:6개월
INFO	[2019-06-26 14:16:43:267] <30890> Check Field OK
INFO	[2019-06-26 14:16:43:268] <30890> MERCHANT PRIV KEY LOAD OK
INFO	[2019-06-26 14:16:43:268] <30890> MERCHANT PUB KEY LOAD OK []
INFO	[2019-06-26 14:16:43:271] <30890> CHKFAKE KEY MAKE OK:MjAxOTA2MjYxNDE2NDMyNjg5NzU0Mw==

INFO	[2019-06-26 14:16:43:271] <30890> END chkfake  Laptime:[0sec]
INFO	[2019-06-26 14:16:43:271] <30890> ===============================================================
INFO	[2019-06-26 14:41:33:870] <20808> START INIPHP chkfake (V5036-141209)(OS:Linux2.6.18-274.3.1.el5,PHP:5.2.9)
DEBUG	[2019-06-26 14:41:33:870] <20808> inipayhome:/home/ilearning3/www/inipay
DEBUG	[2019-06-26 14:41:33:870] <20808> type:chkfake
DEBUG	[2019-06-26 14:41:33:870] <20808> debug:true
DEBUG	[2019-06-26 14:41:33:870] <20808> enctype:asym
DEBUG	[2019-06-26 14:41:33:870] <20808> admin:1111
DEBUG	[2019-06-26 14:41:33:870] <20808> checkopt:false
DEBUG	[2019-06-26 14:41:33:870] <20808> mid:obmms20151
DEBUG	[2019-06-26 14:41:33:870] <20808> price:11000
DEBUG	[2019-06-26 14:41:33:870] <20808> nointerest:no
DEBUG	[2019-06-26 14:41:33:870] <20808> quotabase:선택:일시불:2개월:3개월:6개월
INFO	[2019-06-26 14:41:33:871] <20808> Check Field OK
INFO	[2019-06-26 14:41:33:871] <20808> MERCHANT PRIV KEY LOAD OK
INFO	[2019-06-26 14:41:33:871] <20808> MERCHANT PUB KEY LOAD OK []
INFO	[2019-06-26 14:41:33:874] <20808> CHKFAKE KEY MAKE OK:MjAxOTA2MjYxNDQxMzM4NzI0MjIwNQ==

INFO	[2019-06-26 14:41:33:874] <20808> END chkfake  Laptime:[0sec]
INFO	[2019-06-26 14:41:33:874] <20808> ===============================================================
INFO	[2019-06-26 14:41:49:581] <20808> START INIPHP chkfake (V5036-141209)(OS:Linux2.6.18-274.3.1.el5,PHP:5.2.9)
DEBUG	[2019-06-26 14:41:49:581] <20808> inipayhome:/home/ilearning3/www/inipay
DEBUG	[2019-06-26 14:41:49:581] <20808> type:chkfake
DEBUG	[2019-06-26 14:41:49:581] <20808> debug:true
DEBUG	[2019-06-26 14:41:49:581] <20808> enctype:asym
DEBUG	[2019-06-26 14:41:49:581] <20808> admin:1111
DEBUG	[2019-06-26 14:41:49:581] <20808> checkopt:false
DEBUG	[2019-06-26 14:41:49:581] <20808> mid:obmms20151
DEBUG	[2019-06-26 14:41:49:581] <20808> price:550000
DEBUG	[2019-06-26 14:41:49:581] <20808> nointerest:no
DEBUG	[2019-06-26 14:41:49:581] <20808> quotabase:선택:일시불:2개월:3개월:6개월
INFO	[2019-06-26 14:41:49:581] <20808> Check Field OK
INFO	[2019-06-26 14:41:49:581] <20808> MERCHANT PRIV KEY LOAD OK
INFO	[2019-06-26 14:41:49:581] <20808> MERCHANT PUB KEY LOAD OK []
INFO	[2019-06-26 14:41:49:583] <20808> CHKFAKE KEY MAKE OK:MjAxOTA2MjYxNDQxNDk1ODE3MDk2Nw==

INFO	[2019-06-26 14:41:49:583] <20808> END chkfake  Laptime:[0sec]
INFO	[2019-06-26 14:41:49:583] <20808> ===============================================================
INFO	[2019-06-26 14:42:20:629] <3612> START INIPHP chkfake (V5036-141209)(OS:Linux2.6.18-274.3.1.el5,PHP:5.2.9)
DEBUG	[2019-06-26 14:42:20:629] <3612> inipayhome:/home/ilearning3/www/inipay
DEBUG	[2019-06-26 14:42:20:629] <3612> type:chkfake
DEBUG	[2019-06-26 14:42:20:629] <3612> debug:true
DEBUG	[2019-06-26 14:42:20:629] <3612> enctype:asym
DEBUG	[2019-06-26 14:42:20:629] <3612> admin:1111
DEBUG	[2019-06-26 14:42:20:629] <3612> checkopt:false
DEBUG	[2019-06-26 14:42:20:629] <3612> mid:obmms20151
DEBUG	[2019-06-26 14:42:20:629] <3612> price:550000
DEBUG	[2019-06-26 14:42:20:629] <3612> nointerest:no
DEBUG	[2019-06-26 14:42:20:629] <3612> quotabase:선택:일시불:2개월:3개월:6개월:12개월
INFO	[2019-06-26 14:42:20:630] <3612> Check Field OK
INFO	[2019-06-26 14:42:20:630] <3612> MERCHANT PRIV KEY LOAD OK
INFO	[2019-06-26 14:42:20:630] <3612> MERCHANT PUB KEY LOAD OK []
INFO	[2019-06-26 14:42:20:633] <3612> CHKFAKE KEY MAKE OK:MjAxOTA2MjYxNDQyMjA2MzE3MzQwOA==

INFO	[2019-06-26 14:42:20:633] <3612> END chkfake  Laptime:[0sec]
INFO	[2019-06-26 14:42:20:633] <3612> ===============================================================
INFO	[2019-06-26 14:53:18:613] <23509> START INIPHP chkfake (V5036-141209)(OS:Linux2.6.18-274.3.1.el5,PHP:5.2.9)
DEBUG	[2019-06-26 14:53:18:613] <23509> inipayhome:/home/ilearning3/www/inipay
DEBUG	[2019-06-26 14:53:18:613] <23509> type:chkfake
DEBUG	[2019-06-26 14:53:18:613] <23509> debug:true
DEBUG	[2019-06-26 14:53:18:613] <23509> enctype:asym
DEBUG	[2019-06-26 14:53:18:613] <23509> admin:1111
DEBUG	[2019-06-26 14:53:18:613] <23509> checkopt:false
DEBUG	[2019-06-26 14:53:18:613] <23509> mid:obmms20151
DEBUG	[2019-06-26 14:53:18:613] <23509> price:550000
DEBUG	[2019-06-26 14:53:18:613] <23509> nointerest:no
DEBUG	[2019-06-26 14:53:18:613] <23509> quotabase:선택:일시불:2개월:3개월:6개월:12개월
INFO	[2019-06-26 14:53:18:613] <23509> Check Field OK
INFO	[2019-06-26 14:53:18:613] <23509> MERCHANT PRIV KEY LOAD OK
INFO	[2019-06-26 14:53:18:614] <23509> MERCHANT PUB KEY LOAD OK []
INFO	[2019-06-26 14:53:18:616] <23509> CHKFAKE KEY MAKE OK:MjAxOTA2MjYxNDUzMTg2MTQ2MTE4MQ==

INFO	[2019-06-26 14:53:18:616] <23509> END chkfake  Laptime:[0.01sec]
INFO	[2019-06-26 14:53:18:616] <23509> ===============================================================
INFO	[2019-06-26 14:54:20:792] <20822> START INIPHP chkfake (V5036-141209)(OS:Linux2.6.18-274.3.1.el5,PHP:5.2.9)
DEBUG	[2019-06-26 14:54:20:792] <20822> inipayhome:/home/ilearning3/www/inipay
DEBUG	[2019-06-26 14:54:20:792] <20822> type:chkfake
DEBUG	[2019-06-26 14:54:20:792] <20822> debug:true
DEBUG	[2019-06-26 14:54:20:792] <20822> enctype:asym
DEBUG	[2019-06-26 14:54:20:792] <20822> admin:1111
DEBUG	[2019-06-26 14:54:20:792] <20822> checkopt:false
DEBUG	[2019-06-26 14:54:20:792] <20822> mid:obmms20151
DEBUG	[2019-06-26 14:54:20:792] <20822> price:550000
DEBUG	[2019-06-26 14:54:20:792] <20822> nointerest:no
DEBUG	[2019-06-26 14:54:20:792] <20822> quotabase:선택:일시불:2개월:3개월:6개월:12개월
INFO	[2019-06-26 14:54:20:792] <20822> Check Field OK
INFO	[2019-06-26 14:54:20:793] <20822> MERCHANT PRIV KEY LOAD OK
INFO	[2019-06-26 14:54:20:793] <20822> MERCHANT PUB KEY LOAD OK []
INFO	[2019-06-26 14:54:20:796] <20822> CHKFAKE KEY MAKE OK:MjAxOTA2MjYxNDU0MjA3OTM4MDk2MQ==

INFO	[2019-06-26 14:54:20:796] <20822> END chkfake  Laptime:[0.01sec]
INFO	[2019-06-26 14:54:20:796] <20822> ===============================================================
INFO	[2019-06-26 14:56:24:804] <3657> START INIPHP chkfake (V5036-141209)(OS:Linux2.6.18-274.3.1.el5,PHP:5.2.9)
DEBUG	[2019-06-26 14:56:24:804] <3657> inipayhome:/home/ilearning3/www/inipay
DEBUG	[2019-06-26 14:56:24:804] <3657> type:chkfake
DEBUG	[2019-06-26 14:56:24:804] <3657> debug:true
DEBUG	[2019-06-26 14:56:24:804] <3657> enctype:asym
DEBUG	[2019-06-26 14:56:24:804] <3657> admin:1111
DEBUG	[2019-06-26 14:56:24:804] <3657> checkopt:false
DEBUG	[2019-06-26 14:56:24:804] <3657> mid:obmms20151
DEBUG	[2019-06-26 14:56:24:804] <3657> price:11000
DEBUG	[2019-06-26 14:56:24:804] <3657> nointerest:no
DEBUG	[2019-06-26 14:56:24:804] <3657> quotabase:선택:일시불:2개월:3개월:6개월:12개월
INFO	[2019-06-26 14:56:24:804] <3657> Check Field OK
INFO	[2019-06-26 14:56:24:804] <3657> MERCHANT PRIV KEY LOAD OK
INFO	[2019-06-26 14:56:24:804] <3657> MERCHANT PUB KEY LOAD OK []
INFO	[2019-06-26 14:56:24:806] <3657> CHKFAKE KEY MAKE OK:MjAxOTA2MjYxNDU2MjQ4MDQxMTAyNQ==

INFO	[2019-06-26 14:56:24:806] <3657> END chkfake  Laptime:[0.01sec]
INFO	[2019-06-26 14:56:24:806] <3657> ===============================================================
INFO	[2019-06-26 14:56:57:542] <20616> START INIPHP chkfake (V5036-141209)(OS:Linux2.6.18-274.3.1.el5,PHP:5.2.9)
DEBUG	[2019-06-26 14:56:57:542] <20616> inipayhome:/home/ilearning3/www/inipay
DEBUG	[2019-06-26 14:56:57:542] <20616> type:chkfake
DEBUG	[2019-06-26 14:56:57:542] <20616> debug:true
DEBUG	[2019-06-26 14:56:57:542] <20616> enctype:asym
DEBUG	[2019-06-26 14:56:57:542] <20616> admin:1111
DEBUG	[2019-06-26 14:56:57:542] <20616> checkopt:false
DEBUG	[2019-06-26 14:56:57:542] <20616> mid:obmms20151
DEBUG	[2019-06-26 14:56:57:542] <20616> price:550000
DEBUG	[2019-06-26 14:56:57:542] <20616> nointerest:no
DEBUG	[2019-06-26 14:56:57:542] <20616> quotabase:선택:일시불:2개월:3개월:6개월:12개월
INFO	[2019-06-26 14:56:57:542] <20616> Check Field OK
INFO	[2019-06-26 14:56:57:542] <20616> MERCHANT PRIV KEY LOAD OK
INFO	[2019-06-26 14:56:57:543] <20616> MERCHANT PUB KEY LOAD OK []
INFO	[2019-06-26 14:56:57:544] <20616> CHKFAKE KEY MAKE OK:MjAxOTA2MjYxNDU2NTc1NDMxOTg3Mg==

INFO	[2019-06-26 14:56:57:544] <20616> END chkfake  Laptime:[0sec]
INFO	[2019-06-26 14:56:57:544] <20616> ===============================================================
INFO	[2019-06-26 16:10:48:323] <20781> START INIPHP chkfake (V5036-141209)(OS:Linux2.6.18-274.3.1.el5,PHP:5.2.9)
DEBUG	[2019-06-26 16:10:48:323] <20781> inipayhome:/home/ilearning3/www/inipay
DEBUG	[2019-06-26 16:10:48:323] <20781> type:chkfake
DEBUG	[2019-06-26 16:10:48:323] <20781> debug:true
DEBUG	[2019-06-26 16:10:48:323] <20781> enctype:asym
DEBUG	[2019-06-26 16:10:48:323] <20781> admin:1111
DEBUG	[2019-06-26 16:10:48:323] <20781> checkopt:false
DEBUG	[2019-06-26 16:10:48:323] <20781> mid:obmms20151
DEBUG	[2019-06-26 16:10:48:323] <20781> price:550000
DEBUG	[2019-06-26 16:10:48:323] <20781> nointerest:no
DEBUG	[2019-06-26 16:10:48:323] <20781> quotabase:선택:일시불:2개월:3개월:6개월:12개월
INFO	[2019-06-26 16:10:48:323] <20781> Check Field OK
INFO	[2019-06-26 16:10:48:323] <20781> MERCHANT PRIV KEY LOAD OK
INFO	[2019-06-26 16:10:48:324] <20781> MERCHANT PUB KEY LOAD OK []
INFO	[2019-06-26 16:10:48:326] <20781> CHKFAKE KEY MAKE OK:MjAxOTA2MjYxNjEwNDgzMjQyOTg5Ng==

INFO	[2019-06-26 16:10:48:326] <20781> END chkfake  Laptime:[0.01sec]
INFO	[2019-06-26 16:10:48:326] <20781> ===============================================================
INFO	[2019-06-26 16:12:04:764] <3663> START INIPHP chkfake (V5036-141209)(OS:Linux2.6.18-274.3.1.el5,PHP:5.2.9)
DEBUG	[2019-06-26 16:12:04:764] <3663> inipayhome:/home/ilearning3/www/inipay
DEBUG	[2019-06-26 16:12:04:764] <3663> type:chkfake
DEBUG	[2019-06-26 16:12:04:764] <3663> debug:true
DEBUG	[2019-06-26 16:12:04:764] <3663> enctype:asym
DEBUG	[2019-06-26 16:12:04:764] <3663> admin:1111
DEBUG	[2019-06-26 16:12:04:764] <3663> checkopt:false
DEBUG	[2019-06-26 16:12:04:764] <3663> mid:obmms20151
DEBUG	[2019-06-26 16:12:04:764] <3663> price:550000
DEBUG	[2019-06-26 16:12:04:764] <3663> nointerest:no
DEBUG	[2019-06-26 16:12:04:764] <3663> quotabase:선택:일시불:2개월:3개월:6개월:12개월
INFO	[2019-06-26 16:12:04:764] <3663> Check Field OK
INFO	[2019-06-26 16:12:04:764] <3663> MERCHANT PRIV KEY LOAD OK
INFO	[2019-06-26 16:12:04:765] <3663> MERCHANT PUB KEY LOAD OK []
INFO	[2019-06-26 16:12:04:766] <3663> CHKFAKE KEY MAKE OK:MjAxOTA2MjYxNjEyMDQ3NjU1MTMwNQ==

INFO	[2019-06-26 16:12:04:766] <3663> END chkfake  Laptime:[0.01sec]
INFO	[2019-06-26 16:12:04:766] <3663> ===============================================================
