INFO	[2019-03-02 21:16:36:830] <41706> START INIPHP chkfake (V5036-141209)(OS:Linux3.10.0-862.11.6.el7.x86_64,PHP:5.5.17p1)
DEBUG	[2019-03-02 21:16:36:831] <41706> inipayhome:/home/hosting_users/ilearning3/www/inipay
DEBUG	[2019-03-02 21:16:36:831] <41706> type:chkfake
DEBUG	[2019-03-02 21:16:36:831] <41706> debug:true
DEBUG	[2019-03-02 21:16:36:831] <41706> enctype:asym
DEBUG	[2019-03-02 21:16:36:831] <41706> admin:1111
DEBUG	[2019-03-02 21:16:36:831] <41706> checkopt:false
DEBUG	[2019-03-02 21:16:36:831] <41706> mid:obmms20151
DEBUG	[2019-03-02 21:16:36:831] <41706> price:11000
DEBUG	[2019-03-02 21:16:36:831] <41706> nointerest:no
DEBUG	[2019-03-02 21:16:36:831] <41706> quotabase:일시불
INFO	[2019-03-02 21:16:36:831] <41706> Check Field OK
INFO	[2019-03-02 21:16:36:938] <41706> MERCHANT PRIV KEY LOAD OK
INFO	[2019-03-02 21:16:36:942] <41706> MERCHANT PUB KEY LOAD OK []
INFO	[2019-03-02 21:16:36:951] <41706> CHKFAKE KEY MAKE OK:MjAxOTAzMDIyMTE2MzY5NDI2Mjc2NQ==

INFO	[2019-03-02 21:16:36:951] <41706> END chkfake  Laptime:[0.121sec]
INFO	[2019-03-02 21:16:36:951] <41706> ===============================================================
INFO	[2019-03-02 21:16:46:923] <37409> START INIPHP chkfake (V5036-141209)(OS:Linux3.10.0-862.11.6.el7.x86_64,PHP:5.5.17p1)
DEBUG	[2019-03-02 21:16:46:923] <37409> inipayhome:/home/hosting_users/ilearning3/www/inipay
DEBUG	[2019-03-02 21:16:46:923] <37409> type:chkfake
DEBUG	[2019-03-02 21:16:46:923] <37409> debug:true
DEBUG	[2019-03-02 21:16:46:923] <37409> enctype:asym
DEBUG	[2019-03-02 21:16:46:923] <37409> admin:1111
DEBUG	[2019-03-02 21:16:46:923] <37409> checkopt:false
DEBUG	[2019-03-02 21:16:46:923] <37409> mid:obmms20151
DEBUG	[2019-03-02 21:16:46:923] <37409> price:11000
DEBUG	[2019-03-02 21:16:46:923] <37409> nointerest:no
DEBUG	[2019-03-02 21:16:46:923] <37409> quotabase:일시불
INFO	[2019-03-02 21:16:46:923] <37409> Check Field OK
INFO	[2019-03-02 21:16:46:924] <37409> MERCHANT PRIV KEY LOAD OK
INFO	[2019-03-02 21:16:46:924] <37409> MERCHANT PUB KEY LOAD OK []
INFO	[2019-03-02 21:16:46:925] <37409> CHKFAKE KEY MAKE OK:MjAxOTAzMDIyMTE2NDY5MjQyOTU4OQ==

INFO	[2019-03-02 21:16:46:925] <37409> END chkfake  Laptime:[0.002sec]
INFO	[2019-03-02 21:16:46:925] <37409> ===============================================================
INFO	[2019-03-02 21:18:25:436] <41706> START INIPHP chkfake (V5036-141209)(OS:Linux3.10.0-862.11.6.el7.x86_64,PHP:5.5.17p1)
DEBUG	[2019-03-02 21:18:25:437] <41706> inipayhome:/home/hosting_users/ilearning3/www/inipay
DEBUG	[2019-03-02 21:18:25:437] <41706> type:chkfake
DEBUG	[2019-03-02 21:18:25:437] <41706> debug:true
DEBUG	[2019-03-02 21:18:25:437] <41706> enctype:asym
DEBUG	[2019-03-02 21:18:25:437] <41706> admin:1111
DEBUG	[2019-03-02 21:18:25:437] <41706> checkopt:false
DEBUG	[2019-03-02 21:18:25:437] <41706> mid:obmms20151
DEBUG	[2019-03-02 21:18:25:437] <41706> price:11000
DEBUG	[2019-03-02 21:18:25:437] <41706> nointerest:no
DEBUG	[2019-03-02 21:18:25:437] <41706> quotabase:일시불
INFO	[2019-03-02 21:18:25:437] <41706> Check Field OK
INFO	[2019-03-02 21:18:25:437] <41706> MERCHANT PRIV KEY LOAD OK
INFO	[2019-03-02 21:18:25:437] <41706> MERCHANT PUB KEY LOAD OK []
INFO	[2019-03-02 21:18:25:438] <41706> CHKFAKE KEY MAKE OK:MjAxOTAzMDIyMTE4MjU0MzcxOTkzMg==

INFO	[2019-03-02 21:18:25:438] <41706> END chkfake  Laptime:[0.002sec]
INFO	[2019-03-02 21:18:25:438] <41706> ===============================================================
INFO	[2019-03-02 21:22:28:365] <52628> START INIPHP chkfake (V5036-141209)(OS:Linux3.10.0-862.11.6.el7.x86_64,PHP:5.5.17p1)
DEBUG	[2019-03-02 21:22:28:365] <52628> inipayhome:/home/hosting_users/ilearning3/www/inipay
DEBUG	[2019-03-02 21:22:28:365] <52628> type:chkfake
DEBUG	[2019-03-02 21:22:28:365] <52628> debug:true
DEBUG	[2019-03-02 21:22:28:365] <52628> enctype:asym
DEBUG	[2019-03-02 21:22:28:365] <52628> admin:1111
DEBUG	[2019-03-02 21:22:28:365] <52628> checkopt:false
DEBUG	[2019-03-02 21:22:28:365] <52628> mid:obmms20151
DEBUG	[2019-03-02 21:22:28:365] <52628> price:11000
DEBUG	[2019-03-02 21:22:28:365] <52628> nointerest:no
DEBUG	[2019-03-02 21:22:28:365] <52628> quotabase:일시불
INFO	[2019-03-02 21:22:28:365] <52628> Check Field OK
INFO	[2019-03-02 21:22:28:365] <52628> MERCHANT PRIV KEY LOAD OK
INFO	[2019-03-02 21:22:28:366] <52628> MERCHANT PUB KEY LOAD OK []
INFO	[2019-03-02 21:22:28:367] <52628> CHKFAKE KEY MAKE OK:MjAxOTAzMDIyMTIyMjgzNjYxNjYzMg==

INFO	[2019-03-02 21:22:28:367] <52628> END chkfake  Laptime:[0.003sec]
INFO	[2019-03-02 21:22:28:367] <52628> ===============================================================
INFO	[2019-03-02 21:22:40:983] <40008> START INIPHP chkfake (V5036-141209)(OS:Linux3.10.0-862.11.6.el7.x86_64,PHP:5.5.17p1)
DEBUG	[2019-03-02 21:22:40:984] <40008> inipayhome:/home/hosting_users/ilearning3/www/inipay
DEBUG	[2019-03-02 21:22:40:984] <40008> type:chkfake
DEBUG	[2019-03-02 21:22:40:984] <40008> debug:true
DEBUG	[2019-03-02 21:22:40:984] <40008> enctype:asym
DEBUG	[2019-03-02 21:22:40:984] <40008> admin:1111
DEBUG	[2019-03-02 21:22:40:984] <40008> checkopt:false
DEBUG	[2019-03-02 21:22:40:984] <40008> mid:obmms20151
DEBUG	[2019-03-02 21:22:40:984] <40008> price:11000
DEBUG	[2019-03-02 21:22:40:984] <40008> nointerest:no
DEBUG	[2019-03-02 21:22:40:984] <40008> quotabase:일시불
INFO	[2019-03-02 21:22:40:984] <40008> Check Field OK
INFO	[2019-03-02 21:22:40:984] <40008> MERCHANT PRIV KEY LOAD OK
INFO	[2019-03-02 21:22:40:984] <40008> MERCHANT PUB KEY LOAD OK []
INFO	[2019-03-02 21:22:40:986] <40008> CHKFAKE KEY MAKE OK:MjAxOTAzMDIyMTIyNDA5ODU0OTgxOA==

INFO	[2019-03-02 21:22:40:986] <40008> END chkfake  Laptime:[0.002sec]
INFO	[2019-03-02 21:22:40:986] <40008> ===============================================================
INFO	[2019-03-02 21:23:01:721] <37409> START INIPHP chkfake (V5036-141209)(OS:Linux3.10.0-862.11.6.el7.x86_64,PHP:5.5.17p1)
DEBUG	[2019-03-02 21:23:01:721] <37409> inipayhome:/home/hosting_users/ilearning3/www/inipay
DEBUG	[2019-03-02 21:23:01:721] <37409> type:chkfake
DEBUG	[2019-03-02 21:23:01:721] <37409> debug:true
DEBUG	[2019-03-02 21:23:01:721] <37409> enctype:asym
DEBUG	[2019-03-02 21:23:01:721] <37409> admin:1111
DEBUG	[2019-03-02 21:23:01:721] <37409> checkopt:false
DEBUG	[2019-03-02 21:23:01:721] <37409> mid:obmms20151
DEBUG	[2019-03-02 21:23:01:721] <37409> price:11000
DEBUG	[2019-03-02 21:23:01:721] <37409> nointerest:no
DEBUG	[2019-03-02 21:23:01:721] <37409> quotabase:일시불
INFO	[2019-03-02 21:23:01:721] <37409> Check Field OK
INFO	[2019-03-02 21:23:01:721] <37409> MERCHANT PRIV KEY LOAD OK
INFO	[2019-03-02 21:23:01:721] <37409> MERCHANT PUB KEY LOAD OK []
INFO	[2019-03-02 21:23:01:722] <37409> CHKFAKE KEY MAKE OK:MjAxOTAzMDIyMTIzMDE3MjE2NjI1NA==

INFO	[2019-03-02 21:23:01:722] <37409> END chkfake  Laptime:[0.002sec]
INFO	[2019-03-02 21:23:01:722] <37409> ===============================================================
