INFO	[2019-05-13 10:06:13:388] <17110> START INIPHP chkfake (V5036-141209)(OS:Linux2.6.18-274.3.1.el5,PHP:5.2.9)
DEBUG	[2019-05-13 10:06:13:404] <17110> inipayhome:/home/ilearning3/www/inipay
DEBUG	[2019-05-13 10:06:13:404] <17110> type:chkfake
DEBUG	[2019-05-13 10:06:13:404] <17110> debug:true
DEBUG	[2019-05-13 10:06:13:404] <17110> enctype:asym
DEBUG	[2019-05-13 10:06:13:404] <17110> admin:1111
DEBUG	[2019-05-13 10:06:13:404] <17110> checkopt:false
DEBUG	[2019-05-13 10:06:13:404] <17110> mid:obmms20151
DEBUG	[2019-05-13 10:06:13:404] <17110> price:18900
DEBUG	[2019-05-13 10:06:13:404] <17110> nointerest:no
DEBUG	[2019-05-13 10:06:13:404] <17110> quotabase:일시불
INFO	[2019-05-13 10:06:13:404] <17110> Check Field OK
INFO	[2019-05-13 10:06:13:439] <17110> MERCHANT PRIV KEY LOAD OK
INFO	[2019-05-13 10:06:13:468] <17110> MERCHANT PUB KEY LOAD OK []
INFO	[2019-05-13 10:06:13:485] <17110> CHKFAKE KEY MAKE OK:MjAxOTA1MTMxMDA2MTM0Njg1NDQyOQ==

INFO	[2019-05-13 10:06:13:485] <17110> END chkfake  Laptime:[0.1sec]
INFO	[2019-05-13 10:06:13:485] <17110> ===============================================================
INFO	[2019-05-13 13:47:29:964] <32118> START INIPHP chkfake (V5036-141209)(OS:Linux2.6.18-274.3.1.el5,PHP:5.2.9)
DEBUG	[2019-05-13 13:47:29:964] <32118> inipayhome:/home/ilearning3/www/inipay
DEBUG	[2019-05-13 13:47:29:964] <32118> type:chkfake
DEBUG	[2019-05-13 13:47:29:964] <32118> debug:true
DEBUG	[2019-05-13 13:47:29:964] <32118> enctype:asym
DEBUG	[2019-05-13 13:47:29:964] <32118> admin:1111
DEBUG	[2019-05-13 13:47:29:964] <32118> checkopt:false
DEBUG	[2019-05-13 13:47:29:964] <32118> mid:obmms20151
DEBUG	[2019-05-13 13:47:29:964] <32118> price:18900
DEBUG	[2019-05-13 13:47:29:964] <32118> nointerest:no
DEBUG	[2019-05-13 13:47:29:964] <32118> quotabase:일시불
INFO	[2019-05-13 13:47:29:964] <32118> Check Field OK
INFO	[2019-05-13 13:47:29:964] <32118> MERCHANT PRIV KEY LOAD OK
INFO	[2019-05-13 13:47:29:965] <32118> MERCHANT PUB KEY LOAD OK []
INFO	[2019-05-13 13:47:29:967] <32118> CHKFAKE KEY MAKE OK:MjAxOTA1MTMxMzQ3Mjk5NjU2MTk2Mw==

INFO	[2019-05-13 13:47:29:967] <32118> END chkfake  Laptime:[0.01sec]
INFO	[2019-05-13 13:47:29:967] <32118> ===============================================================
INFO	[2019-05-13 18:54:25:656] <29168> START INIPHP chkfake (V5036-141209)(OS:Linux2.6.18-274.3.1.el5,PHP:5.2.9)
DEBUG	[2019-05-13 18:54:25:656] <29168> inipayhome:/home/ilearning3/www/inipay
DEBUG	[2019-05-13 18:54:25:656] <29168> type:chkfake
DEBUG	[2019-05-13 18:54:25:656] <29168> debug:true
DEBUG	[2019-05-13 18:54:25:656] <29168> enctype:asym
DEBUG	[2019-05-13 18:54:25:656] <29168> admin:1111
DEBUG	[2019-05-13 18:54:25:656] <29168> checkopt:false
DEBUG	[2019-05-13 18:54:25:656] <29168> mid:obmms20151
DEBUG	[2019-05-13 18:54:25:656] <29168> price:11000
DEBUG	[2019-05-13 18:54:25:656] <29168> nointerest:no
DEBUG	[2019-05-13 18:54:25:656] <29168> quotabase:일시불
INFO	[2019-05-13 18:54:25:656] <29168> Check Field OK
INFO	[2019-05-13 18:54:25:656] <29168> MERCHANT PRIV KEY LOAD OK
INFO	[2019-05-13 18:54:25:656] <29168> MERCHANT PUB KEY LOAD OK []
INFO	[2019-05-13 18:54:25:658] <29168> CHKFAKE KEY MAKE OK:MjAxOTA1MTMxODU0MjU2NTY5NjQ3Mw==

INFO	[2019-05-13 18:54:25:658] <29168> END chkfake  Laptime:[0sec]
INFO	[2019-05-13 18:54:25:658] <29168> ===============================================================
INFO	[2019-05-13 18:55:46:954] <32119> START INIPHP chkfake (V5036-141209)(OS:Linux2.6.18-274.3.1.el5,PHP:5.2.9)
DEBUG	[2019-05-13 18:55:46:954] <32119> inipayhome:/home/ilearning3/www/inipay
DEBUG	[2019-05-13 18:55:46:954] <32119> type:chkfake
DEBUG	[2019-05-13 18:55:46:954] <32119> debug:true
DEBUG	[2019-05-13 18:55:46:954] <32119> enctype:asym
DEBUG	[2019-05-13 18:55:46:954] <32119> admin:1111
DEBUG	[2019-05-13 18:55:46:954] <32119> checkopt:false
DEBUG	[2019-05-13 18:55:46:954] <32119> mid:obmms20151
DEBUG	[2019-05-13 18:55:46:954] <32119> price:11000
DEBUG	[2019-05-13 18:55:46:954] <32119> nointerest:no
DEBUG	[2019-05-13 18:55:46:954] <32119> quotabase:일시불
INFO	[2019-05-13 18:55:46:954] <32119> Check Field OK
INFO	[2019-05-13 18:55:46:955] <32119> MERCHANT PRIV KEY LOAD OK
INFO	[2019-05-13 18:55:46:955] <32119> MERCHANT PUB KEY LOAD OK []
INFO	[2019-05-13 18:55:46:956] <32119> CHKFAKE KEY MAKE OK:MjAxOTA1MTMxODU1NDY5NTU0NjExMg==

INFO	[2019-05-13 18:55:46:956] <32119> END chkfake  Laptime:[0.01sec]
INFO	[2019-05-13 18:55:46:957] <32119> ===============================================================
INFO	[2019-05-13 18:56:02:956] <32119> START INIPHP chkfake (V5036-141209)(OS:Linux2.6.18-274.3.1.el5,PHP:5.2.9)
DEBUG	[2019-05-13 18:56:02:956] <32119> inipayhome:/home/ilearning3/www/inipay
DEBUG	[2019-05-13 18:56:02:956] <32119> type:chkfake
DEBUG	[2019-05-13 18:56:02:956] <32119> debug:true
DEBUG	[2019-05-13 18:56:02:956] <32119> enctype:asym
DEBUG	[2019-05-13 18:56:02:956] <32119> admin:1111
DEBUG	[2019-05-13 18:56:02:956] <32119> checkopt:false
DEBUG	[2019-05-13 18:56:02:956] <32119> mid:obmms20151
DEBUG	[2019-05-13 18:56:02:956] <32119> price:11000
DEBUG	[2019-05-13 18:56:02:956] <32119> nointerest:no
DEBUG	[2019-05-13 18:56:02:956] <32119> quotabase:일시불
INFO	[2019-05-13 18:56:02:957] <32119> Check Field OK
INFO	[2019-05-13 18:56:02:957] <32119> MERCHANT PRIV KEY LOAD OK
INFO	[2019-05-13 18:56:02:957] <32119> MERCHANT PUB KEY LOAD OK []
INFO	[2019-05-13 18:56:02:959] <32119> CHKFAKE KEY MAKE OK:MjAxOTA1MTMxODU2MDI5NTcyNDUzOQ==

INFO	[2019-05-13 18:56:02:959] <32119> END chkfake  Laptime:[0sec]
INFO	[2019-05-13 18:56:02:959] <32119> ===============================================================
INFO	[2019-05-13 18:56:16:723] <7749> START INIPHP chkfake (V5036-141209)(OS:Linux2.6.18-274.3.1.el5,PHP:5.2.9)
DEBUG	[2019-05-13 18:56:16:723] <7749> inipayhome:/home/ilearning3/www/inipay
DEBUG	[2019-05-13 18:56:16:723] <7749> type:chkfake
DEBUG	[2019-05-13 18:56:16:723] <7749> debug:true
DEBUG	[2019-05-13 18:56:16:723] <7749> enctype:asym
DEBUG	[2019-05-13 18:56:16:723] <7749> admin:1111
DEBUG	[2019-05-13 18:56:16:723] <7749> checkopt:false
DEBUG	[2019-05-13 18:56:16:723] <7749> mid:obmms20151
DEBUG	[2019-05-13 18:56:16:723] <7749> price:11000
DEBUG	[2019-05-13 18:56:16:723] <7749> nointerest:no
DEBUG	[2019-05-13 18:56:16:723] <7749> quotabase:일시불
INFO	[2019-05-13 18:56:16:723] <7749> Check Field OK
INFO	[2019-05-13 18:56:16:724] <7749> MERCHANT PRIV KEY LOAD OK
INFO	[2019-05-13 18:56:16:724] <7749> MERCHANT PUB KEY LOAD OK []
INFO	[2019-05-13 18:56:16:727] <7749> CHKFAKE KEY MAKE OK:MjAxOTA1MTMxODU2MTY3MjQ5MjU3OA==

INFO	[2019-05-13 18:56:16:727] <7749> END chkfake  Laptime:[0.01sec]
INFO	[2019-05-13 18:56:16:727] <7749> ===============================================================
INFO	[2019-05-13 18:56:37:602] <7749> START INIPHP chkfake (V5036-141209)(OS:Linux2.6.18-274.3.1.el5,PHP:5.2.9)
DEBUG	[2019-05-13 18:56:37:602] <7749> inipayhome:/home/ilearning3/www/inipay
DEBUG	[2019-05-13 18:56:37:602] <7749> type:chkfake
DEBUG	[2019-05-13 18:56:37:602] <7749> debug:true
DEBUG	[2019-05-13 18:56:37:602] <7749> enctype:asym
DEBUG	[2019-05-13 18:56:37:602] <7749> admin:1111
DEBUG	[2019-05-13 18:56:37:602] <7749> checkopt:false
DEBUG	[2019-05-13 18:56:37:602] <7749> mid:obmms20151
DEBUG	[2019-05-13 18:56:37:602] <7749> price:11000
DEBUG	[2019-05-13 18:56:37:602] <7749> nointerest:no
DEBUG	[2019-05-13 18:56:37:602] <7749> quotabase:일시불
INFO	[2019-05-13 18:56:37:603] <7749> Check Field OK
INFO	[2019-05-13 18:56:37:603] <7749> MERCHANT PRIV KEY LOAD OK
INFO	[2019-05-13 18:56:37:603] <7749> MERCHANT PUB KEY LOAD OK []
INFO	[2019-05-13 18:56:37:606] <7749> CHKFAKE KEY MAKE OK:MjAxOTA1MTMxODU2Mzc2MDM4NTYxNA==

INFO	[2019-05-13 18:56:37:606] <7749> END chkfake  Laptime:[0.01sec]
INFO	[2019-05-13 18:56:37:606] <7749> ===============================================================
INFO	[2019-05-13 18:57:09:630] <32098> START INIPHP chkfake (V5036-141209)(OS:Linux2.6.18-274.3.1.el5,PHP:5.2.9)
DEBUG	[2019-05-13 18:57:09:630] <32098> inipayhome:/home/ilearning3/www/inipay
DEBUG	[2019-05-13 18:57:09:630] <32098> type:chkfake
DEBUG	[2019-05-13 18:57:09:630] <32098> debug:true
DEBUG	[2019-05-13 18:57:09:630] <32098> enctype:asym
DEBUG	[2019-05-13 18:57:09:630] <32098> admin:1111
DEBUG	[2019-05-13 18:57:09:630] <32098> checkopt:false
DEBUG	[2019-05-13 18:57:09:630] <32098> mid:obmms20151
DEBUG	[2019-05-13 18:57:09:630] <32098> price:11000
DEBUG	[2019-05-13 18:57:09:630] <32098> nointerest:no
DEBUG	[2019-05-13 18:57:09:630] <32098> quotabase:일시불
INFO	[2019-05-13 18:57:09:630] <32098> Check Field OK
INFO	[2019-05-13 18:57:09:630] <32098> MERCHANT PRIV KEY LOAD OK
INFO	[2019-05-13 18:57:09:631] <32098> MERCHANT PUB KEY LOAD OK []
INFO	[2019-05-13 18:57:09:633] <32098> CHKFAKE KEY MAKE OK:MjAxOTA1MTMxODU3MDk2MzE1NTg3MQ==

INFO	[2019-05-13 18:57:09:633] <32098> END chkfake  Laptime:[0sec]
INFO	[2019-05-13 18:57:09:633] <32098> ===============================================================
INFO	[2019-05-13 23:00:08:54] <24071> START INIPHP chkfake (V5036-141209)(OS:Linux2.6.18-274.3.1.el5,PHP:5.2.9)
DEBUG	[2019-05-13 23:00:08:54] <24071> inipayhome:/home/ilearning3/www/inipay
DEBUG	[2019-05-13 23:00:08:54] <24071> type:chkfake
DEBUG	[2019-05-13 23:00:08:54] <24071> debug:true
DEBUG	[2019-05-13 23:00:08:54] <24071> enctype:asym
DEBUG	[2019-05-13 23:00:08:54] <24071> admin:1111
DEBUG	[2019-05-13 23:00:08:54] <24071> checkopt:false
DEBUG	[2019-05-13 23:00:08:54] <24071> mid:obmms20151
DEBUG	[2019-05-13 23:00:08:54] <24071> price:11000
DEBUG	[2019-05-13 23:00:08:54] <24071> nointerest:no
DEBUG	[2019-05-13 23:00:08:54] <24071> quotabase:일시불
INFO	[2019-05-13 23:00:08:54] <24071> Check Field OK
INFO	[2019-05-13 23:00:08:55] <24071> MERCHANT PRIV KEY LOAD OK
INFO	[2019-05-13 23:00:08:55] <24071> MERCHANT PUB KEY LOAD OK []
INFO	[2019-05-13 23:00:08:56] <24071> CHKFAKE KEY MAKE OK:MjAxOTA1MTMyMzAwMDgwNTU2NTI1OQ==

INFO	[2019-05-13 23:00:08:56] <24071> END chkfake  Laptime:[0.01sec]
INFO	[2019-05-13 23:00:08:56] <24071> ===============================================================
