INFO	[2019-07-15 12:57:14:842] <2220> START INIPHP chkfake (V5036-141209)(OS:Linux2.6.18-274.3.1.el5,PHP:5.2.9)
DEBUG	[2019-07-15 12:57:14:843] <2220> inipayhome:/home/ilearning3/www/inipay
DEBUG	[2019-07-15 12:57:14:843] <2220> type:chkfake
DEBUG	[2019-07-15 12:57:14:843] <2220> debug:true
DEBUG	[2019-07-15 12:57:14:843] <2220> enctype:asym
DEBUG	[2019-07-15 12:57:14:843] <2220> admin:1111
DEBUG	[2019-07-15 12:57:14:843] <2220> checkopt:false
DEBUG	[2019-07-15 12:57:14:843] <2220> mid:obmms20151
DEBUG	[2019-07-15 12:57:14:843] <2220> price:11000
DEBUG	[2019-07-15 12:57:14:843] <2220> nointerest:no
DEBUG	[2019-07-15 12:57:14:843] <2220> quotabase:ÏÑ†ÌÉù:ÏùºÏãúÎ∂à:2Í∞úÏõî:3Í∞úÏõî:6Í∞úÏõî:12Í∞úÏõî
INFO	[2019-07-15 12:57:14:843] <2220> Check Field OK
INFO	[2019-07-15 12:57:14:848] <2220> MERCHANT PRIV KEY LOAD OK
INFO	[2019-07-15 12:57:14:851] <2220> MERCHANT PUB KEY LOAD OK []
INFO	[2019-07-15 12:57:14:868] <2220> CHKFAKE KEY MAKE OK:MjAxOTA3MTUxMjU3MTQ4NTE3MjUzNA==

INFO	[2019-07-15 12:57:14:868] <2220> END chkfake  Laptime:[0.03sec]
INFO	[2019-07-15 12:57:14:868] <2220> ===============================================================
INFO	[2019-07-15 12:57:24:60] <25952> START INIPHP chkfake (V5036-141209)(OS:Linux2.6.18-274.3.1.el5,PHP:5.2.9)
DEBUG	[2019-07-15 12:57:24:60] <25952> inipayhome:/home/ilearning3/www/inipay
DEBUG	[2019-07-15 12:57:24:60] <25952> type:chkfake
DEBUG	[2019-07-15 12:57:24:60] <25952> debug:true
DEBUG	[2019-07-15 12:57:24:60] <25952> enctype:asym
DEBUG	[2019-07-15 12:57:24:60] <25952> admin:1111
DEBUG	[2019-07-15 12:57:24:60] <25952> checkopt:false
DEBUG	[2019-07-15 12:57:24:60] <25952> mid:obmms20151
DEBUG	[2019-07-15 12:57:24:60] <25952> price:11000
DEBUG	[2019-07-15 12:57:24:60] <25952> nointerest:no
DEBUG	[2019-07-15 12:57:24:60] <25952> quotabase:ÏÑ†ÌÉù:ÏùºÏãúÎ∂à:2Í∞úÏõî:3Í∞úÏõî:6Í∞úÏõî:12Í∞úÏõî
INFO	[2019-07-15 12:57:24:60] <25952> Check Field OK
INFO	[2019-07-15 12:57:24:61] <25952> MERCHANT PRIV KEY LOAD OK
INFO	[2019-07-15 12:57:24:61] <25952> MERCHANT PUB KEY LOAD OK []
INFO	[2019-07-15 12:57:24:62] <25952> CHKFAKE KEY MAKE OK:MjAxOTA3MTUxMjU3MjQwNjEyODU2MA==

INFO	[2019-07-15 12:57:24:62] <25952> END chkfake  Laptime:[0sec]
INFO	[2019-07-15 12:57:24:62] <25952> ===============================================================
INFO	[2019-07-15 12:59:06:400] <28435> START INIPHP securepay (V5036-141209)(OS:Linux2.6.18-274.3.1.el5,PHP:5.2.9)
DEBUG	[2019-07-15 12:59:06:400] <28435> inipayhome:/home/ilearning3/www/inipay
DEBUG	[2019-07-15 12:59:06:400] <28435> type:securepay
DEBUG	[2019-07-15 12:59:06:400] <28435> pgid:INIphpCARD
DEBUG	[2019-07-15 12:59:06:400] <28435> subpgip:203.238.3.10
DEBUG	[2019-07-15 12:59:06:400] <28435> admin:1111
DEBUG	[2019-07-15 12:59:06:400] <28435> debug:true
DEBUG	[2019-07-15 12:59:06:400] <28435> uid:
DEBUG	[2019-07-15 12:59:06:400] <28435> goodname:ø¬∏Æø¯πÆ¿⁄ - 1∞≥ø˘±‚∞£ 
DEBUG	[2019-07-15 12:59:06:400] <28435> currency:WON
DEBUG	[2019-07-15 12:59:06:400] <28435> mid:obmms20151
DEBUG	[2019-07-15 12:59:06:400] <28435> rn:MjAxOTA3MTUxMjU3MjQwNjEyODU2MA==

DEBUG	[2019-07-15 12:59:06:400] <28435> price:11000
DEBUG	[2019-07-15 12:59:06:400] <28435> enctype:
DEBUG	[2019-07-15 12:59:06:400] <28435> buyername:¿±∂Ù∏≤
DEBUG	[2019-07-15 12:59:06:400] <28435> buyertel:010-7122-3380
DEBUG	[2019-07-15 12:59:06:400] <28435> buyeremail:3380h@naver.com
DEBUG	[2019-07-15 12:59:06:400] <28435> paymethod:Card
DEBUG	[2019-07-15 12:59:06:400] <28435> encrypted:Version=4.1&PayMethod=Card&RsaKeyNum=1&EncryptionAlgorithm=SEED-CBC&SignAlgorithm=RSAwithSHA1&CertVer=39&moid=12506_190715125724&ver_trace=main(6109,6065)card(6185,6158)n(6009)Cs(6025)Dt(6002)Pa(6002)Cf(6025)Fv(0000)La(6183)Re(6135)Vr(6008)P(6034)en(6070)nP(6006)&pg1=39.115.212.10&pg2=203.238.37.3&pg1ip=39.115.212.10&pg2ip=203.238.37.3&agreeflag=1111&Data=hqkvmz8wejKAEV3NlwBVKybuGtPCrrkTfFZyPIH0fEVEDnTZyEIYV6ahKMbZ295v
3Ld/JYdtQmqZG28MxMyFXJbZrCO1qndNuSNMvF1M5RkJiOwxKMALuIhpSizw369S
cJ7FLNBTEV5XQYGpqXhCxK5cI0Ey+h/ATcJmRUcUIZBaRKjtWofIb0dKVh71+p5n
IcWEdstqa2aREyxb0qRNz3BuCC/OEAY/vh8bESbympT3F6KmRRaEuJ0T3qYCi9ie
Cjyu0RywB+qUnXKEuv6wP4BrD86P/iBhrzyBT7lWosl4q4qvm+KwDWE0eUOg23M7
Zkvjg7cZ38s72m+LRSIP8DRlowPygxJkRujgkJYypEY0Bt0ZaaerTMTlLkQJBuvh
uw2PaZMclLkyhBybMqUIqf+y5hRq9s9iR6LZkH1ckThZ1ronyRXGlJVJ2jQr5Cdz
6c3hWGxX7VXAlU224zn1VpKUfonIUS7Z4YP56oMhhlH0AUjWzV4dbCua7JZuhriU
FPoGTOkkjXCFLntQ6HnKBpaJDKX8luZAO+z195aCo/ZlOhEpRFxHqihrP1kR2StK
hDEkeZz7DpPeXVdfAG4I2GIZ84xSIpAO2C8E5t8lKHpt7+8j60Go18NbTxJcvqdh
jn0RtVwryG5MvsrpoZlIu1bQYIJI7zJVYYxsrgm56RUSvitSF4vEpUfaSSOHJAnF
CeTUSpSq+RpJ2jl3csISd32Wc4TLRw/hftT6ucRn42Wh8qZmcSEAPA74Pei9FwgJ
rgtnjtMWQBCoQ9s9d4W6xnab2DdAHbEqynkCwrS13toBSLgUPq9/MJlzGmVzet4t
Nuxy0VaNm6GYWj2chNSAZ4eeBno5Cs4JGw==
DEBUG	[2019-07-15 12:59:06:400] <28435> sessionkey:t/EmmzXM6wVPyXSyvqWVtA0hq1e3JmgeiromyCGxtekjSzP1LVq6wsPmChXUE0/J
9c8o/4rVpiMxeb/nS6t1aMlewH0hhGbPRfGCmpSvRzxs6dIaPCNGmQ+P8RwD6B9u
wAAfR6ZF5J+TCHinhwxTADuoxsjGEDJV5sGTPaZspaw=
DEBUG	[2019-07-15 12:59:06:400] <28435> url:http://www.obmms.net
DEBUG	[2019-07-15 12:59:06:400] <28435> cardcode:12
DEBUG	[2019-07-15 12:59:06:400] <28435> parentemail:3380h@naver.com
DEBUG	[2019-07-15 12:59:06:400] <28435> recvname:
DEBUG	[2019-07-15 12:59:06:400] <28435> recvtel:
DEBUG	[2019-07-15 12:59:06:400] <28435> recvaddr:
DEBUG	[2019-07-15 12:59:06:400] <28435> recvpostnum:
DEBUG	[2019-07-15 12:59:06:400] <28435> recvmsg:
DEBUG	[2019-07-15 12:59:06:400] <28435> joincard:
DEBUG	[2019-07-15 12:59:06:400] <28435> joinexpire:
DEBUG	[2019-07-15 12:59:06:400] <28435> id_customer:
INFO	[2019-07-15 12:59:06:400] <28435> Check Field OK
INFO	[2019-07-15 12:59:06:400] <28435> Make TID OK INIphpCARDobmms2015120190715125906003264
INFO	[2019-07-15 12:59:06:401] <28435> PI PUB KEY LOAD OK [39]
INFO	[2019-07-15 12:59:06:424] <28435> PG PUB KEY LOAD OK [30]
INFO	[2019-07-15 12:59:06:425] <28435> MERCHANT PRIV KEY LOAD OK
INFO	[2019-07-15 12:59:06:425] <28435> MERCHANT PUB KEY LOAD OK [0]
INFO	[2019-07-15 12:59:06:428] <28435> MAKE BODY OK
INFO	[2019-07-15 12:59:06:430] <28435> SIGN OK
INFO	[2019-07-15 12:59:06:430] <28435> MAKE HEAD OK
INFO	[2019-07-15 12:59:06:430] <28435> MSG_TO_PG:[0297200175R SHA1                   0                  39                  300200obmms20151               11000INIphpCARDobmms2015120190715125906003264<?xml version="1.0" encoding="UTF-8"?>
<INIpay>
	  <GoodsInfo>
	    <GoodsCnt>1</GoodsCnt>
	    <MOID/>
	    <Currency>WON</Currency>
	    <Tax/>
	    <TaxFree/>
	    <Goods>
	      <SMID>obmms20151</SMID>
	      <GoodsName urlencode="1">%BF%C2%B8%AE%BF%F8%B9%AE%C0%DA+-+1%B0%B3%BF%F9%B1%E2%B0%A3+</GoodsName>
	      <GoodsPrice>11000</GoodsPrice></Goods></GoodsInfo>
	  <BuyerInfo>
	    <BuyerName urlencode="1">%C0%B1%B6%F4%B8%B2</BuyerName>
	    <BuyerTel>010-7122-3380</BuyerTel>
	    <BuyerEmail urlencode="1">3380h%40naver.com</BuyerEmail>
	    <ParentEmail urlencode="1">3380h%40naver.com</ParentEmail>
	    <RecvName/>
	    <RecvTel/>
	    <RecvMsg/>
	    <RecvAddr/>
	    <RecvPostNum/></BuyerInfo>
	  <PaymentInfo>
	    <Payment>
	      <PayMethod>Card</PayMethod>
	      <JoinCard/>
	      <JoinExpire/>
	      <MailOrder/>
	      <SessionKey>t/EmmzXM6wVPyXSyvqWVtA0hq1e3JmgeiromyCGxtekjSzP1LVq6wsPmChXUE0/J
9c8o/4rVpiMxeb/nS6t1aMlewH0hhGbPRfGCmpSvRzxs6dIaPCNGmQ+P8RwD6B9u
wAAfR6ZF5J+TCHinhwxTADuoxsjGEDJV5sGTPaZspaw=</SessionKey>
	      <Encrypted urlencode="1">Version%3D4.1%26PayMethod%3DCard%26RsaKeyNum%3D1%26EncryptionAlgorithm%3DSEED-CBC%26SignAlgorithm%3DRSAwithSHA1%26CertVer%3D39%26moid%3D12506_190715125724%26ver_trace%3Dmain%286109%2C6065%29card%286185%2C6158%29n%286009%29Cs%286025%29Dt%286002%29Pa%286002%29Cf%286025%29Fv%280000%29La%286183%29Re%286135%29Vr%286008%29P%286034%29en%286070%29nP%286006%29%26pg1%3D39.115.212.10%26pg2%3D203.238.37.3%26pg1ip%3D39.115.212.10%26pg2ip%3D203.238.37.3%26agreeflag%3D1111%26Data%3Dhqkvmz8wejKAEV3NlwBVKybuGtPCrrkTfFZyPIH0fEVEDnTZyEIYV6ahKMbZ295v%0D%0A3Ld%2FJYdtQmqZG28MxMyFXJbZrCO1qndNuSNMvF1M5RkJiOwxKMALuIhpSizw369S%0D%0AcJ7FLNBTEV5XQYGpqXhCxK5cI0Ey%2Bh%2FATcJmRUcUIZBaRKjtWofIb0dKVh71%2Bp5n%0D%0AIcWEdstqa2aREyxb0qRNz3BuCC%2FOEAY%2Fvh8bESbympT3F6KmRRaEuJ0T3qYCi9ie%0D%0ACjyu0RywB%2BqUnXKEuv6wP4BrD86P%2FiBhrzyBT7lWosl4q4qvm%2BKwDWE0eUOg23M7%0D%0AZkvjg7cZ38s72m%2BLRSIP8DRlowPygxJkRujgkJYypEY0Bt0ZaaerTMTlLkQJBuvh%0D%0Auw2PaZMclLkyhBybMqUIqf%2By5hRq9s9iR6LZkH1ckThZ1ronyRXGlJVJ2jQr5Cdz%0D%0A6c3hWGxX7VXAlU224zn1VpKUfonIUS7Z4YP56oMhhlH0AUjWzV4dbCua7JZuhriU%0D%0AFPoGTOkkjXCFLntQ6HnKBpaJDKX8luZAO%2Bz195aCo%2FZlOhEpRFxHqihrP1kR2StK%0D%0AhDEkeZz7DpPeXVdfAG4I2GIZ84xSIpAO2C8E5t8lKHpt7%2B8j60Go18NbTxJcvqdh%0D%0Ajn0RtVwryG5MvsrpoZlIu1bQYIJI7zJVYYxsrgm56RUSvitSF4vEpUfaSSOHJAnF%0D%0ACeTUSpSq%2BRpJ2jl3csISd32Wc4TLRw%2FhftT6ucRn42Wh8qZmcSEAPA74Pei9FwgJ%0D%0ArgtnjtMWQBCoQ9s9d4W6xnab2DdAHbEqynkCwrS13toBSLgUPq9%2FMJlzGmVzet4t%0D%0ANuxy0VaNm6GYWj2chNSAZ4eeBno5Cs4JGw%3D%3D</Encrypted></Payment></PaymentInfo>
	  <ReservedInfo>
	    <MReserved1/>
	    <MReserved2/>
	    <MReserved3/></ReservedInfo>
	  <ManageInfo>
	    <Language/>
	    <URL urlencode="1">http%3A%2F%2Fwww.obmms.net</URL>
	    <TXVersion>5036B141209securLinux     PHPchkfake   2.6.18-274.3.1.el5PHP:5.2.9   </TXVersion>
	    <TXUserID/>
	    <TXRegNum/>
	    <Ack>1</Ack>
	    <TXRN>MjAxOTA3MTUxMjU3MjQwNjEyODU2MA==
</TXRN></ManageInfo></INIpay>AYmhoNxqYRcTCC7X1l1yYHtKZXynTZTMN+Vw29j1AZ3XsIV9upthMUxLZf+GJbKJ
k89P2gbsJPqAkokflRxiW3xx8bOi9Dwlp6b6UeT3LTffGAKjqcAXzQe3KlzaW4oR
+9m4SDayd1dweTKbvWDMESqVDBv+B/6qu+BflTbBt8qr
]
INFO	[2019-07-15 12:59:06:442] <28435> DNS LOOKUP OK(39.115.212.10:39.115.212.10:34049) laptime:0
INFO	[2019-07-15 12:59:06:444] <28435> SOCKET CONNECT OK
INFO	[2019-07-15 12:59:06:444] <28435> SEND OK
INFO	[2019-07-15 12:59:06:864] <28435> RECV OK
INFO	[2019-07-15 12:59:06:864] <28435> MSG_FROM_PG:[0314400175D SHA1                   0                  39                  300210obmms20151               11000INIphpCARDobmms2015120190715125906003264<?xml version="1.0" encoding="UTF-8"?>
<INIpay>
  <GoodsInfo>
    <GoodsCnt>1</GoodsCnt>
    <MOID urlencode="1">12506_190715125724</MOID>
    <Currency>WON</Currency>
    <Goods no="1">
      <SMID>obmms20151</SMID>
      <GoodsName urlencode="1">%BF%C2%B8%AE%BF%F8%B9%AE%C0%DA+-+1%B0%B3%BF%F9%B1%E2%B0%A3+</GoodsName>
      <GoodsCntS>1</GoodsCntS>
      <GoodsPrice>11000</GoodsPrice>
    </Goods>
  </GoodsInfo>
  <PaymentInfo>
    <Payment>
      <SessionKey>ACeg149jK9dRtOCzJ5gD6+ccw6sPzbSA43AEgoOyJccwU8bb1HxE51BWbQJdt0sj
wpp0HcOtLseEtKBlSYn2X/cwqvd8U/9dT/WLb32mFcKDxqB6YaisEf5DEIaT058S
xdxYuuecJBnnF/Pl8paFRlG82fzLBZbLQM9oSX6GIstXHziG2nOjNbw=
</SessionKey>
      <Encrypted>jO3ffzk6IGfIOVjLzTtQjkVs2c4NavfIih49Kxhsu+EU1IRwPG06bFfyFgLnstsM
phAOHqsWMgeo3J6HqjLpTWT/i0O7rj49+Kg9eL6+ew3UGCmDvpAZ+B9JQtwMwWeY
JlpbpRXrd/uVG6SnsVywWvZf3rX0EpwSZl6ciLEvCVskOgpa0TENv+FwzVffTJZ5
nDfviHjA9vCt4PWNPVsRVS4heLeO2v8kqV3olrAW084Vn/rWfPg+a4wsXgoInAsC
7Y+T3Yg4U4w203ZCgetEfTQkI46m61CTFnICFEYXJOA0XnJdaTotx3AGO+JXDWsV
TRf55CBhOH64cET0qZvXiHTk4rkfWEfyhyGVsC3ssOxBth3e7o8R/l2rUIDrV6Z4
qYMtDOGB1MQtXx6Jr97XAmrSfFgJMTYxKZPunGhxm4eNzcFbBvg9sYUv3y7CA9av
eN9L+ypfmTK/Bfkq7gZnUxOpxKdMScqvQT9omsglDAf16MlWTAuZH3v91mo7/Umj
Mum4G2bsH/lD+SirfRPj10Rx4oLyIoHsldoLA8YNKZyyczy7OzQncYHr2Es9N7Zm
iBEZB1rY+aVU1ViXtnA7wmjSTb395dW/hgW9PdYSe54UGGD+pe2Dvk3eItxRUsd2
27FzeHqu1gfkAzBCpBkXbhjC251j/SHT/zILS7CbxxVhDgFwPlWbaoSr6nFviTxc
KBAdgPPhMjNJuFrpFSylAUwI6LmQF2O/LSnHCZW7YDloRzSFKkMqRQlM2zf8s8af
Nee4bu3Hkpf53D09p37Y423WV6QGa/grOU1t8ktEqcZdHhqw3hMGpb5OVfLCRMAd
wcDTkit4LxCFzclf+JAzNR3YWiwEkp85rgVleXIM/yqxfNUCFXvq3ffEDy1+wy/w
fe4u4qjo4Z/JWdsZD1FTWhxVhiS+E4C4ZcGqCUBb/mCF4sOOytFbPTBhKmzf3p/c
4MwuEiiFjv3BgNA5SY1FyrudyI/evk6KEQlpH0EBe9ElhR5zT+0hYDkdc0pvHF9o
aYFDvLJH0MeclxGVAamitlo7kgX7uwwGLkIs33/Qiqc57WPPrKmPTnb/S0hKz13U
4QEue0tQZMhrQP7toovHZT3RugSyHuFthtU3VX+tUrIGAgVW/BVqO2Ta9iaziiN7
BSZR1/Za+ydPYsmY7xzELVWxiZysoIjgo6IqeFoSfJMFEa2bBd7ZZGT249e7YOcK
3KozsodoD/um7X082KbCsE9+SVueOjWTkMY+DvYtN8gj2DNvM+ydtoTZcdpFBuKI
/LToW3Kq9noHBSHItgo29ZN5pK/lEZL8/qfN554ptBUTKOV78if0pol9RcV931+/
nBhRqXvHd2OsBSWRKWE88P4ZLhJySO6M3IxCm7L0Uh3zLXxpeco8jmgEChd/FYqC
wFxmiy4GBlt66g6ZfRk4M6z0IelFdIMsCkRj/793up9kuVfP2wQiEtPAm7WBcgyH
wZD0gwFredKpIZMSxbhq65CZfkWVAlB9n6c4g8fYtBDYjzujJFuNPqUzZgrOAfKV
sly611FNGA7P8YSGgZ5eAMQO7BrXqPnUaaDnhUgXHD25wqxE8aIcajLQTCubIQei
1Kz3Q3fsfjcxY0wQ83Vk16DUDJqBB29t8eJFRLJSZeFsunI8tzzR+eeyZdGeTvHK
RqqlKHpS0V7gp+xyBGGRmsWtR6su48BZsYUmnhFhcWKkmg1SQWATuEqQMaVd+OKC
kLLukhBgqQ5T0IbTZBCgFQ==
</Encrypted>
      <PayMethod>Card</PayMethod>
      <ResultCode>120000</ResultCode>
      <ResultMsg urlencode="1">%C1%A4%BB%F3%C3%B3%B8%AE%B5%C7%BE%FA%BD%C0%B4%CF%B4%D9.</ResultMsg>
    </Payment>
  </PaymentInfo>
  <ManageInfo>
    <EventCode></EventCode>
    <OrgCurrency></OrgCurrency>
    <ExchangeRate></ExchangeRate>
    <OrgPrice></OrgPrice>
  </ManageInfo>
  <ReservedInfo>
    <MReserved1 urlencode="1"></MReserved1>
    <MReserved2 urlencode="1"></MReserved2>
    <MReserved3 urlencode="1"></MReserved3>
    <PGReserved1 urlencode="1"></PGReserved1>
    <PGReserved2 urlencode="1"></PGReserved2>
    <PGReserved3 urlencode="1"></PGReserved3>
  </ReservedInfo>
</INIpay>
LqHfWYXBHD0TNKydOUoZdtqQqMTqPzfCDSpVrJdZvcLjzeDHnnJLZiIHCbMQRCGm
B6LqvkYLzvfNtVb1wege6KxWdSFfPyF4BQANTX9a+8qMI7/RNgO4tpJAuELrZrO+
bTNdtoTgWzKI3aedXLk6CtJ5DaZo7xo/DsvgJJUTT8c=
]
INFO	[2019-07-15 12:59:06:864] <28435> VERIFY OK
INFO	[2019-07-15 12:59:06:864] <28435> PARSE HEAD OK
INFO	[2019-07-15 12:59:06:881] <28435> PARSE BODY OK
INFO	[2019-07-15 12:59:06:911] <28435> DECRYPT OK
DEBUG	[2019-07-15 12:59:06:912] <28435> DECRYPT MSG:[<?xml version="1.0" encoding="UTF-8"?>
<PaymentInfo>
  <Payment>
    <EASYPAY/>
    <Card>
      <CARD_ApplPrice>11000</CARD_ApplPrice>
      <CARD_Num>53107010****2756</CARD_Num>
      <CARD_Expire></CARD_Expire>
      <CARD_Code>12</CARD_Code>
      <CARD_BankCode>00</CARD_BankCode>
      <CARD_Quota>00</CARD_Quota>
      <CARD_Interest>0</CARD_Interest>
      <CARD_Point></CARD_Point>
      <CARD_AuthType>99</CARD_AuthType>
      <CARD_RegNum></CARD_RegNum>
      <CARD_ApplDate>20190715</CARD_ApplDate>
      <CARD_ApplTime>125904</CARD_ApplTime>
      <CARD_ApplNum>73240951</CARD_ApplNum>
      <CARD_TerminalNum>019048y000</CARD_TerminalNum>
      <CARD_MemberNum></CARD_MemberNum>
      <CARD_PurchaseCode></CARD_PurchaseCode>
      <CARD_ResultCode>120000</CARD_ResultCode>
      <CARD_ResultMsg urlencode="1">%C1%A4%BB%F3%C3%B3%B8%AE%B5%C7%BE%FA%BD%C0%B4%CF%B4%D9.</CARD_ResultMsg>
      <CARD_PrtcCode>1</CARD_PrtcCode>
      <CARD_Quota_Point>00</CARD_Quota_Point>
      <CARD_CheckFlag>0</CARD_CheckFlag>
      <CARD_PurchaseName urlencode="1"></CARD_PurchaseName>
      <CARD_IssuerName urlencode="1"></CARD_IssuerName>
      <CARD_JoinUsePoint></CARD_JoinUsePoint>
      <CARD_UsePoint></CARD_UsePoint>
      <CARD_CouponOnlyMer></CARD_CouponOnlyMer>
    </Card>
  </Payment>
</PaymentInfo>]
INFO	[2019-07-15 12:59:06:914] <28435> DECRYPT PARSE OK
INFO	[2019-07-15 12:59:06:914] <28435> WAIT ACK INVOKING
DEBUG	[2019-07-15 12:59:06:914] <28435> MAKE HEAD OK
INFO	[2019-07-15 12:59:06:917] <28435> SUCCESS ACK INVOKING
INFO	[2019-07-15 12:59:06:917] <28435> END securepay ¡§ªÛ√≥∏Æµ«æ˙Ω¿¥œ¥Ÿ. Laptime:[0.52sec]
INFO	[2019-07-15 12:59:06:917] <28435> ===============================================================
