INFO	[2019-11-06 11:36:57:575] <27643> START INIPHP chkfake (V5036-141209)(OS:Linux2.6.18-274.3.1.el5,PHP:5.2.9)
DEBUG	[2019-11-06 11:36:57:575] <27643> inipayhome:/home/ilearning3/www/inipay
DEBUG	[2019-11-06 11:36:57:575] <27643> type:chkfake
DEBUG	[2019-11-06 11:36:57:575] <27643> debug:true
DEBUG	[2019-11-06 11:36:57:575] <27643> enctype:asym
DEBUG	[2019-11-06 11:36:57:575] <27643> admin:1111
DEBUG	[2019-11-06 11:36:57:575] <27643> checkopt:false
DEBUG	[2019-11-06 11:36:57:575] <27643> mid:obmms20151
DEBUG	[2019-11-06 11:36:57:575] <27643> price:2500000
DEBUG	[2019-11-06 11:36:57:575] <27643> nointerest:no
DEBUG	[2019-11-06 11:36:57:575] <27643> quotabase:일시불:2개월:3개월:6개월:12개월
INFO	[2019-11-06 11:36:57:575] <27643> Check Field OK
INFO	[2019-11-06 11:36:57:609] <27643> MERCHANT PRIV KEY LOAD OK
INFO	[2019-11-06 11:36:57:638] <27643> MERCHANT PUB KEY LOAD OK []
INFO	[2019-11-06 11:36:57:641] <27643> CHKFAKE KEY MAKE OK:MjAxOTExMDYxMTM2NTc2Mzg3ODIwOA==

INFO	[2019-11-06 11:36:57:641] <27643> END chkfake  Laptime:[0.09sec]
INFO	[2019-11-06 11:36:57:641] <27643> ===============================================================
INFO	[2019-11-06 12:30:25:329] <18073> START INIPHP chkfake (V5036-141209)(OS:Linux2.6.18-274.3.1.el5,PHP:5.2.9)
DEBUG	[2019-11-06 12:30:25:329] <18073> inipayhome:/home/ilearning3/www/inipay
DEBUG	[2019-11-06 12:30:25:329] <18073> type:chkfake
DEBUG	[2019-11-06 12:30:25:329] <18073> debug:true
DEBUG	[2019-11-06 12:30:25:329] <18073> enctype:asym
DEBUG	[2019-11-06 12:30:25:329] <18073> admin:1111
DEBUG	[2019-11-06 12:30:25:329] <18073> checkopt:false
DEBUG	[2019-11-06 12:30:25:329] <18073> mid:obmms20151
DEBUG	[2019-11-06 12:30:25:329] <18073> price:858000
DEBUG	[2019-11-06 12:30:25:329] <18073> nointerest:no
DEBUG	[2019-11-06 12:30:25:329] <18073> quotabase:일시불:2개월:3개월:6개월:12개월
INFO	[2019-11-06 12:30:25:329] <18073> Check Field OK
INFO	[2019-11-06 12:30:25:330] <18073> MERCHANT PRIV KEY LOAD OK
INFO	[2019-11-06 12:30:25:330] <18073> MERCHANT PUB KEY LOAD OK []
INFO	[2019-11-06 12:30:25:331] <18073> CHKFAKE KEY MAKE OK:MjAxOTExMDYxMjMwMjUzMzA3NTI1OA==

INFO	[2019-11-06 12:30:25:331] <18073> END chkfake  Laptime:[0sec]
INFO	[2019-11-06 12:30:25:332] <18073> ===============================================================
INFO	[2019-11-06 12:30:47:637] <18073> START INIPHP chkfake (V5036-141209)(OS:Linux2.6.18-274.3.1.el5,PHP:5.2.9)
DEBUG	[2019-11-06 12:30:47:637] <18073> inipayhome:/home/ilearning3/www/inipay
DEBUG	[2019-11-06 12:30:47:637] <18073> type:chkfake
DEBUG	[2019-11-06 12:30:47:637] <18073> debug:true
DEBUG	[2019-11-06 12:30:47:637] <18073> enctype:asym
DEBUG	[2019-11-06 12:30:47:637] <18073> admin:1111
DEBUG	[2019-11-06 12:30:47:637] <18073> checkopt:false
DEBUG	[2019-11-06 12:30:47:637] <18073> mid:obmms20151
DEBUG	[2019-11-06 12:30:47:637] <18073> price:2500000
DEBUG	[2019-11-06 12:30:47:637] <18073> nointerest:no
DEBUG	[2019-11-06 12:30:47:637] <18073> quotabase:일시불:2개월:3개월:6개월:12개월
INFO	[2019-11-06 12:30:47:637] <18073> Check Field OK
INFO	[2019-11-06 12:30:47:637] <18073> MERCHANT PRIV KEY LOAD OK
INFO	[2019-11-06 12:30:47:638] <18073> MERCHANT PUB KEY LOAD OK []
INFO	[2019-11-06 12:30:47:639] <18073> CHKFAKE KEY MAKE OK:MjAxOTExMDYxMjMwNDc2Mzg2OTE0OQ==

INFO	[2019-11-06 12:30:47:639] <18073> END chkfake  Laptime:[0sec]
INFO	[2019-11-06 12:30:47:639] <18073> ===============================================================
INFO	[2019-11-06 12:31:25:816] <26224> START INIPHP chkfake (V5036-141209)(OS:Linux2.6.18-274.3.1.el5,PHP:5.2.9)
DEBUG	[2019-11-06 12:31:25:816] <26224> inipayhome:/home/ilearning3/www/inipay
DEBUG	[2019-11-06 12:31:25:816] <26224> type:chkfake
DEBUG	[2019-11-06 12:31:25:816] <26224> debug:true
DEBUG	[2019-11-06 12:31:25:816] <26224> enctype:asym
DEBUG	[2019-11-06 12:31:25:816] <26224> admin:1111
DEBUG	[2019-11-06 12:31:25:816] <26224> checkopt:false
DEBUG	[2019-11-06 12:31:25:816] <26224> mid:obmms20151
DEBUG	[2019-11-06 12:31:25:816] <26224> price:110000
DEBUG	[2019-11-06 12:31:25:816] <26224> nointerest:no
DEBUG	[2019-11-06 12:31:25:816] <26224> quotabase:일시불:2개월:3개월:6개월:12개월
INFO	[2019-11-06 12:31:25:817] <26224> Check Field OK
INFO	[2019-11-06 12:31:25:817] <26224> MERCHANT PRIV KEY LOAD OK
INFO	[2019-11-06 12:31:25:817] <26224> MERCHANT PUB KEY LOAD OK []
INFO	[2019-11-06 12:31:25:820] <26224> CHKFAKE KEY MAKE OK:MjAxOTExMDYxMjMxMjU4MTg2MDMwNw==

INFO	[2019-11-06 12:31:25:820] <26224> END chkfake  Laptime:[0sec]
INFO	[2019-11-06 12:31:25:820] <26224> ===============================================================
