INFO	[2019-09-30 18:05:17:465] <28490> START INIPHP chkfake (V5036-141209)(OS:Linux2.6.18-274.3.1.el5,PHP:5.2.9)
DEBUG	[2019-09-30 18:05:17:489] <28490> inipayhome:/home/ilearning3/www/inipay
DEBUG	[2019-09-30 18:05:17:489] <28490> type:chkfake
DEBUG	[2019-09-30 18:05:17:489] <28490> debug:true
DEBUG	[2019-09-30 18:05:17:489] <28490> enctype:asym
DEBUG	[2019-09-30 18:05:17:489] <28490> admin:1111
DEBUG	[2019-09-30 18:05:17:489] <28490> checkopt:false
DEBUG	[2019-09-30 18:05:17:489] <28490> mid:obmms20151
DEBUG	[2019-09-30 18:05:17:489] <28490> price:550000
DEBUG	[2019-09-30 18:05:17:489] <28490> nointerest:no
DEBUG	[2019-09-30 18:05:17:489] <28490> quotabase:일시불:2개월:3개월:6개월:12개월
INFO	[2019-09-30 18:05:17:489] <28490> Check Field OK
INFO	[2019-09-30 18:05:17:524] <28490> MERCHANT PRIV KEY LOAD OK
INFO	[2019-09-30 18:05:17:554] <28490> MERCHANT PUB KEY LOAD OK []
INFO	[2019-09-30 18:05:17:570] <28490> CHKFAKE KEY MAKE OK:MjAxOTA5MzAxODA1MTc1NTQ2MjIwNQ==

INFO	[2019-09-30 18:05:17:570] <28490> END chkfake  Laptime:[0.12sec]
INFO	[2019-09-30 18:05:17:570] <28490> ===============================================================
INFO	[2019-09-30 18:06:03:24] <27557> START INIPHP chkfake (V5036-141209)(OS:Linux2.6.18-274.3.1.el5,PHP:5.2.9)
DEBUG	[2019-09-30 18:06:03:24] <27557> inipayhome:/home/ilearning3/www/inipay
DEBUG	[2019-09-30 18:06:03:24] <27557> type:chkfake
DEBUG	[2019-09-30 18:06:03:24] <27557> debug:true
DEBUG	[2019-09-30 18:06:03:24] <27557> enctype:asym
DEBUG	[2019-09-30 18:06:03:24] <27557> admin:1111
DEBUG	[2019-09-30 18:06:03:24] <27557> checkopt:false
DEBUG	[2019-09-30 18:06:03:24] <27557> mid:obmms20151
DEBUG	[2019-09-30 18:06:03:24] <27557> price:550000
DEBUG	[2019-09-30 18:06:03:24] <27557> nointerest:no
DEBUG	[2019-09-30 18:06:03:24] <27557> quotabase:일시불:2개월:3개월:6개월:12개월
INFO	[2019-09-30 18:06:03:25] <27557> Check Field OK
INFO	[2019-09-30 18:06:03:25] <27557> MERCHANT PRIV KEY LOAD OK
INFO	[2019-09-30 18:06:03:25] <27557> MERCHANT PUB KEY LOAD OK []
INFO	[2019-09-30 18:06:03:27] <27557> CHKFAKE KEY MAKE OK:MjAxOTA5MzAxODA2MDMwMjYzNDk2Nw==

INFO	[2019-09-30 18:06:03:27] <27557> END chkfake  Laptime:[0.01sec]
INFO	[2019-09-30 18:06:03:27] <27557> ===============================================================
INFO	[2019-09-30 18:06:29:1] <27556> START INIPHP chkfake (V5036-141209)(OS:Linux2.6.18-274.3.1.el5,PHP:5.2.9)
DEBUG	[2019-09-30 18:06:29:1] <27556> inipayhome:/home/ilearning3/www/inipay
DEBUG	[2019-09-30 18:06:29:1] <27556> type:chkfake
DEBUG	[2019-09-30 18:06:29:1] <27556> debug:true
DEBUG	[2019-09-30 18:06:29:1] <27556> enctype:asym
DEBUG	[2019-09-30 18:06:29:1] <27556> admin:1111
DEBUG	[2019-09-30 18:06:29:1] <27556> checkopt:false
DEBUG	[2019-09-30 18:06:29:1] <27556> mid:obmms20151
DEBUG	[2019-09-30 18:06:29:1] <27556> price:550000
DEBUG	[2019-09-30 18:06:29:1] <27556> nointerest:no
DEBUG	[2019-09-30 18:06:29:1] <27556> quotabase:일시불:2개월:3개월:6개월:12개월
INFO	[2019-09-30 18:06:29:2] <27556> Check Field OK
INFO	[2019-09-30 18:06:29:2] <27556> MERCHANT PRIV KEY LOAD OK
INFO	[2019-09-30 18:06:29:2] <27556> MERCHANT PUB KEY LOAD OK []
INFO	[2019-09-30 18:06:29:5] <27556> CHKFAKE KEY MAKE OK:MjAxOTA5MzAxODA2MjkwMDM2NTU5MQ==

INFO	[2019-09-30 18:06:29:5] <27556> END chkfake  Laptime:[0.01sec]
INFO	[2019-09-30 18:06:29:5] <27556> ===============================================================
