INFO	[2017-07-21 13:02:50:705] <1912> START INIPHP chkfake (V5036-141209)(OS:Linux4.4.27,PHP:5.5.17p1)
DEBUG	[2017-07-21 13:02:50:705] <1912> inipayhome:/home/hosting_users/ilearning3/www/inipay
DEBUG	[2017-07-21 13:02:50:705] <1912> type:chkfake
DEBUG	[2017-07-21 13:02:50:705] <1912> debug:true
DEBUG	[2017-07-21 13:02:50:705] <1912> enctype:asym
DEBUG	[2017-07-21 13:02:50:705] <1912> admin:1111
DEBUG	[2017-07-21 13:02:50:705] <1912> checkopt:false
DEBUG	[2017-07-21 13:02:50:705] <1912> mid:obmms20151
DEBUG	[2017-07-21 13:02:50:705] <1912> price:90000
DEBUG	[2017-07-21 13:02:50:705] <1912> nointerest:no
DEBUG	[2017-07-21 13:02:50:705] <1912> quotabase:선택:일시불:2개월:3개월:6개월
INFO	[2017-07-21 13:02:50:705] <1912> Check Field OK
INFO	[2017-07-21 13:02:50:705] <1912> MERCHANT PRIV KEY LOAD OK
INFO	[2017-07-21 13:02:50:706] <1912> MERCHANT PUB KEY LOAD OK []
INFO	[2017-07-21 13:02:50:706] <1912> CHKFAKE KEY MAKE OK:MjAxNzA3MjExMzAyNTA3MDY0NTkxOQ==

INFO	[2017-07-21 13:02:50:706] <1912> END chkfake  Laptime:[0.002sec]
INFO	[2017-07-21 13:02:50:706] <1912> ===============================================================
INFO	[2017-07-21 13:03:04:109] <17777> START INIPHP chkfake (V5036-141209)(OS:Linux4.4.27,PHP:5.5.17p1)
DEBUG	[2017-07-21 13:03:04:109] <17777> inipayhome:/home/hosting_users/ilearning3/www/inipay
DEBUG	[2017-07-21 13:03:04:109] <17777> type:chkfake
DEBUG	[2017-07-21 13:03:04:109] <17777> debug:true
DEBUG	[2017-07-21 13:03:04:109] <17777> enctype:asym
DEBUG	[2017-07-21 13:03:04:109] <17777> admin:1111
DEBUG	[2017-07-21 13:03:04:109] <17777> checkopt:false
DEBUG	[2017-07-21 13:03:04:109] <17777> mid:obmms20151
DEBUG	[2017-07-21 13:03:04:109] <17777> price:90000
DEBUG	[2017-07-21 13:03:04:109] <17777> nointerest:no
DEBUG	[2017-07-21 13:03:04:109] <17777> quotabase:선택:일시불:2개월:3개월:6개월
INFO	[2017-07-21 13:03:04:109] <17777> Check Field OK
INFO	[2017-07-21 13:03:04:110] <17777> MERCHANT PRIV KEY LOAD OK
INFO	[2017-07-21 13:03:04:110] <17777> MERCHANT PUB KEY LOAD OK []
INFO	[2017-07-21 13:03:04:110] <17777> CHKFAKE KEY MAKE OK:MjAxNzA3MjExMzAzMDQxMTA0NjA3Mg==

INFO	[2017-07-21 13:03:04:110] <17777> END chkfake  Laptime:[0.001sec]
INFO	[2017-07-21 13:03:04:110] <17777> ===============================================================
INFO	[2017-07-21 13:05:14:169] <3026> START INIPHP chkfake (V5036-141209)(OS:Linux4.4.27,PHP:5.5.17p1)
DEBUG	[2017-07-21 13:05:14:169] <3026> inipayhome:/home/hosting_users/ilearning3/www/inipay
DEBUG	[2017-07-21 13:05:14:169] <3026> type:chkfake
DEBUG	[2017-07-21 13:05:14:169] <3026> debug:true
DEBUG	[2017-07-21 13:05:14:169] <3026> enctype:asym
DEBUG	[2017-07-21 13:05:14:169] <3026> admin:1111
DEBUG	[2017-07-21 13:05:14:169] <3026> checkopt:false
DEBUG	[2017-07-21 13:05:14:169] <3026> mid:obmms20151
DEBUG	[2017-07-21 13:05:14:169] <3026> price:90000
DEBUG	[2017-07-21 13:05:14:169] <3026> nointerest:no
DEBUG	[2017-07-21 13:05:14:169] <3026> quotabase:선택:일시불:2개월:3개월:6개월
INFO	[2017-07-21 13:05:14:169] <3026> Check Field OK
INFO	[2017-07-21 13:05:14:169] <3026> MERCHANT PRIV KEY LOAD OK
INFO	[2017-07-21 13:05:14:170] <3026> MERCHANT PUB KEY LOAD OK []
INFO	[2017-07-21 13:05:14:170] <3026> CHKFAKE KEY MAKE OK:MjAxNzA3MjExMzA1MTQxNzAxODkwMw==

INFO	[2017-07-21 13:05:14:170] <3026> END chkfake  Laptime:[0.001sec]
INFO	[2017-07-21 13:05:14:170] <3026> ===============================================================
INFO	[2017-07-21 13:06:31:571] <2483> START INIPHP chkfake (V5036-141209)(OS:Linux4.4.27,PHP:5.5.17p1)
DEBUG	[2017-07-21 13:06:31:571] <2483> inipayhome:/home/hosting_users/ilearning3/www/inipay
DEBUG	[2017-07-21 13:06:31:571] <2483> type:chkfake
DEBUG	[2017-07-21 13:06:31:571] <2483> debug:true
DEBUG	[2017-07-21 13:06:31:571] <2483> enctype:asym
DEBUG	[2017-07-21 13:06:31:571] <2483> admin:1111
DEBUG	[2017-07-21 13:06:31:571] <2483> checkopt:false
DEBUG	[2017-07-21 13:06:31:571] <2483> mid:obmms20151
DEBUG	[2017-07-21 13:06:31:571] <2483> price:90000
DEBUG	[2017-07-21 13:06:31:571] <2483> nointerest:no
DEBUG	[2017-07-21 13:06:31:571] <2483> quotabase:선택:일시불:2개월:3개월:6개월
INFO	[2017-07-21 13:06:31:571] <2483> Check Field OK
INFO	[2017-07-21 13:06:31:571] <2483> MERCHANT PRIV KEY LOAD OK
INFO	[2017-07-21 13:06:31:571] <2483> MERCHANT PUB KEY LOAD OK []
INFO	[2017-07-21 13:06:31:572] <2483> CHKFAKE KEY MAKE OK:MjAxNzA3MjExMzA2MzE1NzEzOTMyOQ==

INFO	[2017-07-21 13:06:31:572] <2483> END chkfake  Laptime:[0.001sec]
INFO	[2017-07-21 13:06:31:572] <2483> ===============================================================
INFO	[2017-07-21 14:10:26:753] <22831> START INIPHP chkfake (V5036-141209)(OS:Linux4.4.27,PHP:5.5.17p1)
DEBUG	[2017-07-21 14:10:26:753] <22831> inipayhome:/home/hosting_users/ilearning3/www/inipay
DEBUG	[2017-07-21 14:10:26:753] <22831> type:chkfake
DEBUG	[2017-07-21 14:10:26:753] <22831> debug:true
DEBUG	[2017-07-21 14:10:26:753] <22831> enctype:asym
DEBUG	[2017-07-21 14:10:26:753] <22831> admin:1111
DEBUG	[2017-07-21 14:10:26:753] <22831> checkopt:false
DEBUG	[2017-07-21 14:10:26:753] <22831> mid:obmms20151
DEBUG	[2017-07-21 14:10:26:753] <22831> price:90000
DEBUG	[2017-07-21 14:10:26:753] <22831> nointerest:no
DEBUG	[2017-07-21 14:10:26:753] <22831> quotabase:선택:일시불:2개월:3개월:6개월
INFO	[2017-07-21 14:10:26:753] <22831> Check Field OK
INFO	[2017-07-21 14:10:26:753] <22831> MERCHANT PRIV KEY LOAD OK
INFO	[2017-07-21 14:10:26:753] <22831> MERCHANT PUB KEY LOAD OK []
INFO	[2017-07-21 14:10:26:754] <22831> CHKFAKE KEY MAKE OK:MjAxNzA3MjExNDEwMjY3NTM2NDQyNg==

INFO	[2017-07-21 14:10:26:754] <22831> END chkfake  Laptime:[0.001sec]
INFO	[2017-07-21 14:10:26:754] <22831> ===============================================================
