INFO	[2019-06-12 11:30:32:780] <25596> START INIPHP chkfake (V5036-141209)(OS:Linux2.6.18-274.3.1.el5,PHP:5.2.9)
DEBUG	[2019-06-12 11:30:32:790] <25596> inipayhome:/home/ilearning3/www/inipay
DEBUG	[2019-06-12 11:30:32:790] <25596> type:chkfake
DEBUG	[2019-06-12 11:30:32:790] <25596> debug:true
DEBUG	[2019-06-12 11:30:32:790] <25596> enctype:asym
DEBUG	[2019-06-12 11:30:32:790] <25596> admin:1111
DEBUG	[2019-06-12 11:30:32:790] <25596> checkopt:false
DEBUG	[2019-06-12 11:30:32:790] <25596> mid:obmms20151
DEBUG	[2019-06-12 11:30:32:790] <25596> price:11000
DEBUG	[2019-06-12 11:30:32:790] <25596> nointerest:no
DEBUG	[2019-06-12 11:30:32:790] <25596> quotabase:일시불
INFO	[2019-06-12 11:30:32:791] <25596> Check Field OK
INFO	[2019-06-12 11:30:32:825] <25596> MERCHANT PRIV KEY LOAD OK
INFO	[2019-06-12 11:30:32:854] <25596> MERCHANT PUB KEY LOAD OK []
INFO	[2019-06-12 11:30:32:857] <25596> CHKFAKE KEY MAKE OK:MjAxOTA2MTIxMTMwMzI4NTUzMTM2MQ==

INFO	[2019-06-12 11:30:32:857] <25596> END chkfake  Laptime:[0.08sec]
INFO	[2019-06-12 11:30:32:857] <25596> ===============================================================
INFO	[2019-06-12 13:40:10:539] <31793> START INIPHP chkfake (V5036-141209)(OS:Linux2.6.18-274.3.1.el5,PHP:5.2.9)
DEBUG	[2019-06-12 13:40:10:540] <31793> inipayhome:/home/ilearning3/www/inipay
DEBUG	[2019-06-12 13:40:10:540] <31793> type:chkfake
DEBUG	[2019-06-12 13:40:10:540] <31793> debug:true
DEBUG	[2019-06-12 13:40:10:540] <31793> enctype:asym
DEBUG	[2019-06-12 13:40:10:540] <31793> admin:1111
DEBUG	[2019-06-12 13:40:10:540] <31793> checkopt:false
DEBUG	[2019-06-12 13:40:10:540] <31793> mid:obmms20151
DEBUG	[2019-06-12 13:40:10:540] <31793> price:11000
DEBUG	[2019-06-12 13:40:10:540] <31793> nointerest:no
DEBUG	[2019-06-12 13:40:10:540] <31793> quotabase:일시불
INFO	[2019-06-12 13:40:10:540] <31793> Check Field OK
INFO	[2019-06-12 13:40:10:540] <31793> MERCHANT PRIV KEY LOAD OK
INFO	[2019-06-12 13:40:10:541] <31793> MERCHANT PUB KEY LOAD OK []
INFO	[2019-06-12 13:40:10:543] <31793> CHKFAKE KEY MAKE OK:MjAxOTA2MTIxMzQwMTA1NDE2NzUyOA==

INFO	[2019-06-12 13:40:10:543] <31793> END chkfake  Laptime:[0sec]
INFO	[2019-06-12 13:40:10:543] <31793> ===============================================================
