INFO	[2019-01-24 12:57:02:600] <43580> START INIPHP chkfake (V5036-141209)(OS:Linux3.10.0-862.11.6.el7.x86_64,PHP:5.5.17p1)
DEBUG	[2019-01-24 12:57:02:600] <43580> inipayhome:/home/hosting_users/ilearning3/www/inipay
DEBUG	[2019-01-24 12:57:02:600] <43580> type:chkfake
DEBUG	[2019-01-24 12:57:02:600] <43580> debug:true
DEBUG	[2019-01-24 12:57:02:600] <43580> enctype:asym
DEBUG	[2019-01-24 12:57:02:600] <43580> admin:1111
DEBUG	[2019-01-24 12:57:02:600] <43580> checkopt:false
DEBUG	[2019-01-24 12:57:02:600] <43580> mid:obmms20151
DEBUG	[2019-01-24 12:57:02:600] <43580> price:11000
DEBUG	[2019-01-24 12:57:02:600] <43580> nointerest:no
DEBUG	[2019-01-24 12:57:02:600] <43580> quotabase:일시불
INFO	[2019-01-24 12:57:02:600] <43580> Check Field OK
INFO	[2019-01-24 12:57:02:664] <43580> MERCHANT PRIV KEY LOAD OK
INFO	[2019-01-24 12:57:02:668] <43580> MERCHANT PUB KEY LOAD OK []
INFO	[2019-01-24 12:57:02:677] <43580> CHKFAKE KEY MAKE OK:MjAxOTAxMjQxMjU3MDI2Njg2MjU2MA==

INFO	[2019-01-24 12:57:02:677] <43580> END chkfake  Laptime:[0.078sec]
INFO	[2019-01-24 12:57:02:677] <43580> ===============================================================
INFO	[2019-01-24 12:57:11:678] <32564> START INIPHP chkfake (V5036-141209)(OS:Linux3.10.0-862.11.6.el7.x86_64,PHP:5.5.17p1)
DEBUG	[2019-01-24 12:57:11:678] <32564> inipayhome:/home/hosting_users/ilearning3/www/inipay
DEBUG	[2019-01-24 12:57:11:678] <32564> type:chkfake
DEBUG	[2019-01-24 12:57:11:678] <32564> debug:true
DEBUG	[2019-01-24 12:57:11:678] <32564> enctype:asym
DEBUG	[2019-01-24 12:57:11:678] <32564> admin:1111
DEBUG	[2019-01-24 12:57:11:678] <32564> checkopt:false
DEBUG	[2019-01-24 12:57:11:678] <32564> mid:obmms20151
DEBUG	[2019-01-24 12:57:11:678] <32564> price:11000
DEBUG	[2019-01-24 12:57:11:678] <32564> nointerest:no
DEBUG	[2019-01-24 12:57:11:678] <32564> quotabase:일시불
INFO	[2019-01-24 12:57:11:678] <32564> Check Field OK
INFO	[2019-01-24 12:57:11:678] <32564> MERCHANT PRIV KEY LOAD OK
INFO	[2019-01-24 12:57:11:679] <32564> MERCHANT PUB KEY LOAD OK []
INFO	[2019-01-24 12:57:11:680] <32564> CHKFAKE KEY MAKE OK:MjAxOTAxMjQxMjU3MTE2NzkzNzQzMg==

INFO	[2019-01-24 12:57:11:680] <32564> END chkfake  Laptime:[0.002sec]
INFO	[2019-01-24 12:57:11:680] <32564> ===============================================================
INFO	[2019-01-24 12:57:21:564] <32654> START INIPHP chkfake (V5036-141209)(OS:Linux3.10.0-862.11.6.el7.x86_64,PHP:5.5.17p1)
DEBUG	[2019-01-24 12:57:21:564] <32654> inipayhome:/home/hosting_users/ilearning3/www/inipay
DEBUG	[2019-01-24 12:57:21:564] <32654> type:chkfake
DEBUG	[2019-01-24 12:57:21:564] <32654> debug:true
DEBUG	[2019-01-24 12:57:21:564] <32654> enctype:asym
DEBUG	[2019-01-24 12:57:21:564] <32654> admin:1111
DEBUG	[2019-01-24 12:57:21:564] <32654> checkopt:false
DEBUG	[2019-01-24 12:57:21:564] <32654> mid:obmms20151
DEBUG	[2019-01-24 12:57:21:564] <32654> price:11000
DEBUG	[2019-01-24 12:57:21:564] <32654> nointerest:no
DEBUG	[2019-01-24 12:57:21:564] <32654> quotabase:일시불
INFO	[2019-01-24 12:57:21:564] <32654> Check Field OK
INFO	[2019-01-24 12:57:21:564] <32654> MERCHANT PRIV KEY LOAD OK
INFO	[2019-01-24 12:57:21:565] <32654> MERCHANT PUB KEY LOAD OK []
INFO	[2019-01-24 12:57:21:566] <32654> CHKFAKE KEY MAKE OK:MjAxOTAxMjQxMjU3MjE1NjU0OTMyMw==

INFO	[2019-01-24 12:57:21:566] <32654> END chkfake  Laptime:[0.002sec]
INFO	[2019-01-24 12:57:21:566] <32654> ===============================================================
INFO	[2019-01-24 12:58:20:241] <39239> START INIPHP chkfake (V5036-141209)(OS:Linux3.10.0-862.11.6.el7.x86_64,PHP:5.5.17p1)
DEBUG	[2019-01-24 12:58:20:241] <39239> inipayhome:/home/hosting_users/ilearning3/www/inipay
DEBUG	[2019-01-24 12:58:20:241] <39239> type:chkfake
DEBUG	[2019-01-24 12:58:20:241] <39239> debug:true
DEBUG	[2019-01-24 12:58:20:241] <39239> enctype:asym
DEBUG	[2019-01-24 12:58:20:241] <39239> admin:1111
DEBUG	[2019-01-24 12:58:20:241] <39239> checkopt:false
DEBUG	[2019-01-24 12:58:20:241] <39239> mid:obmms20151
DEBUG	[2019-01-24 12:58:20:241] <39239> price:11000
DEBUG	[2019-01-24 12:58:20:241] <39239> nointerest:no
DEBUG	[2019-01-24 12:58:20:241] <39239> quotabase:일시불
INFO	[2019-01-24 12:58:20:241] <39239> Check Field OK
INFO	[2019-01-24 12:58:20:241] <39239> MERCHANT PRIV KEY LOAD OK
INFO	[2019-01-24 12:58:20:241] <39239> MERCHANT PUB KEY LOAD OK []
INFO	[2019-01-24 12:58:20:242] <39239> CHKFAKE KEY MAKE OK:MjAxOTAxMjQxMjU4MjAyNDE5MDMxMA==

INFO	[2019-01-24 12:58:20:242] <39239> END chkfake  Laptime:[0.002sec]
INFO	[2019-01-24 12:58:20:242] <39239> ===============================================================
