INFO	[2019-03-06 11:22:32:561] <19179> START INIPHP chkfake (V5036-141209)(OS:Linux3.10.0-862.11.6.el7.x86_64,PHP:5.5.17p1)
DEBUG	[2019-03-06 11:22:32:561] <19179> inipayhome:/home/hosting_users/ilearning3/www/inipay
DEBUG	[2019-03-06 11:22:32:561] <19179> type:chkfake
DEBUG	[2019-03-06 11:22:32:561] <19179> debug:true
DEBUG	[2019-03-06 11:22:32:561] <19179> enctype:asym
DEBUG	[2019-03-06 11:22:32:561] <19179> admin:1111
DEBUG	[2019-03-06 11:22:32:561] <19179> checkopt:false
DEBUG	[2019-03-06 11:22:32:561] <19179> mid:obmms20151
DEBUG	[2019-03-06 11:22:32:561] <19179> price:11000
DEBUG	[2019-03-06 11:22:32:561] <19179> nointerest:no
DEBUG	[2019-03-06 11:22:32:561] <19179> quotabase:일시불
INFO	[2019-03-06 11:22:32:561] <19179> Check Field OK
INFO	[2019-03-06 11:22:32:673] <19179> MERCHANT PRIV KEY LOAD OK
INFO	[2019-03-06 11:22:32:682] <19179> MERCHANT PUB KEY LOAD OK []
INFO	[2019-03-06 11:22:32:685] <19179> CHKFAKE KEY MAKE OK:MjAxOTAzMDYxMTIyMzI2ODI4OTg1MQ==

INFO	[2019-03-06 11:22:32:685] <19179> END chkfake  Laptime:[0.125sec]
INFO	[2019-03-06 11:22:32:685] <19179> ===============================================================
INFO	[2019-03-06 11:29:45:778] <18448> START INIPHP chkfake (V5036-141209)(OS:Linux3.10.0-862.11.6.el7.x86_64,PHP:5.5.17p1)
DEBUG	[2019-03-06 11:29:45:778] <18448> inipayhome:/home/hosting_users/ilearning3/www/inipay
DEBUG	[2019-03-06 11:29:45:778] <18448> type:chkfake
DEBUG	[2019-03-06 11:29:45:778] <18448> debug:true
DEBUG	[2019-03-06 11:29:45:778] <18448> enctype:asym
DEBUG	[2019-03-06 11:29:45:778] <18448> admin:1111
DEBUG	[2019-03-06 11:29:45:778] <18448> checkopt:false
DEBUG	[2019-03-06 11:29:45:778] <18448> mid:obmms20151
DEBUG	[2019-03-06 11:29:45:778] <18448> price:11000
DEBUG	[2019-03-06 11:29:45:778] <18448> nointerest:no
DEBUG	[2019-03-06 11:29:45:778] <18448> quotabase:일시불
INFO	[2019-03-06 11:29:45:778] <18448> Check Field OK
INFO	[2019-03-06 11:29:45:778] <18448> MERCHANT PRIV KEY LOAD OK
INFO	[2019-03-06 11:29:45:778] <18448> MERCHANT PUB KEY LOAD OK []
INFO	[2019-03-06 11:29:45:779] <18448> CHKFAKE KEY MAKE OK:MjAxOTAzMDYxMTI5NDU3Nzg3NzQ2Ng==

INFO	[2019-03-06 11:29:45:779] <18448> END chkfake  Laptime:[0.001sec]
INFO	[2019-03-06 11:29:45:779] <18448> ===============================================================
