INFO	[2019-08-06 15:14:43:42] <23960> START INIPHP chkfake (V5036-141209)(OS:Linux2.6.18-274.3.1.el5,PHP:5.2.9)
DEBUG	[2019-08-06 15:14:43:42] <23960> inipayhome:/home/ilearning3/www/inipay
DEBUG	[2019-08-06 15:14:43:42] <23960> type:chkfake
DEBUG	[2019-08-06 15:14:43:42] <23960> debug:true
DEBUG	[2019-08-06 15:14:43:42] <23960> enctype:asym
DEBUG	[2019-08-06 15:14:43:42] <23960> admin:1111
DEBUG	[2019-08-06 15:14:43:42] <23960> checkopt:false
DEBUG	[2019-08-06 15:14:43:42] <23960> mid:obmms20151
DEBUG	[2019-08-06 15:14:43:42] <23960> price:22000
DEBUG	[2019-08-06 15:14:43:42] <23960> nointerest:no
DEBUG	[2019-08-06 15:14:43:42] <23960> quotabase:ÏÑ†ÌÉù:ÏùºÏãúÎ∂à:2Í∞úÏõî:3Í∞úÏõî:6Í∞úÏõî:12Í∞úÏõî
INFO	[2019-08-06 15:14:43:42] <23960> Check Field OK
INFO	[2019-08-06 15:14:43:43] <23960> MERCHANT PRIV KEY LOAD OK
INFO	[2019-08-06 15:14:43:43] <23960> MERCHANT PUB KEY LOAD OK []
INFO	[2019-08-06 15:14:43:44] <23960> CHKFAKE KEY MAKE OK:MjAxOTA4MDYxNTE0NDMwNDM1NTM3MA==

INFO	[2019-08-06 15:14:43:44] <23960> END chkfake  Laptime:[0sec]
INFO	[2019-08-06 15:14:43:44] <23960> ===============================================================
INFO	[2019-08-06 17:47:44:380] <24966> START INIPHP chkfake (V5036-141209)(OS:Linux2.6.18-274.3.1.el5,PHP:5.2.9)
DEBUG	[2019-08-06 17:47:44:380] <24966> inipayhome:/home/ilearning3/www/inipay
DEBUG	[2019-08-06 17:47:44:380] <24966> type:chkfake
DEBUG	[2019-08-06 17:47:44:380] <24966> debug:true
DEBUG	[2019-08-06 17:47:44:380] <24966> enctype:asym
DEBUG	[2019-08-06 17:47:44:380] <24966> admin:1111
DEBUG	[2019-08-06 17:47:44:380] <24966> checkopt:false
DEBUG	[2019-08-06 17:47:44:380] <24966> mid:obmms20151
DEBUG	[2019-08-06 17:47:44:380] <24966> price:100000
DEBUG	[2019-08-06 17:47:44:380] <24966> nointerest:no
DEBUG	[2019-08-06 17:47:44:380] <24966> quotabase:ÏÑ†ÌÉù:ÏùºÏãúÎ∂à:2Í∞úÏõî:3Í∞úÏõî:6Í∞úÏõî:12Í∞úÏõî
INFO	[2019-08-06 17:47:44:380] <24966> Check Field OK
INFO	[2019-08-06 17:47:44:381] <24966> MERCHANT PRIV KEY LOAD OK
INFO	[2019-08-06 17:47:44:381] <24966> MERCHANT PUB KEY LOAD OK []
INFO	[2019-08-06 17:47:44:384] <24966> CHKFAKE KEY MAKE OK:MjAxOTA4MDYxNzQ3NDQzODE2MDQ5NQ==

INFO	[2019-08-06 17:47:44:384] <24966> END chkfake  Laptime:[0sec]
INFO	[2019-08-06 17:47:44:384] <24966> ===============================================================
INFO	[2019-08-06 19:27:41:15] <19554> START INIPHP chkfake (V5036-141209)(OS:Linux2.6.18-274.3.1.el5,PHP:5.2.9)
DEBUG	[2019-08-06 19:27:41:15] <19554> inipayhome:/home/ilearning3/www/inipay
DEBUG	[2019-08-06 19:27:41:15] <19554> type:chkfake
DEBUG	[2019-08-06 19:27:41:15] <19554> debug:true
DEBUG	[2019-08-06 19:27:41:15] <19554> enctype:asym
DEBUG	[2019-08-06 19:27:41:15] <19554> admin:1111
DEBUG	[2019-08-06 19:27:41:15] <19554> checkopt:false
DEBUG	[2019-08-06 19:27:41:15] <19554> mid:obmms20151
DEBUG	[2019-08-06 19:27:41:15] <19554> price:100000
DEBUG	[2019-08-06 19:27:41:15] <19554> nointerest:no
DEBUG	[2019-08-06 19:27:41:15] <19554> quotabase:ÏÑ†ÌÉù:ÏùºÏãúÎ∂à:2Í∞úÏõî:3Í∞úÏõî:6Í∞úÏõî:12Í∞úÏõî
INFO	[2019-08-06 19:27:41:15] <19554> Check Field OK
INFO	[2019-08-06 19:27:41:16] <19554> MERCHANT PRIV KEY LOAD OK
INFO	[2019-08-06 19:27:41:16] <19554> MERCHANT PUB KEY LOAD OK []
INFO	[2019-08-06 19:27:41:17] <19554> CHKFAKE KEY MAKE OK:MjAxOTA4MDYxOTI3NDEwMTYyOTA0NA==

INFO	[2019-08-06 19:27:41:17] <19554> END chkfake  Laptime:[0sec]
INFO	[2019-08-06 19:27:41:17] <19554> ===============================================================
INFO	[2019-08-06 19:27:56:562] <17508> START INIPHP chkfake (V5036-141209)(OS:Linux2.6.18-274.3.1.el5,PHP:5.2.9)
DEBUG	[2019-08-06 19:27:56:562] <17508> inipayhome:/home/ilearning3/www/inipay
DEBUG	[2019-08-06 19:27:56:562] <17508> type:chkfake
DEBUG	[2019-08-06 19:27:56:562] <17508> debug:true
DEBUG	[2019-08-06 19:27:56:562] <17508> enctype:asym
DEBUG	[2019-08-06 19:27:56:562] <17508> admin:1111
DEBUG	[2019-08-06 19:27:56:562] <17508> checkopt:false
DEBUG	[2019-08-06 19:27:56:562] <17508> mid:obmms20151
DEBUG	[2019-08-06 19:27:56:562] <17508> price:100000
DEBUG	[2019-08-06 19:27:56:562] <17508> nointerest:no
DEBUG	[2019-08-06 19:27:56:562] <17508> quotabase:ÏÑ†ÌÉù:ÏùºÏãúÎ∂à:2Í∞úÏõî:3Í∞úÏõî:6Í∞úÏõî:12Í∞úÏõî
INFO	[2019-08-06 19:27:56:562] <17508> Check Field OK
INFO	[2019-08-06 19:27:56:562] <17508> MERCHANT PRIV KEY LOAD OK
INFO	[2019-08-06 19:27:56:562] <17508> MERCHANT PUB KEY LOAD OK []
INFO	[2019-08-06 19:27:56:564] <17508> CHKFAKE KEY MAKE OK:MjAxOTA4MDYxOTI3NTY1NjI2MDI3Mg==

INFO	[2019-08-06 19:27:56:564] <17508> END chkfake  Laptime:[0sec]
INFO	[2019-08-06 19:27:56:564] <17508> ===============================================================
INFO	[2019-08-06 19:32:00:686] <19554> START INIPHP securepay (V5036-141209)(OS:Linux2.6.18-274.3.1.el5,PHP:5.2.9)
DEBUG	[2019-08-06 19:32:00:686] <19554> inipayhome:/home/ilearning3/www/inipay
DEBUG	[2019-08-06 19:32:00:686] <19554> type:securepay
DEBUG	[2019-08-06 19:32:00:686] <19554> pgid:INIphpCARD
DEBUG	[2019-08-06 19:32:00:686] <19554> subpgip:203.238.3.10
DEBUG	[2019-08-06 19:32:00:686] <19554> admin:1111
DEBUG	[2019-08-06 19:32:00:686] <19554> debug:true
DEBUG	[2019-08-06 19:32:00:686] <19554> uid:
DEBUG	[2019-08-06 19:32:00:686] <19554> goodname:±‚∫ª«¸
DEBUG	[2019-08-06 19:32:00:686] <19554> currency:WON
DEBUG	[2019-08-06 19:32:00:686] <19554> mid:obmms20151
DEBUG	[2019-08-06 19:32:00:686] <19554> rn:MjAxOTA4MDYxOTI3NTY1NjI2MDI3Mg==

DEBUG	[2019-08-06 19:32:00:686] <19554> price:100000
DEBUG	[2019-08-06 19:32:00:686] <19554> enctype:
DEBUG	[2019-08-06 19:32:00:686] <19554> buyername:¿ÃΩ¬øÌ
DEBUG	[2019-08-06 19:32:00:686] <19554> buyertel:010-4999-6174
DEBUG	[2019-08-06 19:32:00:686] <19554> buyeremail:nald83@naver.com
DEBUG	[2019-08-06 19:32:00:686] <19554> paymethod:Card
DEBUG	[2019-08-06 19:32:00:686] <19554> encrypted:Version=4.1&PayMethod=Card&RsaKeyNum=1&EncryptionAlgorithm=SEED-CBC&SignAlgorithm=RSAwithSHA1&CertVer=39&moid=12568_190806072756&ver_trace=main(6109,6065)vcard(6115)card(6185,6158)n(6009)Cs(6025)Dt(6002)Pa(6002)Cf(6025)Fv(0000)La(6183)Re(6135)Vr(6008)P(6034)en(6070)&pg1=39.115.212.10&pg2=203.238.37.3&pg1ip=39.115.212.10&pg2ip=203.238.37.3&agreeflag=1111&Data=6sv4JHbDBkSZH0SuencBM05NMND6PxDZ6sLXusSnsNRJ/2empvGs9GNZYuJI3Kce
zag3oXJr7LOCsF4kYTQOBlHnXAwfPejGuPOE0ZJnyWIi2DT6E0WsUXhxEPOaz/sr
1OjVqos2Ifa6f8hr8A/6G3kswq5IH2EywOxCSvg8h19JuQj75NdkDPAL0Sw0NMvM
EtWapOcpHjskIw57n08UweIQVOpfx2hVp7RZ3xOxvtM/t+lEtcCZ/3SSyhI5wKLm
XKj4AEDDbp46k4ish3ZWbJ9d6MQsWgBDT/mAoYLwDQmFHf+DAQRKe8Q34WqwlINA
qnVI7VFi+kt6mAV/ZFSM4kX8CfiLVUivYfyobnWwoGybl02eYy7d7mTo7w121dHc
rOmfc23kagZHwRsljRhY37EB1oEeiJzpqoQ1y/XXED7U1v7DGwLV2WjK3FUpI+vm
S4nDV/qtMaZroCKY9U74fgXiJsYjApTpBcxA4E1kdl5alTz5+9zAUCqeXTREGbrI
wAwGRGjD6L28uaPTRs7yTJ0q54BYSaLSn2F5J3JyimeGjDTueIT6QaYlwrlvyLFn
2s3hvgk5OYHQDrbnMdBomLjlQXpqhquDeNlbOLJWde24d61KyfD45CscOGvD141o
sQPvQrDZVrr6VbhsQyBRaXzSSJXVO5O/MhFTA/+SzOowK+bsO0Z39rK2qY5lukXs
U0M7BxTdirObJpwS+8pWlfVA0rMzbDY=
DEBUG	[2019-08-06 19:32:00:686] <19554> sessionkey:KSfJJtEDoi1OtJQQKbrhCpPYqF7k8fuhbkoi0fw0pxqnwxbW/wL4Lra75L2FnTid
53vtXpZF9CaGWYxsHEtR8cNhgGbaBhL4M32Q2SDa6T//uH2PLAaBBJ/w0+80Uk0Q
aE6BMDqdVJlVq+7DZQPLquDBAcV6+bRZPgwz/D+vZrM=
DEBUG	[2019-08-06 19:32:00:686] <19554> url:http://www.obmms.net
DEBUG	[2019-08-06 19:32:00:686] <19554> cardcode:06
DEBUG	[2019-08-06 19:32:00:686] <19554> parentemail:nald83@naver.com
DEBUG	[2019-08-06 19:32:00:686] <19554> recvname:
DEBUG	[2019-08-06 19:32:00:686] <19554> recvtel:
DEBUG	[2019-08-06 19:32:00:686] <19554> recvaddr:
DEBUG	[2019-08-06 19:32:00:686] <19554> recvpostnum:
DEBUG	[2019-08-06 19:32:00:686] <19554> recvmsg:
DEBUG	[2019-08-06 19:32:00:686] <19554> joincard:
DEBUG	[2019-08-06 19:32:00:686] <19554> joinexpire:
DEBUG	[2019-08-06 19:32:00:686] <19554> id_customer:
INFO	[2019-08-06 19:32:00:686] <19554> Check Field OK
INFO	[2019-08-06 19:32:00:686] <19554> Make TID OK INIphpCARDobmms2015120190806193200866515
INFO	[2019-08-06 19:32:00:687] <19554> PI PUB KEY LOAD OK [39]
INFO	[2019-08-06 19:32:00:705] <19554> PG PUB KEY LOAD OK [30]
INFO	[2019-08-06 19:32:00:705] <19554> MERCHANT PRIV KEY LOAD OK
INFO	[2019-08-06 19:32:00:706] <19554> MERCHANT PUB KEY LOAD OK [0]
INFO	[2019-08-06 19:32:00:708] <19554> MAKE BODY OK
INFO	[2019-08-06 19:32:00:710] <19554> SIGN OK
INFO	[2019-08-06 19:32:00:710] <19554> MAKE HEAD OK
INFO	[2019-08-06 19:32:00:711] <19554> MSG_TO_PG:[0279500175R SHA1                   0                  39                  300200obmms20151              100000INIphpCARDobmms2015120190806193200866515<?xml version="1.0" encoding="UTF-8"?>
<INIpay>
	  <GoodsInfo>
	    <GoodsCnt>1</GoodsCnt>
	    <MOID/>
	    <Currency>WON</Currency>
	    <Tax/>
	    <TaxFree/>
	    <Goods>
	      <SMID>obmms20151</SMID>
	      <GoodsName urlencode="1">%B1%E2%BA%BB%C7%FC</GoodsName>
	      <GoodsPrice>100000</GoodsPrice></Goods></GoodsInfo>
	  <BuyerInfo>
	    <BuyerName urlencode="1">%C0%CC%BD%C2%BF%ED</BuyerName>
	    <BuyerTel>010-4999-6174</BuyerTel>
	    <BuyerEmail urlencode="1">nald83%40naver.com</BuyerEmail>
	    <ParentEmail urlencode="1">nald83%40naver.com</ParentEmail>
	    <RecvName/>
	    <RecvTel/>
	    <RecvMsg/>
	    <RecvAddr/>
	    <RecvPostNum/></BuyerInfo>
	  <PaymentInfo>
	    <Payment>
	      <PayMethod>Card</PayMethod>
	      <JoinCard/>
	      <JoinExpire/>
	      <MailOrder/>
	      <SessionKey>KSfJJtEDoi1OtJQQKbrhCpPYqF7k8fuhbkoi0fw0pxqnwxbW/wL4Lra75L2FnTid
53vtXpZF9CaGWYxsHEtR8cNhgGbaBhL4M32Q2SDa6T//uH2PLAaBBJ/w0+80Uk0Q
aE6BMDqdVJlVq+7DZQPLquDBAcV6+bRZPgwz/D+vZrM=</SessionKey>
	      <Encrypted urlencode="1">Version%3D4.1%26PayMethod%3DCard%26RsaKeyNum%3D1%26EncryptionAlgorithm%3DSEED-CBC%26SignAlgorithm%3DRSAwithSHA1%26CertVer%3D39%26moid%3D12568_190806072756%26ver_trace%3Dmain%286109%2C6065%29vcard%286115%29card%286185%2C6158%29n%286009%29Cs%286025%29Dt%286002%29Pa%286002%29Cf%286025%29Fv%280000%29La%286183%29Re%286135%29Vr%286008%29P%286034%29en%286070%29%26pg1%3D39.115.212.10%26pg2%3D203.238.37.3%26pg1ip%3D39.115.212.10%26pg2ip%3D203.238.37.3%26agreeflag%3D1111%26Data%3D6sv4JHbDBkSZH0SuencBM05NMND6PxDZ6sLXusSnsNRJ%2F2empvGs9GNZYuJI3Kce%0D%0Azag3oXJr7LOCsF4kYTQOBlHnXAwfPejGuPOE0ZJnyWIi2DT6E0WsUXhxEPOaz%2Fsr%0D%0A1OjVqos2Ifa6f8hr8A%2F6G3kswq5IH2EywOxCSvg8h19JuQj75NdkDPAL0Sw0NMvM%0D%0AEtWapOcpHjskIw57n08UweIQVOpfx2hVp7RZ3xOxvtM%2Ft%2BlEtcCZ%2F3SSyhI5wKLm%0D%0AXKj4AEDDbp46k4ish3ZWbJ9d6MQsWgBDT%2FmAoYLwDQmFHf%2BDAQRKe8Q34WqwlINA%0D%0AqnVI7VFi%2Bkt6mAV%2FZFSM4kX8CfiLVUivYfyobnWwoGybl02eYy7d7mTo7w121dHc%0D%0ArOmfc23kagZHwRsljRhY37EB1oEeiJzpqoQ1y%2FXXED7U1v7DGwLV2WjK3FUpI%2Bvm%0D%0AS4nDV%2FqtMaZroCKY9U74fgXiJsYjApTpBcxA4E1kdl5alTz5%2B9zAUCqeXTREGbrI%0D%0AwAwGRGjD6L28uaPTRs7yTJ0q54BYSaLSn2F5J3JyimeGjDTueIT6QaYlwrlvyLFn%0D%0A2s3hvgk5OYHQDrbnMdBomLjlQXpqhquDeNlbOLJWde24d61KyfD45CscOGvD141o%0D%0AsQPvQrDZVrr6VbhsQyBRaXzSSJXVO5O%2FMhFTA%2F%2BSzOowK%2BbsO0Z39rK2qY5lukXs%0D%0AU0M7BxTdirObJpwS%2B8pWlfVA0rMzbDY%3D</Encrypted></Payment></PaymentInfo>
	  <ReservedInfo>
	    <MReserved1/>
	    <MReserved2/>
	    <MReserved3/></ReservedInfo>
	  <ManageInfo>
	    <Language/>
	    <URL urlencode="1">http%3A%2F%2Fwww.obmms.net</URL>
	    <TXVersion>5036B141209securLinux     PHPchkfake   2.6.18-274.3.1.el5PHP:5.2.9   </TXVersion>
	    <TXUserID/>
	    <TXRegNum/>
	    <Ack>1</Ack>
	    <TXRN>MjAxOTA4MDYxOTI3NTY1NjI2MDI3Mg==
</TXRN></ManageInfo></INIpay>AStZSX42So1ukBEb/glU0LyOtsrq16qGpi807+SGtFdZLa99zIQVUqKPP0lUc4AH
zNJLpvnD+arNAn867wdpfK0mSTIc69Ip2WBGl+gsRhL77blntYN2R2fKxaLj7OgG
iey8vnFUGwqR2MJKsMAMNDx+s3uGFlap3Wnn6A0cfhiv
]
INFO	[2019-08-06 19:32:00:722] <19554> DNS LOOKUP OK(39.115.212.10:39.115.212.10:34049) laptime:0
INFO	[2019-08-06 19:32:00:724] <19554> SOCKET CONNECT OK
INFO	[2019-08-06 19:32:00:724] <19554> SEND OK
INFO	[2019-08-06 19:32:01:122] <19554> RECV OK
INFO	[2019-08-06 19:32:01:122] <19554> MSG_FROM_PG:[0313300175D SHA1                   0                  39                  300210obmms20151              100000INIphpCARDobmms2015120190806193200866515<?xml version="1.0" encoding="UTF-8"?>
<INIpay>
  <GoodsInfo>
    <GoodsCnt>1</GoodsCnt>
    <MOID urlencode="1">12568_190806072756</MOID>
    <Currency>WON</Currency>
    <Goods no="1">
      <SMID>obmms20151</SMID>
      <GoodsName urlencode="1">%B1%E2%BA%BB%C7%FC</GoodsName>
      <GoodsCntS>1</GoodsCntS>
      <GoodsPrice>100000</GoodsPrice>
    </Goods>
  </GoodsInfo>
  <PaymentInfo>
    <Payment>
      <SessionKey>ARRcjXBVsBM4yNoXt+FGir68bWGvQyebe2AYvq1B5FecqOGhQyfte6gqNJyfV8p6
pPp6CkaHld/UKD3VqWn3p13ZwC5DMKoANi6SgfQanqFI1sWZdUBAw4/CKGAkhrZu
d8+PrYNKcU/8PDTjfx+77fjUYeoIm2Wp2+K1bCgx6YGLrasg3lz79H0=
</SessionKey>
      <Encrypted>GbPXOFiPFahJcdOqRR++GZxpcOkKAlpDvaHLpJJfMpNMCSPmalwVJC5f4MoIlamA
l1ZzYerB3VgcRwPowfHaCcMxhu8QG2hBHzQtecXTyvFdWHq5RUr8a0zqRG0K/tl8
qcYGNYbf0nClRSlPfOmDxI20VCVMo0cZjVtxsNsBOF+9uDPtuy73bKdJUSiljokr
LqBKoM9IMHAtBACd8rC4IxF+TbY/KQ4PvUM1Z0PmjpIwZ2/0V1vqut+8ZjLsU39+
qGi6DBnnXFZda+OZQMdShk3ivy8OecqcpYRTAu6fMFsZ3LKqyLqbMSnbhDd8Wqgf
4JZLgwXsYTkHLkSxGp+ZEsTNBfBuZpOONAbFAF1YHs2gtvcd+ab657igWuFrsqDZ
AU10fClYGGjBknRPlvkVYyzOpaPi9/TMtG87W4q68Ox5fDkyBClwpqilPOkjtpCj
iAoni2/xJfgLwlFVcjC5ueylSveWaeRfowtFVxF88P23WQRqxhGDrUKEjBMMfunr
pAdfYK96BkWaV3s/Jm+NvRy6lvxCuxvM+NWRGWd6Aqr9d5nEdIv/t+ybGeVcNAUD
ixpzZHE23oPqvYHjVndlJ6Hb/+Z/SOF5hj7FVl+O8jHOP5Y3U0TYDLOcW99zZHkg
vMDw0ytHeA8LplEZ99iVuNxd8ZVNLXk1LeXlxLoYHfg6yRMD1JTqOhL3lOA0sia3
9+avHhihp/cW6EUZrkotRS35TBKi4+JeeD1wRoiyBIQke8ezU5l00DY75AsAtVF8
AhQP5Agp+RIACmOZNcUvzffSDvmeqlydNV7Z9lmoi6EQLAlaFFjbXdxjV0cBLAvc
2qu86Es6L9e5JRvIufHE/VJyBqfLMtoXEmhfVknkZ8Hut4hFMlIG0M+W1CP+Orm/
A0buFwtiSiEePHeoxHGbCfQQhcDVtidgrC3Pt9JJjLm4LDOpmSLVlK3dRHN7hnlp
IA/NYXbACaVeSrbgBD3mQchSATe8vOgb7iiezui1H4vfGZtD114fwnW0Rt+hNgcJ
s4PxYEHTkiaLP6cw2x02u3WtWX+y80NDlKi7oAq1O56RxfB2D/lCh/XcQicVjt2A
iTq06F5PTnWgRaxvmnsuzGTOYvc7/tBAHCkisckMSJVw+bxncRN/IdGuoWvMXf5u
ChSlHpPyPlAq/9oopRhlXXMKP/Gqqhc+Dyn3bRCha24Y5Od0Cj/I5nAwAJUc5YT/
00OYOacRW4fAne5WSvtDj+oLkMCfbwWl1RgtwddAWPAbC8jePR1bZUTqQE0NAEXY
qWOxq+mndQ2S1icCGrns9UQy7Co6iD4yzee5S8PhqaYc0W69ji4SnNVHqjfZcwA+
Yli82Kwh0HjlYmkj/b3I4VxlBXcbU3n5DeRggjFNb6NeR0Qta+2AlJoqx6khEL4A
JeLHanWeWd+lYnf7KfiB2W0+S6kQ6LsKcLLnPI/+xxvR/6zsrmSBFPF/TNcR6zWq
nzQawSfg8wBRhOs0muFEIq31O49ED1k1kVgWY2nE6KOeZE16MwkET5nBgjyMXC1Y
vfS59qDC0gm/9hAC1rV2HVEDqq9M2x1/IdpMHyK41aWUsqo7FR9otPJxD7nWF3sz
G7U9mIc9r+5rYKrba+/eqci/09LEYIQ8Z/9+Urh8qx/ZwBR4U1JFPcJ7o/OEAL3r
+9N1fX1U4x37AMYfY77Fi30Cl/6NIAJmT0mK3ccRBHnHQiGJaQmAOCkZyWI4ZEC9
5nAnnazsn4yWeHaa6nV8xg==
</Encrypted>
      <PayMethod>Card</PayMethod>
      <ResultCode>120000</ResultCode>
      <ResultMsg urlencode="1">%C1%A4%BB%F3%C3%B3%B8%AE%B5%C7%BE%FA%BD%C0%B4%CF%B4%D9.</ResultMsg>
      <src_code>K</src_code>
    </Payment>
  </PaymentInfo>
  <ManageInfo>
    <EventCode></EventCode>
    <OrgCurrency></OrgCurrency>
    <ExchangeRate></ExchangeRate>
    <OrgPrice></OrgPrice>
  </ManageInfo>
  <ReservedInfo>
    <MReserved1 urlencode="1"></MReserved1>
    <MReserved2 urlencode="1"></MReserved2>
    <MReserved3 urlencode="1"></MReserved3>
    <PGReserved1 urlencode="1"></PGReserved1>
    <PGReserved2 urlencode="1"></PGReserved2>
    <PGReserved3 urlencode="1"></PGReserved3>
  </ReservedInfo>
</INIpay>
ivjAIZCg+zMNT1mzdaRu975ceNXLxVg00Y3nUoLJ4TcPolnqhTqF0UK+W5zWRlJL
uGHfXS5jTKiDa5jDNZPNxS2KNr0R5uP7rBQTza57XpTeiV1HLMvdVXQ9DXmAUnOK
C/or8C0Nc8VIeH2CDH+Mg6l3m15Nl8ENFQE9Fw3fMpE=
]
INFO	[2019-08-06 19:32:01:123] <19554> VERIFY OK
INFO	[2019-08-06 19:32:01:123] <19554> PARSE HEAD OK
INFO	[2019-08-06 19:32:01:145] <19554> PARSE BODY OK
INFO	[2019-08-06 19:32:01:175] <19554> DECRYPT OK
DEBUG	[2019-08-06 19:32:01:175] <19554> DECRYPT MSG:[<?xml version="1.0" encoding="UTF-8"?>
<PaymentInfo>
  <Payment>
    <EASYPAY/>
    <Card>
      <CARD_ApplPrice>100000</CARD_ApplPrice>
      <CARD_Num>55704261****8370</CARD_Num>
      <CARD_Expire></CARD_Expire>
      <CARD_Code>06</CARD_Code>
      <CARD_BankCode>04</CARD_BankCode>
      <CARD_Quota>06</CARD_Quota>
      <CARD_Interest>0</CARD_Interest>
      <CARD_Point></CARD_Point>
      <CARD_AuthType>99</CARD_AuthType>
      <CARD_RegNum></CARD_RegNum>
      <CARD_ApplDate>20190806</CARD_ApplDate>
      <CARD_ApplTime>193158</CARD_ApplTime>
      <CARD_ApplNum>30006059</CARD_ApplNum>
      <CARD_TerminalNum>0208936000</CARD_TerminalNum>
      <CARD_MemberNum></CARD_MemberNum>
      <CARD_PurchaseCode></CARD_PurchaseCode>
      <CARD_ResultCode>120000</CARD_ResultCode>
      <CARD_ResultMsg urlencode="1">%C1%A4%BB%F3%C3%B3%B8%AE%B5%C7%BE%FA%BD%C0%B4%CF%B4%D9.</CARD_ResultMsg>
      <CARD_PrtcCode>1</CARD_PrtcCode>
      <CARD_Quota_Point>06</CARD_Quota_Point>
      <CARD_CheckFlag>0</CARD_CheckFlag>
      <CARD_PurchaseName urlencode="1"></CARD_PurchaseName>
      <CARD_IssuerName urlencode="1"></CARD_IssuerName>
      <CARD_JoinUsePoint></CARD_JoinUsePoint>
      <CARD_UsePoint></CARD_UsePoint>
      <CARD_CouponOnlyMer></CARD_CouponOnlyMer>
    </Card>
  </Payment>
</PaymentInfo>]
INFO	[2019-08-06 19:32:01:178] <19554> DECRYPT PARSE OK
INFO	[2019-08-06 19:32:01:178] <19554> WAIT ACK INVOKING
DEBUG	[2019-08-06 19:32:01:178] <19554> MAKE HEAD OK
INFO	[2019-08-06 19:32:01:180] <19554> SUCCESS ACK INVOKING
INFO	[2019-08-06 19:32:01:180] <19554> END securepay ¡§ªÛ√≥∏Æµ«æ˙Ω¿¥œ¥Ÿ. Laptime:[0.49sec]
INFO	[2019-08-06 19:32:01:180] <19554> ===============================================================
