INFO	[2018-02-27 11:16:28:868] <31817> START INIPHP chkfake (V5036-141209)(OS:Linux2.6.32-696.18.7.el6.x86_64,PHP:5.5.17p1)
DEBUG	[2018-02-27 11:16:28:868] <31817> inipayhome:/home/hosting_users/ilearning3/www/inipay
DEBUG	[2018-02-27 11:16:28:868] <31817> type:chkfake
DEBUG	[2018-02-27 11:16:28:868] <31817> debug:true
DEBUG	[2018-02-27 11:16:28:868] <31817> enctype:asym
DEBUG	[2018-02-27 11:16:28:868] <31817> admin:1111
DEBUG	[2018-02-27 11:16:28:868] <31817> checkopt:false
DEBUG	[2018-02-27 11:16:28:868] <31817> mid:obmms20151
DEBUG	[2018-02-27 11:16:28:868] <31817> price:9900
DEBUG	[2018-02-27 11:16:28:868] <31817> nointerest:no
DEBUG	[2018-02-27 11:16:28:868] <31817> quotabase:선택:일시불:2개월:3개월:6개월
INFO	[2018-02-27 11:16:28:868] <31817> Check Field OK
INFO	[2018-02-27 11:16:28:869] <31817> MERCHANT PRIV KEY LOAD OK
INFO	[2018-02-27 11:16:28:869] <31817> MERCHANT PUB KEY LOAD OK []
INFO	[2018-02-27 11:16:28:870] <31817> CHKFAKE KEY MAKE OK:MjAxODAyMjcxMTE2Mjg4Njk4NjU0Mw==

INFO	[2018-02-27 11:16:28:870] <31817> END chkfake  Laptime:[0.002sec]
INFO	[2018-02-27 11:16:28:870] <31817> ===============================================================
INFO	[2018-02-27 11:16:36:599] <31829> START INIPHP chkfake (V5036-141209)(OS:Linux2.6.32-696.18.7.el6.x86_64,PHP:5.5.17p1)
DEBUG	[2018-02-27 11:16:36:599] <31829> inipayhome:/home/hosting_users/ilearning3/www/inipay
DEBUG	[2018-02-27 11:16:36:599] <31829> type:chkfake
DEBUG	[2018-02-27 11:16:36:599] <31829> debug:true
DEBUG	[2018-02-27 11:16:36:599] <31829> enctype:asym
DEBUG	[2018-02-27 11:16:36:599] <31829> admin:1111
DEBUG	[2018-02-27 11:16:36:599] <31829> checkopt:false
DEBUG	[2018-02-27 11:16:36:599] <31829> mid:obmms20151
DEBUG	[2018-02-27 11:16:36:599] <31829> price:9900
DEBUG	[2018-02-27 11:16:36:599] <31829> nointerest:no
DEBUG	[2018-02-27 11:16:36:599] <31829> quotabase:선택:일시불:2개월:3개월:6개월
INFO	[2018-02-27 11:16:36:599] <31829> Check Field OK
INFO	[2018-02-27 11:16:36:599] <31829> MERCHANT PRIV KEY LOAD OK
INFO	[2018-02-27 11:16:36:599] <31829> MERCHANT PUB KEY LOAD OK []
INFO	[2018-02-27 11:16:36:600] <31829> CHKFAKE KEY MAKE OK:MjAxODAyMjcxMTE2MzY1OTk2ODg1MA==

INFO	[2018-02-27 11:16:36:600] <31829> END chkfake  Laptime:[0.001sec]
INFO	[2018-02-27 11:16:36:600] <31829> ===============================================================
INFO	[2018-02-27 11:17:04:843] <31812> START INIPHP chkfake (V5036-141209)(OS:Linux2.6.32-696.18.7.el6.x86_64,PHP:5.5.17p1)
DEBUG	[2018-02-27 11:17:04:843] <31812> inipayhome:/home/hosting_users/ilearning3/www/inipay
DEBUG	[2018-02-27 11:17:04:843] <31812> type:chkfake
DEBUG	[2018-02-27 11:17:04:843] <31812> debug:true
DEBUG	[2018-02-27 11:17:04:843] <31812> enctype:asym
DEBUG	[2018-02-27 11:17:04:843] <31812> admin:1111
DEBUG	[2018-02-27 11:17:04:843] <31812> checkopt:false
DEBUG	[2018-02-27 11:17:04:843] <31812> mid:obmms20151
DEBUG	[2018-02-27 11:17:04:843] <31812> price:9900
DEBUG	[2018-02-27 11:17:04:843] <31812> nointerest:no
DEBUG	[2018-02-27 11:17:04:843] <31812> quotabase:선택:일시불:2개월:3개월:6개월
INFO	[2018-02-27 11:17:04:843] <31812> Check Field OK
INFO	[2018-02-27 11:17:04:844] <31812> MERCHANT PRIV KEY LOAD OK
INFO	[2018-02-27 11:17:04:844] <31812> MERCHANT PUB KEY LOAD OK []
INFO	[2018-02-27 11:17:04:844] <31812> CHKFAKE KEY MAKE OK:MjAxODAyMjcxMTE3MDQ4NDQzMDIwNg==

INFO	[2018-02-27 11:17:04:844] <31812> END chkfake  Laptime:[0.001sec]
INFO	[2018-02-27 11:17:04:844] <31812> ===============================================================
INFO	[2018-02-27 11:17:19:269] <31825> START INIPHP chkfake (V5036-141209)(OS:Linux2.6.32-696.18.7.el6.x86_64,PHP:5.5.17p1)
DEBUG	[2018-02-27 11:17:19:269] <31825> inipayhome:/home/hosting_users/ilearning3/www/inipay
DEBUG	[2018-02-27 11:17:19:269] <31825> type:chkfake
DEBUG	[2018-02-27 11:17:19:269] <31825> debug:true
DEBUG	[2018-02-27 11:17:19:269] <31825> enctype:asym
DEBUG	[2018-02-27 11:17:19:269] <31825> admin:1111
DEBUG	[2018-02-27 11:17:19:269] <31825> checkopt:false
DEBUG	[2018-02-27 11:17:19:269] <31825> mid:obmms20151
DEBUG	[2018-02-27 11:17:19:269] <31825> price:9900
DEBUG	[2018-02-27 11:17:19:269] <31825> nointerest:no
DEBUG	[2018-02-27 11:17:19:269] <31825> quotabase:선택:일시불:2개월:3개월:6개월
INFO	[2018-02-27 11:17:19:269] <31825> Check Field OK
INFO	[2018-02-27 11:17:19:270] <31825> MERCHANT PRIV KEY LOAD OK
INFO	[2018-02-27 11:17:19:270] <31825> MERCHANT PUB KEY LOAD OK []
INFO	[2018-02-27 11:17:19:270] <31825> CHKFAKE KEY MAKE OK:MjAxODAyMjcxMTE3MTkyNzA5Mjc3Mg==

INFO	[2018-02-27 11:17:19:270] <31825> END chkfake  Laptime:[0.001sec]
INFO	[2018-02-27 11:17:19:270] <31825> ===============================================================
