INFO	[2018-03-09 10:08:05:106] <31677> START INIPHP chkfake (V5036-141209)(OS:Linux2.6.32-696.18.7.el6.x86_64,PHP:5.5.17p1)
DEBUG	[2018-03-09 10:08:05:106] <31677> inipayhome:/home/hosting_users/ilearning3/www/inipay
DEBUG	[2018-03-09 10:08:05:106] <31677> type:chkfake
DEBUG	[2018-03-09 10:08:05:106] <31677> debug:true
DEBUG	[2018-03-09 10:08:05:106] <31677> enctype:asym
DEBUG	[2018-03-09 10:08:05:106] <31677> admin:1111
DEBUG	[2018-03-09 10:08:05:106] <31677> checkopt:false
DEBUG	[2018-03-09 10:08:05:106] <31677> mid:obmms20151
DEBUG	[2018-03-09 10:08:05:106] <31677> price:49500
DEBUG	[2018-03-09 10:08:05:106] <31677> nointerest:no
DEBUG	[2018-03-09 10:08:05:106] <31677> quotabase:선택:일시불:2개월:3개월:6개월
INFO	[2018-03-09 10:08:05:106] <31677> Check Field OK
INFO	[2018-03-09 10:08:05:107] <31677> MERCHANT PRIV KEY LOAD OK
INFO	[2018-03-09 10:08:05:107] <31677> MERCHANT PUB KEY LOAD OK []
INFO	[2018-03-09 10:08:05:108] <31677> CHKFAKE KEY MAKE OK:MjAxODAzMDkxMDA4MDUxMDcxMTE4MA==

INFO	[2018-03-09 10:08:05:108] <31677> END chkfake  Laptime:[0.002sec]
INFO	[2018-03-09 10:08:05:108] <31677> ===============================================================
INFO	[2018-03-09 10:13:32:522] <49211> START INIPHP chkfake (V5036-141209)(OS:Linux2.6.32-696.18.7.el6.x86_64,PHP:5.5.17p1)
DEBUG	[2018-03-09 10:13:32:522] <49211> inipayhome:/home/hosting_users/ilearning3/www/inipay
DEBUG	[2018-03-09 10:13:32:522] <49211> type:chkfake
DEBUG	[2018-03-09 10:13:32:522] <49211> debug:true
DEBUG	[2018-03-09 10:13:32:522] <49211> enctype:asym
DEBUG	[2018-03-09 10:13:32:522] <49211> admin:1111
DEBUG	[2018-03-09 10:13:32:522] <49211> checkopt:false
DEBUG	[2018-03-09 10:13:32:522] <49211> mid:obmms20151
DEBUG	[2018-03-09 10:13:32:522] <49211> price:49500
DEBUG	[2018-03-09 10:13:32:522] <49211> nointerest:no
DEBUG	[2018-03-09 10:13:32:522] <49211> quotabase:선택:일시불:2개월:3개월:6개월
INFO	[2018-03-09 10:13:32:523] <49211> Check Field OK
INFO	[2018-03-09 10:13:32:523] <49211> MERCHANT PRIV KEY LOAD OK
INFO	[2018-03-09 10:13:32:523] <49211> MERCHANT PUB KEY LOAD OK []
INFO	[2018-03-09 10:13:32:524] <49211> CHKFAKE KEY MAKE OK:MjAxODAzMDkxMDEzMzI1MjM1NTI5Mw==

INFO	[2018-03-09 10:13:32:524] <49211> END chkfake  Laptime:[0.002sec]
INFO	[2018-03-09 10:13:32:524] <49211> ===============================================================
