INFO	[2018-12-18 17:49:36:725] <11753> START INIPHP chkfake (V5036-141209)(OS:Linux3.10.0-862.11.6.el7.x86_64,PHP:5.5.17p1)
DEBUG	[2018-12-18 17:49:36:725] <11753> inipayhome:/home/hosting_users/ilearning3/www/inipay
DEBUG	[2018-12-18 17:49:36:725] <11753> type:chkfake
DEBUG	[2018-12-18 17:49:36:725] <11753> debug:true
DEBUG	[2018-12-18 17:49:36:725] <11753> enctype:asym
DEBUG	[2018-12-18 17:49:36:725] <11753> admin:1111
DEBUG	[2018-12-18 17:49:36:725] <11753> checkopt:false
DEBUG	[2018-12-18 17:49:36:725] <11753> mid:obmms20151
DEBUG	[2018-12-18 17:49:36:725] <11753> price:11000
DEBUG	[2018-12-18 17:49:36:725] <11753> nointerest:no
DEBUG	[2018-12-18 17:49:36:725] <11753> quotabase:ÏùºÏãúÎ∂à
INFO	[2018-12-18 17:49:36:726] <11753> Check Field OK
INFO	[2018-12-18 17:49:36:751] <11753> MERCHANT PRIV KEY LOAD OK
INFO	[2018-12-18 17:49:36:753] <11753> MERCHANT PUB KEY LOAD OK []
INFO	[2018-12-18 17:49:36:763] <11753> CHKFAKE KEY MAKE OK:MjAxODEyMTgxNzQ5MzY3NTM3NzU1OQ==

INFO	[2018-12-18 17:49:36:763] <11753> END chkfake  Laptime:[0.04sec]
INFO	[2018-12-18 17:49:36:763] <11753> ===============================================================
INFO	[2018-12-18 17:50:51:196] <22171> START INIPHP chkfake (V5036-141209)(OS:Linux3.10.0-862.11.6.el7.x86_64,PHP:5.5.17p1)
DEBUG	[2018-12-18 17:50:51:196] <22171> inipayhome:/home/hosting_users/ilearning3/www/inipay
DEBUG	[2018-12-18 17:50:51:196] <22171> type:chkfake
DEBUG	[2018-12-18 17:50:51:196] <22171> debug:true
DEBUG	[2018-12-18 17:50:51:196] <22171> enctype:asym
DEBUG	[2018-12-18 17:50:51:196] <22171> admin:1111
DEBUG	[2018-12-18 17:50:51:196] <22171> checkopt:false
DEBUG	[2018-12-18 17:50:51:196] <22171> mid:obmms20151
DEBUG	[2018-12-18 17:50:51:196] <22171> price:11000
DEBUG	[2018-12-18 17:50:51:196] <22171> nointerest:no
DEBUG	[2018-12-18 17:50:51:196] <22171> quotabase:ÏùºÏãúÎ∂à
INFO	[2018-12-18 17:50:51:196] <22171> Check Field OK
INFO	[2018-12-18 17:50:51:197] <22171> MERCHANT PRIV KEY LOAD OK
INFO	[2018-12-18 17:50:51:197] <22171> MERCHANT PUB KEY LOAD OK []
INFO	[2018-12-18 17:50:51:198] <22171> CHKFAKE KEY MAKE OK:MjAxODEyMTgxNzUwNTExOTc3NTY3NQ==

INFO	[2018-12-18 17:50:51:198] <22171> END chkfake  Laptime:[0.002sec]
INFO	[2018-12-18 17:50:51:198] <22171> ===============================================================
INFO	[2018-12-18 17:51:39:690] <7743> START INIPHP securepay (V5036-141209)(OS:Linux3.10.0-862.11.6.el7.x86_64,PHP:5.5.17p1)
DEBUG	[2018-12-18 17:51:39:690] <7743> inipayhome:/home/hosting_users/ilearning3/www/inipay
DEBUG	[2018-12-18 17:51:39:690] <7743> type:securepay
DEBUG	[2018-12-18 17:51:39:690] <7743> pgid:INIphpCARD
DEBUG	[2018-12-18 17:51:39:690] <7743> subpgip:203.238.3.10
DEBUG	[2018-12-18 17:51:39:690] <7743> admin:1111
DEBUG	[2018-12-18 17:51:39:690] <7743> debug:true
DEBUG	[2018-12-18 17:51:39:690] <7743> uid:
DEBUG	[2018-12-18 17:51:39:690] <7743> goodname:ø¬∏Æø¯πÆ¿⁄ - 1∞≥ø˘±‚∞£ 
DEBUG	[2018-12-18 17:51:39:690] <7743> currency:WON
DEBUG	[2018-12-18 17:51:39:690] <7743> mid:obmms20151
DEBUG	[2018-12-18 17:51:39:690] <7743> rn:MjAxODEyMTgxNzUwNTExOTc3NTY3NQ==

DEBUG	[2018-12-18 17:51:39:690] <7743> price:11000
DEBUG	[2018-12-18 17:51:39:690] <7743> enctype:
DEBUG	[2018-12-18 17:51:39:690] <7743> buyername:±Ë∞Ê±Ÿ
DEBUG	[2018-12-18 17:51:39:690] <7743> buyertel:010-2930-9352
DEBUG	[2018-12-18 17:51:39:690] <7743> buyeremail:kim111kim777@naver.com
DEBUG	[2018-12-18 17:51:39:690] <7743> paymethod:Card
DEBUG	[2018-12-18 17:51:39:690] <7743> encrypted:Version=4.1&PayMethod=Card&RsaKeyNum=1&EncryptionAlgorithm=SEED-CBC&SignAlgorithm=RSAwithSHA1&CertVer=39&moid=11895_181218055051&ver_trace=main(6109,6065)card(6185,6158)n(6009)Cs(6025)Dt(6002)Pa(6002)Cf(6025)Fv(0000)La(6183)Re(6135)Vr(6008)P(6034)en(6070)nP(6006)&pg1=39.115.212.10&pg2=203.238.37.3&pg1ip=39.115.212.10&pg2ip=203.238.37.3&agreeflag=1111&Data=YSux76EEQ/CS/O43q6kS0VDGGltoRMVksXoFLJbBotEDrx8rdZq3waItsF+KShDE
7rCyAMKwHn3QaMwUz7sB4jIAgD/0pPyZ1i/bF7EfEJ/QDKw5rc6Yxw4G/+49fmed
Gs/jw4tycD2hOmo6x/Lc3u2/hOJyOTQvlD6qFYiNnDM9UIXM4VlC2xO4WeGtRdZH
fwZSXZ9y89ak4gn/HhFcshqGXzmXS5yQG2Gf5GlMskDbhiPB6gn3UWRgYgposUt3
4cJmCbOeZUzxBGN1owzVVA4Zgkm8L28ZJmtT1oo4x7t/GjhHQnEro85gkb4zhtDQ
gLP2g8v4YCqJ+LpqhxkZ8/CoBJBlDwXGkaVse1RuzF7xj0AGe+Sy8hgOsK3UgY+d
GQXCCHMue0FqCby8FbxrksIEEBit4hLxFP6tWRcJXykR6Q/2CvIr9i2iUBkHadT2
7WYW9GB/7Ji9w6nh8tXPgHOoCtogBf4pdhGgKDKIDc9TuSEgG1Zju20ouIVQjv4D
qsX6FVsMmWDXuL1twkA8RbC6z+CQG/ytjCNz/7muAbM0cGcbasXmIBy78L13tddy
fFVmKFxbw6zwflTtu4KSreY6FgFkgmOqP2IpS0jfUSTKOMn0hs3NpG/IJFC4mf2B
tszh8TgNWlFfXn2SVGpAizjvPRkt/dXRqsFkZPUx8WTJ84SUFogKACXPDpBqEbMO
6JUSS5Q4qWt7wxVdW/+SFEBZ8uLXuJZa7xtaw0IJ+n/pnchIB+OVQPccyxnMhoBU
hNvDgforbIiojD8suz5BB3PVJOI8Zn7KfNqW68ypHb8H30fwhar+PCeCUIWy9vB1
cDfDNxngJfLiIFe6Q0tF5+yumRc5ipuU58pduw==
DEBUG	[2018-12-18 17:51:39:690] <7743> sessionkey:1sivNnUmsKJ65U3coCGA/F+GclFo9Fj3c6c/u6Y/jEgAG0lhX+C8PbasT2MRvNCK
uzlcqAbjPZNRjdjUzIbfOlBhg1y7QqPPg3yEMiwjnOYNJmyg+yikmv8THmEXm1ij
BCyTKHgz8Hp5zzr+V36SGs5gx81VfjjjtOnBvrczI5c=
DEBUG	[2018-12-18 17:51:39:690] <7743> url:http://www.obmms.net
DEBUG	[2018-12-18 17:51:39:690] <7743> cardcode:04
DEBUG	[2018-12-18 17:51:39:690] <7743> parentemail:kim111kim777@naver.com
DEBUG	[2018-12-18 17:51:39:690] <7743> recvname:
DEBUG	[2018-12-18 17:51:39:690] <7743> recvtel:
DEBUG	[2018-12-18 17:51:39:690] <7743> recvaddr:
DEBUG	[2018-12-18 17:51:39:690] <7743> recvpostnum:
DEBUG	[2018-12-18 17:51:39:690] <7743> recvmsg:
DEBUG	[2018-12-18 17:51:39:690] <7743> joincard:
DEBUG	[2018-12-18 17:51:39:690] <7743> joinexpire:
DEBUG	[2018-12-18 17:51:39:690] <7743> id_customer:
INFO	[2018-12-18 17:51:39:691] <7743> Check Field OK
INFO	[2018-12-18 17:51:39:691] <7743> Make TID OK INIphpCARDobmms2015120181218175139913916
INFO	[2018-12-18 17:51:39:691] <7743> PI PUB KEY LOAD OK [39]
INFO	[2018-12-18 17:51:39:692] <7743> PG PUB KEY LOAD OK [30]
INFO	[2018-12-18 17:51:39:692] <7743> MERCHANT PRIV KEY LOAD OK
INFO	[2018-12-18 17:51:39:692] <7743> MERCHANT PUB KEY LOAD OK [0]
INFO	[2018-12-18 17:51:39:693] <7743> MAKE BODY OK
INFO	[2018-12-18 17:51:39:694] <7743> SIGN OK
INFO	[2018-12-18 17:51:39:694] <7743> MAKE HEAD OK
INFO	[2018-12-18 17:51:39:694] <7743> MSG_TO_PG:[0301800175R SHA1                   0                  39                  300200obmms20151               11000INIphpCARDobmms2015120181218175139913916<?xml version="1.0" encoding="UTF-8"?>
<INIpay>
	  <GoodsInfo>
	    <GoodsCnt>1</GoodsCnt>
	    <MOID/>
	    <Currency>WON</Currency>
	    <Tax/>
	    <TaxFree/>
	    <Goods>
	      <SMID>obmms20151</SMID>
	      <GoodsName urlencode="1">%BF%C2%B8%AE%BF%F8%B9%AE%C0%DA+-+1%B0%B3%BF%F9%B1%E2%B0%A3+</GoodsName>
	      <GoodsPrice>11000</GoodsPrice></Goods></GoodsInfo>
	  <BuyerInfo>
	    <BuyerName urlencode="1">%B1%E8%B0%E6%B1%D9</BuyerName>
	    <BuyerTel>010-2930-9352</BuyerTel>
	    <BuyerEmail urlencode="1">kim111kim777%40naver.com</BuyerEmail>
	    <ParentEmail urlencode="1">kim111kim777%40naver.com</ParentEmail>
	    <RecvName/>
	    <RecvTel/>
	    <RecvMsg/>
	    <RecvAddr/>
	    <RecvPostNum/></BuyerInfo>
	  <PaymentInfo>
	    <Payment>
	      <PayMethod>Card</PayMethod>
	      <JoinCard/>
	      <JoinExpire/>
	      <MailOrder/>
	      <SessionKey>1sivNnUmsKJ65U3coCGA/F+GclFo9Fj3c6c/u6Y/jEgAG0lhX+C8PbasT2MRvNCK
uzlcqAbjPZNRjdjUzIbfOlBhg1y7QqPPg3yEMiwjnOYNJmyg+yikmv8THmEXm1ij
BCyTKHgz8Hp5zzr+V36SGs5gx81VfjjjtOnBvrczI5c=</SessionKey>
	      <Encrypted urlencode="1">Version%3D4.1%26PayMethod%3DCard%26RsaKeyNum%3D1%26EncryptionAlgorithm%3DSEED-CBC%26SignAlgorithm%3DRSAwithSHA1%26CertVer%3D39%26moid%3D11895_181218055051%26ver_trace%3Dmain%286109%2C6065%29card%286185%2C6158%29n%286009%29Cs%286025%29Dt%286002%29Pa%286002%29Cf%286025%29Fv%280000%29La%286183%29Re%286135%29Vr%286008%29P%286034%29en%286070%29nP%286006%29%26pg1%3D39.115.212.10%26pg2%3D203.238.37.3%26pg1ip%3D39.115.212.10%26pg2ip%3D203.238.37.3%26agreeflag%3D1111%26Data%3DYSux76EEQ%2FCS%2FO43q6kS0VDGGltoRMVksXoFLJbBotEDrx8rdZq3waItsF%2BKShDE%0D%0A7rCyAMKwHn3QaMwUz7sB4jIAgD%2F0pPyZ1i%2FbF7EfEJ%2FQDKw5rc6Yxw4G%2F%2B49fmed%0D%0AGs%2Fjw4tycD2hOmo6x%2FLc3u2%2FhOJyOTQvlD6qFYiNnDM9UIXM4VlC2xO4WeGtRdZH%0D%0AfwZSXZ9y89ak4gn%2FHhFcshqGXzmXS5yQG2Gf5GlMskDbhiPB6gn3UWRgYgposUt3%0D%0A4cJmCbOeZUzxBGN1owzVVA4Zgkm8L28ZJmtT1oo4x7t%2FGjhHQnEro85gkb4zhtDQ%0D%0AgLP2g8v4YCqJ%2BLpqhxkZ8%2FCoBJBlDwXGkaVse1RuzF7xj0AGe%2BSy8hgOsK3UgY%2Bd%0D%0AGQXCCHMue0FqCby8FbxrksIEEBit4hLxFP6tWRcJXykR6Q%2F2CvIr9i2iUBkHadT2%0D%0A7WYW9GB%2F7Ji9w6nh8tXPgHOoCtogBf4pdhGgKDKIDc9TuSEgG1Zju20ouIVQjv4D%0D%0AqsX6FVsMmWDXuL1twkA8RbC6z%2BCQG%2FytjCNz%2F7muAbM0cGcbasXmIBy78L13tddy%0D%0AfFVmKFxbw6zwflTtu4KSreY6FgFkgmOqP2IpS0jfUSTKOMn0hs3NpG%2FIJFC4mf2B%0D%0Atszh8TgNWlFfXn2SVGpAizjvPRkt%2FdXRqsFkZPUx8WTJ84SUFogKACXPDpBqEbMO%0D%0A6JUSS5Q4qWt7wxVdW%2F%2BSFEBZ8uLXuJZa7xtaw0IJ%2Bn%2FpnchIB%2BOVQPccyxnMhoBU%0D%0AhNvDgforbIiojD8suz5BB3PVJOI8Zn7KfNqW68ypHb8H30fwhar%2BPCeCUIWy9vB1%0D%0AcDfDNxngJfLiIFe6Q0tF5%2ByumRc5ipuU58pduw%3D%3D</Encrypted></Payment></PaymentInfo>
	  <ReservedInfo>
	    <MReserved1/>
	    <MReserved2/>
	    <MReserved3/></ReservedInfo>
	  <ManageInfo>
	    <Language/>
	    <URL urlencode="1">http%3A%2F%2Fwww.obmms.net</URL>
	    <TXVersion>5036B141209securLinux     PHPchkfake   3.10.0-862.11.6.el7.x86_64PHP:</TXVersion>
	    <TXUserID/>
	    <TXRegNum/>
	    <Ack>1</Ack>
	    <TXRN>MjAxODEyMTgxNzUwNTExOTc3NTY3NQ==
</TXRN></ManageInfo></INIpay>AUi5m120OTCToVNhD1ki+1ZGMizl6MMPeuF2YKEHq9lNWbf7iNYGHSTcfblw3S9Y
sr4NxVxxkeKwtCm04gYQOTcXthHhc9gwFX2v8vUAhyDfLc1hkAVCE+POR5La2ueF
0U2w42bdjmDXID8NzvUzG3c0NME/Bd2Diph/hC0oB4pp
]
INFO	[2018-12-18 17:51:39:807] <7743> DNS LOOKUP OK(39.115.212.10:39.115.212.10:34049) laptime:0
INFO	[2018-12-18 17:51:39:808] <7743> SOCKET CONNECT OK
INFO	[2018-12-18 17:51:39:808] <7743> SEND OK
INFO	[2018-12-18 17:51:40:196] <7743> RECV OK
INFO	[2018-12-18 17:51:40:196] <7743> MSG_FROM_PG:[0314400175D SHA1                   0                  39                  300210obmms20151               11000INIphpCARDobmms2015120181218175139913916<?xml version="1.0" encoding="UTF-8"?>
<INIpay>
  <GoodsInfo>
    <GoodsCnt>1</GoodsCnt>
    <MOID urlencode="1">11895_181218055051</MOID>
    <Currency>WON</Currency>
    <Goods no="1">
      <SMID>obmms20151</SMID>
      <GoodsName urlencode="1">%BF%C2%B8%AE%BF%F8%B9%AE%C0%DA+-+1%B0%B3%BF%F9%B1%E2%B0%A3+</GoodsName>
      <GoodsCntS>1</GoodsCntS>
      <GoodsPrice>11000</GoodsPrice>
    </Goods>
  </GoodsInfo>
  <PaymentInfo>
    <Payment>
      <SessionKey>ASGDRgmULkm8SexBJOeJ0doz171Mu/IysBGY/xpYdu3EFzD85bF4dO1tFvqtu870
Yy5oXvk4dTBrV480CVTc45jmKEV0RVlL/l9FtJtjtxG59kuaX69mMni1yv3TO8Km
DZBXr+8hbyiSf7PXLC1V7tOICijNiP5yNZQEiCikCMYJyAifFI3uYQ4=
</SessionKey>
      <Encrypted>52d5IQNOt9greTx9BWXz3DSv7ww5+Zb2IcLO4Axc74Ku/th4rm6Ta8isq34rnsGy
I6+UxsLC5uw9KjmKVvfLCOVXG/pkr2FP6+IHH+OwmlJoocEzu6u4jgawX1TLMaJM
dAygbvm5d6jg/igewuIepOxPypY/gJmqcEpK6Iow9BzDg82ApGc3dV7I6Ylv18IN
+thGtSSN8ftZMeZ7LUObmf8igbjKTmpA04HYvY70axfksbQ/EBv/X92RhCUUhZca
FDncbFQWBvOsCrtre/i0DqVS+hAUocomGfAONqsWEdar2sBeZ7y8gWa4hq5Vw9jy
vR/oZ475+bTD/28HpSMlcUyLNYHVlrhH04UjUcY2iNRyOrHnuYxnZi+JKtbSLON8
J8OVvcoea3nOFaMUkcoMrD8/lIKyhzrQ104pje1jVa+dJ3FkdlwJdqhLw/UIxOB2
9imrTmqDRz/MpzBXrKswk7gHR/XxCbo0HSkDAPXn1VlWO4l6ehxlc6NZKwGKt5Be
eKvhZ8lnXv4CYFTcsImSrTSQrqK25Gy4WyJiiBT8VKn5bdfj2pbnCKjPK5sMT97q
+BwA6cIlof0uQGZS5iB9gZYSwBuJa2cWpsSB6RSnz6+Wu2Jg+BGlRi8bpGTSS2re
WzlXnOBvq37/ms53zvWanipzu/83RlgpvdvxYMfeDib0zVQeNteRbaOOK93ISfrt
CBiTilCFHo8DobEoWLEIDPe/B4QXZNe8VaDhidJdmtrrfFnoIjHHcrcv5A05S11b
X5eCJwJSi0L6HnxbDHdALgMgzr1hOIijA4ETh4cxWAUadF63cXrOhAxhjpRRwEuo
68vjZX/rXuxm69f/+pCNjF+JWo1P2pmqrtPP5+9ZfTofnkbEePXATtaP9lgm+g+h
OiTtPidCf2NFjrIP8O5PLkQ4LIZ142LvqDAZsysXaMhLakgD1YuWA+qOldq4mRAm
R6G3u/s0MiMmSETYdHumVHhiqdpAQgH4RW9D2S/2/LyayCDA0OaADzXcYm5LyAHH
IKY2phOgJSTzVpu/zAi9ki2aFOACF+ZYW4yIYs7B0S4wXkxUSMRnQbeq/TPWvBt9
5YTMloRBrQ1pyUOc9fah+JT7Dc9v/K16yc9tc5VLvntVnBwLgTuMM/lvxaAoMrkU
6QP9n7WeyVjDdmHGhsCL0/KOeYY0H6C4G6iB/H+HGLrgYzwMIvNRpse2W3Hoq5l6
nMqOWHbO0IHEQks8GrM7zX1KK9EGy2G/RukBIhbFh1Zy/5c/AVALo/NetiWkkHPh
ZszHGgJWe04nVxjMv/dEIWaWUHnBmEWJg6ku7o6WsvirM99iPHTU5j8vGRkT/+K+
rA4Ux/IziO+6PD/PzEOrYFd3JkH/DsFUr5ZgOQ3yLz7jJUPLIGNnIUZ6QcR20L6E
NtuGdvvDiantcPnjr02mc1WbzrcvLzTjXzSGf107Ue8MCHzOnAbWIKULWgQMVDdb
fFL8vrD03wpDm967o8EvM7Dh2eggHNINwAwEx3RqW/y/agK5O2h5EZ51TQdXOg+1
h/RGtipI5Vgzt1MvJtLslVmJ233d+gNDSh4c44m6WkAjnwxckCDNSBEhPkhnLjTV
HR55qVGDHuSiYefPKcCMUaY+IcI/hYrXA/3UOvLa1bJWpzrSHdh8stPk56dw+nAK
FQQrUgbgtt2CC76Tbhvk8IRydNPFOd7wzEEBz9AxgHvhdKbAryqa3qfcCGvaKQuF
6sO+bI6DdmMtV+dPBlJC/w==
</Encrypted>
      <PayMethod>Card</PayMethod>
      <ResultCode>120000</ResultCode>
      <ResultMsg urlencode="1">%C1%A4%BB%F3%C3%B3%B8%AE%B5%C7%BE%FA%BD%C0%B4%CF%B4%D9.</ResultMsg>
    </Payment>
  </PaymentInfo>
  <ManageInfo>
    <EventCode></EventCode>
    <OrgCurrency></OrgCurrency>
    <ExchangeRate></ExchangeRate>
    <OrgPrice></OrgPrice>
  </ManageInfo>
  <ReservedInfo>
    <MReserved1 urlencode="1"></MReserved1>
    <MReserved2 urlencode="1"></MReserved2>
    <MReserved3 urlencode="1"></MReserved3>
    <PGReserved1 urlencode="1"></PGReserved1>
    <PGReserved2 urlencode="1"></PGReserved2>
    <PGReserved3 urlencode="1"></PGReserved3>
  </ReservedInfo>
</INIpay>
JKvfLLAo8B59i7RBo5lcNiqymoleVl37gUl00axwFt04yWDbiQoKic0Z6v0sFMwE
bQxGyeAPH4eAZ8+0sYPNQI/lS/7pMXXU00EEPllkJHMujkOb2Td1keDs+Lfej6Bm
UcwFRry7AB5IqjfDkM4BmMYoosqFMKemNvAs6ncoNhI=
]
INFO	[2018-12-18 17:51:40:196] <7743> VERIFY OK
INFO	[2018-12-18 17:51:40:196] <7743> PARSE HEAD OK
INFO	[2018-12-18 17:51:40:198] <7743> PARSE BODY OK
INFO	[2018-12-18 17:51:40:211] <7743> DECRYPT OK
DEBUG	[2018-12-18 17:51:40:211] <7743> DECRYPT MSG:[<?xml version="1.0" encoding="UTF-8"?>
<PaymentInfo>
  <Payment>
    <EASYPAY/>
    <Card>
      <CARD_ApplPrice>11000</CARD_ApplPrice>
      <CARD_Num>624368003028</CARD_Num>
      <CARD_Expire></CARD_Expire>
      <CARD_Code>04</CARD_Code>
      <CARD_BankCode>00</CARD_BankCode>
      <CARD_Quota>00</CARD_Quota>
      <CARD_Interest>0</CARD_Interest>
      <CARD_Point></CARD_Point>
      <CARD_AuthType>99</CARD_AuthType>
      <CARD_RegNum></CARD_RegNum>
      <CARD_ApplDate>20181218</CARD_ApplDate>
      <CARD_ApplTime>175140</CARD_ApplTime>
      <CARD_ApplNum>00473714</CARD_ApplNum>
      <CARD_TerminalNum>019048y000</CARD_TerminalNum>
      <CARD_MemberNum></CARD_MemberNum>
      <CARD_PurchaseCode></CARD_PurchaseCode>
      <CARD_ResultCode>120000</CARD_ResultCode>
      <CARD_ResultMsg urlencode="1">%C1%A4%BB%F3%C3%B3%B8%AE%B5%C7%BE%FA%BD%C0%B4%CF%B4%D9.</CARD_ResultMsg>
      <CARD_PrtcCode>1</CARD_PrtcCode>
      <CARD_Quota_Point>00</CARD_Quota_Point>
      <CARD_CheckFlag>0</CARD_CheckFlag>
      <CARD_PurchaseName urlencode="1"></CARD_PurchaseName>
      <CARD_IssuerName urlencode="1"></CARD_IssuerName>
      <CARD_JoinUsePoint></CARD_JoinUsePoint>
      <CARD_UsePoint></CARD_UsePoint>
      <CARD_CouponOnlyMer></CARD_CouponOnlyMer>
    </Card>
  </Payment>
</PaymentInfo>]
INFO	[2018-12-18 17:51:40:213] <7743> DECRYPT PARSE OK
INFO	[2018-12-18 17:51:40:213] <7743> WAIT ACK INVOKING
DEBUG	[2018-12-18 17:51:40:213] <7743> MAKE HEAD OK
INFO	[2018-12-18 17:51:40:214] <7743> SUCCESS ACK INVOKING
INFO	[2018-12-18 17:51:40:214] <7743> END securepay ¡§ªÛ√≥∏Æµ«æ˙Ω¿¥œ¥Ÿ. Laptime:[0.524sec]
INFO	[2018-12-18 17:51:40:214] <7743> ===============================================================
INFO	[2018-12-18 19:13:43:39] <34197> START INIPHP chkfake (V5036-141209)(OS:Linux3.10.0-862.11.6.el7.x86_64,PHP:5.5.17p1)
DEBUG	[2018-12-18 19:13:43:39] <34197> inipayhome:/home/hosting_users/ilearning3/www/inipay
DEBUG	[2018-12-18 19:13:43:39] <34197> type:chkfake
DEBUG	[2018-12-18 19:13:43:39] <34197> debug:true
DEBUG	[2018-12-18 19:13:43:39] <34197> enctype:asym
DEBUG	[2018-12-18 19:13:43:39] <34197> admin:1111
DEBUG	[2018-12-18 19:13:43:39] <34197> checkopt:false
DEBUG	[2018-12-18 19:13:43:39] <34197> mid:obmms20151
DEBUG	[2018-12-18 19:13:43:39] <34197> price:11000
DEBUG	[2018-12-18 19:13:43:39] <34197> nointerest:no
DEBUG	[2018-12-18 19:13:43:39] <34197> quotabase:ÏùºÏãúÎ∂à
INFO	[2018-12-18 19:13:43:39] <34197> Check Field OK
INFO	[2018-12-18 19:13:43:40] <34197> MERCHANT PRIV KEY LOAD OK
INFO	[2018-12-18 19:13:43:41] <34197> MERCHANT PUB KEY LOAD OK []
INFO	[2018-12-18 19:13:43:42] <34197> CHKFAKE KEY MAKE OK:MjAxODEyMTgxOTEzNDMwNDEyMTQ0Nw==

INFO	[2018-12-18 19:13:43:42] <34197> END chkfake  Laptime:[0.003sec]
INFO	[2018-12-18 19:13:43:42] <34197> ===============================================================
INFO	[2018-12-18 19:13:58:170] <34852> START INIPHP chkfake (V5036-141209)(OS:Linux3.10.0-862.11.6.el7.x86_64,PHP:5.5.17p1)
DEBUG	[2018-12-18 19:13:58:170] <34852> inipayhome:/home/hosting_users/ilearning3/www/inipay
DEBUG	[2018-12-18 19:13:58:170] <34852> type:chkfake
DEBUG	[2018-12-18 19:13:58:170] <34852> debug:true
DEBUG	[2018-12-18 19:13:58:170] <34852> enctype:asym
DEBUG	[2018-12-18 19:13:58:170] <34852> admin:1111
DEBUG	[2018-12-18 19:13:58:170] <34852> checkopt:false
DEBUG	[2018-12-18 19:13:58:170] <34852> mid:obmms20151
DEBUG	[2018-12-18 19:13:58:170] <34852> price:11000
DEBUG	[2018-12-18 19:13:58:170] <34852> nointerest:no
DEBUG	[2018-12-18 19:13:58:170] <34852> quotabase:ÏùºÏãúÎ∂à
INFO	[2018-12-18 19:13:58:170] <34852> Check Field OK
INFO	[2018-12-18 19:13:58:171] <34852> MERCHANT PRIV KEY LOAD OK
INFO	[2018-12-18 19:13:58:171] <34852> MERCHANT PUB KEY LOAD OK []
INFO	[2018-12-18 19:13:58:172] <34852> CHKFAKE KEY MAKE OK:MjAxODEyMTgxOTEzNTgxNzEzMTQ1OQ==

INFO	[2018-12-18 19:13:58:172] <34852> END chkfake  Laptime:[0.002sec]
INFO	[2018-12-18 19:13:58:172] <34852> ===============================================================
