INFO	[2019-07-07 11:17:42:87] <28880> START INIPHP chkfake (V5036-141209)(OS:Linux2.6.18-274.3.1.el5,PHP:5.2.9)
DEBUG	[2019-07-07 11:17:42:87] <28880> inipayhome:/home/ilearning3/www/inipay
DEBUG	[2019-07-07 11:17:42:87] <28880> type:chkfake
DEBUG	[2019-07-07 11:17:42:87] <28880> debug:true
DEBUG	[2019-07-07 11:17:42:87] <28880> enctype:asym
DEBUG	[2019-07-07 11:17:42:87] <28880> admin:1111
DEBUG	[2019-07-07 11:17:42:87] <28880> checkopt:false
DEBUG	[2019-07-07 11:17:42:87] <28880> mid:obmms20151
DEBUG	[2019-07-07 11:17:42:87] <28880> price:550000
DEBUG	[2019-07-07 11:17:42:87] <28880> nointerest:no
DEBUG	[2019-07-07 11:17:42:87] <28880> quotabase:선택:일시불:2개월:3개월:6개월:12개월
INFO	[2019-07-07 11:17:42:87] <28880> Check Field OK
INFO	[2019-07-07 11:17:42:88] <28880> MERCHANT PRIV KEY LOAD OK
INFO	[2019-07-07 11:17:42:88] <28880> MERCHANT PUB KEY LOAD OK []
INFO	[2019-07-07 11:17:42:89] <28880> CHKFAKE KEY MAKE OK:MjAxOTA3MDcxMTE3NDIwODg2NjI4Ng==

INFO	[2019-07-07 11:17:42:89] <28880> END chkfake  Laptime:[0sec]
INFO	[2019-07-07 11:17:42:89] <28880> ===============================================================
INFO	[2019-07-07 11:19:23:808] <2711> START INIPHP chkfake (V5036-141209)(OS:Linux2.6.18-274.3.1.el5,PHP:5.2.9)
DEBUG	[2019-07-07 11:19:23:808] <2711> inipayhome:/home/ilearning3/www/inipay
DEBUG	[2019-07-07 11:19:23:808] <2711> type:chkfake
DEBUG	[2019-07-07 11:19:23:808] <2711> debug:true
DEBUG	[2019-07-07 11:19:23:808] <2711> enctype:asym
DEBUG	[2019-07-07 11:19:23:808] <2711> admin:1111
DEBUG	[2019-07-07 11:19:23:808] <2711> checkopt:false
DEBUG	[2019-07-07 11:19:23:808] <2711> mid:obmms20151
DEBUG	[2019-07-07 11:19:23:808] <2711> price:550000
DEBUG	[2019-07-07 11:19:23:808] <2711> nointerest:no
DEBUG	[2019-07-07 11:19:23:808] <2711> quotabase:선택:일시불:2개월:3개월:6개월:12개월
INFO	[2019-07-07 11:19:23:808] <2711> Check Field OK
INFO	[2019-07-07 11:19:23:809] <2711> MERCHANT PRIV KEY LOAD OK
INFO	[2019-07-07 11:19:23:809] <2711> MERCHANT PUB KEY LOAD OK []
INFO	[2019-07-07 11:19:23:810] <2711> CHKFAKE KEY MAKE OK:MjAxOTA3MDcxMTE5MjM4MDk4Mzk5NQ==

INFO	[2019-07-07 11:19:23:810] <2711> END chkfake  Laptime:[0sec]
INFO	[2019-07-07 11:19:23:810] <2711> ===============================================================
INFO	[2019-07-07 11:20:17:544] <26273> START INIPHP chkfake (V5036-141209)(OS:Linux2.6.18-274.3.1.el5,PHP:5.2.9)
DEBUG	[2019-07-07 11:20:17:544] <26273> inipayhome:/home/ilearning3/www/inipay
DEBUG	[2019-07-07 11:20:17:544] <26273> type:chkfake
DEBUG	[2019-07-07 11:20:17:544] <26273> debug:true
DEBUG	[2019-07-07 11:20:17:544] <26273> enctype:asym
DEBUG	[2019-07-07 11:20:17:544] <26273> admin:1111
DEBUG	[2019-07-07 11:20:17:544] <26273> checkopt:false
DEBUG	[2019-07-07 11:20:17:544] <26273> mid:obmms20151
DEBUG	[2019-07-07 11:20:17:544] <26273> price:550000
DEBUG	[2019-07-07 11:20:17:544] <26273> nointerest:no
DEBUG	[2019-07-07 11:20:17:544] <26273> quotabase:선택:일시불:2개월:3개월:6개월:12개월
INFO	[2019-07-07 11:20:17:544] <26273> Check Field OK
INFO	[2019-07-07 11:20:17:544] <26273> MERCHANT PRIV KEY LOAD OK
INFO	[2019-07-07 11:20:17:545] <26273> MERCHANT PUB KEY LOAD OK []
INFO	[2019-07-07 11:20:17:547] <26273> CHKFAKE KEY MAKE OK:MjAxOTA3MDcxMTIwMTc1NDUzMTA2OQ==

INFO	[2019-07-07 11:20:17:547] <26273> END chkfake  Laptime:[0.01sec]
INFO	[2019-07-07 11:20:17:547] <26273> ===============================================================
INFO	[2019-07-07 11:21:47:403] <28881> START INIPHP chkfake (V5036-141209)(OS:Linux2.6.18-274.3.1.el5,PHP:5.2.9)
DEBUG	[2019-07-07 11:21:47:403] <28881> inipayhome:/home/ilearning3/www/inipay
DEBUG	[2019-07-07 11:21:47:403] <28881> type:chkfake
DEBUG	[2019-07-07 11:21:47:403] <28881> debug:true
DEBUG	[2019-07-07 11:21:47:403] <28881> enctype:asym
DEBUG	[2019-07-07 11:21:47:403] <28881> admin:1111
DEBUG	[2019-07-07 11:21:47:403] <28881> checkopt:false
DEBUG	[2019-07-07 11:21:47:403] <28881> mid:obmms20151
DEBUG	[2019-07-07 11:21:47:403] <28881> price:550000
DEBUG	[2019-07-07 11:21:47:403] <28881> nointerest:no
DEBUG	[2019-07-07 11:21:47:403] <28881> quotabase:선택:일시불:2개월:3개월:6개월:12개월
INFO	[2019-07-07 11:21:47:404] <28881> Check Field OK
INFO	[2019-07-07 11:21:47:404] <28881> MERCHANT PRIV KEY LOAD OK
INFO	[2019-07-07 11:21:47:404] <28881> MERCHANT PUB KEY LOAD OK []
INFO	[2019-07-07 11:21:47:407] <28881> CHKFAKE KEY MAKE OK:MjAxOTA3MDcxMTIxNDc0MDUyOTYyNQ==

INFO	[2019-07-07 11:21:47:407] <28881> END chkfake  Laptime:[0.01sec]
INFO	[2019-07-07 11:21:47:407] <28881> ===============================================================
INFO	[2019-07-07 11:23:17:354] <28842> START INIPHP chkfake (V5036-141209)(OS:Linux2.6.18-274.3.1.el5,PHP:5.2.9)
DEBUG	[2019-07-07 11:23:17:354] <28842> inipayhome:/home/ilearning3/www/inipay
DEBUG	[2019-07-07 11:23:17:354] <28842> type:chkfake
DEBUG	[2019-07-07 11:23:17:354] <28842> debug:true
DEBUG	[2019-07-07 11:23:17:354] <28842> enctype:asym
DEBUG	[2019-07-07 11:23:17:354] <28842> admin:1111
DEBUG	[2019-07-07 11:23:17:354] <28842> checkopt:false
DEBUG	[2019-07-07 11:23:17:354] <28842> mid:obmms20151
DEBUG	[2019-07-07 11:23:17:354] <28842> price:550000
DEBUG	[2019-07-07 11:23:17:354] <28842> nointerest:no
DEBUG	[2019-07-07 11:23:17:354] <28842> quotabase:선택:일시불:2개월:3개월:6개월:12개월
INFO	[2019-07-07 11:23:17:354] <28842> Check Field OK
INFO	[2019-07-07 11:23:17:355] <28842> MERCHANT PRIV KEY LOAD OK
INFO	[2019-07-07 11:23:17:355] <28842> MERCHANT PUB KEY LOAD OK []
INFO	[2019-07-07 11:23:17:358] <28842> CHKFAKE KEY MAKE OK:MjAxOTA3MDcxMTIzMTczNTU5MTMxMA==

INFO	[2019-07-07 11:23:17:358] <28842> END chkfake  Laptime:[0.01sec]
INFO	[2019-07-07 11:23:17:358] <28842> ===============================================================
INFO	[2019-07-07 11:23:51:594] <28834> START INIPHP chkfake (V5036-141209)(OS:Linux2.6.18-274.3.1.el5,PHP:5.2.9)
DEBUG	[2019-07-07 11:23:51:594] <28834> inipayhome:/home/ilearning3/www/inipay
DEBUG	[2019-07-07 11:23:51:594] <28834> type:chkfake
DEBUG	[2019-07-07 11:23:51:594] <28834> debug:true
DEBUG	[2019-07-07 11:23:51:594] <28834> enctype:asym
DEBUG	[2019-07-07 11:23:51:594] <28834> admin:1111
DEBUG	[2019-07-07 11:23:51:594] <28834> checkopt:false
DEBUG	[2019-07-07 11:23:51:594] <28834> mid:obmms20151
DEBUG	[2019-07-07 11:23:51:594] <28834> price:550000
DEBUG	[2019-07-07 11:23:51:594] <28834> nointerest:no
DEBUG	[2019-07-07 11:23:51:594] <28834> quotabase:선택:일시불:2개월:3개월:6개월:12개월
INFO	[2019-07-07 11:23:51:594] <28834> Check Field OK
INFO	[2019-07-07 11:23:51:595] <28834> MERCHANT PRIV KEY LOAD OK
INFO	[2019-07-07 11:23:51:595] <28834> MERCHANT PUB KEY LOAD OK []
INFO	[2019-07-07 11:23:51:598] <28834> CHKFAKE KEY MAKE OK:MjAxOTA3MDcxMTIzNTE1OTU0MDcwMg==

INFO	[2019-07-07 11:23:51:598] <28834> END chkfake  Laptime:[0.01sec]
INFO	[2019-07-07 11:23:51:598] <28834> ===============================================================
INFO	[2019-07-07 11:24:28:373] <12214> START INIPHP chkfake (V5036-141209)(OS:Linux2.6.18-274.3.1.el5,PHP:5.2.9)
DEBUG	[2019-07-07 11:24:28:374] <12214> inipayhome:/home/ilearning3/www/inipay
DEBUG	[2019-07-07 11:24:28:374] <12214> type:chkfake
DEBUG	[2019-07-07 11:24:28:374] <12214> debug:true
DEBUG	[2019-07-07 11:24:28:374] <12214> enctype:asym
DEBUG	[2019-07-07 11:24:28:374] <12214> admin:1111
DEBUG	[2019-07-07 11:24:28:374] <12214> checkopt:false
DEBUG	[2019-07-07 11:24:28:374] <12214> mid:obmms20151
DEBUG	[2019-07-07 11:24:28:374] <12214> price:550000
DEBUG	[2019-07-07 11:24:28:374] <12214> nointerest:no
DEBUG	[2019-07-07 11:24:28:374] <12214> quotabase:선택:일시불:2개월:3개월:6개월:12개월
INFO	[2019-07-07 11:24:28:374] <12214> Check Field OK
INFO	[2019-07-07 11:24:28:374] <12214> MERCHANT PRIV KEY LOAD OK
INFO	[2019-07-07 11:24:28:374] <12214> MERCHANT PUB KEY LOAD OK []
INFO	[2019-07-07 11:24:28:376] <12214> CHKFAKE KEY MAKE OK:MjAxOTA3MDcxMTI0MjgzNzQ5NzQ5MQ==

INFO	[2019-07-07 11:24:28:376] <12214> END chkfake  Laptime:[0.01sec]
INFO	[2019-07-07 11:24:28:376] <12214> ===============================================================
INFO	[2019-07-07 15:09:59:997] <28851> START INIPHP chkfake (V5036-141209)(OS:Linux2.6.18-274.3.1.el5,PHP:5.2.9)
DEBUG	[2019-07-07 15:09:59:997] <28851> inipayhome:/home/ilearning3/www/inipay
DEBUG	[2019-07-07 15:09:59:997] <28851> type:chkfake
DEBUG	[2019-07-07 15:09:59:997] <28851> debug:true
DEBUG	[2019-07-07 15:09:59:997] <28851> enctype:asym
DEBUG	[2019-07-07 15:09:59:997] <28851> admin:1111
DEBUG	[2019-07-07 15:09:59:997] <28851> checkopt:false
DEBUG	[2019-07-07 15:09:59:997] <28851> mid:obmms20151
DEBUG	[2019-07-07 15:09:59:997] <28851> price:550000
DEBUG	[2019-07-07 15:09:59:997] <28851> nointerest:no
DEBUG	[2019-07-07 15:09:59:997] <28851> quotabase:선택:일시불:2개월:3개월:6개월:12개월
INFO	[2019-07-07 15:09:59:997] <28851> Check Field OK
INFO	[2019-07-07 15:09:59:997] <28851> MERCHANT PRIV KEY LOAD OK
INFO	[2019-07-07 15:09:59:998] <28851> MERCHANT PUB KEY LOAD OK []
INFO	[2019-07-07 15:10:00:0] <28851> CHKFAKE KEY MAKE OK:MjAxOTA3MDcxNTA5NTk5OTg2NzQ2OQ==

INFO	[2019-07-07 15:10:00:0] <28851> END chkfake  Laptime:[0sec]
INFO	[2019-07-07 15:10:00:1] <28851> ===============================================================
INFO	[2019-07-07 16:05:19:509] <28873> START INIPHP chkfake (V5036-141209)(OS:Linux2.6.18-274.3.1.el5,PHP:5.2.9)
DEBUG	[2019-07-07 16:05:19:509] <28873> inipayhome:/home/ilearning3/www/inipay
DEBUG	[2019-07-07 16:05:19:509] <28873> type:chkfake
DEBUG	[2019-07-07 16:05:19:509] <28873> debug:true
DEBUG	[2019-07-07 16:05:19:509] <28873> enctype:asym
DEBUG	[2019-07-07 16:05:19:509] <28873> admin:1111
DEBUG	[2019-07-07 16:05:19:509] <28873> checkopt:false
DEBUG	[2019-07-07 16:05:19:509] <28873> mid:obmms20151
DEBUG	[2019-07-07 16:05:19:509] <28873> price:550000
DEBUG	[2019-07-07 16:05:19:509] <28873> nointerest:no
DEBUG	[2019-07-07 16:05:19:509] <28873> quotabase:선택:일시불:2개월:3개월:6개월:12개월
INFO	[2019-07-07 16:05:19:509] <28873> Check Field OK
INFO	[2019-07-07 16:05:19:509] <28873> MERCHANT PRIV KEY LOAD OK
INFO	[2019-07-07 16:05:19:510] <28873> MERCHANT PUB KEY LOAD OK []
INFO	[2019-07-07 16:05:19:511] <28873> CHKFAKE KEY MAKE OK:MjAxOTA3MDcxNjA1MTk1MTAzMzcyNA==

INFO	[2019-07-07 16:05:19:511] <28873> END chkfake  Laptime:[0sec]
INFO	[2019-07-07 16:05:19:511] <28873> ===============================================================
INFO	[2019-07-07 16:05:55:262] <26274> START INIPHP chkfake (V5036-141209)(OS:Linux2.6.18-274.3.1.el5,PHP:5.2.9)
DEBUG	[2019-07-07 16:05:55:262] <26274> inipayhome:/home/ilearning3/www/inipay
DEBUG	[2019-07-07 16:05:55:262] <26274> type:chkfake
DEBUG	[2019-07-07 16:05:55:262] <26274> debug:true
DEBUG	[2019-07-07 16:05:55:262] <26274> enctype:asym
DEBUG	[2019-07-07 16:05:55:262] <26274> admin:1111
DEBUG	[2019-07-07 16:05:55:262] <26274> checkopt:false
DEBUG	[2019-07-07 16:05:55:262] <26274> mid:obmms20151
DEBUG	[2019-07-07 16:05:55:262] <26274> price:550000
DEBUG	[2019-07-07 16:05:55:262] <26274> nointerest:no
DEBUG	[2019-07-07 16:05:55:262] <26274> quotabase:선택:일시불:2개월:3개월:6개월:12개월
INFO	[2019-07-07 16:05:55:262] <26274> Check Field OK
INFO	[2019-07-07 16:05:55:263] <26274> MERCHANT PRIV KEY LOAD OK
INFO	[2019-07-07 16:05:55:263] <26274> MERCHANT PUB KEY LOAD OK []
INFO	[2019-07-07 16:05:55:265] <26274> CHKFAKE KEY MAKE OK:MjAxOTA3MDcxNjA1NTUyNjM0MDM5Nw==

INFO	[2019-07-07 16:05:55:266] <26274> END chkfake  Laptime:[0.01sec]
INFO	[2019-07-07 16:05:55:266] <26274> ===============================================================
