INFO	[2019-11-19 14:55:22:664] <26775> START INIPHP chkfake (V5036-141209)(OS:Linux2.6.18-274.3.1.el5,PHP:5.2.9)
DEBUG	[2019-11-19 14:55:22:681] <26775> inipayhome:/home/ilearning3/www/inipay
DEBUG	[2019-11-19 14:55:22:681] <26775> type:chkfake
DEBUG	[2019-11-19 14:55:22:681] <26775> debug:true
DEBUG	[2019-11-19 14:55:22:681] <26775> enctype:asym
DEBUG	[2019-11-19 14:55:22:681] <26775> admin:1111
DEBUG	[2019-11-19 14:55:22:681] <26775> checkopt:false
DEBUG	[2019-11-19 14:55:22:681] <26775> mid:obmms20151
DEBUG	[2019-11-19 14:55:22:681] <26775> price:550000
DEBUG	[2019-11-19 14:55:22:681] <26775> nointerest:no
DEBUG	[2019-11-19 14:55:22:681] <26775> quotabase:일시불:2개월:3개월:6개월:12개월
INFO	[2019-11-19 14:55:22:681] <26775> Check Field OK
INFO	[2019-11-19 14:55:22:715] <26775> MERCHANT PRIV KEY LOAD OK
INFO	[2019-11-19 14:55:22:744] <26775> MERCHANT PUB KEY LOAD OK []
INFO	[2019-11-19 14:55:22:760] <26775> CHKFAKE KEY MAKE OK:MjAxOTExMTkxNDU1MjI3NDQ0Mzk3NQ==

INFO	[2019-11-19 14:55:22:761] <26775> END chkfake  Laptime:[0.12sec]
INFO	[2019-11-19 14:55:22:761] <26775> ===============================================================
INFO	[2019-11-19 14:56:22:676] <26734> START INIPHP chkfake (V5036-141209)(OS:Linux2.6.18-274.3.1.el5,PHP:5.2.9)
DEBUG	[2019-11-19 14:56:22:676] <26734> inipayhome:/home/ilearning3/www/inipay
DEBUG	[2019-11-19 14:56:22:676] <26734> type:chkfake
DEBUG	[2019-11-19 14:56:22:676] <26734> debug:true
DEBUG	[2019-11-19 14:56:22:676] <26734> enctype:asym
DEBUG	[2019-11-19 14:56:22:676] <26734> admin:1111
DEBUG	[2019-11-19 14:56:22:676] <26734> checkopt:false
DEBUG	[2019-11-19 14:56:22:676] <26734> mid:obmms20151
DEBUG	[2019-11-19 14:56:22:676] <26734> price:550000
DEBUG	[2019-11-19 14:56:22:676] <26734> nointerest:no
DEBUG	[2019-11-19 14:56:22:676] <26734> quotabase:일시불:2개월:3개월:6개월:12개월
INFO	[2019-11-19 14:56:22:676] <26734> Check Field OK
INFO	[2019-11-19 14:56:22:676] <26734> MERCHANT PRIV KEY LOAD OK
INFO	[2019-11-19 14:56:22:677] <26734> MERCHANT PUB KEY LOAD OK []
INFO	[2019-11-19 14:56:22:679] <26734> CHKFAKE KEY MAKE OK:MjAxOTExMTkxNDU2MjI2NzcxMjk5NA==

INFO	[2019-11-19 14:56:22:679] <26734> END chkfake  Laptime:[0sec]
INFO	[2019-11-19 14:56:22:679] <26734> ===============================================================
