INFO	[2019-12-17 10:03:38:486] <10190> START INIPHP chkfake (V5036-141209)(OS:Linux2.6.18-274.3.1.el5,PHP:5.2.9)
DEBUG	[2019-12-17 10:03:38:486] <10190> inipayhome:/home/ilearning3/www/inipay
DEBUG	[2019-12-17 10:03:38:486] <10190> type:chkfake
DEBUG	[2019-12-17 10:03:38:486] <10190> debug:true
DEBUG	[2019-12-17 10:03:38:486] <10190> enctype:asym
DEBUG	[2019-12-17 10:03:38:486] <10190> admin:1111
DEBUG	[2019-12-17 10:03:38:486] <10190> checkopt:false
DEBUG	[2019-12-17 10:03:38:486] <10190> mid:obmms20151
DEBUG	[2019-12-17 10:03:38:486] <10190> price:11000
DEBUG	[2019-12-17 10:03:38:486] <10190> nointerest:no
DEBUG	[2019-12-17 10:03:38:486] <10190> quotabase:일시불:2개월:3개월:6개월:12개월
INFO	[2019-12-17 10:03:38:486] <10190> Check Field OK
INFO	[2019-12-17 10:03:38:490] <10190> MERCHANT PRIV KEY LOAD OK
INFO	[2019-12-17 10:03:38:494] <10190> MERCHANT PUB KEY LOAD OK []
INFO	[2019-12-17 10:03:38:496] <10190> CHKFAKE KEY MAKE OK:MjAxOTEyMTcxMDAzMzg0OTQ0MjgwOQ==

INFO	[2019-12-17 10:03:38:496] <10190> END chkfake  Laptime:[0.01sec]
INFO	[2019-12-17 10:03:38:496] <10190> ===============================================================
INFO	[2019-12-17 18:11:54:904] <4519> START INIPHP chkfake (V5036-141209)(OS:Linux2.6.18-274.3.1.el5,PHP:5.2.9)
DEBUG	[2019-12-17 18:11:54:915] <4519> inipayhome:/home/ilearning3/www/inipay
DEBUG	[2019-12-17 18:11:54:915] <4519> type:chkfake
DEBUG	[2019-12-17 18:11:54:915] <4519> debug:true
DEBUG	[2019-12-17 18:11:54:915] <4519> enctype:asym
DEBUG	[2019-12-17 18:11:54:915] <4519> admin:1111
DEBUG	[2019-12-17 18:11:54:915] <4519> checkopt:false
DEBUG	[2019-12-17 18:11:54:915] <4519> mid:obmms20151
DEBUG	[2019-12-17 18:11:54:915] <4519> price:11000
DEBUG	[2019-12-17 18:11:54:915] <4519> nointerest:no
DEBUG	[2019-12-17 18:11:54:915] <4519> quotabase:일시불:2개월:3개월:6개월:12개월
INFO	[2019-12-17 18:11:54:916] <4519> Check Field OK
INFO	[2019-12-17 18:11:54:934] <4519> MERCHANT PRIV KEY LOAD OK
INFO	[2019-12-17 18:11:54:938] <4519> MERCHANT PUB KEY LOAD OK []
INFO	[2019-12-17 18:11:54:941] <4519> CHKFAKE KEY MAKE OK:MjAxOTEyMTcxODExNTQ5Mzg3MzI2MA==

INFO	[2019-12-17 18:11:54:941] <4519> END chkfake  Laptime:[0.04sec]
INFO	[2019-12-17 18:11:54:941] <4519> ===============================================================
INFO	[2019-12-17 18:12:21:366] <24725> START INIPHP chkfake (V5036-141209)(OS:Linux2.6.18-274.3.1.el5,PHP:5.2.9)
DEBUG	[2019-12-17 18:12:21:366] <24725> inipayhome:/home/ilearning3/www/inipay
DEBUG	[2019-12-17 18:12:21:366] <24725> type:chkfake
DEBUG	[2019-12-17 18:12:21:366] <24725> debug:true
DEBUG	[2019-12-17 18:12:21:366] <24725> enctype:asym
DEBUG	[2019-12-17 18:12:21:366] <24725> admin:1111
DEBUG	[2019-12-17 18:12:21:366] <24725> checkopt:false
DEBUG	[2019-12-17 18:12:21:366] <24725> mid:obmms20151
DEBUG	[2019-12-17 18:12:21:366] <24725> price:11000
DEBUG	[2019-12-17 18:12:21:366] <24725> nointerest:no
DEBUG	[2019-12-17 18:12:21:366] <24725> quotabase:일시불:2개월:3개월:6개월:12개월
INFO	[2019-12-17 18:12:21:366] <24725> Check Field OK
INFO	[2019-12-17 18:12:21:367] <24725> MERCHANT PRIV KEY LOAD OK
INFO	[2019-12-17 18:12:21:367] <24725> MERCHANT PUB KEY LOAD OK []
INFO	[2019-12-17 18:12:21:370] <24725> CHKFAKE KEY MAKE OK:MjAxOTEyMTcxODEyMjEzNjcxODIyOQ==

INFO	[2019-12-17 18:12:21:370] <24725> END chkfake  Laptime:[0sec]
INFO	[2019-12-17 18:12:21:370] <24725> ===============================================================
INFO	[2019-12-17 18:18:22:73] <24754> START INIPHP chkfake (V5036-141209)(OS:Linux2.6.18-274.3.1.el5,PHP:5.2.9)
DEBUG	[2019-12-17 18:18:22:73] <24754> inipayhome:/home/ilearning3/www/inipay
DEBUG	[2019-12-17 18:18:22:73] <24754> type:chkfake
DEBUG	[2019-12-17 18:18:22:73] <24754> debug:true
DEBUG	[2019-12-17 18:18:22:73] <24754> enctype:asym
DEBUG	[2019-12-17 18:18:22:73] <24754> admin:1111
DEBUG	[2019-12-17 18:18:22:73] <24754> checkopt:false
DEBUG	[2019-12-17 18:18:22:73] <24754> mid:obmms20151
DEBUG	[2019-12-17 18:18:22:73] <24754> price:11000
DEBUG	[2019-12-17 18:18:22:73] <24754> nointerest:no
DEBUG	[2019-12-17 18:18:22:73] <24754> quotabase:일시불:2개월:3개월:6개월:12개월
INFO	[2019-12-17 18:18:22:73] <24754> Check Field OK
INFO	[2019-12-17 18:18:22:74] <24754> MERCHANT PRIV KEY LOAD OK
INFO	[2019-12-17 18:18:22:74] <24754> MERCHANT PUB KEY LOAD OK []
INFO	[2019-12-17 18:18:22:76] <24754> CHKFAKE KEY MAKE OK:MjAxOTEyMTcxODE4MjIwNzQ0ODU3MQ==

INFO	[2019-12-17 18:18:22:77] <24754> END chkfake  Laptime:[0.01sec]
INFO	[2019-12-17 18:18:22:77] <24754> ===============================================================
INFO	[2019-12-17 18:29:04:194] <28312> START INIPHP chkfake (V5036-141209)(OS:Linux2.6.18-274.3.1.el5,PHP:5.2.9)
DEBUG	[2019-12-17 18:29:04:195] <28312> inipayhome:/home/ilearning3/www/inipay
DEBUG	[2019-12-17 18:29:04:195] <28312> type:chkfake
DEBUG	[2019-12-17 18:29:04:195] <28312> debug:true
DEBUG	[2019-12-17 18:29:04:195] <28312> enctype:asym
DEBUG	[2019-12-17 18:29:04:195] <28312> admin:1111
DEBUG	[2019-12-17 18:29:04:195] <28312> checkopt:false
DEBUG	[2019-12-17 18:29:04:195] <28312> mid:obmms20151
DEBUG	[2019-12-17 18:29:04:195] <28312> price:11000
DEBUG	[2019-12-17 18:29:04:195] <28312> nointerest:no
DEBUG	[2019-12-17 18:29:04:195] <28312> quotabase:일시불:2개월:3개월:6개월:12개월
INFO	[2019-12-17 18:29:04:195] <28312> Check Field OK
INFO	[2019-12-17 18:29:04:195] <28312> MERCHANT PRIV KEY LOAD OK
INFO	[2019-12-17 18:29:04:196] <28312> MERCHANT PUB KEY LOAD OK []
INFO	[2019-12-17 18:29:04:198] <28312> CHKFAKE KEY MAKE OK:MjAxOTEyMTcxODI5MDQxOTY4MTU3OA==

INFO	[2019-12-17 18:29:04:198] <28312> END chkfake  Laptime:[0.01sec]
INFO	[2019-12-17 18:29:04:198] <28312> ===============================================================
