INFO	[2019-06-18 16:17:19:477] <21113> START INIPHP chkfake (V5036-141209)(OS:Linux2.6.18-274.3.1.el5,PHP:5.2.9)
DEBUG	[2019-06-18 16:17:19:496] <21113> inipayhome:/home/ilearning3/www/inipay
DEBUG	[2019-06-18 16:17:19:496] <21113> type:chkfake
DEBUG	[2019-06-18 16:17:19:496] <21113> debug:true
DEBUG	[2019-06-18 16:17:19:496] <21113> enctype:asym
DEBUG	[2019-06-18 16:17:19:496] <21113> admin:1111
DEBUG	[2019-06-18 16:17:19:496] <21113> checkopt:false
DEBUG	[2019-06-18 16:17:19:496] <21113> mid:obmms20151
DEBUG	[2019-06-18 16:17:19:496] <21113> price:11000
DEBUG	[2019-06-18 16:17:19:496] <21113> nointerest:no
DEBUG	[2019-06-18 16:17:19:496] <21113> quotabase:일시불
INFO	[2019-06-18 16:17:19:496] <21113> Check Field OK
INFO	[2019-06-18 16:17:19:539] <21113> MERCHANT PRIV KEY LOAD OK
INFO	[2019-06-18 16:17:19:568] <21113> MERCHANT PUB KEY LOAD OK []
INFO	[2019-06-18 16:17:19:584] <21113> CHKFAKE KEY MAKE OK:MjAxOTA2MTgxNjE3MTk1NjgzNjY5NA==

INFO	[2019-06-18 16:17:19:585] <21113> END chkfake  Laptime:[0.11sec]
INFO	[2019-06-18 16:17:19:585] <21113> ===============================================================
INFO	[2019-06-18 16:17:28:577] <21113> START INIPHP chkfake (V5036-141209)(OS:Linux2.6.18-274.3.1.el5,PHP:5.2.9)
DEBUG	[2019-06-18 16:17:28:577] <21113> inipayhome:/home/ilearning3/www/inipay
DEBUG	[2019-06-18 16:17:28:577] <21113> type:chkfake
DEBUG	[2019-06-18 16:17:28:577] <21113> debug:true
DEBUG	[2019-06-18 16:17:28:577] <21113> enctype:asym
DEBUG	[2019-06-18 16:17:28:577] <21113> admin:1111
DEBUG	[2019-06-18 16:17:28:577] <21113> checkopt:false
DEBUG	[2019-06-18 16:17:28:577] <21113> mid:obmms20151
DEBUG	[2019-06-18 16:17:28:577] <21113> price:11000
DEBUG	[2019-06-18 16:17:28:577] <21113> nointerest:no
DEBUG	[2019-06-18 16:17:28:577] <21113> quotabase:일시불
INFO	[2019-06-18 16:17:28:577] <21113> Check Field OK
INFO	[2019-06-18 16:17:28:578] <21113> MERCHANT PRIV KEY LOAD OK
INFO	[2019-06-18 16:17:28:578] <21113> MERCHANT PUB KEY LOAD OK []
INFO	[2019-06-18 16:17:28:580] <21113> CHKFAKE KEY MAKE OK:MjAxOTA2MTgxNjE3Mjg1NzgzNzM4Ng==

INFO	[2019-06-18 16:17:28:580] <21113> END chkfake  Laptime:[0sec]
INFO	[2019-06-18 16:17:28:580] <21113> ===============================================================
