INFO	[2019-08-18 12:24:59:101] <5595> START INIPHP chkfake (V5036-141209)(OS:Linux2.6.18-274.3.1.el5,PHP:5.2.9)
DEBUG	[2019-08-18 12:24:59:101] <5595> inipayhome:/home/ilearning3/www/inipay
DEBUG	[2019-08-18 12:24:59:101] <5595> type:chkfake
DEBUG	[2019-08-18 12:24:59:101] <5595> debug:true
DEBUG	[2019-08-18 12:24:59:101] <5595> enctype:asym
DEBUG	[2019-08-18 12:24:59:101] <5595> admin:1111
DEBUG	[2019-08-18 12:24:59:101] <5595> checkopt:false
DEBUG	[2019-08-18 12:24:59:101] <5595> mid:obmms20151
DEBUG	[2019-08-18 12:24:59:101] <5595> price:11000
DEBUG	[2019-08-18 12:24:59:101] <5595> nointerest:no
DEBUG	[2019-08-18 12:24:59:101] <5595> quotabase:선택:일시불:2개월:3개월:6개월:12개월
INFO	[2019-08-18 12:24:59:101] <5595> Check Field OK
INFO	[2019-08-18 12:24:59:102] <5595> MERCHANT PRIV KEY LOAD OK
INFO	[2019-08-18 12:24:59:102] <5595> MERCHANT PUB KEY LOAD OK []
INFO	[2019-08-18 12:24:59:104] <5595> CHKFAKE KEY MAKE OK:MjAxOTA4MTgxMjI0NTkxMDI4NjE1MQ==

INFO	[2019-08-18 12:24:59:105] <5595> END chkfake  Laptime:[0.01sec]
INFO	[2019-08-18 12:24:59:105] <5595> ===============================================================
INFO	[2019-08-18 12:25:20:862] <5595> START INIPHP chkfake (V5036-141209)(OS:Linux2.6.18-274.3.1.el5,PHP:5.2.9)
DEBUG	[2019-08-18 12:25:20:862] <5595> inipayhome:/home/ilearning3/www/inipay
DEBUG	[2019-08-18 12:25:20:862] <5595> type:chkfake
DEBUG	[2019-08-18 12:25:20:862] <5595> debug:true
DEBUG	[2019-08-18 12:25:20:862] <5595> enctype:asym
DEBUG	[2019-08-18 12:25:20:862] <5595> admin:1111
DEBUG	[2019-08-18 12:25:20:862] <5595> checkopt:false
DEBUG	[2019-08-18 12:25:20:862] <5595> mid:obmms20151
DEBUG	[2019-08-18 12:25:20:862] <5595> price:11000
DEBUG	[2019-08-18 12:25:20:862] <5595> nointerest:no
DEBUG	[2019-08-18 12:25:20:862] <5595> quotabase:선택:일시불:2개월:3개월:6개월:12개월
INFO	[2019-08-18 12:25:20:862] <5595> Check Field OK
INFO	[2019-08-18 12:25:20:862] <5595> MERCHANT PRIV KEY LOAD OK
INFO	[2019-08-18 12:25:20:863] <5595> MERCHANT PUB KEY LOAD OK []
INFO	[2019-08-18 12:25:20:865] <5595> CHKFAKE KEY MAKE OK:MjAxOTA4MTgxMjI1MjA4NjMzMjE5Mw==

INFO	[2019-08-18 12:25:20:865] <5595> END chkfake  Laptime:[0.01sec]
INFO	[2019-08-18 12:25:20:865] <5595> ===============================================================
INFO	[2019-08-18 12:25:57:427] <13520> START INIPHP chkfake (V5036-141209)(OS:Linux2.6.18-274.3.1.el5,PHP:5.2.9)
DEBUG	[2019-08-18 12:25:57:427] <13520> inipayhome:/home/ilearning3/www/inipay
DEBUG	[2019-08-18 12:25:57:427] <13520> type:chkfake
DEBUG	[2019-08-18 12:25:57:427] <13520> debug:true
DEBUG	[2019-08-18 12:25:57:427] <13520> enctype:asym
DEBUG	[2019-08-18 12:25:57:427] <13520> admin:1111
DEBUG	[2019-08-18 12:25:57:427] <13520> checkopt:false
DEBUG	[2019-08-18 12:25:57:427] <13520> mid:obmms20151
DEBUG	[2019-08-18 12:25:57:427] <13520> price:11000
DEBUG	[2019-08-18 12:25:57:427] <13520> nointerest:no
DEBUG	[2019-08-18 12:25:57:427] <13520> quotabase:선택:일시불:2개월:3개월:6개월:12개월
INFO	[2019-08-18 12:25:57:427] <13520> Check Field OK
INFO	[2019-08-18 12:25:57:428] <13520> MERCHANT PRIV KEY LOAD OK
INFO	[2019-08-18 12:25:57:428] <13520> MERCHANT PUB KEY LOAD OK []
INFO	[2019-08-18 12:25:57:429] <13520> CHKFAKE KEY MAKE OK:MjAxOTA4MTgxMjI1NTc0Mjg2Mjc3MA==

INFO	[2019-08-18 12:25:57:429] <13520> END chkfake  Laptime:[0sec]
INFO	[2019-08-18 12:25:57:429] <13520> ===============================================================
INFO	[2019-08-18 12:26:17:428] <13129> START INIPHP chkfake (V5036-141209)(OS:Linux2.6.18-274.3.1.el5,PHP:5.2.9)
DEBUG	[2019-08-18 12:26:17:429] <13129> inipayhome:/home/ilearning3/www/inipay
DEBUG	[2019-08-18 12:26:17:429] <13129> type:chkfake
DEBUG	[2019-08-18 12:26:17:429] <13129> debug:true
DEBUG	[2019-08-18 12:26:17:429] <13129> enctype:asym
DEBUG	[2019-08-18 12:26:17:429] <13129> admin:1111
DEBUG	[2019-08-18 12:26:17:429] <13129> checkopt:false
DEBUG	[2019-08-18 12:26:17:429] <13129> mid:obmms20151
DEBUG	[2019-08-18 12:26:17:429] <13129> price:11000
DEBUG	[2019-08-18 12:26:17:429] <13129> nointerest:no
DEBUG	[2019-08-18 12:26:17:429] <13129> quotabase:선택:일시불:2개월:3개월:6개월:12개월
INFO	[2019-08-18 12:26:17:429] <13129> Check Field OK
INFO	[2019-08-18 12:26:17:429] <13129> MERCHANT PRIV KEY LOAD OK
INFO	[2019-08-18 12:26:17:430] <13129> MERCHANT PUB KEY LOAD OK []
INFO	[2019-08-18 12:26:17:432] <13129> CHKFAKE KEY MAKE OK:MjAxOTA4MTgxMjI2MTc0MzA5MzgwOQ==

INFO	[2019-08-18 12:26:17:432] <13129> END chkfake  Laptime:[0sec]
INFO	[2019-08-18 12:26:17:432] <13129> ===============================================================
INFO	[2019-08-18 12:26:33:453] <5060> START INIPHP chkfake (V5036-141209)(OS:Linux2.6.18-274.3.1.el5,PHP:5.2.9)
DEBUG	[2019-08-18 12:26:33:453] <5060> inipayhome:/home/ilearning3/www/inipay
DEBUG	[2019-08-18 12:26:33:453] <5060> type:chkfake
DEBUG	[2019-08-18 12:26:33:453] <5060> debug:true
DEBUG	[2019-08-18 12:26:33:453] <5060> enctype:asym
DEBUG	[2019-08-18 12:26:33:453] <5060> admin:1111
DEBUG	[2019-08-18 12:26:33:453] <5060> checkopt:false
DEBUG	[2019-08-18 12:26:33:453] <5060> mid:obmms20151
DEBUG	[2019-08-18 12:26:33:453] <5060> price:11000
DEBUG	[2019-08-18 12:26:33:453] <5060> nointerest:no
DEBUG	[2019-08-18 12:26:33:453] <5060> quotabase:선택:일시불:2개월:3개월:6개월:12개월
INFO	[2019-08-18 12:26:33:453] <5060> Check Field OK
INFO	[2019-08-18 12:26:33:454] <5060> MERCHANT PRIV KEY LOAD OK
INFO	[2019-08-18 12:26:33:454] <5060> MERCHANT PUB KEY LOAD OK []
INFO	[2019-08-18 12:26:33:457] <5060> CHKFAKE KEY MAKE OK:MjAxOTA4MTgxMjI2MzM0NTQzOTUwNA==

INFO	[2019-08-18 12:26:33:457] <5060> END chkfake  Laptime:[0.01sec]
INFO	[2019-08-18 12:26:33:457] <5060> ===============================================================
INFO	[2019-08-18 12:28:03:44] <13519> START INIPHP chkfake (V5036-141209)(OS:Linux2.6.18-274.3.1.el5,PHP:5.2.9)
DEBUG	[2019-08-18 12:28:03:45] <13519> inipayhome:/home/ilearning3/www/inipay
DEBUG	[2019-08-18 12:28:03:45] <13519> type:chkfake
DEBUG	[2019-08-18 12:28:03:45] <13519> debug:true
DEBUG	[2019-08-18 12:28:03:45] <13519> enctype:asym
DEBUG	[2019-08-18 12:28:03:45] <13519> admin:1111
DEBUG	[2019-08-18 12:28:03:45] <13519> checkopt:false
DEBUG	[2019-08-18 12:28:03:45] <13519> mid:obmms20151
DEBUG	[2019-08-18 12:28:03:45] <13519> price:11000
DEBUG	[2019-08-18 12:28:03:45] <13519> nointerest:no
DEBUG	[2019-08-18 12:28:03:45] <13519> quotabase:선택:일시불:2개월:3개월:6개월:12개월
INFO	[2019-08-18 12:28:03:45] <13519> Check Field OK
INFO	[2019-08-18 12:28:03:45] <13519> MERCHANT PRIV KEY LOAD OK
INFO	[2019-08-18 12:28:03:45] <13519> MERCHANT PUB KEY LOAD OK []
INFO	[2019-08-18 12:28:03:47] <13519> CHKFAKE KEY MAKE OK:MjAxOTA4MTgxMjI4MDMwNDUxNDQxNw==

INFO	[2019-08-18 12:28:03:47] <13519> END chkfake  Laptime:[0.01sec]
INFO	[2019-08-18 12:28:03:47] <13519> ===============================================================
INFO	[2019-08-18 12:30:15:959] <18874> START INIPHP chkfake (V5036-141209)(OS:Linux2.6.18-274.3.1.el5,PHP:5.2.9)
DEBUG	[2019-08-18 12:30:15:959] <18874> inipayhome:/home/ilearning3/www/inipay
DEBUG	[2019-08-18 12:30:15:959] <18874> type:chkfake
DEBUG	[2019-08-18 12:30:15:959] <18874> debug:true
DEBUG	[2019-08-18 12:30:15:959] <18874> enctype:asym
DEBUG	[2019-08-18 12:30:15:959] <18874> admin:1111
DEBUG	[2019-08-18 12:30:15:959] <18874> checkopt:false
DEBUG	[2019-08-18 12:30:15:959] <18874> mid:obmms20151
DEBUG	[2019-08-18 12:30:15:959] <18874> price:11000
DEBUG	[2019-08-18 12:30:15:959] <18874> nointerest:no
DEBUG	[2019-08-18 12:30:15:959] <18874> quotabase:선택:일시불:2개월:3개월:6개월:12개월
INFO	[2019-08-18 12:30:15:959] <18874> Check Field OK
INFO	[2019-08-18 12:30:15:959] <18874> MERCHANT PRIV KEY LOAD OK
INFO	[2019-08-18 12:30:15:960] <18874> MERCHANT PUB KEY LOAD OK []
INFO	[2019-08-18 12:30:15:962] <18874> CHKFAKE KEY MAKE OK:MjAxOTA4MTgxMjMwMTU5NjAxNDQxNw==

INFO	[2019-08-18 12:30:15:963] <18874> END chkfake  Laptime:[0sec]
INFO	[2019-08-18 12:30:15:963] <18874> ===============================================================
INFO	[2019-08-18 12:30:24:933] <18874> START INIPHP chkfake (V5036-141209)(OS:Linux2.6.18-274.3.1.el5,PHP:5.2.9)
DEBUG	[2019-08-18 12:30:24:933] <18874> inipayhome:/home/ilearning3/www/inipay
DEBUG	[2019-08-18 12:30:24:933] <18874> type:chkfake
DEBUG	[2019-08-18 12:30:24:933] <18874> debug:true
DEBUG	[2019-08-18 12:30:24:933] <18874> enctype:asym
DEBUG	[2019-08-18 12:30:24:933] <18874> admin:1111
DEBUG	[2019-08-18 12:30:24:933] <18874> checkopt:false
DEBUG	[2019-08-18 12:30:24:933] <18874> mid:obmms20151
DEBUG	[2019-08-18 12:30:24:933] <18874> price:11000
DEBUG	[2019-08-18 12:30:24:933] <18874> nointerest:no
DEBUG	[2019-08-18 12:30:24:933] <18874> quotabase:선택:일시불:2개월:3개월:6개월:12개월
INFO	[2019-08-18 12:30:24:933] <18874> Check Field OK
INFO	[2019-08-18 12:30:24:933] <18874> MERCHANT PRIV KEY LOAD OK
INFO	[2019-08-18 12:30:24:934] <18874> MERCHANT PUB KEY LOAD OK []
INFO	[2019-08-18 12:30:24:936] <18874> CHKFAKE KEY MAKE OK:MjAxOTA4MTgxMjMwMjQ5MzQ5NzQ4Ng==

INFO	[2019-08-18 12:30:24:936] <18874> END chkfake  Laptime:[0.01sec]
INFO	[2019-08-18 12:30:24:936] <18874> ===============================================================
