INFO	[2019-06-28 08:57:16:246] <26504> START INIPHP chkfake (V5036-141209)(OS:Linux2.6.18-274.3.1.el5,PHP:5.2.9)
DEBUG	[2019-06-28 08:57:16:246] <26504> inipayhome:/home/ilearning3/www/inipay
DEBUG	[2019-06-28 08:57:16:246] <26504> type:chkfake
DEBUG	[2019-06-28 08:57:16:246] <26504> debug:true
DEBUG	[2019-06-28 08:57:16:246] <26504> enctype:asym
DEBUG	[2019-06-28 08:57:16:246] <26504> admin:1111
DEBUG	[2019-06-28 08:57:16:246] <26504> checkopt:false
DEBUG	[2019-06-28 08:57:16:246] <26504> mid:obmms20151
DEBUG	[2019-06-28 08:57:16:246] <26504> price:11000
DEBUG	[2019-06-28 08:57:16:246] <26504> nointerest:no
DEBUG	[2019-06-28 08:57:16:246] <26504> quotabase:ÏÑ†ÌÉù:ÏùºÏãúÎ∂à:2Í∞úÏõî:3Í∞úÏõî:6Í∞úÏõî:12Í∞úÏõî
INFO	[2019-06-28 08:57:16:246] <26504> Check Field OK
INFO	[2019-06-28 08:57:16:247] <26504> MERCHANT PRIV KEY LOAD OK
INFO	[2019-06-28 08:57:16:247] <26504> MERCHANT PUB KEY LOAD OK []
INFO	[2019-06-28 08:57:16:248] <26504> CHKFAKE KEY MAKE OK:MjAxOTA2MjgwODU3MTYyNDc4NjAxMA==

INFO	[2019-06-28 08:57:16:248] <26504> END chkfake  Laptime:[0sec]
INFO	[2019-06-28 08:57:16:249] <26504> ===============================================================
INFO	[2019-06-28 08:57:46:925] <13205> START INIPHP chkfake (V5036-141209)(OS:Linux2.6.18-274.3.1.el5,PHP:5.2.9)
DEBUG	[2019-06-28 08:57:46:925] <13205> inipayhome:/home/ilearning3/www/inipay
DEBUG	[2019-06-28 08:57:46:925] <13205> type:chkfake
DEBUG	[2019-06-28 08:57:46:925] <13205> debug:true
DEBUG	[2019-06-28 08:57:46:925] <13205> enctype:asym
DEBUG	[2019-06-28 08:57:46:925] <13205> admin:1111
DEBUG	[2019-06-28 08:57:46:925] <13205> checkopt:false
DEBUG	[2019-06-28 08:57:46:925] <13205> mid:obmms20151
DEBUG	[2019-06-28 08:57:46:925] <13205> price:11000
DEBUG	[2019-06-28 08:57:46:925] <13205> nointerest:no
DEBUG	[2019-06-28 08:57:46:925] <13205> quotabase:ÏÑ†ÌÉù:ÏùºÏãúÎ∂à:2Í∞úÏõî:3Í∞úÏõî:6Í∞úÏõî:12Í∞úÏõî
INFO	[2019-06-28 08:57:46:926] <13205> Check Field OK
INFO	[2019-06-28 08:57:46:926] <13205> MERCHANT PRIV KEY LOAD OK
INFO	[2019-06-28 08:57:46:926] <13205> MERCHANT PUB KEY LOAD OK []
INFO	[2019-06-28 08:57:46:927] <13205> CHKFAKE KEY MAKE OK:MjAxOTA2MjgwODU3NDY5MjY0NzA0Mw==

INFO	[2019-06-28 08:57:46:928] <13205> END chkfake  Laptime:[0sec]
INFO	[2019-06-28 08:57:46:928] <13205> ===============================================================
INFO	[2019-06-28 09:03:21:322] <13198> START INIPHP chkfake (V5036-141209)(OS:Linux2.6.18-274.3.1.el5,PHP:5.2.9)
DEBUG	[2019-06-28 09:03:21:322] <13198> inipayhome:/home/ilearning3/www/inipay
DEBUG	[2019-06-28 09:03:21:322] <13198> type:chkfake
DEBUG	[2019-06-28 09:03:21:322] <13198> debug:true
DEBUG	[2019-06-28 09:03:21:322] <13198> enctype:asym
DEBUG	[2019-06-28 09:03:21:322] <13198> admin:1111
DEBUG	[2019-06-28 09:03:21:322] <13198> checkopt:false
DEBUG	[2019-06-28 09:03:21:322] <13198> mid:obmms20151
DEBUG	[2019-06-28 09:03:21:322] <13198> price:11000
DEBUG	[2019-06-28 09:03:21:322] <13198> nointerest:no
DEBUG	[2019-06-28 09:03:21:322] <13198> quotabase:ÏÑ†ÌÉù:ÏùºÏãúÎ∂à:2Í∞úÏõî:3Í∞úÏõî:6Í∞úÏõî:12Í∞úÏõî
INFO	[2019-06-28 09:03:21:323] <13198> Check Field OK
INFO	[2019-06-28 09:03:21:323] <13198> MERCHANT PRIV KEY LOAD OK
INFO	[2019-06-28 09:03:21:323] <13198> MERCHANT PUB KEY LOAD OK []
INFO	[2019-06-28 09:03:21:325] <13198> CHKFAKE KEY MAKE OK:MjAxOTA2MjgwOTAzMjEzMjM1NTA5Nw==

INFO	[2019-06-28 09:03:21:325] <13198> END chkfake  Laptime:[0.01sec]
INFO	[2019-06-28 09:03:21:325] <13198> ===============================================================
INFO	[2019-06-28 09:04:43:447] <9511> START INIPHP securepay (V5036-141209)(OS:Linux2.6.18-274.3.1.el5,PHP:5.2.9)
DEBUG	[2019-06-28 09:04:43:447] <9511> inipayhome:/home/ilearning3/www/inipay
DEBUG	[2019-06-28 09:04:43:447] <9511> type:securepay
DEBUG	[2019-06-28 09:04:43:447] <9511> pgid:INIphpCARD
DEBUG	[2019-06-28 09:04:43:447] <9511> subpgip:203.238.3.10
DEBUG	[2019-06-28 09:04:43:447] <9511> admin:1111
DEBUG	[2019-06-28 09:04:43:447] <9511> debug:true
DEBUG	[2019-06-28 09:04:43:447] <9511> uid:
DEBUG	[2019-06-28 09:04:43:447] <9511> goodname:ø¬∏Æø¯πÆ¿⁄ - 1∞≥ø˘±‚∞£ 
DEBUG	[2019-06-28 09:04:43:447] <9511> currency:WON
DEBUG	[2019-06-28 09:04:43:447] <9511> mid:obmms20151
DEBUG	[2019-06-28 09:04:43:447] <9511> rn:MjAxOTA2MjgwOTAzMjEzMjM1NTA5Nw==

DEBUG	[2019-06-28 09:04:43:447] <9511> price:11000
DEBUG	[2019-06-28 09:04:43:447] <9511> enctype:
DEBUG	[2019-06-28 09:04:43:447] <9511> buyername:π⁄Ω≈«¸
DEBUG	[2019-06-28 09:04:43:447] <9511> buyertel:010-9070-3848
DEBUG	[2019-06-28 09:04:43:447] <9511> buyeremail:comcpu69@naver.com
DEBUG	[2019-06-28 09:04:43:447] <9511> paymethod:Card
DEBUG	[2019-06-28 09:04:43:447] <9511> encrypted:Version=4.1&PayMethod=Card&RsaKeyNum=1&EncryptionAlgorithm=SEED-CBC&SignAlgorithm=RSAwithSHA1&CertVer=39&moid=11989_190628090321&ver_trace=main(6109,6065)card(6185,6158)n(6009)Cs(6025)Dt(6002)Pa(6002)Cf(6025)Fv(0000)La(6183)Re(6135)Vr(6008)P(6034)en(6070)nP(6006)&pg1=39.115.212.10&pg2=203.238.37.3&pg1ip=39.115.212.10&pg2ip=203.238.37.3&agreeflag=1111&Data=TZ9hf9p79MaA287r8kStHq+QBbCusXyHZtmP+lxSY1bor+tXz1OQ6sFX2SJIW5oH
FnQC+iSTUY3vx8HX0vwek1a86Ur18SRmaBBrKgRfuIP0oyVB9Y0GB0aXyuBphXQg
WWniROVvOfUlvWtpUAOuCJTnCnm4dtOPx23XUW72tHW+3jPsuvtKEgRG8mpgvbEI
8q8xxFJfkP9+fk2Nc/0Xc6ugC2ZoQgCLrD250LV5pMtpnmbmtEKimH9PTm0MyMJ2
fJEd44Ai4QzeIQnriqrqymow6i1W7O00tn1NmYjON3FjJ7CJwktjzWZHNMSYZKG1
m8oC3MHMrnSU2R+qhdIWgsVN+yfnhmWpioZJ6MBvgg4LZSQSM/BZeN6QZo5FuNsc
s6O/ziJIi/ExGvP6jq9XOnDFYvY1QdhynnfT2hv0woihmscaR/doIuetclIur5Wq
qPK7P12o5FCi103bp8E+KAmj5/8CM50vcWZ3fAfO1i4zhSjSZPmt64ihMRNkv8Li
2zv+O0vMviVfwbrEjuxfgfnKlGvceSfJjNgNXYAkynWu25Dmf1QwOGkh3H3TevHW
2s4mL0v0aiWhMkXyLiM4KpCnDE6guyLoPJ8Jy/43pjQLRPnficSlLQ/L7Yc0AODH
QwvpMtYr0OdVHLXlAKgJDFdMlHQ1/bHoscAxKbyrAmaoz24S2FepAgg545QvSQLE
z87uXxjKHCTRVeOrJQZM6ThI6CKPaGmKr6nr09Ig6CcWuQBmjSPMPIq9x4AcYGZQ
f9nXd43izgLZyMI3fMFhNzua2UzAK35Am8D2FfqJEhvmHiB0aZhZ/PA3t1/TZhgF
DDiQ2mGKIhjd
DEBUG	[2019-06-28 09:04:43:447] <9511> sessionkey:yrkdFrAZJcTh3X+wnKVxvUyc+ZgdoGBmrQf3xrX6lVespNYpntlhOXwHVaBfS0ca
ir6ePSSaL0AybQpC/SCpDHAeju2Dkw/5dhj7icmjDdpZB+N24o9bi9+DY21/CuSF
0TbASFKjg6esYWNSjTZGocjFyrTE3YVic3uqGl5BXbM=
DEBUG	[2019-06-28 09:04:43:447] <9511> url:http://www.obmms.net
DEBUG	[2019-06-28 09:04:43:447] <9511> cardcode:14
DEBUG	[2019-06-28 09:04:43:447] <9511> parentemail:comcpu69@naver.com
DEBUG	[2019-06-28 09:04:43:447] <9511> recvname:
DEBUG	[2019-06-28 09:04:43:447] <9511> recvtel:
DEBUG	[2019-06-28 09:04:43:447] <9511> recvaddr:
DEBUG	[2019-06-28 09:04:43:447] <9511> recvpostnum:
DEBUG	[2019-06-28 09:04:43:447] <9511> recvmsg:
DEBUG	[2019-06-28 09:04:43:447] <9511> joincard:
DEBUG	[2019-06-28 09:04:43:447] <9511> joinexpire:
DEBUG	[2019-06-28 09:04:43:447] <9511> id_customer:
INFO	[2019-06-28 09:04:43:447] <9511> Check Field OK
INFO	[2019-06-28 09:04:43:447] <9511> Make TID OK INIphpCARDobmms2015120190628090443474293
INFO	[2019-06-28 09:04:43:448] <9511> PI PUB KEY LOAD OK [39]
INFO	[2019-06-28 09:04:43:448] <9511> PG PUB KEY LOAD OK [30]
INFO	[2019-06-28 09:04:43:448] <9511> MERCHANT PRIV KEY LOAD OK
INFO	[2019-06-28 09:04:43:448] <9511> MERCHANT PUB KEY LOAD OK [0]
INFO	[2019-06-28 09:04:43:450] <9511> MAKE BODY OK
INFO	[2019-06-28 09:04:43:451] <9511> SIGN OK
INFO	[2019-06-28 09:04:43:451] <9511> MAKE HEAD OK
INFO	[2019-06-28 09:04:43:451] <9511> MSG_TO_PG:[0295800175R SHA1                   0                  39                  300200obmms20151               11000INIphpCARDobmms2015120190628090443474293<?xml version="1.0" encoding="UTF-8"?>
<INIpay>
	  <GoodsInfo>
	    <GoodsCnt>1</GoodsCnt>
	    <MOID/>
	    <Currency>WON</Currency>
	    <Tax/>
	    <TaxFree/>
	    <Goods>
	      <SMID>obmms20151</SMID>
	      <GoodsName urlencode="1">%BF%C2%B8%AE%BF%F8%B9%AE%C0%DA+-+1%B0%B3%BF%F9%B1%E2%B0%A3+</GoodsName>
	      <GoodsPrice>11000</GoodsPrice></Goods></GoodsInfo>
	  <BuyerInfo>
	    <BuyerName urlencode="1">%B9%DA%BD%C5%C7%FC</BuyerName>
	    <BuyerTel>010-9070-3848</BuyerTel>
	    <BuyerEmail urlencode="1">comcpu69%40naver.com</BuyerEmail>
	    <ParentEmail urlencode="1">comcpu69%40naver.com</ParentEmail>
	    <RecvName/>
	    <RecvTel/>
	    <RecvMsg/>
	    <RecvAddr/>
	    <RecvPostNum/></BuyerInfo>
	  <PaymentInfo>
	    <Payment>
	      <PayMethod>Card</PayMethod>
	      <JoinCard/>
	      <JoinExpire/>
	      <MailOrder/>
	      <SessionKey>yrkdFrAZJcTh3X+wnKVxvUyc+ZgdoGBmrQf3xrX6lVespNYpntlhOXwHVaBfS0ca
ir6ePSSaL0AybQpC/SCpDHAeju2Dkw/5dhj7icmjDdpZB+N24o9bi9+DY21/CuSF
0TbASFKjg6esYWNSjTZGocjFyrTE3YVic3uqGl5BXbM=</SessionKey>
	      <Encrypted urlencode="1">Version%3D4.1%26PayMethod%3DCard%26RsaKeyNum%3D1%26EncryptionAlgorithm%3DSEED-CBC%26SignAlgorithm%3DRSAwithSHA1%26CertVer%3D39%26moid%3D11989_190628090321%26ver_trace%3Dmain%286109%2C6065%29card%286185%2C6158%29n%286009%29Cs%286025%29Dt%286002%29Pa%286002%29Cf%286025%29Fv%280000%29La%286183%29Re%286135%29Vr%286008%29P%286034%29en%286070%29nP%286006%29%26pg1%3D39.115.212.10%26pg2%3D203.238.37.3%26pg1ip%3D39.115.212.10%26pg2ip%3D203.238.37.3%26agreeflag%3D1111%26Data%3DTZ9hf9p79MaA287r8kStHq%2BQBbCusXyHZtmP%2BlxSY1bor%2BtXz1OQ6sFX2SJIW5oH%0D%0AFnQC%2BiSTUY3vx8HX0vwek1a86Ur18SRmaBBrKgRfuIP0oyVB9Y0GB0aXyuBphXQg%0D%0AWWniROVvOfUlvWtpUAOuCJTnCnm4dtOPx23XUW72tHW%2B3jPsuvtKEgRG8mpgvbEI%0D%0A8q8xxFJfkP9%2Bfk2Nc%2F0Xc6ugC2ZoQgCLrD250LV5pMtpnmbmtEKimH9PTm0MyMJ2%0D%0AfJEd44Ai4QzeIQnriqrqymow6i1W7O00tn1NmYjON3FjJ7CJwktjzWZHNMSYZKG1%0D%0Am8oC3MHMrnSU2R%2BqhdIWgsVN%2ByfnhmWpioZJ6MBvgg4LZSQSM%2FBZeN6QZo5FuNsc%0D%0As6O%2FziJIi%2FExGvP6jq9XOnDFYvY1QdhynnfT2hv0woihmscaR%2FdoIuetclIur5Wq%0D%0AqPK7P12o5FCi103bp8E%2BKAmj5%2F8CM50vcWZ3fAfO1i4zhSjSZPmt64ihMRNkv8Li%0D%0A2zv%2BO0vMviVfwbrEjuxfgfnKlGvceSfJjNgNXYAkynWu25Dmf1QwOGkh3H3TevHW%0D%0A2s4mL0v0aiWhMkXyLiM4KpCnDE6guyLoPJ8Jy%2F43pjQLRPnficSlLQ%2FL7Yc0AODH%0D%0AQwvpMtYr0OdVHLXlAKgJDFdMlHQ1%2FbHoscAxKbyrAmaoz24S2FepAgg545QvSQLE%0D%0Az87uXxjKHCTRVeOrJQZM6ThI6CKPaGmKr6nr09Ig6CcWuQBmjSPMPIq9x4AcYGZQ%0D%0Af9nXd43izgLZyMI3fMFhNzua2UzAK35Am8D2FfqJEhvmHiB0aZhZ%2FPA3t1%2FTZhgF%0D%0ADDiQ2mGKIhjd</Encrypted></Payment></PaymentInfo>
	  <ReservedInfo>
	    <MReserved1/>
	    <MReserved2/>
	    <MReserved3/></ReservedInfo>
	  <ManageInfo>
	    <Language/>
	    <URL urlencode="1">http%3A%2F%2Fwww.obmms.net</URL>
	    <TXVersion>5036B141209securLinux     PHPchkfake   2.6.18-274.3.1.el5PHP:5.2.9   </TXVersion>
	    <TXUserID/>
	    <TXRegNum/>
	    <Ack>1</Ack>
	    <TXRN>MjAxOTA2MjgwOTAzMjEzMjM1NTA5Nw==
</TXRN></ManageInfo></INIpay>AEE5cTxaxIq7td0j/0HLyY+Wmmi1y9dOxQ4JpiZwT9shmrgvblsAmwarYzUdXo02
jD6FwviC4q2BItq8mMZx+FJo0NKEQXXwGga4I/bfjHqhp4k6dYA9+cI9brokNh4+
3wFrD/uJgMsSYEOO1UgcD0ngJz5FFkKQ9Lm82Q3Zlm2D
]
INFO	[2019-06-28 09:04:43:451] <9511> DNS LOOKUP OK(39.115.212.10:39.115.212.10:34049) laptime:0
INFO	[2019-06-28 09:04:43:454] <9511> SOCKET CONNECT OK
INFO	[2019-06-28 09:04:43:454] <9511> SEND OK
INFO	[2019-06-28 09:04:44:49] <9511> RECV OK
INFO	[2019-06-28 09:04:44:49] <9511> MSG_FROM_PG:[0314400175D SHA1                   0                  39                  300210obmms20151               11000INIphpCARDobmms2015120190628090443474293<?xml version="1.0" encoding="UTF-8"?>
<INIpay>
  <GoodsInfo>
    <GoodsCnt>1</GoodsCnt>
    <MOID urlencode="1">11989_190628090321</MOID>
    <Currency>WON</Currency>
    <Goods no="1">
      <SMID>obmms20151</SMID>
      <GoodsName urlencode="1">%BF%C2%B8%AE%BF%F8%B9%AE%C0%DA+-+1%B0%B3%BF%F9%B1%E2%B0%A3+</GoodsName>
      <GoodsCntS>1</GoodsCntS>
      <GoodsPrice>11000</GoodsPrice>
    </Goods>
  </GoodsInfo>
  <PaymentInfo>
    <Payment>
      <SessionKey>AINMIm3SXe/brp+itaT1CE5fLTNHJF3IS10BVVAxtmaHdiP2CafPkTmsvheI4EJW
K1TYp0+EMS09kXmsJxVQUxmb0PvjqW/gBhT7+gbEUJjyl+sCTaA+GPDWiQeObbQn
dFMkDq/gEmA0PD7hfqk32TdJFAhwXTlBhds3lfJ4nWeFqLkrAGHzCqE=
</SessionKey>
      <Encrypted>5mnzpnNt6d31UPMMG4likXOTAyo2HWchmyE+vhn/2+HC92HO3JCrHHntCqbUsRwp
oi4g9ynGrMU0Ce6CEyar68+HN6msVnNSvB1aSZYh+6gskPgwDVKylCaS9QZfoxX3
6BH/xbYRjp2bfLYOrXbbYDVPCklxuTqeqmpO6IxLNWlGWH3h9uTrCsyAKJJ3HBW1
AQBf9W6jXafEW3N9h50N8O1rwwR/WbvpbzWqVrGkll61FkYUJQKf+lVYfI7m/9nk
/1vtQ/ikEfmi6Pjc7fkCg2jdEhMHD0j/uLXPKPm0g0v4sZayaTqiNlA8kqIs9Sw6
iK/Jc0B/24TtWCOSpHLnGqvJpGn6+n0moE25wRvS2EIhCzSYFlWacwdcQLhb0fda
U9Hxse45GGZxYFn3mZyGiIRsrQ/44MC5OskauhEGaWTzMeZLcHxhj//ClZXruhNw
2OJ2R7PPJF6vO11rDQShNTqHv5oe9b9TQapZbHUedSfDV6DcepUTgYIfLKpOoyQL
TW5Tg3xiHQJYxDIIUGyFfdWpw9oGBU+X2rHIJoI9JghlbLaHyXXyxsiIpj/Yr8+O
iA4pj/SxWgfzJysfmyO1jwXU4pE5F5hZ4DyO8HWOcguvvy7DNyqHD2ZBpw+V8JQg
+kukSFZ72gdXh3a+WoFv7Rko5dagMQWnMSgIH3R0n02GE+1Br3FX8eQt52HErpO/
XDdPExBUXc9zhLXe+730HPDcjID+yUwqHSG+81xPFe2+MsYfeBDN4dr3IW4EK3lL
HlC7zPYoe1uR2bSslUUG4iupUq9MeY45qz3B/fK16we/AVsRlkZ5b/URfpSflGQS
NtwTLsjHzLDgMiSW+GiD0og5ufH0115Ck9nM8srBsgwMRTKtAGb7vGPmN9uHGguh
SLfV0uxkuzRwbkAcRURoD93zN1CPiBCSoQiAIARBJxylcgoyfuZdvzMBByWEf9vW
v8vfB+7rFmVagAY9L6QLiLEApATyIdZIjXyLvSf+wCePuI6FcRcqyfOBpkmOIAnx
djWLlmY0quOFp+kyY0V8yeE8l3bU/yZKGlfDCBiCuO9TKwvuTYHAXSb5Uy75MH2b
EHAjydSJLKdFIQb8EQVvGVyVjGCnc3DaGh7Iq0WxwRexZKiho27TvsTJeY/5HbXR
BLmBvo1d7qH3thNwOui53A5NT5HL65A8tGrAAx+v46RA1ga5cNN5L7PmFeL7iiML
HCZXEIepNCxK9SdWoRwPX3L4pJ8kIcidODI94jVVEYpPyrwt/4mQrgriyjp0AK6W
Ey6oxI/Z/Vh/96sIrISZJfywcHdx4Fg0Frv7NdDOUFtN9JXHTEF61qrmokjYt5FO
yQc8OsGGPFYYG1u8pSp/gM84I9oiSytm/BkUE3DbAUSWt3DRLxq9bmKdwARFFpT0
hPgb+k+7hSZOPhOxiocNT94qaceClSHpX/FZJXK5UDiw/jKaKgikuFpuDMhb56pS
8JC1prstwC3cjvDcye9UZekobLIR2IYmC3K/HZct6RSWR27Yvci8B6tHa447yHwV
TS9ALhGUiOYKxO6HjCBW20gmfHuT2FAs3zh/S86+OsllzzpverYvdDQ1vnipUHLm
vY+u29qk4DnO/WmsW75u6ED7x1vsoDdFgahiGpjBc7hnacHTADsygHXGyuj5y58K
g8vSPsl9FEzBGqUM1HRJctCxlgZB+mX6eNo2Dpb+Loha4jfsorDzTl5Bt8u3tXqm
4JLDdOywliKtolFmcphZiQ==
</Encrypted>
      <PayMethod>Card</PayMethod>
      <ResultCode>120000</ResultCode>
      <ResultMsg urlencode="1">%C1%A4%BB%F3%C3%B3%B8%AE%B5%C7%BE%FA%BD%C0%B4%CF%B4%D9.</ResultMsg>
    </Payment>
  </PaymentInfo>
  <ManageInfo>
    <EventCode></EventCode>
    <OrgCurrency></OrgCurrency>
    <ExchangeRate></ExchangeRate>
    <OrgPrice></OrgPrice>
  </ManageInfo>
  <ReservedInfo>
    <MReserved1 urlencode="1"></MReserved1>
    <MReserved2 urlencode="1"></MReserved2>
    <MReserved3 urlencode="1"></MReserved3>
    <PGReserved1 urlencode="1"></PGReserved1>
    <PGReserved2 urlencode="1"></PGReserved2>
    <PGReserved3 urlencode="1"></PGReserved3>
  </ReservedInfo>
</INIpay>
umX19DKhUqsfbXwhMNrqI5Huhlm8LyXXbW2tfug7mGZY3k/irpttVtWcEgFVFDpE
A6TTXbKEFwl5OkkDLs5P+UjjyNHyEvL1bgml6yUF2kCV4rc/ctdBzymZRit8446y
r0IrLqkGqajnFndNFrLJYCO1F3aBPIXMeMWsyCZJfmM=
]
INFO	[2019-06-28 09:04:44:50] <9511> VERIFY OK
INFO	[2019-06-28 09:04:44:50] <9511> PARSE HEAD OK
INFO	[2019-06-28 09:04:44:52] <9511> PARSE BODY OK
INFO	[2019-06-28 09:04:44:57] <9511> DECRYPT OK
DEBUG	[2019-06-28 09:04:44:57] <9511> DECRYPT MSG:[<?xml version="1.0" encoding="UTF-8"?>
<PaymentInfo>
  <Payment>
    <EASYPAY/>
    <Card>
      <CARD_ApplPrice>11000</CARD_ApplPrice>
      <CARD_Num>941061862183</CARD_Num>
      <CARD_Expire></CARD_Expire>
      <CARD_Code>14</CARD_Code>
      <CARD_BankCode>26</CARD_BankCode>
      <CARD_Quota>00</CARD_Quota>
      <CARD_Interest>0</CARD_Interest>
      <CARD_Point></CARD_Point>
      <CARD_AuthType>99</CARD_AuthType>
      <CARD_RegNum></CARD_RegNum>
      <CARD_ApplDate>20190628</CARD_ApplDate>
      <CARD_ApplTime>090442</CARD_ApplTime>
      <CARD_ApplNum>09466085</CARD_ApplNum>
      <CARD_TerminalNum>019048y000</CARD_TerminalNum>
      <CARD_MemberNum></CARD_MemberNum>
      <CARD_PurchaseCode></CARD_PurchaseCode>
      <CARD_ResultCode>120000</CARD_ResultCode>
      <CARD_ResultMsg urlencode="1">%C1%A4%BB%F3%C3%B3%B8%AE%B5%C7%BE%FA%BD%C0%B4%CF%B4%D9.</CARD_ResultMsg>
      <CARD_PrtcCode>1</CARD_PrtcCode>
      <CARD_Quota_Point>00</CARD_Quota_Point>
      <CARD_CheckFlag>0</CARD_CheckFlag>
      <CARD_PurchaseName urlencode="1"></CARD_PurchaseName>
      <CARD_IssuerName urlencode="1"></CARD_IssuerName>
      <CARD_JoinUsePoint></CARD_JoinUsePoint>
      <CARD_UsePoint></CARD_UsePoint>
      <CARD_CouponOnlyMer></CARD_CouponOnlyMer>
    </Card>
  </Payment>
</PaymentInfo>]
INFO	[2019-06-28 09:04:44:59] <9511> DECRYPT PARSE OK
INFO	[2019-06-28 09:04:44:59] <9511> WAIT ACK INVOKING
DEBUG	[2019-06-28 09:04:44:59] <9511> MAKE HEAD OK
INFO	[2019-06-28 09:04:44:62] <9511> SUCCESS ACK INVOKING
INFO	[2019-06-28 09:04:44:62] <9511> END securepay ¡§ªÛ√≥∏Æµ«æ˙Ω¿¥œ¥Ÿ. Laptime:[0.61sec]
INFO	[2019-06-28 09:04:44:62] <9511> ===============================================================
INFO	[2019-06-28 13:44:44:553] <28185> START INIPHP chkfake (V5036-141209)(OS:Linux2.6.18-274.3.1.el5,PHP:5.2.9)
DEBUG	[2019-06-28 13:44:44:553] <28185> inipayhome:/home/ilearning3/www/inipay
DEBUG	[2019-06-28 13:44:44:553] <28185> type:chkfake
DEBUG	[2019-06-28 13:44:44:553] <28185> debug:true
DEBUG	[2019-06-28 13:44:44:553] <28185> enctype:asym
DEBUG	[2019-06-28 13:44:44:553] <28185> admin:1111
DEBUG	[2019-06-28 13:44:44:553] <28185> checkopt:false
DEBUG	[2019-06-28 13:44:44:553] <28185> mid:obmms20151
DEBUG	[2019-06-28 13:44:44:553] <28185> price:11000
DEBUG	[2019-06-28 13:44:44:553] <28185> nointerest:no
DEBUG	[2019-06-28 13:44:44:553] <28185> quotabase:ÏÑ†ÌÉù:ÏùºÏãúÎ∂à:2Í∞úÏõî:3Í∞úÏõî:6Í∞úÏõî:12Í∞úÏõî
INFO	[2019-06-28 13:44:44:554] <28185> Check Field OK
INFO	[2019-06-28 13:44:44:554] <28185> MERCHANT PRIV KEY LOAD OK
INFO	[2019-06-28 13:44:44:554] <28185> MERCHANT PUB KEY LOAD OK []
INFO	[2019-06-28 13:44:44:557] <28185> CHKFAKE KEY MAKE OK:MjAxOTA2MjgxMzQ0NDQ1NTUxNTA0Mg==

INFO	[2019-06-28 13:44:44:557] <28185> END chkfake  Laptime:[0.01sec]
INFO	[2019-06-28 13:44:44:557] <28185> ===============================================================
INFO	[2019-06-28 14:27:35:55] <2973> START INIPHP chkfake (V5036-141209)(OS:Linux2.6.18-274.3.1.el5,PHP:5.2.9)
DEBUG	[2019-06-28 14:27:35:56] <2973> inipayhome:/home/ilearning3/www/inipay
DEBUG	[2019-06-28 14:27:35:56] <2973> type:chkfake
DEBUG	[2019-06-28 14:27:35:56] <2973> debug:true
DEBUG	[2019-06-28 14:27:35:56] <2973> enctype:asym
DEBUG	[2019-06-28 14:27:35:56] <2973> admin:1111
DEBUG	[2019-06-28 14:27:35:56] <2973> checkopt:false
DEBUG	[2019-06-28 14:27:35:56] <2973> mid:obmms20151
DEBUG	[2019-06-28 14:27:35:56] <2973> price:11000
DEBUG	[2019-06-28 14:27:35:56] <2973> nointerest:no
DEBUG	[2019-06-28 14:27:35:56] <2973> quotabase:ÏÑ†ÌÉù:ÏùºÏãúÎ∂à:2Í∞úÏõî:3Í∞úÏõî:6Í∞úÏõî:12Í∞úÏõî
INFO	[2019-06-28 14:27:35:56] <2973> Check Field OK
INFO	[2019-06-28 14:27:35:56] <2973> MERCHANT PRIV KEY LOAD OK
INFO	[2019-06-28 14:27:35:56] <2973> MERCHANT PUB KEY LOAD OK []
INFO	[2019-06-28 14:27:35:59] <2973> CHKFAKE KEY MAKE OK:MjAxOTA2MjgxNDI3MzUwNTc5ODY5NA==

INFO	[2019-06-28 14:27:35:59] <2973> END chkfake  Laptime:[0sec]
INFO	[2019-06-28 14:27:35:59] <2973> ===============================================================
INFO	[2019-06-28 14:27:53:486] <7642> START INIPHP chkfake (V5036-141209)(OS:Linux2.6.18-274.3.1.el5,PHP:5.2.9)
DEBUG	[2019-06-28 14:27:53:486] <7642> inipayhome:/home/ilearning3/www/inipay
DEBUG	[2019-06-28 14:27:53:486] <7642> type:chkfake
DEBUG	[2019-06-28 14:27:53:486] <7642> debug:true
DEBUG	[2019-06-28 14:27:53:486] <7642> enctype:asym
DEBUG	[2019-06-28 14:27:53:486] <7642> admin:1111
DEBUG	[2019-06-28 14:27:53:486] <7642> checkopt:false
DEBUG	[2019-06-28 14:27:53:486] <7642> mid:obmms20151
DEBUG	[2019-06-28 14:27:53:486] <7642> price:11000
DEBUG	[2019-06-28 14:27:53:486] <7642> nointerest:no
DEBUG	[2019-06-28 14:27:53:486] <7642> quotabase:ÏÑ†ÌÉù:ÏùºÏãúÎ∂à:2Í∞úÏõî:3Í∞úÏõî:6Í∞úÏõî:12Í∞úÏõî
INFO	[2019-06-28 14:27:53:486] <7642> Check Field OK
INFO	[2019-06-28 14:27:53:486] <7642> MERCHANT PRIV KEY LOAD OK
INFO	[2019-06-28 14:27:53:486] <7642> MERCHANT PUB KEY LOAD OK []
INFO	[2019-06-28 14:27:53:488] <7642> CHKFAKE KEY MAKE OK:MjAxOTA2MjgxNDI3NTM0ODY2NTQyMg==

INFO	[2019-06-28 14:27:53:488] <7642> END chkfake  Laptime:[0sec]
INFO	[2019-06-28 14:27:53:488] <7642> ===============================================================
INFO	[2019-06-28 14:28:48:274] <28172> START INIPHP chkfake (V5036-141209)(OS:Linux2.6.18-274.3.1.el5,PHP:5.2.9)
DEBUG	[2019-06-28 14:28:48:274] <28172> inipayhome:/home/ilearning3/www/inipay
DEBUG	[2019-06-28 14:28:48:274] <28172> type:chkfake
DEBUG	[2019-06-28 14:28:48:274] <28172> debug:true
DEBUG	[2019-06-28 14:28:48:274] <28172> enctype:asym
DEBUG	[2019-06-28 14:28:48:274] <28172> admin:1111
DEBUG	[2019-06-28 14:28:48:274] <28172> checkopt:false
DEBUG	[2019-06-28 14:28:48:274] <28172> mid:obmms20151
DEBUG	[2019-06-28 14:28:48:274] <28172> price:11000
DEBUG	[2019-06-28 14:28:48:274] <28172> nointerest:no
DEBUG	[2019-06-28 14:28:48:274] <28172> quotabase:ÏÑ†ÌÉù:ÏùºÏãúÎ∂à:2Í∞úÏõî:3Í∞úÏõî:6Í∞úÏõî:12Í∞úÏõî
INFO	[2019-06-28 14:28:48:274] <28172> Check Field OK
INFO	[2019-06-28 14:28:48:275] <28172> MERCHANT PRIV KEY LOAD OK
INFO	[2019-06-28 14:28:48:275] <28172> MERCHANT PUB KEY LOAD OK []
INFO	[2019-06-28 14:28:48:278] <28172> CHKFAKE KEY MAKE OK:MjAxOTA2MjgxNDI4NDgyNzUxMjE4MA==

INFO	[2019-06-28 14:28:48:278] <28172> END chkfake  Laptime:[0.01sec]
INFO	[2019-06-28 14:28:48:278] <28172> ===============================================================
INFO	[2019-06-28 14:29:22:875] <12285> START INIPHP chkfake (V5036-141209)(OS:Linux2.6.18-274.3.1.el5,PHP:5.2.9)
DEBUG	[2019-06-28 14:29:22:875] <12285> inipayhome:/home/ilearning3/www/inipay
DEBUG	[2019-06-28 14:29:22:875] <12285> type:chkfake
DEBUG	[2019-06-28 14:29:22:875] <12285> debug:true
DEBUG	[2019-06-28 14:29:22:875] <12285> enctype:asym
DEBUG	[2019-06-28 14:29:22:875] <12285> admin:1111
DEBUG	[2019-06-28 14:29:22:875] <12285> checkopt:false
DEBUG	[2019-06-28 14:29:22:875] <12285> mid:obmms20151
DEBUG	[2019-06-28 14:29:22:875] <12285> price:11000
DEBUG	[2019-06-28 14:29:22:875] <12285> nointerest:no
DEBUG	[2019-06-28 14:29:22:875] <12285> quotabase:ÏÑ†ÌÉù:ÏùºÏãúÎ∂à:2Í∞úÏõî:3Í∞úÏõî:6Í∞úÏõî:12Í∞úÏõî
INFO	[2019-06-28 14:29:22:875] <12285> Check Field OK
INFO	[2019-06-28 14:29:22:875] <12285> MERCHANT PRIV KEY LOAD OK
INFO	[2019-06-28 14:29:22:875] <12285> MERCHANT PUB KEY LOAD OK []
INFO	[2019-06-28 14:29:22:877] <12285> CHKFAKE KEY MAKE OK:MjAxOTA2MjgxNDI5MjI4NzY1MTExMQ==

INFO	[2019-06-28 14:29:22:877] <12285> END chkfake  Laptime:[0sec]
INFO	[2019-06-28 14:29:22:877] <12285> ===============================================================
INFO	[2019-06-28 14:32:43:515] <11866> START INIPHP securepay (V5036-141209)(OS:Linux2.6.18-274.3.1.el5,PHP:5.2.9)
DEBUG	[2019-06-28 14:32:43:515] <11866> inipayhome:/home/ilearning3/www/inipay
DEBUG	[2019-06-28 14:32:43:515] <11866> type:securepay
DEBUG	[2019-06-28 14:32:43:515] <11866> pgid:INIphpCARD
DEBUG	[2019-06-28 14:32:43:515] <11866> subpgip:203.238.3.10
DEBUG	[2019-06-28 14:32:43:515] <11866> admin:1111
DEBUG	[2019-06-28 14:32:43:515] <11866> debug:true
DEBUG	[2019-06-28 14:32:43:515] <11866> uid:
DEBUG	[2019-06-28 14:32:43:515] <11866> goodname:ø¬∏Æø¯πÆ¿⁄ - 1∞≥ø˘±‚∞£ 
DEBUG	[2019-06-28 14:32:43:515] <11866> currency:WON
DEBUG	[2019-06-28 14:32:43:515] <11866> mid:obmms20151
DEBUG	[2019-06-28 14:32:43:515] <11866> rn:MjAxOTA2MjgxNDI5MjI4NzY1MTExMQ==

DEBUG	[2019-06-28 14:32:43:515] <11866> price:11000
DEBUG	[2019-06-28 14:32:43:515] <11866> enctype:
DEBUG	[2019-06-28 14:32:43:515] <11866> buyername:(¡÷)±€∑Œπ˙«™∏•ƒ£±∏µÈ
DEBUG	[2019-06-28 14:32:43:515] <11866> buyertel:010-9294-0455
DEBUG	[2019-06-28 14:32:43:515] <11866> buyeremail:idreamkey@naver.com
DEBUG	[2019-06-28 14:32:43:515] <11866> paymethod:Card
DEBUG	[2019-06-28 14:32:43:515] <11866> encrypted:Version=4.1&PayMethod=Card&RsaKeyNum=1&EncryptionAlgorithm=SEED-CBC&SignAlgorithm=RSAwithSHA1&CertVer=39&moid=12348_190628022922&ver_trace=main(6109,6065)card(6185,6158)n(6009)Cs(6025)Dt(6002)Pa(6002)Cf(6025)Fv(0000)La(6183)Re(6135)Vr(6008)P(6034)en(6070)nP(6006)&pg1=39.115.212.10&pg2=203.238.37.3&pg1ip=39.115.212.10&pg2ip=203.238.37.3&agreeflag=1111&Data=Fd0Ctbq/gL2zhTPkaqKh3y14BieLpNmxVoM11FVq+27Xz2NfhYOYsJlRGFaI4qt9
MS2Dme8RKAMLyR4AtoWhYf4nfpVCqLiv1yQ+gaXa7whAlwFSDy+8SlfBiO4CvGYa
ObFCYBa83qDZKjDzD6T092CHcJzzfl6tzUvTz+NV+pvKDTpU4svD9b5vaxNob2QX
l+Y0AGzA0nvYhHDjGOJzz2TQb+4b4XVKQ6WexWeUCiJvxISTe82ewOhBc+N2ra9i
Gtmo3U1g/CCZ67Q49Eqaflm0DKq/iBwk98aXsJiUijlQVH9kutFNqPifmvKvsKMW
0BpjG0XAOW+mD6vUFetIK1MGvy6AI9SrjXC+zIB1GPfLQBjAnlJ7gp1SSKFTkLyc
hYNJV3e7o5ur1uvF+VChngNx17T2Cv17mf/u5XPZbLrG9x569QI94h/bXgrcuO8l
hAtodGY7wO/F7KabuD4WBnWcOkBpbSW4Ph1MnL/NVdX6cniewfjEUHGGGOGA7CQF
U36l6zq/pMFV4g8vzAe0wvNWjjVDy24UU5SlaptOqq2aA50nJtnOvof/uOwkJ7M2
Sx/AGbprhaIbQ82Y8CaJ/eyWOcxWpgJBMX6WQ2BLtQBrZ0I9UzJh8/YoR5wSon0l
3M3pJOugnZhFWG4f91eiJPWtbnEfXaUxZP1n++vO6KDGJs40s5rocIrA8xV3/8H5
smiTSklSBUhlBLy5JmkB0SSRPDit8cLUnKak1VSRA2hkrnbyXZpFVDW2+42PZ5lK
Y9uxPW4MGXtxPkjoHOwaZM5b5wTsuAP3UFH2TWiS+O6ma/828wHxFPlnKsbTwUns
XusO6b7JORfDbEdSaB6R+gOr
DEBUG	[2019-06-28 14:32:43:515] <11866> sessionkey:2746as58IKoKMQhy4CeVNjlO0mg3ZY9eQPs9sUweFFRitkE12uMTvRONAr98psMJ
xypgOWBu0vzg8qOmIcFKXpLsV9vtFwJc3V7bRVUK6ov3bak31S5gOQoNLQT0TcZC
ENg25hE/4FVTE55ATSMkP5VUrA0wOn+dRYbdiW8srOQ=
DEBUG	[2019-06-28 14:32:43:515] <11866> url:http://www.obmms.net
DEBUG	[2019-06-28 14:32:43:515] <11866> cardcode:12
DEBUG	[2019-06-28 14:32:43:515] <11866> parentemail:idreamkey@naver.com
DEBUG	[2019-06-28 14:32:43:515] <11866> recvname:
DEBUG	[2019-06-28 14:32:43:515] <11866> recvtel:
DEBUG	[2019-06-28 14:32:43:515] <11866> recvaddr:
DEBUG	[2019-06-28 14:32:43:515] <11866> recvpostnum:
DEBUG	[2019-06-28 14:32:43:515] <11866> recvmsg:
DEBUG	[2019-06-28 14:32:43:515] <11866> joincard:
DEBUG	[2019-06-28 14:32:43:515] <11866> joinexpire:
DEBUG	[2019-06-28 14:32:43:515] <11866> id_customer:
INFO	[2019-06-28 14:32:43:516] <11866> Check Field OK
INFO	[2019-06-28 14:32:43:516] <11866> Make TID OK INIphpCARDobmms2015120190628143243166237
INFO	[2019-06-28 14:32:43:516] <11866> PI PUB KEY LOAD OK [39]
INFO	[2019-06-28 14:32:43:517] <11866> PG PUB KEY LOAD OK [30]
INFO	[2019-06-28 14:32:43:517] <11866> MERCHANT PRIV KEY LOAD OK
INFO	[2019-06-28 14:32:43:517] <11866> MERCHANT PUB KEY LOAD OK [0]
INFO	[2019-06-28 14:32:43:520] <11866> MAKE BODY OK
INFO	[2019-06-28 14:32:43:522] <11866> SIGN OK
INFO	[2019-06-28 14:32:43:522] <11866> MAKE HEAD OK
INFO	[2019-06-28 14:32:43:522] <11866> MSG_TO_PG:[0303200175R SHA1                   0                  39                  300200obmms20151               11000INIphpCARDobmms2015120190628143243166237<?xml version="1.0" encoding="UTF-8"?>
<INIpay>
	  <GoodsInfo>
	    <GoodsCnt>1</GoodsCnt>
	    <MOID/>
	    <Currency>WON</Currency>
	    <Tax/>
	    <TaxFree/>
	    <Goods>
	      <SMID>obmms20151</SMID>
	      <GoodsName urlencode="1">%BF%C2%B8%AE%BF%F8%B9%AE%C0%DA+-+1%B0%B3%BF%F9%B1%E2%B0%A3+</GoodsName>
	      <GoodsPrice>11000</GoodsPrice></Goods></GoodsInfo>
	  <BuyerInfo>
	    <BuyerName urlencode="1">%28%C1%D6%29%B1%DB%B7%CE%B9%FA%C7%AA%B8%A5%C4%A3%B1%B8%B5%E9</BuyerName>
	    <BuyerTel>010-9294-0455</BuyerTel>
	    <BuyerEmail urlencode="1">idreamkey%40naver.com</BuyerEmail>
	    <ParentEmail urlencode="1">idreamkey%40naver.com</ParentEmail>
	    <RecvName/>
	    <RecvTel/>
	    <RecvMsg/>
	    <RecvAddr/>
	    <RecvPostNum/></BuyerInfo>
	  <PaymentInfo>
	    <Payment>
	      <PayMethod>Card</PayMethod>
	      <JoinCard/>
	      <JoinExpire/>
	      <MailOrder/>
	      <SessionKey>2746as58IKoKMQhy4CeVNjlO0mg3ZY9eQPs9sUweFFRitkE12uMTvRONAr98psMJ
xypgOWBu0vzg8qOmIcFKXpLsV9vtFwJc3V7bRVUK6ov3bak31S5gOQoNLQT0TcZC
ENg25hE/4FVTE55ATSMkP5VUrA0wOn+dRYbdiW8srOQ=</SessionKey>
	      <Encrypted urlencode="1">Version%3D4.1%26PayMethod%3DCard%26RsaKeyNum%3D1%26EncryptionAlgorithm%3DSEED-CBC%26SignAlgorithm%3DRSAwithSHA1%26CertVer%3D39%26moid%3D12348_190628022922%26ver_trace%3Dmain%286109%2C6065%29card%286185%2C6158%29n%286009%29Cs%286025%29Dt%286002%29Pa%286002%29Cf%286025%29Fv%280000%29La%286183%29Re%286135%29Vr%286008%29P%286034%29en%286070%29nP%286006%29%26pg1%3D39.115.212.10%26pg2%3D203.238.37.3%26pg1ip%3D39.115.212.10%26pg2ip%3D203.238.37.3%26agreeflag%3D1111%26Data%3DFd0Ctbq%2FgL2zhTPkaqKh3y14BieLpNmxVoM11FVq%2B27Xz2NfhYOYsJlRGFaI4qt9%0D%0AMS2Dme8RKAMLyR4AtoWhYf4nfpVCqLiv1yQ%2BgaXa7whAlwFSDy%2B8SlfBiO4CvGYa%0D%0AObFCYBa83qDZKjDzD6T092CHcJzzfl6tzUvTz%2BNV%2BpvKDTpU4svD9b5vaxNob2QX%0D%0Al%2BY0AGzA0nvYhHDjGOJzz2TQb%2B4b4XVKQ6WexWeUCiJvxISTe82ewOhBc%2BN2ra9i%0D%0AGtmo3U1g%2FCCZ67Q49Eqaflm0DKq%2FiBwk98aXsJiUijlQVH9kutFNqPifmvKvsKMW%0D%0A0BpjG0XAOW%2BmD6vUFetIK1MGvy6AI9SrjXC%2BzIB1GPfLQBjAnlJ7gp1SSKFTkLyc%0D%0AhYNJV3e7o5ur1uvF%2BVChngNx17T2Cv17mf%2Fu5XPZbLrG9x569QI94h%2FbXgrcuO8l%0D%0AhAtodGY7wO%2FF7KabuD4WBnWcOkBpbSW4Ph1MnL%2FNVdX6cniewfjEUHGGGOGA7CQF%0D%0AU36l6zq%2FpMFV4g8vzAe0wvNWjjVDy24UU5SlaptOqq2aA50nJtnOvof%2FuOwkJ7M2%0D%0ASx%2FAGbprhaIbQ82Y8CaJ%2FeyWOcxWpgJBMX6WQ2BLtQBrZ0I9UzJh8%2FYoR5wSon0l%0D%0A3M3pJOugnZhFWG4f91eiJPWtbnEfXaUxZP1n%2B%2BvO6KDGJs40s5rocIrA8xV3%2F8H5%0D%0AsmiTSklSBUhlBLy5JmkB0SSRPDit8cLUnKak1VSRA2hkrnbyXZpFVDW2%2B42PZ5lK%0D%0AY9uxPW4MGXtxPkjoHOwaZM5b5wTsuAP3UFH2TWiS%2BO6ma%2F828wHxFPlnKsbTwUns%0D%0AXusO6b7JORfDbEdSaB6R%2BgOr</Encrypted></Payment></PaymentInfo>
	  <ReservedInfo>
	    <MReserved1/>
	    <MReserved2/>
	    <MReserved3/></ReservedInfo>
	  <ManageInfo>
	    <Language/>
	    <URL urlencode="1">http%3A%2F%2Fwww.obmms.net</URL>
	    <TXVersion>5036B141209securLinux     PHPchkfake   2.6.18-274.3.1.el5PHP:5.2.9   </TXVersion>
	    <TXUserID/>
	    <TXRegNum/>
	    <Ack>1</Ack>
	    <TXRN>MjAxOTA2MjgxNDI5MjI4NzY1MTExMQ==
</TXRN></ManageInfo></INIpay>AUbhsoaiXGHF2dR03bgqcGoO7yD+BwhUXavd5eykbmN++ebnazfUq1D+rNFf1kFB
iiSRG2u51wm1QbWYxli7yOsGBE4cCjLRFbrJxM4MNt4hMLzO1wSvjQhSTpclNFhc
DolQ5c/K5jZhjHpMxtTgCP9ZdUCzQK5f2q2dJP777SZw
]
INFO	[2019-06-28 14:32:43:523] <11866> DNS LOOKUP OK(39.115.212.10:39.115.212.10:34049) laptime:0
INFO	[2019-06-28 14:32:43:525] <11866> SOCKET CONNECT OK
INFO	[2019-06-28 14:32:43:525] <11866> SEND OK
INFO	[2019-06-28 14:32:43:927] <11866> RECV OK
INFO	[2019-06-28 14:32:43:927] <11866> MSG_FROM_PG:[0314400175D SHA1                   0                  39                  300210obmms20151               11000INIphpCARDobmms2015120190628143243166237<?xml version="1.0" encoding="UTF-8"?>
<INIpay>
  <GoodsInfo>
    <GoodsCnt>1</GoodsCnt>
    <MOID urlencode="1">12348_190628022922</MOID>
    <Currency>WON</Currency>
    <Goods no="1">
      <SMID>obmms20151</SMID>
      <GoodsName urlencode="1">%BF%C2%B8%AE%BF%F8%B9%AE%C0%DA+-+1%B0%B3%BF%F9%B1%E2%B0%A3+</GoodsName>
      <GoodsCntS>1</GoodsCntS>
      <GoodsPrice>11000</GoodsPrice>
    </Goods>
  </GoodsInfo>
  <PaymentInfo>
    <Payment>
      <SessionKey>AJ7Ap8X6rrRuYtL5mbdxlhpY+chEW9W2tiKnsr5TRVnpaLETzYPf0vQex3NHQq9Q
Bt7rajcrit1q44ustJ0mHLiD31mmAVppOERMi6IXDm+MJXl4zGfeyaHsBL8JeK4N
bR6imTxmb3q0O4V5T0SFRC7ShSFtE/d5r5ekUJHESvIFtqcDGxDuyMM=
</SessionKey>
      <Encrypted>K9b3y+9hg6HXyMj3Lvwc6Qdy2a8eABhRB+ubrmqkFC3ehk5Uxl4qmTDGXc2zyaRQ
jOMbWI7ETuEyen3Dk6VP9Js25Wf4evrkzWatHr8418w6Somx1FKZ8LSbdMVk5hsw
V11fy2AakCfPznRJjgg4Cxyd3HE5fa4dXkRUNPRUz2AKR1sxU/nmhonQav81/WCZ
aPBmMEIJaCmB+/3pDCBZ9qp35dzf+0x8sa/goWzNW3s1wR1aOFOt/t/ucE1n+0bH
VmMILjOq0Sy7GuLlKsGO450gEEnPWd6YM75uKVgbbebUMSOVruq5p3PqdFUm9Px0
j6lvU11DAd2535zLvuRe/ntrnwGIXcUY3Pd8TsD8KT2Dmor1uqDCw8Hwt02jdbDP
phIbasqFNtUnZEPWbGDqvWF+uDOUkIwtrSx1bZT00z/HSFfwh1BdgdiJ48EHKfCy
s/AlWWHNWrRUGuTnpE+18GttmSHdU7VFvc7hltk5fHPNQBqOR9vRL743XMnkubnV
SE8WbyiclLF3ETTPvHf6IoooFDnSe8LjyArUUvqUG/gOX78lio9orHeJvgfmtk29
SNs2pZwbxv/HdWTXgmZFUoagH2N16hB4cTZdxIWVDujQOgv8F0QgN0BjEibuh6L/
dN0VkOTwrHebGjToU2d380vmgvUyFLLf607ArVZCfMGtTKgCizyHRxlAHqe3HEwh
MfzV32Qi+aXRHJAyKz9apTuZbaNuSFYEte1sIkxq5syEBoE0BYDcFi7xxa0lewYt
NBw/N+6Lz2WNGZpLcY5V/tMq58lz2M/yrOGngC+qFBQzYOsFhkeBIm1mIxMbegCo
pQdlMhrHYMZYb2LxJcj/dKIqg7QxltQZHoD7WT/a1IchoXVTdhoe35vT+hlJhoAz
kQ0e0msyTPLSKvmg4lyvUyy52PqTiPgibt3G9AOd3lRS272hul7zab8PEv17AyEo
lYNdGxAuZeBpyyBIVDvcKN4TlQlGdWvP5i01QiFG8PPlEyuloULX1Q3y/GefYyOf
LMZTrP2jta+FXl2baaxVtzPqEnaDu8yjCWWvYWEGcDWcUTqIhSkr9omIRIsH/geu
15onleisxsH67wczYeHZWG465qETOHMP3inO8wgcf87hxW9ECMYsPwRxjnYNjyT/
b1UVz39dZCrU3ad+iQpT+6Wxt/DweQSWHhgPNHMfpibSdbaWqeERajt7g/pkfrkt
hY6gonpzblcqBox0yr5bMycLDkgp2TTraONM+dqvbDwkly7Eo+QqlxMD4m4oTRy4
EcByylvJt4nHTk7YMd176otFGRDXrvhz/jECDuHSgkHYDizpnYhJ2oqxd2m9CJPl
vhqPJYGiAg5cYftigUEe12dYCXAwzCb9pc/uIvLOPYBuCye9szRX1Oc3hcvGaGBX
y8vl8Lo5CNAukQNDjWsW9pZEvzHLiMGyuy4opyKepLPdGSSgYOGwkYdJv6tywRzJ
Ud1G2q+NHUf3oeSukYrJaGTJc4/xppPjSAH/8W6gV/30F8dxf1qgph3JKEmTTAG5
xMbhlAEyMpJiGmCCbZTKwfGOatbDHr518pMBKrk80qmg3tsL7yILeZrumgpFP0xW
BKbChKWjpqO3G1DlkucJuyHY3281oT3uIxOsbYtCfUtdwTY5SD/Iw5xxLwmQQU+n
r/xWwWKxJV/CAWTyDsps/rPOVYHUm8t5TnAujNUapHzOeY9nI4oUkJcHDZHYVQV4
DvRrR2yfG5dt3UBCOhU7pw==
</Encrypted>
      <PayMethod>Card</PayMethod>
      <ResultCode>120000</ResultCode>
      <ResultMsg urlencode="1">%C1%A4%BB%F3%C3%B3%B8%AE%B5%C7%BE%FA%BD%C0%B4%CF%B4%D9.</ResultMsg>
    </Payment>
  </PaymentInfo>
  <ManageInfo>
    <EventCode></EventCode>
    <OrgCurrency></OrgCurrency>
    <ExchangeRate></ExchangeRate>
    <OrgPrice></OrgPrice>
  </ManageInfo>
  <ReservedInfo>
    <MReserved1 urlencode="1"></MReserved1>
    <MReserved2 urlencode="1"></MReserved2>
    <MReserved3 urlencode="1"></MReserved3>
    <PGReserved1 urlencode="1"></PGReserved1>
    <PGReserved2 urlencode="1"></PGReserved2>
    <PGReserved3 urlencode="1"></PGReserved3>
  </ReservedInfo>
</INIpay>
WCa9eP0LzRYBAkjn+O6ac3PhWgMiVgVeU25008wXDzprv/VryPKMNayOPj1+RTbZ
bagCjO92Zf8CaiC1bd5KcBp9Dn/xwKYeEutVVNQiNiu9U3z0CtsY1eIomCdY3l1w
8s1P3ojrcugWE3W7XV4lWy5DgdT2Z68km1Mn9RwmAUc=
]
INFO	[2019-06-28 14:32:43:927] <11866> VERIFY OK
INFO	[2019-06-28 14:32:43:927] <11866> PARSE HEAD OK
INFO	[2019-06-28 14:32:43:930] <11866> PARSE BODY OK
INFO	[2019-06-28 14:32:43:934] <11866> DECRYPT OK
DEBUG	[2019-06-28 14:32:43:934] <11866> DECRYPT MSG:[<?xml version="1.0" encoding="UTF-8"?>
<PaymentInfo>
  <Payment>
    <EASYPAY/>
    <Card>
      <CARD_ApplPrice>11000</CARD_ApplPrice>
      <CARD_Num>400907020606</CARD_Num>
      <CARD_Expire></CARD_Expire>
      <CARD_Code>12</CARD_Code>
      <CARD_BankCode>00</CARD_BankCode>
      <CARD_Quota>00</CARD_Quota>
      <CARD_Interest>0</CARD_Interest>
      <CARD_Point></CARD_Point>
      <CARD_AuthType>99</CARD_AuthType>
      <CARD_RegNum></CARD_RegNum>
      <CARD_ApplDate>20190628</CARD_ApplDate>
      <CARD_ApplTime>143241</CARD_ApplTime>
      <CARD_ApplNum>80733598</CARD_ApplNum>
      <CARD_TerminalNum>019048y000</CARD_TerminalNum>
      <CARD_MemberNum></CARD_MemberNum>
      <CARD_PurchaseCode></CARD_PurchaseCode>
      <CARD_ResultCode>120000</CARD_ResultCode>
      <CARD_ResultMsg urlencode="1">%C1%A4%BB%F3%C3%B3%B8%AE%B5%C7%BE%FA%BD%C0%B4%CF%B4%D9.</CARD_ResultMsg>
      <CARD_PrtcCode>1</CARD_PrtcCode>
      <CARD_Quota_Point>00</CARD_Quota_Point>
      <CARD_CheckFlag>0</CARD_CheckFlag>
      <CARD_PurchaseName urlencode="1"></CARD_PurchaseName>
      <CARD_IssuerName urlencode="1"></CARD_IssuerName>
      <CARD_JoinUsePoint></CARD_JoinUsePoint>
      <CARD_UsePoint></CARD_UsePoint>
      <CARD_CouponOnlyMer></CARD_CouponOnlyMer>
    </Card>
  </Payment>
</PaymentInfo>]
INFO	[2019-06-28 14:32:43:937] <11866> DECRYPT PARSE OK
INFO	[2019-06-28 14:32:43:937] <11866> WAIT ACK INVOKING
DEBUG	[2019-06-28 14:32:43:937] <11866> MAKE HEAD OK
INFO	[2019-06-28 14:32:43:940] <11866> SUCCESS ACK INVOKING
INFO	[2019-06-28 14:32:43:940] <11866> END securepay ¡§ªÛ√≥∏Æµ«æ˙Ω¿¥œ¥Ÿ. Laptime:[0.42sec]
INFO	[2019-06-28 14:32:43:940] <11866> ===============================================================
