INFO	[2020-02-10 16:10:51:694] <31183> START INIPHP chkfake (V5036-141209)(OS:Linux2.6.18-274.3.1.el5,PHP:5.2.9)
DEBUG	[2020-02-10 16:10:51:709] <31183> inipayhome:/home/ilearning3/www/inipay
DEBUG	[2020-02-10 16:10:51:709] <31183> type:chkfake
DEBUG	[2020-02-10 16:10:51:709] <31183> debug:true
DEBUG	[2020-02-10 16:10:51:709] <31183> enctype:asym
DEBUG	[2020-02-10 16:10:51:709] <31183> admin:1111
DEBUG	[2020-02-10 16:10:51:709] <31183> checkopt:false
DEBUG	[2020-02-10 16:10:51:709] <31183> mid:obmms20151
DEBUG	[2020-02-10 16:10:51:709] <31183> price:550000
DEBUG	[2020-02-10 16:10:51:709] <31183> nointerest:no
DEBUG	[2020-02-10 16:10:51:709] <31183> quotabase:일시불:2개월:3개월:6개월:12개월
INFO	[2020-02-10 16:10:51:709] <31183> Check Field OK
INFO	[2020-02-10 16:10:51:757] <31183> MERCHANT PRIV KEY LOAD OK
INFO	[2020-02-10 16:10:51:789] <31183> MERCHANT PUB KEY LOAD OK []
INFO	[2020-02-10 16:10:51:806] <31183> CHKFAKE KEY MAKE OK:MjAyMDAyMTAxNjEwNTE3OTA1NTg2Ng==

INFO	[2020-02-10 16:10:51:806] <31183> END chkfake  Laptime:[0.12sec]
INFO	[2020-02-10 16:10:51:806] <31183> ===============================================================
INFO	[2020-02-10 16:12:00:223] <19693> START INIPHP chkfake (V5036-141209)(OS:Linux2.6.18-274.3.1.el5,PHP:5.2.9)
DEBUG	[2020-02-10 16:12:00:223] <19693> inipayhome:/home/ilearning3/www/inipay
DEBUG	[2020-02-10 16:12:00:223] <19693> type:chkfake
DEBUG	[2020-02-10 16:12:00:223] <19693> debug:true
DEBUG	[2020-02-10 16:12:00:223] <19693> enctype:asym
DEBUG	[2020-02-10 16:12:00:223] <19693> admin:1111
DEBUG	[2020-02-10 16:12:00:223] <19693> checkopt:false
DEBUG	[2020-02-10 16:12:00:223] <19693> mid:obmms20151
DEBUG	[2020-02-10 16:12:00:223] <19693> price:550000
DEBUG	[2020-02-10 16:12:00:223] <19693> nointerest:no
DEBUG	[2020-02-10 16:12:00:223] <19693> quotabase:일시불:2개월:3개월:6개월:12개월
INFO	[2020-02-10 16:12:00:224] <19693> Check Field OK
INFO	[2020-02-10 16:12:00:224] <19693> MERCHANT PRIV KEY LOAD OK
INFO	[2020-02-10 16:12:00:224] <19693> MERCHANT PUB KEY LOAD OK []
INFO	[2020-02-10 16:12:00:227] <19693> CHKFAKE KEY MAKE OK:MjAyMDAyMTAxNjEyMDAyMjU5NzM1Mg==

INFO	[2020-02-10 16:12:00:227] <19693> END chkfake  Laptime:[0.01sec]
INFO	[2020-02-10 16:12:00:227] <19693> ===============================================================
INFO	[2020-02-10 16:17:09:251] <19693> START INIPHP chkfake (V5036-141209)(OS:Linux2.6.18-274.3.1.el5,PHP:5.2.9)
DEBUG	[2020-02-10 16:17:09:251] <19693> inipayhome:/home/ilearning3/www/inipay
DEBUG	[2020-02-10 16:17:09:251] <19693> type:chkfake
DEBUG	[2020-02-10 16:17:09:251] <19693> debug:true
DEBUG	[2020-02-10 16:17:09:251] <19693> enctype:asym
DEBUG	[2020-02-10 16:17:09:251] <19693> admin:1111
DEBUG	[2020-02-10 16:17:09:251] <19693> checkopt:false
DEBUG	[2020-02-10 16:17:09:251] <19693> mid:obmms20151
DEBUG	[2020-02-10 16:17:09:251] <19693> price:550000
DEBUG	[2020-02-10 16:17:09:251] <19693> nointerest:no
DEBUG	[2020-02-10 16:17:09:251] <19693> quotabase:일시불
INFO	[2020-02-10 16:17:09:251] <19693> Check Field OK
INFO	[2020-02-10 16:17:09:252] <19693> MERCHANT PRIV KEY LOAD OK
INFO	[2020-02-10 16:17:09:252] <19693> MERCHANT PUB KEY LOAD OK []
INFO	[2020-02-10 16:17:09:255] <19693> CHKFAKE KEY MAKE OK:MjAyMDAyMTAxNjE3MDkyNTI3MjgzMQ==

INFO	[2020-02-10 16:17:09:255] <19693> END chkfake  Laptime:[0.01sec]
INFO	[2020-02-10 16:17:09:255] <19693> ===============================================================
INFO	[2020-02-10 23:37:59:202] <22038> START INIPHP chkfake (V5036-141209)(OS:Linux2.6.18-274.3.1.el5,PHP:5.2.9)
DEBUG	[2020-02-10 23:37:59:202] <22038> inipayhome:/home/ilearning3/www/inipay
DEBUG	[2020-02-10 23:37:59:202] <22038> type:chkfake
DEBUG	[2020-02-10 23:37:59:202] <22038> debug:true
DEBUG	[2020-02-10 23:37:59:202] <22038> enctype:asym
DEBUG	[2020-02-10 23:37:59:202] <22038> admin:1111
DEBUG	[2020-02-10 23:37:59:202] <22038> checkopt:false
DEBUG	[2020-02-10 23:37:59:202] <22038> mid:obmms20151
DEBUG	[2020-02-10 23:37:59:202] <22038> price:550000
DEBUG	[2020-02-10 23:37:59:202] <22038> nointerest:no
DEBUG	[2020-02-10 23:37:59:202] <22038> quotabase:일시불:2개월:3개월:6개월:12개월
INFO	[2020-02-10 23:37:59:202] <22038> Check Field OK
INFO	[2020-02-10 23:37:59:203] <22038> MERCHANT PRIV KEY LOAD OK
INFO	[2020-02-10 23:37:59:203] <22038> MERCHANT PUB KEY LOAD OK []
INFO	[2020-02-10 23:37:59:206] <22038> CHKFAKE KEY MAKE OK:MjAyMDAyMTAyMzM3NTkyMDMxMjk3Ng==

INFO	[2020-02-10 23:37:59:206] <22038> END chkfake  Laptime:[0.01sec]
INFO	[2020-02-10 23:37:59:206] <22038> ===============================================================
INFO	[2020-02-10 23:41:31:194] <8777> START INIPHP chkfake (V5036-141209)(OS:Linux2.6.18-274.3.1.el5,PHP:5.2.9)
DEBUG	[2020-02-10 23:41:31:195] <8777> inipayhome:/home/ilearning3/www/inipay
DEBUG	[2020-02-10 23:41:31:195] <8777> type:chkfake
DEBUG	[2020-02-10 23:41:31:195] <8777> debug:true
DEBUG	[2020-02-10 23:41:31:195] <8777> enctype:asym
DEBUG	[2020-02-10 23:41:31:195] <8777> admin:1111
DEBUG	[2020-02-10 23:41:31:195] <8777> checkopt:false
DEBUG	[2020-02-10 23:41:31:195] <8777> mid:obmms20151
DEBUG	[2020-02-10 23:41:31:195] <8777> price:550000
DEBUG	[2020-02-10 23:41:31:195] <8777> nointerest:no
DEBUG	[2020-02-10 23:41:31:195] <8777> quotabase:일시불:2개월:3개월:6개월:12개월
INFO	[2020-02-10 23:41:31:195] <8777> Check Field OK
INFO	[2020-02-10 23:41:31:195] <8777> MERCHANT PRIV KEY LOAD OK
INFO	[2020-02-10 23:41:31:195] <8777> MERCHANT PUB KEY LOAD OK []
INFO	[2020-02-10 23:41:31:198] <8777> CHKFAKE KEY MAKE OK:MjAyMDAyMTAyMzQxMzExOTY0MzQwNg==

INFO	[2020-02-10 23:41:31:198] <8777> END chkfake  Laptime:[0.01sec]
INFO	[2020-02-10 23:41:31:198] <8777> ===============================================================
INFO	[2020-02-10 23:44:26:704] <8782> START INIPHP chkfake (V5036-141209)(OS:Linux2.6.18-274.3.1.el5,PHP:5.2.9)
DEBUG	[2020-02-10 23:44:26:704] <8782> inipayhome:/home/ilearning3/www/inipay
DEBUG	[2020-02-10 23:44:26:704] <8782> type:chkfake
DEBUG	[2020-02-10 23:44:26:704] <8782> debug:true
DEBUG	[2020-02-10 23:44:26:704] <8782> enctype:asym
DEBUG	[2020-02-10 23:44:26:704] <8782> admin:1111
DEBUG	[2020-02-10 23:44:26:704] <8782> checkopt:false
DEBUG	[2020-02-10 23:44:26:704] <8782> mid:obmms20151
DEBUG	[2020-02-10 23:44:26:704] <8782> price:550000
DEBUG	[2020-02-10 23:44:26:704] <8782> nointerest:no
DEBUG	[2020-02-10 23:44:26:704] <8782> quotabase:일시불:2개월:3개월:6개월:12개월
INFO	[2020-02-10 23:44:26:704] <8782> Check Field OK
INFO	[2020-02-10 23:44:26:705] <8782> MERCHANT PRIV KEY LOAD OK
INFO	[2020-02-10 23:44:26:705] <8782> MERCHANT PUB KEY LOAD OK []
INFO	[2020-02-10 23:44:26:707] <8782> CHKFAKE KEY MAKE OK:MjAyMDAyMTAyMzQ0MjY3MDU2MDY5OQ==

INFO	[2020-02-10 23:44:26:707] <8782> END chkfake  Laptime:[0.01sec]
INFO	[2020-02-10 23:44:26:707] <8782> ===============================================================
INFO	[2020-02-10 23:54:44:871] <8797> START INIPHP chkfake (V5036-141209)(OS:Linux2.6.18-274.3.1.el5,PHP:5.2.9)
DEBUG	[2020-02-10 23:54:44:871] <8797> inipayhome:/home/ilearning3/www/inipay
DEBUG	[2020-02-10 23:54:44:871] <8797> type:chkfake
DEBUG	[2020-02-10 23:54:44:871] <8797> debug:true
DEBUG	[2020-02-10 23:54:44:871] <8797> enctype:asym
DEBUG	[2020-02-10 23:54:44:871] <8797> admin:1111
DEBUG	[2020-02-10 23:54:44:871] <8797> checkopt:false
DEBUG	[2020-02-10 23:54:44:871] <8797> mid:obmms20151
DEBUG	[2020-02-10 23:54:44:871] <8797> price:550000
DEBUG	[2020-02-10 23:54:44:871] <8797> nointerest:no
DEBUG	[2020-02-10 23:54:44:871] <8797> quotabase:일시불:2개월:3개월:6개월:12개월
INFO	[2020-02-10 23:54:44:871] <8797> Check Field OK
INFO	[2020-02-10 23:54:44:871] <8797> MERCHANT PRIV KEY LOAD OK
INFO	[2020-02-10 23:54:44:872] <8797> MERCHANT PUB KEY LOAD OK []
INFO	[2020-02-10 23:54:44:874] <8797> CHKFAKE KEY MAKE OK:MjAyMDAyMTAyMzU0NDQ4NzI3MDQ4Mg==

INFO	[2020-02-10 23:54:44:874] <8797> END chkfake  Laptime:[0sec]
INFO	[2020-02-10 23:54:44:874] <8797> ===============================================================
