INFO	[2019-08-21 14:13:37:267] <16006> START INIPHP chkfake (V5036-141209)(OS:Linux2.6.18-274.3.1.el5,PHP:5.2.9)
DEBUG	[2019-08-21 14:13:37:281] <16006> inipayhome:/home/ilearning3/www/inipay
DEBUG	[2019-08-21 14:13:37:281] <16006> type:chkfake
DEBUG	[2019-08-21 14:13:37:281] <16006> debug:true
DEBUG	[2019-08-21 14:13:37:281] <16006> enctype:asym
DEBUG	[2019-08-21 14:13:37:281] <16006> admin:1111
DEBUG	[2019-08-21 14:13:37:281] <16006> checkopt:false
DEBUG	[2019-08-21 14:13:37:281] <16006> mid:obmms20151
DEBUG	[2019-08-21 14:13:37:281] <16006> price:550000
DEBUG	[2019-08-21 14:13:37:281] <16006> nointerest:no
DEBUG	[2019-08-21 14:13:37:281] <16006> quotabase:ÏÑ†ÌÉù:ÏùºÏãúÎ∂à:2Í∞úÏõî:3Í∞úÏõî:6Í∞úÏõî:12Í∞úÏõî
INFO	[2019-08-21 14:13:37:282] <16006> Check Field OK
INFO	[2019-08-21 14:13:37:316] <16006> MERCHANT PRIV KEY LOAD OK
INFO	[2019-08-21 14:13:37:345] <16006> MERCHANT PUB KEY LOAD OK []
INFO	[2019-08-21 14:13:37:362] <16006> CHKFAKE KEY MAKE OK:MjAxOTA4MjExNDEzMzczNDYyNTg2OQ==

INFO	[2019-08-21 14:13:37:362] <16006> END chkfake  Laptime:[0.1sec]
INFO	[2019-08-21 14:13:37:362] <16006> ===============================================================
INFO	[2019-08-21 14:14:13:272] <4716> START INIPHP chkfake (V5036-141209)(OS:Linux2.6.18-274.3.1.el5,PHP:5.2.9)
DEBUG	[2019-08-21 14:14:13:272] <4716> inipayhome:/home/ilearning3/www/inipay
DEBUG	[2019-08-21 14:14:13:272] <4716> type:chkfake
DEBUG	[2019-08-21 14:14:13:272] <4716> debug:true
DEBUG	[2019-08-21 14:14:13:272] <4716> enctype:asym
DEBUG	[2019-08-21 14:14:13:272] <4716> admin:1111
DEBUG	[2019-08-21 14:14:13:272] <4716> checkopt:false
DEBUG	[2019-08-21 14:14:13:272] <4716> mid:obmms20151
DEBUG	[2019-08-21 14:14:13:272] <4716> price:550000
DEBUG	[2019-08-21 14:14:13:272] <4716> nointerest:no
DEBUG	[2019-08-21 14:14:13:272] <4716> quotabase:ÏÑ†ÌÉù:ÏùºÏãúÎ∂à:2Í∞úÏõî:3Í∞úÏõî:6Í∞úÏõî:12Í∞úÏõî
INFO	[2019-08-21 14:14:13:272] <4716> Check Field OK
INFO	[2019-08-21 14:14:13:272] <4716> MERCHANT PRIV KEY LOAD OK
INFO	[2019-08-21 14:14:13:273] <4716> MERCHANT PUB KEY LOAD OK []
INFO	[2019-08-21 14:14:13:274] <4716> CHKFAKE KEY MAKE OK:MjAxOTA4MjExNDE0MTMyNzM2NDM4OA==

INFO	[2019-08-21 14:14:13:274] <4716> END chkfake  Laptime:[0sec]
INFO	[2019-08-21 14:14:13:274] <4716> ===============================================================
INFO	[2019-08-21 14:16:25:270] <17763> START INIPHP chkfake (V5036-141209)(OS:Linux2.6.18-274.3.1.el5,PHP:5.2.9)
DEBUG	[2019-08-21 14:16:25:271] <17763> inipayhome:/home/ilearning3/www/inipay
DEBUG	[2019-08-21 14:16:25:271] <17763> type:chkfake
DEBUG	[2019-08-21 14:16:25:271] <17763> debug:true
DEBUG	[2019-08-21 14:16:25:271] <17763> enctype:asym
DEBUG	[2019-08-21 14:16:25:271] <17763> admin:1111
DEBUG	[2019-08-21 14:16:25:271] <17763> checkopt:false
DEBUG	[2019-08-21 14:16:25:271] <17763> mid:obmms20151
DEBUG	[2019-08-21 14:16:25:271] <17763> price:550000
DEBUG	[2019-08-21 14:16:25:271] <17763> nointerest:no
DEBUG	[2019-08-21 14:16:25:271] <17763> quotabase:ÏÑ†ÌÉù:ÏùºÏãúÎ∂à:2Í∞úÏõî:3Í∞úÏõî:6Í∞úÏõî:12Í∞úÏõî
INFO	[2019-08-21 14:16:25:271] <17763> Check Field OK
INFO	[2019-08-21 14:16:25:271] <17763> MERCHANT PRIV KEY LOAD OK
INFO	[2019-08-21 14:16:25:272] <17763> MERCHANT PUB KEY LOAD OK []
INFO	[2019-08-21 14:16:25:273] <17763> CHKFAKE KEY MAKE OK:MjAxOTA4MjExNDE2MjUyNzI2NTUxNg==

INFO	[2019-08-21 14:16:25:273] <17763> END chkfake  Laptime:[0sec]
INFO	[2019-08-21 14:16:25:273] <17763> ===============================================================
INFO	[2019-08-21 14:17:42:301] <16011> START INIPHP chkfake (V5036-141209)(OS:Linux2.6.18-274.3.1.el5,PHP:5.2.9)
DEBUG	[2019-08-21 14:17:42:301] <16011> inipayhome:/home/ilearning3/www/inipay
DEBUG	[2019-08-21 14:17:42:301] <16011> type:chkfake
DEBUG	[2019-08-21 14:17:42:301] <16011> debug:true
DEBUG	[2019-08-21 14:17:42:301] <16011> enctype:asym
DEBUG	[2019-08-21 14:17:42:301] <16011> admin:1111
DEBUG	[2019-08-21 14:17:42:301] <16011> checkopt:false
DEBUG	[2019-08-21 14:17:42:301] <16011> mid:obmms20151
DEBUG	[2019-08-21 14:17:42:301] <16011> price:550000
DEBUG	[2019-08-21 14:17:42:301] <16011> nointerest:no
DEBUG	[2019-08-21 14:17:42:301] <16011> quotabase:ÏÑ†ÌÉù:ÏùºÏãúÎ∂à:2Í∞úÏõî:3Í∞úÏõî:6Í∞úÏõî:12Í∞úÏõî
INFO	[2019-08-21 14:17:42:301] <16011> Check Field OK
INFO	[2019-08-21 14:17:42:301] <16011> MERCHANT PRIV KEY LOAD OK
INFO	[2019-08-21 14:17:42:302] <16011> MERCHANT PUB KEY LOAD OK []
INFO	[2019-08-21 14:17:42:303] <16011> CHKFAKE KEY MAKE OK:MjAxOTA4MjExNDE3NDIzMDI0NTcyOQ==

INFO	[2019-08-21 14:17:42:303] <16011> END chkfake  Laptime:[0sec]
INFO	[2019-08-21 14:17:42:303] <16011> ===============================================================
INFO	[2019-08-21 14:19:29:711] <10945> START INIPHP chkfake (V5036-141209)(OS:Linux2.6.18-274.3.1.el5,PHP:5.2.9)
DEBUG	[2019-08-21 14:19:29:711] <10945> inipayhome:/home/ilearning3/www/inipay
DEBUG	[2019-08-21 14:19:29:711] <10945> type:chkfake
DEBUG	[2019-08-21 14:19:29:711] <10945> debug:true
DEBUG	[2019-08-21 14:19:29:711] <10945> enctype:asym
DEBUG	[2019-08-21 14:19:29:711] <10945> admin:1111
DEBUG	[2019-08-21 14:19:29:711] <10945> checkopt:false
DEBUG	[2019-08-21 14:19:29:711] <10945> mid:obmms20151
DEBUG	[2019-08-21 14:19:29:711] <10945> price:550000
DEBUG	[2019-08-21 14:19:29:711] <10945> nointerest:no
DEBUG	[2019-08-21 14:19:29:711] <10945> quotabase:ÏÑ†ÌÉù:ÏùºÏãúÎ∂à:2Í∞úÏõî:3Í∞úÏõî:6Í∞úÏõî:12Í∞úÏõî
INFO	[2019-08-21 14:19:29:712] <10945> Check Field OK
INFO	[2019-08-21 14:19:29:712] <10945> MERCHANT PRIV KEY LOAD OK
INFO	[2019-08-21 14:19:29:712] <10945> MERCHANT PUB KEY LOAD OK []
INFO	[2019-08-21 14:19:29:714] <10945> CHKFAKE KEY MAKE OK:MjAxOTA4MjExNDE5Mjk3MTI4NjkzMg==

INFO	[2019-08-21 14:19:29:714] <10945> END chkfake  Laptime:[0sec]
INFO	[2019-08-21 14:19:29:714] <10945> ===============================================================
INFO	[2019-08-21 14:20:09:394] <16615> START INIPHP chkfake (V5036-141209)(OS:Linux2.6.18-274.3.1.el5,PHP:5.2.9)
DEBUG	[2019-08-21 14:20:09:394] <16615> inipayhome:/home/ilearning3/www/inipay
DEBUG	[2019-08-21 14:20:09:394] <16615> type:chkfake
DEBUG	[2019-08-21 14:20:09:394] <16615> debug:true
DEBUG	[2019-08-21 14:20:09:394] <16615> enctype:asym
DEBUG	[2019-08-21 14:20:09:394] <16615> admin:1111
DEBUG	[2019-08-21 14:20:09:394] <16615> checkopt:false
DEBUG	[2019-08-21 14:20:09:394] <16615> mid:obmms20151
DEBUG	[2019-08-21 14:20:09:394] <16615> price:550000
DEBUG	[2019-08-21 14:20:09:394] <16615> nointerest:no
DEBUG	[2019-08-21 14:20:09:394] <16615> quotabase:ÏÑ†ÌÉù:ÏùºÏãúÎ∂à:2Í∞úÏõî:3Í∞úÏõî:6Í∞úÏõî:12Í∞úÏõî
INFO	[2019-08-21 14:20:09:394] <16615> Check Field OK
INFO	[2019-08-21 14:20:09:394] <16615> MERCHANT PRIV KEY LOAD OK
INFO	[2019-08-21 14:20:09:394] <16615> MERCHANT PUB KEY LOAD OK []
INFO	[2019-08-21 14:20:09:396] <16615> CHKFAKE KEY MAKE OK:MjAxOTA4MjExNDIwMDkzOTQ0MDA2NQ==

INFO	[2019-08-21 14:20:09:396] <16615> END chkfake  Laptime:[0.01sec]
INFO	[2019-08-21 14:20:09:396] <16615> ===============================================================
INFO	[2019-08-21 14:20:38:379] <16004> START INIPHP chkfake (V5036-141209)(OS:Linux2.6.18-274.3.1.el5,PHP:5.2.9)
DEBUG	[2019-08-21 14:20:38:379] <16004> inipayhome:/home/ilearning3/www/inipay
DEBUG	[2019-08-21 14:20:38:379] <16004> type:chkfake
DEBUG	[2019-08-21 14:20:38:379] <16004> debug:true
DEBUG	[2019-08-21 14:20:38:379] <16004> enctype:asym
DEBUG	[2019-08-21 14:20:38:379] <16004> admin:1111
DEBUG	[2019-08-21 14:20:38:379] <16004> checkopt:false
DEBUG	[2019-08-21 14:20:38:379] <16004> mid:obmms20151
DEBUG	[2019-08-21 14:20:38:379] <16004> price:550000
DEBUG	[2019-08-21 14:20:38:379] <16004> nointerest:no
DEBUG	[2019-08-21 14:20:38:379] <16004> quotabase:ÏÑ†ÌÉù:ÏùºÏãúÎ∂à:2Í∞úÏõî:3Í∞úÏõî:6Í∞úÏõî:12Í∞úÏõî
INFO	[2019-08-21 14:20:38:379] <16004> Check Field OK
INFO	[2019-08-21 14:20:38:379] <16004> MERCHANT PRIV KEY LOAD OK
INFO	[2019-08-21 14:20:38:380] <16004> MERCHANT PUB KEY LOAD OK []
INFO	[2019-08-21 14:20:38:381] <16004> CHKFAKE KEY MAKE OK:MjAxOTA4MjExNDIwMzgzODA2NDMyNw==

INFO	[2019-08-21 14:20:38:381] <16004> END chkfake  Laptime:[0sec]
INFO	[2019-08-21 14:20:38:381] <16004> ===============================================================
INFO	[2019-08-21 14:22:15:720] <4727> START INIPHP chkfake (V5036-141209)(OS:Linux2.6.18-274.3.1.el5,PHP:5.2.9)
DEBUG	[2019-08-21 14:22:15:720] <4727> inipayhome:/home/ilearning3/www/inipay
DEBUG	[2019-08-21 14:22:15:720] <4727> type:chkfake
DEBUG	[2019-08-21 14:22:15:720] <4727> debug:true
DEBUG	[2019-08-21 14:22:15:720] <4727> enctype:asym
DEBUG	[2019-08-21 14:22:15:720] <4727> admin:1111
DEBUG	[2019-08-21 14:22:15:720] <4727> checkopt:false
DEBUG	[2019-08-21 14:22:15:720] <4727> mid:obmms20151
DEBUG	[2019-08-21 14:22:15:720] <4727> price:550000
DEBUG	[2019-08-21 14:22:15:720] <4727> nointerest:no
DEBUG	[2019-08-21 14:22:15:720] <4727> quotabase:ÏÑ†ÌÉù:ÏùºÏãúÎ∂à:2Í∞úÏõî:3Í∞úÏõî:6Í∞úÏõî:12Í∞úÏõî
INFO	[2019-08-21 14:22:15:720] <4727> Check Field OK
INFO	[2019-08-21 14:22:15:720] <4727> MERCHANT PRIV KEY LOAD OK
INFO	[2019-08-21 14:22:15:721] <4727> MERCHANT PUB KEY LOAD OK []
INFO	[2019-08-21 14:22:15:722] <4727> CHKFAKE KEY MAKE OK:MjAxOTA4MjExNDIyMTU3MjE1NjgzMw==

INFO	[2019-08-21 14:22:15:722] <4727> END chkfake  Laptime:[0sec]
INFO	[2019-08-21 14:22:15:722] <4727> ===============================================================
INFO	[2019-08-21 14:35:06:664] <15979> START INIPHP chkfake (V5036-141209)(OS:Linux2.6.18-274.3.1.el5,PHP:5.2.9)
DEBUG	[2019-08-21 14:35:06:664] <15979> inipayhome:/home/ilearning3/www/inipay
DEBUG	[2019-08-21 14:35:06:664] <15979> type:chkfake
DEBUG	[2019-08-21 14:35:06:664] <15979> debug:true
DEBUG	[2019-08-21 14:35:06:664] <15979> enctype:asym
DEBUG	[2019-08-21 14:35:06:664] <15979> admin:1111
DEBUG	[2019-08-21 14:35:06:664] <15979> checkopt:false
DEBUG	[2019-08-21 14:35:06:664] <15979> mid:obmms20151
DEBUG	[2019-08-21 14:35:06:664] <15979> price:550000
DEBUG	[2019-08-21 14:35:06:664] <15979> nointerest:no
DEBUG	[2019-08-21 14:35:06:664] <15979> quotabase:ÏÑ†ÌÉù:ÏùºÏãúÎ∂à:2Í∞úÏõî:3Í∞úÏõî:6Í∞úÏõî:12Í∞úÏõî
INFO	[2019-08-21 14:35:06:664] <15979> Check Field OK
INFO	[2019-08-21 14:35:06:665] <15979> MERCHANT PRIV KEY LOAD OK
INFO	[2019-08-21 14:35:06:665] <15979> MERCHANT PUB KEY LOAD OK []
INFO	[2019-08-21 14:35:06:668] <15979> CHKFAKE KEY MAKE OK:MjAxOTA4MjExNDM1MDY2NjU0NTExMA==

INFO	[2019-08-21 14:35:06:668] <15979> END chkfake  Laptime:[0.01sec]
INFO	[2019-08-21 14:35:06:668] <15979> ===============================================================
INFO	[2019-08-21 14:38:20:791] <16009> START INIPHP chkfake (V5036-141209)(OS:Linux2.6.18-274.3.1.el5,PHP:5.2.9)
DEBUG	[2019-08-21 14:38:20:791] <16009> inipayhome:/home/ilearning3/www/inipay
DEBUG	[2019-08-21 14:38:20:791] <16009> type:chkfake
DEBUG	[2019-08-21 14:38:20:791] <16009> debug:true
DEBUG	[2019-08-21 14:38:20:791] <16009> enctype:asym
DEBUG	[2019-08-21 14:38:20:791] <16009> admin:1111
DEBUG	[2019-08-21 14:38:20:791] <16009> checkopt:false
DEBUG	[2019-08-21 14:38:20:791] <16009> mid:obmms20151
DEBUG	[2019-08-21 14:38:20:791] <16009> price:550000
DEBUG	[2019-08-21 14:38:20:791] <16009> nointerest:no
ERROR	[2019-08-21 14:38:21:56] <16009> « ºˆ«◊∏Ò(quotabase)¿Ã ¥©∂Ùµ«æ˙Ω¿¥œ¥Ÿ.
INFO	[2019-08-21 14:38:21:56] <16009> END chkfake [TX9004|« ºˆ«◊∏Ò(quotabase)¿Ã ¥©∂Ùµ«æ˙Ω¿¥œ¥Ÿ.] Laptime:[0.27sec]
INFO	[2019-08-21 14:38:21:56] <16009> ===============================================================
INFO	[2019-08-21 14:38:30:538] <17767> START INIPHP chkfake (V5036-141209)(OS:Linux2.6.18-274.3.1.el5,PHP:5.2.9)
DEBUG	[2019-08-21 14:38:30:538] <17767> inipayhome:/home/ilearning3/www/inipay
DEBUG	[2019-08-21 14:38:30:538] <17767> type:chkfake
DEBUG	[2019-08-21 14:38:30:538] <17767> debug:true
DEBUG	[2019-08-21 14:38:30:538] <17767> enctype:asym
DEBUG	[2019-08-21 14:38:30:538] <17767> admin:1111
DEBUG	[2019-08-21 14:38:30:538] <17767> checkopt:false
DEBUG	[2019-08-21 14:38:30:538] <17767> mid:obmms20151
DEBUG	[2019-08-21 14:38:30:538] <17767> price:550000
DEBUG	[2019-08-21 14:38:30:538] <17767> nointerest:no
ERROR	[2019-08-21 14:38:30:705] <17767> « ºˆ«◊∏Ò(quotabase)¿Ã ¥©∂Ùµ«æ˙Ω¿¥œ¥Ÿ.
INFO	[2019-08-21 14:38:30:705] <17767> END chkfake [TX9004|« ºˆ«◊∏Ò(quotabase)¿Ã ¥©∂Ùµ«æ˙Ω¿¥œ¥Ÿ.] Laptime:[0.17sec]
INFO	[2019-08-21 14:38:30:705] <17767> ===============================================================
INFO	[2019-08-21 14:38:42:872] <16614> START INIPHP chkfake (V5036-141209)(OS:Linux2.6.18-274.3.1.el5,PHP:5.2.9)
DEBUG	[2019-08-21 14:38:42:872] <16614> inipayhome:/home/ilearning3/www/inipay
DEBUG	[2019-08-21 14:38:42:872] <16614> type:chkfake
DEBUG	[2019-08-21 14:38:42:872] <16614> debug:true
DEBUG	[2019-08-21 14:38:42:872] <16614> enctype:asym
DEBUG	[2019-08-21 14:38:42:872] <16614> admin:1111
DEBUG	[2019-08-21 14:38:42:872] <16614> checkopt:false
DEBUG	[2019-08-21 14:38:42:872] <16614> mid:obmms20151
DEBUG	[2019-08-21 14:38:42:872] <16614> price:550000
DEBUG	[2019-08-21 14:38:42:872] <16614> nointerest:no
DEBUG	[2019-08-21 14:38:42:872] <16614> quotabase:ÏùºÏãúÎ∂à
INFO	[2019-08-21 14:38:42:872] <16614> Check Field OK
INFO	[2019-08-21 14:38:42:872] <16614> MERCHANT PRIV KEY LOAD OK
INFO	[2019-08-21 14:38:42:873] <16614> MERCHANT PUB KEY LOAD OK []
INFO	[2019-08-21 14:38:42:874] <16614> CHKFAKE KEY MAKE OK:MjAxOTA4MjExNDM4NDI4NzM1MjQzMQ==

INFO	[2019-08-21 14:38:42:874] <16614> END chkfake  Laptime:[0sec]
INFO	[2019-08-21 14:38:42:874] <16614> ===============================================================
INFO	[2019-08-21 14:39:07:306] <16614> START INIPHP chkfake (V5036-141209)(OS:Linux2.6.18-274.3.1.el5,PHP:5.2.9)
DEBUG	[2019-08-21 14:39:07:306] <16614> inipayhome:/home/ilearning3/www/inipay
DEBUG	[2019-08-21 14:39:07:306] <16614> type:chkfake
DEBUG	[2019-08-21 14:39:07:306] <16614> debug:true
DEBUG	[2019-08-21 14:39:07:306] <16614> enctype:asym
DEBUG	[2019-08-21 14:39:07:306] <16614> admin:1111
DEBUG	[2019-08-21 14:39:07:306] <16614> checkopt:false
DEBUG	[2019-08-21 14:39:07:306] <16614> mid:obmms20151
DEBUG	[2019-08-21 14:39:07:306] <16614> price:550000
DEBUG	[2019-08-21 14:39:07:306] <16614> nointerest:no
DEBUG	[2019-08-21 14:39:07:306] <16614> quotabase:ÏùºÏãúÎ∂à:2Í∞úÏõî:3Í∞úÏõî:6Í∞úÏõî:12Í∞úÏõî
INFO	[2019-08-21 14:39:07:307] <16614> Check Field OK
INFO	[2019-08-21 14:39:07:307] <16614> MERCHANT PRIV KEY LOAD OK
INFO	[2019-08-21 14:39:07:307] <16614> MERCHANT PUB KEY LOAD OK []
INFO	[2019-08-21 14:39:07:310] <16614> CHKFAKE KEY MAKE OK:MjAxOTA4MjExNDM5MDczMDc4NTI4Mw==

INFO	[2019-08-21 14:39:07:310] <16614> END chkfake  Laptime:[0sec]
INFO	[2019-08-21 14:39:07:310] <16614> ===============================================================
INFO	[2019-08-21 14:39:42:284] <4702> START INIPHP chkfake (V5036-141209)(OS:Linux2.6.18-274.3.1.el5,PHP:5.2.9)
DEBUG	[2019-08-21 14:39:42:284] <4702> inipayhome:/home/ilearning3/www/inipay
DEBUG	[2019-08-21 14:39:42:284] <4702> type:chkfake
DEBUG	[2019-08-21 14:39:42:284] <4702> debug:true
DEBUG	[2019-08-21 14:39:42:284] <4702> enctype:asym
DEBUG	[2019-08-21 14:39:42:284] <4702> admin:1111
DEBUG	[2019-08-21 14:39:42:284] <4702> checkopt:false
DEBUG	[2019-08-21 14:39:42:284] <4702> mid:obmms20151
DEBUG	[2019-08-21 14:39:42:284] <4702> price:550000
DEBUG	[2019-08-21 14:39:42:284] <4702> nointerest:no
DEBUG	[2019-08-21 14:39:42:284] <4702> quotabase:ÏÑ†ÌÉù:ÏùºÏãúÎ∂à:2Í∞úÏõî:3Í∞úÏõî:6Í∞úÏõî
INFO	[2019-08-21 14:39:42:284] <4702> Check Field OK
INFO	[2019-08-21 14:39:42:284] <4702> MERCHANT PRIV KEY LOAD OK
INFO	[2019-08-21 14:39:42:285] <4702> MERCHANT PUB KEY LOAD OK []
INFO	[2019-08-21 14:39:42:286] <4702> CHKFAKE KEY MAKE OK:MjAxOTA4MjExNDM5NDIyODU2MzQxMA==

INFO	[2019-08-21 14:39:42:286] <4702> END chkfake  Laptime:[0.01sec]
INFO	[2019-08-21 14:39:42:286] <4702> ===============================================================
INFO	[2019-08-21 14:42:04:853] <15977> START INIPHP chkfake (V5036-141209)(OS:Linux2.6.18-274.3.1.el5,PHP:5.2.9)
DEBUG	[2019-08-21 14:42:04:853] <15977> inipayhome:/home/ilearning3/www/inipay
DEBUG	[2019-08-21 14:42:04:853] <15977> type:chkfake
DEBUG	[2019-08-21 14:42:04:853] <15977> debug:true
DEBUG	[2019-08-21 14:42:04:853] <15977> enctype:asym
DEBUG	[2019-08-21 14:42:04:853] <15977> admin:1111
DEBUG	[2019-08-21 14:42:04:853] <15977> checkopt:false
DEBUG	[2019-08-21 14:42:04:853] <15977> mid:obmms20151
DEBUG	[2019-08-21 14:42:04:853] <15977> price:550000
DEBUG	[2019-08-21 14:42:04:853] <15977> nointerest:no
DEBUG	[2019-08-21 14:42:04:853] <15977> quotabase:ÏùºÏãúÎ∂à
INFO	[2019-08-21 14:42:04:853] <15977> Check Field OK
INFO	[2019-08-21 14:42:04:853] <15977> MERCHANT PRIV KEY LOAD OK
INFO	[2019-08-21 14:42:04:854] <15977> MERCHANT PUB KEY LOAD OK []
INFO	[2019-08-21 14:42:04:855] <15977> CHKFAKE KEY MAKE OK:MjAxOTA4MjExNDQyMDQ4NTQ5MjcyMA==

INFO	[2019-08-21 14:42:04:855] <15977> END chkfake  Laptime:[0.01sec]
INFO	[2019-08-21 14:42:04:855] <15977> ===============================================================
INFO	[2019-08-21 14:44:34:514] <15999> START INIPHP chkfake (V5036-141209)(OS:Linux2.6.18-274.3.1.el5,PHP:5.2.9)
DEBUG	[2019-08-21 14:44:34:514] <15999> inipayhome:/home/ilearning3/www/inipay
DEBUG	[2019-08-21 14:44:34:514] <15999> type:chkfake
DEBUG	[2019-08-21 14:44:34:514] <15999> debug:true
DEBUG	[2019-08-21 14:44:34:514] <15999> enctype:asym
DEBUG	[2019-08-21 14:44:34:514] <15999> admin:1111
DEBUG	[2019-08-21 14:44:34:514] <15999> checkopt:false
DEBUG	[2019-08-21 14:44:34:514] <15999> mid:obmms20151
DEBUG	[2019-08-21 14:44:34:514] <15999> price:550000
DEBUG	[2019-08-21 14:44:34:514] <15999> nointerest:no
DEBUG	[2019-08-21 14:44:34:514] <15999> quotabase:ÏùºÏãúÎ∂à:2Í∞úÏõî:3Í∞úÏõî:6Í∞úÏõî:12Í∞úÏõî
INFO	[2019-08-21 14:44:34:515] <15999> Check Field OK
INFO	[2019-08-21 14:44:34:515] <15999> MERCHANT PRIV KEY LOAD OK
INFO	[2019-08-21 14:44:34:515] <15999> MERCHANT PUB KEY LOAD OK []
INFO	[2019-08-21 14:44:34:518] <15999> CHKFAKE KEY MAKE OK:MjAxOTA4MjExNDQ0MzQ1MTU1MTc2OQ==

INFO	[2019-08-21 14:44:34:518] <15999> END chkfake  Laptime:[0.01sec]
INFO	[2019-08-21 14:44:34:518] <15999> ===============================================================
INFO	[2019-08-21 14:45:17:933] <4702> START INIPHP chkfake (V5036-141209)(OS:Linux2.6.18-274.3.1.el5,PHP:5.2.9)
DEBUG	[2019-08-21 14:45:17:933] <4702> inipayhome:/home/ilearning3/www/inipay
DEBUG	[2019-08-21 14:45:17:933] <4702> type:chkfake
DEBUG	[2019-08-21 14:45:17:933] <4702> debug:true
DEBUG	[2019-08-21 14:45:17:933] <4702> enctype:asym
DEBUG	[2019-08-21 14:45:17:933] <4702> admin:1111
DEBUG	[2019-08-21 14:45:17:933] <4702> checkopt:false
DEBUG	[2019-08-21 14:45:17:933] <4702> mid:obmms20151
DEBUG	[2019-08-21 14:45:17:933] <4702> price:550000
DEBUG	[2019-08-21 14:45:17:933] <4702> nointerest:no
DEBUG	[2019-08-21 14:45:17:933] <4702> quotabase:ÏùºÏãúÎ∂à
INFO	[2019-08-21 14:45:17:933] <4702> Check Field OK
INFO	[2019-08-21 14:45:17:933] <4702> MERCHANT PRIV KEY LOAD OK
INFO	[2019-08-21 14:45:17:933] <4702> MERCHANT PUB KEY LOAD OK []
INFO	[2019-08-21 14:45:17:935] <4702> CHKFAKE KEY MAKE OK:MjAxOTA4MjExNDQ1MTc5MzM4Nzk1NQ==

INFO	[2019-08-21 14:45:17:935] <4702> END chkfake  Laptime:[0.01sec]
INFO	[2019-08-21 14:45:17:935] <4702> ===============================================================
INFO	[2019-08-21 14:46:06:686] <4718> START INIPHP chkfake (V5036-141209)(OS:Linux2.6.18-274.3.1.el5,PHP:5.2.9)
DEBUG	[2019-08-21 14:46:06:686] <4718> inipayhome:/home/ilearning3/www/inipay
DEBUG	[2019-08-21 14:46:06:686] <4718> type:chkfake
DEBUG	[2019-08-21 14:46:06:686] <4718> debug:true
DEBUG	[2019-08-21 14:46:06:686] <4718> enctype:asym
DEBUG	[2019-08-21 14:46:06:686] <4718> admin:1111
DEBUG	[2019-08-21 14:46:06:686] <4718> checkopt:false
DEBUG	[2019-08-21 14:46:06:686] <4718> mid:obmms20151
DEBUG	[2019-08-21 14:46:06:686] <4718> price:550000
DEBUG	[2019-08-21 14:46:06:686] <4718> nointerest:no
DEBUG	[2019-08-21 14:46:06:686] <4718> quotabase:ÏùºÏãúÎ∂à:2Í∞úÏõî:3Í∞úÏõî:6Í∞úÏõî:12Í∞úÏõî
INFO	[2019-08-21 14:46:06:686] <4718> Check Field OK
INFO	[2019-08-21 14:46:06:686] <4718> MERCHANT PRIV KEY LOAD OK
INFO	[2019-08-21 14:46:06:687] <4718> MERCHANT PUB KEY LOAD OK []
INFO	[2019-08-21 14:46:06:689] <4718> CHKFAKE KEY MAKE OK:MjAxOTA4MjExNDQ2MDY2ODcyOTE1NQ==

INFO	[2019-08-21 14:46:06:689] <4718> END chkfake  Laptime:[0sec]
INFO	[2019-08-21 14:46:06:690] <4718> ===============================================================
INFO	[2019-08-21 14:46:34:195] <16907> START INIPHP chkfake (V5036-141209)(OS:Linux2.6.18-274.3.1.el5,PHP:5.2.9)
DEBUG	[2019-08-21 14:46:34:195] <16907> inipayhome:/home/ilearning3/www/inipay
DEBUG	[2019-08-21 14:46:34:195] <16907> type:chkfake
DEBUG	[2019-08-21 14:46:34:195] <16907> debug:true
DEBUG	[2019-08-21 14:46:34:195] <16907> enctype:asym
DEBUG	[2019-08-21 14:46:34:195] <16907> admin:1111
DEBUG	[2019-08-21 14:46:34:195] <16907> checkopt:false
DEBUG	[2019-08-21 14:46:34:195] <16907> mid:obmms20151
DEBUG	[2019-08-21 14:46:34:195] <16907> price:550000
DEBUG	[2019-08-21 14:46:34:195] <16907> nointerest:no
DEBUG	[2019-08-21 14:46:34:195] <16907> quotabase:ÏùºÏãúÎ∂à
INFO	[2019-08-21 14:46:34:195] <16907> Check Field OK
INFO	[2019-08-21 14:46:34:196] <16907> MERCHANT PRIV KEY LOAD OK
INFO	[2019-08-21 14:46:34:196] <16907> MERCHANT PUB KEY LOAD OK []
INFO	[2019-08-21 14:46:34:197] <16907> CHKFAKE KEY MAKE OK:MjAxOTA4MjExNDQ2MzQxOTY1NzkyMQ==

INFO	[2019-08-21 14:46:34:197] <16907> END chkfake  Laptime:[0sec]
INFO	[2019-08-21 14:46:34:197] <16907> ===============================================================
INFO	[2019-08-21 14:47:30:786] <4716> START INIPHP securepay (V5036-141209)(OS:Linux2.6.18-274.3.1.el5,PHP:5.2.9)
DEBUG	[2019-08-21 14:47:30:786] <4716> inipayhome:/home/ilearning3/www/inipay
DEBUG	[2019-08-21 14:47:30:786] <4716> type:securepay
DEBUG	[2019-08-21 14:47:30:786] <4716> pgid:INIphpCARD
DEBUG	[2019-08-21 14:47:30:786] <4716> subpgip:203.238.3.10
DEBUG	[2019-08-21 14:47:30:786] <4716> admin:1111
DEBUG	[2019-08-21 14:47:30:786] <4716> debug:true
DEBUG	[2019-08-21 14:47:30:786] <4716> uid:
DEBUG	[2019-08-21 14:47:30:786] <4716> goodname:ªÁæ˜πÆ¿⁄1≥‚
DEBUG	[2019-08-21 14:47:30:786] <4716> currency:WON
DEBUG	[2019-08-21 14:47:30:786] <4716> mid:obmms20151
DEBUG	[2019-08-21 14:47:30:786] <4716> rn:MjAxOTA4MjExNDQ2MzQxOTY1NzkyMQ==

DEBUG	[2019-08-21 14:47:30:786] <4716> price:550000
DEBUG	[2019-08-21 14:47:30:786] <4716> enctype:
DEBUG	[2019-08-21 14:47:30:786] <4716> buyername:(¡÷)µæÿΩ∫∆˜√˜
DEBUG	[2019-08-21 14:47:30:786] <4716> buyertel:02-2256-0001
DEBUG	[2019-08-21 14:47:30:786] <4716> buyeremail:pmk@fuerzasport.com
DEBUG	[2019-08-21 14:47:30:786] <4716> paymethod:Card
DEBUG	[2019-08-21 14:47:30:786] <4716> encrypted:Version=4.1&PayMethod=Card&RsaKeyNum=1&EncryptionAlgorithm=SEED-CBC&SignAlgorithm=RSAwithSHA1&CertVer=39&moid=12703_190821024634&ver_trace=main(6109,6065)card(6185,6158)n(6009)Cs(6025)Dt(6002)Pa(6002)Cf(6025)Fv(0000)La(6183)Re(6135)Vr(6008)P(6034)en(6070)nP(6006)&pg1=39.115.212.10&pg2=203.238.37.3&pg1ip=39.115.212.10&pg2ip=203.238.37.3&agreeflag=1111&Data=MpwlVzUC9t9EXQqjelhPyjuydwPWG7e0li/ITb/XA5l3r3jRyAOY45TCOnRjGmhU
Kz8K8fiXHUOnq4YagoYNFRuiBtngvAbpyxRXdZpRK/PDztdj16fzX1mqaEdJH8Bq
TlzHc7ynOpzxRuvze/WcMGpvX6DetiWlHErPnuxQqzS4W6MxaD8Bb5IQ4w6Teg1l
JAdIe26OBF89yQ/0oVvlNbJBe0XSLGgK+9j27c48xHEYLzyTzFYj7o0+v+8dz52C
4SZ8PmpA7C4TMhgaPC02AnXg5/45JkecOaMubn5dQxEk35ka/zLpYpOgNKM7KfjI
wAmYYxBQbRkKVcnGMHMCDrv74k+VQmQbyF5hGPQ/nEOfzYmoUHE99noSCFKauRgi
7Uf/INz6ZKNA7yG4WwO+ydQOdQgIzjeIe2zIE+RVGiGyj8bVxFJnmZuSzr7m2kB9
EJubNXgKHKcNdUPTl3z4QBxjgPjlP33TaznCWEHawypuAwCC8+ZiWGcrPqAlWYar
1/Ea06KpEHcGB2AzDo7Ud2lc4moAFt5STErbmA9+BZ47fbD+SAtCn4M+qrnwWhfF
hrKWGhH67DPFzRRWBr2NTSh7u5EbSBDML25ifa7NGezb2c/f9rRBtAfm5NO8bNfz
HQlK3sJSLDfjbV76JxNBcpXQY4RqrufBUQgF6u/ujcFCOKuYzgfKNLBksP+c+P+9
ZIgKSI/j24GB+69rtnIPijC/XyJ+tXjre5weFaFUAwBXTujq+SM2r/xm3+rnpVyt
dDU4g/b9+TeDo8E14XqD6o/3fgHFftEtbnTQULHeeZ+oqanICqN8GXO9/Nh7HQeS
zYA5CvjqUI/P8XrZ
DEBUG	[2019-08-21 14:47:30:786] <4716> sessionkey:YlUjUYEXCRxBBCdmtlB1ZGZgNQ2CanaGX6wmYDXbcsavBKq9MOx1cCK7Nl9qb91u
ZTi2t+Ey14wS7g5ytPlQCHY6DEjMn6FTOMHkOHtkCAi0bfj4P8Ir/0OcpQDqHYIF
0K4Ec0ihSKdQQrPFI5QJUzgwKqPFndK/g7AcHFQHY/o=
DEBUG	[2019-08-21 14:47:30:786] <4716> url:http://www.obmms.net
DEBUG	[2019-08-21 14:47:30:786] <4716> cardcode:14
DEBUG	[2019-08-21 14:47:30:786] <4716> parentemail:pmk@fuerzasport.com
DEBUG	[2019-08-21 14:47:30:786] <4716> recvname:
DEBUG	[2019-08-21 14:47:30:786] <4716> recvtel:
DEBUG	[2019-08-21 14:47:30:786] <4716> recvaddr:
DEBUG	[2019-08-21 14:47:30:786] <4716> recvpostnum:
DEBUG	[2019-08-21 14:47:30:786] <4716> recvmsg:
DEBUG	[2019-08-21 14:47:30:786] <4716> joincard:
DEBUG	[2019-08-21 14:47:30:786] <4716> joinexpire:
DEBUG	[2019-08-21 14:47:30:786] <4716> id_customer:
INFO	[2019-08-21 14:47:30:787] <4716> Check Field OK
INFO	[2019-08-21 14:47:30:787] <4716> Make TID OK INIphpCARDobmms2015120190821144730879327
INFO	[2019-08-21 14:47:30:787] <4716> PI PUB KEY LOAD OK [39]
INFO	[2019-08-21 14:47:30:792] <4716> PG PUB KEY LOAD OK [30]
INFO	[2019-08-21 14:47:30:792] <4716> MERCHANT PRIV KEY LOAD OK
INFO	[2019-08-21 14:47:30:792] <4716> MERCHANT PUB KEY LOAD OK [0]
INFO	[2019-08-21 14:47:30:794] <4716> MAKE BODY OK
INFO	[2019-08-21 14:47:30:795] <4716> SIGN OK
INFO	[2019-08-21 14:47:30:795] <4716> MAKE HEAD OK
INFO	[2019-08-21 14:47:30:795] <4716> MSG_TO_PG:[0299400175R SHA1                   0                  39                  300200obmms20151              550000INIphpCARDobmms2015120190821144730879327<?xml version="1.0" encoding="UTF-8"?>
<INIpay>
	  <GoodsInfo>
	    <GoodsCnt>1</GoodsCnt>
	    <MOID/>
	    <Currency>WON</Currency>
	    <Tax/>
	    <TaxFree/>
	    <Goods>
	      <SMID>obmms20151</SMID>
	      <GoodsName urlencode="1">%BB%E7%BE%F7%B9%AE%C0%DA1%B3%E2</GoodsName>
	      <GoodsPrice>550000</GoodsPrice></Goods></GoodsInfo>
	  <BuyerInfo>
	    <BuyerName urlencode="1">%28%C1%D6%29%B5%F0%BE%D8%BD%BA%C6%F7%C3%F7</BuyerName>
	    <BuyerTel>02-2256-0001</BuyerTel>
	    <BuyerEmail urlencode="1">pmk%40fuerzasport.com</BuyerEmail>
	    <ParentEmail urlencode="1">pmk%40fuerzasport.com</ParentEmail>
	    <RecvName/>
	    <RecvTel/>
	    <RecvMsg/>
	    <RecvAddr/>
	    <RecvPostNum/></BuyerInfo>
	  <PaymentInfo>
	    <Payment>
	      <PayMethod>Card</PayMethod>
	      <JoinCard/>
	      <JoinExpire/>
	      <MailOrder/>
	      <SessionKey>YlUjUYEXCRxBBCdmtlB1ZGZgNQ2CanaGX6wmYDXbcsavBKq9MOx1cCK7Nl9qb91u
ZTi2t+Ey14wS7g5ytPlQCHY6DEjMn6FTOMHkOHtkCAi0bfj4P8Ir/0OcpQDqHYIF
0K4Ec0ihSKdQQrPFI5QJUzgwKqPFndK/g7AcHFQHY/o=</SessionKey>
	      <Encrypted urlencode="1">Version%3D4.1%26PayMethod%3DCard%26RsaKeyNum%3D1%26EncryptionAlgorithm%3DSEED-CBC%26SignAlgorithm%3DRSAwithSHA1%26CertVer%3D39%26moid%3D12703_190821024634%26ver_trace%3Dmain%286109%2C6065%29card%286185%2C6158%29n%286009%29Cs%286025%29Dt%286002%29Pa%286002%29Cf%286025%29Fv%280000%29La%286183%29Re%286135%29Vr%286008%29P%286034%29en%286070%29nP%286006%29%26pg1%3D39.115.212.10%26pg2%3D203.238.37.3%26pg1ip%3D39.115.212.10%26pg2ip%3D203.238.37.3%26agreeflag%3D1111%26Data%3DMpwlVzUC9t9EXQqjelhPyjuydwPWG7e0li%2FITb%2FXA5l3r3jRyAOY45TCOnRjGmhU%0D%0AKz8K8fiXHUOnq4YagoYNFRuiBtngvAbpyxRXdZpRK%2FPDztdj16fzX1mqaEdJH8Bq%0D%0ATlzHc7ynOpzxRuvze%2FWcMGpvX6DetiWlHErPnuxQqzS4W6MxaD8Bb5IQ4w6Teg1l%0D%0AJAdIe26OBF89yQ%2F0oVvlNbJBe0XSLGgK%2B9j27c48xHEYLzyTzFYj7o0%2Bv%2B8dz52C%0D%0A4SZ8PmpA7C4TMhgaPC02AnXg5%2F45JkecOaMubn5dQxEk35ka%2FzLpYpOgNKM7KfjI%0D%0AwAmYYxBQbRkKVcnGMHMCDrv74k%2BVQmQbyF5hGPQ%2FnEOfzYmoUHE99noSCFKauRgi%0D%0A7Uf%2FINz6ZKNA7yG4WwO%2BydQOdQgIzjeIe2zIE%2BRVGiGyj8bVxFJnmZuSzr7m2kB9%0D%0AEJubNXgKHKcNdUPTl3z4QBxjgPjlP33TaznCWEHawypuAwCC8%2BZiWGcrPqAlWYar%0D%0A1%2FEa06KpEHcGB2AzDo7Ud2lc4moAFt5STErbmA9%2BBZ47fbD%2BSAtCn4M%2BqrnwWhfF%0D%0AhrKWGhH67DPFzRRWBr2NTSh7u5EbSBDML25ifa7NGezb2c%2Ff9rRBtAfm5NO8bNfz%0D%0AHQlK3sJSLDfjbV76JxNBcpXQY4RqrufBUQgF6u%2FujcFCOKuYzgfKNLBksP%2Bc%2BP%2B9%0D%0AZIgKSI%2Fj24GB%2B69rtnIPijC%2FXyJ%2BtXjre5weFaFUAwBXTujq%2BSM2r%2Fxm3%2BrnpVyt%0D%0AdDU4g%2Fb9%2BTeDo8E14XqD6o%2F3fgHFftEtbnTQULHeeZ%2BoqanICqN8GXO9%2FNh7HQeS%0D%0AzYA5CvjqUI%2FP8XrZ</Encrypted></Payment></PaymentInfo>
	  <ReservedInfo>
	    <MReserved1/>
	    <MReserved2/>
	    <MReserved3/></ReservedInfo>
	  <ManageInfo>
	    <Language/>
	    <URL urlencode="1">http%3A%2F%2Fwww.obmms.net</URL>
	    <TXVersion>5036B141209securLinux     PHPchkfake   2.6.18-274.3.1.el5PHP:5.2.9   </TXVersion>
	    <TXUserID/>
	    <TXRegNum/>
	    <Ack>1</Ack>
	    <TXRN>MjAxOTA4MjExNDQ2MzQxOTY1NzkyMQ==
</TXRN></ManageInfo></INIpay>AEzi8HqryoDZmbEbuHHVSfamzVDQsuLkuJcwVuPKVkYMXs39cvdVtChDVUSPtkSn
V7XOD/v8nvQfv6lfFWrRes0RlpCjfje7r5ORCctlyaWOSUVOTaVyvZNt+N1317pI
lEkX8m84YvV42Rdqra0qm+DlkwkfcLARVx4nuqVXqTvH
]
INFO	[2019-08-21 14:47:30:806] <4716> DNS LOOKUP OK(39.115.212.10:39.115.212.10:34049) laptime:0
INFO	[2019-08-21 14:47:30:809] <4716> SOCKET CONNECT OK
INFO	[2019-08-21 14:47:30:809] <4716> SEND OK
INFO	[2019-08-21 14:47:31:681] <4716> RECV OK
INFO	[2019-08-21 14:47:31:681] <4716> MSG_FROM_PG:[0311700175D SHA1                   0                  39                  300210obmms20151              550000INIphpCARDobmms2015120190821144730879327<?xml version="1.0" encoding="UTF-8"?>
<INIpay>
  <GoodsInfo>
    <GoodsCnt>1</GoodsCnt>
    <MOID urlencode="1">12703_190821024634</MOID>
    <Currency>WON</Currency>
    <Goods no="1">
      <SMID>obmms20151</SMID>
      <GoodsName urlencode="1">%BB%E7%BE%F7%B9%AE%C0%DA1%B3%E2</GoodsName>
      <GoodsCntS>1</GoodsCntS>
      <GoodsPrice>550000</GoodsPrice>
    </Goods>
  </GoodsInfo>
  <PaymentInfo>
    <Payment>
      <SessionKey>AEDaLFhVOPGXzXrOYLZzpSLXCjWEut8GAYH8YXfc32oOEOJBljso5nLweTH49DFg
B+vmpRLJxCnlGl6ge+5M7byEaJ8EjONDJqAQyKJptlduWGDmVro+keFIO4PG+fJf
qhAO0nu7Ea07CF6+rb1m6/4VlUftHE+voOyyY0SWLQQyuQCN+c5i3ok=
</SessionKey>
      <Encrypted>BZwzlz2pQE9ej6BcoptZ6Q/Q+UnjV0V3lOmawJmrMMD+rfK5pIAOehnheQWt/9Ek
taBKppFOY8lPwSYpLhyc0chX08jJ9a17Dl4Dt2f4InOVfYgoYaCeX/nIFDBpyrj9
wiEvwUOwcHAygEUweOPXUO0H7owehX3fopAc+fk1vlw3A1GgELFCH+N4HlTzLdhp
MjV7CGgsOckiIfyDn8OUFDArHNFQ7Lgse4flBKAhe0kJxr2b2Z3St0pmzSMxprtp
TMhJzh0AyWnNjCGlQuIkKILKu94oc+1uGDDIjmt0vN1guXmRDKHTzFyBqHMlqD6h
BCA2mxmdsBmO1ucuzjNuQ0qsK6qUiZcwvx4zvsm8r5veqVq3a0WzD+q9ERoReBnw
ey2VWKlg5hxLHZwhQZj4/zpeZ9ykkoGAdTH6S3NRw0DNj6/KLNSkLosY7i+ICFiS
eeUR9eJNBH0TGkBqwl0hcO9Fxue1N1A+GxFHhsTrcdNz1DOsLCBG+fcpt0ieanqQ
z1nM45hl8I3xsjRr3aPDUlT2T6xxez77AIXtObFVdK9pluj84ecPWCJmo1kJ+OnM
8VJe8wymx61u9panZFJ88vHQkc9qPsH0sJExtspC3CaM3pJxVwZV5lbPn7m5uyQQ
z7NaD8/BwNO13qSxGxwWaHJCpimXNTf8UcbHINZiHZBuu3a38xdu3L+RSRwZ7YHq
ca53uLcx8Lkz0Y4xo568sRVQbN2sjEFFUOOAALJao2Qx8zzcplP77Mn1O6TgFIuA
bBwv7EawJkD7fNAF67riyH+tCheO9BCWklz46OHijewR5g05mnGlglz8w8tQ7mS/
RgaP/I4VBg7g8Xmd9/bDD1KsguNhZrMk/c3H+FI+OKekuSaAiSdM/83DHYdRkRrm
K6eTrT2ZOuwMq42JjTtrFdT8iYn6MsArh1XLm4Mqcbtc0/vDKr58a9ENlhs7/CLP
iLwrw7NU5feTJ8VfEu63p/vsj3GridyEzSzrI4SbuL4FJfAS31W7UHOUYsGjemTF
PhFOelfdUEmxzfYYakk/VwNZsrhKORWsgFcKiKP/+78n/qbrATSH2qDAjpDaovHy
xIOt3If/S/dW8PanN5PCqlggtNV8Wg7ZF1OUyrl5gezcqwLxm2wIK2Kjl4XgCAsM
awOqv49sQOHPV/rPqGT0VidusH3BDFNCTgSLCMTAkupkXgwYPCeCbj88twJPWeib
cDlbwDMkgbkZYwEX/iUa9UobAvolQJ3L4ZRiUHP9/VcZ31FSK0Etj3ZyGJlIPDFu
v6K5eiktNRLYMkLwl5RO71FSdm0Dia8eX+wSpReRZPIemfnyCIJ4VjMkOvww2ldK
k60ZfJhuC3Pzda6RdQ6TY5vSIxekLhPGCxkEMqNpZp0QcFxijN6A2VjmDBVHvgst
vmxna1kOT317FXOhaFCIIV5P0YMT6i15vmyo4c5kJkdkV20HftnhDu/n5JBKJE9I
S/QKSs5QFMZBnUcllmoDubCqKPl0OLF2u3RepkNbSUVFwXYcjFp/lFk1DQ+9kbFT
UK80zqjIf6S3rTH5nj4rN19tdtAdrP8haiKAbZcJyb6+7sLDadhBYIiiQmdHZrfO
SzMd64umv+EDwrAHSnrrALHEfrXEExpfc9BKCs/Z5wrAB3QIZuW+KQUbqijQ6/bk
Mr0sXReBd5DKGJUCJSa9aPfygA19Nla+Tw/5oxwB87n7oVAgmb5B0D7ZHx1F9Hgc
1J6WsKTMFkbz9WgdfOrluQ==
</Encrypted>
      <PayMethod>Card</PayMethod>
      <ResultCode>120000</ResultCode>
      <ResultMsg urlencode="1">%C1%A4%BB%F3%C3%B3%B8%AE%B5%C7%BE%FA%BD%C0%B4%CF%B4%D9.</ResultMsg>
    </Payment>
  </PaymentInfo>
  <ManageInfo>
    <EventCode></EventCode>
    <OrgCurrency></OrgCurrency>
    <ExchangeRate></ExchangeRate>
    <OrgPrice></OrgPrice>
  </ManageInfo>
  <ReservedInfo>
    <MReserved1 urlencode="1"></MReserved1>
    <MReserved2 urlencode="1"></MReserved2>
    <MReserved3 urlencode="1"></MReserved3>
    <PGReserved1 urlencode="1"></PGReserved1>
    <PGReserved2 urlencode="1"></PGReserved2>
    <PGReserved3 urlencode="1"></PGReserved3>
  </ReservedInfo>
</INIpay>
I4VR070S3M9ucE4CXBGWkZmYvzhnzlFgS8gdBpTpa+QDL5YIifmu3te0T2Bkbd98
K97jTdUBItMsoLjqck9fm42IwndKZXCJhLfK7UvYkdyZQjp1mNf22NEhy0EyIVlJ
L2JJUe1BhStHmKWjZHFdZkXj8S7f5Zcl+YoCqTpS67w=
]
INFO	[2019-08-21 14:47:31:682] <4716> VERIFY OK
INFO	[2019-08-21 14:47:31:682] <4716> PARSE HEAD OK
INFO	[2019-08-21 14:47:31:695] <4716> PARSE BODY OK
INFO	[2019-08-21 14:47:31:726] <4716> DECRYPT OK
DEBUG	[2019-08-21 14:47:31:726] <4716> DECRYPT MSG:[<?xml version="1.0" encoding="UTF-8"?>
<PaymentInfo>
  <Payment>
    <EASYPAY/>
    <Card>
      <CARD_ApplPrice>550000</CARD_ApplPrice>
      <CARD_Num>37798507****480</CARD_Num>
      <CARD_Expire></CARD_Expire>
      <CARD_Code>14</CARD_Code>
      <CARD_BankCode>26</CARD_BankCode>
      <CARD_Quota>00</CARD_Quota>
      <CARD_Interest>0</CARD_Interest>
      <CARD_Point></CARD_Point>
      <CARD_AuthType>99</CARD_AuthType>
      <CARD_RegNum></CARD_RegNum>
      <CARD_ApplDate>20190821</CARD_ApplDate>
      <CARD_ApplTime>144729</CARD_ApplTime>
      <CARD_ApplNum>43978101</CARD_ApplNum>
      <CARD_TerminalNum>0208936000</CARD_TerminalNum>
      <CARD_MemberNum></CARD_MemberNum>
      <CARD_PurchaseCode></CARD_PurchaseCode>
      <CARD_ResultCode>120000</CARD_ResultCode>
      <CARD_ResultMsg urlencode="1">%C1%A4%BB%F3%C3%B3%B8%AE%B5%C7%BE%FA%BD%C0%B4%CF%B4%D9.</CARD_ResultMsg>
      <CARD_PrtcCode>1</CARD_PrtcCode>
      <CARD_Quota_Point>00</CARD_Quota_Point>
      <CARD_CheckFlag>0</CARD_CheckFlag>
      <CARD_PurchaseName urlencode="1"></CARD_PurchaseName>
      <CARD_IssuerName urlencode="1"></CARD_IssuerName>
      <CARD_JoinUsePoint></CARD_JoinUsePoint>
      <CARD_UsePoint></CARD_UsePoint>
      <CARD_CouponOnlyMer></CARD_CouponOnlyMer>
    </Card>
  </Payment>
</PaymentInfo>]
INFO	[2019-08-21 14:47:31:729] <4716> DECRYPT PARSE OK
INFO	[2019-08-21 14:47:31:729] <4716> WAIT ACK INVOKING
DEBUG	[2019-08-21 14:47:31:729] <4716> MAKE HEAD OK
INFO	[2019-08-21 14:47:31:731] <4716> SUCCESS ACK INVOKING
INFO	[2019-08-21 14:47:31:731] <4716> END securepay ¡§ªÛ√≥∏Æµ«æ˙Ω¿¥œ¥Ÿ. Laptime:[0.94sec]
INFO	[2019-08-21 14:47:31:732] <4716> ===============================================================
INFO	[2019-08-21 14:55:54:832] <21030> START INIPHP chkfake (V5036-141209)(OS:Linux2.6.18-274.3.1.el5,PHP:5.2.9)
DEBUG	[2019-08-21 14:55:54:832] <21030> inipayhome:/home/ilearning3/www/inipay
DEBUG	[2019-08-21 14:55:54:832] <21030> type:chkfake
DEBUG	[2019-08-21 14:55:54:832] <21030> debug:true
DEBUG	[2019-08-21 14:55:54:832] <21030> enctype:asym
DEBUG	[2019-08-21 14:55:54:832] <21030> admin:1111
DEBUG	[2019-08-21 14:55:54:832] <21030> checkopt:false
DEBUG	[2019-08-21 14:55:54:832] <21030> mid:obmms20151
DEBUG	[2019-08-21 14:55:54:832] <21030> price:2500000
DEBUG	[2019-08-21 14:55:54:832] <21030> nointerest:no
DEBUG	[2019-08-21 14:55:54:832] <21030> quotabase:ÏùºÏãúÎ∂à:2Í∞úÏõî:3Í∞úÏõî:6Í∞úÏõî:12Í∞úÏõî
INFO	[2019-08-21 14:55:54:833] <21030> Check Field OK
INFO	[2019-08-21 14:55:54:833] <21030> MERCHANT PRIV KEY LOAD OK
INFO	[2019-08-21 14:55:54:833] <21030> MERCHANT PUB KEY LOAD OK []
INFO	[2019-08-21 14:55:54:834] <21030> CHKFAKE KEY MAKE OK:MjAxOTA4MjExNDU1NTQ4MzM4OTg1NA==

INFO	[2019-08-21 14:55:54:835] <21030> END chkfake  Laptime:[0.01sec]
INFO	[2019-08-21 14:55:54:835] <21030> ===============================================================
INFO	[2019-08-21 14:56:10:252] <21061> START INIPHP chkfake (V5036-141209)(OS:Linux2.6.18-274.3.1.el5,PHP:5.2.9)
DEBUG	[2019-08-21 14:56:10:252] <21061> inipayhome:/home/ilearning3/www/inipay
DEBUG	[2019-08-21 14:56:10:252] <21061> type:chkfake
DEBUG	[2019-08-21 14:56:10:252] <21061> debug:true
DEBUG	[2019-08-21 14:56:10:252] <21061> enctype:asym
DEBUG	[2019-08-21 14:56:10:252] <21061> admin:1111
DEBUG	[2019-08-21 14:56:10:252] <21061> checkopt:false
DEBUG	[2019-08-21 14:56:10:252] <21061> mid:obmms20151
DEBUG	[2019-08-21 14:56:10:252] <21061> price:2500000
DEBUG	[2019-08-21 14:56:10:252] <21061> nointerest:no
DEBUG	[2019-08-21 14:56:10:252] <21061> quotabase:ÏùºÏãúÎ∂à:2Í∞úÏõî:3Í∞úÏõî:6Í∞úÏõî:12Í∞úÏõî
INFO	[2019-08-21 14:56:10:252] <21061> Check Field OK
INFO	[2019-08-21 14:56:10:252] <21061> MERCHANT PRIV KEY LOAD OK
INFO	[2019-08-21 14:56:10:252] <21061> MERCHANT PUB KEY LOAD OK []
INFO	[2019-08-21 14:56:10:254] <21061> CHKFAKE KEY MAKE OK:MjAxOTA4MjExNDU2MTAyNTMyNzgxOQ==

INFO	[2019-08-21 14:56:10:254] <21061> END chkfake  Laptime:[0sec]
INFO	[2019-08-21 14:56:10:254] <21061> ===============================================================
