INFO	[2019-12-28 14:44:31:537] <3234> START INIPHP chkfake (V5036-141209)(OS:Linux2.6.18-274.3.1.el5,PHP:5.2.9)
DEBUG	[2019-12-28 14:44:31:554] <3234> inipayhome:/home/ilearning3/www/inipay
DEBUG	[2019-12-28 14:44:31:554] <3234> type:chkfake
DEBUG	[2019-12-28 14:44:31:554] <3234> debug:true
DEBUG	[2019-12-28 14:44:31:554] <3234> enctype:asym
DEBUG	[2019-12-28 14:44:31:554] <3234> admin:1111
DEBUG	[2019-12-28 14:44:31:554] <3234> checkopt:false
DEBUG	[2019-12-28 14:44:31:554] <3234> mid:obmms20151
DEBUG	[2019-12-28 14:44:31:554] <3234> price:11000
DEBUG	[2019-12-28 14:44:31:554] <3234> nointerest:no
DEBUG	[2019-12-28 14:44:31:554] <3234> quotabase:일시불:2개월:3개월:6개월:12개월
INFO	[2019-12-28 14:44:31:554] <3234> Check Field OK
INFO	[2019-12-28 14:44:31:602] <3234> MERCHANT PRIV KEY LOAD OK
INFO	[2019-12-28 14:44:31:633] <3234> MERCHANT PUB KEY LOAD OK []
INFO	[2019-12-28 14:44:31:650] <3234> CHKFAKE KEY MAKE OK:MjAxOTEyMjgxNDQ0MzE2MzQ3MzI1OA==

INFO	[2019-12-28 14:44:31:650] <3234> END chkfake  Laptime:[0.13sec]
INFO	[2019-12-28 14:44:31:650] <3234> ===============================================================
INFO	[2019-12-28 14:45:01:285] <1870> START INIPHP chkfake (V5036-141209)(OS:Linux2.6.18-274.3.1.el5,PHP:5.2.9)
DEBUG	[2019-12-28 14:45:01:285] <1870> inipayhome:/home/ilearning3/www/inipay
DEBUG	[2019-12-28 14:45:01:285] <1870> type:chkfake
DEBUG	[2019-12-28 14:45:01:285] <1870> debug:true
DEBUG	[2019-12-28 14:45:01:285] <1870> enctype:asym
DEBUG	[2019-12-28 14:45:01:285] <1870> admin:1111
DEBUG	[2019-12-28 14:45:01:285] <1870> checkopt:false
DEBUG	[2019-12-28 14:45:01:285] <1870> mid:obmms20151
DEBUG	[2019-12-28 14:45:01:285] <1870> price:11000
DEBUG	[2019-12-28 14:45:01:285] <1870> nointerest:no
DEBUG	[2019-12-28 14:45:01:285] <1870> quotabase:일시불:2개월:3개월:6개월:12개월
INFO	[2019-12-28 14:45:01:285] <1870> Check Field OK
INFO	[2019-12-28 14:45:01:286] <1870> MERCHANT PRIV KEY LOAD OK
INFO	[2019-12-28 14:45:01:286] <1870> MERCHANT PUB KEY LOAD OK []
INFO	[2019-12-28 14:45:01:288] <1870> CHKFAKE KEY MAKE OK:MjAxOTEyMjgxNDQ1MDEyODY2Nzg5Mw==

INFO	[2019-12-28 14:45:01:289] <1870> END chkfake  Laptime:[0sec]
INFO	[2019-12-28 14:45:01:289] <1870> ===============================================================
INFO	[2019-12-28 14:45:42:982] <5993> START INIPHP chkfake (V5036-141209)(OS:Linux2.6.18-274.3.1.el5,PHP:5.2.9)
DEBUG	[2019-12-28 14:45:42:982] <5993> inipayhome:/home/ilearning3/www/inipay
DEBUG	[2019-12-28 14:45:42:982] <5993> type:chkfake
DEBUG	[2019-12-28 14:45:42:982] <5993> debug:true
DEBUG	[2019-12-28 14:45:42:982] <5993> enctype:asym
DEBUG	[2019-12-28 14:45:42:982] <5993> admin:1111
DEBUG	[2019-12-28 14:45:42:982] <5993> checkopt:false
DEBUG	[2019-12-28 14:45:42:982] <5993> mid:obmms20151
DEBUG	[2019-12-28 14:45:42:982] <5993> price:550000
DEBUG	[2019-12-28 14:45:42:982] <5993> nointerest:no
DEBUG	[2019-12-28 14:45:42:982] <5993> quotabase:일시불:2개월:3개월:6개월:12개월
INFO	[2019-12-28 14:45:42:982] <5993> Check Field OK
INFO	[2019-12-28 14:45:42:982] <5993> MERCHANT PRIV KEY LOAD OK
INFO	[2019-12-28 14:45:42:982] <5993> MERCHANT PUB KEY LOAD OK []
INFO	[2019-12-28 14:45:42:984] <5993> CHKFAKE KEY MAKE OK:MjAxOTEyMjgxNDQ1NDI5ODI2MDQ4OQ==

INFO	[2019-12-28 14:45:42:984] <5993> END chkfake  Laptime:[0sec]
INFO	[2019-12-28 14:45:42:984] <5993> ===============================================================
INFO	[2019-12-28 14:46:33:225] <9207> START INIPHP chkfake (V5036-141209)(OS:Linux2.6.18-274.3.1.el5,PHP:5.2.9)
DEBUG	[2019-12-28 14:46:33:225] <9207> inipayhome:/home/ilearning3/www/inipay
DEBUG	[2019-12-28 14:46:33:225] <9207> type:chkfake
DEBUG	[2019-12-28 14:46:33:225] <9207> debug:true
DEBUG	[2019-12-28 14:46:33:225] <9207> enctype:asym
DEBUG	[2019-12-28 14:46:33:225] <9207> admin:1111
DEBUG	[2019-12-28 14:46:33:225] <9207> checkopt:false
DEBUG	[2019-12-28 14:46:33:225] <9207> mid:obmms20151
DEBUG	[2019-12-28 14:46:33:225] <9207> price:550000
DEBUG	[2019-12-28 14:46:33:225] <9207> nointerest:no
DEBUG	[2019-12-28 14:46:33:225] <9207> quotabase:일시불:2개월:3개월:6개월:12개월
INFO	[2019-12-28 14:46:33:225] <9207> Check Field OK
INFO	[2019-12-28 14:46:33:225] <9207> MERCHANT PRIV KEY LOAD OK
INFO	[2019-12-28 14:46:33:226] <9207> MERCHANT PUB KEY LOAD OK []
INFO	[2019-12-28 14:46:33:228] <9207> CHKFAKE KEY MAKE OK:MjAxOTEyMjgxNDQ2MzMyMjYyNzkyOA==

INFO	[2019-12-28 14:46:33:228] <9207> END chkfake  Laptime:[0sec]
INFO	[2019-12-28 14:46:33:228] <9207> ===============================================================
INFO	[2019-12-28 14:46:47:788] <9207> START INIPHP chkfake (V5036-141209)(OS:Linux2.6.18-274.3.1.el5,PHP:5.2.9)
DEBUG	[2019-12-28 14:46:47:788] <9207> inipayhome:/home/ilearning3/www/inipay
DEBUG	[2019-12-28 14:46:47:788] <9207> type:chkfake
DEBUG	[2019-12-28 14:46:47:788] <9207> debug:true
DEBUG	[2019-12-28 14:46:47:788] <9207> enctype:asym
DEBUG	[2019-12-28 14:46:47:788] <9207> admin:1111
DEBUG	[2019-12-28 14:46:47:788] <9207> checkopt:false
DEBUG	[2019-12-28 14:46:47:788] <9207> mid:obmms20151
DEBUG	[2019-12-28 14:46:47:788] <9207> price:11000
DEBUG	[2019-12-28 14:46:47:788] <9207> nointerest:no
DEBUG	[2019-12-28 14:46:47:788] <9207> quotabase:일시불:2개월:3개월:6개월:12개월
INFO	[2019-12-28 14:46:47:789] <9207> Check Field OK
INFO	[2019-12-28 14:46:47:789] <9207> MERCHANT PRIV KEY LOAD OK
INFO	[2019-12-28 14:46:47:789] <9207> MERCHANT PUB KEY LOAD OK []
INFO	[2019-12-28 14:46:47:791] <9207> CHKFAKE KEY MAKE OK:MjAxOTEyMjgxNDQ2NDc3ODkzNjA3Ng==

INFO	[2019-12-28 14:46:47:791] <9207> END chkfake  Laptime:[0sec]
INFO	[2019-12-28 14:46:47:791] <9207> ===============================================================
INFO	[2019-12-28 14:48:21:202] <10235> START INIPHP chkfake (V5036-141209)(OS:Linux2.6.18-274.3.1.el5,PHP:5.2.9)
DEBUG	[2019-12-28 14:48:21:202] <10235> inipayhome:/home/ilearning3/www/inipay
DEBUG	[2019-12-28 14:48:21:202] <10235> type:chkfake
DEBUG	[2019-12-28 14:48:21:202] <10235> debug:true
DEBUG	[2019-12-28 14:48:21:202] <10235> enctype:asym
DEBUG	[2019-12-28 14:48:21:202] <10235> admin:1111
DEBUG	[2019-12-28 14:48:21:202] <10235> checkopt:false
DEBUG	[2019-12-28 14:48:21:202] <10235> mid:obmms20151
DEBUG	[2019-12-28 14:48:21:202] <10235> price:550000
DEBUG	[2019-12-28 14:48:21:202] <10235> nointerest:no
DEBUG	[2019-12-28 14:48:21:202] <10235> quotabase:일시불:2개월:3개월:6개월:12개월
INFO	[2019-12-28 14:48:21:202] <10235> Check Field OK
INFO	[2019-12-28 14:48:21:202] <10235> MERCHANT PRIV KEY LOAD OK
INFO	[2019-12-28 14:48:21:203] <10235> MERCHANT PUB KEY LOAD OK []
INFO	[2019-12-28 14:48:21:205] <10235> CHKFAKE KEY MAKE OK:MjAxOTEyMjgxNDQ4MjEyMDMyOTY2NQ==

INFO	[2019-12-28 14:48:21:205] <10235> END chkfake  Laptime:[0.01sec]
INFO	[2019-12-28 14:48:21:206] <10235> ===============================================================
INFO	[2019-12-28 17:07:41:934] <10245> START INIPHP chkfake (V5036-141209)(OS:Linux2.6.18-274.3.1.el5,PHP:5.2.9)
DEBUG	[2019-12-28 17:07:41:934] <10245> inipayhome:/home/ilearning3/www/inipay
DEBUG	[2019-12-28 17:07:41:934] <10245> type:chkfake
DEBUG	[2019-12-28 17:07:41:934] <10245> debug:true
DEBUG	[2019-12-28 17:07:41:934] <10245> enctype:asym
DEBUG	[2019-12-28 17:07:41:934] <10245> admin:1111
DEBUG	[2019-12-28 17:07:41:934] <10245> checkopt:false
DEBUG	[2019-12-28 17:07:41:934] <10245> mid:obmms20151
DEBUG	[2019-12-28 17:07:41:934] <10245> price:550000
DEBUG	[2019-12-28 17:07:41:934] <10245> nointerest:no
DEBUG	[2019-12-28 17:07:41:934] <10245> quotabase:일시불:2개월:3개월:6개월:12개월
INFO	[2019-12-28 17:07:41:934] <10245> Check Field OK
INFO	[2019-12-28 17:07:41:936] <10245> MERCHANT PRIV KEY LOAD OK
INFO	[2019-12-28 17:07:41:936] <10245> MERCHANT PUB KEY LOAD OK []
INFO	[2019-12-28 17:07:41:938] <10245> CHKFAKE KEY MAKE OK:MjAxOTEyMjgxNzA3NDE5MzcxMDUxNw==

INFO	[2019-12-28 17:07:41:938] <10245> END chkfake  Laptime:[0.01sec]
INFO	[2019-12-28 17:07:41:938] <10245> ===============================================================
INFO	[2019-12-28 17:15:33:700] <27688> START INIPHP chkfake (V5036-141209)(OS:Linux2.6.18-274.3.1.el5,PHP:5.2.9)
DEBUG	[2019-12-28 17:15:33:700] <27688> inipayhome:/home/ilearning3/www/inipay
DEBUG	[2019-12-28 17:15:33:700] <27688> type:chkfake
DEBUG	[2019-12-28 17:15:33:700] <27688> debug:true
DEBUG	[2019-12-28 17:15:33:700] <27688> enctype:asym
DEBUG	[2019-12-28 17:15:33:700] <27688> admin:1111
DEBUG	[2019-12-28 17:15:33:700] <27688> checkopt:false
DEBUG	[2019-12-28 17:15:33:700] <27688> mid:obmms20151
DEBUG	[2019-12-28 17:15:33:700] <27688> price:550000
DEBUG	[2019-12-28 17:15:33:700] <27688> nointerest:no
DEBUG	[2019-12-28 17:15:33:700] <27688> quotabase:일시불:2개월:3개월:6개월:12개월
INFO	[2019-12-28 17:15:33:700] <27688> Check Field OK
INFO	[2019-12-28 17:15:33:701] <27688> MERCHANT PRIV KEY LOAD OK
INFO	[2019-12-28 17:15:33:701] <27688> MERCHANT PUB KEY LOAD OK []
INFO	[2019-12-28 17:15:33:704] <27688> CHKFAKE KEY MAKE OK:MjAxOTEyMjgxNzE1MzM3MDEyMTg5OA==

INFO	[2019-12-28 17:15:33:704] <27688> END chkfake  Laptime:[0sec]
INFO	[2019-12-28 17:15:33:704] <27688> ===============================================================
