INFO	[2015-11-30 10:41:20:982] <4718> START INIPHP chkfake (V5036-141209)(OS:Linux2.6.18-348.4.1.el5,PHP:5.3.13p1)
DEBUG	[2015-11-30 10:41:20:982] <4718> inipayhome:/home/hosting_users/zymo_obms/www/inipay
DEBUG	[2015-11-30 10:41:20:982] <4718> type:chkfake
DEBUG	[2015-11-30 10:41:20:982] <4718> debug:true
DEBUG	[2015-11-30 10:41:20:982] <4718> enctype:asym
DEBUG	[2015-11-30 10:41:20:982] <4718> admin:1111
DEBUG	[2015-11-30 10:41:20:982] <4718> checkopt:false
DEBUG	[2015-11-30 10:41:20:982] <4718> mid:obmms20151
DEBUG	[2015-11-30 10:41:20:982] <4718> price:26000
DEBUG	[2015-11-30 10:41:20:982] <4718> nointerest:no
DEBUG	[2015-11-30 10:41:20:982] <4718> quotabase:ÏÑ†ÌÉù:ÏùºÏãúÎ∂à:2Í∞úÏõî:3Í∞úÏõî:6Í∞úÏõî
INFO	[2015-11-30 10:41:20:982] <4718> Check Field OK
INFO	[2015-11-30 10:41:21:32] <4718> MERCHANT PRIV KEY LOAD OK
INFO	[2015-11-30 10:41:21:33] <4718> MERCHANT PUB KEY LOAD OK []
INFO	[2015-11-30 10:41:21:34] <4718> CHKFAKE KEY MAKE OK:MjAxNTExMzAxMDQxMjEwMzM4NDEwNg==

INFO	[2015-11-30 10:41:21:34] <4718> END chkfake  Laptime:[0.056sec]
INFO	[2015-11-30 10:41:21:34] <4718> ===============================================================
INFO	[2015-11-30 11:24:36:488] <31351> START INIPHP chkfake (V5036-141209)(OS:Linux2.6.18-348.4.1.el5,PHP:5.3.13p1)
DEBUG	[2015-11-30 11:24:36:488] <31351> inipayhome:/home/hosting_users/zymo_obms/www/inipay
DEBUG	[2015-11-30 11:24:36:488] <31351> type:chkfake
DEBUG	[2015-11-30 11:24:36:488] <31351> debug:true
DEBUG	[2015-11-30 11:24:36:488] <31351> enctype:asym
DEBUG	[2015-11-30 11:24:36:488] <31351> admin:1111
DEBUG	[2015-11-30 11:24:36:488] <31351> checkopt:false
DEBUG	[2015-11-30 11:24:36:488] <31351> mid:obmms20151
DEBUG	[2015-11-30 11:24:36:488] <31351> price:20000
DEBUG	[2015-11-30 11:24:36:488] <31351> nointerest:no
DEBUG	[2015-11-30 11:24:36:488] <31351> quotabase:ÏÑ†ÌÉù:ÏùºÏãúÎ∂à:2Í∞úÏõî:3Í∞úÏõî:6Í∞úÏõî
INFO	[2015-11-30 11:24:36:488] <31351> Check Field OK
INFO	[2015-11-30 11:24:36:489] <31351> MERCHANT PRIV KEY LOAD OK
INFO	[2015-11-30 11:24:36:489] <31351> MERCHANT PUB KEY LOAD OK []
INFO	[2015-11-30 11:24:36:490] <31351> CHKFAKE KEY MAKE OK:MjAxNTExMzAxMTI0MzY0ODkyNDk1Ng==

INFO	[2015-11-30 11:24:36:490] <31351> END chkfake  Laptime:[0.002sec]
INFO	[2015-11-30 11:24:36:490] <31351> ===============================================================
INFO	[2015-11-30 11:26:25:58] <31367> START INIPHP chkfake (V5036-141209)(OS:Linux2.6.18-348.4.1.el5,PHP:5.3.13p1)
DEBUG	[2015-11-30 11:26:25:58] <31367> inipayhome:/home/hosting_users/zymo_obms/www/inipay
DEBUG	[2015-11-30 11:26:25:58] <31367> type:chkfake
DEBUG	[2015-11-30 11:26:25:58] <31367> debug:true
DEBUG	[2015-11-30 11:26:25:58] <31367> enctype:asym
DEBUG	[2015-11-30 11:26:25:58] <31367> admin:1111
DEBUG	[2015-11-30 11:26:25:58] <31367> checkopt:false
DEBUG	[2015-11-30 11:26:25:58] <31367> mid:obmms20151
DEBUG	[2015-11-30 11:26:25:58] <31367> price:20000
DEBUG	[2015-11-30 11:26:25:58] <31367> nointerest:no
DEBUG	[2015-11-30 11:26:25:58] <31367> quotabase:ÏÑ†ÌÉù:ÏùºÏãúÎ∂à:2Í∞úÏõî:3Í∞úÏõî:6Í∞úÏõî
INFO	[2015-11-30 11:26:25:58] <31367> Check Field OK
INFO	[2015-11-30 11:26:25:59] <31367> MERCHANT PRIV KEY LOAD OK
INFO	[2015-11-30 11:26:25:59] <31367> MERCHANT PUB KEY LOAD OK []
INFO	[2015-11-30 11:26:25:60] <31367> CHKFAKE KEY MAKE OK:MjAxNTExMzAxMTI2MjUwNTkzNDk2MQ==

INFO	[2015-11-30 11:26:25:60] <31367> END chkfake  Laptime:[0.002sec]
INFO	[2015-11-30 11:26:25:60] <31367> ===============================================================
INFO	[2015-11-30 11:28:15:16] <31350> START INIPHP chkfake (V5036-141209)(OS:Linux2.6.18-348.4.1.el5,PHP:5.3.13p1)
DEBUG	[2015-11-30 11:28:15:16] <31350> inipayhome:/home/hosting_users/zymo_obms/www/inipay
DEBUG	[2015-11-30 11:28:15:16] <31350> type:chkfake
DEBUG	[2015-11-30 11:28:15:16] <31350> debug:true
DEBUG	[2015-11-30 11:28:15:16] <31350> enctype:asym
DEBUG	[2015-11-30 11:28:15:16] <31350> admin:1111
DEBUG	[2015-11-30 11:28:15:16] <31350> checkopt:false
DEBUG	[2015-11-30 11:28:15:16] <31350> mid:obmms20151
DEBUG	[2015-11-30 11:28:15:16] <31350> price:20000
DEBUG	[2015-11-30 11:28:15:16] <31350> nointerest:no
DEBUG	[2015-11-30 11:28:15:16] <31350> quotabase:ÏÑ†ÌÉù:ÏùºÏãúÎ∂à:2Í∞úÏõî:3Í∞úÏõî:6Í∞úÏõî
INFO	[2015-11-30 11:28:15:16] <31350> Check Field OK
INFO	[2015-11-30 11:28:15:16] <31350> MERCHANT PRIV KEY LOAD OK
INFO	[2015-11-30 11:28:15:16] <31350> MERCHANT PUB KEY LOAD OK []
INFO	[2015-11-30 11:28:15:17] <31350> CHKFAKE KEY MAKE OK:MjAxNTExMzAxMTI4MTUwMTYyOTgzNw==

INFO	[2015-11-30 11:28:15:17] <31350> END chkfake  Laptime:[0.002sec]
INFO	[2015-11-30 11:28:15:17] <31350> ===============================================================
INFO	[2015-11-30 13:09:47:249] <26243> START INIPHP chkfake (V5036-141209)(OS:Linux2.6.18-348.4.1.el5,PHP:5.3.13p1)
DEBUG	[2015-11-30 13:09:47:278] <26243> inipayhome:/home/hosting_users/zymo_obms/www/inipay
DEBUG	[2015-11-30 13:09:47:278] <26243> type:chkfake
DEBUG	[2015-11-30 13:09:47:278] <26243> debug:true
DEBUG	[2015-11-30 13:09:47:278] <26243> enctype:asym
DEBUG	[2015-11-30 13:09:47:278] <26243> admin:1111
DEBUG	[2015-11-30 13:09:47:278] <26243> checkopt:false
DEBUG	[2015-11-30 13:09:47:278] <26243> mid:obmms20151
DEBUG	[2015-11-30 13:09:47:278] <26243> price:20000
DEBUG	[2015-11-30 13:09:47:278] <26243> nointerest:no
DEBUG	[2015-11-30 13:09:47:278] <26243> quotabase:ÏÑ†ÌÉù:ÏùºÏãúÎ∂à:2Í∞úÏõî:3Í∞úÏõî:6Í∞úÏõî
INFO	[2015-11-30 13:09:47:278] <26243> Check Field OK
INFO	[2015-11-30 13:09:47:278] <26243> MERCHANT PRIV KEY LOAD OK
INFO	[2015-11-30 13:09:47:278] <26243> MERCHANT PUB KEY LOAD OK []
INFO	[2015-11-30 13:09:47:279] <26243> CHKFAKE KEY MAKE OK:MjAxNTExMzAxMzA5NDcyNzgyNTg5OQ==

INFO	[2015-11-30 13:09:47:279] <26243> END chkfake  Laptime:[0.03sec]
INFO	[2015-11-30 13:09:47:279] <26243> ===============================================================
INFO	[2015-11-30 13:11:11:226] <26256> START INIPHP securepay (V5036-141209)(OS:Linux2.6.18-348.4.1.el5,PHP:5.3.13p1)
DEBUG	[2015-11-30 13:11:11:226] <26256> inipayhome:/home/hosting_users/zymo_obms/www/inipay
DEBUG	[2015-11-30 13:11:11:226] <26256> type:securepay
DEBUG	[2015-11-30 13:11:11:226] <26256> pgid:INIphpCARD
DEBUG	[2015-11-30 13:11:11:226] <26256> subpgip:203.238.3.10
DEBUG	[2015-11-30 13:11:11:226] <26256> admin:1111
DEBUG	[2015-11-30 13:11:11:226] <26256> debug:true
DEBUG	[2015-11-30 13:11:11:226] <26256> uid:
DEBUG	[2015-11-30 13:11:11:226] <26256> goodname:ø¬∏Æø¯πÆ¿⁄ - ¡˜¡¢∞·¡¶ - 1∞≥ø˘±‚∞£ 
DEBUG	[2015-11-30 13:11:11:226] <26256> currency:WON
DEBUG	[2015-11-30 13:11:11:226] <26256> mid:obmms20151
DEBUG	[2015-11-30 13:11:11:226] <26256> rn:MjAxNTExMzAxMzA5NDcyNzgyNTg5OQ==

DEBUG	[2015-11-30 13:11:11:226] <26256> price:20000
DEBUG	[2015-11-30 13:11:11:226] <26256> enctype:
DEBUG	[2015-11-30 13:11:11:226] <26256> buyername:ø¯∫œ
DEBUG	[2015-11-30 13:11:11:226] <26256> buyertel:010-2654-861
DEBUG	[2015-11-30 13:11:11:226] <26256> buyeremail:test@naver.com
DEBUG	[2015-11-30 13:11:11:226] <26256> paymethod:Card
DEBUG	[2015-11-30 13:11:11:226] <26256> encrypted:Version=4.1&PayMethod=Card&RsaKeyNum=1&EncryptionAlgorithm=SEED-CBC&SignAlgorithm=RSAwithSHA1&CertVer=39&moid=8502_151130010947&ver_trace=main(6097,6060)card(6142,6124)n(6009)Cs(6025)Dt(6002)Pa(6002)Cf(6024)Fv(0000)La(6156)Re(6107)Vr(6007)P(6034)en(6055)nP(6006)&pg1=211.219.96.180&pg2=203.238.37.3&pg1ip=211.219.96.180&pg2ip=203.238.37.3&agreeflag=1111&Data=Ila9l7yRqIkuLQvk0i0Nl4YMZr0U9RoRE8JZjjG3HXSVmdrG+rHmHrwl4IMk49W0
dVqKX6ME0XlYXW1AVcQDbTCNQBAyY2hphT09GI+XWQ0oBVaX44heuWEnd01EsHQs
2eLTDqCkE5FIw37y3TOE2Hcr0R0X3BS+QkiLcFUpfn7assCbYZDvtIfI88IQZKQ1
J0sDYlqjkN5r6sCRNxyyonruvSOZzP1kcUgEz3b//MLfub/41fs4zhzjrdcVdor8
uDQzvF4WgoRW6I/FG5fZyL8Ylf3ePEkP9WD3qV0bUCdjnHKlyyWJ1DCCeEiCGmrt
tdeFgo/OMjw/tbHjHmHZKSNPgKGdMHEwwOt88bGKXZsjkbhBTU1f0BexmCT9TV0S
c2kq7LloJykRGILOTibiJmJwnizwEdfxP/zDroNVBg8bY+pzxagLm9wad4pgMell
0SSc4RbTzrFmUBv1ex0Pic/gwwd/nN1bbCKUXnfixeH2F9e88/tEUjEX4JIdSENs
OuXbPz8xuiCVaPg4EKL6arWKkoTBM3oxFaCTptdq3MAWXW5vbn54nlogWJiGug2M
6uLPB6t7w6xwaKnRmsbT/0yaSD2XP0g2EHBnrKI8ApSPraxtUjbrM/0W6dv9xoOs
RcH89AeQjk5ywEK/tEZurPtWlfNyBbgFWCMZohQ/xqd6TONBIg==
DEBUG	[2015-11-30 13:11:11:226] <26256> sessionkey:aoYhRKbKKz4aozUdbpU5vI9wILGUpIhMXdqeCj8f73sFGW9PcNOlupL8vjYjYpeR
PSpxNE37NkVVTR97F2+HyTA+QXXsO5oBGIn7eQ6vSzxLOMTdsm+3KgWjSyymrDGf
8QJQ6a6fb0VqGPddkPV/ETZAgZCvOlUK6IZ5RgPDVbQ=
DEBUG	[2015-11-30 13:11:11:226] <26256> url:http://www.obmms.net
DEBUG	[2015-11-30 13:11:11:226] <26256> cardcode:14
DEBUG	[2015-11-30 13:11:11:226] <26256> parentemail:test@naver.com
DEBUG	[2015-11-30 13:11:11:226] <26256> recvname:
DEBUG	[2015-11-30 13:11:11:226] <26256> recvtel:
DEBUG	[2015-11-30 13:11:11:226] <26256> recvaddr:
DEBUG	[2015-11-30 13:11:11:226] <26256> recvpostnum:
DEBUG	[2015-11-30 13:11:11:226] <26256> recvmsg:
DEBUG	[2015-11-30 13:11:11:226] <26256> joincard:
DEBUG	[2015-11-30 13:11:11:226] <26256> joinexpire:
DEBUG	[2015-11-30 13:11:11:226] <26256> id_customer:
INFO	[2015-11-30 13:11:11:226] <26256> Check Field OK
INFO	[2015-11-30 13:11:11:226] <26256> Make TID OK INIphpCARDobmms2015120151130131111269008
INFO	[2015-11-30 13:11:11:226] <26256> PI PUB KEY LOAD OK [39]
INFO	[2015-11-30 13:11:11:240] <26256> PG PUB KEY LOAD OK [30]
INFO	[2015-11-30 13:11:11:240] <26256> MERCHANT PRIV KEY LOAD OK
INFO	[2015-11-30 13:11:11:240] <26256> MERCHANT PUB KEY LOAD OK [0]
INFO	[2015-11-30 13:11:11:241] <26256> MAKE BODY OK
INFO	[2015-11-30 13:11:11:242] <26256> SIGN OK
INFO	[2015-11-30 13:11:11:242] <26256> MAKE HEAD OK
INFO	[2015-11-30 13:11:11:242] <26256> MSG_TO_PG:[0279900175R SHA1                   0                  39                  300200obmms20151               20000INIphpCARDobmms2015120151130131111269008<?xml version="1.0" encoding="UTF-8"?>
<INIpay>
	  <GoodsInfo>
	    <GoodsCnt>1</GoodsCnt>
	    <MOID/>
	    <Currency>WON</Currency>
	    <Tax/>
	    <TaxFree/>
	    <Goods>
	      <SMID>obmms20151</SMID>
	      <GoodsName urlencode="1">%BF%C2%B8%AE%BF%F8%B9%AE%C0%DA+-+%C1%F7%C1%A2%B0%E1%C1%A6+-+1%B0%B3%BF%F9%B1%E2%B0%A3+</GoodsName>
	      <GoodsPrice>20000</GoodsPrice></Goods></GoodsInfo>
	  <BuyerInfo>
	    <BuyerName urlencode="1">%BF%F8%BA%CF</BuyerName>
	    <BuyerTel>010-2654-861</BuyerTel>
	    <BuyerEmail urlencode="1">test%40naver.com</BuyerEmail>
	    <ParentEmail urlencode="1">test%40naver.com</ParentEmail>
	    <RecvName/>
	    <RecvTel/>
	    <RecvMsg/>
	    <RecvAddr/>
	    <RecvPostNum/></BuyerInfo>
	  <PaymentInfo>
	    <Payment>
	      <PayMethod>Card</PayMethod>
	      <JoinCard/>
	      <JoinExpire/>
	      <MailOrder/>
	      <SessionKey>aoYhRKbKKz4aozUdbpU5vI9wILGUpIhMXdqeCj8f73sFGW9PcNOlupL8vjYjYpeR
PSpxNE37NkVVTR97F2+HyTA+QXXsO5oBGIn7eQ6vSzxLOMTdsm+3KgWjSyymrDGf
8QJQ6a6fb0VqGPddkPV/ETZAgZCvOlUK6IZ5RgPDVbQ=</SessionKey>
	      <Encrypted urlencode="1">Version%3D4.1%26PayMethod%3DCard%26RsaKeyNum%3D1%26EncryptionAlgorithm%3DSEED-CBC%26SignAlgorithm%3DRSAwithSHA1%26CertVer%3D39%26moid%3D8502_151130010947%26ver_trace%3Dmain%286097%2C6060%29card%286142%2C6124%29n%286009%29Cs%286025%29Dt%286002%29Pa%286002%29Cf%286024%29Fv%280000%29La%286156%29Re%286107%29Vr%286007%29P%286034%29en%286055%29nP%286006%29%26pg1%3D211.219.96.180%26pg2%3D203.238.37.3%26pg1ip%3D211.219.96.180%26pg2ip%3D203.238.37.3%26agreeflag%3D1111%26Data%3DIla9l7yRqIkuLQvk0i0Nl4YMZr0U9RoRE8JZjjG3HXSVmdrG%2BrHmHrwl4IMk49W0%0D%0AdVqKX6ME0XlYXW1AVcQDbTCNQBAyY2hphT09GI%2BXWQ0oBVaX44heuWEnd01EsHQs%0D%0A2eLTDqCkE5FIw37y3TOE2Hcr0R0X3BS%2BQkiLcFUpfn7assCbYZDvtIfI88IQZKQ1%0D%0AJ0sDYlqjkN5r6sCRNxyyonruvSOZzP1kcUgEz3b%2F%2FMLfub%2F41fs4zhzjrdcVdor8%0D%0AuDQzvF4WgoRW6I%2FFG5fZyL8Ylf3ePEkP9WD3qV0bUCdjnHKlyyWJ1DCCeEiCGmrt%0D%0AtdeFgo%2FOMjw%2FtbHjHmHZKSNPgKGdMHEwwOt88bGKXZsjkbhBTU1f0BexmCT9TV0S%0D%0Ac2kq7LloJykRGILOTibiJmJwnizwEdfxP%2FzDroNVBg8bY%2BpzxagLm9wad4pgMell%0D%0A0SSc4RbTzrFmUBv1ex0Pic%2Fgwwd%2FnN1bbCKUXnfixeH2F9e88%2FtEUjEX4JIdSENs%0D%0AOuXbPz8xuiCVaPg4EKL6arWKkoTBM3oxFaCTptdq3MAWXW5vbn54nlogWJiGug2M%0D%0A6uLPB6t7w6xwaKnRmsbT%2F0yaSD2XP0g2EHBnrKI8ApSPraxtUjbrM%2F0W6dv9xoOs%0D%0ARcH89AeQjk5ywEK%2FtEZurPtWlfNyBbgFWCMZohQ%2Fxqd6TONBIg%3D%3D</Encrypted></Payment></PaymentInfo>
	  <ReservedInfo>
	    <MReserved1/>
	    <MReserved2/>
	    <MReserved3/></ReservedInfo>
	  <ManageInfo>
	    <Language/>
	    <URL urlencode="1">http%3A%2F%2Fwww.obmms.net</URL>
	    <TXVersion>5036B141209securLinux     PHPchkfake   2.6.18-348.4.1.el5PHP:5.3.13p1</TXVersion>
	    <TXUserID/>
	    <TXRegNum/>
	    <Ack>1</Ack>
	    <TXRN>MjAxNTExMzAxMzA5NDcyNzgyNTg5OQ==
</TXRN></ManageInfo></INIpay>AYBpbAhTc6CXpTAWwVC+6fJG1Q3/BMpLcIVjQJf/v/VJvQmQ9jvxvyom47eh6S7s
VUwfgFifGPItxSYfvK+71ZDT/Od2ZoMxCKgXFMzO9NF6vbthCllmtN/XTcb5VqId
wV66GbgHJpeywbCr70atG8Tun4NgkySCkufWuyG8CZe+
]
INFO	[2015-11-30 13:11:11:242] <26256> DNS LOOKUP OK(211.219.96.180:211.219.96.180:34049) laptime:0
INFO	[2015-11-30 13:11:11:244] <26256> SOCKET CONNECT OK
INFO	[2015-11-30 13:11:11:244] <26256> SEND OK
INFO	[2015-11-30 13:11:12:309] <26256> RECV OK
INFO	[2015-11-30 13:11:12:309] <26256> MSG_FROM_PG:[0317000175D SHA1                   0                  39                  300210obmms20151               20000INIphpCARDobmms2015120151130131111269008<?xml version="1.0" encoding="UTF-8"?>
<INIpay>
  <GoodsInfo>
    <GoodsCnt>1</GoodsCnt>
    <MOID urlencode="1">8502_151130010947</MOID>
    <Currency>WON</Currency>
    <Goods no="1">
      <SMID>obmms20151</SMID>
      <GoodsName urlencode="1">%BF%C2%B8%AE%BF%F8%B9%AE%C0%DA+-+%C1%F7%C1%A2%B0%E1%C1%A6+-+1%B0%B3%BF%F9%B1%E2%B0%A3+</GoodsName>
      <GoodsCntS>1</GoodsCntS>
      <GoodsPrice>20000</GoodsPrice>
    </Goods>
  </GoodsInfo>
  <PaymentInfo>
    <Payment>
      <SessionKey>APURfP+0vQuNVY5o07V6MRqXZo/CJc1s9I6ZGBipTEoj8pnwYwS2+y2LxsMUSlOW
BYFh0cCdm3nE/6yn3WN6dSrLxPtdUE7/7CVc4vGe/TqKsrHDvSGJ/YXGeAgBWHhc
YNTjQw72MY0MpC6Ekk15zop28EqoRaau/HmPSewIIRUuEaXgBhhd7LA=
</SessionKey>
      <Encrypted>8YkNEeudegc1JWgP32STi9Ke6I24mUbZeewr1HH94+zfz/T5Ix9NIPvSLe79gK6f
db4iFr9TPhjMgHidv7FIQKnkTjUPiYKnSFx0PpA/FB3+vFohckQJPk7Zu1+Su+Dm
72cSPi+ta4U8doq/SG+JtZh7sN1WBrBcHB0HM6BATwjkXLtwRIxTg+ycMnCxiTLC
uERDaL4gQFVCdCuyqTcE2u/wkmLL0mcV5fBBwck3M2yEBpwDo/ypvmL8trz269vo
niuA8nIlEBEO83TAg5383nkgh6S4G16TCWtfO4owXCSfgOfDenkBjKOb/AChODwk
f62Ulb72fgPdFhde0KamTduNsqCIzCsLNgWxmjA2i1WdLWcxdNYd3kqgYMWCH43Z
L+auqEn3Si+EADlKVl1l5yLrCLOfsl7o0HS2n6oAvc8ah8lP/18ZpH0LsLs8T+hb
YdQ9UN2kTpHm8irIBum58AAzJlDrj2DeeyAGbUAQo2tO6OWW3BbxRiVyQQ5UqwOZ
qJjWPEKWhCdZgpiRSbF6CugMR2mgQnw08QQBceE3vwU64FPCWC5vQuRqnT+oIbJA
M81MXVYFLmAfAdxgDnFzN9a77CRVEj6iycls8UlClyHTkp28UNsmuxLrtshENcTV
OzcmKsOD0RQd6Cc6dM92iKRtz2uxXsvGKHrnoNDFLMoIQY1S3ZuINjbOIcGAdzYL
hS8tFDfLLstmAtlxUoLXJ29iLnqjZLSHNhoXGOSfjJKOw4rV/Ed1Zxnax776Vef9
zjduyaVdBHMRfq54YC1hpPD8AC1GSK1+TtZySHBgpDFh/gDdtOouieFUBfFlsSRd
UoqhhsqVwUC4Em///89BTxOekCZYMnoii3T9xEa8XBYakODUgwJpOXQqPcGIwLQr
iRagQrU6SrUr1wOV+57eto6xuSIjYV2Pm5T3ZFH/ZBU/OFIPvO4/4OM960Y+WCXg
1PInp0XmJWQhOnVbFRCw3sXl3TXC6KH0iMuFuzSaAnl9APQPnE25pKNGIpw7Ulzs
dOw+7yjydkni6lR59nIdko11zb39y/h3BLrJofQOnhVwDvnQVyKxkMki1wcschiJ
vDhwNw4QNFCQJ6xPWKvTlNYQ285nnGsiTg/wRN+gESbcbtpsBlU5OUgsTykvj5db
bkXvgNgGxsvJ5BjoE+t4X1GOqObtyTKf/E4EIDPjgfIbIErzjXK6xsgyttOxcqXG
VQeZZJ02xQu9p9bza9fiFhwl0Q+wTZWcT60t6V3DN1sgvpLJJlJW7A7aT6eQjfKL
6qxdUOhxUx/4LcY81e8V8zoFMnv/srDWxeXWjMwNz3XgBstA2ztS8CB8f+UG+Cg0
93oI9rWW3vnbhI0E38kjB+wxpXkGoFZ3UPQhIttC90UXCI0pBngESq+L1xjlX8mc
ZNUZE4ndwMkc0Wsd+4MarSD9JDfKSzk9ckB9IBAm9P9T9plFmyziGrhYPH7PDbJG
QTmbsT3m5LT0OMhiFmT0wLPjezmBrfbt78PaDoRWbe+A5crowN2tOg4SwQbYSrVT
Rj6mlicWr8ljZ2sclETl0ewdJfIg9mgDCk/HVWhPbwjqdhkKPp5NyMATbPgSo9ho
UpK1ulHLlJJw+ae3axRQ5lZNzsTacXgLU9MjKG4Re/0BoYk5CH8RmvknWfcYoGh9
fmS4+bumbOjAOIXJn1f04MmuGek6Il1Rbus925QvviPQHomlnIqGJcsu62JsyF6O
6JMtdkEZorRHLZzBVPdbUw==
</Encrypted>
      <PayMethod>Card</PayMethod>
      <ResultCode>120000</ResultCode>
      <ResultMsg urlencode="1">%C1%A4%BB%F3%C3%B3%B8%AE%B5%C7%BE%FA%BD%C0%B4%CF%B4%D9.</ResultMsg>
    </Payment>
  </PaymentInfo>
  <ManageInfo>
    <EventCode></EventCode>
    <OrgCurrency></OrgCurrency>
    <ExchangeRate></ExchangeRate>
    <OrgPrice></OrgPrice>
  </ManageInfo>
  <ReservedInfo>
    <MReserved1 urlencode="1"></MReserved1>
    <MReserved2 urlencode="1"></MReserved2>
    <MReserved3 urlencode="1"></MReserved3>
    <PGReserved1 urlencode="1"></PGReserved1>
    <PGReserved2 urlencode="1"></PGReserved2>
    <PGReserved3 urlencode="1"></PGReserved3>
  </ReservedInfo>
</INIpay>
aQibPZZvxbRgg8rSdgGTRpVb6FcnmbzOGxRiCf3MxrOBUPeXy0RwfTszLpoGJU72
4lfWpBMevEONQYxzqXFpT9ZABFf0CGN13rv5nQOb8MrLMcIzASIaQ+v7F/vrx+W6
IqkzOd7g+d8TojrQAcVpNt93LA1CQfhNDwdmpW1Lx54=
]
INFO	[2015-11-30 13:11:12:309] <26256> VERIFY OK
INFO	[2015-11-30 13:11:12:309] <26256> PARSE HEAD OK
INFO	[2015-11-30 13:11:12:310] <26256> PARSE BODY OK
INFO	[2015-11-30 13:11:12:312] <26256> DECRYPT OK
DEBUG	[2015-11-30 13:11:12:312] <26256> DECRYPT MSG:[<?xml version="1.0" encoding="UTF-8"?>
<PaymentInfo>
  <Payment>
    <EASYPAY/>
    <Card>
      <CARD_ApplPrice>20000</CARD_ApplPrice>
      <CARD_Num>377988024744</CARD_Num>
      <CARD_Expire></CARD_Expire>
      <CARD_Code>14</CARD_Code>
      <CARD_BankCode>26</CARD_BankCode>
      <CARD_Quota>00</CARD_Quota>
      <CARD_Interest>0</CARD_Interest>
      <CARD_Point></CARD_Point>
      <CARD_AuthType>99</CARD_AuthType>
      <CARD_RegNum></CARD_RegNum>
      <CARD_ApplDate>20151130</CARD_ApplDate>
      <CARD_ApplTime>131111</CARD_ApplTime>
      <CARD_ApplNum>16343602</CARD_ApplNum>
      <CARD_TerminalNum>019048y000</CARD_TerminalNum>
      <CARD_MemberNum></CARD_MemberNum>
      <CARD_PurchaseCode></CARD_PurchaseCode>
      <CARD_ResultCode>120000</CARD_ResultCode>
      <CARD_ResultMsg urlencode="1">%C1%A4%BB%F3%C3%B3%B8%AE%B5%C7%BE%FA%BD%C0%B4%CF%B4%D9.</CARD_ResultMsg>
      <CARD_PrtcCode>1</CARD_PrtcCode>
      <CARD_Quota_Point>00</CARD_Quota_Point>
      <CARD_CheckFlag>0</CARD_CheckFlag>
      <CARD_PurchaseName urlencode="1"></CARD_PurchaseName>
      <CARD_IssuerName urlencode="1"></CARD_IssuerName>
      <CARD_JoinUsePoint></CARD_JoinUsePoint>
      <CARD_UsePoint></CARD_UsePoint>
      <CARD_CouponOnlyMer></CARD_CouponOnlyMer>
    </Card>
  </Payment>
</PaymentInfo>]
INFO	[2015-11-30 13:11:12:314] <26256> DECRYPT PARSE OK
INFO	[2015-11-30 13:11:12:314] <26256> WAIT ACK INVOKING
DEBUG	[2015-11-30 13:11:12:314] <26256> MAKE HEAD OK
INFO	[2015-11-30 13:11:12:317] <26256> SUCCESS ACK INVOKING
INFO	[2015-11-30 13:11:12:317] <26256> END securepay ¡§ªÛ√≥∏Æµ«æ˙Ω¿¥œ¥Ÿ. Laptime:[1.092sec]
INFO	[2015-11-30 13:11:12:317] <26256> ===============================================================
