INFO	[2019-05-23 15:28:58:172] <19702> START INIPHP chkfake (V5036-141209)(OS:Linux2.6.18-274.3.1.el5,PHP:5.2.9)
DEBUG	[2019-05-23 15:28:58:172] <19702> inipayhome:/home/ilearning3/www/inipay
DEBUG	[2019-05-23 15:28:58:172] <19702> type:chkfake
DEBUG	[2019-05-23 15:28:58:172] <19702> debug:true
DEBUG	[2019-05-23 15:28:58:172] <19702> enctype:asym
DEBUG	[2019-05-23 15:28:58:172] <19702> admin:1111
DEBUG	[2019-05-23 15:28:58:172] <19702> checkopt:false
DEBUG	[2019-05-23 15:28:58:172] <19702> mid:obmms20151
DEBUG	[2019-05-23 15:28:58:172] <19702> price:9900
DEBUG	[2019-05-23 15:28:58:172] <19702> nointerest:no
DEBUG	[2019-05-23 15:28:58:172] <19702> quotabase:일시불
INFO	[2019-05-23 15:28:58:172] <19702> Check Field OK
INFO	[2019-05-23 15:28:58:172] <19702> MERCHANT PRIV KEY LOAD OK
INFO	[2019-05-23 15:28:58:173] <19702> MERCHANT PUB KEY LOAD OK []
INFO	[2019-05-23 15:28:58:174] <19702> CHKFAKE KEY MAKE OK:MjAxOTA1MjMxNTI4NTgxNzM0MTI0OQ==

INFO	[2019-05-23 15:28:58:174] <19702> END chkfake  Laptime:[0sec]
INFO	[2019-05-23 15:28:58:174] <19702> ===============================================================
INFO	[2019-05-23 15:29:18:912] <19702> START INIPHP chkfake (V5036-141209)(OS:Linux2.6.18-274.3.1.el5,PHP:5.2.9)
DEBUG	[2019-05-23 15:29:18:912] <19702> inipayhome:/home/ilearning3/www/inipay
DEBUG	[2019-05-23 15:29:18:912] <19702> type:chkfake
DEBUG	[2019-05-23 15:29:18:912] <19702> debug:true
DEBUG	[2019-05-23 15:29:18:912] <19702> enctype:asym
DEBUG	[2019-05-23 15:29:18:912] <19702> admin:1111
DEBUG	[2019-05-23 15:29:18:912] <19702> checkopt:false
DEBUG	[2019-05-23 15:29:18:912] <19702> mid:obmms20151
DEBUG	[2019-05-23 15:29:18:912] <19702> price:9900
DEBUG	[2019-05-23 15:29:18:912] <19702> nointerest:no
DEBUG	[2019-05-23 15:29:18:912] <19702> quotabase:일시불
INFO	[2019-05-23 15:29:18:912] <19702> Check Field OK
INFO	[2019-05-23 15:29:18:912] <19702> MERCHANT PRIV KEY LOAD OK
INFO	[2019-05-23 15:29:18:912] <19702> MERCHANT PUB KEY LOAD OK []
INFO	[2019-05-23 15:29:18:914] <19702> CHKFAKE KEY MAKE OK:MjAxOTA1MjMxNTI5MTg5MTI2ODkxNQ==

INFO	[2019-05-23 15:29:18:914] <19702> END chkfake  Laptime:[0sec]
INFO	[2019-05-23 15:29:18:914] <19702> ===============================================================
