INFO	[2017-08-11 16:04:16:947] <15062> START INIPHP chkfake (V5036-141209)(OS:Linux4.4.27,PHP:5.5.17p1)
DEBUG	[2017-08-11 16:04:16:947] <15062> inipayhome:/home/hosting_users/ilearning3/www/inipay
DEBUG	[2017-08-11 16:04:16:947] <15062> type:chkfake
DEBUG	[2017-08-11 16:04:16:947] <15062> debug:true
DEBUG	[2017-08-11 16:04:16:947] <15062> enctype:asym
DEBUG	[2017-08-11 16:04:16:947] <15062> admin:1111
DEBUG	[2017-08-11 16:04:16:947] <15062> checkopt:false
DEBUG	[2017-08-11 16:04:16:947] <15062> mid:obmms20151
DEBUG	[2017-08-11 16:04:16:947] <15062> price:9900
DEBUG	[2017-08-11 16:04:16:947] <15062> nointerest:no
DEBUG	[2017-08-11 16:04:16:947] <15062> quotabase:ÏÑ†ÌÉù:ÏùºÏãúÎ∂à:2Í∞úÏõî:3Í∞úÏõî:6Í∞úÏõî
INFO	[2017-08-11 16:04:16:947] <15062> Check Field OK
INFO	[2017-08-11 16:04:16:947] <15062> MERCHANT PRIV KEY LOAD OK
INFO	[2017-08-11 16:04:16:947] <15062> MERCHANT PUB KEY LOAD OK []
INFO	[2017-08-11 16:04:16:948] <15062> CHKFAKE KEY MAKE OK:MjAxNzA4MTExNjA0MTY5NDc0Mjc3MA==

INFO	[2017-08-11 16:04:16:948] <15062> END chkfake  Laptime:[0.004sec]
INFO	[2017-08-11 16:04:16:948] <15062> ===============================================================
INFO	[2017-08-11 16:06:25:239] <27174> START INIPHP securepay (V5036-141209)(OS:Linux4.4.27,PHP:5.5.17p1)
DEBUG	[2017-08-11 16:06:25:239] <27174> inipayhome:/home/hosting_users/ilearning3/www/inipay
DEBUG	[2017-08-11 16:06:25:239] <27174> type:securepay
DEBUG	[2017-08-11 16:06:25:239] <27174> pgid:INIphpISP_
DEBUG	[2017-08-11 16:06:25:239] <27174> subpgip:203.238.3.10
DEBUG	[2017-08-11 16:06:25:239] <27174> admin:1111
DEBUG	[2017-08-11 16:06:25:239] <27174> debug:true
DEBUG	[2017-08-11 16:06:25:239] <27174> uid:
DEBUG	[2017-08-11 16:06:25:239] <27174> goodname:ø¬∏Æø¯πÆ¿⁄ - 1∞≥ø˘±‚∞£ 
DEBUG	[2017-08-11 16:06:25:239] <27174> currency:WON
DEBUG	[2017-08-11 16:06:25:239] <27174> mid:obmms20151
DEBUG	[2017-08-11 16:06:25:239] <27174> rn:MjAxNzA4MTExNjA0MTY5NDc0Mjc3MA==

DEBUG	[2017-08-11 16:06:25:239] <27174> price:9900
DEBUG	[2017-08-11 16:06:25:239] <27174> enctype:
DEBUG	[2017-08-11 16:06:25:239] <27174> buyername:±Ëºˆ¡¯
DEBUG	[2017-08-11 16:06:25:239] <27174> buyertel:010-9338-0355
DEBUG	[2017-08-11 16:06:25:239] <27174> buyeremail:1pagebook@naver.com
DEBUG	[2017-08-11 16:06:25:239] <27174> paymethod:VCard
DEBUG	[2017-08-11 16:06:25:239] <27174> encrypted:Version=4.1&PayMethod=VCard&RsaKeyNum=1&EncryptionAlgorithm=NONE&SignAlgorithm=SHA1WithRSAEncryption&CertVer=39&moid=11603_170811040416&ver_trace=main(6109,6065)vcard(6112)card(6171,6150)n(6009)Cs(6025)Dt(6002)Pa(6002)Cf(6025)Fv(0000)La(6179)Re(6130)Vr(6008)P(6034)en(6068)&pg1=211.219.96.180&pg2=203.238.37.3&pg1ip=211.219.96.180&pg2ip=203.238.37.3&agreeflag=1111&rn=3/jEtW4BAEpd6hiA280fR5G7ou9wnDTe62QAM7aCizo=
&VCode=040100202420331&VQuota=00&VNoint=0&ip=192.168.219.103&mac=E82AEA2D7891&cardpoint=9&custemail=1pagebook@naver.com&price=4uDsrkVGeEcgjnub+tIuGLKwnbZZ5Wc=
&below1000=0&encisp=0&pgnoint=0&VKBPoint=&VSessionKey=YWwR5Sj6lRQxDZOwVCpBvHxTjFq1T0D8Yq9vMOhVfi7oFn4%2fM2shxlGa7vsuFyxh%0d%0a0fmmYjZJ2m9HZEqDZboKej8VwZWviText3N4upoH2NVaUGIrwQ2kPgPeU4hlcqVv%0d%0aDdLjsNe3zVRTtEKl8qRtfNY%2bWJUKUE4whfXUNBfJtkw%3d%0d%0a&Data=Version%3d1.0%26KeyFlag%3d1%26KeyNum%3d1%26EncryptAlgorithm%3dSEED%2dCBC%26SignAlgorithm%3d%26Data%3dBVrfy2tGUHUacFv%2fEplCqxgVQPYimYjFN9fAxpsh8vEXGyjPm6eBcil%252b4zKY6IVt%250a6A%2fXWAsfme%252bX%252b24IvsvH6c0ZLW%252bMNgo9s6nofZtlxEY%253d%250a%26PubCert%3d%26PluginVer%3d5016%26eISPVer%3d2104&FDS_TransKey=19D26582BD364275A74F8030F9625665&FDS_SVCType=010100&FDS_CheckResult=T&KCare_Code=&KCare_Price=0&ts=170811160624KrvrQbSxMmwwPBKaQP9V5A002668&src_flg=0&OSv=IE11_Win10 6.03.9600 Professional_64B (CDN) (notray:J) [obmms20151] (61_secuni_npapi)&ip2=124.59.6.134
DEBUG	[2017-08-11 16:06:25:239] <27174> sessionkey:VCard
DEBUG	[2017-08-11 16:06:25:239] <27174> url:http://www.obmms.net
DEBUG	[2017-08-11 16:06:25:239] <27174> cardcode:11
DEBUG	[2017-08-11 16:06:25:239] <27174> parentemail:1pagebook@naver.com
DEBUG	[2017-08-11 16:06:25:239] <27174> recvname:
DEBUG	[2017-08-11 16:06:25:239] <27174> recvtel:
DEBUG	[2017-08-11 16:06:25:239] <27174> recvaddr:
DEBUG	[2017-08-11 16:06:25:239] <27174> recvpostnum:
DEBUG	[2017-08-11 16:06:25:239] <27174> recvmsg:
DEBUG	[2017-08-11 16:06:25:239] <27174> joincard:
DEBUG	[2017-08-11 16:06:25:239] <27174> joinexpire:
DEBUG	[2017-08-11 16:06:25:239] <27174> id_customer:
INFO	[2017-08-11 16:06:25:239] <27174> Check Field OK
INFO	[2017-08-11 16:06:25:239] <27174> Make TID OK INIphpISP_obmms2015120170811160625393694
INFO	[2017-08-11 16:06:25:239] <27174> PI PUB KEY LOAD OK [39]
INFO	[2017-08-11 16:06:25:241] <27174> PG PUB KEY LOAD OK [30]
INFO	[2017-08-11 16:06:25:241] <27174> MERCHANT PRIV KEY LOAD OK
INFO	[2017-08-11 16:06:25:242] <27174> MERCHANT PUB KEY LOAD OK [0]
INFO	[2017-08-11 16:06:25:242] <27174> MAKE BODY OK
INFO	[2017-08-11 16:06:25:243] <27174> SIGN OK
INFO	[2017-08-11 16:06:25:243] <27174> MAKE HEAD OK
INFO	[2017-08-11 16:06:25:243] <27174> MSG_TO_PG:[0305900175R SHA1                   0                  39                  300200obmms20151                9900INIphpISP_obmms2015120170811160625393694<?xml version="1.0" encoding="UTF-8"?>
<INIpay>
	  <GoodsInfo>
	    <GoodsCnt>1</GoodsCnt>
	    <MOID/>
	    <Currency>WON</Currency>
	    <Tax/>
	    <TaxFree/>
	    <Goods>
	      <SMID>obmms20151</SMID>
	      <GoodsName urlencode="1">%BF%C2%B8%AE%BF%F8%B9%AE%C0%DA+-+1%B0%B3%BF%F9%B1%E2%B0%A3+</GoodsName>
	      <GoodsPrice>9900</GoodsPrice></Goods></GoodsInfo>
	  <BuyerInfo>
	    <BuyerName urlencode="1">%B1%E8%BC%F6%C1%F8</BuyerName>
	    <BuyerTel>010-9338-0355</BuyerTel>
	    <BuyerEmail urlencode="1">1pagebook%40naver.com</BuyerEmail>
	    <ParentEmail urlencode="1">1pagebook%40naver.com</ParentEmail>
	    <RecvName/>
	    <RecvTel/>
	    <RecvMsg/>
	    <RecvAddr/>
	    <RecvPostNum/></BuyerInfo>
	  <PaymentInfo>
	    <Payment>
	      <PayMethod>VCard</PayMethod>
	      <JoinCard/>
	      <JoinExpire/>
	      <MailOrder/>
	      <SessionKey>VCard</SessionKey>
	      <Encrypted urlencode="1">Version%3D4.1%26PayMethod%3DVCard%26RsaKeyNum%3D1%26EncryptionAlgorithm%3DNONE%26SignAlgorithm%3DSHA1WithRSAEncryption%26CertVer%3D39%26moid%3D11603_170811040416%26ver_trace%3Dmain%286109%2C6065%29vcard%286112%29card%286171%2C6150%29n%286009%29Cs%286025%29Dt%286002%29Pa%286002%29Cf%286025%29Fv%280000%29La%286179%29Re%286130%29Vr%286008%29P%286034%29en%286068%29%26pg1%3D211.219.96.180%26pg2%3D203.238.37.3%26pg1ip%3D211.219.96.180%26pg2ip%3D203.238.37.3%26agreeflag%3D1111%26rn%3D3%2FjEtW4BAEpd6hiA280fR5G7ou9wnDTe62QAM7aCizo%3D%0D%0A%26VCode%3D040100202420331%26VQuota%3D00%26VNoint%3D0%26ip%3D192.168.219.103%26mac%3DE82AEA2D7891%26cardpoint%3D9%26custemail%3D1pagebook%40naver.com%26price%3D4uDsrkVGeEcgjnub%2BtIuGLKwnbZZ5Wc%3D%0D%0A%26below1000%3D0%26encisp%3D0%26pgnoint%3D0%26VKBPoint%3D%26VSessionKey%3DYWwR5Sj6lRQxDZOwVCpBvHxTjFq1T0D8Yq9vMOhVfi7oFn4%252fM2shxlGa7vsuFyxh%250d%250a0fmmYjZJ2m9HZEqDZboKej8VwZWviText3N4upoH2NVaUGIrwQ2kPgPeU4hlcqVv%250d%250aDdLjsNe3zVRTtEKl8qRtfNY%252bWJUKUE4whfXUNBfJtkw%253d%250d%250a%26Data%3DVersion%253d1.0%2526KeyFlag%253d1%2526KeyNum%253d1%2526EncryptAlgorithm%253dSEED%252dCBC%2526SignAlgorithm%253d%2526Data%253dBVrfy2tGUHUacFv%252fEplCqxgVQPYimYjFN9fAxpsh8vEXGyjPm6eBcil%25252b4zKY6IVt%25250a6A%252fXWAsfme%25252bX%25252b24IvsvH6c0ZLW%25252bMNgo9s6nofZtlxEY%25253d%25250a%2526PubCert%253d%2526PluginVer%253d5016%2526eISPVer%253d2104%26FDS_TransKey%3D19D26582BD364275A74F8030F9625665%26FDS_SVCType%3D010100%26FDS_CheckResult%3DT%26KCare_Code%3D%26KCare_Price%3D0%26ts%3D170811160624KrvrQbSxMmwwPBKaQP9V5A002668%26src_flg%3D0%26OSv%3DIE11_Win10+6.03.9600+Professional_64B+%28CDN%29+%28notray%3AJ%29+%5Bobmms20151%5D+%2861_secuni_npapi%29%26ip2%3D124.59.6.134</Encrypted></Payment></PaymentInfo>
	  <ReservedInfo>
	    <MReserved1/>
	    <MReserved2/>
	    <MReserved3/></ReservedInfo>
	  <ManageInfo>
	    <Language/>
	    <URL urlencode="1">http%3A%2F%2Fwww.obmms.net</URL>
	    <TXVersion>5036B141209securLinux     PHPchkfake   4.4.27PHP:5.5.17p1            </TXVersion>
	    <TXUserID/>
	    <TXRegNum/>
	    <Ack>1</Ack>
	    <TXRN>MjAxNzA4MTExNjA0MTY5NDc0Mjc3MA==
</TXRN></ManageInfo></INIpay>ASuNPMflx/CSvBDJ4agBGtam5KnV0VFu/cqlhPm0kU+/e5fZOl3lwYqf8aLoOimx
zZbbLsA5x/A3mh+x5zaVQn4Bgo8e2antbFKp7q2RFC03dfsc0X3NXmauSGNG9OEJ
8TIjSJj+OXef3MvZbzdlIZLEn1hvOu/R79HV94Me/6hE
]
INFO	[2017-08-11 16:06:25:243] <27174> DNS LOOKUP OK(211.219.96.180:211.219.96.180:34049) laptime:0
INFO	[2017-08-11 16:06:25:245] <27174> SOCKET CONNECT OK
INFO	[2017-08-11 16:06:25:245] <27174> SEND OK
INFO	[2017-08-11 16:06:26:835] <27174> RECV OK
INFO	[2017-08-11 16:06:26:835] <27174> MSG_FROM_PG:[0282000175D SHA1                   0                  39                  300210obmms20151                9900INIphpISP_obmms2015120170811160625393694<?xml version="1.0" encoding="UTF-8"?>
<INIpay>
  <GoodsInfo>
    <GoodsCnt>1</GoodsCnt>
    <MOID urlencode="1">11603_170811040416</MOID>
    <Currency>WON</Currency>
    <Goods no="1">
      <SMID>obmms20151</SMID>
      <GoodsName urlencode="1">%BF%C2%B8%AE%BF%F8%B9%AE%C0%DA+-+1%B0%B3%BF%F9%B1%E2%B0%A3+</GoodsName>
      <GoodsCntS>1</GoodsCntS>
      <GoodsPrice>9900</GoodsPrice>
    </Goods>
  </GoodsInfo>
  <PaymentInfo>
    <Payment>
      <SessionKey>AE9vtckb8lDQYV/lZ9gO2qYxk5TaVdQ7wfoI96PO8lCNCou7eT9+ip+upGfV76yu
kP79EeOaWJdY9EfSO9wG+RFcZ8g4VnaPAfrIEkFLgMLHU7JtmJAKp1xrweUguPYg
CiAEyAd5T+PhfLX/ZlpAKEawbfyCoG024yaPARYqJohSaWAS135R8iA=
</SessionKey>
      <Encrypted>Ix+WjjZggHBn91+PDF+YK5wJmvNDWCpyXLPTYN6XcCmDnNWWmyyEyulBX3IIkqDK
PXO9kcRUZFOtbNkLbaaIrtHQFqu2IiYE1YvnZbcZ+WTUL5s675Yx20890Q1hYzVv
isHdH2J4GedhVvp028V5cBbJOMia5fd928/iPIaElo/xmwa34ISmn3rznrkce7ZV
wejxQupWrGcezuBfG+xzbzTNj/T42VLmCi5QEIDMCyUXodoRQ5RjsxmTB+2a+Eng
DsyZ3V2pqeYkLm2COWS5bcR/6LbfmsBj9TMiYZLWKnUN1eUlb3D1sfVEtIwspYsh
q6hqUQBla5iWEaa6+m9DxH4d5SqwxkUoyZWk5kjRn6kvauDFZfoa5Zcny9xm2HTl
rqOMEgCZCDfVColTFYBKrcQ5CyPmG11xYapNhbgVfZnLzhX780AExNnuOZ+WrQvg
Z8I0z2e8xs1+LHjstfHdSUM/UAMBl5gIgDF/TL6u7yTYufjzWsNErDr7LhD0Cc9w
lZ+ik8CQyhTpLE4hJDlgYEZ9nIAgqzijHjzguoAkd0Vpye5j6fZYaNCadA49F+P5
VfBxqLtbfcofdB+SMuFo2VncdRluFz2wQpK8utn4dcpHgO8z/y64bnuSQjn27jMY
gtTgm8GGGvk6mrfJWO8Xe6R+oWDQSeN5qxkN7e9CVfCavcr06OQwJaKyroCXKooN
lSNCCZlMdUMpR8sqiShMTLrtwGEQ/eG5uVDaP+sFs0N7zgWh4pgXrdE0nTVPY8H7
yj93cYfgGptavpmqAIFX/pXJUnk4mL4CGs5dw/sK5UAV/U5aC77rwy53wcydxv6d
B+cgRPOSUYHY0beb3o/fy/aPmc/HeW0BRoDQi2O0CXS5NkLpvGmIDexnMMkheGIx
m4EjHtgTFixwY8By+362IkVc5MoJHtajKVGFaB5HJeEXDBd7Db3qN609muTrHmxG
TLkQRM60f1tb17tWIbutEFX/hQkAoGoOd/0rgtEhSgm+6nZ40rJmKFV2+NC/yjrG
MENDL63RagCGl0PX0i4azj9kzd8GM0YwnIHsMgsOkRDVNJK++FO3+p40NW06cnNG
pJrVAiMKT0tD8d+DoOlr9hJ4WCVvAEJI7hYRuTlVf3oiA2YzOcMUzVlqdFGzCSXd
eGGZ40VvHoroj/q+Q4URXk7WpROg55ezMwfM123Ffq0bEKGon7UwCXZWhYOErlGV
Zo560emPM/oysr9ysBCpsuhIfkbh3y9WulwuVAhOto4B5+NLyyivp5iWy/kNFlOv
cTIFiFvw801JrS1uOrvfK6PJcSDa4i2pmxSlZvhGlVW5bjcmFsDFzTjSD+6LO8mk
T+m/7as4x33UqGDrCbf9azoKNi1y61PYbJgydGInzuam8EK/Si/zqfQN04fhelpF
3rnv7tOO3c3+EdsyEpHjixVoNiXC/Psz5grhy/h1P4gjYoyTJf2XZQ==
</Encrypted>
      <PayMethod>VCard</PayMethod>
      <ResultCode>170000</ResultCode>
      <ResultMsg urlencode="1">%C1%A4%BB%F3%BF%CF%B7%E1</ResultMsg>
    </Payment>
  </PaymentInfo>
  <ManageInfo>
    <EventCode></EventCode>
    <OrgCurrency></OrgCurrency>
    <ExchangeRate></ExchangeRate>
    <OrgPrice></OrgPrice>
  </ManageInfo>
  <ReservedInfo>
    <MReserved1 urlencode="1"></MReserved1>
    <MReserved2 urlencode="1"></MReserved2>
    <MReserved3 urlencode="1"></MReserved3>
    <PGReserved1 urlencode="1"></PGReserved1>
    <PGReserved2 urlencode="1"></PGReserved2>
    <PGReserved3 urlencode="1"></PGReserved3>
  </ReservedInfo>
</INIpay>
FyGYdaLpsz6apDCA7TuV2sNF8uY3Q4f+NAr3mRyMC8I9jUm4ZK87A8hlGaaS/GlH
rkZdUXiIoPLxZhiAafkIfqpdLAO2+JO3ECGR8wB9Yy9v+A50dMXwPh48MtL9FBv4
evw+lC+fpe8BDmGEIHiXc+zrY3DNpWEdB/qc/KwVxlo=
]
INFO	[2017-08-11 16:06:26:835] <27174> VERIFY OK
INFO	[2017-08-11 16:06:26:835] <27174> PARSE HEAD OK
INFO	[2017-08-11 16:06:26:836] <27174> PARSE BODY OK
INFO	[2017-08-11 16:06:26:837] <27174> DECRYPT OK
DEBUG	[2017-08-11 16:06:26:837] <27174> DECRYPT MSG:[<?xml version="1.0" encoding="UTF-8"?>
<PaymentInfo>
  <Payment>
    <EASYPAY/>
    <VCard>
      <ISP_ApplPrice>9900</ISP_ApplPrice>
      <ISP_BankCode>00</ISP_BankCode>
      <ISP_Quota>00</ISP_Quota>
      <ISP_Interest>0</ISP_Interest>
      <ISP_CardCode>11</ISP_CardCode>
      <ISP_CardNum>49022082****</ISP_CardNum>
      <ISP_Point></ISP_Point>
      <ISP_ApplDate>20170811</ISP_ApplDate>
      <ISP_ApplTime>160625</ISP_ApplTime>
      <ISP_ApplNum>52053260</ISP_ApplNum>
      <ISP_TerminalNum>019048y000</ISP_TerminalNum>
      <ISP_MemberNum></ISP_MemberNum>
      <ISP_PurchaseCode></ISP_PurchaseCode>
      <ISP_ResultCode>170000</ISP_ResultCode>
      <ISP_ResultMsg urlencode="1">%C1%A4%BB%F3%BF%CF%B7%E1</ISP_ResultMsg>
      <ISP_PrtcCode>1</ISP_PrtcCode>
      <ISP_Quota_Point>00</ISP_Quota_Point>
      <ISP_CheckFlag>0</ISP_CheckFlag>
      <ISP_PurchaseName urlencode="1"></ISP_PurchaseName>
      <ISP_IssuerName urlencode="1"></ISP_IssuerName>
      <ISP_UsePoint></ISP_UsePoint>
      <ISP_CouponOnlyMer></ISP_CouponOnlyMer>
    </VCard>
  </Payment>
</PaymentInfo>]
INFO	[2017-08-11 16:06:26:838] <27174> DECRYPT PARSE OK
INFO	[2017-08-11 16:06:26:838] <27174> WAIT ACK INVOKING
DEBUG	[2017-08-11 16:06:26:838] <27174> MAKE HEAD OK
INFO	[2017-08-11 16:06:26:840] <27174> SUCCESS ACK INVOKING
INFO	[2017-08-11 16:06:26:840] <27174> END securepay ¡§ªÛøœ∑· Laptime:[1.601sec]
INFO	[2017-08-11 16:06:26:840] <27174> ===============================================================
INFO	[2017-08-11 17:35:29:466] <2380> START INIPHP chkfake (V5036-141209)(OS:Linux4.4.27,PHP:5.5.17p1)
DEBUG	[2017-08-11 17:35:29:466] <2380> inipayhome:/home/hosting_users/ilearning3/www/inipay
DEBUG	[2017-08-11 17:35:29:466] <2380> type:chkfake
DEBUG	[2017-08-11 17:35:29:466] <2380> debug:true
DEBUG	[2017-08-11 17:35:29:466] <2380> enctype:asym
DEBUG	[2017-08-11 17:35:29:466] <2380> admin:1111
DEBUG	[2017-08-11 17:35:29:466] <2380> checkopt:false
DEBUG	[2017-08-11 17:35:29:466] <2380> mid:obmms20151
DEBUG	[2017-08-11 17:35:29:466] <2380> price:19800
DEBUG	[2017-08-11 17:35:29:466] <2380> nointerest:no
DEBUG	[2017-08-11 17:35:29:466] <2380> quotabase:ÏÑ†ÌÉù:ÏùºÏãúÎ∂à:2Í∞úÏõî:3Í∞úÏõî:6Í∞úÏõî
INFO	[2017-08-11 17:35:29:466] <2380> Check Field OK
INFO	[2017-08-11 17:35:29:466] <2380> MERCHANT PRIV KEY LOAD OK
INFO	[2017-08-11 17:35:29:466] <2380> MERCHANT PUB KEY LOAD OK []
INFO	[2017-08-11 17:35:29:467] <2380> CHKFAKE KEY MAKE OK:MjAxNzA4MTExNzM1Mjk0NjYyMTc2Mw==

INFO	[2017-08-11 17:35:29:467] <2380> END chkfake  Laptime:[0.001sec]
INFO	[2017-08-11 17:35:29:467] <2380> ===============================================================
INFO	[2017-08-11 17:36:14:54] <1689> START INIPHP securepay (V5036-141209)(OS:Linux4.4.27,PHP:5.5.17p1)
DEBUG	[2017-08-11 17:36:14:54] <1689> inipayhome:/home/hosting_users/ilearning3/www/inipay
DEBUG	[2017-08-11 17:36:14:54] <1689> type:securepay
DEBUG	[2017-08-11 17:36:14:54] <1689> pgid:INIphpISP_
DEBUG	[2017-08-11 17:36:14:54] <1689> subpgip:203.238.3.10
DEBUG	[2017-08-11 17:36:14:54] <1689> admin:1111
DEBUG	[2017-08-11 17:36:14:54] <1689> debug:true
DEBUG	[2017-08-11 17:36:14:54] <1689> uid:
DEBUG	[2017-08-11 17:36:14:54] <1689> goodname:ø¬∏Æø¯πÆ¿⁄ - 1∞≥ø˘±‚∞£ 
DEBUG	[2017-08-11 17:36:14:54] <1689> currency:WON
DEBUG	[2017-08-11 17:36:14:54] <1689> mid:obmms20151
DEBUG	[2017-08-11 17:36:14:54] <1689> rn:MjAxNzA4MTExNzM1Mjk0NjYyMTc2Mw==

DEBUG	[2017-08-11 17:36:14:54] <1689> price:19800
DEBUG	[2017-08-11 17:36:14:54] <1689> enctype:
DEBUG	[2017-08-11 17:36:14:54] <1689> buyername:±Ëºˆ¡¯
DEBUG	[2017-08-11 17:36:14:54] <1689> buyertel:010-9338-0355
DEBUG	[2017-08-11 17:36:14:54] <1689> buyeremail:1pagebook@naver.com
DEBUG	[2017-08-11 17:36:14:54] <1689> paymethod:VCard
DEBUG	[2017-08-11 17:36:14:54] <1689> encrypted:Version=4.1&PayMethod=VCard&RsaKeyNum=1&EncryptionAlgorithm=NONE&SignAlgorithm=SHA1WithRSAEncryption&CertVer=39&moid=11603_170811053529&ver_trace=main(6109,6065)vcard(6112)card(6171,6150)n(6009)Cs(6025)Dt(6002)Pa(6002)Cf(6025)Fv(0000)La(6179)Re(6130)Vr(6008)P(6034)en(6068)&pg1=211.219.96.180&pg2=203.238.37.3&pg1ip=211.219.96.180&pg2ip=203.238.37.3&agreeflag=1111&rn=3/jEtW4BAEpd6hiA290TRpGFkOpwsg6X61oAMra0izo=
&VCode=040100202420331&VQuota=00&VNoint=0&ip=192.168.219.103&mac=E82AEA2D7891&cardpoint=9&custemail=1pagebook@naver.com&price=4uDsrkVGcEcojm3e9sgrB7OBpLxSv2re
&below1000=0&encisp=0&pgnoint=0&VKBPoint=&VSessionKey=N7cJB3uMlMIe4HD0zRcic1hhfkaSgJ6IueeqjveQxglR3%2b4c%2fL58I6%2f8GT46Vd8p%0d%0aj7cuqCx5MI520aq8xTUsR4K12UMm9JQm4bmtJDnaUPXaN99WYgGIUAA4FEUATzJR%0d%0a92ulZpqYPFpGqk3dt3vGJUS%2fv%2fV%2fINVkCTqDWLb9kj4%3d%0d%0a&Data=Version%3d1.0%26KeyFlag%3d1%26KeyNum%3d1%26EncryptAlgorithm%3dSEED%2dCBC%26SignAlgorithm%3d%26Data%3d3Ni6lf8oDJ7SNkBlFPbMH0E5MFw%2fKI9FnjYjf1FdjKmbj%252bn%252bhmsfaQD%2fJe9qcVVq%250aZ3PSWEC7sBFCLMXCww7RhHqkD7FzdrYpB0K51344CuE%253d%250a%26PubCert%3d%26PluginVer%3d5016%26eISPVer%3d2104&FDS_TransKey=AB69D454B5C24179BFA8EC0D48C706FC&FDS_SVCType=010100&FDS_CheckResult=T&KCare_Code=&KCare_Price=0&ts=170811173613prkImwu2aiDBhbNDOPWz0g002671&src_flg=0&OSv=IE11_Win10 6.03.9600 Professional_64B (CDN) (notray:J) [obmms20151] (61_secuni_npapi)&ip2=124.59.6.134
DEBUG	[2017-08-11 17:36:14:54] <1689> sessionkey:VCard
DEBUG	[2017-08-11 17:36:14:54] <1689> url:http://www.obmms.net
DEBUG	[2017-08-11 17:36:14:54] <1689> cardcode:11
DEBUG	[2017-08-11 17:36:14:54] <1689> parentemail:1pagebook@naver.com
DEBUG	[2017-08-11 17:36:14:54] <1689> recvname:
DEBUG	[2017-08-11 17:36:14:54] <1689> recvtel:
DEBUG	[2017-08-11 17:36:14:54] <1689> recvaddr:
DEBUG	[2017-08-11 17:36:14:54] <1689> recvpostnum:
DEBUG	[2017-08-11 17:36:14:54] <1689> recvmsg:
DEBUG	[2017-08-11 17:36:14:54] <1689> joincard:
DEBUG	[2017-08-11 17:36:14:54] <1689> joinexpire:
DEBUG	[2017-08-11 17:36:14:54] <1689> id_customer:
INFO	[2017-08-11 17:36:14:54] <1689> Check Field OK
INFO	[2017-08-11 17:36:14:54] <1689> Make TID OK INIphpISP_obmms2015120170811173614545448
INFO	[2017-08-11 17:36:14:54] <1689> PI PUB KEY LOAD OK [39]
INFO	[2017-08-11 17:36:14:55] <1689> PG PUB KEY LOAD OK [30]
INFO	[2017-08-11 17:36:14:55] <1689> MERCHANT PRIV KEY LOAD OK
INFO	[2017-08-11 17:36:14:55] <1689> MERCHANT PUB KEY LOAD OK [0]
INFO	[2017-08-11 17:36:14:56] <1689> MAKE BODY OK
INFO	[2017-08-11 17:36:14:56] <1689> SIGN OK
INFO	[2017-08-11 17:36:14:56] <1689> MAKE HEAD OK
INFO	[2017-08-11 17:36:14:56] <1689> MSG_TO_PG:[0306000175R SHA1                   0                  39                  300200obmms20151               19800INIphpISP_obmms2015120170811173614545448<?xml version="1.0" encoding="UTF-8"?>
<INIpay>
	  <GoodsInfo>
	    <GoodsCnt>1</GoodsCnt>
	    <MOID/>
	    <Currency>WON</Currency>
	    <Tax/>
	    <TaxFree/>
	    <Goods>
	      <SMID>obmms20151</SMID>
	      <GoodsName urlencode="1">%BF%C2%B8%AE%BF%F8%B9%AE%C0%DA+-+1%B0%B3%BF%F9%B1%E2%B0%A3+</GoodsName>
	      <GoodsPrice>19800</GoodsPrice></Goods></GoodsInfo>
	  <BuyerInfo>
	    <BuyerName urlencode="1">%B1%E8%BC%F6%C1%F8</BuyerName>
	    <BuyerTel>010-9338-0355</BuyerTel>
	    <BuyerEmail urlencode="1">1pagebook%40naver.com</BuyerEmail>
	    <ParentEmail urlencode="1">1pagebook%40naver.com</ParentEmail>
	    <RecvName/>
	    <RecvTel/>
	    <RecvMsg/>
	    <RecvAddr/>
	    <RecvPostNum/></BuyerInfo>
	  <PaymentInfo>
	    <Payment>
	      <PayMethod>VCard</PayMethod>
	      <JoinCard/>
	      <JoinExpire/>
	      <MailOrder/>
	      <SessionKey>VCard</SessionKey>
	      <Encrypted urlencode="1">Version%3D4.1%26PayMethod%3DVCard%26RsaKeyNum%3D1%26EncryptionAlgorithm%3DNONE%26SignAlgorithm%3DSHA1WithRSAEncryption%26CertVer%3D39%26moid%3D11603_170811053529%26ver_trace%3Dmain%286109%2C6065%29vcard%286112%29card%286171%2C6150%29n%286009%29Cs%286025%29Dt%286002%29Pa%286002%29Cf%286025%29Fv%280000%29La%286179%29Re%286130%29Vr%286008%29P%286034%29en%286068%29%26pg1%3D211.219.96.180%26pg2%3D203.238.37.3%26pg1ip%3D211.219.96.180%26pg2ip%3D203.238.37.3%26agreeflag%3D1111%26rn%3D3%2FjEtW4BAEpd6hiA290TRpGFkOpwsg6X61oAMra0izo%3D%0D%0A%26VCode%3D040100202420331%26VQuota%3D00%26VNoint%3D0%26ip%3D192.168.219.103%26mac%3DE82AEA2D7891%26cardpoint%3D9%26custemail%3D1pagebook%40naver.com%26price%3D4uDsrkVGcEcojm3e9sgrB7OBpLxSv2re%0D%0A%26below1000%3D0%26encisp%3D0%26pgnoint%3D0%26VKBPoint%3D%26VSessionKey%3DN7cJB3uMlMIe4HD0zRcic1hhfkaSgJ6IueeqjveQxglR3%252b4c%252fL58I6%252f8GT46Vd8p%250d%250aj7cuqCx5MI520aq8xTUsR4K12UMm9JQm4bmtJDnaUPXaN99WYgGIUAA4FEUATzJR%250d%250a92ulZpqYPFpGqk3dt3vGJUS%252fv%252fV%252fINVkCTqDWLb9kj4%253d%250d%250a%26Data%3DVersion%253d1.0%2526KeyFlag%253d1%2526KeyNum%253d1%2526EncryptAlgorithm%253dSEED%252dCBC%2526SignAlgorithm%253d%2526Data%253d3Ni6lf8oDJ7SNkBlFPbMH0E5MFw%252fKI9FnjYjf1FdjKmbj%25252bn%25252bhmsfaQD%252fJe9qcVVq%25250aZ3PSWEC7sBFCLMXCww7RhHqkD7FzdrYpB0K51344CuE%25253d%25250a%2526PubCert%253d%2526PluginVer%253d5016%2526eISPVer%253d2104%26FDS_TransKey%3DAB69D454B5C24179BFA8EC0D48C706FC%26FDS_SVCType%3D010100%26FDS_CheckResult%3DT%26KCare_Code%3D%26KCare_Price%3D0%26ts%3D170811173613prkImwu2aiDBhbNDOPWz0g002671%26src_flg%3D0%26OSv%3DIE11_Win10+6.03.9600+Professional_64B+%28CDN%29+%28notray%3AJ%29+%5Bobmms20151%5D+%2861_secuni_npapi%29%26ip2%3D124.59.6.134</Encrypted></Payment></PaymentInfo>
	  <ReservedInfo>
	    <MReserved1/>
	    <MReserved2/>
	    <MReserved3/></ReservedInfo>
	  <ManageInfo>
	    <Language/>
	    <URL urlencode="1">http%3A%2F%2Fwww.obmms.net</URL>
	    <TXVersion>5036B141209securLinux     PHPchkfake   4.4.27PHP:5.5.17p1            </TXVersion>
	    <TXUserID/>
	    <TXRegNum/>
	    <Ack>1</Ack>
	    <TXRN>MjAxNzA4MTExNzM1Mjk0NjYyMTc2Mw==
</TXRN></ManageInfo></INIpay>APmJqFqYzFlH17zoHLWb0rKgWQlOmUkrUL7quTGJGSm2ttzSR+FYNba1a2Krzh3z
Ki92MBvHoUAUtAPAjgpqzlwVKA8IbCItgBy7fayVJdIRIHns5zPBO+AxoY83j2Jc
aVGN6NwbPhjsXIV1Cp3Ti6vrTpV+/x6xQqfJFwn9P/EL
]
INFO	[2017-08-11 17:36:14:56] <1689> DNS LOOKUP OK(211.219.96.180:211.219.96.180:34049) laptime:0
INFO	[2017-08-11 17:36:14:58] <1689> SOCKET CONNECT OK
INFO	[2017-08-11 17:36:14:58] <1689> SEND OK
INFO	[2017-08-11 17:36:15:416] <1689> RECV OK
INFO	[2017-08-11 17:36:15:416] <1689> MSG_FROM_PG:[0282100175D SHA1                   0                  39                  300210obmms20151               19800INIphpISP_obmms2015120170811173614545448<?xml version="1.0" encoding="UTF-8"?>
<INIpay>
  <GoodsInfo>
    <GoodsCnt>1</GoodsCnt>
    <MOID urlencode="1">11603_170811053529</MOID>
    <Currency>WON</Currency>
    <Goods no="1">
      <SMID>obmms20151</SMID>
      <GoodsName urlencode="1">%BF%C2%B8%AE%BF%F8%B9%AE%C0%DA+-+1%B0%B3%BF%F9%B1%E2%B0%A3+</GoodsName>
      <GoodsCntS>1</GoodsCntS>
      <GoodsPrice>19800</GoodsPrice>
    </Goods>
  </GoodsInfo>
  <PaymentInfo>
    <Payment>
      <SessionKey>AYgIUk35LtLu6pz9j5Ko8dsHhbjheElvr0yh/GuSpyySfB81SvLctlS1evh7tWvD
Lyuuz9Jyu9mB6XIgd1VWXxNGLrL88gqyy4iD1uJaJc+wmWAamvxqid2VBwdt02dl
/Y+EVbfoy1lQooynbLSE797zB5+UeQbcUw0NYGroe8SVIQBAEyCXa4w=
</SessionKey>
      <Encrypted>DQuhx8eyPYW60rLKx2GQtLo4oY804DBUf5SIdytVWjytORcXyrgVLyQlWRtCfXNK
UNRKXyxTEqiWWHdzcPDtFLTMF53WNn53aWOAXUZOr4Y/UFsZI5mRX6++QdM4krBG
Ta1J9ZVwtWR4FD+gFM1+ngXHpA9GfxnUuyPNjPrSltEBqmv0hwAJorcBNaydkZlb
4LNUuEN0z5ylWPsY5mqNeD/fWAiUo2y7PDVB3e7ris9YwlLQntcU5ktu/G+TVJRw
TcdZAUQPBBZknkVTRNVagNRs/tfh2LFHY9Uhl4tfjjNhdKoYH719M0XCCDtFjU+p
be7yvWA0ruG8MeXwWdLVPV5E706Mm5JQutRZ/uwXkbjwfsAOKgiMu3RH270OTpxh
YAOeM833tHHicGaRazs1glbMWjh30xrhKt4Y0z/ZhIdyT8f0Kd97Ya6GBEsRaaLA
rGUWzTgbHuxbuVgcBmhn4qAs4mgACi1PTnmfC0GApWuYG8kqK4iJbzHrR+irXmeM
WsIln0/qjU8XHqg9ApzzqDf5Zy6X9i9mgH0ABd1vcXOE6jM312Rr+mM6+2vp1okp
r99gEKXDwh6TiBtZp6YhmXx1NlqCi/ds6B/OnlruMjjBVnmCHsHx5lEsdAFNl1Wt
PbX9mM2n7VxnNGWFk/Vizw1MEhKJsZUneJqOrg6a3/aZOoRpnsSCSXi73gzPPbv4
cTBvJJzDUPsAck+mSVwYa+yJtMc7wfptefGTZBBAHM7J99CDECgL7kdf1p7cnFRr
3E7Ca/LNxiRZXqPB5RO35cYdTMUtR7+PsVHaOCNDycXvwaMomgIUAVtO0U/u0Pm+
2yQAjRdFT+0VvxDhaPqkyWGtRF/+Du3cKnhJCSkdQg8yDpdDhQlmi2A2KJHd9t4R
/vRDY0m50CshsmStC6ovdnnmJJvqtSUR+ONVBc4Ga/1u3zOY098tx26JIHQfJT8w
EFqpTUGsgxzuBGgn1ZI/MDQlBuRf7JsDUz9tlYVzpZYqpN4iefPGb4BtAzj+OaJ6
L9CTytILZolcSjetvIQdF0U/sQ3afslD8CHfPZwzcGhWRnbtmYAmnSvaVLW3GWiB
BFGIIHPFToOsic87CUVUdXBLGSKzciu9hL6Lr6h0m0bJwJ96uLti3Koyfo+m0HgN
3NQzw/l0T9tWCOb21jMaJjN83Psq50VtuI1h1jGvweZ+X27rwPG73GyhO7l1erDC
2Ce5Ruenny/lqTG0heLR6S7LQdumXPvHETyCfUjk9ffOhP+Y3h5sIUFXpoArwy6o
+7+k4QzXou1ZAJtpPAQxXe3iTFD+AWoM5S98xYao7bl0HZE1ZQqmA1PU5vrtmE//
2p0ykhPRaaPP0FZKVIxTycppoX1X6x3rP8iD3lP0KEvi5NgShIe6YRHnuS7hHq/Z
XmO2qJyY5DMqF5ZnqoRJfUu1WJ9NjnQMiZqsWyagJnGMAk5Nydyz0g==
</Encrypted>
      <PayMethod>VCard</PayMethod>
      <ResultCode>170000</ResultCode>
      <ResultMsg urlencode="1">%C1%A4%BB%F3%BF%CF%B7%E1</ResultMsg>
    </Payment>
  </PaymentInfo>
  <ManageInfo>
    <EventCode></EventCode>
    <OrgCurrency></OrgCurrency>
    <ExchangeRate></ExchangeRate>
    <OrgPrice></OrgPrice>
  </ManageInfo>
  <ReservedInfo>
    <MReserved1 urlencode="1"></MReserved1>
    <MReserved2 urlencode="1"></MReserved2>
    <MReserved3 urlencode="1"></MReserved3>
    <PGReserved1 urlencode="1"></PGReserved1>
    <PGReserved2 urlencode="1"></PGReserved2>
    <PGReserved3 urlencode="1"></PGReserved3>
  </ReservedInfo>
</INIpay>
c4xlYSht9kQ+jt7IBQBw0pddMvA9TysbmoT+BtdfxZN4j0KLh8vGSPfXu+zW+1j6
waIybPP1I/ii4ZdPcWwQE8uXaWKOH/07vpFxoIrtbZ0rLe7I0ePiFajNMcMSVlid
sIVsOrB8WONgBXFbn4mf/3QaYsmN7syA+DlWkjlGLus=
]
INFO	[2017-08-11 17:36:15:416] <1689> VERIFY OK
INFO	[2017-08-11 17:36:15:416] <1689> PARSE HEAD OK
INFO	[2017-08-11 17:36:15:417] <1689> PARSE BODY OK
INFO	[2017-08-11 17:36:15:418] <1689> DECRYPT OK
DEBUG	[2017-08-11 17:36:15:418] <1689> DECRYPT MSG:[<?xml version="1.0" encoding="UTF-8"?>
<PaymentInfo>
  <Payment>
    <EASYPAY/>
    <VCard>
      <ISP_ApplPrice>19800</ISP_ApplPrice>
      <ISP_BankCode>00</ISP_BankCode>
      <ISP_Quota>00</ISP_Quota>
      <ISP_Interest>0</ISP_Interest>
      <ISP_CardCode>11</ISP_CardCode>
      <ISP_CardNum>49022082****</ISP_CardNum>
      <ISP_Point></ISP_Point>
      <ISP_ApplDate>20170811</ISP_ApplDate>
      <ISP_ApplTime>173614</ISP_ApplTime>
      <ISP_ApplNum>52541820</ISP_ApplNum>
      <ISP_TerminalNum>019048y000</ISP_TerminalNum>
      <ISP_MemberNum></ISP_MemberNum>
      <ISP_PurchaseCode></ISP_PurchaseCode>
      <ISP_ResultCode>170000</ISP_ResultCode>
      <ISP_ResultMsg urlencode="1">%C1%A4%BB%F3%BF%CF%B7%E1</ISP_ResultMsg>
      <ISP_PrtcCode>1</ISP_PrtcCode>
      <ISP_Quota_Point>00</ISP_Quota_Point>
      <ISP_CheckFlag>0</ISP_CheckFlag>
      <ISP_PurchaseName urlencode="1"></ISP_PurchaseName>
      <ISP_IssuerName urlencode="1"></ISP_IssuerName>
      <ISP_UsePoint></ISP_UsePoint>
      <ISP_CouponOnlyMer></ISP_CouponOnlyMer>
    </VCard>
  </Payment>
</PaymentInfo>]
INFO	[2017-08-11 17:36:15:419] <1689> DECRYPT PARSE OK
INFO	[2017-08-11 17:36:15:419] <1689> WAIT ACK INVOKING
DEBUG	[2017-08-11 17:36:15:419] <1689> MAKE HEAD OK
INFO	[2017-08-11 17:36:15:421] <1689> SUCCESS ACK INVOKING
INFO	[2017-08-11 17:36:15:421] <1689> END securepay ¡§ªÛøœ∑· Laptime:[1.367sec]
INFO	[2017-08-11 17:36:15:421] <1689> ===============================================================
INFO	[2017-08-11 17:47:14:91] <15638> START INIPHP chkfake (V5036-141209)(OS:Linux4.4.27,PHP:5.5.17p1)
DEBUG	[2017-08-11 17:47:14:91] <15638> inipayhome:/home/hosting_users/ilearning3/www/inipay
DEBUG	[2017-08-11 17:47:14:91] <15638> type:chkfake
DEBUG	[2017-08-11 17:47:14:91] <15638> debug:true
DEBUG	[2017-08-11 17:47:14:91] <15638> enctype:asym
DEBUG	[2017-08-11 17:47:14:91] <15638> admin:1111
DEBUG	[2017-08-11 17:47:14:91] <15638> checkopt:false
DEBUG	[2017-08-11 17:47:14:91] <15638> mid:obmms20151
DEBUG	[2017-08-11 17:47:14:91] <15638> price:9900
DEBUG	[2017-08-11 17:47:14:91] <15638> nointerest:no
DEBUG	[2017-08-11 17:47:14:91] <15638> quotabase:ÏÑ†ÌÉù:ÏùºÏãúÎ∂à:2Í∞úÏõî:3Í∞úÏõî:6Í∞úÏõî
INFO	[2017-08-11 17:47:14:91] <15638> Check Field OK
INFO	[2017-08-11 17:47:14:91] <15638> MERCHANT PRIV KEY LOAD OK
INFO	[2017-08-11 17:47:14:91] <15638> MERCHANT PUB KEY LOAD OK []
INFO	[2017-08-11 17:47:14:92] <15638> CHKFAKE KEY MAKE OK:MjAxNzA4MTExNzQ3MTQwOTE0OTA4Ng==

INFO	[2017-08-11 17:47:14:92] <15638> END chkfake  Laptime:[0.001sec]
INFO	[2017-08-11 17:47:14:92] <15638> ===============================================================
INFO	[2017-08-11 17:47:30:465] <2210> START INIPHP chkfake (V5036-141209)(OS:Linux4.4.27,PHP:5.5.17p1)
DEBUG	[2017-08-11 17:47:30:465] <2210> inipayhome:/home/hosting_users/ilearning3/www/inipay
DEBUG	[2017-08-11 17:47:30:465] <2210> type:chkfake
DEBUG	[2017-08-11 17:47:30:465] <2210> debug:true
DEBUG	[2017-08-11 17:47:30:465] <2210> enctype:asym
DEBUG	[2017-08-11 17:47:30:465] <2210> admin:1111
DEBUG	[2017-08-11 17:47:30:465] <2210> checkopt:false
DEBUG	[2017-08-11 17:47:30:465] <2210> mid:obmms20151
DEBUG	[2017-08-11 17:47:30:465] <2210> price:9900
DEBUG	[2017-08-11 17:47:30:465] <2210> nointerest:no
DEBUG	[2017-08-11 17:47:30:465] <2210> quotabase:ÏÑ†ÌÉù:ÏùºÏãúÎ∂à:2Í∞úÏõî:3Í∞úÏõî:6Í∞úÏõî
INFO	[2017-08-11 17:47:30:465] <2210> Check Field OK
INFO	[2017-08-11 17:47:30:465] <2210> MERCHANT PRIV KEY LOAD OK
INFO	[2017-08-11 17:47:30:465] <2210> MERCHANT PUB KEY LOAD OK []
INFO	[2017-08-11 17:47:30:466] <2210> CHKFAKE KEY MAKE OK:MjAxNzA4MTExNzQ3MzA0NjY5NTUwNQ==

INFO	[2017-08-11 17:47:30:466] <2210> END chkfake  Laptime:[0.001sec]
INFO	[2017-08-11 17:47:30:466] <2210> ===============================================================
INFO	[2017-08-11 17:48:05:850] <5235> START INIPHP chkfake (V5036-141209)(OS:Linux4.4.27,PHP:5.5.17p1)
DEBUG	[2017-08-11 17:48:05:850] <5235> inipayhome:/home/hosting_users/ilearning3/www/inipay
DEBUG	[2017-08-11 17:48:05:850] <5235> type:chkfake
DEBUG	[2017-08-11 17:48:05:850] <5235> debug:true
DEBUG	[2017-08-11 17:48:05:850] <5235> enctype:asym
DEBUG	[2017-08-11 17:48:05:850] <5235> admin:1111
DEBUG	[2017-08-11 17:48:05:850] <5235> checkopt:false
DEBUG	[2017-08-11 17:48:05:850] <5235> mid:obmms20151
DEBUG	[2017-08-11 17:48:05:850] <5235> price:9900
DEBUG	[2017-08-11 17:48:05:850] <5235> nointerest:no
DEBUG	[2017-08-11 17:48:05:850] <5235> quotabase:ÏÑ†ÌÉù:ÏùºÏãúÎ∂à:2Í∞úÏõî:3Í∞úÏõî:6Í∞úÏõî
INFO	[2017-08-11 17:48:05:850] <5235> Check Field OK
INFO	[2017-08-11 17:48:05:850] <5235> MERCHANT PRIV KEY LOAD OK
INFO	[2017-08-11 17:48:05:851] <5235> MERCHANT PUB KEY LOAD OK []
INFO	[2017-08-11 17:48:05:851] <5235> CHKFAKE KEY MAKE OK:MjAxNzA4MTExNzQ4MDU4NTE5MjI2OA==

INFO	[2017-08-11 17:48:05:851] <5235> END chkfake  Laptime:[0.001sec]
INFO	[2017-08-11 17:48:05:851] <5235> ===============================================================
INFO	[2017-08-11 17:49:39:415] <3234> START INIPHP securepay (V5036-141209)(OS:Linux4.4.27,PHP:5.5.17p1)
DEBUG	[2017-08-11 17:49:39:415] <3234> inipayhome:/home/hosting_users/ilearning3/www/inipay
DEBUG	[2017-08-11 17:49:39:415] <3234> type:securepay
DEBUG	[2017-08-11 17:49:39:415] <3234> pgid:INIphpCARD
DEBUG	[2017-08-11 17:49:39:415] <3234> subpgip:203.238.3.10
DEBUG	[2017-08-11 17:49:39:415] <3234> admin:1111
DEBUG	[2017-08-11 17:49:39:415] <3234> debug:true
DEBUG	[2017-08-11 17:49:39:415] <3234> uid:
DEBUG	[2017-08-11 17:49:39:415] <3234> goodname:ø¬∏Æø¯πÆ¿⁄ - 1∞≥ø˘±‚∞£ 
DEBUG	[2017-08-11 17:49:39:415] <3234> currency:WON
DEBUG	[2017-08-11 17:49:39:415] <3234> mid:obmms20151
DEBUG	[2017-08-11 17:49:39:415] <3234> rn:MjAxNzA4MTExNzQ4MDU4NTE5MjI2OA==

DEBUG	[2017-08-11 17:49:39:415] <3234> price:9900
DEBUG	[2017-08-11 17:49:39:415] <3234> enctype:
DEBUG	[2017-08-11 17:49:39:415] <3234> buyername:±Ëºˆ¡¯
DEBUG	[2017-08-11 17:49:39:415] <3234> buyertel:010-9338-0355
DEBUG	[2017-08-11 17:49:39:415] <3234> buyeremail:1pagebook@naver.com
DEBUG	[2017-08-11 17:49:39:415] <3234> paymethod:Card
DEBUG	[2017-08-11 17:49:39:415] <3234> encrypted:Version=4.1&PayMethod=Card&RsaKeyNum=1&EncryptionAlgorithm=SEED-CBC&SignAlgorithm=RSAwithSHA1&CertVer=39&moid=11603_170811054805&ver_trace=main(6109,6065)card(6171,6150)n(6009)Cs(6025)Dt(6002)Pa(6002)Cf(6025)Fv(0000)La(6179)Re(6130)Vr(6008)P(6034)en(6068)nP(6006)&pg1=211.219.96.180&pg2=203.238.37.3&pg1ip=211.219.96.180&pg2ip=203.238.37.3&agreeflag=1111&Data=1REVd12LGQrKZZzenzsijrhIFDgo/XQQ9YBG/ppqo7rlgS+PYHB4gPwpS5FgxXhY
hoXIneOL2ExLB4aujgX+2+vpEncBVx6mG6MDLo6naf4OaCWNc4cxeV0EVdpnpIUW
xsQIZp311vYBOIN4hMRV7cr4vxKfFaatME19Hlvgjg1Rh3Ns4dQfhRW38FOvA85+
PdRVZumgO9awYsz9Xh88HPxHIfCHxk7bUmJd3Kqvhb63+KHllnnbXohVBuCUm2A8
CiUh6JFGY7LqzA0QxxAwqr9ybrI7/L6Et+KxW8QbkmTnPb45cPbDjlhILCWqnQsr
43Yd13OfvVB6awfuDko12XlG4XNA4+4z0RuydOTFQY77+zvoatjN4WKe/0bNhvxA
7tcrdtS/NM69wSrsl1xXd5IMVXR30P3drDL9io4LkiOR8pK/12zc2FfINvQ2QGMO
cWM5HrXBdavBDJ2K2ZGfGVjo4yyGf7QGXtjfQV6JQ9hJxRo4ElUXOPnexTiG2u+j
dur0rBeVb/PXESfWK7mXF+LP8YraGtQHoJePhSlqj3aWjYi2r0zRWwsVtPFyerGf
8I5AFfgSO/of78H6nSahpHfmWm8tmQ5KMb1YM1ayfRopKmh9NoQ4ILygfqg5g/vh
VYOezZLuIhyAvl45j6DgJdLPanMLz5WXnJ5VnyMRN6/hiA1SJyWbhPCQUZwLpxBp
51cp7gw2d98HFxnBUqJjBWbDk6dO6l8LsP4FJ1V9creD3z+CdfJ/XjAiwRWubsyE
vLHavHBOrrmFRFvZeaw/InECsRrBsCP2Zm1NxUpmuZlqhLud9c3YI8Tn8HIy/ZG/
nlr3g6ZfOFMt9GNbcbHMxNzahdTBaS0=
DEBUG	[2017-08-11 17:49:39:415] <3234> sessionkey:bxdyyf5Z+etSIbkiZdn9gKoeEJdQPPq6djHiZ4JTHhPkR3TEAr8h8yMMOUGzHvVh
ygj5A801Aq4BMEgO6W37Oloi85ZtK4kqhhi/nGgfbn+1syydUcyGtFlGdrbswZyp
Kgu5N7YK2MD9jrNjl00Dqixkq8WDE1MOFbj1JdRnwns=
DEBUG	[2017-08-11 17:49:39:415] <3234> url:http://www.obmms.net
DEBUG	[2017-08-11 17:49:39:415] <3234> cardcode:04
DEBUG	[2017-08-11 17:49:39:415] <3234> parentemail:1pagebook@naver.com
DEBUG	[2017-08-11 17:49:39:415] <3234> recvname:
DEBUG	[2017-08-11 17:49:39:415] <3234> recvtel:
DEBUG	[2017-08-11 17:49:39:415] <3234> recvaddr:
DEBUG	[2017-08-11 17:49:39:415] <3234> recvpostnum:
DEBUG	[2017-08-11 17:49:39:415] <3234> recvmsg:
DEBUG	[2017-08-11 17:49:39:415] <3234> joincard:
DEBUG	[2017-08-11 17:49:39:415] <3234> joinexpire:
DEBUG	[2017-08-11 17:49:39:415] <3234> id_customer:
INFO	[2017-08-11 17:49:39:415] <3234> Check Field OK
INFO	[2017-08-11 17:49:39:415] <3234> Make TID OK INIphpCARDobmms2015120170811174939155755
INFO	[2017-08-11 17:49:39:415] <3234> PI PUB KEY LOAD OK [39]
INFO	[2017-08-11 17:49:39:416] <3234> PG PUB KEY LOAD OK [30]
INFO	[2017-08-11 17:49:39:416] <3234> MERCHANT PRIV KEY LOAD OK
INFO	[2017-08-11 17:49:39:416] <3234> MERCHANT PUB KEY LOAD OK [0]
INFO	[2017-08-11 17:49:39:417] <3234> MAKE BODY OK
INFO	[2017-08-11 17:49:39:417] <3234> SIGN OK
INFO	[2017-08-11 17:49:39:417] <3234> MAKE HEAD OK
INFO	[2017-08-11 17:49:39:417] <3234> MSG_TO_PG:[0299100175R SHA1                   0                  39                  300200obmms20151                9900INIphpCARDobmms2015120170811174939155755<?xml version="1.0" encoding="UTF-8"?>
<INIpay>
	  <GoodsInfo>
	    <GoodsCnt>1</GoodsCnt>
	    <MOID/>
	    <Currency>WON</Currency>
	    <Tax/>
	    <TaxFree/>
	    <Goods>
	      <SMID>obmms20151</SMID>
	      <GoodsName urlencode="1">%BF%C2%B8%AE%BF%F8%B9%AE%C0%DA+-+1%B0%B3%BF%F9%B1%E2%B0%A3+</GoodsName>
	      <GoodsPrice>9900</GoodsPrice></Goods></GoodsInfo>
	  <BuyerInfo>
	    <BuyerName urlencode="1">%B1%E8%BC%F6%C1%F8</BuyerName>
	    <BuyerTel>010-9338-0355</BuyerTel>
	    <BuyerEmail urlencode="1">1pagebook%40naver.com</BuyerEmail>
	    <ParentEmail urlencode="1">1pagebook%40naver.com</ParentEmail>
	    <RecvName/>
	    <RecvTel/>
	    <RecvMsg/>
	    <RecvAddr/>
	    <RecvPostNum/></BuyerInfo>
	  <PaymentInfo>
	    <Payment>
	      <PayMethod>Card</PayMethod>
	      <JoinCard/>
	      <JoinExpire/>
	      <MailOrder/>
	      <SessionKey>bxdyyf5Z+etSIbkiZdn9gKoeEJdQPPq6djHiZ4JTHhPkR3TEAr8h8yMMOUGzHvVh
ygj5A801Aq4BMEgO6W37Oloi85ZtK4kqhhi/nGgfbn+1syydUcyGtFlGdrbswZyp
Kgu5N7YK2MD9jrNjl00Dqixkq8WDE1MOFbj1JdRnwns=</SessionKey>
	      <Encrypted urlencode="1">Version%3D4.1%26PayMethod%3DCard%26RsaKeyNum%3D1%26EncryptionAlgorithm%3DSEED-CBC%26SignAlgorithm%3DRSAwithSHA1%26CertVer%3D39%26moid%3D11603_170811054805%26ver_trace%3Dmain%286109%2C6065%29card%286171%2C6150%29n%286009%29Cs%286025%29Dt%286002%29Pa%286002%29Cf%286025%29Fv%280000%29La%286179%29Re%286130%29Vr%286008%29P%286034%29en%286068%29nP%286006%29%26pg1%3D211.219.96.180%26pg2%3D203.238.37.3%26pg1ip%3D211.219.96.180%26pg2ip%3D203.238.37.3%26agreeflag%3D1111%26Data%3D1REVd12LGQrKZZzenzsijrhIFDgo%2FXQQ9YBG%2Fppqo7rlgS%2BPYHB4gPwpS5FgxXhY%0D%0AhoXIneOL2ExLB4aujgX%2B2%2BvpEncBVx6mG6MDLo6naf4OaCWNc4cxeV0EVdpnpIUW%0D%0AxsQIZp311vYBOIN4hMRV7cr4vxKfFaatME19Hlvgjg1Rh3Ns4dQfhRW38FOvA85%2B%0D%0APdRVZumgO9awYsz9Xh88HPxHIfCHxk7bUmJd3Kqvhb63%2BKHllnnbXohVBuCUm2A8%0D%0ACiUh6JFGY7LqzA0QxxAwqr9ybrI7%2FL6Et%2BKxW8QbkmTnPb45cPbDjlhILCWqnQsr%0D%0A43Yd13OfvVB6awfuDko12XlG4XNA4%2B4z0RuydOTFQY77%2BzvoatjN4WKe%2F0bNhvxA%0D%0A7tcrdtS%2FNM69wSrsl1xXd5IMVXR30P3drDL9io4LkiOR8pK%2F12zc2FfINvQ2QGMO%0D%0AcWM5HrXBdavBDJ2K2ZGfGVjo4yyGf7QGXtjfQV6JQ9hJxRo4ElUXOPnexTiG2u%2Bj%0D%0Adur0rBeVb%2FPXESfWK7mXF%2BLP8YraGtQHoJePhSlqj3aWjYi2r0zRWwsVtPFyerGf%0D%0A8I5AFfgSO%2Fof78H6nSahpHfmWm8tmQ5KMb1YM1ayfRopKmh9NoQ4ILygfqg5g%2Fvh%0D%0AVYOezZLuIhyAvl45j6DgJdLPanMLz5WXnJ5VnyMRN6%2FhiA1SJyWbhPCQUZwLpxBp%0D%0A51cp7gw2d98HFxnBUqJjBWbDk6dO6l8LsP4FJ1V9creD3z%2BCdfJ%2FXjAiwRWubsyE%0D%0AvLHavHBOrrmFRFvZeaw%2FInECsRrBsCP2Zm1NxUpmuZlqhLud9c3YI8Tn8HIy%2FZG%2F%0D%0Anlr3g6ZfOFMt9GNbcbHMxNzahdTBaS0%3D</Encrypted></Payment></PaymentInfo>
	  <ReservedInfo>
	    <MReserved1/>
	    <MReserved2/>
	    <MReserved3/></ReservedInfo>
	  <ManageInfo>
	    <Language/>
	    <URL urlencode="1">http%3A%2F%2Fwww.obmms.net</URL>
	    <TXVersion>5036B141209securLinux     PHPchkfake   4.4.27PHP:5.5.17p1            </TXVersion>
	    <TXUserID/>
	    <TXRegNum/>
	    <Ack>1</Ack>
	    <TXRN>MjAxNzA4MTExNzQ4MDU4NTE5MjI2OA==
</TXRN></ManageInfo></INIpay>AKfnbmFUKP1csTWy+kiVQSgUF/i+5cPOMKJ4iNDC/REIIbhgLckcd+seua2jkI5W
38+0UgqcWisvHqNSG6+NK2uklksfXwJU3xSwmTtqTFnilVASIgeKpu3W3wqwZphH
CdyArRWcLeK+IxGtbmjs/3ltCJhfXvybgViLlCWKWlMw
]
INFO	[2017-08-11 17:49:39:417] <3234> DNS LOOKUP OK(211.219.96.180:211.219.96.180:34049) laptime:0
INFO	[2017-08-11 17:49:39:419] <3234> SOCKET CONNECT OK
INFO	[2017-08-11 17:49:39:419] <3234> SEND OK
INFO	[2017-08-11 17:49:40:123] <3234> RECV OK
INFO	[2017-08-11 17:49:40:123] <3234> MSG_FROM_PG:[0314300175D SHA1                   0                  39                  300210obmms20151                9900INIphpCARDobmms2015120170811174939155755<?xml version="1.0" encoding="UTF-8"?>
<INIpay>
  <GoodsInfo>
    <GoodsCnt>1</GoodsCnt>
    <MOID urlencode="1">11603_170811054805</MOID>
    <Currency>WON</Currency>
    <Goods no="1">
      <SMID>obmms20151</SMID>
      <GoodsName urlencode="1">%BF%C2%B8%AE%BF%F8%B9%AE%C0%DA+-+1%B0%B3%BF%F9%B1%E2%B0%A3+</GoodsName>
      <GoodsCntS>1</GoodsCntS>
      <GoodsPrice>9900</GoodsPrice>
    </Goods>
  </GoodsInfo>
  <PaymentInfo>
    <Payment>
      <SessionKey>AQdA7YFXwrDSwdD1Rm+3uNzuZKnJGhB3MPIYI3CNknWuK8IiQWFHL4InuFfUL0c6
5VJQ3DxnZ0F0ycfbBw9WES3eJNAAghc+UtTZbZfblg32xv1rR3EwvQ5hcmVu7M/e
Nlv4txrKMXUy+fbxKSeDPb4BFwZ2MUxbGFqiy9tUc0nu6lK7Es81Aq0=
</SessionKey>
      <Encrypted>wutV0TYZ+MjLIRandyrSkf+UZZxq5DUv34aR2cd9dTNVfRUzjqNDpxmOi9qi1dnC
lHloCWmkmCRFNvLY5QcELfwV4g7Q/TT5RmnyB0LBkfHBpzXi9+EJue9oMGKZ83Sc
CZ3EiiAIcPto+NFQnGmqbOsEtwU/mhamjGltrpwxA5+uF8fDXLSJQISy16vxZVY4
xmI8dix4c3aQQ+M5Wq+QWr40CcWnUnI3OC/nMeVGPfJ6gBDjhgpzneJWrd2MpuDl
9HKtc9Okb8QB3tNevaklGSuYvZhF7QSISIh4/tadotZTtXCRW7Z88E911EAGvTPa
drCUwDU+7SZ8XcC5a2QK4quFceviBu4sL8Y/PxkKkeGnSFVef036FBqNYyl/lSoD
4pyMlsu2qYlNKAEJF7IrvMPKa6rVV5cWQwfA99SFv4deLC2nu79yTlzJUM+l9aSf
7Zua9le23+Vg2tZB6o1jkFdeAmhlxBn6ipSk1szjlSV4q4xqfCj12f2rvEaS+tSu
5ozC9Mc+FQDQpaZeXLfhQUbVENRd+GCQVqLb+iXrxs/L5ZJapXNw/F3w0cq0yUj4
dwlCXAknXpCcQlFH8SrR+RzsiO8VNdgc2t4J9MDX7nFY7zr4VPBijZoSWpc+MDwK
u0FBfOS3Pb2Rsxq19YjKG5XQF9UbEvuCfsy4DSZ25fmzrt2XxOaZiPUJJAtaD33s
LcucqcUmHxOZUw95xBoOhdURhIVN5HQm9sIovARSXioYIFCnWIQOtzySkh5pO4mu
QEmgMvq7nr1Iq2v70VGrC4VbU8s6GYOWWTb+CRQMctpIdRe/V0rCBlsS1ndiJ/R2
AUK4gSYarnzlSx9OOX6IO/fYzsjEaavSAI4lBRmnSC7KMN7llubuiGWJZLMfvRn8
A4m69d7TNEVN9kSWgsd/wpsnX2OBj46wHuLdOi64lBDoVU0ZsimREhHIHa3DJWRH
M6XoeMBtm9nPTXNRyJGnv0VUU0fHgiITaXhJl+exJJHgfAslMfcmpmuhp+QGHXSy
7LvoWeHUcJABMUvWAz88nSrJ6kYcHrcipAlV2WVz4L3GFpkLLczrInyK4LgUB5R5
DExXU2XYnbpPTExim7kaBZGh+GhjFC3d7EBtR1h60sHRR92u1T2m9JFmHCv4WYKI
h5H8LwtuBPncQtP8hrgIE/nxyf16/Z3lphgkuB5vnPbRLJeBYudlcWhzoWQwg4r0
ij35oS4o0E/Q04XXu+rL38akoq0E5wtP42pPtkcw836W8vzM4rSFMOEeZtw8YmZR
EhkvL+RBMR/JqOatWrgP12MLlxZjmfFogFMDxbmSk9QhXE5ztQFyGvl/7pZUO47F
D7yWvpAB1Bh1E0tbWe5+TrmgOvSV7oGRHBeI710146RGJzHvS8nt5axFLCNrCApk
GEf+sJJkcIWnWttLsHjfKKLalKJVONnskDdDV0jVn+jmad8oi+1aNomzZuwR/hmC
nOB0g80rxus41qge/MjQjM7BED3ozWmw5KJQe0Rfm1rdQxRBkk9B7tqyoaNWEokn
wyIXIWWiKvXUTCvzL7Kp/bCXfOZcbqVONzm4RS82y7pLqHYkUBJ+K26c5Z1H/XIR
TnpKnh1bNMA/RYCwTZFXPJ8MJSmaCbz5RuBqMpljImkvsnOErTnXuVNygKEuoeuh
t/6P7/OBDfHHkKUjhPd5GUyQ+z6/zxjIU+3IVN0V0zWYtaFomc8rwuOgUmWfr46Y
Qlassbrbp3K/d2mQLKcMvw==
</Encrypted>
      <PayMethod>Card</PayMethod>
      <ResultCode>120000</ResultCode>
      <ResultMsg urlencode="1">%C1%A4%BB%F3%C3%B3%B8%AE%B5%C7%BE%FA%BD%C0%B4%CF%B4%D9.</ResultMsg>
    </Payment>
  </PaymentInfo>
  <ManageInfo>
    <EventCode></EventCode>
    <OrgCurrency></OrgCurrency>
    <ExchangeRate></ExchangeRate>
    <OrgPrice></OrgPrice>
  </ManageInfo>
  <ReservedInfo>
    <MReserved1 urlencode="1"></MReserved1>
    <MReserved2 urlencode="1"></MReserved2>
    <MReserved3 urlencode="1"></MReserved3>
    <PGReserved1 urlencode="1"></PGReserved1>
    <PGReserved2 urlencode="1"></PGReserved2>
    <PGReserved3 urlencode="1"></PGReserved3>
  </ReservedInfo>
</INIpay>
u80dYi5vbtUM0N2dbKlwH9gKZ5KjNOJSlxMgzLcgsGaquZgCW2jbLO5GhAQlviMY
y8a5EzHim1yaNdmFvJIVSw5wxfps7lzVLFVZ9kSPbBDCcDUz2218Ry0TNdw5EJ07
F4XhGMR4LT2nXmR1PEn424xW5wSbWaEmVy7u/VRAMhY=
]
INFO	[2017-08-11 17:49:40:123] <3234> VERIFY OK
INFO	[2017-08-11 17:49:40:123] <3234> PARSE HEAD OK
INFO	[2017-08-11 17:49:40:125] <3234> PARSE BODY OK
INFO	[2017-08-11 17:49:40:127] <3234> DECRYPT OK
DEBUG	[2017-08-11 17:49:40:127] <3234> DECRYPT MSG:[<?xml version="1.0" encoding="UTF-8"?>
<PaymentInfo>
  <Payment>
    <EASYPAY/>
    <Card>
      <CARD_ApplPrice>9900</CARD_ApplPrice>
      <CARD_Num>433028862194</CARD_Num>
      <CARD_Expire></CARD_Expire>
      <CARD_Code>04</CARD_Code>
      <CARD_BankCode>00</CARD_BankCode>
      <CARD_Quota>00</CARD_Quota>
      <CARD_Interest>0</CARD_Interest>
      <CARD_Point></CARD_Point>
      <CARD_AuthType>99</CARD_AuthType>
      <CARD_RegNum></CARD_RegNum>
      <CARD_ApplDate>20170811</CARD_ApplDate>
      <CARD_ApplTime>174940</CARD_ApplTime>
      <CARD_ApplNum>00746972</CARD_ApplNum>
      <CARD_TerminalNum>019048y000</CARD_TerminalNum>
      <CARD_MemberNum></CARD_MemberNum>
      <CARD_PurchaseCode></CARD_PurchaseCode>
      <CARD_ResultCode>120000</CARD_ResultCode>
      <CARD_ResultMsg urlencode="1">%C1%A4%BB%F3%C3%B3%B8%AE%B5%C7%BE%FA%BD%C0%B4%CF%B4%D9.</CARD_ResultMsg>
      <CARD_PrtcCode>1</CARD_PrtcCode>
      <CARD_Quota_Point>00</CARD_Quota_Point>
      <CARD_CheckFlag>0</CARD_CheckFlag>
      <CARD_PurchaseName urlencode="1"></CARD_PurchaseName>
      <CARD_IssuerName urlencode="1"></CARD_IssuerName>
      <CARD_JoinUsePoint></CARD_JoinUsePoint>
      <CARD_UsePoint></CARD_UsePoint>
      <CARD_CouponOnlyMer></CARD_CouponOnlyMer>
    </Card>
  </Payment>
</PaymentInfo>]
INFO	[2017-08-11 17:49:40:128] <3234> DECRYPT PARSE OK
INFO	[2017-08-11 17:49:40:128] <3234> WAIT ACK INVOKING
DEBUG	[2017-08-11 17:49:40:128] <3234> MAKE HEAD OK
INFO	[2017-08-11 17:49:40:129] <3234> SUCCESS ACK INVOKING
INFO	[2017-08-11 17:49:40:129] <3234> END securepay ¡§ªÛ√≥∏Æµ«æ˙Ω¿¥œ¥Ÿ. Laptime:[0.715sec]
INFO	[2017-08-11 17:49:40:130] <3234> ===============================================================
INFO	[2017-08-11 17:53:57:287] <17688> START INIPHP chkfake (V5036-141209)(OS:Linux4.4.27,PHP:5.5.17p1)
DEBUG	[2017-08-11 17:53:57:287] <17688> inipayhome:/home/hosting_users/ilearning3/www/inipay
DEBUG	[2017-08-11 17:53:57:287] <17688> type:chkfake
DEBUG	[2017-08-11 17:53:57:287] <17688> debug:true
DEBUG	[2017-08-11 17:53:57:287] <17688> enctype:asym
DEBUG	[2017-08-11 17:53:57:287] <17688> admin:1111
DEBUG	[2017-08-11 17:53:57:287] <17688> checkopt:false
DEBUG	[2017-08-11 17:53:57:287] <17688> mid:obmms20151
DEBUG	[2017-08-11 17:53:57:287] <17688> price:9900
DEBUG	[2017-08-11 17:53:57:287] <17688> nointerest:no
DEBUG	[2017-08-11 17:53:57:287] <17688> quotabase:ÏÑ†ÌÉù:ÏùºÏãúÎ∂à:2Í∞úÏõî:3Í∞úÏõî:6Í∞úÏõî
INFO	[2017-08-11 17:53:57:287] <17688> Check Field OK
INFO	[2017-08-11 17:53:57:287] <17688> MERCHANT PRIV KEY LOAD OK
INFO	[2017-08-11 17:53:57:287] <17688> MERCHANT PUB KEY LOAD OK []
INFO	[2017-08-11 17:53:57:288] <17688> CHKFAKE KEY MAKE OK:MjAxNzA4MTExNzUzNTcyODc4MzU0OQ==

INFO	[2017-08-11 17:53:57:288] <17688> END chkfake  Laptime:[0.001sec]
INFO	[2017-08-11 17:53:57:288] <17688> ===============================================================
INFO	[2017-08-11 17:54:43:239] <17717> START INIPHP securepay (V5036-141209)(OS:Linux4.4.27,PHP:5.5.17p1)
DEBUG	[2017-08-11 17:54:43:239] <17717> inipayhome:/home/hosting_users/ilearning3/www/inipay
DEBUG	[2017-08-11 17:54:43:239] <17717> type:securepay
DEBUG	[2017-08-11 17:54:43:239] <17717> pgid:INIphpCARD
DEBUG	[2017-08-11 17:54:43:239] <17717> subpgip:203.238.3.10
DEBUG	[2017-08-11 17:54:43:239] <17717> admin:1111
DEBUG	[2017-08-11 17:54:43:239] <17717> debug:true
DEBUG	[2017-08-11 17:54:43:239] <17717> uid:
DEBUG	[2017-08-11 17:54:43:239] <17717> goodname:ø¬∏Æø¯πÆ¿⁄ - 1∞≥ø˘±‚∞£ 
DEBUG	[2017-08-11 17:54:43:239] <17717> currency:WON
DEBUG	[2017-08-11 17:54:43:239] <17717> mid:obmms20151
DEBUG	[2017-08-11 17:54:43:239] <17717> rn:MjAxNzA4MTExNzUzNTcyODc4MzU0OQ==

DEBUG	[2017-08-11 17:54:43:239] <17717> price:9900
DEBUG	[2017-08-11 17:54:43:239] <17717> enctype:
DEBUG	[2017-08-11 17:54:43:239] <17717> buyername:±Ëºˆ¡¯
DEBUG	[2017-08-11 17:54:43:239] <17717> buyertel:010-9338-0355
DEBUG	[2017-08-11 17:54:43:239] <17717> buyeremail:1pagebook@naver.com
DEBUG	[2017-08-11 17:54:43:239] <17717> paymethod:Card
DEBUG	[2017-08-11 17:54:43:239] <17717> encrypted:Version=4.1&PayMethod=Card&RsaKeyNum=1&EncryptionAlgorithm=SEED-CBC&SignAlgorithm=RSAwithSHA1&CertVer=39&moid=11603_170811055357&ver_trace=main(6109,6065)card(6171,6150)n(6009)Cs(6025)Dt(6002)Pa(6002)Cf(6025)Fv(0000)La(6179)Re(6130)Vr(6008)P(6034)en(6068)nP(6006)&pg1=211.219.96.180&pg2=203.238.37.3&pg1ip=211.219.96.180&pg2ip=203.238.37.3&agreeflag=1111&Data=UoSp0FPYMUwwFywAj9MHvc+z+AztU2VlfTEwhC4BnYqtLWRF2OQUYzgSay22SqB5
Pi9BtCw81uGM36E7ePykHeI7HcoCtFzDGAG6oppjtCbv0X2AsTDZ3OK6mlTkQZTl
SMvb4b6XfaCRFguUONrLKVPlNPSRL4TIpohm+Xvy6UYGQv/L85NSxFsZTRqLZjtL
eErfyMn9L1aAW7Z6K+2D5hlz4iwpFf+tjt8Cv/W4s4XWYRkpfzXU8P3ZAcmfNfEt
0CD91hbsPGW3wWiPFwD3qWXNQSGEoEcnJc4BBj0iWpqnhGqR2ne5UMW9nCbBAwrH
RtxL70nL4jRhKYcEJGKmvHQRMJTBY6e0M7j2U7fOfJWTGq8z8UcKnf3AhaY+ppbq
U4qBIj9pRWxf4GQlX1aAWCfs8Q6iEDT3oPQKC6U2qPagiecs7vOvYAPjQgSYFgiJ
OaNMqGedykxnRIZdcjrosBklmBJzawQ5euYFP3RAWJdpKl3Z7rFP9jtQDnRZyRaV
Cze0fDQ4tgAInRFzzWt6NY696awxFjZvPsAloduas4oTB5j1NpLrvfiH4Oo7PHCD
M5hVElLYh07ykk42sIAArehbe9D70R6lQnvHve+uGXmAi77jKkxztrsIPCZyN6xy
xNia4tVE4nlaG2CCTCxRxTzstm6qmulQcXe2jeOA8hg0/1TjKFTTyIGNDZLc/c6j
SYk6FAX75ywFm8jgjfRIPQDbvS1hW3YqJtT4V0onko584FmfWRfHUcZd1pEqp5QY
RaJ+i9YyrGIuQ7qY8oSvdwg5D49N0vv+LbXFKMwiIw9NkNHQ4whE/bxCtens8Rib
EAYrff473PZOvwZzADWNOoXbqRh/PXM=
DEBUG	[2017-08-11 17:54:43:239] <17717> sessionkey:pDYjpBz42q4AJpP4CDmfxPJS4oXseVFgc2wEOqb4hYrXssy3kQgQJg3xwjnuAi4u
IJfq0LgJ352ePmrOX8bgcUeXOoNgB7JhakdCcZlZdM6rrFGuwRCzrVW1ks96vpud
YPF0jTKMguaPuaK3ugcyytEjraHSL6qtC4+S4hS+TRA=
DEBUG	[2017-08-11 17:54:43:239] <17717> url:http://www.obmms.net
DEBUG	[2017-08-11 17:54:43:239] <17717> cardcode:04
DEBUG	[2017-08-11 17:54:43:239] <17717> parentemail:1pagebook@naver.com
DEBUG	[2017-08-11 17:54:43:239] <17717> recvname:
DEBUG	[2017-08-11 17:54:43:239] <17717> recvtel:
DEBUG	[2017-08-11 17:54:43:239] <17717> recvaddr:
DEBUG	[2017-08-11 17:54:43:239] <17717> recvpostnum:
DEBUG	[2017-08-11 17:54:43:239] <17717> recvmsg:
DEBUG	[2017-08-11 17:54:43:239] <17717> joincard:
DEBUG	[2017-08-11 17:54:43:239] <17717> joinexpire:
DEBUG	[2017-08-11 17:54:43:239] <17717> id_customer:
INFO	[2017-08-11 17:54:43:239] <17717> Check Field OK
INFO	[2017-08-11 17:54:43:239] <17717> Make TID OK INIphpCARDobmms2015120170811175443391928
INFO	[2017-08-11 17:54:43:239] <17717> PI PUB KEY LOAD OK [39]
INFO	[2017-08-11 17:54:43:240] <17717> PG PUB KEY LOAD OK [30]
INFO	[2017-08-11 17:54:43:240] <17717> MERCHANT PRIV KEY LOAD OK
INFO	[2017-08-11 17:54:43:240] <17717> MERCHANT PUB KEY LOAD OK [0]
INFO	[2017-08-11 17:54:43:241] <17717> MAKE BODY OK
INFO	[2017-08-11 17:54:43:241] <17717> SIGN OK
INFO	[2017-08-11 17:54:43:241] <17717> MAKE HEAD OK
INFO	[2017-08-11 17:54:43:241] <17717> MSG_TO_PG:[0297100175R SHA1                   0                  39                  300200obmms20151                9900INIphpCARDobmms2015120170811175443391928<?xml version="1.0" encoding="UTF-8"?>
<INIpay>
	  <GoodsInfo>
	    <GoodsCnt>1</GoodsCnt>
	    <MOID/>
	    <Currency>WON</Currency>
	    <Tax/>
	    <TaxFree/>
	    <Goods>
	      <SMID>obmms20151</SMID>
	      <GoodsName urlencode="1">%BF%C2%B8%AE%BF%F8%B9%AE%C0%DA+-+1%B0%B3%BF%F9%B1%E2%B0%A3+</GoodsName>
	      <GoodsPrice>9900</GoodsPrice></Goods></GoodsInfo>
	  <BuyerInfo>
	    <BuyerName urlencode="1">%B1%E8%BC%F6%C1%F8</BuyerName>
	    <BuyerTel>010-9338-0355</BuyerTel>
	    <BuyerEmail urlencode="1">1pagebook%40naver.com</BuyerEmail>
	    <ParentEmail urlencode="1">1pagebook%40naver.com</ParentEmail>
	    <RecvName/>
	    <RecvTel/>
	    <RecvMsg/>
	    <RecvAddr/>
	    <RecvPostNum/></BuyerInfo>
	  <PaymentInfo>
	    <Payment>
	      <PayMethod>Card</PayMethod>
	      <JoinCard/>
	      <JoinExpire/>
	      <MailOrder/>
	      <SessionKey>pDYjpBz42q4AJpP4CDmfxPJS4oXseVFgc2wEOqb4hYrXssy3kQgQJg3xwjnuAi4u
IJfq0LgJ352ePmrOX8bgcUeXOoNgB7JhakdCcZlZdM6rrFGuwRCzrVW1ks96vpud
YPF0jTKMguaPuaK3ugcyytEjraHSL6qtC4+S4hS+TRA=</SessionKey>
	      <Encrypted urlencode="1">Version%3D4.1%26PayMethod%3DCard%26RsaKeyNum%3D1%26EncryptionAlgorithm%3DSEED-CBC%26SignAlgorithm%3DRSAwithSHA1%26CertVer%3D39%26moid%3D11603_170811055357%26ver_trace%3Dmain%286109%2C6065%29card%286171%2C6150%29n%286009%29Cs%286025%29Dt%286002%29Pa%286002%29Cf%286025%29Fv%280000%29La%286179%29Re%286130%29Vr%286008%29P%286034%29en%286068%29nP%286006%29%26pg1%3D211.219.96.180%26pg2%3D203.238.37.3%26pg1ip%3D211.219.96.180%26pg2ip%3D203.238.37.3%26agreeflag%3D1111%26Data%3DUoSp0FPYMUwwFywAj9MHvc%2Bz%2BAztU2VlfTEwhC4BnYqtLWRF2OQUYzgSay22SqB5%0D%0APi9BtCw81uGM36E7ePykHeI7HcoCtFzDGAG6oppjtCbv0X2AsTDZ3OK6mlTkQZTl%0D%0ASMvb4b6XfaCRFguUONrLKVPlNPSRL4TIpohm%2BXvy6UYGQv%2FL85NSxFsZTRqLZjtL%0D%0AeErfyMn9L1aAW7Z6K%2B2D5hlz4iwpFf%2Btjt8Cv%2FW4s4XWYRkpfzXU8P3ZAcmfNfEt%0D%0A0CD91hbsPGW3wWiPFwD3qWXNQSGEoEcnJc4BBj0iWpqnhGqR2ne5UMW9nCbBAwrH%0D%0ARtxL70nL4jRhKYcEJGKmvHQRMJTBY6e0M7j2U7fOfJWTGq8z8UcKnf3AhaY%2Bppbq%0D%0AU4qBIj9pRWxf4GQlX1aAWCfs8Q6iEDT3oPQKC6U2qPagiecs7vOvYAPjQgSYFgiJ%0D%0AOaNMqGedykxnRIZdcjrosBklmBJzawQ5euYFP3RAWJdpKl3Z7rFP9jtQDnRZyRaV%0D%0ACze0fDQ4tgAInRFzzWt6NY696awxFjZvPsAloduas4oTB5j1NpLrvfiH4Oo7PHCD%0D%0AM5hVElLYh07ykk42sIAArehbe9D70R6lQnvHve%2BuGXmAi77jKkxztrsIPCZyN6xy%0D%0AxNia4tVE4nlaG2CCTCxRxTzstm6qmulQcXe2jeOA8hg0%2F1TjKFTTyIGNDZLc%2Fc6j%0D%0ASYk6FAX75ywFm8jgjfRIPQDbvS1hW3YqJtT4V0onko584FmfWRfHUcZd1pEqp5QY%0D%0ARaJ%2Bi9YyrGIuQ7qY8oSvdwg5D49N0vv%2BLbXFKMwiIw9NkNHQ4whE%2FbxCtens8Rib%0D%0AEAYrff473PZOvwZzADWNOoXbqRh%2FPXM%3D</Encrypted></Payment></PaymentInfo>
	  <ReservedInfo>
	    <MReserved1/>
	    <MReserved2/>
	    <MReserved3/></ReservedInfo>
	  <ManageInfo>
	    <Language/>
	    <URL urlencode="1">http%3A%2F%2Fwww.obmms.net</URL>
	    <TXVersion>5036B141209securLinux     PHPchkfake   4.4.27PHP:5.5.17p1            </TXVersion>
	    <TXUserID/>
	    <TXRegNum/>
	    <Ack>1</Ack>
	    <TXRN>MjAxNzA4MTExNzUzNTcyODc4MzU0OQ==
</TXRN></ManageInfo></INIpay>ALdVyiMqD8NrgCcejcLWdZwpP1rpQKvidiqMWdeAJcBVKJF1i9PmmSaYNh2JMK3t
T02Pi5FAY5UaGZ/BcUxNJGPtJEyG9FtupIpBYwJX7lbt2La82luMf2JNwmsv0sm/
WyZQ4mmEZy2pDhEn/fT/rjp2mdbnqLpet/6txFQoTELI
]
INFO	[2017-08-11 17:54:43:242] <17717> DNS LOOKUP OK(211.219.96.180:211.219.96.180:34049) laptime:0
INFO	[2017-08-11 17:54:43:243] <17717> SOCKET CONNECT OK
INFO	[2017-08-11 17:54:43:243] <17717> SEND OK
INFO	[2017-08-11 17:54:44:67] <17717> RECV OK
INFO	[2017-08-11 17:54:44:67] <17717> MSG_FROM_PG:[0314300175D SHA1                   0                  39                  300210obmms20151                9900INIphpCARDobmms2015120170811175443391928<?xml version="1.0" encoding="UTF-8"?>
<INIpay>
  <GoodsInfo>
    <GoodsCnt>1</GoodsCnt>
    <MOID urlencode="1">11603_170811055357</MOID>
    <Currency>WON</Currency>
    <Goods no="1">
      <SMID>obmms20151</SMID>
      <GoodsName urlencode="1">%BF%C2%B8%AE%BF%F8%B9%AE%C0%DA+-+1%B0%B3%BF%F9%B1%E2%B0%A3+</GoodsName>
      <GoodsCntS>1</GoodsCntS>
      <GoodsPrice>9900</GoodsPrice>
    </Goods>
  </GoodsInfo>
  <PaymentInfo>
    <Payment>
      <SessionKey>AG05NqJ3wOcIWy7/D7g6iohlQgechQoZfzDSvI5sL9BLWkxZV4pE+kPNYOdtE4Cw
T7Ytq8Ld37ulthC/aciy4oRlAbQ8aX/pQlJ0pakA98zeezOgcc6Imp3icUsAojoJ
cX8MUs1SbxDu8QzWwTsJwv+Z00cu5WI7dLiUo6Mwi27HmnW3N23b5bM=
</SessionKey>
      <Encrypted>1WUdX10K1xxOaMTaGhn2Xrb2eCQ6lSwSSavDmQRbORxDGQHWhQzk3E9VpWvDYkxv
mCpPPmLQo0e/EC93oomuqWpoasuS2GZUsavetdzq037eUr9crvuCcqWNt77j7BhE
USJlKCYF2qfj55xdbCne62O+PTEbIhZISHwlhYhfHkSimatyd+9zeoPhV+RBKGa5
rpIN0fxBHkdtQ52rCZEc8fbHivjmec6fXsb2U2/LIqf+rsZdjO4cy9fMDuvnuqvj
odzT1BL6rgRrR9IWc1n5VvSMsj9nTZtOQLtXX1LrSx7HPv1kSzm94AWcQPWetY0z
fKgw4W5gEE6/Rj+uF8Z3w3D+K57FwXZzydU/zQhC7ntOrNRyXBKB+bNbZ+COnaA7
zLdYatCxxr0OiiGUDEH7OZ8Fx9mMbBj3H1+ZwRySAp6WWW/y2wGT9wPImY0ySFoX
lK9QMlKGCN+3PZOu3+ZBZ83oKFL2bB416xZotR3srU9mKtZipwgavY78O7HYR9Ro
X6quF06sPAPTsREgzzYbAzsc91Fcjpj0DGq7JhJVLv1PqdDqdlJPCwIVBSo6XWka
p1w1vbnua88MOMBGus0OzdT0AAAbw2ffYTVUTdOYnNISLwGOR4uJN2tDHFJu6PGv
PJPuppVDbdyHG9J1y1pvfF6CvyGWmyngq7mvlTHiagd3obfABw4FnVD9FEY6or3z
WyAddEQVbhKpAkjrtkIKRknjs7JgmYQoo3ppprdJphO3ZHP1iB29g1gFsyIU3bEq
nZDl4P/rQIh0jiPw0HgwEqkzLmcsdqA/M2iQK/UiuRE3fW2Rx0m0tqlT3AniDYqY
hRn8nD0pK9FzYH6SJOrLGbTOLsQmDDAAFRsc2SV0yJ2GRBtzsHzSn+FQf5RfqiI/
+jUCfnWAKzHefzCGoD2fcxV6doEfJG8AkgCVaNa1S/Og3GBLUI00UzLXpnsalz8F
SAZEMv3LDd7cA7nqJFIQAGORXiYtiAbsiDo8rUx2hCsPk47cEmpy/L045mH9pGkF
3HUWDUd4BQ8QdlkLjTLgcrM5yWJcYzjfVnGDtV3l7zgNz5sakO4YJEggeI63CrJE
NGI5r1YUemN7hwMY7d8WYzveq6IPibp12/v2/tuyiDnd3mBtslmbW0h6D0Xhux8d
TlX0Pm5R504ggqDgqMfhTUqC88i6qLHiLw8YA1+QHAu1xmYPAnmtMMbSYpJ7UYEq
qwxUXU/e041gmR51xO+wIiGZ5buLFCgXsA1VNfoQPjlq+3ePS0mNJY25d/Gb555+
iIy27svVfD4/7bq6K7Iqpww9rF+/K8mTGzPfTDtJt/fx8N6yrcwzeSMkvgsycfoM
3Od9GHZg/c6ZP37KQIYgySsmib9+G9U3aqqH4VQwBXUBSRdQ8aBsIZtQphI1Mb3K
lgYJzNJXJFVMXk2Cwj18NCw5MaGZepeFx16RQgxbk7qgXtbRNimdpMGaz7pr6pUZ
wyU4+y805B/CJddZTMJVmLIEq2YS72PzYJ8Mq157RgcpQkc7kp66malnl3herI1X
9hKVc5FyE+2vc6Pua9Es1jW9c7Q/QfwoX41ICxYRQrdrt9utU8UeUYhRCgHvh1nt
EZDEjUpodEUI/pcbnr5hPlI4TSeptL8qMRqj6ZqHNiuQwFNrTYzM3gmgawp/jJEd
yEKLx+hymYt2DfVqgnfv+bnaNIdV07lQhf69PUuVQ3M0B4SiLV7zoQfyZnBByHqN
eHRMHatYG31o6dlT2WhGHQ==
</Encrypted>
      <PayMethod>Card</PayMethod>
      <ResultCode>120000</ResultCode>
      <ResultMsg urlencode="1">%C1%A4%BB%F3%C3%B3%B8%AE%B5%C7%BE%FA%BD%C0%B4%CF%B4%D9.</ResultMsg>
    </Payment>
  </PaymentInfo>
  <ManageInfo>
    <EventCode></EventCode>
    <OrgCurrency></OrgCurrency>
    <ExchangeRate></ExchangeRate>
    <OrgPrice></OrgPrice>
  </ManageInfo>
  <ReservedInfo>
    <MReserved1 urlencode="1"></MReserved1>
    <MReserved2 urlencode="1"></MReserved2>
    <MReserved3 urlencode="1"></MReserved3>
    <PGReserved1 urlencode="1"></PGReserved1>
    <PGReserved2 urlencode="1"></PGReserved2>
    <PGReserved3 urlencode="1"></PGReserved3>
  </ReservedInfo>
</INIpay>
g01AFl0yIMfQRGvKidxThJgCozsdDsnmCYTw4aWVqs/1c3eoQvOrDAHbab4y/nIZ
sjKC3pMKGCw6u8668oFuhC2scaTSo1M4M1xaKnVacjQcXQhbrUnYHPvbFFYNmIqq
ysqb1Gckw8aE8CE8wINAh0D1qgaFV9D+MHwnacaezSw=
]
INFO	[2017-08-11 17:54:44:67] <17717> VERIFY OK
INFO	[2017-08-11 17:54:44:67] <17717> PARSE HEAD OK
INFO	[2017-08-11 17:54:44:68] <17717> PARSE BODY OK
INFO	[2017-08-11 17:54:44:69] <17717> DECRYPT OK
DEBUG	[2017-08-11 17:54:44:69] <17717> DECRYPT MSG:[<?xml version="1.0" encoding="UTF-8"?>
<PaymentInfo>
  <Payment>
    <EASYPAY/>
    <Card>
      <CARD_ApplPrice>9900</CARD_ApplPrice>
      <CARD_Num>433028862194</CARD_Num>
      <CARD_Expire></CARD_Expire>
      <CARD_Code>04</CARD_Code>
      <CARD_BankCode>00</CARD_BankCode>
      <CARD_Quota>00</CARD_Quota>
      <CARD_Interest>0</CARD_Interest>
      <CARD_Point></CARD_Point>
      <CARD_AuthType>99</CARD_AuthType>
      <CARD_RegNum></CARD_RegNum>
      <CARD_ApplDate>20170811</CARD_ApplDate>
      <CARD_ApplTime>175443</CARD_ApplTime>
      <CARD_ApplNum>00293073</CARD_ApplNum>
      <CARD_TerminalNum>019048y000</CARD_TerminalNum>
      <CARD_MemberNum></CARD_MemberNum>
      <CARD_PurchaseCode></CARD_PurchaseCode>
      <CARD_ResultCode>120000</CARD_ResultCode>
      <CARD_ResultMsg urlencode="1">%C1%A4%BB%F3%C3%B3%B8%AE%B5%C7%BE%FA%BD%C0%B4%CF%B4%D9.</CARD_ResultMsg>
      <CARD_PrtcCode>1</CARD_PrtcCode>
      <CARD_Quota_Point>00</CARD_Quota_Point>
      <CARD_CheckFlag>0</CARD_CheckFlag>
      <CARD_PurchaseName urlencode="1"></CARD_PurchaseName>
      <CARD_IssuerName urlencode="1"></CARD_IssuerName>
      <CARD_JoinUsePoint></CARD_JoinUsePoint>
      <CARD_UsePoint></CARD_UsePoint>
      <CARD_CouponOnlyMer></CARD_CouponOnlyMer>
    </Card>
  </Payment>
</PaymentInfo>]
INFO	[2017-08-11 17:54:44:70] <17717> DECRYPT PARSE OK
INFO	[2017-08-11 17:54:44:71] <17717> WAIT ACK INVOKING
DEBUG	[2017-08-11 17:54:44:71] <17717> MAKE HEAD OK
INFO	[2017-08-11 17:54:44:72] <17717> SUCCESS ACK INVOKING
INFO	[2017-08-11 17:54:44:72] <17717> END securepay ¡§ªÛ√≥∏Æµ«æ˙Ω¿¥œ¥Ÿ. Laptime:[0.833sec]
INFO	[2017-08-11 17:54:44:72] <17717> ===============================================================
INFO	[2017-08-11 17:56:00:763] <1433> START INIPHP chkfake (V5036-141209)(OS:Linux4.4.27,PHP:5.5.17p1)
DEBUG	[2017-08-11 17:56:00:763] <1433> inipayhome:/home/hosting_users/ilearning3/www/inipay
DEBUG	[2017-08-11 17:56:00:763] <1433> type:chkfake
DEBUG	[2017-08-11 17:56:00:763] <1433> debug:true
DEBUG	[2017-08-11 17:56:00:763] <1433> enctype:asym
DEBUG	[2017-08-11 17:56:00:763] <1433> admin:1111
DEBUG	[2017-08-11 17:56:00:763] <1433> checkopt:false
DEBUG	[2017-08-11 17:56:00:763] <1433> mid:obmms20151
DEBUG	[2017-08-11 17:56:00:763] <1433> price:29700
DEBUG	[2017-08-11 17:56:00:763] <1433> nointerest:no
DEBUG	[2017-08-11 17:56:00:763] <1433> quotabase:ÏÑ†ÌÉù:ÏùºÏãúÎ∂à:2Í∞úÏõî:3Í∞úÏõî:6Í∞úÏõî
INFO	[2017-08-11 17:56:00:763] <1433> Check Field OK
INFO	[2017-08-11 17:56:00:763] <1433> MERCHANT PRIV KEY LOAD OK
INFO	[2017-08-11 17:56:00:763] <1433> MERCHANT PUB KEY LOAD OK []
INFO	[2017-08-11 17:56:00:764] <1433> CHKFAKE KEY MAKE OK:MjAxNzA4MTExNzU2MDA3NjMyMDg5Mw==

INFO	[2017-08-11 17:56:00:764] <1433> END chkfake  Laptime:[0.001sec]
INFO	[2017-08-11 17:56:00:764] <1433> ===============================================================
INFO	[2017-08-11 17:57:15:273] <1433> START INIPHP securepay (V5036-141209)(OS:Linux4.4.27,PHP:5.5.17p1)
DEBUG	[2017-08-11 17:57:15:273] <1433> inipayhome:/home/hosting_users/ilearning3/www/inipay
DEBUG	[2017-08-11 17:57:15:273] <1433> type:securepay
DEBUG	[2017-08-11 17:57:15:273] <1433> pgid:INIphpISP_
DEBUG	[2017-08-11 17:57:15:273] <1433> subpgip:203.238.3.10
DEBUG	[2017-08-11 17:57:15:273] <1433> admin:1111
DEBUG	[2017-08-11 17:57:15:273] <1433> debug:true
DEBUG	[2017-08-11 17:57:15:273] <1433> uid:
DEBUG	[2017-08-11 17:57:15:273] <1433> goodname:ø¬∏Æø¯πÆ¿⁄ - 1∞≥ø˘±‚∞£ 
DEBUG	[2017-08-11 17:57:15:273] <1433> currency:WON
DEBUG	[2017-08-11 17:57:15:273] <1433> mid:obmms20151
DEBUG	[2017-08-11 17:57:15:273] <1433> rn:MjAxNzA4MTExNzU2MDA3NjMyMDg5Mw==

DEBUG	[2017-08-11 17:57:15:273] <1433> price:29700
DEBUG	[2017-08-11 17:57:15:273] <1433> enctype:
DEBUG	[2017-08-11 17:57:15:273] <1433> buyername:±Ëºˆ¡¯
DEBUG	[2017-08-11 17:57:15:273] <1433> buyertel:010-9338-0355
DEBUG	[2017-08-11 17:57:15:273] <1433> buyeremail:1pagebook@naver.com
DEBUG	[2017-08-11 17:57:15:273] <1433> paymethod:VCard
DEBUG	[2017-08-11 17:57:15:273] <1433> encrypted:Version=4.1&PayMethod=VCard&RsaKeyNum=1&EncryptionAlgorithm=NONE&SignAlgorithm=SHA1WithRSAEncryption&CertVer=39&moid=11603_170811055600&ver_trace=main(6109,6065)vcard(6112)card(6171,6150)n(6009)Cs(6025)Dt(6002)Pa(6002)Cf(6025)Fv(0000)La(6179)Re(6130)Vr(6008)P(6034)en(6068)&pg1=211.219.96.180&pg2=203.238.37.3&pg1ip=211.219.96.180&pg2ip=203.238.37.3&agreeflag=1111&rn=3/jEtW4BAEpd6hiA290LRZGruulwshqX60oENba0izo=
&VCode=040100202420331&VQuota=00&VNoint=0&ip=192.168.219.103&mac=E82AEA2D7891&cardpoint=9&custemail=1pagebook@naver.com&price=4uDsrkVGc0cnjm3e9sgrB7OBpLxSv2re
&below1000=0&encisp=0&pgnoint=0&VKBPoint=&VSessionKey=KhbzvFAL%2bTyWgSQVhOVtvP4Yw9DCgEd0r0CKFNZhiizwsq%2fcuKPEVS09T0Bm6Lzf%0d%0aSIRvo2F1yppjWKj0GzJ6ir4WFgRs2z7cJ9Gl2rmd968ow8BXl6NfBkdO3IOamddN%0d%0acYnvoa6XPiYehcbAmoS2tYCEDEA5cRSzwY6qc2iCFI8%3d%0d%0a&Data=Version%3d1.0%26KeyFlag%3d1%26KeyNum%3d1%26EncryptAlgorithm%3dSEED%2dCBC%26SignAlgorithm%3d%26Data%3df9NyMU13FDxhhWERDlC1FbrvdEMz7vvoKi37L7ruRbKFwFBfNdCe7aKedzg5ikHG%250aBg3CjqXoj6eFFISYi28d5MPl3IniyPdxds%2fRjdDwrZ0%253d%250a%26PubCert%3d%26PluginVer%3d5016%26eISPVer%3d2104&FDS_TransKey=DE0F70087C61463fAE1BFE9F81221D2D&FDS_SVCType=010100&FDS_CheckResult=T&KCare_Code=&KCare_Price=0&ts=170811175714lwN67mL1zZAPUcPc4KP99w002788&src_flg=0&OSv=IE11_Win10 6.03.9600 Professional_64B (CDN) (notray:J) [obmms20151] (61_secuni_npapi)&ip2=124.59.6.134
DEBUG	[2017-08-11 17:57:15:273] <1433> sessionkey:VCard
DEBUG	[2017-08-11 17:57:15:273] <1433> url:http://www.obmms.net
DEBUG	[2017-08-11 17:57:15:273] <1433> cardcode:11
DEBUG	[2017-08-11 17:57:15:273] <1433> parentemail:1pagebook@naver.com
DEBUG	[2017-08-11 17:57:15:273] <1433> recvname:
DEBUG	[2017-08-11 17:57:15:273] <1433> recvtel:
DEBUG	[2017-08-11 17:57:15:273] <1433> recvaddr:
DEBUG	[2017-08-11 17:57:15:273] <1433> recvpostnum:
DEBUG	[2017-08-11 17:57:15:273] <1433> recvmsg:
DEBUG	[2017-08-11 17:57:15:273] <1433> joincard:
DEBUG	[2017-08-11 17:57:15:273] <1433> joinexpire:
DEBUG	[2017-08-11 17:57:15:273] <1433> id_customer:
INFO	[2017-08-11 17:57:15:273] <1433> Check Field OK
INFO	[2017-08-11 17:57:15:273] <1433> Make TID OK INIphpISP_obmms2015120170811175715738984
INFO	[2017-08-11 17:57:15:273] <1433> PI PUB KEY LOAD OK [39]
INFO	[2017-08-11 17:57:15:273] <1433> PG PUB KEY LOAD OK [30]
INFO	[2017-08-11 17:57:15:273] <1433> MERCHANT PRIV KEY LOAD OK
INFO	[2017-08-11 17:57:15:273] <1433> MERCHANT PUB KEY LOAD OK [0]
INFO	[2017-08-11 17:57:15:274] <1433> MAKE BODY OK
INFO	[2017-08-11 17:57:15:275] <1433> SIGN OK
INFO	[2017-08-11 17:57:15:275] <1433> MAKE HEAD OK
INFO	[2017-08-11 17:57:15:275] <1433> MSG_TO_PG:[0302800175R SHA1                   0                  39                  300200obmms20151               29700INIphpISP_obmms2015120170811175715738984<?xml version="1.0" encoding="UTF-8"?>
<INIpay>
	  <GoodsInfo>
	    <GoodsCnt>1</GoodsCnt>
	    <MOID/>
	    <Currency>WON</Currency>
	    <Tax/>
	    <TaxFree/>
	    <Goods>
	      <SMID>obmms20151</SMID>
	      <GoodsName urlencode="1">%BF%C2%B8%AE%BF%F8%B9%AE%C0%DA+-+1%B0%B3%BF%F9%B1%E2%B0%A3+</GoodsName>
	      <GoodsPrice>29700</GoodsPrice></Goods></GoodsInfo>
	  <BuyerInfo>
	    <BuyerName urlencode="1">%B1%E8%BC%F6%C1%F8</BuyerName>
	    <BuyerTel>010-9338-0355</BuyerTel>
	    <BuyerEmail urlencode="1">1pagebook%40naver.com</BuyerEmail>
	    <ParentEmail urlencode="1">1pagebook%40naver.com</ParentEmail>
	    <RecvName/>
	    <RecvTel/>
	    <RecvMsg/>
	    <RecvAddr/>
	    <RecvPostNum/></BuyerInfo>
	  <PaymentInfo>
	    <Payment>
	      <PayMethod>VCard</PayMethod>
	      <JoinCard/>
	      <JoinExpire/>
	      <MailOrder/>
	      <SessionKey>VCard</SessionKey>
	      <Encrypted urlencode="1">Version%3D4.1%26PayMethod%3DVCard%26RsaKeyNum%3D1%26EncryptionAlgorithm%3DNONE%26SignAlgorithm%3DSHA1WithRSAEncryption%26CertVer%3D39%26moid%3D11603_170811055600%26ver_trace%3Dmain%286109%2C6065%29vcard%286112%29card%286171%2C6150%29n%286009%29Cs%286025%29Dt%286002%29Pa%286002%29Cf%286025%29Fv%280000%29La%286179%29Re%286130%29Vr%286008%29P%286034%29en%286068%29%26pg1%3D211.219.96.180%26pg2%3D203.238.37.3%26pg1ip%3D211.219.96.180%26pg2ip%3D203.238.37.3%26agreeflag%3D1111%26rn%3D3%2FjEtW4BAEpd6hiA290LRZGruulwshqX60oENba0izo%3D%0D%0A%26VCode%3D040100202420331%26VQuota%3D00%26VNoint%3D0%26ip%3D192.168.219.103%26mac%3DE82AEA2D7891%26cardpoint%3D9%26custemail%3D1pagebook%40naver.com%26price%3D4uDsrkVGc0cnjm3e9sgrB7OBpLxSv2re%0D%0A%26below1000%3D0%26encisp%3D0%26pgnoint%3D0%26VKBPoint%3D%26VSessionKey%3DKhbzvFAL%252bTyWgSQVhOVtvP4Yw9DCgEd0r0CKFNZhiizwsq%252fcuKPEVS09T0Bm6Lzf%250d%250aSIRvo2F1yppjWKj0GzJ6ir4WFgRs2z7cJ9Gl2rmd968ow8BXl6NfBkdO3IOamddN%250d%250acYnvoa6XPiYehcbAmoS2tYCEDEA5cRSzwY6qc2iCFI8%253d%250d%250a%26Data%3DVersion%253d1.0%2526KeyFlag%253d1%2526KeyNum%253d1%2526EncryptAlgorithm%253dSEED%252dCBC%2526SignAlgorithm%253d%2526Data%253df9NyMU13FDxhhWERDlC1FbrvdEMz7vvoKi37L7ruRbKFwFBfNdCe7aKedzg5ikHG%25250aBg3CjqXoj6eFFISYi28d5MPl3IniyPdxds%252fRjdDwrZ0%25253d%25250a%2526PubCert%253d%2526PluginVer%253d5016%2526eISPVer%253d2104%26FDS_TransKey%3DDE0F70087C61463fAE1BFE9F81221D2D%26FDS_SVCType%3D010100%26FDS_CheckResult%3DT%26KCare_Code%3D%26KCare_Price%3D0%26ts%3D170811175714lwN67mL1zZAPUcPc4KP99w002788%26src_flg%3D0%26OSv%3DIE11_Win10+6.03.9600+Professional_64B+%28CDN%29+%28notray%3AJ%29+%5Bobmms20151%5D+%2861_secuni_npapi%29%26ip2%3D124.59.6.134</Encrypted></Payment></PaymentInfo>
	  <ReservedInfo>
	    <MReserved1/>
	    <MReserved2/>
	    <MReserved3/></ReservedInfo>
	  <ManageInfo>
	    <Language/>
	    <URL urlencode="1">http%3A%2F%2Fwww.obmms.net</URL>
	    <TXVersion>5036B141209securLinux     PHPchkfake   4.4.27PHP:5.5.17p1            </TXVersion>
	    <TXUserID/>
	    <TXRegNum/>
	    <Ack>1</Ack>
	    <TXRN>MjAxNzA4MTExNzU2MDA3NjMyMDg5Mw==
</TXRN></ManageInfo></INIpay>AHg8dOcRITt3PQY1QfIGyRq94S77vf46QW9DHd/3oIOZrowt/sZOXg2E3R0wgEFL
jjvWqUHvq7+utn5lltDU+I+7MJv2IkZ1TEm/vyVYLNk+mCEaYCEjsBBLMlUdFzFp
wgPjydKfmMn+/1ZYH/hg0wgOBLL0zytSywcIW4s9vcal
]
INFO	[2017-08-11 17:57:15:275] <1433> DNS LOOKUP OK(211.219.96.180:211.219.96.180:34049) laptime:0
INFO	[2017-08-11 17:57:15:276] <1433> SOCKET CONNECT OK
INFO	[2017-08-11 17:57:15:276] <1433> SEND OK
INFO	[2017-08-11 17:57:16:705] <1433> RECV OK
INFO	[2017-08-11 17:57:16:705] <1433> MSG_FROM_PG:[0282100175D SHA1                   0                  39                  300210obmms20151               29700INIphpISP_obmms2015120170811175715738984<?xml version="1.0" encoding="UTF-8"?>
<INIpay>
  <GoodsInfo>
    <GoodsCnt>1</GoodsCnt>
    <MOID urlencode="1">11603_170811055600</MOID>
    <Currency>WON</Currency>
    <Goods no="1">
      <SMID>obmms20151</SMID>
      <GoodsName urlencode="1">%BF%C2%B8%AE%BF%F8%B9%AE%C0%DA+-+1%B0%B3%BF%F9%B1%E2%B0%A3+</GoodsName>
      <GoodsCntS>1</GoodsCntS>
      <GoodsPrice>29700</GoodsPrice>
    </Goods>
  </GoodsInfo>
  <PaymentInfo>
    <Payment>
      <SessionKey>AECp6kbNkR1BF3bri3aALJYrayBl4MsudO3WctNalumU2N4/A/hUWgyjB5bM2mGX
xMSK3VrOPsXTKx11S3vcgeEFcnIkKzp+sZIDsYJ155EU1s0uYKzQmafU3m7RzMUQ
9GjHdHpflYuDTYXQrK4iTY9P16eaGcgxc6FVda0N1+nAovXroybNy50=
</SessionKey>
      <Encrypted>QyKtmpJKGEvP6zCPBTpOCBHi0o4UFw19jjpGsVPHfqc/4zoFvLPlPHuaeVWUgWgy
nieBslaRdcO33Gw61TZjzXAHlap86Yv0ZyPTORiroM/RdRHGuA7X3VFiHagZybNm
2bOEnFSL+GkdKF5HYld61b3f4tvlk5rClpih7Lnr7NJBf7b+t7qknH+//v7p+cmH
WWXddBO5bVjOFTFt6T2N8RCH/mH8/ZMOkn1u7qwTrzKTueffeMp3kF1OA6zACZai
wWn4GQ0EupQdYzunbUP16TurppwLdh8Bt/EFEIkNxneiJAPyJDixLzKnNDkxYj2j
2z56DykZ4Vd0+5TNO9pThTOWjDPTiM8BGNT5mWuDTgGugsA1TqlAj5y71WIF65K3
X1UqDUCfjZZRC9Zu8Xaod0EhNd0zgxHvi4DdbNFf1xTGjWnNWCtglnc+y2MvP/TM
i8xROdqZsewJ4Xk2hKzIS8Q3FoOWUSGU35PIGpxBOyhTXvkeAlO3jRME1i70jl6o
smpP6cOUJe4moQZAc/vfXVARuArYAdfIGQmTn0coQflB7mHHd80y9SQ9wtfLrwf+
Ph08Zk1BhxsHUwZ/zXwd4b3K6qeMxZrpRQ6IHNMgkl9Gns2OCjj/6a+wn/qH9vAz
FedOS9I18I7QZNbhr1JRlTfYJVCaEDpfNqmynvPa6WVxlyHVAdo1AWy1Uumt6dlw
jiRv0P2HztbFADkrtyw5V7DBY/7sW0wOl1Z2GkjVpx4MYMQYJBxCme6/gB/Z+Ete
DPKqsYzr74YATcNTnrt8FMd3ssRSQBDZBJDbBwIqesX+9TGezuzhprP0l6FZl1jl
ROL2nPK6TFEFeWkSMgcnc8GgG2yXafMIwoILsQ2ocP/e9Poa/h2okcTwmZvG/rM2
8Q/+MxCQjAjv0p4btPHtb8h5YWPooUMY4TkJyGKyE9pz4kxxj6UDHDxFmAKA+SYU
L6mLyA/TCzBr/WlYj8guKGMiGps1h85l8AYIde4E9GG/r2d1+nyx5Q1FZxGDh+Ts
UzcgF1f0U++wQtcSvGEJ8q0CnZHRxMexK/CXk3Kj9LgmzGBB/iwW42BjrRIynG7G
v+FPLnek0XoeKf9PHjyRaPK4r1cjYdd53gAmQfNgL+eb1KEI0OfIYKysar0URmWV
GWF2THX5Ztgl279jwb/w0GGuU6b+FFUa1TlD5DPZMPA5RyPHf8pLioM+Mdt7RYkV
krXQetgSr0VoS7VxIOht9GdgdwrQ2UaEFQVp2D5B0DPG6VRmKvVQDAZk6uNDbDQX
N+VUaJq3hwCVU7wrs38pY9UlsLD+ZUUmg9RXROBkermjQ9R4cGM/z9wwOO0CBl7l
k/JCKq3mWnwHLA6r6vNJwgczFb68h424lSatvhU9AN5+FUtmUoChwQjk13kArEyv
op+ZVR4qyRxHazfE4mbb9Ou2D8oAGiLW4oB4U/0AwJE0wqlrdOIZHw==
</Encrypted>
      <PayMethod>VCard</PayMethod>
      <ResultCode>170000</ResultCode>
      <ResultMsg urlencode="1">%C1%A4%BB%F3%BF%CF%B7%E1</ResultMsg>
    </Payment>
  </PaymentInfo>
  <ManageInfo>
    <EventCode></EventCode>
    <OrgCurrency></OrgCurrency>
    <ExchangeRate></ExchangeRate>
    <OrgPrice></OrgPrice>
  </ManageInfo>
  <ReservedInfo>
    <MReserved1 urlencode="1"></MReserved1>
    <MReserved2 urlencode="1"></MReserved2>
    <MReserved3 urlencode="1"></MReserved3>
    <PGReserved1 urlencode="1"></PGReserved1>
    <PGReserved2 urlencode="1"></PGReserved2>
    <PGReserved3 urlencode="1"></PGReserved3>
  </ReservedInfo>
</INIpay>
jPBynHNUS4R2Vxp2imDXkZt6UCHRHqZvtgjHGta0G1WtxeDjqXLI2UuVW2scBi2Y
orNPqdVMhMKz27u7xqYN31gaRTbw5xfLbn2RzQaXApSqQvZDMk0ys31HhLFfFb7j
OxGYlJ6Xj+HDW06URsQba+4l/uSoLRbsreTXLIuV33w=
]
INFO	[2017-08-11 17:57:16:705] <1433> VERIFY OK
INFO	[2017-08-11 17:57:16:705] <1433> PARSE HEAD OK
INFO	[2017-08-11 17:57:16:706] <1433> PARSE BODY OK
INFO	[2017-08-11 17:57:16:707] <1433> DECRYPT OK
DEBUG	[2017-08-11 17:57:16:707] <1433> DECRYPT MSG:[<?xml version="1.0" encoding="UTF-8"?>
<PaymentInfo>
  <Payment>
    <EASYPAY/>
    <VCard>
      <ISP_ApplPrice>29700</ISP_ApplPrice>
      <ISP_BankCode>00</ISP_BankCode>
      <ISP_Quota>00</ISP_Quota>
      <ISP_Interest>0</ISP_Interest>
      <ISP_CardCode>11</ISP_CardCode>
      <ISP_CardNum>49022082****</ISP_CardNum>
      <ISP_Point></ISP_Point>
      <ISP_ApplDate>20170811</ISP_ApplDate>
      <ISP_ApplTime>175715</ISP_ApplTime>
      <ISP_ApplNum>52652507</ISP_ApplNum>
      <ISP_TerminalNum>019048y000</ISP_TerminalNum>
      <ISP_MemberNum></ISP_MemberNum>
      <ISP_PurchaseCode></ISP_PurchaseCode>
      <ISP_ResultCode>170000</ISP_ResultCode>
      <ISP_ResultMsg urlencode="1">%C1%A4%BB%F3%BF%CF%B7%E1</ISP_ResultMsg>
      <ISP_PrtcCode>1</ISP_PrtcCode>
      <ISP_Quota_Point>00</ISP_Quota_Point>
      <ISP_CheckFlag>0</ISP_CheckFlag>
      <ISP_PurchaseName urlencode="1"></ISP_PurchaseName>
      <ISP_IssuerName urlencode="1"></ISP_IssuerName>
      <ISP_UsePoint></ISP_UsePoint>
      <ISP_CouponOnlyMer></ISP_CouponOnlyMer>
    </VCard>
  </Payment>
</PaymentInfo>]
INFO	[2017-08-11 17:57:16:708] <1433> DECRYPT PARSE OK
INFO	[2017-08-11 17:57:16:708] <1433> WAIT ACK INVOKING
DEBUG	[2017-08-11 17:57:16:708] <1433> MAKE HEAD OK
INFO	[2017-08-11 17:57:16:710] <1433> SUCCESS ACK INVOKING
INFO	[2017-08-11 17:57:16:710] <1433> END securepay ¡§ªÛøœ∑· Laptime:[1.438sec]
INFO	[2017-08-11 17:57:16:710] <1433> ===============================================================
