INFO	[2019-12-04 18:14:50:681] <3402> START INIPHP chkfake (V5036-141209)(OS:Linux2.6.18-274.3.1.el5,PHP:5.2.9)
DEBUG	[2019-12-04 18:14:50:697] <3402> inipayhome:/home/ilearning3/www/inipay
DEBUG	[2019-12-04 18:14:50:697] <3402> type:chkfake
DEBUG	[2019-12-04 18:14:50:697] <3402> debug:true
DEBUG	[2019-12-04 18:14:50:697] <3402> enctype:asym
DEBUG	[2019-12-04 18:14:50:697] <3402> admin:1111
DEBUG	[2019-12-04 18:14:50:697] <3402> checkopt:false
DEBUG	[2019-12-04 18:14:50:697] <3402> mid:obmms20151
DEBUG	[2019-12-04 18:14:50:697] <3402> price:550000
DEBUG	[2019-12-04 18:14:50:697] <3402> nointerest:no
DEBUG	[2019-12-04 18:14:50:697] <3402> quotabase:일시불:2개월:3개월:6개월:12개월
INFO	[2019-12-04 18:14:50:697] <3402> Check Field OK
INFO	[2019-12-04 18:14:50:731] <3402> MERCHANT PRIV KEY LOAD OK
INFO	[2019-12-04 18:14:50:761] <3402> MERCHANT PUB KEY LOAD OK []
INFO	[2019-12-04 18:14:50:777] <3402> CHKFAKE KEY MAKE OK:MjAxOTEyMDQxODE0NTA3NjE3NzM1NA==

INFO	[2019-12-04 18:14:50:777] <3402> END chkfake  Laptime:[0.1sec]
INFO	[2019-12-04 18:14:50:777] <3402> ===============================================================
INFO	[2019-12-04 18:17:33:679] <7171> START INIPHP chkfake (V5036-141209)(OS:Linux2.6.18-274.3.1.el5,PHP:5.2.9)
DEBUG	[2019-12-04 18:17:33:679] <7171> inipayhome:/home/ilearning3/www/inipay
DEBUG	[2019-12-04 18:17:33:679] <7171> type:chkfake
DEBUG	[2019-12-04 18:17:33:679] <7171> debug:true
DEBUG	[2019-12-04 18:17:33:679] <7171> enctype:asym
DEBUG	[2019-12-04 18:17:33:679] <7171> admin:1111
DEBUG	[2019-12-04 18:17:33:679] <7171> checkopt:false
DEBUG	[2019-12-04 18:17:33:679] <7171> mid:obmms20151
DEBUG	[2019-12-04 18:17:33:679] <7171> price:550000
DEBUG	[2019-12-04 18:17:33:679] <7171> nointerest:no
DEBUG	[2019-12-04 18:17:33:679] <7171> quotabase:일시불:2개월:3개월:6개월:12개월
INFO	[2019-12-04 18:17:33:679] <7171> Check Field OK
INFO	[2019-12-04 18:17:33:679] <7171> MERCHANT PRIV KEY LOAD OK
INFO	[2019-12-04 18:17:33:680] <7171> MERCHANT PUB KEY LOAD OK []
INFO	[2019-12-04 18:17:33:682] <7171> CHKFAKE KEY MAKE OK:MjAxOTEyMDQxODE3MzM2ODAxNTI3Nw==

INFO	[2019-12-04 18:17:33:682] <7171> END chkfake  Laptime:[0sec]
INFO	[2019-12-04 18:17:33:682] <7171> ===============================================================
