INFO	[2019-12-27 15:47:21:863] <31087> START INIPHP chkfake (V5036-141209)(OS:Linux2.6.18-274.3.1.el5,PHP:5.2.9)
DEBUG	[2019-12-27 15:47:21:877] <31087> inipayhome:/home/ilearning3/www/inipay
DEBUG	[2019-12-27 15:47:21:877] <31087> type:chkfake
DEBUG	[2019-12-27 15:47:21:877] <31087> debug:true
DEBUG	[2019-12-27 15:47:21:877] <31087> enctype:asym
DEBUG	[2019-12-27 15:47:21:877] <31087> admin:1111
DEBUG	[2019-12-27 15:47:21:877] <31087> checkopt:false
DEBUG	[2019-12-27 15:47:21:877] <31087> mid:obmms20151
DEBUG	[2019-12-27 15:47:21:877] <31087> price:11000
DEBUG	[2019-12-27 15:47:21:877] <31087> nointerest:no
DEBUG	[2019-12-27 15:47:21:877] <31087> quotabase:일시불:2개월:3개월:6개월:12개월
INFO	[2019-12-27 15:47:21:877] <31087> Check Field OK
INFO	[2019-12-27 15:47:21:912] <31087> MERCHANT PRIV KEY LOAD OK
INFO	[2019-12-27 15:47:21:941] <31087> MERCHANT PUB KEY LOAD OK []
INFO	[2019-12-27 15:47:21:958] <31087> CHKFAKE KEY MAKE OK:MjAxOTEyMjcxNTQ3MjE5NDIyMzI2Mw==

INFO	[2019-12-27 15:47:21:958] <31087> END chkfake  Laptime:[0.11sec]
INFO	[2019-12-27 15:47:21:958] <31087> ===============================================================
INFO	[2019-12-27 15:49:29:520] <22742> START INIPHP chkfake (V5036-141209)(OS:Linux2.6.18-274.3.1.el5,PHP:5.2.9)
DEBUG	[2019-12-27 15:49:29:520] <22742> inipayhome:/home/ilearning3/www/inipay
DEBUG	[2019-12-27 15:49:29:520] <22742> type:chkfake
DEBUG	[2019-12-27 15:49:29:520] <22742> debug:true
DEBUG	[2019-12-27 15:49:29:520] <22742> enctype:asym
DEBUG	[2019-12-27 15:49:29:520] <22742> admin:1111
DEBUG	[2019-12-27 15:49:29:520] <22742> checkopt:false
DEBUG	[2019-12-27 15:49:29:520] <22742> mid:obmms20151
DEBUG	[2019-12-27 15:49:29:520] <22742> price:11000
DEBUG	[2019-12-27 15:49:29:520] <22742> nointerest:no
DEBUG	[2019-12-27 15:49:29:520] <22742> quotabase:일시불:2개월:3개월:6개월:12개월
INFO	[2019-12-27 15:49:29:520] <22742> Check Field OK
INFO	[2019-12-27 15:49:29:520] <22742> MERCHANT PRIV KEY LOAD OK
INFO	[2019-12-27 15:49:29:521] <22742> MERCHANT PUB KEY LOAD OK []
INFO	[2019-12-27 15:49:29:522] <22742> CHKFAKE KEY MAKE OK:MjAxOTEyMjcxNTQ5Mjk1MjE1NTEyNA==

INFO	[2019-12-27 15:49:29:522] <22742> END chkfake  Laptime:[0sec]
INFO	[2019-12-27 15:49:29:522] <22742> ===============================================================
