INFO	[2019-04-28 17:31:31:248] <18905> START INIPHP chkfake (V5036-141209)(OS:Linux2.6.18-274.3.1.el5,PHP:5.2.9)
DEBUG	[2019-04-28 17:31:31:248] <18905> inipayhome:/home/ilearning3/www/inipay
DEBUG	[2019-04-28 17:31:31:248] <18905> type:chkfake
DEBUG	[2019-04-28 17:31:31:248] <18905> debug:true
DEBUG	[2019-04-28 17:31:31:248] <18905> enctype:asym
DEBUG	[2019-04-28 17:31:31:248] <18905> admin:1111
DEBUG	[2019-04-28 17:31:31:248] <18905> checkopt:false
DEBUG	[2019-04-28 17:31:31:248] <18905> mid:obmms20151
DEBUG	[2019-04-28 17:31:31:248] <18905> price:22000
DEBUG	[2019-04-28 17:31:31:248] <18905> nointerest:no
DEBUG	[2019-04-28 17:31:31:248] <18905> quotabase:일시불
INFO	[2019-04-28 17:31:31:248] <18905> Check Field OK
INFO	[2019-04-28 17:31:31:253] <18905> MERCHANT PRIV KEY LOAD OK
INFO	[2019-04-28 17:31:31:256] <18905> MERCHANT PUB KEY LOAD OK []
INFO	[2019-04-28 17:31:31:259] <18905> CHKFAKE KEY MAKE OK:MjAxOTA0MjgxNzMxMzEyNTY1MTgxOQ==

INFO	[2019-04-28 17:31:31:259] <18905> END chkfake  Laptime:[0.01sec]
INFO	[2019-04-28 17:31:31:259] <18905> ===============================================================
INFO	[2019-04-28 17:34:51:446] <399> START INIPHP chkfake (V5036-141209)(OS:Linux2.6.18-274.3.1.el5,PHP:5.2.9)
DEBUG	[2019-04-28 17:34:51:446] <399> inipayhome:/home/ilearning3/www/inipay
DEBUG	[2019-04-28 17:34:51:446] <399> type:chkfake
DEBUG	[2019-04-28 17:34:51:446] <399> debug:true
DEBUG	[2019-04-28 17:34:51:446] <399> enctype:asym
DEBUG	[2019-04-28 17:34:51:446] <399> admin:1111
DEBUG	[2019-04-28 17:34:51:446] <399> checkopt:false
DEBUG	[2019-04-28 17:34:51:446] <399> mid:obmms20151
DEBUG	[2019-04-28 17:34:51:446] <399> price:22000
DEBUG	[2019-04-28 17:34:51:446] <399> nointerest:no
DEBUG	[2019-04-28 17:34:51:446] <399> quotabase:일시불
INFO	[2019-04-28 17:34:51:446] <399> Check Field OK
INFO	[2019-04-28 17:34:51:447] <399> MERCHANT PRIV KEY LOAD OK
INFO	[2019-04-28 17:34:51:447] <399> MERCHANT PUB KEY LOAD OK []
INFO	[2019-04-28 17:34:51:448] <399> CHKFAKE KEY MAKE OK:MjAxOTA0MjgxNzM0NTE0NDc1NjU5Ng==

INFO	[2019-04-28 17:34:51:448] <399> END chkfake  Laptime:[0sec]
INFO	[2019-04-28 17:34:51:448] <399> ===============================================================
INFO	[2019-04-28 17:49:52:982] <9507> START INIPHP chkfake (V5036-141209)(OS:Linux2.6.18-274.3.1.el5,PHP:5.2.9)
DEBUG	[2019-04-28 17:49:52:982] <9507> inipayhome:/home/ilearning3/www/inipay
DEBUG	[2019-04-28 17:49:52:982] <9507> type:chkfake
DEBUG	[2019-04-28 17:49:52:982] <9507> debug:true
DEBUG	[2019-04-28 17:49:52:982] <9507> enctype:asym
DEBUG	[2019-04-28 17:49:52:982] <9507> admin:1111
DEBUG	[2019-04-28 17:49:52:982] <9507> checkopt:false
DEBUG	[2019-04-28 17:49:52:982] <9507> mid:obmms20151
DEBUG	[2019-04-28 17:49:52:982] <9507> price:22000
DEBUG	[2019-04-28 17:49:52:982] <9507> nointerest:no
DEBUG	[2019-04-28 17:49:52:982] <9507> quotabase:일시불
INFO	[2019-04-28 17:49:52:982] <9507> Check Field OK
INFO	[2019-04-28 17:49:52:982] <9507> MERCHANT PRIV KEY LOAD OK
INFO	[2019-04-28 17:49:52:983] <9507> MERCHANT PUB KEY LOAD OK []
INFO	[2019-04-28 17:49:52:985] <9507> CHKFAKE KEY MAKE OK:MjAxOTA0MjgxNzQ5NTI5ODM0MTczNg==

INFO	[2019-04-28 17:49:52:985] <9507> END chkfake  Laptime:[0.01sec]
INFO	[2019-04-28 17:49:52:985] <9507> ===============================================================
INFO	[2019-04-28 17:51:33:158] <9535> START INIPHP chkfake (V5036-141209)(OS:Linux2.6.18-274.3.1.el5,PHP:5.2.9)
DEBUG	[2019-04-28 17:51:33:158] <9535> inipayhome:/home/ilearning3/www/inipay
DEBUG	[2019-04-28 17:51:33:158] <9535> type:chkfake
DEBUG	[2019-04-28 17:51:33:158] <9535> debug:true
DEBUG	[2019-04-28 17:51:33:158] <9535> enctype:asym
DEBUG	[2019-04-28 17:51:33:158] <9535> admin:1111
DEBUG	[2019-04-28 17:51:33:158] <9535> checkopt:false
DEBUG	[2019-04-28 17:51:33:158] <9535> mid:obmms20151
DEBUG	[2019-04-28 17:51:33:158] <9535> price:11000
DEBUG	[2019-04-28 17:51:33:158] <9535> nointerest:no
DEBUG	[2019-04-28 17:51:33:158] <9535> quotabase:일시불
INFO	[2019-04-28 17:51:33:158] <9535> Check Field OK
INFO	[2019-04-28 17:51:33:158] <9535> MERCHANT PRIV KEY LOAD OK
INFO	[2019-04-28 17:51:33:159] <9535> MERCHANT PUB KEY LOAD OK []
INFO	[2019-04-28 17:51:33:161] <9535> CHKFAKE KEY MAKE OK:MjAxOTA0MjgxNzUxMzMxNTkzMTIxMg==

INFO	[2019-04-28 17:51:33:161] <9535> END chkfake  Laptime:[0sec]
INFO	[2019-04-28 17:51:33:161] <9535> ===============================================================
INFO	[2019-04-28 17:51:46:807] <9535> START INIPHP chkfake (V5036-141209)(OS:Linux2.6.18-274.3.1.el5,PHP:5.2.9)
DEBUG	[2019-04-28 17:51:46:807] <9535> inipayhome:/home/ilearning3/www/inipay
DEBUG	[2019-04-28 17:51:46:807] <9535> type:chkfake
DEBUG	[2019-04-28 17:51:46:807] <9535> debug:true
DEBUG	[2019-04-28 17:51:46:807] <9535> enctype:asym
DEBUG	[2019-04-28 17:51:46:807] <9535> admin:1111
DEBUG	[2019-04-28 17:51:46:807] <9535> checkopt:false
DEBUG	[2019-04-28 17:51:46:807] <9535> mid:obmms20151
DEBUG	[2019-04-28 17:51:46:807] <9535> price:11000
DEBUG	[2019-04-28 17:51:46:807] <9535> nointerest:no
DEBUG	[2019-04-28 17:51:46:807] <9535> quotabase:일시불
INFO	[2019-04-28 17:51:46:807] <9535> Check Field OK
INFO	[2019-04-28 17:51:46:807] <9535> MERCHANT PRIV KEY LOAD OK
INFO	[2019-04-28 17:51:46:807] <9535> MERCHANT PUB KEY LOAD OK []
INFO	[2019-04-28 17:51:46:809] <9535> CHKFAKE KEY MAKE OK:MjAxOTA0MjgxNzUxNDY4MDczOTU3MQ==

INFO	[2019-04-28 17:51:46:809] <9535> END chkfake  Laptime:[0sec]
INFO	[2019-04-28 17:51:46:809] <9535> ===============================================================
INFO	[2019-04-28 17:52:04:67] <12570> START INIPHP chkfake (V5036-141209)(OS:Linux2.6.18-274.3.1.el5,PHP:5.2.9)
DEBUG	[2019-04-28 17:52:04:67] <12570> inipayhome:/home/ilearning3/www/inipay
DEBUG	[2019-04-28 17:52:04:67] <12570> type:chkfake
DEBUG	[2019-04-28 17:52:04:67] <12570> debug:true
DEBUG	[2019-04-28 17:52:04:67] <12570> enctype:asym
DEBUG	[2019-04-28 17:52:04:67] <12570> admin:1111
DEBUG	[2019-04-28 17:52:04:67] <12570> checkopt:false
DEBUG	[2019-04-28 17:52:04:67] <12570> mid:obmms20151
DEBUG	[2019-04-28 17:52:04:67] <12570> price:11000
DEBUG	[2019-04-28 17:52:04:67] <12570> nointerest:no
DEBUG	[2019-04-28 17:52:04:67] <12570> quotabase:일시불
INFO	[2019-04-28 17:52:04:67] <12570> Check Field OK
INFO	[2019-04-28 17:52:04:67] <12570> MERCHANT PRIV KEY LOAD OK
INFO	[2019-04-28 17:52:04:67] <12570> MERCHANT PUB KEY LOAD OK []
INFO	[2019-04-28 17:52:04:69] <12570> CHKFAKE KEY MAKE OK:MjAxOTA0MjgxNzUyMDQwNjc0NDQwNA==

INFO	[2019-04-28 17:52:04:69] <12570> END chkfake  Laptime:[0sec]
INFO	[2019-04-28 17:52:04:69] <12570> ===============================================================
