INFO	[2019-07-18 13:04:08:103] <11098> START INIPHP chkfake (V5036-141209)(OS:Linux2.6.18-274.3.1.el5,PHP:5.2.9)
DEBUG	[2019-07-18 13:04:08:103] <11098> inipayhome:/home/ilearning3/www/inipay
DEBUG	[2019-07-18 13:04:08:103] <11098> type:chkfake
DEBUG	[2019-07-18 13:04:08:103] <11098> debug:true
DEBUG	[2019-07-18 13:04:08:103] <11098> enctype:asym
DEBUG	[2019-07-18 13:04:08:103] <11098> admin:1111
DEBUG	[2019-07-18 13:04:08:103] <11098> checkopt:false
DEBUG	[2019-07-18 13:04:08:103] <11098> mid:obmms20151
DEBUG	[2019-07-18 13:04:08:103] <11098> price:11000
DEBUG	[2019-07-18 13:04:08:103] <11098> nointerest:no
DEBUG	[2019-07-18 13:04:08:103] <11098> quotabase:선택:일시불:2개월:3개월:6개월:12개월
INFO	[2019-07-18 13:04:08:103] <11098> Check Field OK
INFO	[2019-07-18 13:04:08:103] <11098> MERCHANT PRIV KEY LOAD OK
INFO	[2019-07-18 13:04:08:104] <11098> MERCHANT PUB KEY LOAD OK []
INFO	[2019-07-18 13:04:08:105] <11098> CHKFAKE KEY MAKE OK:MjAxOTA3MTgxMzA0MDgxMDQyMDY1NA==

INFO	[2019-07-18 13:04:08:105] <11098> END chkfake  Laptime:[0.01sec]
INFO	[2019-07-18 13:04:08:105] <11098> ===============================================================
INFO	[2019-07-18 14:03:55:169] <22814> START INIPHP chkfake (V5036-141209)(OS:Linux2.6.18-274.3.1.el5,PHP:5.2.9)
DEBUG	[2019-07-18 14:03:55:169] <22814> inipayhome:/home/ilearning3/www/inipay
DEBUG	[2019-07-18 14:03:55:169] <22814> type:chkfake
DEBUG	[2019-07-18 14:03:55:169] <22814> debug:true
DEBUG	[2019-07-18 14:03:55:169] <22814> enctype:asym
DEBUG	[2019-07-18 14:03:55:169] <22814> admin:1111
DEBUG	[2019-07-18 14:03:55:169] <22814> checkopt:false
DEBUG	[2019-07-18 14:03:55:169] <22814> mid:obmms20151
DEBUG	[2019-07-18 14:03:55:169] <22814> price:11000
DEBUG	[2019-07-18 14:03:55:169] <22814> nointerest:no
DEBUG	[2019-07-18 14:03:55:169] <22814> quotabase:선택:일시불:2개월:3개월:6개월:12개월
INFO	[2019-07-18 14:03:55:169] <22814> Check Field OK
INFO	[2019-07-18 14:03:55:169] <22814> MERCHANT PRIV KEY LOAD OK
INFO	[2019-07-18 14:03:55:169] <22814> MERCHANT PUB KEY LOAD OK []
INFO	[2019-07-18 14:03:55:171] <22814> CHKFAKE KEY MAKE OK:MjAxOTA3MTgxNDAzNTUxNjk1NDgzNA==

INFO	[2019-07-18 14:03:55:171] <22814> END chkfake  Laptime:[0sec]
INFO	[2019-07-18 14:03:55:171] <22814> ===============================================================
