INFO	[2017-12-11 17:31:57:672] <13166> START INIPHP chkfake (V5036-141209)(OS:Linux4.4.27,PHP:5.5.17p1)
DEBUG	[2017-12-11 17:31:57:672] <13166> inipayhome:/home/hosting_users/ilearning3/www/inipay
DEBUG	[2017-12-11 17:31:57:672] <13166> type:chkfake
DEBUG	[2017-12-11 17:31:57:672] <13166> debug:true
DEBUG	[2017-12-11 17:31:57:672] <13166> enctype:asym
DEBUG	[2017-12-11 17:31:57:672] <13166> admin:1111
DEBUG	[2017-12-11 17:31:57:672] <13166> checkopt:false
DEBUG	[2017-12-11 17:31:57:672] <13166> mid:obmms20151
DEBUG	[2017-12-11 17:31:57:672] <13166> price:39600
DEBUG	[2017-12-11 17:31:57:672] <13166> nointerest:no
DEBUG	[2017-12-11 17:31:57:672] <13166> quotabase:ÏÑ†ÌÉù:ÏùºÏãúÎ∂à:2Í∞úÏõî:3Í∞úÏõî:6Í∞úÏõî
INFO	[2017-12-11 17:31:57:672] <13166> Check Field OK
INFO	[2017-12-11 17:31:57:673] <13166> MERCHANT PRIV KEY LOAD OK
INFO	[2017-12-11 17:31:57:673] <13166> MERCHANT PUB KEY LOAD OK []
INFO	[2017-12-11 17:31:57:674] <13166> CHKFAKE KEY MAKE OK:MjAxNzEyMTExNzMxNTc2NzMyMTIzNw==

INFO	[2017-12-11 17:31:57:674] <13166> END chkfake  Laptime:[0.003sec]
INFO	[2017-12-11 17:31:57:674] <13166> ===============================================================
INFO	[2017-12-11 17:32:43:918] <12981> START INIPHP chkfake (V5036-141209)(OS:Linux4.4.27,PHP:5.5.17p1)
DEBUG	[2017-12-11 17:32:43:918] <12981> inipayhome:/home/hosting_users/ilearning3/www/inipay
DEBUG	[2017-12-11 17:32:43:918] <12981> type:chkfake
DEBUG	[2017-12-11 17:32:43:918] <12981> debug:true
DEBUG	[2017-12-11 17:32:43:918] <12981> enctype:asym
DEBUG	[2017-12-11 17:32:43:918] <12981> admin:1111
DEBUG	[2017-12-11 17:32:43:918] <12981> checkopt:false
DEBUG	[2017-12-11 17:32:43:918] <12981> mid:obmms20151
DEBUG	[2017-12-11 17:32:43:918] <12981> price:39600
DEBUG	[2017-12-11 17:32:43:918] <12981> nointerest:no
DEBUG	[2017-12-11 17:32:43:918] <12981> quotabase:ÏÑ†ÌÉù:ÏùºÏãúÎ∂à:2Í∞úÏõî:3Í∞úÏõî:6Í∞úÏõî
INFO	[2017-12-11 17:32:43:918] <12981> Check Field OK
INFO	[2017-12-11 17:32:43:918] <12981> MERCHANT PRIV KEY LOAD OK
INFO	[2017-12-11 17:32:43:918] <12981> MERCHANT PUB KEY LOAD OK []
INFO	[2017-12-11 17:32:43:919] <12981> CHKFAKE KEY MAKE OK:MjAxNzEyMTExNzMyNDM5MTgyMTk5NQ==

INFO	[2017-12-11 17:32:43:919] <12981> END chkfake  Laptime:[0.001sec]
INFO	[2017-12-11 17:32:43:919] <12981> ===============================================================
INFO	[2017-12-11 17:39:21:804] <27035> START INIPHP chkfake (V5036-141209)(OS:Linux4.4.27,PHP:5.5.17p1)
DEBUG	[2017-12-11 17:39:21:804] <27035> inipayhome:/home/hosting_users/ilearning3/www/inipay
DEBUG	[2017-12-11 17:39:21:804] <27035> type:chkfake
DEBUG	[2017-12-11 17:39:21:804] <27035> debug:true
DEBUG	[2017-12-11 17:39:21:804] <27035> enctype:asym
DEBUG	[2017-12-11 17:39:21:804] <27035> admin:1111
DEBUG	[2017-12-11 17:39:21:804] <27035> checkopt:false
DEBUG	[2017-12-11 17:39:21:804] <27035> mid:obmms20151
DEBUG	[2017-12-11 17:39:21:804] <27035> price:39600
DEBUG	[2017-12-11 17:39:21:804] <27035> nointerest:no
DEBUG	[2017-12-11 17:39:21:804] <27035> quotabase:ÏÑ†ÌÉù:ÏùºÏãúÎ∂à:2Í∞úÏõî:3Í∞úÏõî:6Í∞úÏõî
INFO	[2017-12-11 17:39:21:804] <27035> Check Field OK
INFO	[2017-12-11 17:39:21:804] <27035> MERCHANT PRIV KEY LOAD OK
INFO	[2017-12-11 17:39:21:805] <27035> MERCHANT PUB KEY LOAD OK []
INFO	[2017-12-11 17:39:21:805] <27035> CHKFAKE KEY MAKE OK:MjAxNzEyMTExNzM5MjE4MDU0MTk2NQ==

INFO	[2017-12-11 17:39:21:805] <27035> END chkfake  Laptime:[0.001sec]
INFO	[2017-12-11 17:39:21:805] <27035> ===============================================================
INFO	[2017-12-11 17:40:19:955] <11360> START INIPHP securepay (V5036-141209)(OS:Linux4.4.27,PHP:5.5.17p1)
DEBUG	[2017-12-11 17:40:19:955] <11360> inipayhome:/home/hosting_users/ilearning3/www/inipay
DEBUG	[2017-12-11 17:40:19:955] <11360> type:securepay
DEBUG	[2017-12-11 17:40:19:955] <11360> pgid:INIphpISP_
DEBUG	[2017-12-11 17:40:19:955] <11360> subpgip:203.238.3.10
DEBUG	[2017-12-11 17:40:19:955] <11360> admin:1111
DEBUG	[2017-12-11 17:40:19:955] <11360> debug:true
DEBUG	[2017-12-11 17:40:19:955] <11360> uid:
DEBUG	[2017-12-11 17:40:19:955] <11360> goodname:ø¬∏Æø¯πÆ¿⁄ - 1∞≥ø˘±‚∞£ 
DEBUG	[2017-12-11 17:40:19:955] <11360> currency:WON
DEBUG	[2017-12-11 17:40:19:955] <11360> mid:obmms20151
DEBUG	[2017-12-11 17:40:19:955] <11360> rn:MjAxNzEyMTExNzM5MjE4MDU0MTk2NQ==

DEBUG	[2017-12-11 17:40:19:955] <11360> price:39600
DEBUG	[2017-12-11 17:40:19:955] <11360> enctype:
DEBUG	[2017-12-11 17:40:19:955] <11360> buyername:ø¬∏Æø¯
DEBUG	[2017-12-11 17:40:19:955] <11360> buyertel:010-6733-1882
DEBUG	[2017-12-11 17:40:19:955] <11360> buyeremail:1pagebook@naver.com
DEBUG	[2017-12-11 17:40:19:955] <11360> paymethod:VCard
DEBUG	[2017-12-11 17:40:19:955] <11360> encrypted:Version=4.1&PayMethod=VCard&RsaKeyNum=1&EncryptionAlgorithm=NONE&SignAlgorithm=SHA1WithRSAEncryption&CertVer=39&moid=11566_171211053921&ver_trace=main(6109,6065)vcard(6113)card(6175,6152)n(6009)Cs(6025)Dt(6002)Pa(6002)Cf(6025)Fv(0000)La(6181)Re(6133)Vr(6008)P(6034)en(6069)&pg1=211.219.96.180&pg2=203.238.37.3&pg1ip=211.219.96.180&pg2ip=203.238.37.3&agreeflag=1111&rn=3/jEtW4BBAdd6hiA290TQpGFvu5znALe61oIMrWSizo=
&VCode=040100202420331&VQuota=00&VNoint=0&ip=192.168.0.5&mac=E82AEA2D7891&cardpoint=9&custemail=1pagebook@naver.com&price=4uDsrkVGckcmjm3e9sgrB7OBpLxSv2re
&below1000=0&encisp=0&pgnoint=0&VKBPoint=&VSessionKey=nWOWQ%2fT%2b%2f4Ctnk1PNPdQqU7OiZyl%2bz0bC87x%2bzPZ2QBpf8F8dj8PNzj8BlNwn35z%0d%0a7XBFsC0uqCvNx3SLmIAxAwM6B4Q8Cua66TDhypFqCzi2WgjgZt%2fHLc5vpkmnH7rT%0d%0aCj%2b%2fPOUJxxNoE9%2bcShDLNY%2fcY3RC%2fvenPTXvSnqG28k%3d%0d%0a&Data=Version%3d1.0%26KeyFlag%3d1%26KeyNum%3d1%26EncryptAlgorithm%3dSEED%2dCBC%26SignAlgorithm%3d%26Data%3d2B8HnJ9ZQ8gDRBrRVKQA7JNZFpWYfs3OqslqcMkp%252bsszyA7h8%2fQMHwUuzR%2fmqijG%250aWnmB2dXF87YzUGfJ%2fWAnyNuxFX4Dmi30W7w5KHPP2y0%253d%250a%26PubCert%3d%26PluginVer%3d5032%26eISPVer%3d2105&FDS_TransKey=&FDS_SVCType=010100&FDS_CheckResult=N&KCare_Code=&KCare_Price=0&ts=171211174022QoPyJgdurdxutEQtkU6q2g008857&src_flg=0&OSv=IE11_Win10 6.03.9600 Professional_64B (CDN) (notray:J) [obmms20151] (61_secuni_npapi)&ip2=119.196.212.110
DEBUG	[2017-12-11 17:40:19:955] <11360> sessionkey:VCard
DEBUG	[2017-12-11 17:40:19:955] <11360> url:http://www.obmms.net
DEBUG	[2017-12-11 17:40:19:955] <11360> cardcode:11
DEBUG	[2017-12-11 17:40:19:955] <11360> parentemail:1pagebook@naver.com
DEBUG	[2017-12-11 17:40:19:955] <11360> recvname:
DEBUG	[2017-12-11 17:40:19:955] <11360> recvtel:
DEBUG	[2017-12-11 17:40:19:955] <11360> recvaddr:
DEBUG	[2017-12-11 17:40:19:955] <11360> recvpostnum:
DEBUG	[2017-12-11 17:40:19:955] <11360> recvmsg:
DEBUG	[2017-12-11 17:40:19:955] <11360> joincard:
DEBUG	[2017-12-11 17:40:19:955] <11360> joinexpire:
DEBUG	[2017-12-11 17:40:19:955] <11360> id_customer:
INFO	[2017-12-11 17:40:19:955] <11360> Check Field OK
INFO	[2017-12-11 17:40:19:955] <11360> Make TID OK INIphpISP_obmms2015120171211174019557454
INFO	[2017-12-11 17:40:19:955] <11360> PI PUB KEY LOAD OK [39]
INFO	[2017-12-11 17:40:19:957] <11360> PG PUB KEY LOAD OK [30]
INFO	[2017-12-11 17:40:19:957] <11360> MERCHANT PRIV KEY LOAD OK
INFO	[2017-12-11 17:40:19:957] <11360> MERCHANT PUB KEY LOAD OK [0]
INFO	[2017-12-11 17:40:19:958] <11360> MAKE BODY OK
INFO	[2017-12-11 17:40:19:959] <11360> SIGN OK
INFO	[2017-12-11 17:40:19:959] <11360> MAKE HEAD OK
INFO	[2017-12-11 17:40:19:959] <11360> MSG_TO_PG:[0304500175R SHA1                   0                  39                  300200obmms20151               39600INIphpISP_obmms2015120171211174019557454<?xml version="1.0" encoding="UTF-8"?>
<INIpay>
	  <GoodsInfo>
	    <GoodsCnt>1</GoodsCnt>
	    <MOID/>
	    <Currency>WON</Currency>
	    <Tax/>
	    <TaxFree/>
	    <Goods>
	      <SMID>obmms20151</SMID>
	      <GoodsName urlencode="1">%BF%C2%B8%AE%BF%F8%B9%AE%C0%DA+-+1%B0%B3%BF%F9%B1%E2%B0%A3+</GoodsName>
	      <GoodsPrice>39600</GoodsPrice></Goods></GoodsInfo>
	  <BuyerInfo>
	    <BuyerName urlencode="1">%BF%C2%B8%AE%BF%F8</BuyerName>
	    <BuyerTel>010-6733-1882</BuyerTel>
	    <BuyerEmail urlencode="1">1pagebook%40naver.com</BuyerEmail>
	    <ParentEmail urlencode="1">1pagebook%40naver.com</ParentEmail>
	    <RecvName/>
	    <RecvTel/>
	    <RecvMsg/>
	    <RecvAddr/>
	    <RecvPostNum/></BuyerInfo>
	  <PaymentInfo>
	    <Payment>
	      <PayMethod>VCard</PayMethod>
	      <JoinCard/>
	      <JoinExpire/>
	      <MailOrder/>
	      <SessionKey>VCard</SessionKey>
	      <Encrypted urlencode="1">Version%3D4.1%26PayMethod%3DVCard%26RsaKeyNum%3D1%26EncryptionAlgorithm%3DNONE%26SignAlgorithm%3DSHA1WithRSAEncryption%26CertVer%3D39%26moid%3D11566_171211053921%26ver_trace%3Dmain%286109%2C6065%29vcard%286113%29card%286175%2C6152%29n%286009%29Cs%286025%29Dt%286002%29Pa%286002%29Cf%286025%29Fv%280000%29La%286181%29Re%286133%29Vr%286008%29P%286034%29en%286069%29%26pg1%3D211.219.96.180%26pg2%3D203.238.37.3%26pg1ip%3D211.219.96.180%26pg2ip%3D203.238.37.3%26agreeflag%3D1111%26rn%3D3%2FjEtW4BBAdd6hiA290TQpGFvu5znALe61oIMrWSizo%3D%0D%0A%26VCode%3D040100202420331%26VQuota%3D00%26VNoint%3D0%26ip%3D192.168.0.5%26mac%3DE82AEA2D7891%26cardpoint%3D9%26custemail%3D1pagebook%40naver.com%26price%3D4uDsrkVGckcmjm3e9sgrB7OBpLxSv2re%0D%0A%26below1000%3D0%26encisp%3D0%26pgnoint%3D0%26VKBPoint%3D%26VSessionKey%3DnWOWQ%252fT%252b%252f4Ctnk1PNPdQqU7OiZyl%252bz0bC87x%252bzPZ2QBpf8F8dj8PNzj8BlNwn35z%250d%250a7XBFsC0uqCvNx3SLmIAxAwM6B4Q8Cua66TDhypFqCzi2WgjgZt%252fHLc5vpkmnH7rT%250d%250aCj%252b%252fPOUJxxNoE9%252bcShDLNY%252fcY3RC%252fvenPTXvSnqG28k%253d%250d%250a%26Data%3DVersion%253d1.0%2526KeyFlag%253d1%2526KeyNum%253d1%2526EncryptAlgorithm%253dSEED%252dCBC%2526SignAlgorithm%253d%2526Data%253d2B8HnJ9ZQ8gDRBrRVKQA7JNZFpWYfs3OqslqcMkp%25252bsszyA7h8%252fQMHwUuzR%252fmqijG%25250aWnmB2dXF87YzUGfJ%252fWAnyNuxFX4Dmi30W7w5KHPP2y0%25253d%25250a%2526PubCert%253d%2526PluginVer%253d5032%2526eISPVer%253d2105%26FDS_TransKey%3D%26FDS_SVCType%3D010100%26FDS_CheckResult%3DN%26KCare_Code%3D%26KCare_Price%3D0%26ts%3D171211174022QoPyJgdurdxutEQtkU6q2g008857%26src_flg%3D0%26OSv%3DIE11_Win10+6.03.9600+Professional_64B+%28CDN%29+%28notray%3AJ%29+%5Bobmms20151%5D+%2861_secuni_npapi%29%26ip2%3D119.196.212.110</Encrypted></Payment></PaymentInfo>
	  <ReservedInfo>
	    <MReserved1/>
	    <MReserved2/>
	    <MReserved3/></ReservedInfo>
	  <ManageInfo>
	    <Language/>
	    <URL urlencode="1">http%3A%2F%2Fwww.obmms.net</URL>
	    <TXVersion>5036B141209securLinux     PHPchkfake   4.4.27PHP:5.5.17p1            </TXVersion>
	    <TXUserID/>
	    <TXRegNum/>
	    <Ack>1</Ack>
	    <TXRN>MjAxNzEyMTExNzM5MjE4MDU0MTk2NQ==
</TXRN></ManageInfo></INIpay>ANdbxm5kbrFXiLMv+qPcLt48SsGjEN1tExMTQ31xWP/R/Qu3GCse61x4lzWZsEU3
LBLFIhaOTPkxFjquo5dvOuth5TCnwmj79gGwiLHB7HmTOWeWMzvbzouDhDqmj/xb
qdkz2JRzEcRD+6GLwzFxB2RNP8Ys2zyT1bP61xeQwiMN
]
INFO	[2017-12-11 17:40:19:959] <11360> DNS LOOKUP OK(211.219.96.180:211.219.96.180:34049) laptime:0
INFO	[2017-12-11 17:40:19:961] <11360> SOCKET CONNECT OK
INFO	[2017-12-11 17:40:19:961] <11360> SEND OK
INFO	[2017-12-11 17:40:21:629] <11360> RECV OK
INFO	[2017-12-11 17:40:21:629] <11360> MSG_FROM_PG:[0282100175D SHA1                   0                  39                  300210obmms20151               39600INIphpISP_obmms2015120171211174019557454<?xml version="1.0" encoding="UTF-8"?>
<INIpay>
  <GoodsInfo>
    <GoodsCnt>1</GoodsCnt>
    <MOID urlencode="1">11566_171211053921</MOID>
    <Currency>WON</Currency>
    <Goods no="1">
      <SMID>obmms20151</SMID>
      <GoodsName urlencode="1">%BF%C2%B8%AE%BF%F8%B9%AE%C0%DA+-+1%B0%B3%BF%F9%B1%E2%B0%A3+</GoodsName>
      <GoodsCntS>1</GoodsCntS>
      <GoodsPrice>39600</GoodsPrice>
    </Goods>
  </GoodsInfo>
  <PaymentInfo>
    <Payment>
      <SessionKey>AHrYYOdenLeQujOrU9d0oXJnEQTsjt01dV+gtNoE97CZXGCghX+6/HriSpapAJKO
7evS5sJuZYPub3+uoTw8a0WYzCag/tpopYKW9A13yWK1IMp/iMRbFRms5fJfBTct
/Do755x/oBsoNp2idQ8W7IixVsHw9Lt3ykEMHLnIsJxFPtXqzqMfnmg=
</SessionKey>
      <Encrypted>5DFvnXxf8vUHQ5lr9ulDyqUqMAHXR49/lqEh+oztVTLIasBKesxN9Yhkw2yDSZC8
SYIOyAJYYUFQ0aE97fji+DwrFhD1izqsEP/F3OrsMkc4DA9FZ4VQeTf6oKM+qHab
bz7nNIEOM1D+2JXJMvwuLxDT2ObQc5i68MN/+VAVOaziCyUH4gRIUaf5uJV52pBa
1Ei/emld30eAtlfv/IROcEYxa5jfph7CiRgKOcqTpxPDTjem7lniDOE5rDHPrOXe
mcaoSw7r4y+rF9tau94dXkLusMX2qwo6MJZ0bS5FLQ+sQUw58bz/6h2SISExiXtt
LnjpcUGrs3JKuGkBSv4r5uKqWBZ87Yrtl2FAMzfBo4GIAZDBRv6Y1Io4okVzaMGz
HWlgzkuteTFrrCAS2zFugy4tWZ1vaEsCzwYRD777tCmGYilfnJJaMd57A1yEUrQx
31r6bqjd3WXR66qp4ssJ1eI5VHVz7uo2yvKAS9rGOu0CQlSWyNP4qM5T9N/fvLPv
9aSzgJSIPZ6njIg3u+RyGiPNrZDmOMdnGlZgquChTFqHLndEPse+D8zNiyv2RLBf
d34VMoLkKPubp1Frs6CAcnoYIi5FQsX1r+rns639RAnXSM29PMzxbdxP72C8rVIo
YA7zF4qhu6W6iC6MozMTgDPyV7sExbYf1J7zBohfVbESnqKZMTA7BheWnm0JSQV7
gIVIRn7DCIvGMJth0pXWw8ZhbxWEl57rdrTJMx9DXzta6cO1bSiMQlqsgCJWADB0
DxxXM7LAo18F2ailGGXcKYqLmWYea6ZpS/xwT2HYT77h70z4hwPloNDz+LXIR7cx
05AFG6oZ5ybfm66K3XVVy44Knrafil+uvuc1D5Gd/eSyJRdYwyaHQXuEldqVtkxb
/tKf+KZWcsY0qMkTub//1pjC6foP0tx70b3ScW06lm0ZWg/AUnRTm2JZ0q94/8rA
ej8AWFHBlp1Ux/XJttQInxWdh6skMzgHwrSltlSQ4LVdqJ1edmAgVYglb6SifiXy
/1X4F6RFtNYOTCfB9qTIuN8gVoCdyezNWKw3qDvDmLBxxgJJO2HzlALsAInmd8w/
sc6Fs1KLx8BLhjRZ5un5MMJrkKvQn7EUmE1pXIRC6m+zTlS7xy+35oMdGpHPI/Bi
934CAdiYANp2ArnpsRtXuAVAF0mIaw6vlAgcOFpsAc878O+4v00RoYo5h19AEh09
FnajQP1aBr+hukCa4aOtOgqqMZlCFu3bnAeC7oHwZWJ5IwEPkE0/mu7lGKXDzzEo
CgKbPamTdhCSAag8Ik/a+H/UBlsVzR55sl4GNLM+b7xs3BQ5Qj2p3GuKhqw28aLj
4CCpNn50UcUoRhb2WgBzDd36niY5sGNV5du1iZ2kDaHCvQOvcu0fTB5xzwWsIuzB
qHiWtZs7AyenqawQshRKDN5qTeqrzUXdhEBR4tjwumYgfy90VpbWqg==
</Encrypted>
      <PayMethod>VCard</PayMethod>
      <ResultCode>170000</ResultCode>
      <ResultMsg urlencode="1">%C1%A4%BB%F3%BF%CF%B7%E1</ResultMsg>
    </Payment>
  </PaymentInfo>
  <ManageInfo>
    <EventCode></EventCode>
    <OrgCurrency></OrgCurrency>
    <ExchangeRate></ExchangeRate>
    <OrgPrice></OrgPrice>
  </ManageInfo>
  <ReservedInfo>
    <MReserved1 urlencode="1"></MReserved1>
    <MReserved2 urlencode="1"></MReserved2>
    <MReserved3 urlencode="1"></MReserved3>
    <PGReserved1 urlencode="1"></PGReserved1>
    <PGReserved2 urlencode="1"></PGReserved2>
    <PGReserved3 urlencode="1"></PGReserved3>
  </ReservedInfo>
</INIpay>
Z8NlGcVfRRtJcSbdX+W0k3inX/Ku/M8iUu0WJvC0J/1v5HWZlymym0RbRqkGh8f3
q7aILDlojnRE8vWadBlQqjqzbeuMupzASC1MJPP4l9PAFNSew7UlSrNj/jOSMT0H
Mz9+2DhrfXw7EoQ8en4YaXZz5FYw7OH5cn29yLkmO34=
]
INFO	[2017-12-11 17:40:21:630] <11360> VERIFY OK
INFO	[2017-12-11 17:40:21:630] <11360> PARSE HEAD OK
INFO	[2017-12-11 17:40:21:631] <11360> PARSE BODY OK
INFO	[2017-12-11 17:40:21:632] <11360> DECRYPT OK
DEBUG	[2017-12-11 17:40:21:632] <11360> DECRYPT MSG:[<?xml version="1.0" encoding="UTF-8"?>
<PaymentInfo>
  <Payment>
    <EASYPAY/>
    <VCard>
      <ISP_ApplPrice>39600</ISP_ApplPrice>
      <ISP_BankCode>00</ISP_BankCode>
      <ISP_Quota>00</ISP_Quota>
      <ISP_Interest>0</ISP_Interest>
      <ISP_CardCode>11</ISP_CardCode>
      <ISP_CardNum>49022082****</ISP_CardNum>
      <ISP_Point></ISP_Point>
      <ISP_ApplDate>20171211</ISP_ApplDate>
      <ISP_ApplTime>174020</ISP_ApplTime>
      <ISP_ApplNum>49676123</ISP_ApplNum>
      <ISP_TerminalNum>019048y000</ISP_TerminalNum>
      <ISP_MemberNum></ISP_MemberNum>
      <ISP_PurchaseCode></ISP_PurchaseCode>
      <ISP_ResultCode>170000</ISP_ResultCode>
      <ISP_ResultMsg urlencode="1">%C1%A4%BB%F3%BF%CF%B7%E1</ISP_ResultMsg>
      <ISP_PrtcCode>1</ISP_PrtcCode>
      <ISP_Quota_Point>00</ISP_Quota_Point>
      <ISP_CheckFlag>0</ISP_CheckFlag>
      <ISP_PurchaseName urlencode="1"></ISP_PurchaseName>
      <ISP_IssuerName urlencode="1"></ISP_IssuerName>
      <ISP_UsePoint></ISP_UsePoint>
      <ISP_CouponOnlyMer></ISP_CouponOnlyMer>
    </VCard>
  </Payment>
</PaymentInfo>]
INFO	[2017-12-11 17:40:21:633] <11360> DECRYPT PARSE OK
INFO	[2017-12-11 17:40:21:633] <11360> WAIT ACK INVOKING
DEBUG	[2017-12-11 17:40:21:633] <11360> MAKE HEAD OK
INFO	[2017-12-11 17:40:21:635] <11360> SUCCESS ACK INVOKING
INFO	[2017-12-11 17:40:21:635] <11360> END securepay ¡§ªÛøœ∑· Laptime:[1.68sec]
INFO	[2017-12-11 17:40:21:635] <11360> ===============================================================
