INFO	[2019-03-12 20:46:51:311] <9349> START INIPHP chkfake (V5036-141209)(OS:Linux3.10.0-862.11.6.el7.x86_64,PHP:5.5.17p1)
DEBUG	[2019-03-12 20:46:51:311] <9349> inipayhome:/home/hosting_users/ilearning3/www/inipay
DEBUG	[2019-03-12 20:46:51:311] <9349> type:chkfake
DEBUG	[2019-03-12 20:46:51:311] <9349> debug:true
DEBUG	[2019-03-12 20:46:51:311] <9349> enctype:asym
DEBUG	[2019-03-12 20:46:51:311] <9349> admin:1111
DEBUG	[2019-03-12 20:46:51:311] <9349> checkopt:false
DEBUG	[2019-03-12 20:46:51:311] <9349> mid:obmms20151
DEBUG	[2019-03-12 20:46:51:311] <9349> price:594000
DEBUG	[2019-03-12 20:46:51:311] <9349> nointerest:no
DEBUG	[2019-03-12 20:46:51:311] <9349> quotabase:일시불
INFO	[2019-03-12 20:46:51:311] <9349> Check Field OK
INFO	[2019-03-12 20:46:51:409] <9349> MERCHANT PRIV KEY LOAD OK
INFO	[2019-03-12 20:46:51:412] <9349> MERCHANT PUB KEY LOAD OK []
INFO	[2019-03-12 20:46:51:422] <9349> CHKFAKE KEY MAKE OK:MjAxOTAzMTIyMDQ2NTE0MTI3ODY4MA==

INFO	[2019-03-12 20:46:51:422] <9349> END chkfake  Laptime:[0.111sec]
INFO	[2019-03-12 20:46:51:422] <9349> ===============================================================
INFO	[2019-03-12 20:47:05:659] <23306> START INIPHP chkfake (V5036-141209)(OS:Linux3.10.0-862.11.6.el7.x86_64,PHP:5.5.17p1)
DEBUG	[2019-03-12 20:47:05:659] <23306> inipayhome:/home/hosting_users/ilearning3/www/inipay
DEBUG	[2019-03-12 20:47:05:659] <23306> type:chkfake
DEBUG	[2019-03-12 20:47:05:659] <23306> debug:true
DEBUG	[2019-03-12 20:47:05:659] <23306> enctype:asym
DEBUG	[2019-03-12 20:47:05:659] <23306> admin:1111
DEBUG	[2019-03-12 20:47:05:659] <23306> checkopt:false
DEBUG	[2019-03-12 20:47:05:659] <23306> mid:obmms20151
DEBUG	[2019-03-12 20:47:05:659] <23306> price:11000
DEBUG	[2019-03-12 20:47:05:659] <23306> nointerest:no
DEBUG	[2019-03-12 20:47:05:659] <23306> quotabase:일시불
INFO	[2019-03-12 20:47:05:659] <23306> Check Field OK
INFO	[2019-03-12 20:47:05:659] <23306> MERCHANT PRIV KEY LOAD OK
INFO	[2019-03-12 20:47:05:659] <23306> MERCHANT PUB KEY LOAD OK []
INFO	[2019-03-12 20:47:05:661] <23306> CHKFAKE KEY MAKE OK:MjAxOTAzMTIyMDQ3MDU2NjA5NjA5OA==

INFO	[2019-03-12 20:47:05:661] <23306> END chkfake  Laptime:[0.002sec]
INFO	[2019-03-12 20:47:05:661] <23306> ===============================================================
INFO	[2019-03-12 20:57:19:697] <17386> START INIPHP chkfake (V5036-141209)(OS:Linux3.10.0-862.11.6.el7.x86_64,PHP:5.5.17p1)
DEBUG	[2019-03-12 20:57:19:697] <17386> inipayhome:/home/hosting_users/ilearning3/www/inipay
DEBUG	[2019-03-12 20:57:19:697] <17386> type:chkfake
DEBUG	[2019-03-12 20:57:19:697] <17386> debug:true
DEBUG	[2019-03-12 20:57:19:697] <17386> enctype:asym
DEBUG	[2019-03-12 20:57:19:697] <17386> admin:1111
DEBUG	[2019-03-12 20:57:19:697] <17386> checkopt:false
DEBUG	[2019-03-12 20:57:19:697] <17386> mid:obmms20151
DEBUG	[2019-03-12 20:57:19:697] <17386> price:594000
DEBUG	[2019-03-12 20:57:19:697] <17386> nointerest:no
DEBUG	[2019-03-12 20:57:19:697] <17386> quotabase:일시불
INFO	[2019-03-12 20:57:19:697] <17386> Check Field OK
INFO	[2019-03-12 20:57:19:698] <17386> MERCHANT PRIV KEY LOAD OK
INFO	[2019-03-12 20:57:19:698] <17386> MERCHANT PUB KEY LOAD OK []
INFO	[2019-03-12 20:57:19:699] <17386> CHKFAKE KEY MAKE OK:MjAxOTAzMTIyMDU3MTk2OTg2MjM0OA==

INFO	[2019-03-12 20:57:19:699] <17386> END chkfake  Laptime:[0.002sec]
INFO	[2019-03-12 20:57:19:699] <17386> ===============================================================
