INFO	[2016-04-30 08:55:49:273] <5798> START INIPHP chkfake (V5036-141209)(OS:Linux4.1.16,PHP:5.5.17p1)
DEBUG	[2016-04-30 08:55:49:273] <5798> inipayhome:/home/hosting_users/ilearning3/www/inipay
DEBUG	[2016-04-30 08:55:49:273] <5798> type:chkfake
DEBUG	[2016-04-30 08:55:49:273] <5798> debug:true
DEBUG	[2016-04-30 08:55:49:273] <5798> enctype:asym
DEBUG	[2016-04-30 08:55:49:273] <5798> admin:1111
DEBUG	[2016-04-30 08:55:49:273] <5798> checkopt:false
DEBUG	[2016-04-30 08:55:49:273] <5798> mid:obmms20151
DEBUG	[2016-04-30 08:55:49:273] <5798> price:20000
DEBUG	[2016-04-30 08:55:49:273] <5798> nointerest:no
DEBUG	[2016-04-30 08:55:49:273] <5798> quotabase:선택:일시불:2개월:3개월:6개월
INFO	[2016-04-30 08:55:49:273] <5798> Check Field OK
INFO	[2016-04-30 08:55:49:274] <5798> MERCHANT PRIV KEY LOAD OK
INFO	[2016-04-30 08:55:49:274] <5798> MERCHANT PUB KEY LOAD OK []
INFO	[2016-04-30 08:55:49:275] <5798> CHKFAKE KEY MAKE OK:MjAxNjA0MzAwODU1NDkyNzQ5ODA0NA==

INFO	[2016-04-30 08:55:49:275] <5798> END chkfake  Laptime:[0.001sec]
INFO	[2016-04-30 08:55:49:275] <5798> ===============================================================
INFO	[2016-04-30 09:06:13:415] <5787> START INIPHP chkfake (V5036-141209)(OS:Linux4.1.16,PHP:5.5.17p1)
DEBUG	[2016-04-30 09:06:13:415] <5787> inipayhome:/home/hosting_users/ilearning3/www/inipay
DEBUG	[2016-04-30 09:06:13:415] <5787> type:chkfake
DEBUG	[2016-04-30 09:06:13:415] <5787> debug:true
DEBUG	[2016-04-30 09:06:13:415] <5787> enctype:asym
DEBUG	[2016-04-30 09:06:13:415] <5787> admin:1111
DEBUG	[2016-04-30 09:06:13:415] <5787> checkopt:false
DEBUG	[2016-04-30 09:06:13:415] <5787> mid:obmms20151
DEBUG	[2016-04-30 09:06:13:415] <5787> price:20000
DEBUG	[2016-04-30 09:06:13:415] <5787> nointerest:no
DEBUG	[2016-04-30 09:06:13:415] <5787> quotabase:선택:일시불:2개월:3개월:6개월
INFO	[2016-04-30 09:06:13:415] <5787> Check Field OK
INFO	[2016-04-30 09:06:13:415] <5787> MERCHANT PRIV KEY LOAD OK
INFO	[2016-04-30 09:06:13:415] <5787> MERCHANT PUB KEY LOAD OK []
INFO	[2016-04-30 09:06:13:416] <5787> CHKFAKE KEY MAKE OK:MjAxNjA0MzAwOTA2MTM0MTUzMTM5NA==

INFO	[2016-04-30 09:06:13:416] <5787> END chkfake  Laptime:[0.001sec]
INFO	[2016-04-30 09:06:13:416] <5787> ===============================================================
