INFO	[2020-01-07 08:59:20:414] <30388> START INIPHP chkfake (V5036-141209)(OS:Linux2.6.18-274.3.1.el5,PHP:5.2.9)
DEBUG	[2020-01-07 08:59:20:425] <30388> inipayhome:/home/ilearning3/www/inipay
DEBUG	[2020-01-07 08:59:20:425] <30388> type:chkfake
DEBUG	[2020-01-07 08:59:20:425] <30388> debug:true
DEBUG	[2020-01-07 08:59:20:425] <30388> enctype:asym
DEBUG	[2020-01-07 08:59:20:425] <30388> admin:1111
DEBUG	[2020-01-07 08:59:20:425] <30388> checkopt:false
DEBUG	[2020-01-07 08:59:20:425] <30388> mid:obmms20151
DEBUG	[2020-01-07 08:59:20:425] <30388> price:55000
DEBUG	[2020-01-07 08:59:20:425] <30388> nointerest:no
DEBUG	[2020-01-07 08:59:20:425] <30388> quotabase:ÏùºÏãúÎ∂à:2Í∞úÏõî:3Í∞úÏõî:6Í∞úÏõî:12Í∞úÏõî
INFO	[2020-01-07 08:59:20:425] <30388> Check Field OK
INFO	[2020-01-07 08:59:20:475] <30388> MERCHANT PRIV KEY LOAD OK
INFO	[2020-01-07 08:59:20:514] <30388> MERCHANT PUB KEY LOAD OK []
INFO	[2020-01-07 08:59:20:530] <30388> CHKFAKE KEY MAKE OK:MjAyMDAxMDcwODU5MjA1MTQ3NDc3Nw==

INFO	[2020-01-07 08:59:20:530] <30388> END chkfake  Laptime:[0.13sec]
INFO	[2020-01-07 08:59:20:530] <30388> ===============================================================
INFO	[2020-01-07 11:23:45:269] <16269> START INIPHP chkfake (V5036-141209)(OS:Linux2.6.18-274.3.1.el5,PHP:5.2.9)
DEBUG	[2020-01-07 11:23:45:269] <16269> inipayhome:/home/ilearning3/www/inipay
DEBUG	[2020-01-07 11:23:45:269] <16269> type:chkfake
DEBUG	[2020-01-07 11:23:45:269] <16269> debug:true
DEBUG	[2020-01-07 11:23:45:269] <16269> enctype:asym
DEBUG	[2020-01-07 11:23:45:269] <16269> admin:1111
DEBUG	[2020-01-07 11:23:45:269] <16269> checkopt:false
DEBUG	[2020-01-07 11:23:45:269] <16269> mid:obmms20151
DEBUG	[2020-01-07 11:23:45:269] <16269> price:55000
DEBUG	[2020-01-07 11:23:45:269] <16269> nointerest:no
DEBUG	[2020-01-07 11:23:45:269] <16269> quotabase:ÏùºÏãúÎ∂à
INFO	[2020-01-07 11:23:45:269] <16269> Check Field OK
INFO	[2020-01-07 11:23:45:269] <16269> MERCHANT PRIV KEY LOAD OK
INFO	[2020-01-07 11:23:45:270] <16269> MERCHANT PUB KEY LOAD OK []
INFO	[2020-01-07 11:23:45:271] <16269> CHKFAKE KEY MAKE OK:MjAyMDAxMDcxMTIzNDUyNzAzOTc3Mw==

INFO	[2020-01-07 11:23:45:271] <16269> END chkfake  Laptime:[0sec]
INFO	[2020-01-07 11:23:45:271] <16269> ===============================================================
INFO	[2020-01-07 11:25:56:94] <16300> START INIPHP chkfake (V5036-141209)(OS:Linux2.6.18-274.3.1.el5,PHP:5.2.9)
DEBUG	[2020-01-07 11:25:56:94] <16300> inipayhome:/home/ilearning3/www/inipay
DEBUG	[2020-01-07 11:25:56:94] <16300> type:chkfake
DEBUG	[2020-01-07 11:25:56:94] <16300> debug:true
DEBUG	[2020-01-07 11:25:56:94] <16300> enctype:asym
DEBUG	[2020-01-07 11:25:56:94] <16300> admin:1111
DEBUG	[2020-01-07 11:25:56:94] <16300> checkopt:false
DEBUG	[2020-01-07 11:25:56:94] <16300> mid:obmms20151
DEBUG	[2020-01-07 11:25:56:94] <16300> price:55000
DEBUG	[2020-01-07 11:25:56:94] <16300> nointerest:no
DEBUG	[2020-01-07 11:25:56:94] <16300> quotabase:ÏùºÏãúÎ∂à
INFO	[2020-01-07 11:25:56:94] <16300> Check Field OK
INFO	[2020-01-07 11:25:56:95] <16300> MERCHANT PRIV KEY LOAD OK
INFO	[2020-01-07 11:25:56:95] <16300> MERCHANT PUB KEY LOAD OK []
INFO	[2020-01-07 11:25:56:98] <16300> CHKFAKE KEY MAKE OK:MjAyMDAxMDcxMTI1NTYwOTU3MjQ3Mg==

INFO	[2020-01-07 11:25:56:98] <16300> END chkfake  Laptime:[0.01sec]
INFO	[2020-01-07 11:25:56:98] <16300> ===============================================================
INFO	[2020-01-07 11:27:49:553] <28746> START INIPHP chkfake (V5036-141209)(OS:Linux2.6.18-274.3.1.el5,PHP:5.2.9)
DEBUG	[2020-01-07 11:27:49:554] <28746> inipayhome:/home/ilearning3/www/inipay
DEBUG	[2020-01-07 11:27:49:554] <28746> type:chkfake
DEBUG	[2020-01-07 11:27:49:554] <28746> debug:true
DEBUG	[2020-01-07 11:27:49:554] <28746> enctype:asym
DEBUG	[2020-01-07 11:27:49:554] <28746> admin:1111
DEBUG	[2020-01-07 11:27:49:554] <28746> checkopt:false
DEBUG	[2020-01-07 11:27:49:554] <28746> mid:obmms20151
DEBUG	[2020-01-07 11:27:49:554] <28746> price:55000
DEBUG	[2020-01-07 11:27:49:554] <28746> nointerest:no
DEBUG	[2020-01-07 11:27:49:554] <28746> quotabase:ÏùºÏãúÎ∂à
INFO	[2020-01-07 11:27:49:554] <28746> Check Field OK
INFO	[2020-01-07 11:27:49:554] <28746> MERCHANT PRIV KEY LOAD OK
INFO	[2020-01-07 11:27:49:555] <28746> MERCHANT PUB KEY LOAD OK []
INFO	[2020-01-07 11:27:49:557] <28746> CHKFAKE KEY MAKE OK:MjAyMDAxMDcxMTI3NDk1NTU3MTEzMw==

INFO	[2020-01-07 11:27:49:557] <28746> END chkfake  Laptime:[0.01sec]
INFO	[2020-01-07 11:27:49:557] <28746> ===============================================================
INFO	[2020-01-07 11:30:31:240] <7039> START INIPHP securepay (V5036-141209)(OS:Linux2.6.18-274.3.1.el5,PHP:5.2.9)
DEBUG	[2020-01-07 11:30:31:240] <7039> inipayhome:/home/ilearning3/www/inipay
DEBUG	[2020-01-07 11:30:31:240] <7039> type:securepay
DEBUG	[2020-01-07 11:30:31:240] <7039> pgid:INIphpCARD
DEBUG	[2020-01-07 11:30:31:240] <7039> subpgip:203.238.3.10
DEBUG	[2020-01-07 11:30:31:240] <7039> admin:1111
DEBUG	[2020-01-07 11:30:31:240] <7039> debug:true
DEBUG	[2020-01-07 11:30:31:240] <7039> uid:
DEBUG	[2020-01-07 11:30:31:240] <7039> goodname:Business-ø˘∞£∞·¡¶
DEBUG	[2020-01-07 11:30:31:240] <7039> currency:WON
DEBUG	[2020-01-07 11:30:31:240] <7039> mid:obmms20151
DEBUG	[2020-01-07 11:30:31:240] <7039> rn:MjAyMDAxMDcxMTI3NDk1NTU3MTEzMw==

DEBUG	[2020-01-07 11:30:31:240] <7039> price:55000
DEBUG	[2020-01-07 11:30:31:240] <7039> enctype:
DEBUG	[2020-01-07 11:30:31:240] <7039> buyername:√µ¡¯º∫
DEBUG	[2020-01-07 11:30:31:240] <7039> buyertel:010-9587-0901
DEBUG	[2020-01-07 11:30:31:240] <7039> buyeremail:jschun2000@hanmail.net
DEBUG	[2020-01-07 11:30:31:240] <7039> paymethod:Card
DEBUG	[2020-01-07 11:30:31:240] <7039> encrypted:Version=4.1&PayMethod=Card&RsaKeyNum=1&EncryptionAlgorithm=SEED-CBC&SignAlgorithm=RSAwithSHA1&CertVer=39&moid=14499_200107112749&ver_trace=main(6109,6065)card(6185,6158)n(6009)Cs(6025)Dt(6002)Pa(6002)Cf(6025)Fv(0000)La(6183)Re(6135)Vr(6008)P(6034)en(6070)nP(6006)&pg1=39.115.212.10&pg2=203.238.37.3&pg1ip=39.115.212.10&pg2ip=203.238.37.3&agreeflag=1111&Data=CyiRd+7upBO/Oho14ALzsV0W4zRkFM58LsweTpDbNRGcMFs+M8mg5xjh4EtUJOdn
oL2w3u/ljcpWsgSPIdYiF8xwcBhfundtlkWR08eejFcOv7mtjE7ZvEhgasocVzf4
gNEehz/DHVMcaxZsOvDSGrk/mgE5m2r38dZTZeToVVogHvQtkXE3gsqAjSaYT9H7
SPF9t11z5jD0U9xMghnLmwXm8N/R9wJPt7ui+EEoJGPeICOnvN+aGpDowrs2u6D6
5IWV25UpsMcGCwYHWXrQRflZpA/6PuJNDUYabdt+xHG+WqGJ7H5Ue350zgYh9Jf+
v2M0KAAbjN0lRjk+7azUfdZl0BFAz/tTJfMR+ZAj5XcCna2DDV9HbpN1wlcYQiOj
VYVlJKlCyJzcYD0U3zmWr5QQsqROuQxB7gS5YahK5a5NmoahSgSHbe23Hl/uC6yO
4jVzdhQrVfdXcbpoh3sC2MVWpG4FjwI8ZMF09uDbNQCzn/leahIs/neb7uS+DSZi
FiRc2r2cALB5r2jTTHormpWIxmY7EMaMpjsGub/jtVL8AHQiHTLEgsHjyQyCH1uy
DjUgRMbmXwVpt/0laFtreFJqLjWRrggeDzGkGX5zx073y1J51FBSIkT49OXdlKm9
HSx4zAHvPKMTgd+VgNDVR07p1DduVByCOBpYACzjEccCISB9vrM2LPvIr1jkNFGI
+mdgKbroRaJcQT01xkJsy9VVGlxTobaYNoeoXWUf+cNPEmNRMKwuQaAYWH/hEPAQ
NTGFXSAUdgtKmyF0oL4UsgCHyPsPbzTYrq9zhpU4S0rg+agOPcszchLLgAsGQVoA
90OZ3Ll0x/9QG8AcPI4quorOZ6Q5+/im
DEBUG	[2020-01-07 11:30:31:240] <7039> sessionkey:yTakWO7NFViNHr8trdw0r+j7xX2aEoQ11gvwJeDeBHoKa0kIV0RAic2xAL5QLCy4
a8sR7v0/HQkqyuOMdpdrzWq4toy0MskfD4sMddM7KZxCZcY212RIV1qeEKC69TPm
vcAUcqB4IYh1JnCOFhMiJ8qZsLrPdH1IqjE/2JxffRI=
DEBUG	[2020-01-07 11:30:31:240] <7039> url:http://www.obmms.net
DEBUG	[2020-01-07 11:30:31:240] <7039> cardcode:04
DEBUG	[2020-01-07 11:30:31:240] <7039> parentemail:jschun2000@hanmail.net
DEBUG	[2020-01-07 11:30:31:240] <7039> recvname:
DEBUG	[2020-01-07 11:30:31:240] <7039> recvtel:
DEBUG	[2020-01-07 11:30:31:240] <7039> recvaddr:
DEBUG	[2020-01-07 11:30:31:240] <7039> recvpostnum:
DEBUG	[2020-01-07 11:30:31:240] <7039> recvmsg:
DEBUG	[2020-01-07 11:30:31:240] <7039> joincard:
DEBUG	[2020-01-07 11:30:31:240] <7039> joinexpire:
DEBUG	[2020-01-07 11:30:31:240] <7039> id_customer:
INFO	[2020-01-07 11:30:31:240] <7039> Check Field OK
INFO	[2020-01-07 11:30:31:240] <7039> Make TID OK INIphpCARDobmms2015120200107113031402022
INFO	[2020-01-07 11:30:31:240] <7039> PI PUB KEY LOAD OK [39]
INFO	[2020-01-07 11:30:31:253] <7039> PG PUB KEY LOAD OK [30]
INFO	[2020-01-07 11:30:31:253] <7039> MERCHANT PRIV KEY LOAD OK
INFO	[2020-01-07 11:30:31:254] <7039> MERCHANT PUB KEY LOAD OK [0]
INFO	[2020-01-07 11:30:31:255] <7039> MAKE BODY OK
INFO	[2020-01-07 11:30:31:273] <7039> SIGN OK
INFO	[2020-01-07 11:30:31:273] <7039> MAKE HEAD OK
INFO	[2020-01-07 11:30:31:273] <7039> MSG_TO_PG:[0297800175R SHA1                   0                  39                  300200obmms20151               55000INIphpCARDobmms2015120200107113031402022<?xml version="1.0" encoding="UTF-8"?>
<INIpay>
	  <GoodsInfo>
	    <GoodsCnt>1</GoodsCnt>
	    <MOID/>
	    <Currency>WON</Currency>
	    <Tax/>
	    <TaxFree/>
	    <Goods>
	      <SMID>obmms20151</SMID>
	      <GoodsName urlencode="1">Business-%BF%F9%B0%A3%B0%E1%C1%A6</GoodsName>
	      <GoodsPrice>55000</GoodsPrice></Goods></GoodsInfo>
	  <BuyerInfo>
	    <BuyerName urlencode="1">%C3%B5%C1%F8%BC%BA</BuyerName>
	    <BuyerTel>010-9587-0901</BuyerTel>
	    <BuyerEmail urlencode="1">jschun2000%40hanmail.net</BuyerEmail>
	    <ParentEmail urlencode="1">jschun2000%40hanmail.net</ParentEmail>
	    <RecvName/>
	    <RecvTel/>
	    <RecvMsg/>
	    <RecvAddr/>
	    <RecvPostNum/></BuyerInfo>
	  <PaymentInfo>
	    <Payment>
	      <PayMethod>Card</PayMethod>
	      <JoinCard/>
	      <JoinExpire/>
	      <MailOrder/>
	      <SessionKey>yTakWO7NFViNHr8trdw0r+j7xX2aEoQ11gvwJeDeBHoKa0kIV0RAic2xAL5QLCy4
a8sR7v0/HQkqyuOMdpdrzWq4toy0MskfD4sMddM7KZxCZcY212RIV1qeEKC69TPm
vcAUcqB4IYh1JnCOFhMiJ8qZsLrPdH1IqjE/2JxffRI=</SessionKey>
	      <Encrypted urlencode="1">Version%3D4.1%26PayMethod%3DCard%26RsaKeyNum%3D1%26EncryptionAlgorithm%3DSEED-CBC%26SignAlgorithm%3DRSAwithSHA1%26CertVer%3D39%26moid%3D14499_200107112749%26ver_trace%3Dmain%286109%2C6065%29card%286185%2C6158%29n%286009%29Cs%286025%29Dt%286002%29Pa%286002%29Cf%286025%29Fv%280000%29La%286183%29Re%286135%29Vr%286008%29P%286034%29en%286070%29nP%286006%29%26pg1%3D39.115.212.10%26pg2%3D203.238.37.3%26pg1ip%3D39.115.212.10%26pg2ip%3D203.238.37.3%26agreeflag%3D1111%26Data%3DCyiRd%2B7upBO%2FOho14ALzsV0W4zRkFM58LsweTpDbNRGcMFs%2BM8mg5xjh4EtUJOdn%0D%0AoL2w3u%2FljcpWsgSPIdYiF8xwcBhfundtlkWR08eejFcOv7mtjE7ZvEhgasocVzf4%0D%0AgNEehz%2FDHVMcaxZsOvDSGrk%2FmgE5m2r38dZTZeToVVogHvQtkXE3gsqAjSaYT9H7%0D%0ASPF9t11z5jD0U9xMghnLmwXm8N%2FR9wJPt7ui%2BEEoJGPeICOnvN%2BaGpDowrs2u6D6%0D%0A5IWV25UpsMcGCwYHWXrQRflZpA%2F6PuJNDUYabdt%2BxHG%2BWqGJ7H5Ue350zgYh9Jf%2B%0D%0Av2M0KAAbjN0lRjk%2B7azUfdZl0BFAz%2FtTJfMR%2BZAj5XcCna2DDV9HbpN1wlcYQiOj%0D%0AVYVlJKlCyJzcYD0U3zmWr5QQsqROuQxB7gS5YahK5a5NmoahSgSHbe23Hl%2FuC6yO%0D%0A4jVzdhQrVfdXcbpoh3sC2MVWpG4FjwI8ZMF09uDbNQCzn%2FleahIs%2Fneb7uS%2BDSZi%0D%0AFiRc2r2cALB5r2jTTHormpWIxmY7EMaMpjsGub%2FjtVL8AHQiHTLEgsHjyQyCH1uy%0D%0ADjUgRMbmXwVpt%2F0laFtreFJqLjWRrggeDzGkGX5zx073y1J51FBSIkT49OXdlKm9%0D%0AHSx4zAHvPKMTgd%2BVgNDVR07p1DduVByCOBpYACzjEccCISB9vrM2LPvIr1jkNFGI%0D%0A%2BmdgKbroRaJcQT01xkJsy9VVGlxTobaYNoeoXWUf%2BcNPEmNRMKwuQaAYWH%2FhEPAQ%0D%0ANTGFXSAUdgtKmyF0oL4UsgCHyPsPbzTYrq9zhpU4S0rg%2BagOPcszchLLgAsGQVoA%0D%0A90OZ3Ll0x%2F9QG8AcPI4quorOZ6Q5%2B%2Fim</Encrypted></Payment></PaymentInfo>
	  <ReservedInfo>
	    <MReserved1/>
	    <MReserved2/>
	    <MReserved3/></ReservedInfo>
	  <ManageInfo>
	    <Language/>
	    <URL urlencode="1">http%3A%2F%2Fwww.obmms.net</URL>
	    <TXVersion>5036B141209securLinux     PHPchkfake   2.6.18-274.3.1.el5PHP:5.2.9   </TXVersion>
	    <TXUserID/>
	    <TXRegNum/>
	    <Ack>1</Ack>
	    <TXRN>MjAyMDAxMDcxMTI3NDk1NTU3MTEzMw==
</TXRN></ManageInfo></INIpay>AL/HqjrJL8NO3gGoxe5qwsnIly0usEJQIcVBQf1v6Sg795iZNRZFEC5+e7+lY+0L
dhk5mz9LM1OLp2/b6Ehr2KyXSco4vVywW7py1qAl7kRX/BnceZiaZok4VTDkve3C
eq+sfw3wGAHRhCHicsyc4SVSz8m2tGjgKb9d5bemfikI
]
INFO	[2020-01-07 11:30:31:284] <7039> DNS LOOKUP OK(39.115.212.10:39.115.212.10:34049) laptime:0
INFO	[2020-01-07 11:30:31:287] <7039> SOCKET CONNECT OK
INFO	[2020-01-07 11:30:31:287] <7039> SEND OK
INFO	[2020-01-07 11:30:31:686] <7039> RECV OK
INFO	[2020-01-07 11:30:31:686] <7039> MSG_FROM_PG:[0311800175D SHA1                   0                  39                  300210obmms20151               55000INIphpCARDobmms2015120200107113031402022<?xml version="1.0" encoding="UTF-8"?>
<INIpay>
  <GoodsInfo>
    <GoodsCnt>1</GoodsCnt>
    <MOID urlencode="1">14499_200107112749</MOID>
    <Currency>WON</Currency>
    <Goods no="1">
      <SMID>obmms20151</SMID>
      <GoodsName urlencode="1">Business-%BF%F9%B0%A3%B0%E1%C1%A6</GoodsName>
      <GoodsCntS>1</GoodsCntS>
      <GoodsPrice>55000</GoodsPrice>
    </Goods>
  </GoodsInfo>
  <PaymentInfo>
    <Payment>
      <SessionKey>AZP/+kwoi2u32Q67w0JY2W0owy9r8urnnv7pNu2Vwh50RwXRo3d5soUhwFF/k/pQ
IPOGeINui9hTx9WqUfQYLrKROQeXsujztR5YibsNYOGi0q2vA87Yfn/zSopRIvgP
VMfK07odYL3w3KZ+zQkVbls8MLaI/SLarPtRlY7h8p41iIWgVEZaK64=
</SessionKey>
      <Encrypted>eQmHa31EPgYn9rFDh5VKeXE5lW1TRounUzBN+7MVbhKyl+qEyuQdmlR8iWmpuXCL
XcZH85rfWn7FEvcThviBGlyYwjO1cdttP/L9wiqHHmyXE2XUqvCJg9wQImfVed33
HT8F2hU0P8OMlH9NSHmfYE+IuuTtxOiRWF1APY0BFZ4tavdNVjEgu2msPlc3eGLs
1ZirXV/98nkgUxs1C29nruKILvl55vDA3QMne1qh76DUjkKkkLc/8IBTZEWCrK4v
ALGxPC1LOnL7kgU3g+7Uvq5T4V5KPhLH/PHyH3EN0tay6Qm096/mR6FXbJnSr7NC
HEf6QQVB5BTi8yas+x/PcdVZEtaD29NskjOZrZbwuBUlzUofVlmD9ACS9gkgaDSR
mIamM0u5mrZNmIGpmD3o5+4eDwdRRiS3otVxDlvSPGr1TEVw5WDxMj5bFe0YTpGi
d3c++rz072hBDGnuhlJWO3whePPwTjlO8mw9OkkVhu+holt1ypfNfw4TgylyaE+4
AIFaOo88rU8wWkp5utHRAlvrh41e7StDjCQ4rNqYws5t+w+OVE9b9mQCMo87M8jN
kx27owN9jZNYneC41c6qOtMGIXoI5KYNbUQ1OAG8TbCz5Jev5PwgZ8QktTW/T71M
vGWH0m9HmWO6hQeMTpwbgy8NzsQOC+ISVV1avNja9eAVd+4c2jVZdbDFcXlDuFjc
GHe1FHqG1AasJMJTHaQAQv4JIA+HMYIc6PRyJv2Jf6k1phJaBO2AuuAe0TmtNLzJ
Ddqahs9exWowZaEgx27AbxbQDsY3A2GNSyjhyPyWidPzdTAxaKstEm6bsiPxp2YG
mjpD+Ifw9khaH7xGagvyL/POrgCig69e24feKeBt4HS6OmRSG/ONt/VA55ksHKd9
b4zjZRUF24wswVK+QXdEsb/1ujny9JMJMFaypYWllyXcF6StY9SfVEeTtI+2QLrQ
bG+ZdWTkzYmGounH9kGd2HBuXMSlUtJ/YvmCaq8fAp0ZbY50SczkvEeYwyMPaKwG
/ByBEyU9on2RRKW/sj9Mk3QmL/Yqbg25pbUxV0lQb/NRF1KJ/bP32tZS2+wJ+Om1
8Ok1NeVBULK/EhxwCaVlnPeQKX4/VeV3d0QKcyJ6ot/6WiZrsycuZe9TsAWQj49N
4UAQ5tSlZZ3rKVGz2eSnhM5STCe8fzAyeMnXJTqSNb7CLDpmggnPFoknPGL7y8vG
iO8enqqE2x0IvTtm4Vr8S7IgLC3h7FGpcl8LzExWmKFMPNGSz0USR2uamLsY9w/w
QrOXupo07ZfpNI64pa1gckWr5kT+DeeHPqOHJorWtuIMjJYs8yOFT71hohZuLVWJ
RmhSDUqh24pfGC2nfNNtWJblv/8/CBsB7GFbUqVGfEfr5HmgSDXZDu5r++1NkVUA
txUd7k0aI/igzV0yA2Lbo79nfVQ0A9/T29l89YzoDLOnmbLY8B6cvTNzBtp1XsGP
e5nA55l31TjQTESpVxJRVAnuWiMCNLjp+70A3Vig39sRRjBa4HnPRhVikS/haSE3
gwTM1ffTwFfOIDJR0OZ0o2DV2ZjwY1lMDCVX9jS43qMdyumHLLuoinIVmbsWhOLG
Tzpdx7TJnOjPauPzetkfl/FIDtsV+FM8m8UC3DNv6mmsy7CFCnW2TsF8Ni5YTDWx
D/nrSpNOmyqKIycCydkspuVUPkteCID9r1xo+Q2HVYBOrLSOzNiMXD8GQndG31q0
tK9RngBaOYvqaWld8wlS2g==
</Encrypted>
      <PayMethod>Card</PayMethod>
      <ResultCode>120000</ResultCode>
      <ResultMsg urlencode="1">%C1%A4%BB%F3%C3%B3%B8%AE%B5%C7%BE%FA%BD%C0%B4%CF%B4%D9.</ResultMsg>
    </Payment>
  </PaymentInfo>
  <ManageInfo>
    <EventCode></EventCode>
    <OrgCurrency></OrgCurrency>
    <ExchangeRate></ExchangeRate>
    <OrgPrice></OrgPrice>
  </ManageInfo>
  <ReservedInfo>
    <MReserved1 urlencode="1"></MReserved1>
    <MReserved2 urlencode="1"></MReserved2>
    <MReserved3 urlencode="1"></MReserved3>
    <PGReserved1 urlencode="1"></PGReserved1>
    <PGReserved2 urlencode="1"></PGReserved2>
    <PGReserved3 urlencode="1"></PGReserved3>
  </ReservedInfo>
</INIpay>
QPs4OYxudpCBVlbWHSGn5jhDr/ofjdoS3clhr0AHBuxgY6h/zC2k6uEJp5NA1oS1
/PADdM+6j+cN3D6T58RvrFZ/e8HpTYS+wVKKhAGIC0vfKIzsRR3EG8DaNa966cA+
rX7eRo48slzJEwp/+moi7E1MCEwZ8vRVvXaoLjzFlxA=
]
INFO	[2020-01-07 11:30:31:687] <7039> VERIFY OK
INFO	[2020-01-07 11:30:31:687] <7039> PARSE HEAD OK
INFO	[2020-01-07 11:30:31:707] <7039> PARSE BODY OK
INFO	[2020-01-07 11:30:31:738] <7039> DECRYPT OK
DEBUG	[2020-01-07 11:30:31:738] <7039> DECRYPT MSG:[<?xml version="1.0" encoding="UTF-8"?>
<PaymentInfo>
  <Payment>
    <EASYPAY/>
    <Card>
      <CARD_ApplPrice>55000</CARD_ApplPrice>
      <CARD_Num>94901914****9833</CARD_Num>
      <CARD_Expire></CARD_Expire>
      <CARD_Code>04</CARD_Code>
      <CARD_BankCode>00</CARD_BankCode>
      <CARD_Quota>00</CARD_Quota>
      <CARD_Interest>0</CARD_Interest>
      <CARD_Point></CARD_Point>
      <CARD_AuthType>99</CARD_AuthType>
      <CARD_RegNum></CARD_RegNum>
      <CARD_ApplDate>20200107</CARD_ApplDate>
      <CARD_ApplTime>113030</CARD_ApplTime>
      <CARD_ApplNum>00473810</CARD_ApplNum>
      <CARD_TerminalNum>0208936000</CARD_TerminalNum>
      <CARD_MemberNum></CARD_MemberNum>
      <CARD_PurchaseCode></CARD_PurchaseCode>
      <CARD_ResultCode>120000</CARD_ResultCode>
      <CARD_ResultMsg urlencode="1">%C1%A4%BB%F3%C3%B3%B8%AE%B5%C7%BE%FA%BD%C0%B4%CF%B4%D9.</CARD_ResultMsg>
      <CARD_PrtcCode>1</CARD_PrtcCode>
      <CARD_Quota_Point>00</CARD_Quota_Point>
      <CARD_CheckFlag>0</CARD_CheckFlag>
      <CARD_PurchaseName urlencode="1"></CARD_PurchaseName>
      <CARD_IssuerName urlencode="1"></CARD_IssuerName>
      <CARD_JoinUsePoint></CARD_JoinUsePoint>
      <CARD_UsePoint></CARD_UsePoint>
      <CARD_CouponOnlyMer></CARD_CouponOnlyMer>
    </Card>
  </Payment>
</PaymentInfo>]
INFO	[2020-01-07 11:30:31:741] <7039> DECRYPT PARSE OK
INFO	[2020-01-07 11:30:31:741] <7039> WAIT ACK INVOKING
DEBUG	[2020-01-07 11:30:31:741] <7039> MAKE HEAD OK
INFO	[2020-01-07 11:30:31:744] <7039> SUCCESS ACK INVOKING
INFO	[2020-01-07 11:30:31:744] <7039> END securepay ¡§ªÛ√≥∏Æµ«æ˙Ω¿¥œ¥Ÿ. Laptime:[0.5sec]
INFO	[2020-01-07 11:30:31:744] <7039> ===============================================================
INFO	[2020-01-07 13:55:52:317] <29732> START INIPHP chkfake (V5036-141209)(OS:Linux2.6.18-274.3.1.el5,PHP:5.2.9)
DEBUG	[2020-01-07 13:55:52:317] <29732> inipayhome:/home/ilearning3/www/inipay
DEBUG	[2020-01-07 13:55:52:317] <29732> type:chkfake
DEBUG	[2020-01-07 13:55:52:317] <29732> debug:true
DEBUG	[2020-01-07 13:55:52:317] <29732> enctype:asym
DEBUG	[2020-01-07 13:55:52:317] <29732> admin:1111
DEBUG	[2020-01-07 13:55:52:317] <29732> checkopt:false
DEBUG	[2020-01-07 13:55:52:317] <29732> mid:obmms20151
DEBUG	[2020-01-07 13:55:52:317] <29732> price:550000
DEBUG	[2020-01-07 13:55:52:317] <29732> nointerest:no
DEBUG	[2020-01-07 13:55:52:317] <29732> quotabase:ÏùºÏãúÎ∂à
INFO	[2020-01-07 13:55:52:317] <29732> Check Field OK
INFO	[2020-01-07 13:55:52:317] <29732> MERCHANT PRIV KEY LOAD OK
INFO	[2020-01-07 13:55:52:318] <29732> MERCHANT PUB KEY LOAD OK []
INFO	[2020-01-07 13:55:52:320] <29732> CHKFAKE KEY MAKE OK:MjAyMDAxMDcxMzU1NTIzMTg3NTU2OQ==

INFO	[2020-01-07 13:55:52:320] <29732> END chkfake  Laptime:[0sec]
INFO	[2020-01-07 13:55:52:321] <29732> ===============================================================
INFO	[2020-01-07 13:57:37:289] <7001> START INIPHP chkfake (V5036-141209)(OS:Linux2.6.18-274.3.1.el5,PHP:5.2.9)
DEBUG	[2020-01-07 13:57:37:289] <7001> inipayhome:/home/ilearning3/www/inipay
DEBUG	[2020-01-07 13:57:37:289] <7001> type:chkfake
DEBUG	[2020-01-07 13:57:37:289] <7001> debug:true
DEBUG	[2020-01-07 13:57:37:289] <7001> enctype:asym
DEBUG	[2020-01-07 13:57:37:289] <7001> admin:1111
DEBUG	[2020-01-07 13:57:37:289] <7001> checkopt:false
DEBUG	[2020-01-07 13:57:37:289] <7001> mid:obmms20151
DEBUG	[2020-01-07 13:57:37:289] <7001> price:550000
DEBUG	[2020-01-07 13:57:37:289] <7001> nointerest:no
DEBUG	[2020-01-07 13:57:37:289] <7001> quotabase:ÏùºÏãúÎ∂à
INFO	[2020-01-07 13:57:37:289] <7001> Check Field OK
INFO	[2020-01-07 13:57:37:290] <7001> MERCHANT PRIV KEY LOAD OK
INFO	[2020-01-07 13:57:37:290] <7001> MERCHANT PUB KEY LOAD OK []
INFO	[2020-01-07 13:57:37:293] <7001> CHKFAKE KEY MAKE OK:MjAyMDAxMDcxMzU3MzcyOTA3NTk3Ng==

INFO	[2020-01-07 13:57:37:293] <7001> END chkfake  Laptime:[0sec]
INFO	[2020-01-07 13:57:37:293] <7001> ===============================================================
INFO	[2020-01-07 14:04:42:654] <11070> START INIPHP securepay (V5036-141209)(OS:Linux2.6.18-274.3.1.el5,PHP:5.2.9)
DEBUG	[2020-01-07 14:04:42:654] <11070> inipayhome:/home/ilearning3/www/inipay
DEBUG	[2020-01-07 14:04:42:654] <11070> type:securepay
DEBUG	[2020-01-07 14:04:42:654] <11070> pgid:INIphpCARD
DEBUG	[2020-01-07 14:04:42:654] <11070> subpgip:203.238.3.10
DEBUG	[2020-01-07 14:04:42:654] <11070> admin:1111
DEBUG	[2020-01-07 14:04:42:654] <11070> debug:true
DEBUG	[2020-01-07 14:04:42:654] <11070> uid:
DEBUG	[2020-01-07 14:04:42:654] <11070> goodname:Business-≥‚∞£∞·¡¶
DEBUG	[2020-01-07 14:04:42:654] <11070> currency:WON
DEBUG	[2020-01-07 14:04:42:654] <11070> mid:obmms20151
DEBUG	[2020-01-07 14:04:42:654] <11070> rn:MjAyMDAxMDcxMzU3MzcyOTA3NTk3Ng==

DEBUG	[2020-01-07 14:04:42:654] <11070> price:550000
DEBUG	[2020-01-07 14:04:42:654] <11070> enctype:
DEBUG	[2020-01-07 14:04:42:654] <11070> buyername:≈◊Ω∫≈Õ2
DEBUG	[2020-01-07 14:04:42:654] <11070> buyertel:01088254394
DEBUG	[2020-01-07 14:04:42:654] <11070> buyeremail:agiya82@hanmail.net
DEBUG	[2020-01-07 14:04:42:654] <11070> paymethod:Card
DEBUG	[2020-01-07 14:04:42:654] <11070> encrypted:Version=4.1&PayMethod=Card&RsaKeyNum=1&EncryptionAlgorithm=SEED-CBC&SignAlgorithm=RSAwithSHA1&CertVer=39&moid=11576_200107015737&ver_trace=main(6109,6065)card(6185,6158)n(6009)Cs(6025)Dt(6002)Pa(6002)Cf(6025)Fv(0000)La(6183)Re(6135)Vr(6008)P(6034)en(6070)nP(6006)&pg1=39.115.212.10&pg2=203.238.37.3&pg1ip=39.115.212.10&pg2ip=203.238.37.3&agreeflag=1111&Data=k/W8yU/tFj5CK9WL5/gnbfFpnfy0ufFh80obn/C0Id4h6kI7LHpu/eTXDGOijkgd
cbSF++oh1bn5fKAATtTnQsa5Y+49g4hzDqC4pEpF2WkPCqkpvJEgWSkjMH8pHaCw
Y7957HuIXAJs0wB9Sq3QV5tTnsrG0gOzB9iZp/W7cwU9kxKX6hsNTVW5iZMsl7MA
s48/MvLC6pRndqaPLLaCPacjlPtFsMBI7g2Zaud5JqvKiNquhMD7JPKepNLU7imN
4mAx000VoLjr/08+vblus6iRY31lwMeAUja9aZ2u7XfjWGNNqpHTklBqouPq0v/P
O9aXtyuFDLn7JcflfX3FMZ15xqIrbUU9Lryd1nr3bguR/2cNzkHPhtvd1A7nTo90
4/rmz+KnEe4WrU4PNA2uL6lE/Z+qT8cKvHxLvYcwhiUU8YtI0llz41gr0ci8ouXG
DcKQ+7fYDkVPZGDMEoc9mSXOhQc/eqm2KlPsfe72Zi4EVN69MjcHbZayotXWrz87
TiKDL01DOlqF4aD7lyhxjNmK4q4wKaFk1EWavW8ysZpl9vhfL7hjgeZRYr585FC0
Md6FVcoOqT6aqjdv0ywMMcJ5ozMIzwvHf90Cvxz/N5+NJ4is8x08FhDHTiEgVUDm
iannPgm7iM7CDYBhjVIVKbKbqO0aWmzUYz5imHu4MMNA8Fmlw3I7zzQpPJUta0Re
KHOIH5eo98ISsG23DaLkXd9Rf8hc7/oCgbDx/D5F45u8wOjy84jPgXITeUbnJjtE
u3oeN7OU724Wwg7jjPvwaPHMPi+FheAKOCg3ImEA/q0k7a2ooD7oJP/pyD0Ji0Bs
FOcylOg/45zHjoT6WlPDDkLdAv0=
DEBUG	[2020-01-07 14:04:42:654] <11070> sessionkey:kz8JhH1jzYZ/os8BhabB/fuUMuksIaE4wSZcupa5fYBLSv88FRz8kjdaNg34Xzn4
L+EUvJQY+tq+dtn3rFyR9Z2MVwpv2dPmHMWlgAWaBOTZVTmQSRz7rGGMkEF7jUD4
VMWMZWtMciVXdVmUlIxitZjLFUMmnGDzCGuv3jKpGoY=
DEBUG	[2020-01-07 14:04:42:654] <11070> url:http://www.obmms.net
DEBUG	[2020-01-07 14:04:42:654] <11070> cardcode:03
DEBUG	[2020-01-07 14:04:42:654] <11070> parentemail:turbolight@daum.net
DEBUG	[2020-01-07 14:04:42:654] <11070> recvname:
DEBUG	[2020-01-07 14:04:42:654] <11070> recvtel:
DEBUG	[2020-01-07 14:04:42:654] <11070> recvaddr:
DEBUG	[2020-01-07 14:04:42:654] <11070> recvpostnum:
DEBUG	[2020-01-07 14:04:42:654] <11070> recvmsg:
DEBUG	[2020-01-07 14:04:42:654] <11070> joincard:
DEBUG	[2020-01-07 14:04:42:654] <11070> joinexpire:
DEBUG	[2020-01-07 14:04:42:654] <11070> id_customer:
INFO	[2020-01-07 14:04:42:654] <11070> Check Field OK
INFO	[2020-01-07 14:04:42:655] <11070> Make TID OK INIphpCARDobmms2015120200107140442558024
INFO	[2020-01-07 14:04:42:655] <11070> PI PUB KEY LOAD OK [39]
INFO	[2020-01-07 14:04:42:655] <11070> PG PUB KEY LOAD OK [30]
INFO	[2020-01-07 14:04:42:655] <11070> MERCHANT PRIV KEY LOAD OK
INFO	[2020-01-07 14:04:42:656] <11070> MERCHANT PUB KEY LOAD OK [0]
INFO	[2020-01-07 14:04:42:657] <11070> MAKE BODY OK
INFO	[2020-01-07 14:04:42:658] <11070> SIGN OK
INFO	[2020-01-07 14:04:42:658] <11070> MAKE HEAD OK
INFO	[2020-01-07 14:04:42:658] <11070> MSG_TO_PG:[0296600175R SHA1                   0                  39                  300200obmms20151              550000INIphpCARDobmms2015120200107140442558024<?xml version="1.0" encoding="UTF-8"?>
<INIpay>
	  <GoodsInfo>
	    <GoodsCnt>1</GoodsCnt>
	    <MOID/>
	    <Currency>WON</Currency>
	    <Tax/>
	    <TaxFree/>
	    <Goods>
	      <SMID>obmms20151</SMID>
	      <GoodsName urlencode="1">Business-%B3%E2%B0%A3%B0%E1%C1%A6</GoodsName>
	      <GoodsPrice>550000</GoodsPrice></Goods></GoodsInfo>
	  <BuyerInfo>
	    <BuyerName urlencode="1">%C5%D7%BD%BA%C5%CD2</BuyerName>
	    <BuyerTel>01088254394</BuyerTel>
	    <BuyerEmail urlencode="1">agiya82%40hanmail.net</BuyerEmail>
	    <ParentEmail urlencode="1">turbolight%40daum.net</ParentEmail>
	    <RecvName/>
	    <RecvTel/>
	    <RecvMsg/>
	    <RecvAddr/>
	    <RecvPostNum/></BuyerInfo>
	  <PaymentInfo>
	    <Payment>
	      <PayMethod>Card</PayMethod>
	      <JoinCard/>
	      <JoinExpire/>
	      <MailOrder/>
	      <SessionKey>kz8JhH1jzYZ/os8BhabB/fuUMuksIaE4wSZcupa5fYBLSv88FRz8kjdaNg34Xzn4
L+EUvJQY+tq+dtn3rFyR9Z2MVwpv2dPmHMWlgAWaBOTZVTmQSRz7rGGMkEF7jUD4
VMWMZWtMciVXdVmUlIxitZjLFUMmnGDzCGuv3jKpGoY=</SessionKey>
	      <Encrypted urlencode="1">Version%3D4.1%26PayMethod%3DCard%26RsaKeyNum%3D1%26EncryptionAlgorithm%3DSEED-CBC%26SignAlgorithm%3DRSAwithSHA1%26CertVer%3D39%26moid%3D11576_200107015737%26ver_trace%3Dmain%286109%2C6065%29card%286185%2C6158%29n%286009%29Cs%286025%29Dt%286002%29Pa%286002%29Cf%286025%29Fv%280000%29La%286183%29Re%286135%29Vr%286008%29P%286034%29en%286070%29nP%286006%29%26pg1%3D39.115.212.10%26pg2%3D203.238.37.3%26pg1ip%3D39.115.212.10%26pg2ip%3D203.238.37.3%26agreeflag%3D1111%26Data%3Dk%2FW8yU%2FtFj5CK9WL5%2FgnbfFpnfy0ufFh80obn%2FC0Id4h6kI7LHpu%2FeTXDGOijkgd%0D%0AcbSF%2B%2Boh1bn5fKAATtTnQsa5Y%2B49g4hzDqC4pEpF2WkPCqkpvJEgWSkjMH8pHaCw%0D%0AY7957HuIXAJs0wB9Sq3QV5tTnsrG0gOzB9iZp%2FW7cwU9kxKX6hsNTVW5iZMsl7MA%0D%0As48%2FMvLC6pRndqaPLLaCPacjlPtFsMBI7g2Zaud5JqvKiNquhMD7JPKepNLU7imN%0D%0A4mAx000VoLjr%2F08%2Bvblus6iRY31lwMeAUja9aZ2u7XfjWGNNqpHTklBqouPq0v%2FP%0D%0AO9aXtyuFDLn7JcflfX3FMZ15xqIrbUU9Lryd1nr3bguR%2F2cNzkHPhtvd1A7nTo90%0D%0A4%2Frmz%2BKnEe4WrU4PNA2uL6lE%2FZ%2BqT8cKvHxLvYcwhiUU8YtI0llz41gr0ci8ouXG%0D%0ADcKQ%2B7fYDkVPZGDMEoc9mSXOhQc%2Feqm2KlPsfe72Zi4EVN69MjcHbZayotXWrz87%0D%0ATiKDL01DOlqF4aD7lyhxjNmK4q4wKaFk1EWavW8ysZpl9vhfL7hjgeZRYr585FC0%0D%0AMd6FVcoOqT6aqjdv0ywMMcJ5ozMIzwvHf90Cvxz%2FN5%2BNJ4is8x08FhDHTiEgVUDm%0D%0AiannPgm7iM7CDYBhjVIVKbKbqO0aWmzUYz5imHu4MMNA8Fmlw3I7zzQpPJUta0Re%0D%0AKHOIH5eo98ISsG23DaLkXd9Rf8hc7%2FoCgbDx%2FD5F45u8wOjy84jPgXITeUbnJjtE%0D%0Au3oeN7OU724Wwg7jjPvwaPHMPi%2BFheAKOCg3ImEA%2Fq0k7a2ooD7oJP%2FpyD0Ji0Bs%0D%0AFOcylOg%2F45zHjoT6WlPDDkLdAv0%3D</Encrypted></Payment></PaymentInfo>
	  <ReservedInfo>
	    <MReserved1/>
	    <MReserved2/>
	    <MReserved3/></ReservedInfo>
	  <ManageInfo>
	    <Language/>
	    <URL urlencode="1">http%3A%2F%2Fwww.obmms.net</URL>
	    <TXVersion>5036B141209securLinux     PHPchkfake   2.6.18-274.3.1.el5PHP:5.2.9   </TXVersion>
	    <TXUserID/>
	    <TXRegNum/>
	    <Ack>1</Ack>
	    <TXRN>MjAyMDAxMDcxMzU3MzcyOTA3NTk3Ng==
</TXRN></ManageInfo></INIpay>AIMiCui0/vb0XGh6/1d+LxysIrjN8PewXVAQFeMmvVPbQDtqpLY7TfUDOaywwfcl
TQ30BweEXMRaNHWnIC9uthecP5KoEmu/JhXm/M1tuLDuVeXhvMYv/86ZHY1dOK6t
yU4qYmsdYT1+RO2+IpTq2fKpRzb1i5aB5S1UoILD7lg2
]
INFO	[2020-01-07 14:04:42:659] <11070> DNS LOOKUP OK(39.115.212.10:39.115.212.10:34049) laptime:0
INFO	[2020-01-07 14:04:42:661] <11070> SOCKET CONNECT OK
INFO	[2020-01-07 14:04:42:661] <11070> SEND OK
INFO	[2020-01-07 14:04:42:957] <11070> RECV OK
INFO	[2020-01-07 14:04:42:957] <11070> MSG_FROM_PG:[0311900175D SHA1                   0                  39                  300210obmms20151              550000INIphpCARDobmms2015120200107140442558024<?xml version="1.0" encoding="UTF-8"?>
<INIpay>
  <GoodsInfo>
    <GoodsCnt>1</GoodsCnt>
    <MOID urlencode="1">11576_200107015737</MOID>
    <Currency>WON</Currency>
    <Goods no="1">
      <SMID>obmms20151</SMID>
      <GoodsName urlencode="1">Business-%B3%E2%B0%A3%B0%E1%C1%A6</GoodsName>
      <GoodsCntS>1</GoodsCntS>
      <GoodsPrice>550000</GoodsPrice>
    </Goods>
  </GoodsInfo>
  <PaymentInfo>
    <Payment>
      <SessionKey>APeKsXc8+TF4oDjOkkmVQG4MwtLEr+dM1Izs8sJrC941dXXQkDfWwr083TjQquqs
9jm8l15hhLhsNxepSHAQS/sepwr13xHgADE35dy1qUbYk6e8DSH1xsxoCzSRwlgA
HC+8OLgFy4qs0ctDK+KkWmffYLkO4DhnhzNKl+bV2/SAotToLfqj5Js=
</SessionKey>
      <Encrypted>wxRwcuEJ60RwgWvVDSBX0wzmLlKHd1auDVV2q4cIp+bnoN5gSJRcH/R0IAI00eqJ
G9UQ5tZRsjW7MF7dYQTUgQFukcvnXyk+Ac5zwudl23vlDAtPfCsyCheEB6W9wYyS
WPdaFcFD07k6i5qZwm6l9SZuHFyAfcbaNK1dlTIeBaNIqHPPp8ewpPBCItO94QMx
5tAAmw7fD+UFrbFLgY65uK9ihqWJE6UI/FxGvEz0GR5mBRFn3oZKcQR+ZcJEbRn5
RYuxkyMnWA4G49B2e7dTAZHbts4spH9Asgd8y6akHlgI5vgyeybscV8Ef0L7DzIa
pw03TD3eMLCS25B/sy6TLtcnIYJuNoxdmbpPzyd8EV4jRX5S6ODytbB0exPksLa8
BO3j+2DBg06TGzzQvDERIrGIOX3qglCDTfEfUKBZHgjhknbmwn+4VjP6Rbq1qi9n
+W5nyLUWcjt///uVjPCw5ZT6NDnlbtclcRPJY02g2ySgHTT88QDUXm4yLaUihvx2
lcVNsJYnZ5fZVaNszGpbaMc8t0sDwgqsRd6uvnV1QpASUcqRgTOfYWxNX92cr2Fm
YWEHSbx5fA3RXXYzGJ5pBdEWVALfYXwOw0Uq3XzmYbJSmZczoYDp/CgwjN5P9d2v
TGI8Q8JRqIylJSFO1IVjV8xAZCYhBneMeIHP/IYks587/gDUDlGd3MnlGB5e/3Ih
HpZdbZJ6S/MI7nOOS1/jJKScoDxYh2v/cmlJ/PLDBKAkqKtAhKCludLvfIjxHRO9
obDy/mcgsbMfDOHPE9XU4t7oIP9n1c1Dc3G+WlqWIucpDoHUtlq88XIkmEQwqIF1
ksirjAEhzXsKry2Fj1lCZWY61BF5bigyW96ZPI1jchO8uzheQnv5aVqQmfiajy4P
zG1Of0s9YUEg9e1OuGglvA4uS8DotDzccPFZtkAx+ypXHY4aYqCCrBRxQfJtpoEg
AUclBSm2Oxz5UK1WQ9BgTRcWeVD8G7FfqVQl/YfnYOVHLLHXkeg/aesFLEsXt86m
dUm6OnoLQUmutnTh6ExF3647kk2TxXlQbs9aLASasJMRV6gk50j0jTSj4zPQB4RM
D+zGcM1s1HIoyDregRkGxZoUvPfoas7EaO7pETbyV23B61Ge0pgWchrqSMad2MiY
wI1wLkMUKulChFNLhs3XauDY0hT12tItjsZMDTABQhHF91kibPaM3qycnMuvV/sT
4ReReRvi3Hy487b96yy+AhUjtB9yHaFyoEySwE+3RepDLQd/cogOiuW+7cniHL/t
KLvarROptKF1CnRrHNRPComqsuaoJq61ZXVfaa+eokgNYRChKgLkAF3hlCRBKiz8
6WdgdyH++kACim4qROS1ZcD1FpBERlr344VAa8sGJlS6+NHvte+YpYE+7+g+UvuE
qyNFu6tEz9op/vQHOFzk1oxNnxqR+miwm2MPN8l4cnN7O9rBQUmjqhLwonws+O0P
tRlZXhipegKAGLXYLZkxIrjF1tIYDjJ0madKy+Y1/PF+qDIw9C8eUT81DBCyunDu
zhrmHOQycqtF9zWEx4WCg83vxXCRhFJFy1Stp0zdy0YDwt1M4SOWFfFDWcigsNZO
u5H01RaYKmryyD3fNdI5njK0gRjOk0szQoZBAny1O6H3fhQAVxIdsv5I6wWTr+Cz
fJFuHZIsCvQ1kIpsZgRv15MpAgqyBbWnUVb3PFcqkUoHJ4iat/nhvqODIaBh/k8I
uysggj61HNg/gKFnttKBAg==
</Encrypted>
      <PayMethod>Card</PayMethod>
      <ResultCode>120000</ResultCode>
      <ResultMsg urlencode="1">%C1%A4%BB%F3%C3%B3%B8%AE%B5%C7%BE%FA%BD%C0%B4%CF%B4%D9.</ResultMsg>
    </Payment>
  </PaymentInfo>
  <ManageInfo>
    <EventCode></EventCode>
    <OrgCurrency></OrgCurrency>
    <ExchangeRate></ExchangeRate>
    <OrgPrice></OrgPrice>
  </ManageInfo>
  <ReservedInfo>
    <MReserved1 urlencode="1"></MReserved1>
    <MReserved2 urlencode="1"></MReserved2>
    <MReserved3 urlencode="1"></MReserved3>
    <PGReserved1 urlencode="1"></PGReserved1>
    <PGReserved2 urlencode="1"></PGReserved2>
    <PGReserved3 urlencode="1"></PGReserved3>
  </ReservedInfo>
</INIpay>
cohVG2q+kzl5hr5F115rbQUiJV2L3rG3wM8r7VLZQNk73n89VKg76GRdJ5EUjBg4
fXrjoKJ1euyAvp8nFi1U+WkzW3w9DQrosok90gQ2HR3nPuK/37pxkXmD56B7keR+
aka8mt8TxctUr1BhzwAn/o1/HFhWoov5+k9oC8QQ3Qs=
]
INFO	[2020-01-07 14:04:42:957] <11070> VERIFY OK
INFO	[2020-01-07 14:04:42:958] <11070> PARSE HEAD OK
INFO	[2020-01-07 14:04:42:960] <11070> PARSE BODY OK
INFO	[2020-01-07 14:04:42:965] <11070> DECRYPT OK
DEBUG	[2020-01-07 14:04:42:965] <11070> DECRYPT MSG:[<?xml version="1.0" encoding="UTF-8"?>
<PaymentInfo>
  <Payment>
    <EASYPAY/>
    <Card>
      <CARD_ApplPrice>550000</CARD_ApplPrice>
      <CARD_Num>94091510****3224</CARD_Num>
      <CARD_Expire></CARD_Expire>
      <CARD_Code>03</CARD_Code>
      <CARD_BankCode>00</CARD_BankCode>
      <CARD_Quota>00</CARD_Quota>
      <CARD_Interest>0</CARD_Interest>
      <CARD_Point></CARD_Point>
      <CARD_AuthType>99</CARD_AuthType>
      <CARD_RegNum></CARD_RegNum>
      <CARD_ApplDate>20200107</CARD_ApplDate>
      <CARD_ApplTime>140441</CARD_ApplTime>
      <CARD_ApplNum>50058021</CARD_ApplNum>
      <CARD_TerminalNum>0208936000</CARD_TerminalNum>
      <CARD_MemberNum></CARD_MemberNum>
      <CARD_PurchaseCode></CARD_PurchaseCode>
      <CARD_ResultCode>120000</CARD_ResultCode>
      <CARD_ResultMsg urlencode="1">%C1%A4%BB%F3%C3%B3%B8%AE%B5%C7%BE%FA%BD%C0%B4%CF%B4%D9.</CARD_ResultMsg>
      <CARD_PrtcCode>1</CARD_PrtcCode>
      <CARD_Quota_Point>00</CARD_Quota_Point>
      <CARD_CheckFlag>0</CARD_CheckFlag>
      <CARD_PurchaseName urlencode="1"></CARD_PurchaseName>
      <CARD_IssuerName urlencode="1"></CARD_IssuerName>
      <CARD_JoinUsePoint></CARD_JoinUsePoint>
      <CARD_UsePoint></CARD_UsePoint>
      <CARD_CouponOnlyMer></CARD_CouponOnlyMer>
    </Card>
  </Payment>
</PaymentInfo>]
INFO	[2020-01-07 14:04:42:967] <11070> DECRYPT PARSE OK
INFO	[2020-01-07 14:04:42:967] <11070> WAIT ACK INVOKING
DEBUG	[2020-01-07 14:04:42:968] <11070> MAKE HEAD OK
INFO	[2020-01-07 14:04:42:970] <11070> SUCCESS ACK INVOKING
INFO	[2020-01-07 14:04:42:970] <11070> END securepay ¡§ªÛ√≥∏Æµ«æ˙Ω¿¥œ¥Ÿ. Laptime:[0.32sec]
INFO	[2020-01-07 14:04:42:971] <11070> ===============================================================
