INFO	[2019-01-18 11:04:14:88] <61780> START INIPHP chkfake (V5036-141209)(OS:Linux3.10.0-862.11.6.el7.x86_64,PHP:5.5.17p1)
DEBUG	[2019-01-18 11:04:14:88] <61780> inipayhome:/home/hosting_users/ilearning3/www/inipay
DEBUG	[2019-01-18 11:04:14:88] <61780> type:chkfake
DEBUG	[2019-01-18 11:04:14:88] <61780> debug:true
DEBUG	[2019-01-18 11:04:14:88] <61780> enctype:asym
DEBUG	[2019-01-18 11:04:14:88] <61780> admin:1111
DEBUG	[2019-01-18 11:04:14:88] <61780> checkopt:false
DEBUG	[2019-01-18 11:04:14:88] <61780> mid:obmms20151
DEBUG	[2019-01-18 11:04:14:88] <61780> price:11000
DEBUG	[2019-01-18 11:04:14:88] <61780> nointerest:no
DEBUG	[2019-01-18 11:04:14:88] <61780> quotabase:일시불
INFO	[2019-01-18 11:04:14:88] <61780> Check Field OK
INFO	[2019-01-18 11:04:14:176] <61780> MERCHANT PRIV KEY LOAD OK
INFO	[2019-01-18 11:04:14:179] <61780> MERCHANT PUB KEY LOAD OK []
INFO	[2019-01-18 11:04:14:189] <61780> CHKFAKE KEY MAKE OK:MjAxOTAxMTgxMTA0MTQxNzk1Njg5OQ==

INFO	[2019-01-18 11:04:14:189] <61780> END chkfake  Laptime:[0.102sec]
INFO	[2019-01-18 11:04:14:189] <61780> ===============================================================
INFO	[2019-01-18 11:04:24:139] <63034> START INIPHP chkfake (V5036-141209)(OS:Linux3.10.0-862.11.6.el7.x86_64,PHP:5.5.17p1)
DEBUG	[2019-01-18 11:04:24:140] <63034> inipayhome:/home/hosting_users/ilearning3/www/inipay
DEBUG	[2019-01-18 11:04:24:140] <63034> type:chkfake
DEBUG	[2019-01-18 11:04:24:140] <63034> debug:true
DEBUG	[2019-01-18 11:04:24:140] <63034> enctype:asym
DEBUG	[2019-01-18 11:04:24:140] <63034> admin:1111
DEBUG	[2019-01-18 11:04:24:140] <63034> checkopt:false
DEBUG	[2019-01-18 11:04:24:140] <63034> mid:obmms20151
DEBUG	[2019-01-18 11:04:24:140] <63034> price:11000
DEBUG	[2019-01-18 11:04:24:140] <63034> nointerest:no
DEBUG	[2019-01-18 11:04:24:140] <63034> quotabase:일시불
INFO	[2019-01-18 11:04:24:140] <63034> Check Field OK
INFO	[2019-01-18 11:04:24:140] <63034> MERCHANT PRIV KEY LOAD OK
INFO	[2019-01-18 11:04:24:141] <63034> MERCHANT PUB KEY LOAD OK []
INFO	[2019-01-18 11:04:24:142] <63034> CHKFAKE KEY MAKE OK:MjAxOTAxMTgxMTA0MjQxNDE1MzI0Ng==

INFO	[2019-01-18 11:04:24:142] <63034> END chkfake  Laptime:[0.003sec]
INFO	[2019-01-18 11:04:24:142] <63034> ===============================================================
INFO	[2019-01-18 11:37:56:583] <3467> START INIPHP chkfake (V5036-141209)(OS:Linux3.10.0-862.11.6.el7.x86_64,PHP:5.5.17p1)
DEBUG	[2019-01-18 11:37:56:583] <3467> inipayhome:/home/hosting_users/ilearning3/www/inipay
DEBUG	[2019-01-18 11:37:56:583] <3467> type:chkfake
DEBUG	[2019-01-18 11:37:56:583] <3467> debug:true
DEBUG	[2019-01-18 11:37:56:583] <3467> enctype:asym
DEBUG	[2019-01-18 11:37:56:583] <3467> admin:1111
DEBUG	[2019-01-18 11:37:56:583] <3467> checkopt:false
DEBUG	[2019-01-18 11:37:56:583] <3467> mid:obmms20151
DEBUG	[2019-01-18 11:37:56:583] <3467> price:11000
DEBUG	[2019-01-18 11:37:56:583] <3467> nointerest:no
DEBUG	[2019-01-18 11:37:56:583] <3467> quotabase:일시불
INFO	[2019-01-18 11:37:56:583] <3467> Check Field OK
INFO	[2019-01-18 11:37:56:584] <3467> MERCHANT PRIV KEY LOAD OK
INFO	[2019-01-18 11:37:56:584] <3467> MERCHANT PUB KEY LOAD OK []
INFO	[2019-01-18 11:37:56:585] <3467> CHKFAKE KEY MAKE OK:MjAxOTAxMTgxMTM3NTY1ODQyNjA1NQ==

INFO	[2019-01-18 11:37:56:585] <3467> END chkfake  Laptime:[0.002sec]
INFO	[2019-01-18 11:37:56:585] <3467> ===============================================================
