INFO	[2018-05-01 15:39:38:741] <21011> START INIPHP chkfake (V5036-141209)(OS:Linux2.6.32-696.18.7.el6.x86_64,PHP:5.5.17p1)
DEBUG	[2018-05-01 15:39:38:741] <21011> inipayhome:/home/hosting_users/ilearning3/www/inipay
DEBUG	[2018-05-01 15:39:38:741] <21011> type:chkfake
DEBUG	[2018-05-01 15:39:38:741] <21011> debug:true
DEBUG	[2018-05-01 15:39:38:741] <21011> enctype:asym
DEBUG	[2018-05-01 15:39:38:741] <21011> admin:1111
DEBUG	[2018-05-01 15:39:38:741] <21011> checkopt:false
DEBUG	[2018-05-01 15:39:38:741] <21011> mid:obmms20151
DEBUG	[2018-05-01 15:39:38:741] <21011> price:500000
DEBUG	[2018-05-01 15:39:38:741] <21011> nointerest:no
DEBUG	[2018-05-01 15:39:38:741] <21011> quotabase:선택:일시불:2개월:3개월:6개월
INFO	[2018-05-01 15:39:38:741] <21011> Check Field OK
INFO	[2018-05-01 15:39:38:817] <21011> MERCHANT PRIV KEY LOAD OK
INFO	[2018-05-01 15:39:38:822] <21011> MERCHANT PUB KEY LOAD OK []
INFO	[2018-05-01 15:39:38:825] <21011> CHKFAKE KEY MAKE OK:MjAxODA1MDExNTM5Mzg4MjIxODIxMQ==

INFO	[2018-05-01 15:39:38:825] <21011> END chkfake  Laptime:[0.084sec]
INFO	[2018-05-01 15:39:38:825] <21011> ===============================================================
INFO	[2018-05-01 15:40:06:429] <46527> START INIPHP chkfake (V5036-141209)(OS:Linux2.6.32-696.18.7.el6.x86_64,PHP:5.5.17p1)
DEBUG	[2018-05-01 15:40:06:429] <46527> inipayhome:/home/hosting_users/ilearning3/www/inipay
DEBUG	[2018-05-01 15:40:06:429] <46527> type:chkfake
DEBUG	[2018-05-01 15:40:06:429] <46527> debug:true
DEBUG	[2018-05-01 15:40:06:429] <46527> enctype:asym
DEBUG	[2018-05-01 15:40:06:429] <46527> admin:1111
DEBUG	[2018-05-01 15:40:06:429] <46527> checkopt:false
DEBUG	[2018-05-01 15:40:06:429] <46527> mid:obmms20151
DEBUG	[2018-05-01 15:40:06:429] <46527> price:500000
DEBUG	[2018-05-01 15:40:06:429] <46527> nointerest:no
DEBUG	[2018-05-01 15:40:06:429] <46527> quotabase:선택:일시불:2개월:3개월:6개월
INFO	[2018-05-01 15:40:06:429] <46527> Check Field OK
INFO	[2018-05-01 15:40:06:430] <46527> MERCHANT PRIV KEY LOAD OK
INFO	[2018-05-01 15:40:06:430] <46527> MERCHANT PUB KEY LOAD OK []
INFO	[2018-05-01 15:40:06:430] <46527> CHKFAKE KEY MAKE OK:MjAxODA1MDExNTQwMDY0MzA2OTE5OA==

INFO	[2018-05-01 15:40:06:431] <46527> END chkfake  Laptime:[0.001sec]
INFO	[2018-05-01 15:40:06:431] <46527> ===============================================================
INFO	[2018-05-01 15:41:51:420] <46533> START INIPHP chkfake (V5036-141209)(OS:Linux2.6.32-696.18.7.el6.x86_64,PHP:5.5.17p1)
DEBUG	[2018-05-01 15:41:51:420] <46533> inipayhome:/home/hosting_users/ilearning3/www/inipay
DEBUG	[2018-05-01 15:41:51:420] <46533> type:chkfake
DEBUG	[2018-05-01 15:41:51:420] <46533> debug:true
DEBUG	[2018-05-01 15:41:51:420] <46533> enctype:asym
DEBUG	[2018-05-01 15:41:51:420] <46533> admin:1111
DEBUG	[2018-05-01 15:41:51:420] <46533> checkopt:false
DEBUG	[2018-05-01 15:41:51:420] <46533> mid:obmms20151
DEBUG	[2018-05-01 15:41:51:420] <46533> price:500000
DEBUG	[2018-05-01 15:41:51:420] <46533> nointerest:no
DEBUG	[2018-05-01 15:41:51:420] <46533> quotabase:선택:일시불:2개월:3개월:6개월
INFO	[2018-05-01 15:41:51:420] <46533> Check Field OK
INFO	[2018-05-01 15:41:51:420] <46533> MERCHANT PRIV KEY LOAD OK
INFO	[2018-05-01 15:41:51:420] <46533> MERCHANT PUB KEY LOAD OK []
INFO	[2018-05-01 15:41:51:421] <46533> CHKFAKE KEY MAKE OK:MjAxODA1MDExNTQxNTE0MjA1NzYyNA==

INFO	[2018-05-01 15:41:51:421] <46533> END chkfake  Laptime:[0.001sec]
INFO	[2018-05-01 15:41:51:421] <46533> ===============================================================
