INFO	[2018-03-19 10:26:57:975] <75939> START INIPHP chkfake (V5036-141209)(OS:Linux2.6.32-696.18.7.el6.x86_64,PHP:5.5.17p1)
DEBUG	[2018-03-19 10:26:57:975] <75939> inipayhome:/home/hosting_users/ilearning3/www/inipay
DEBUG	[2018-03-19 10:26:57:975] <75939> type:chkfake
DEBUG	[2018-03-19 10:26:57:975] <75939> debug:true
DEBUG	[2018-03-19 10:26:57:975] <75939> enctype:asym
DEBUG	[2018-03-19 10:26:57:975] <75939> admin:1111
DEBUG	[2018-03-19 10:26:57:975] <75939> checkopt:false
DEBUG	[2018-03-19 10:26:57:975] <75939> mid:obmms20151
DEBUG	[2018-03-19 10:26:57:975] <75939> price:9900
DEBUG	[2018-03-19 10:26:57:975] <75939> nointerest:no
DEBUG	[2018-03-19 10:26:57:975] <75939> quotabase:선택:일시불:2개월:3개월:6개월
INFO	[2018-03-19 10:26:57:975] <75939> Check Field OK
INFO	[2018-03-19 10:26:58:67] <75939> MERCHANT PRIV KEY LOAD OK
INFO	[2018-03-19 10:26:58:72] <75939> MERCHANT PUB KEY LOAD OK []
INFO	[2018-03-19 10:26:58:74] <75939> CHKFAKE KEY MAKE OK:MjAxODAzMTkxMDI2NTgwNzI5NTkzMg==

INFO	[2018-03-19 10:26:58:74] <75939> END chkfake  Laptime:[0.1sec]
INFO	[2018-03-19 10:26:58:75] <75939> ===============================================================
INFO	[2018-03-19 10:27:43:744] <75934> START INIPHP chkfake (V5036-141209)(OS:Linux2.6.32-696.18.7.el6.x86_64,PHP:5.5.17p1)
DEBUG	[2018-03-19 10:27:43:744] <75934> inipayhome:/home/hosting_users/ilearning3/www/inipay
DEBUG	[2018-03-19 10:27:43:744] <75934> type:chkfake
DEBUG	[2018-03-19 10:27:43:744] <75934> debug:true
DEBUG	[2018-03-19 10:27:43:744] <75934> enctype:asym
DEBUG	[2018-03-19 10:27:43:744] <75934> admin:1111
DEBUG	[2018-03-19 10:27:43:744] <75934> checkopt:false
DEBUG	[2018-03-19 10:27:43:744] <75934> mid:obmms20151
DEBUG	[2018-03-19 10:27:43:744] <75934> price:28215
DEBUG	[2018-03-19 10:27:43:744] <75934> nointerest:no
DEBUG	[2018-03-19 10:27:43:744] <75934> quotabase:선택:일시불:2개월:3개월:6개월
INFO	[2018-03-19 10:27:43:744] <75934> Check Field OK
INFO	[2018-03-19 10:27:43:744] <75934> MERCHANT PRIV KEY LOAD OK
INFO	[2018-03-19 10:27:43:745] <75934> MERCHANT PUB KEY LOAD OK []
INFO	[2018-03-19 10:27:43:745] <75934> CHKFAKE KEY MAKE OK:MjAxODAzMTkxMDI3NDM3NDU5NTg2Ng==

INFO	[2018-03-19 10:27:43:745] <75934> END chkfake  Laptime:[0.001sec]
INFO	[2018-03-19 10:27:43:745] <75934> ===============================================================
INFO	[2018-03-19 10:33:08:407] <76029> START INIPHP chkfake (V5036-141209)(OS:Linux2.6.32-696.18.7.el6.x86_64,PHP:5.5.17p1)
DEBUG	[2018-03-19 10:33:08:407] <76029> inipayhome:/home/hosting_users/ilearning3/www/inipay
DEBUG	[2018-03-19 10:33:08:407] <76029> type:chkfake
DEBUG	[2018-03-19 10:33:08:407] <76029> debug:true
DEBUG	[2018-03-19 10:33:08:407] <76029> enctype:asym
DEBUG	[2018-03-19 10:33:08:407] <76029> admin:1111
DEBUG	[2018-03-19 10:33:08:407] <76029> checkopt:false
DEBUG	[2018-03-19 10:33:08:407] <76029> mid:obmms20151
DEBUG	[2018-03-19 10:33:08:407] <76029> price:29700
DEBUG	[2018-03-19 10:33:08:407] <76029> nointerest:no
DEBUG	[2018-03-19 10:33:08:407] <76029> quotabase:선택:일시불:2개월:3개월:6개월
INFO	[2018-03-19 10:33:08:407] <76029> Check Field OK
INFO	[2018-03-19 10:33:08:408] <76029> MERCHANT PRIV KEY LOAD OK
INFO	[2018-03-19 10:33:08:408] <76029> MERCHANT PUB KEY LOAD OK []
INFO	[2018-03-19 10:33:08:409] <76029> CHKFAKE KEY MAKE OK:MjAxODAzMTkxMDMzMDg0MDg3MzA2Mw==

INFO	[2018-03-19 10:33:08:409] <76029> END chkfake  Laptime:[0.001sec]
INFO	[2018-03-19 10:33:08:409] <76029> ===============================================================
INFO	[2018-03-19 10:33:15:95] <75928> START INIPHP chkfake (V5036-141209)(OS:Linux2.6.32-696.18.7.el6.x86_64,PHP:5.5.17p1)
DEBUG	[2018-03-19 10:33:15:95] <75928> inipayhome:/home/hosting_users/ilearning3/www/inipay
DEBUG	[2018-03-19 10:33:15:95] <75928> type:chkfake
DEBUG	[2018-03-19 10:33:15:95] <75928> debug:true
DEBUG	[2018-03-19 10:33:15:95] <75928> enctype:asym
DEBUG	[2018-03-19 10:33:15:95] <75928> admin:1111
DEBUG	[2018-03-19 10:33:15:95] <75928> checkopt:false
DEBUG	[2018-03-19 10:33:15:95] <75928> mid:obmms20151
DEBUG	[2018-03-19 10:33:15:95] <75928> price:29700
DEBUG	[2018-03-19 10:33:15:95] <75928> nointerest:no
DEBUG	[2018-03-19 10:33:15:95] <75928> quotabase:선택:일시불:2개월:3개월:6개월
INFO	[2018-03-19 10:33:15:95] <75928> Check Field OK
INFO	[2018-03-19 10:33:15:95] <75928> MERCHANT PRIV KEY LOAD OK
INFO	[2018-03-19 10:33:15:96] <75928> MERCHANT PUB KEY LOAD OK []
INFO	[2018-03-19 10:33:15:96] <75928> CHKFAKE KEY MAKE OK:MjAxODAzMTkxMDMzMTUwOTYyNjQ3Mg==

INFO	[2018-03-19 10:33:15:96] <75928> END chkfake  Laptime:[0.001sec]
INFO	[2018-03-19 10:33:15:96] <75928> ===============================================================
INFO	[2018-03-19 10:33:26:557] <76029> START INIPHP chkfake (V5036-141209)(OS:Linux2.6.32-696.18.7.el6.x86_64,PHP:5.5.17p1)
DEBUG	[2018-03-19 10:33:26:557] <76029> inipayhome:/home/hosting_users/ilearning3/www/inipay
DEBUG	[2018-03-19 10:33:26:557] <76029> type:chkfake
DEBUG	[2018-03-19 10:33:26:557] <76029> debug:true
DEBUG	[2018-03-19 10:33:26:557] <76029> enctype:asym
DEBUG	[2018-03-19 10:33:26:557] <76029> admin:1111
DEBUG	[2018-03-19 10:33:26:557] <76029> checkopt:false
DEBUG	[2018-03-19 10:33:26:557] <76029> mid:obmms20151
DEBUG	[2018-03-19 10:33:26:557] <76029> price:29700
DEBUG	[2018-03-19 10:33:26:557] <76029> nointerest:no
DEBUG	[2018-03-19 10:33:26:557] <76029> quotabase:선택:일시불:2개월:3개월:6개월
INFO	[2018-03-19 10:33:26:557] <76029> Check Field OK
INFO	[2018-03-19 10:33:26:557] <76029> MERCHANT PRIV KEY LOAD OK
INFO	[2018-03-19 10:33:26:557] <76029> MERCHANT PUB KEY LOAD OK []
INFO	[2018-03-19 10:33:26:558] <76029> CHKFAKE KEY MAKE OK:MjAxODAzMTkxMDMzMjY1NTcyMjc4NA==

INFO	[2018-03-19 10:33:26:558] <76029> END chkfake  Laptime:[0.001sec]
INFO	[2018-03-19 10:33:26:558] <76029> ===============================================================
INFO	[2018-03-19 10:35:52:857] <75934> START INIPHP chkfake (V5036-141209)(OS:Linux2.6.32-696.18.7.el6.x86_64,PHP:5.5.17p1)
DEBUG	[2018-03-19 10:35:52:857] <75934> inipayhome:/home/hosting_users/ilearning3/www/inipay
DEBUG	[2018-03-19 10:35:52:857] <75934> type:chkfake
DEBUG	[2018-03-19 10:35:52:857] <75934> debug:true
DEBUG	[2018-03-19 10:35:52:857] <75934> enctype:asym
DEBUG	[2018-03-19 10:35:52:857] <75934> admin:1111
DEBUG	[2018-03-19 10:35:52:857] <75934> checkopt:false
DEBUG	[2018-03-19 10:35:52:857] <75934> mid:obmms20151
DEBUG	[2018-03-19 10:35:52:857] <75934> price:28215
DEBUG	[2018-03-19 10:35:52:857] <75934> nointerest:no
DEBUG	[2018-03-19 10:35:52:857] <75934> quotabase:선택:일시불:2개월:3개월:6개월
INFO	[2018-03-19 10:35:52:857] <75934> Check Field OK
INFO	[2018-03-19 10:35:52:857] <75934> MERCHANT PRIV KEY LOAD OK
INFO	[2018-03-19 10:35:52:857] <75934> MERCHANT PUB KEY LOAD OK []
INFO	[2018-03-19 10:35:52:858] <75934> CHKFAKE KEY MAKE OK:MjAxODAzMTkxMDM1NTI4NTc5NTczNA==

INFO	[2018-03-19 10:35:52:858] <75934> END chkfake  Laptime:[0.001sec]
INFO	[2018-03-19 10:35:52:858] <75934> ===============================================================
INFO	[2018-03-19 10:36:02:409] <75922> START INIPHP chkfake (V5036-141209)(OS:Linux2.6.32-696.18.7.el6.x86_64,PHP:5.5.17p1)
DEBUG	[2018-03-19 10:36:02:409] <75922> inipayhome:/home/hosting_users/ilearning3/www/inipay
DEBUG	[2018-03-19 10:36:02:409] <75922> type:chkfake
DEBUG	[2018-03-19 10:36:02:409] <75922> debug:true
DEBUG	[2018-03-19 10:36:02:409] <75922> enctype:asym
DEBUG	[2018-03-19 10:36:02:409] <75922> admin:1111
DEBUG	[2018-03-19 10:36:02:409] <75922> checkopt:false
DEBUG	[2018-03-19 10:36:02:409] <75922> mid:obmms20151
DEBUG	[2018-03-19 10:36:02:409] <75922> price:28215
DEBUG	[2018-03-19 10:36:02:409] <75922> nointerest:no
DEBUG	[2018-03-19 10:36:02:409] <75922> quotabase:선택:일시불:2개월:3개월:6개월
INFO	[2018-03-19 10:36:02:409] <75922> Check Field OK
INFO	[2018-03-19 10:36:02:410] <75922> MERCHANT PRIV KEY LOAD OK
INFO	[2018-03-19 10:36:02:410] <75922> MERCHANT PUB KEY LOAD OK []
INFO	[2018-03-19 10:36:02:410] <75922> CHKFAKE KEY MAKE OK:MjAxODAzMTkxMDM2MDI0MTA2MjE2NQ==

INFO	[2018-03-19 10:36:02:410] <75922> END chkfake  Laptime:[0.001sec]
INFO	[2018-03-19 10:36:02:410] <75922> ===============================================================
INFO	[2018-03-19 10:43:39:744] <75919> START INIPHP chkfake (V5036-141209)(OS:Linux2.6.32-696.18.7.el6.x86_64,PHP:5.5.17p1)
DEBUG	[2018-03-19 10:43:39:744] <75919> inipayhome:/home/hosting_users/ilearning3/www/inipay
DEBUG	[2018-03-19 10:43:39:744] <75919> type:chkfake
DEBUG	[2018-03-19 10:43:39:744] <75919> debug:true
DEBUG	[2018-03-19 10:43:39:744] <75919> enctype:asym
DEBUG	[2018-03-19 10:43:39:744] <75919> admin:1111
DEBUG	[2018-03-19 10:43:39:744] <75919> checkopt:false
DEBUG	[2018-03-19 10:43:39:744] <75919> mid:obmms20151
DEBUG	[2018-03-19 10:43:39:744] <75919> price:28215
DEBUG	[2018-03-19 10:43:39:744] <75919> nointerest:no
DEBUG	[2018-03-19 10:43:39:744] <75919> quotabase:선택:일시불:2개월:3개월:6개월
INFO	[2018-03-19 10:43:39:744] <75919> Check Field OK
INFO	[2018-03-19 10:43:39:745] <75919> MERCHANT PRIV KEY LOAD OK
INFO	[2018-03-19 10:43:39:745] <75919> MERCHANT PUB KEY LOAD OK []
INFO	[2018-03-19 10:43:39:746] <75919> CHKFAKE KEY MAKE OK:MjAxODAzMTkxMDQzMzk3NDU4NzA5OA==

INFO	[2018-03-19 10:43:39:746] <75919> END chkfake  Laptime:[0.001sec]
INFO	[2018-03-19 10:43:39:746] <75919> ===============================================================
INFO	[2018-03-19 10:43:51:688] <75922> START INIPHP chkfake (V5036-141209)(OS:Linux2.6.32-696.18.7.el6.x86_64,PHP:5.5.17p1)
DEBUG	[2018-03-19 10:43:51:688] <75922> inipayhome:/home/hosting_users/ilearning3/www/inipay
DEBUG	[2018-03-19 10:43:51:688] <75922> type:chkfake
DEBUG	[2018-03-19 10:43:51:688] <75922> debug:true
DEBUG	[2018-03-19 10:43:51:688] <75922> enctype:asym
DEBUG	[2018-03-19 10:43:51:688] <75922> admin:1111
DEBUG	[2018-03-19 10:43:51:688] <75922> checkopt:false
DEBUG	[2018-03-19 10:43:51:688] <75922> mid:obmms20151
DEBUG	[2018-03-19 10:43:51:688] <75922> price:28215
DEBUG	[2018-03-19 10:43:51:688] <75922> nointerest:no
DEBUG	[2018-03-19 10:43:51:688] <75922> quotabase:선택:일시불:2개월:3개월:6개월
INFO	[2018-03-19 10:43:51:688] <75922> Check Field OK
INFO	[2018-03-19 10:43:51:688] <75922> MERCHANT PRIV KEY LOAD OK
INFO	[2018-03-19 10:43:51:688] <75922> MERCHANT PUB KEY LOAD OK []
INFO	[2018-03-19 10:43:51:689] <75922> CHKFAKE KEY MAKE OK:MjAxODAzMTkxMDQzNTE2ODg4MzQwNw==

INFO	[2018-03-19 10:43:51:689] <75922> END chkfake  Laptime:[0.001sec]
INFO	[2018-03-19 10:43:51:689] <75922> ===============================================================
INFO	[2018-03-19 10:58:08:279] <75918> START INIPHP chkfake (V5036-141209)(OS:Linux2.6.32-696.18.7.el6.x86_64,PHP:5.5.17p1)
DEBUG	[2018-03-19 10:58:08:279] <75918> inipayhome:/home/hosting_users/ilearning3/www/inipay
DEBUG	[2018-03-19 10:58:08:279] <75918> type:chkfake
DEBUG	[2018-03-19 10:58:08:279] <75918> debug:true
DEBUG	[2018-03-19 10:58:08:279] <75918> enctype:asym
DEBUG	[2018-03-19 10:58:08:279] <75918> admin:1111
DEBUG	[2018-03-19 10:58:08:279] <75918> checkopt:false
DEBUG	[2018-03-19 10:58:08:279] <75918> mid:obmms20151
DEBUG	[2018-03-19 10:58:08:279] <75918> price:28215
DEBUG	[2018-03-19 10:58:08:279] <75918> nointerest:no
DEBUG	[2018-03-19 10:58:08:279] <75918> quotabase:선택:일시불:2개월:3개월:6개월
INFO	[2018-03-19 10:58:08:279] <75918> Check Field OK
INFO	[2018-03-19 10:58:08:280] <75918> MERCHANT PRIV KEY LOAD OK
INFO	[2018-03-19 10:58:08:280] <75918> MERCHANT PUB KEY LOAD OK []
INFO	[2018-03-19 10:58:08:280] <75918> CHKFAKE KEY MAKE OK:MjAxODAzMTkxMDU4MDgyODAzODYyNA==

INFO	[2018-03-19 10:58:08:280] <75918> END chkfake  Laptime:[0.001sec]
INFO	[2018-03-19 10:58:08:280] <75918> ===============================================================
INFO	[2018-03-19 15:19:57:667] <51764> START INIPHP chkfake (V5036-141209)(OS:Linux2.6.32-696.18.7.el6.x86_64,PHP:5.5.17p1)
DEBUG	[2018-03-19 15:19:57:668] <51764> inipayhome:/home/hosting_users/ilearning3/www/inipay
DEBUG	[2018-03-19 15:19:57:668] <51764> type:chkfake
DEBUG	[2018-03-19 15:19:57:668] <51764> debug:true
DEBUG	[2018-03-19 15:19:57:668] <51764> enctype:asym
DEBUG	[2018-03-19 15:19:57:668] <51764> admin:1111
DEBUG	[2018-03-19 15:19:57:668] <51764> checkopt:false
DEBUG	[2018-03-19 15:19:57:668] <51764> mid:obmms20151
DEBUG	[2018-03-19 15:19:57:668] <51764> price:106920
DEBUG	[2018-03-19 15:19:57:668] <51764> nointerest:no
DEBUG	[2018-03-19 15:19:57:668] <51764> quotabase:선택:일시불:2개월:3개월:6개월
INFO	[2018-03-19 15:19:57:669] <51764> Check Field OK
INFO	[2018-03-19 15:19:57:669] <51764> MERCHANT PRIV KEY LOAD OK
INFO	[2018-03-19 15:19:57:669] <51764> MERCHANT PUB KEY LOAD OK []
INFO	[2018-03-19 15:19:57:669] <51764> CHKFAKE KEY MAKE OK:MjAxODAzMTkxNTE5NTc2NjkzOTMyNQ==

INFO	[2018-03-19 15:19:57:670] <51764> END chkfake  Laptime:[0.003sec]
INFO	[2018-03-19 15:19:57:670] <51764> ===============================================================
