INFO	[2016-02-15 21:00:28:723] <26325> START INIPHP chkfake (V5036-141209)(OS:Linux4.1.13,PHP:5.3.13p1)
DEBUG	[2016-02-15 21:00:28:731] <26325> inipayhome:/home/hosting_users/zymo_obms/www/inipay
DEBUG	[2016-02-15 21:00:28:731] <26325> type:chkfake
DEBUG	[2016-02-15 21:00:28:731] <26325> debug:true
DEBUG	[2016-02-15 21:00:28:731] <26325> enctype:asym
DEBUG	[2016-02-15 21:00:28:731] <26325> admin:1111
DEBUG	[2016-02-15 21:00:28:731] <26325> checkopt:false
DEBUG	[2016-02-15 21:00:28:731] <26325> mid:obmms20151
DEBUG	[2016-02-15 21:00:28:731] <26325> price:20000
DEBUG	[2016-02-15 21:00:28:731] <26325> nointerest:no
DEBUG	[2016-02-15 21:00:28:731] <26325> quotabase:선택:일시불:2개월:3개월:6개월
INFO	[2016-02-15 21:00:28:731] <26325> Check Field OK
INFO	[2016-02-15 21:00:28:737] <26325> MERCHANT PRIV KEY LOAD OK
INFO	[2016-02-15 21:00:28:737] <26325> MERCHANT PUB KEY LOAD OK []
INFO	[2016-02-15 21:00:28:738] <26325> CHKFAKE KEY MAKE OK:MjAxNjAyMTUyMTAwMjg3Mzc0ODA1OA==

INFO	[2016-02-15 21:00:28:738] <26325> END chkfake  Laptime:[0.031sec]
INFO	[2016-02-15 21:00:28:738] <26325> ===============================================================
INFO	[2016-02-15 21:00:36:530] <592> START INIPHP chkfake (V5036-141209)(OS:Linux4.1.13,PHP:5.3.13p1)
DEBUG	[2016-02-15 21:00:36:530] <592> inipayhome:/home/hosting_users/zymo_obms/www/inipay
DEBUG	[2016-02-15 21:00:36:530] <592> type:chkfake
DEBUG	[2016-02-15 21:00:36:530] <592> debug:true
DEBUG	[2016-02-15 21:00:36:530] <592> enctype:asym
DEBUG	[2016-02-15 21:00:36:530] <592> admin:1111
DEBUG	[2016-02-15 21:00:36:530] <592> checkopt:false
DEBUG	[2016-02-15 21:00:36:530] <592> mid:obmms20151
DEBUG	[2016-02-15 21:00:36:530] <592> price:20000
DEBUG	[2016-02-15 21:00:36:530] <592> nointerest:no
DEBUG	[2016-02-15 21:00:36:530] <592> quotabase:선택:일시불:2개월:3개월:6개월
INFO	[2016-02-15 21:00:36:530] <592> Check Field OK
INFO	[2016-02-15 21:00:36:530] <592> MERCHANT PRIV KEY LOAD OK
INFO	[2016-02-15 21:00:36:530] <592> MERCHANT PUB KEY LOAD OK []
INFO	[2016-02-15 21:00:36:531] <592> CHKFAKE KEY MAKE OK:MjAxNjAyMTUyMTAwMzY1MzAzMDU3NA==

INFO	[2016-02-15 21:00:36:531] <592> END chkfake  Laptime:[0.002sec]
INFO	[2016-02-15 21:00:36:531] <592> ===============================================================
