INFO	[2019-07-31 13:15:13:327] <30539> START INIPHP chkfake (V5036-141209)(OS:Linux2.6.18-274.3.1.el5,PHP:5.2.9)
DEBUG	[2019-07-31 13:15:13:327] <30539> inipayhome:/home/ilearning3/www/inipay
DEBUG	[2019-07-31 13:15:13:327] <30539> type:chkfake
DEBUG	[2019-07-31 13:15:13:327] <30539> debug:true
DEBUG	[2019-07-31 13:15:13:327] <30539> enctype:asym
DEBUG	[2019-07-31 13:15:13:327] <30539> admin:1111
DEBUG	[2019-07-31 13:15:13:327] <30539> checkopt:false
DEBUG	[2019-07-31 13:15:13:327] <30539> mid:obmms20151
DEBUG	[2019-07-31 13:15:13:327] <30539> price:11000
DEBUG	[2019-07-31 13:15:13:327] <30539> nointerest:no
DEBUG	[2019-07-31 13:15:13:327] <30539> quotabase:ÏÑ†ÌÉù:ÏùºÏãúÎ∂à:2Í∞úÏõî:3Í∞úÏõî:6Í∞úÏõî:12Í∞úÏõî
INFO	[2019-07-31 13:15:13:327] <30539> Check Field OK
INFO	[2019-07-31 13:15:13:327] <30539> MERCHANT PRIV KEY LOAD OK
INFO	[2019-07-31 13:15:13:327] <30539> MERCHANT PUB KEY LOAD OK []
INFO	[2019-07-31 13:15:13:329] <30539> CHKFAKE KEY MAKE OK:MjAxOTA3MzExMzE1MTMzMjc1MDk5Nw==

INFO	[2019-07-31 13:15:13:329] <30539> END chkfake  Laptime:[0sec]
INFO	[2019-07-31 13:15:13:329] <30539> ===============================================================
INFO	[2019-07-31 13:15:31:186] <30577> START INIPHP chkfake (V5036-141209)(OS:Linux2.6.18-274.3.1.el5,PHP:5.2.9)
DEBUG	[2019-07-31 13:15:31:186] <30577> inipayhome:/home/ilearning3/www/inipay
DEBUG	[2019-07-31 13:15:31:186] <30577> type:chkfake
DEBUG	[2019-07-31 13:15:31:186] <30577> debug:true
DEBUG	[2019-07-31 13:15:31:186] <30577> enctype:asym
DEBUG	[2019-07-31 13:15:31:186] <30577> admin:1111
DEBUG	[2019-07-31 13:15:31:186] <30577> checkopt:false
DEBUG	[2019-07-31 13:15:31:186] <30577> mid:obmms20151
DEBUG	[2019-07-31 13:15:31:186] <30577> price:11000
DEBUG	[2019-07-31 13:15:31:186] <30577> nointerest:no
DEBUG	[2019-07-31 13:15:31:186] <30577> quotabase:ÏÑ†ÌÉù:ÏùºÏãúÎ∂à:2Í∞úÏõî:3Í∞úÏõî:6Í∞úÏõî:12Í∞úÏõî
INFO	[2019-07-31 13:15:31:186] <30577> Check Field OK
INFO	[2019-07-31 13:15:31:187] <30577> MERCHANT PRIV KEY LOAD OK
INFO	[2019-07-31 13:15:31:187] <30577> MERCHANT PUB KEY LOAD OK []
INFO	[2019-07-31 13:15:31:188] <30577> CHKFAKE KEY MAKE OK:MjAxOTA3MzExMzE1MzExODc5ODk1MQ==

INFO	[2019-07-31 13:15:31:188] <30577> END chkfake  Laptime:[0sec]
INFO	[2019-07-31 13:15:31:188] <30577> ===============================================================
INFO	[2019-07-31 13:15:55:574] <30577> START INIPHP chkfake (V5036-141209)(OS:Linux2.6.18-274.3.1.el5,PHP:5.2.9)
DEBUG	[2019-07-31 13:15:55:575] <30577> inipayhome:/home/ilearning3/www/inipay
DEBUG	[2019-07-31 13:15:55:575] <30577> type:chkfake
DEBUG	[2019-07-31 13:15:55:575] <30577> debug:true
DEBUG	[2019-07-31 13:15:55:575] <30577> enctype:asym
DEBUG	[2019-07-31 13:15:55:575] <30577> admin:1111
DEBUG	[2019-07-31 13:15:55:575] <30577> checkopt:false
DEBUG	[2019-07-31 13:15:55:575] <30577> mid:obmms20151
DEBUG	[2019-07-31 13:15:55:575] <30577> price:11000
DEBUG	[2019-07-31 13:15:55:575] <30577> nointerest:no
DEBUG	[2019-07-31 13:15:55:575] <30577> quotabase:ÏÑ†ÌÉù:ÏùºÏãúÎ∂à:2Í∞úÏõî:3Í∞úÏõî:6Í∞úÏõî:12Í∞úÏõî
INFO	[2019-07-31 13:15:55:575] <30577> Check Field OK
INFO	[2019-07-31 13:15:55:575] <30577> MERCHANT PRIV KEY LOAD OK
INFO	[2019-07-31 13:15:55:575] <30577> MERCHANT PUB KEY LOAD OK []
INFO	[2019-07-31 13:15:55:576] <30577> CHKFAKE KEY MAKE OK:MjAxOTA3MzExMzE1NTU1NzU5NDE4Nw==

INFO	[2019-07-31 13:15:55:577] <30577> END chkfake  Laptime:[0.01sec]
INFO	[2019-07-31 13:15:55:577] <30577> ===============================================================
INFO	[2019-07-31 13:16:05:106] <30577> START INIPHP chkfake (V5036-141209)(OS:Linux2.6.18-274.3.1.el5,PHP:5.2.9)
DEBUG	[2019-07-31 13:16:05:106] <30577> inipayhome:/home/ilearning3/www/inipay
DEBUG	[2019-07-31 13:16:05:106] <30577> type:chkfake
DEBUG	[2019-07-31 13:16:05:106] <30577> debug:true
DEBUG	[2019-07-31 13:16:05:106] <30577> enctype:asym
DEBUG	[2019-07-31 13:16:05:106] <30577> admin:1111
DEBUG	[2019-07-31 13:16:05:106] <30577> checkopt:false
DEBUG	[2019-07-31 13:16:05:106] <30577> mid:obmms20151
DEBUG	[2019-07-31 13:16:05:106] <30577> price:11000
DEBUG	[2019-07-31 13:16:05:106] <30577> nointerest:no
DEBUG	[2019-07-31 13:16:05:106] <30577> quotabase:ÏÑ†ÌÉù:ÏùºÏãúÎ∂à:2Í∞úÏõî:3Í∞úÏõî:6Í∞úÏõî:12Í∞úÏõî
INFO	[2019-07-31 13:16:05:107] <30577> Check Field OK
INFO	[2019-07-31 13:16:05:107] <30577> MERCHANT PRIV KEY LOAD OK
INFO	[2019-07-31 13:16:05:107] <30577> MERCHANT PUB KEY LOAD OK []
INFO	[2019-07-31 13:16:05:109] <30577> CHKFAKE KEY MAKE OK:MjAxOTA3MzExMzE2MDUxMDczMTQ3MQ==

INFO	[2019-07-31 13:16:05:109] <30577> END chkfake  Laptime:[0sec]
INFO	[2019-07-31 13:16:05:109] <30577> ===============================================================
INFO	[2019-07-31 13:17:03:573] <17052> START INIPHP chkfake (V5036-141209)(OS:Linux2.6.18-274.3.1.el5,PHP:5.2.9)
DEBUG	[2019-07-31 13:17:03:573] <17052> inipayhome:/home/ilearning3/www/inipay
DEBUG	[2019-07-31 13:17:03:573] <17052> type:chkfake
DEBUG	[2019-07-31 13:17:03:573] <17052> debug:true
DEBUG	[2019-07-31 13:17:03:573] <17052> enctype:asym
DEBUG	[2019-07-31 13:17:03:573] <17052> admin:1111
DEBUG	[2019-07-31 13:17:03:573] <17052> checkopt:false
DEBUG	[2019-07-31 13:17:03:573] <17052> mid:obmms20151
DEBUG	[2019-07-31 13:17:03:573] <17052> price:11000
DEBUG	[2019-07-31 13:17:03:573] <17052> nointerest:no
DEBUG	[2019-07-31 13:17:03:573] <17052> quotabase:ÏÑ†ÌÉù:ÏùºÏãúÎ∂à:2Í∞úÏõî:3Í∞úÏõî:6Í∞úÏõî:12Í∞úÏõî
INFO	[2019-07-31 13:17:03:573] <17052> Check Field OK
INFO	[2019-07-31 13:17:03:573] <17052> MERCHANT PRIV KEY LOAD OK
INFO	[2019-07-31 13:17:03:574] <17052> MERCHANT PUB KEY LOAD OK []
INFO	[2019-07-31 13:17:03:575] <17052> CHKFAKE KEY MAKE OK:MjAxOTA3MzExMzE3MDM1NzQ1MDY0OQ==

INFO	[2019-07-31 13:17:03:575] <17052> END chkfake  Laptime:[0.01sec]
INFO	[2019-07-31 13:17:03:575] <17052> ===============================================================
INFO	[2019-07-31 13:22:23:8] <4662> START INIPHP chkfake (V5036-141209)(OS:Linux2.6.18-274.3.1.el5,PHP:5.2.9)
DEBUG	[2019-07-31 13:22:23:8] <4662> inipayhome:/home/ilearning3/www/inipay
DEBUG	[2019-07-31 13:22:23:8] <4662> type:chkfake
DEBUG	[2019-07-31 13:22:23:8] <4662> debug:true
DEBUG	[2019-07-31 13:22:23:8] <4662> enctype:asym
DEBUG	[2019-07-31 13:22:23:8] <4662> admin:1111
DEBUG	[2019-07-31 13:22:23:8] <4662> checkopt:false
DEBUG	[2019-07-31 13:22:23:8] <4662> mid:obmms20151
DEBUG	[2019-07-31 13:22:23:8] <4662> price:11000
DEBUG	[2019-07-31 13:22:23:8] <4662> nointerest:no
DEBUG	[2019-07-31 13:22:23:8] <4662> quotabase:ÏÑ†ÌÉù:ÏùºÏãúÎ∂à:2Í∞úÏõî:3Í∞úÏõî:6Í∞úÏõî:12Í∞úÏõî
INFO	[2019-07-31 13:22:23:8] <4662> Check Field OK
INFO	[2019-07-31 13:22:23:8] <4662> MERCHANT PRIV KEY LOAD OK
INFO	[2019-07-31 13:22:23:8] <4662> MERCHANT PUB KEY LOAD OK []
INFO	[2019-07-31 13:22:23:10] <4662> CHKFAKE KEY MAKE OK:MjAxOTA3MzExMzIyMjMwMDg1OTM3OA==

INFO	[2019-07-31 13:22:23:10] <4662> END chkfake  Laptime:[0sec]
INFO	[2019-07-31 13:22:23:10] <4662> ===============================================================
INFO	[2019-07-31 13:24:12:36] <27461> START INIPHP securepay (V5036-141209)(OS:Linux2.6.18-274.3.1.el5,PHP:5.2.9)
DEBUG	[2019-07-31 13:24:12:36] <27461> inipayhome:/home/ilearning3/www/inipay
DEBUG	[2019-07-31 13:24:12:36] <27461> type:securepay
DEBUG	[2019-07-31 13:24:12:36] <27461> pgid:INIphpCARD
DEBUG	[2019-07-31 13:24:12:36] <27461> subpgip:203.238.3.10
DEBUG	[2019-07-31 13:24:12:36] <27461> admin:1111
DEBUG	[2019-07-31 13:24:12:36] <27461> debug:true
DEBUG	[2019-07-31 13:24:12:36] <27461> uid:
DEBUG	[2019-07-31 13:24:12:36] <27461> goodname:∞≥¿Œ«¸-¿œπ›∞·¡¶
DEBUG	[2019-07-31 13:24:12:36] <27461> currency:WON
DEBUG	[2019-07-31 13:24:12:36] <27461> mid:obmms20151
DEBUG	[2019-07-31 13:24:12:36] <27461> rn:MjAxOTA3MzExMzIyMjMwMDg1OTM3OA==

DEBUG	[2019-07-31 13:24:12:36] <27461> price:11000
DEBUG	[2019-07-31 13:24:12:36] <27461> enctype:
DEBUG	[2019-07-31 13:24:12:36] <27461> buyername:(¡÷)±€∑Œπ˙«™∏•ƒ£±∏µÈ
DEBUG	[2019-07-31 13:24:12:36] <27461> buyertel:010-9294-0455
DEBUG	[2019-07-31 13:24:12:36] <27461> buyeremail:idreamkey@naver.com
DEBUG	[2019-07-31 13:24:12:36] <27461> paymethod:Card
DEBUG	[2019-07-31 13:24:12:36] <27461> encrypted:Version=4.1&PayMethod=Card&RsaKeyNum=1&EncryptionAlgorithm=SEED-CBC&SignAlgorithm=RSAwithSHA1&CertVer=39&moid=12348_190731012223&ver_trace=main(6109,6065)card(6185,6158)n(6009)Cs(6025)Dt(6002)Pa(6002)Cf(6025)Fv(0000)La(6183)Re(6135)Vr(6008)P(6034)en(6070)nP(6006)&pg1=39.115.212.10&pg2=203.238.37.3&pg1ip=39.115.212.10&pg2ip=203.238.37.3&agreeflag=1111&Data=L2Doyn1mZLKWKGEUeLCziMdcdbiMieU4fyoaTQEMmkrP2PiV+SjcTrcy0DjoXQyP
m/MAiT6ycPfRgh9pAREyy1K0n9/V1VOdcBa4Zi57VIg77nWLn0Qcm27zAAu4KK27
WC/LtI63+yHJcwl+z5SLZ2zOXl775gBBRzzXhZUJJx10ezAftp2NoNT4VEnVRglC
Ns6BW06JZZobHA1Q7851sebRoKY041Q83DXvdCzltl77xjXIOXQtH6otQWnEAn4Q
yIuxYX5nYpGWWaE2Qui5ari22IO6EwGajYL+SpnlhYVqEeL1RozxG5zoGY5ZD0fY
3cFhN1v/9rG0Q+VRaWK1h2D4ktmJgGrqUeQz4f4u9qSSgxEL2EqUDaYkkEG8tY3e
brOJ+SibVi/HZLGwi9KiIyGd/3CPkk4qb9FOD9KIEiQgrHDLhKG10cXnL8c2OpKJ
wB3E6Y4BRFFgbzpX1G08OMNhfdZ6IqepxYKp8yLC9aEMDkprfv7/9DvvOUs63Y/V
ECUmPnUgTPNtMGstJVBrSbIVJSxH9i48DK8F2vRpBQwZEsSaxDA+tiU651nH9Hlu
FmBhAcItjarCosRZsbdqBclgZbdh+ubmNhxWFjNX+/tcqnkMm0w/1oPey+6Vc577
T4YoJsMlkIrdqQ6sdb5m1xY6YWqGfPNH4U2Ep0O2Bc9WAewGBg4lVvL6CWvwY9Tn
CjxIwjmw1I3yg+SW5RcSxDnr4FjPMeoWsxxf0f93AdL2jT42ECikyOMTxe+F+gnf
+hmQCD7jxA5diQWi8Ds+LDc0LkbQvegp1D+3vrqChLenUYM4DVfHd0Jv7XjAy00m
xC41EER6lVCth4YNxIu5Sx5uJQ==
DEBUG	[2019-07-31 13:24:12:36] <27461> sessionkey:AV09+k+q9i9YF/I01lnhcGeQ7fF9OnafqDIitlOaofKh1wagYVyBeIcV7IVnF71L
4H+Il9RmrssFDQ+zcvGiS+3qd+TwFqb7FiQvWKYGfWmONd92wgSSC7Nrb8bF1qKQ
uO092c6x+C7hXWPfx1Kx4q86WHfi438YbF/TL+NQyx4=
DEBUG	[2019-07-31 13:24:12:36] <27461> url:http://www.obmms.net
DEBUG	[2019-07-31 13:24:12:36] <27461> cardcode:12
DEBUG	[2019-07-31 13:24:12:36] <27461> parentemail:idreamkey@naver.com
DEBUG	[2019-07-31 13:24:12:36] <27461> recvname:
DEBUG	[2019-07-31 13:24:12:36] <27461> recvtel:
DEBUG	[2019-07-31 13:24:12:36] <27461> recvaddr:
DEBUG	[2019-07-31 13:24:12:36] <27461> recvpostnum:
DEBUG	[2019-07-31 13:24:12:36] <27461> recvmsg:
DEBUG	[2019-07-31 13:24:12:36] <27461> joincard:
DEBUG	[2019-07-31 13:24:12:36] <27461> joinexpire:
DEBUG	[2019-07-31 13:24:12:36] <27461> id_customer:
INFO	[2019-07-31 13:24:12:37] <27461> Check Field OK
INFO	[2019-07-31 13:24:12:37] <27461> Make TID OK INIphpCARDobmms2015120190731132412377759
INFO	[2019-07-31 13:24:12:37] <27461> PI PUB KEY LOAD OK [39]
INFO	[2019-07-31 13:24:12:60] <27461> PG PUB KEY LOAD OK [30]
INFO	[2019-07-31 13:24:12:60] <27461> MERCHANT PRIV KEY LOAD OK
INFO	[2019-07-31 13:24:12:60] <27461> MERCHANT PUB KEY LOAD OK [0]
INFO	[2019-07-31 13:24:12:63] <27461> MAKE BODY OK
INFO	[2019-07-31 13:24:12:65] <27461> SIGN OK
INFO	[2019-07-31 13:24:12:65] <27461> MAKE HEAD OK
INFO	[2019-07-31 13:24:12:65] <27461> MSG_TO_PG:[0301600175R SHA1                   0                  39                  300200obmms20151               11000INIphpCARDobmms2015120190731132412377759<?xml version="1.0" encoding="UTF-8"?>
<INIpay>
	  <GoodsInfo>
	    <GoodsCnt>1</GoodsCnt>
	    <MOID/>
	    <Currency>WON</Currency>
	    <Tax/>
	    <TaxFree/>
	    <Goods>
	      <SMID>obmms20151</SMID>
	      <GoodsName urlencode="1">%B0%B3%C0%CE%C7%FC-%C0%CF%B9%DD%B0%E1%C1%A6</GoodsName>
	      <GoodsPrice>11000</GoodsPrice></Goods></GoodsInfo>
	  <BuyerInfo>
	    <BuyerName urlencode="1">%28%C1%D6%29%B1%DB%B7%CE%B9%FA%C7%AA%B8%A5%C4%A3%B1%B8%B5%E9</BuyerName>
	    <BuyerTel>010-9294-0455</BuyerTel>
	    <BuyerEmail urlencode="1">idreamkey%40naver.com</BuyerEmail>
	    <ParentEmail urlencode="1">idreamkey%40naver.com</ParentEmail>
	    <RecvName/>
	    <RecvTel/>
	    <RecvMsg/>
	    <RecvAddr/>
	    <RecvPostNum/></BuyerInfo>
	  <PaymentInfo>
	    <Payment>
	      <PayMethod>Card</PayMethod>
	      <JoinCard/>
	      <JoinExpire/>
	      <MailOrder/>
	      <SessionKey>AV09+k+q9i9YF/I01lnhcGeQ7fF9OnafqDIitlOaofKh1wagYVyBeIcV7IVnF71L
4H+Il9RmrssFDQ+zcvGiS+3qd+TwFqb7FiQvWKYGfWmONd92wgSSC7Nrb8bF1qKQ
uO092c6x+C7hXWPfx1Kx4q86WHfi438YbF/TL+NQyx4=</SessionKey>
	      <Encrypted urlencode="1">Version%3D4.1%26PayMethod%3DCard%26RsaKeyNum%3D1%26EncryptionAlgorithm%3DSEED-CBC%26SignAlgorithm%3DRSAwithSHA1%26CertVer%3D39%26moid%3D12348_190731012223%26ver_trace%3Dmain%286109%2C6065%29card%286185%2C6158%29n%286009%29Cs%286025%29Dt%286002%29Pa%286002%29Cf%286025%29Fv%280000%29La%286183%29Re%286135%29Vr%286008%29P%286034%29en%286070%29nP%286006%29%26pg1%3D39.115.212.10%26pg2%3D203.238.37.3%26pg1ip%3D39.115.212.10%26pg2ip%3D203.238.37.3%26agreeflag%3D1111%26Data%3DL2Doyn1mZLKWKGEUeLCziMdcdbiMieU4fyoaTQEMmkrP2PiV%2BSjcTrcy0DjoXQyP%0D%0Am%2FMAiT6ycPfRgh9pAREyy1K0n9%2FV1VOdcBa4Zi57VIg77nWLn0Qcm27zAAu4KK27%0D%0AWC%2FLtI63%2ByHJcwl%2Bz5SLZ2zOXl775gBBRzzXhZUJJx10ezAftp2NoNT4VEnVRglC%0D%0ANs6BW06JZZobHA1Q7851sebRoKY041Q83DXvdCzltl77xjXIOXQtH6otQWnEAn4Q%0D%0AyIuxYX5nYpGWWaE2Qui5ari22IO6EwGajYL%2BSpnlhYVqEeL1RozxG5zoGY5ZD0fY%0D%0A3cFhN1v%2F9rG0Q%2BVRaWK1h2D4ktmJgGrqUeQz4f4u9qSSgxEL2EqUDaYkkEG8tY3e%0D%0AbrOJ%2BSibVi%2FHZLGwi9KiIyGd%2F3CPkk4qb9FOD9KIEiQgrHDLhKG10cXnL8c2OpKJ%0D%0AwB3E6Y4BRFFgbzpX1G08OMNhfdZ6IqepxYKp8yLC9aEMDkprfv7%2F9DvvOUs63Y%2FV%0D%0AECUmPnUgTPNtMGstJVBrSbIVJSxH9i48DK8F2vRpBQwZEsSaxDA%2BtiU651nH9Hlu%0D%0AFmBhAcItjarCosRZsbdqBclgZbdh%2BubmNhxWFjNX%2B%2FtcqnkMm0w%2F1oPey%2B6Vc577%0D%0AT4YoJsMlkIrdqQ6sdb5m1xY6YWqGfPNH4U2Ep0O2Bc9WAewGBg4lVvL6CWvwY9Tn%0D%0ACjxIwjmw1I3yg%2BSW5RcSxDnr4FjPMeoWsxxf0f93AdL2jT42ECikyOMTxe%2BF%2Bgnf%0D%0A%2BhmQCD7jxA5diQWi8Ds%2BLDc0LkbQvegp1D%2B3vrqChLenUYM4DVfHd0Jv7XjAy00m%0D%0AxC41EER6lVCth4YNxIu5Sx5uJQ%3D%3D</Encrypted></Payment></PaymentInfo>
	  <ReservedInfo>
	    <MReserved1/>
	    <MReserved2/>
	    <MReserved3/></ReservedInfo>
	  <ManageInfo>
	    <Language/>
	    <URL urlencode="1">http%3A%2F%2Fwww.obmms.net</URL>
	    <TXVersion>5036B141209securLinux     PHPchkfake   2.6.18-274.3.1.el5PHP:5.2.9   </TXVersion>
	    <TXUserID/>
	    <TXRegNum/>
	    <Ack>1</Ack>
	    <TXRN>MjAxOTA3MzExMzIyMjMwMDg1OTM3OA==
</TXRN></ManageInfo></INIpay>AWf6mDJSOZJj2m7TNAkdVffy+blnejNe4Ohnul/mO44o8SxR/SQQ+pNauj1NBeqg
JVsb6kYLJ7u/DbAqEHQh7/dmfh/0HTWHyFikBpb6WNhUDcfByIjjXwbJDMRa2BF6
KyA8oQSa0LzKK/8T5Ynq8tXjUEXRsVKT2pi/hdjT9Myz
]
INFO	[2019-07-31 13:24:12:77] <27461> DNS LOOKUP OK(39.115.212.10:39.115.212.10:34049) laptime:0
INFO	[2019-07-31 13:24:12:79] <27461> SOCKET CONNECT OK
INFO	[2019-07-31 13:24:12:79] <27461> SEND OK
INFO	[2019-07-31 13:24:12:561] <27461> RECV OK
INFO	[2019-07-31 13:24:12:561] <27461> MSG_FROM_PG:[0312800175D SHA1                   0                  39                  300210obmms20151               11000INIphpCARDobmms2015120190731132412377759<?xml version="1.0" encoding="UTF-8"?>
<INIpay>
  <GoodsInfo>
    <GoodsCnt>1</GoodsCnt>
    <MOID urlencode="1">12348_190731012223</MOID>
    <Currency>WON</Currency>
    <Goods no="1">
      <SMID>obmms20151</SMID>
      <GoodsName urlencode="1">%B0%B3%C0%CE%C7%FC-%C0%CF%B9%DD%B0%E1%C1%A6</GoodsName>
      <GoodsCntS>1</GoodsCntS>
      <GoodsPrice>11000</GoodsPrice>
    </Goods>
  </GoodsInfo>
  <PaymentInfo>
    <Payment>
      <SessionKey>AY8uItqWO/Xuuo4Hkmz1CSWm7Ld+l6u8WG5fXxZORx9RuS7gv92WM1fAkj0UkArL
wC1E24Z8Wq8v5taF887xyz6H3iUJb7og+nM3YuPlln+5uDJoe7aTyThfB/W/WF6l
n7+BOTEaRoSqofLk8l1tvY9jm3v3RarO4m+ZDJAGqanUrKeEnSHUnC8=
</SessionKey>
      <Encrypted>aA46i67E7vDSCor0b60D+fZcthaLfJ/rYj4LQyqOeBi+7Fw6S1BZNt5sMp1BzIJu
ndkaBHZQfcac7bVC6zyfqqxiZigiO3X8Ec1f8ivl1JZEqJn6rL3cY1JI4XmuL/Ha
osuQlTUR1qwf3UDG1s+Sc4LA5eetBPLQzdSZiqlfFj4qts3qyRMk/fm0BVDeW0Xl
mrWBbItwEl/o/u0tCi1AVoYbFKri1XNBT4eV79JQyCQif2xmAvhTFHcJjeHp0WAg
8ewxI7PwwiUe7pBzMHry+RCs2qs26uYpGCA2YcSwFNyfXLfQ/kMNL+Js8siMtia1
Im7bu0yb7E4i4OaeNFVtm+uQTUiQ6ZqPgC5VkBGNFg2jCAfEITYLlz4nSEl1LdYb
09B6lzU6CMjLCRz+KKXCEFGZxS5bRUf4HVMKZRK0dr+hAa/BHCEMVdG9bEqJWS7Z
2X+J6B1gLFniniqqXK4Q1VvLcKrT3GXVcrJ8rc/iyOTjy26rGFdSbj1FUckmnkn7
2FIxEIV/qIBhVh5BLIY9SZaeJM7v3HN3yujb7Bf1CSVWSXAODdUt5zxHkDnaBgtg
VRMCNcsHzhuVhDHWWGvzAF9BaqrmcC2bPVJrhS6wBWj0aZduRuSn7e9jMPhAa0nI
JtI56V2fWBrjndOfQK072Rw6BVu7+LyFbeJ8A6xom/HOOs9H53NbFho2jr+DjDxz
OfkoIDZ/DrujuqifdLMGIxKkoAk0yZyWGRLlexhJnI2GLI4usMmITfSLtsL9TAJJ
VWtzFJP401Z9hoDwxkc0RwLWFeCtEPUOWAslgclsTxxpc3aiggrqaWvkI1lwaiTe
1fJRgFV+eDJHsrs4gwVQPKL/5rHicxCb3KDY6FSFZFDE42tUiSdOJB/PptNti+Rd
ky8+34jzXp3G+bAqFMQVN+XVdCsWAKsjSJTwiGIt7/l5wxP12CiAyjwam/wzaZyg
rqCE+iqQI35FA7+xblREENNixKqjyi/stz6Wi89j887v0f0va4atE2di3MzdlihU
lRNH76lbDwD002uu6MkEOZYxHWgMwiE+XRK1KX8ol08DkVQmLfZXXfkGyDtCedH9
7l5IkG5L9Ix7Xjuq/gttGeFPcCFSWllSt9ukFGWWjZ1/eu2PVvpiJ9pH+AjlCAZ8
+Qz7dPi4xi8pX3k6FMP4bjvPRWmWMd2JRdvBGLsMc7gpMa/D5h6Wo/rDzxte3deL
2MGkOJ+UW+n8qtf+3tFTshSVwG5zx3q07TC630oPEQGrIMWN0V3GPOhMnaGp0ojR
R0unRGlYpnq20b3NuNTInTdAf15T1OK9S8IL4g9Zk2LGFjXNWBMMcrq+dYL7cH5X
vFnPXoJiDWwtlXn44tgnRP8P8H4Imi2GILA2Nwuu0zPmkUocVsNkhvnlIOJkLsxw
FbNF1kLtZjtuDrL+64DjkjROUhVzaTR9rBjB3UyNQMRnyx6MAwV+rdqu62JRZQ+L
Pv30a/Wwf7r7F5B0ac1xPGyIsDmSVJ9V7uraQnMeb8GuTUJQwm6/AbW0Bs/6ZPun
7Obo45cwfz9NL5nZgzixIpo2kc9VmWmxlLh8BiZ2HHMnljArkAHTIxMb6Pw9H1Jx
Ftb7btQqJFrXR4fAyEJSXbxi+Po5vtKYIG24r5IFiwrlV1Xq1Kz/xUlDAP5NbRiK
yVFaGPR0fodo7TznHM35db2/YC72+VEQKEJVNYct3nSb9CUWq3tIhFJg+4tNGdZw
jOTptsuskN2lc/zxRtU6wg==
</Encrypted>
      <PayMethod>Card</PayMethod>
      <ResultCode>120000</ResultCode>
      <ResultMsg urlencode="1">%C1%A4%BB%F3%C3%B3%B8%AE%B5%C7%BE%FA%BD%C0%B4%CF%B4%D9.</ResultMsg>
    </Payment>
  </PaymentInfo>
  <ManageInfo>
    <EventCode></EventCode>
    <OrgCurrency></OrgCurrency>
    <ExchangeRate></ExchangeRate>
    <OrgPrice></OrgPrice>
  </ManageInfo>
  <ReservedInfo>
    <MReserved1 urlencode="1"></MReserved1>
    <MReserved2 urlencode="1"></MReserved2>
    <MReserved3 urlencode="1"></MReserved3>
    <PGReserved1 urlencode="1"></PGReserved1>
    <PGReserved2 urlencode="1"></PGReserved2>
    <PGReserved3 urlencode="1"></PGReserved3>
  </ReservedInfo>
</INIpay>
DiSOyhpbmbSqzsPYDDy07d7l+vsncu+erGOMmd5uCvJ94GFe7Vow0hqsNMj+IDoC
HYGtyRo3keQLj4VS3vTbE6z/GV++EzzAJ3Eh2GEOtR5aR7EFBh7KY1wZxowxOEwh
cdJstfVTuUMbA1226P28zo1n8UaQZ/4vtV9rzTt0QMA=
]
INFO	[2019-07-31 13:24:12:562] <27461> VERIFY OK
INFO	[2019-07-31 13:24:12:562] <27461> PARSE HEAD OK
INFO	[2019-07-31 13:24:12:574] <27461> PARSE BODY OK
INFO	[2019-07-31 13:24:12:605] <27461> DECRYPT OK
DEBUG	[2019-07-31 13:24:12:605] <27461> DECRYPT MSG:[<?xml version="1.0" encoding="UTF-8"?>
<PaymentInfo>
  <Payment>
    <EASYPAY/>
    <Card>
      <CARD_ApplPrice>11000</CARD_ApplPrice>
      <CARD_Num>40090702****8849</CARD_Num>
      <CARD_Expire></CARD_Expire>
      <CARD_Code>12</CARD_Code>
      <CARD_BankCode>00</CARD_BankCode>
      <CARD_Quota>00</CARD_Quota>
      <CARD_Interest>0</CARD_Interest>
      <CARD_Point></CARD_Point>
      <CARD_AuthType>99</CARD_AuthType>
      <CARD_RegNum></CARD_RegNum>
      <CARD_ApplDate>20190731</CARD_ApplDate>
      <CARD_ApplTime>132410</CARD_ApplTime>
      <CARD_ApplNum>36281893</CARD_ApplNum>
      <CARD_TerminalNum>0208936000</CARD_TerminalNum>
      <CARD_MemberNum></CARD_MemberNum>
      <CARD_PurchaseCode></CARD_PurchaseCode>
      <CARD_ResultCode>120000</CARD_ResultCode>
      <CARD_ResultMsg urlencode="1">%C1%A4%BB%F3%C3%B3%B8%AE%B5%C7%BE%FA%BD%C0%B4%CF%B4%D9.</CARD_ResultMsg>
      <CARD_PrtcCode>1</CARD_PrtcCode>
      <CARD_Quota_Point>00</CARD_Quota_Point>
      <CARD_CheckFlag>0</CARD_CheckFlag>
      <CARD_PurchaseName urlencode="1"></CARD_PurchaseName>
      <CARD_IssuerName urlencode="1"></CARD_IssuerName>
      <CARD_JoinUsePoint></CARD_JoinUsePoint>
      <CARD_UsePoint></CARD_UsePoint>
      <CARD_CouponOnlyMer></CARD_CouponOnlyMer>
    </Card>
  </Payment>
</PaymentInfo>]
INFO	[2019-07-31 13:24:12:607] <27461> DECRYPT PARSE OK
INFO	[2019-07-31 13:24:12:608] <27461> WAIT ACK INVOKING
DEBUG	[2019-07-31 13:24:12:608] <27461> MAKE HEAD OK
INFO	[2019-07-31 13:24:12:610] <27461> SUCCESS ACK INVOKING
INFO	[2019-07-31 13:24:12:610] <27461> END securepay ¡§ªÛ√≥∏Æµ«æ˙Ω¿¥œ¥Ÿ. Laptime:[0.57sec]
INFO	[2019-07-31 13:24:12:610] <27461> ===============================================================
