INFO	[2019-07-20 09:22:42:953] <24404> START INIPHP chkfake (V5036-141209)(OS:Linux2.6.18-274.3.1.el5,PHP:5.2.9)
DEBUG	[2019-07-20 09:22:42:954] <24404> inipayhome:/home/ilearning3/www/inipay
DEBUG	[2019-07-20 09:22:42:954] <24404> type:chkfake
DEBUG	[2019-07-20 09:22:42:954] <24404> debug:true
DEBUG	[2019-07-20 09:22:42:954] <24404> enctype:asym
DEBUG	[2019-07-20 09:22:42:954] <24404> admin:1111
DEBUG	[2019-07-20 09:22:42:954] <24404> checkopt:false
DEBUG	[2019-07-20 09:22:42:954] <24404> mid:obmms20151
DEBUG	[2019-07-20 09:22:42:954] <24404> price:550000
DEBUG	[2019-07-20 09:22:42:954] <24404> nointerest:no
DEBUG	[2019-07-20 09:22:42:954] <24404> quotabase:ÏÑ†ÌÉù:ÏùºÏãúÎ∂à:2Í∞úÏõî:3Í∞úÏõî:6Í∞úÏõî:12Í∞úÏõî
INFO	[2019-07-20 09:22:42:954] <24404> Check Field OK
INFO	[2019-07-20 09:22:42:954] <24404> MERCHANT PRIV KEY LOAD OK
INFO	[2019-07-20 09:22:42:955] <24404> MERCHANT PUB KEY LOAD OK []
INFO	[2019-07-20 09:22:42:956] <24404> CHKFAKE KEY MAKE OK:MjAxOTA3MjAwOTIyNDI5NTU3MzQ5Mw==

INFO	[2019-07-20 09:22:42:956] <24404> END chkfake  Laptime:[0.01sec]
INFO	[2019-07-20 09:22:42:956] <24404> ===============================================================
INFO	[2019-07-20 09:22:58:766] <21679> START INIPHP chkfake (V5036-141209)(OS:Linux2.6.18-274.3.1.el5,PHP:5.2.9)
DEBUG	[2019-07-20 09:22:58:766] <21679> inipayhome:/home/ilearning3/www/inipay
DEBUG	[2019-07-20 09:22:58:766] <21679> type:chkfake
DEBUG	[2019-07-20 09:22:58:766] <21679> debug:true
DEBUG	[2019-07-20 09:22:58:766] <21679> enctype:asym
DEBUG	[2019-07-20 09:22:58:766] <21679> admin:1111
DEBUG	[2019-07-20 09:22:58:766] <21679> checkopt:false
DEBUG	[2019-07-20 09:22:58:766] <21679> mid:obmms20151
DEBUG	[2019-07-20 09:22:58:766] <21679> price:550000
DEBUG	[2019-07-20 09:22:58:766] <21679> nointerest:no
DEBUG	[2019-07-20 09:22:58:766] <21679> quotabase:ÏÑ†ÌÉù:ÏùºÏãúÎ∂à:2Í∞úÏõî:3Í∞úÏõî:6Í∞úÏõî:12Í∞úÏõî
INFO	[2019-07-20 09:22:58:766] <21679> Check Field OK
INFO	[2019-07-20 09:22:58:766] <21679> MERCHANT PRIV KEY LOAD OK
INFO	[2019-07-20 09:22:58:767] <21679> MERCHANT PUB KEY LOAD OK []
INFO	[2019-07-20 09:22:58:769] <21679> CHKFAKE KEY MAKE OK:MjAxOTA3MjAwOTIyNTg3Njc1OTY4MQ==

INFO	[2019-07-20 09:22:58:769] <21679> END chkfake  Laptime:[0sec]
INFO	[2019-07-20 09:22:58:770] <21679> ===============================================================
INFO	[2019-07-20 09:27:28:385] <29782> START INIPHP securepay (V5036-141209)(OS:Linux2.6.18-274.3.1.el5,PHP:5.2.9)
DEBUG	[2019-07-20 09:27:28:385] <29782> inipayhome:/home/ilearning3/www/inipay
DEBUG	[2019-07-20 09:27:28:385] <29782> type:securepay
DEBUG	[2019-07-20 09:27:28:385] <29782> pgid:INIphpCARD
DEBUG	[2019-07-20 09:27:28:385] <29782> subpgip:203.238.3.10
DEBUG	[2019-07-20 09:27:28:385] <29782> admin:1111
DEBUG	[2019-07-20 09:27:28:385] <29782> debug:true
DEBUG	[2019-07-20 09:27:28:385] <29782> uid:
DEBUG	[2019-07-20 09:27:28:385] <29782> goodname:ªÁæ˜«¸-¡§±‚∞·¡¶
DEBUG	[2019-07-20 09:27:28:385] <29782> currency:WON
DEBUG	[2019-07-20 09:27:28:385] <29782> mid:obmms20151
DEBUG	[2019-07-20 09:27:28:385] <29782> rn:MjAxOTA3MjAwOTIyNTg3Njc1OTY4MQ==

DEBUG	[2019-07-20 09:27:28:385] <29782> price:550000
DEBUG	[2019-07-20 09:27:28:385] <29782> enctype:
DEBUG	[2019-07-20 09:27:28:385] <29782> buyername:¡§¿ÁøÌ
DEBUG	[2019-07-20 09:27:28:385] <29782> buyertel:010-3090-7070
DEBUG	[2019-07-20 09:27:28:385] <29782> buyeremail:ezmatch@hanmail.net
DEBUG	[2019-07-20 09:27:28:385] <29782> paymethod:Card
DEBUG	[2019-07-20 09:27:28:385] <29782> encrypted:Version=4.1&PayMethod=Card&RsaKeyNum=1&EncryptionAlgorithm=SEED-CBC&SignAlgorithm=RSAwithSHA1&CertVer=39&moid=12521_190720092258&ver_trace=main(6109,6065)card(6185,6158)n(6009)Cs(6025)Dt(6002)Pa(6002)Cf(6025)Fv(0000)La(6183)Re(6135)Vr(6008)P(6034)en(6070)nP(6006)&pg1=39.115.212.10&pg2=203.238.37.3&pg1ip=39.115.212.10&pg2ip=203.238.37.3&agreeflag=1111&Data=CbvM/LfuFZosKDTkqCZZ22vr71Dk5h1Re+pumtzlF3QihSiNtDri9LM47zFgvTa5
wE2mG3XdVq1VNqYbk1QURNcRbf20Jx/bRE4hFOUTa8I/QRxJLrEMu2oPW90Ow1ot
gS+zhvEYPRyj5eIb0x5YkUDYku3EPN2OD/A+zdF4kWVO+lBb03hYALbIMZL5Zec8
eVTkx0mupaR+5MmAwAlmU2TAPQzVUdNAZWol8ziZrgb31QGqlIR3+Ck54vmQo1E4
f3dkgIJS2V81LOgfofcFBlJY6KcXNfjV+LZyfpGUDvS5NvX5q2E8QLFy2pcO7gSF
/LjCOugc1m9p+aOUpdhpW1tWbWZct8U9enpK08BCF72YOQPwYjkc+FE/g+SA/1+E
yYIqmY+5weM993Nsq/+dCIW71KGT4FVcTTU6JjPIjMv9a8ccQGzdAN07SFhzajWO
u8SjWm0HMr7VC4rKaXl6PIwj0BYAGHQexd3b4MtJikLdyZnSaUZH7D2iMGi2WTte
fqFlxgMHcs7lBJQ57j88SHlvH4qhc2O1Oc2FBa2oXt0mVwswfL6IKAx7CSY6IPbZ
gHFWdoJ7U664SREhNZHwzx5p6QVq5UA9EF4n/RfVdfi+Qw+9p2wv+Xk0bpGxChVt
U19WGLOHgVCfqeVmnvvV74okIomc/v3lMVAJ3xD0Kwe2Roaodjb4ir8ZXfisp0EJ
8O5riLyVPRGFx4re98SYpzz40jEEqvVMCnkibjZAidIA4eeF+2dGeLN/tyBrnuwo
ku8pWcYGxKgRHpcDVmOSCSRQ1BSHMjdxxWZXbb85T64JdKA9SV5m/N7GMWC0e80a
c4IGpGTRemxtcCGxm30Y1HSQKXNkPvCRrFuf
DEBUG	[2019-07-20 09:27:28:385] <29782> sessionkey:mi7hff76UOSFBupZNEV1AfAcY8P/c5cPjwX0EOiMnqtIRqDjxTdJdAFBj6dUM8R9
ODCUWfhLkpo+tcvgibvXoQAcHNgzJ4rZqdKjMely8wboEgSceQPo+C0Ntz3G5c98
sDOCgMxueHpbLEHBLplvgSNvyvhBCqVkBotLYCSxOTc=
DEBUG	[2019-07-20 09:27:28:385] <29782> url:http://www.obmms.net
DEBUG	[2019-07-20 09:27:28:385] <29782> cardcode:04
DEBUG	[2019-07-20 09:27:28:385] <29782> parentemail:ezmatch@hanmail.net
DEBUG	[2019-07-20 09:27:28:385] <29782> recvname:
DEBUG	[2019-07-20 09:27:28:385] <29782> recvtel:
DEBUG	[2019-07-20 09:27:28:385] <29782> recvaddr:
DEBUG	[2019-07-20 09:27:28:385] <29782> recvpostnum:
DEBUG	[2019-07-20 09:27:28:385] <29782> recvmsg:
DEBUG	[2019-07-20 09:27:28:385] <29782> joincard:
DEBUG	[2019-07-20 09:27:28:385] <29782> joinexpire:
DEBUG	[2019-07-20 09:27:28:385] <29782> id_customer:
INFO	[2019-07-20 09:27:28:385] <29782> Check Field OK
INFO	[2019-07-20 09:27:28:386] <29782> Make TID OK INIphpCARDobmms2015120190720092728862927
INFO	[2019-07-20 09:27:28:386] <29782> PI PUB KEY LOAD OK [39]
INFO	[2019-07-20 09:27:28:386] <29782> PG PUB KEY LOAD OK [30]
INFO	[2019-07-20 09:27:28:386] <29782> MERCHANT PRIV KEY LOAD OK
INFO	[2019-07-20 09:27:28:387] <29782> MERCHANT PUB KEY LOAD OK [0]
INFO	[2019-07-20 09:27:28:388] <29782> MAKE BODY OK
INFO	[2019-07-20 09:27:28:389] <29782> SIGN OK
INFO	[2019-07-20 09:27:28:389] <29782> MAKE HEAD OK
INFO	[2019-07-20 09:27:28:389] <29782> MSG_TO_PG:[0298500175R SHA1                   0                  39                  300200obmms20151              550000INIphpCARDobmms2015120190720092728862927<?xml version="1.0" encoding="UTF-8"?>
<INIpay>
	  <GoodsInfo>
	    <GoodsCnt>1</GoodsCnt>
	    <MOID/>
	    <Currency>WON</Currency>
	    <Tax/>
	    <TaxFree/>
	    <Goods>
	      <SMID>obmms20151</SMID>
	      <GoodsName urlencode="1">%BB%E7%BE%F7%C7%FC-%C1%A4%B1%E2%B0%E1%C1%A6</GoodsName>
	      <GoodsPrice>550000</GoodsPrice></Goods></GoodsInfo>
	  <BuyerInfo>
	    <BuyerName urlencode="1">%C1%A4%C0%E7%BF%ED</BuyerName>
	    <BuyerTel>010-3090-7070</BuyerTel>
	    <BuyerEmail urlencode="1">ezmatch%40hanmail.net</BuyerEmail>
	    <ParentEmail urlencode="1">ezmatch%40hanmail.net</ParentEmail>
	    <RecvName/>
	    <RecvTel/>
	    <RecvMsg/>
	    <RecvAddr/>
	    <RecvPostNum/></BuyerInfo>
	  <PaymentInfo>
	    <Payment>
	      <PayMethod>Card</PayMethod>
	      <JoinCard/>
	      <JoinExpire/>
	      <MailOrder/>
	      <SessionKey>mi7hff76UOSFBupZNEV1AfAcY8P/c5cPjwX0EOiMnqtIRqDjxTdJdAFBj6dUM8R9
ODCUWfhLkpo+tcvgibvXoQAcHNgzJ4rZqdKjMely8wboEgSceQPo+C0Ntz3G5c98
sDOCgMxueHpbLEHBLplvgSNvyvhBCqVkBotLYCSxOTc=</SessionKey>
	      <Encrypted urlencode="1">Version%3D4.1%26PayMethod%3DCard%26RsaKeyNum%3D1%26EncryptionAlgorithm%3DSEED-CBC%26SignAlgorithm%3DRSAwithSHA1%26CertVer%3D39%26moid%3D12521_190720092258%26ver_trace%3Dmain%286109%2C6065%29card%286185%2C6158%29n%286009%29Cs%286025%29Dt%286002%29Pa%286002%29Cf%286025%29Fv%280000%29La%286183%29Re%286135%29Vr%286008%29P%286034%29en%286070%29nP%286006%29%26pg1%3D39.115.212.10%26pg2%3D203.238.37.3%26pg1ip%3D39.115.212.10%26pg2ip%3D203.238.37.3%26agreeflag%3D1111%26Data%3DCbvM%2FLfuFZosKDTkqCZZ22vr71Dk5h1Re%2BpumtzlF3QihSiNtDri9LM47zFgvTa5%0D%0AwE2mG3XdVq1VNqYbk1QURNcRbf20Jx%2FbRE4hFOUTa8I%2FQRxJLrEMu2oPW90Ow1ot%0D%0AgS%2BzhvEYPRyj5eIb0x5YkUDYku3EPN2OD%2FA%2BzdF4kWVO%2BlBb03hYALbIMZL5Zec8%0D%0AeVTkx0mupaR%2B5MmAwAlmU2TAPQzVUdNAZWol8ziZrgb31QGqlIR3%2BCk54vmQo1E4%0D%0Af3dkgIJS2V81LOgfofcFBlJY6KcXNfjV%2BLZyfpGUDvS5NvX5q2E8QLFy2pcO7gSF%0D%0A%2FLjCOugc1m9p%2BaOUpdhpW1tWbWZct8U9enpK08BCF72YOQPwYjkc%2BFE%2Fg%2BSA%2F1%2BE%0D%0AyYIqmY%2B5weM993Nsq%2F%2BdCIW71KGT4FVcTTU6JjPIjMv9a8ccQGzdAN07SFhzajWO%0D%0Au8SjWm0HMr7VC4rKaXl6PIwj0BYAGHQexd3b4MtJikLdyZnSaUZH7D2iMGi2WTte%0D%0AfqFlxgMHcs7lBJQ57j88SHlvH4qhc2O1Oc2FBa2oXt0mVwswfL6IKAx7CSY6IPbZ%0D%0AgHFWdoJ7U664SREhNZHwzx5p6QVq5UA9EF4n%2FRfVdfi%2BQw%2B9p2wv%2BXk0bpGxChVt%0D%0AU19WGLOHgVCfqeVmnvvV74okIomc%2Fv3lMVAJ3xD0Kwe2Roaodjb4ir8ZXfisp0EJ%0D%0A8O5riLyVPRGFx4re98SYpzz40jEEqvVMCnkibjZAidIA4eeF%2B2dGeLN%2FtyBrnuwo%0D%0Aku8pWcYGxKgRHpcDVmOSCSRQ1BSHMjdxxWZXbb85T64JdKA9SV5m%2FN7GMWC0e80a%0D%0Ac4IGpGTRemxtcCGxm30Y1HSQKXNkPvCRrFuf</Encrypted></Payment></PaymentInfo>
	  <ReservedInfo>
	    <MReserved1/>
	    <MReserved2/>
	    <MReserved3/></ReservedInfo>
	  <ManageInfo>
	    <Language/>
	    <URL urlencode="1">http%3A%2F%2Fwww.obmms.net</URL>
	    <TXVersion>5036B141209securLinux     PHPchkfake   2.6.18-274.3.1.el5PHP:5.2.9   </TXVersion>
	    <TXUserID/>
	    <TXRegNum/>
	    <Ack>1</Ack>
	    <TXRN>MjAxOTA3MjAwOTIyNTg3Njc1OTY4MQ==
</TXRN></ManageInfo></INIpay>AQRlliesgNA+5Ho2bwtrF9XABtfK5ivGtLT3SEDDwOiEF7K7QjkEeISDFipoTqkj
pTsr1SonLdpS1oaotyoFKkwLUCX9o7JY46rmKhXEVEwX6PA32IabvS3ht8m0mJt5
ad914Xz6CGmvF1nDCcj55Mii+lSTPFV50QzNnLJq6ber
]
INFO	[2019-07-20 09:27:28:390] <29782> DNS LOOKUP OK(39.115.212.10:39.115.212.10:34049) laptime:0
INFO	[2019-07-20 09:27:28:392] <29782> SOCKET CONNECT OK
INFO	[2019-07-20 09:27:28:392] <29782> SEND OK
INFO	[2019-07-20 09:27:29:132] <29782> RECV OK
INFO	[2019-07-20 09:27:29:132] <29782> MSG_FROM_PG:[0313800175D SHA1                   0                  39                  300210obmms20151              550000INIphpCARDobmms2015120190720092728862927<?xml version="1.0" encoding="UTF-8"?>
<INIpay>
  <GoodsInfo>
    <GoodsCnt>1</GoodsCnt>
    <MOID urlencode="1">12521_190720092258</MOID>
    <Currency>WON</Currency>
    <Goods no="1">
      <SMID>obmms20151</SMID>
      <GoodsName urlencode="1">%BB%E7%BE%F7%C7%FC-%C1%A4%B1%E2%B0%E1%C1%A6</GoodsName>
      <GoodsCntS>1</GoodsCntS>
      <GoodsPrice>550000</GoodsPrice>
    </Goods>
  </GoodsInfo>
  <PaymentInfo>
    <Payment>
      <SessionKey>APiqJ46ojDOJn//EVAns2ydDUMBgAHs/Ztpu1fhDgQqqRhEKT0EnUPuLTYmTbKvt
P4aaW6M1IrCj4FdtQ1nFMAki5c3NdzfvlaFw5Sg+k5juWk+XKA7z+ASKXvXPWeUi
JDVYjWLyOwy5ROB6iHPcm1mUwvwpWpKVZe8fWbZnEziXYC23CMsCnXQ=
</SessionKey>
      <Encrypted>iM8uQydhg00IEd6b4mxt+R+BCOmGDA5A/jxDaswa5QePvxEnPQ8Y4gSB6TPl0hdq
JQBAm561rign8xUrZXGyyI0O7ypTUEmqmzqvTT9odzeYFQRgqKaki6vKSUGQpcAP
fRrNv70A/2p6VFM30v47G72nPlIIo24s626076L41g+dM9sD1WynroESmftzOIIZ
PN9Q4rCm6/W/dVTSdSG4iz4+Hz89mdU40+KhkEGuUEgGHWJjgWCQB//AZuGo+CcO
ZU9Qc0yIdO/7xRMhopbzH4bOZd6hoRyRWA1S97epKCSKUDYr1g7mwABg7dWTLRUx
f+Qf18WrWiAaMnPSqV3+ctnycn0IUv6s2L12dySIikJD7P83gU+im4cQb6TtZPwA
JtFgG55MY5js+dUUUiSTO1p/pypOskVaCO+Q9ZkjMzdI7hRIb4s55VMnvCq6i2YD
LEKr2GZCk5SIsBsZzG+YXC4/8Uk5Sch3I6149R4gHNArfFtDIFkOsf8WIACiz9et
xIlw1fYpGwsSE257ZaAaiHCUQpi6OpQEuwkmaQi0AMLF6/j03VyvK4TXkXXa8WCU
uED1WMl6hzeA3TTOK5bhlv9+/AXbLjL8dgevJlOFR1mkvRP2RwSYcctzajOX1mfE
WGFRzIl0n1t728aBdoKtq1++/4y6vsimag5RSGb6ntFOdSfiqQ+DErKT71Z9acZ8
r2zidQrjkM/jaEXJu0fHB/XNgsC28YWPWGu4TEHGIqxLdlbyx1npur3fhnVyu3B2
JMSNofjAmIjbEhyaahfG3Sk6T90QQ8lT9CjrrGXBY3uIB5Ih4qIg22OJc95UkGqt
ZUgRc0yJ8a5bvVFV28s28MtSPGFygiiCVH9ccb/Vcm6YAw48xK0v37pAjLspNNYx
FFpF6i0aD+VzSi+loQd0J2zks3MXHwNoY/DZnb7NFF1QVjFCKt1N3u9+GTJdwTU/
/6l8n8CsKPzEk45u0Y9tlCJ+ZD88czYweRGZZHLsAHAAFCFvrrK2zu48X4ugc5gx
tKm13dWg4S2ormm9Xg7aCt2Le37ihi1dYA/0AJMRK5hOuh3oyQ8EjkqFBEHyL6tt
BqJfEkIUo3vK8wETbN5pUiHwNbAgkhq9FHAE9+xwwoIsAA32nl8gg+J/r1cqC01y
VNx70L2pLTk+ltjNMjM/8EdpNvlANANPFl2cnpzjzkVamlo2N6RA2bpLy1xCK/2U
JQTPmaVpZNeiCFnbc9DY+SQ1R1GtsfQubTdTy8n3gNHXz5nbH59ep0cGqCbDAbO4
2/23fOfMbqnEqj4LrWUw4MKA3aSJGT5pHWVIFBEJOl6+RCWCBqdBCKC6cRVD1vic
i++l1fYkn3qpQeWv5MTrp/47RqsdsnEgLh/Z/scBwCq6Mv7P2EBxXMx4P1b5B2n6
CnmX6wU7AInY5yDSJGAHkOfE2AWmKd2Ym1lZZdv1xh6veoG6hlIIuf63wj7+a5XC
lKEKEWicuHCRDrUFst6r11YJz7KFD7DlP8am0VNEuTG5d/fX0ulp3ckxSzvhLNgu
UgkcF1r+tX0yhhJOkCCFp11H3W7KHF1OEliNyWWZmcJ8lSBIA8fxOYkawDgjO96y
53TjeW6VjPbsVucRKWaorvBqhkI5mwlhPGGcTlyPoVfNkjuMAZQ75b3Ql5tzdv8Q
My5VoIoiPCbope+dr+lzQRA6nBF61q1kQJNFmghKK0hrR01j0VQS849NGBS0w4Gj
vbKm2VtgZEQv7oxL9EIxys5yGthIlfoL
</Encrypted>
      <PayMethod>Card</PayMethod>
      <ResultCode>120000</ResultCode>
      <ResultMsg urlencode="1">%C1%A4%BB%F3%C3%B3%B8%AE%B5%C7%BE%FA%BD%C0%B4%CF%B4%D9.</ResultMsg>
    </Payment>
  </PaymentInfo>
  <ManageInfo>
    <EventCode>1</EventCode>
    <OrgCurrency></OrgCurrency>
    <ExchangeRate></ExchangeRate>
    <OrgPrice></OrgPrice>
  </ManageInfo>
  <ReservedInfo>
    <MReserved1 urlencode="1"></MReserved1>
    <MReserved2 urlencode="1"></MReserved2>
    <MReserved3 urlencode="1"></MReserved3>
    <PGReserved1 urlencode="1"></PGReserved1>
    <PGReserved2 urlencode="1"></PGReserved2>
    <PGReserved3 urlencode="1"></PGReserved3>
  </ReservedInfo>
</INIpay>
qPW3i0tYwVYa3b8VTmDCbpijswCEiZp4Bp5dVcQ6TX0xMBRa1L9Y0XsvpcgsIDsM
aN/MtbZjl2NNGOx3HRWIOGcXs6nJTXFRSgEgjB1cItC34SWD+j+JMnhwLLZwuBsr
ty4VzWFDos0X3b+/iO/3w6LID7cs1ODpqIdV4umC/LE=
]
INFO	[2019-07-20 09:27:29:132] <29782> VERIFY OK
INFO	[2019-07-20 09:27:29:132] <29782> PARSE HEAD OK
INFO	[2019-07-20 09:27:29:135] <29782> PARSE BODY OK
INFO	[2019-07-20 09:27:29:139] <29782> DECRYPT OK
DEBUG	[2019-07-20 09:27:29:139] <29782> DECRYPT MSG:[<?xml version="1.0" encoding="UTF-8"?>
<PaymentInfo>
  <Payment>
    <EASYPAY/>
    <Card>
      <CARD_ApplPrice>550000</CARD_ApplPrice>
      <CARD_Num>94901922****6921</CARD_Num>
      <CARD_Expire></CARD_Expire>
      <CARD_Code>04</CARD_Code>
      <CARD_BankCode>00</CARD_BankCode>
      <CARD_Quota>06</CARD_Quota>
      <CARD_Interest>0</CARD_Interest>
      <CARD_Point>d</CARD_Point>
      <CARD_AuthType>99</CARD_AuthType>
      <CARD_RegNum></CARD_RegNum>
      <CARD_ApplDate>20190720</CARD_ApplDate>
      <CARD_ApplTime>092727</CARD_ApplTime>
      <CARD_ApplNum>99674713</CARD_ApplNum>
      <CARD_TerminalNum>019048y000</CARD_TerminalNum>
      <CARD_MemberNum></CARD_MemberNum>
      <CARD_PurchaseCode></CARD_PurchaseCode>
      <CARD_ResultCode>120000</CARD_ResultCode>
      <CARD_ResultMsg urlencode="1">%C1%A4%BB%F3%C3%B3%B8%AE%B5%C7%BE%FA%BD%C0%B4%CF%B4%D9.</CARD_ResultMsg>
      <CARD_PrtcCode>0</CARD_PrtcCode>
      <CARD_Quota_Point>06</CARD_Quota_Point>
      <CARD_CheckFlag>0</CARD_CheckFlag>
      <CARD_PurchaseName urlencode="1"></CARD_PurchaseName>
      <CARD_IssuerName urlencode="1"></CARD_IssuerName>
      <CARD_JoinUsePoint></CARD_JoinUsePoint>
      <CARD_UsePoint></CARD_UsePoint>
      <CARD_CouponOnlyMer></CARD_CouponOnlyMer>
    </Card>
  </Payment>
</PaymentInfo>]
INFO	[2019-07-20 09:27:29:142] <29782> DECRYPT PARSE OK
INFO	[2019-07-20 09:27:29:142] <29782> WAIT ACK INVOKING
DEBUG	[2019-07-20 09:27:29:142] <29782> MAKE HEAD OK
INFO	[2019-07-20 09:27:29:145] <29782> SUCCESS ACK INVOKING
INFO	[2019-07-20 09:27:29:145] <29782> END securepay ¡§ªÛ√≥∏Æµ«æ˙Ω¿¥œ¥Ÿ. Laptime:[0.76sec]
INFO	[2019-07-20 09:27:29:145] <29782> ===============================================================
INFO	[2019-07-20 14:20:07:22] <32688> START INIPHP chkfake (V5036-141209)(OS:Linux2.6.18-274.3.1.el5,PHP:5.2.9)
DEBUG	[2019-07-20 14:20:07:22] <32688> inipayhome:/home/ilearning3/www/inipay
DEBUG	[2019-07-20 14:20:07:22] <32688> type:chkfake
DEBUG	[2019-07-20 14:20:07:22] <32688> debug:true
DEBUG	[2019-07-20 14:20:07:22] <32688> enctype:asym
DEBUG	[2019-07-20 14:20:07:22] <32688> admin:1111
DEBUG	[2019-07-20 14:20:07:22] <32688> checkopt:false
DEBUG	[2019-07-20 14:20:07:22] <32688> mid:obmms20151
DEBUG	[2019-07-20 14:20:07:22] <32688> price:550000
DEBUG	[2019-07-20 14:20:07:22] <32688> nointerest:no
DEBUG	[2019-07-20 14:20:07:22] <32688> quotabase:ÏÑ†ÌÉù:ÏùºÏãúÎ∂à:2Í∞úÏõî:3Í∞úÏõî:6Í∞úÏõî:12Í∞úÏõî
INFO	[2019-07-20 14:20:07:22] <32688> Check Field OK
INFO	[2019-07-20 14:20:07:30] <32688> MERCHANT PRIV KEY LOAD OK
INFO	[2019-07-20 14:20:07:31] <32688> MERCHANT PUB KEY LOAD OK []
INFO	[2019-07-20 14:20:07:33] <32688> CHKFAKE KEY MAKE OK:MjAxOTA3MjAxNDIwMDcwMzE0NjQzOA==

INFO	[2019-07-20 14:20:07:33] <32688> END chkfake  Laptime:[0.01sec]
INFO	[2019-07-20 14:20:07:34] <32688> ===============================================================
INFO	[2019-07-20 14:20:27:146] <32688> START INIPHP chkfake (V5036-141209)(OS:Linux2.6.18-274.3.1.el5,PHP:5.2.9)
DEBUG	[2019-07-20 14:20:27:146] <32688> inipayhome:/home/ilearning3/www/inipay
DEBUG	[2019-07-20 14:20:27:146] <32688> type:chkfake
DEBUG	[2019-07-20 14:20:27:146] <32688> debug:true
DEBUG	[2019-07-20 14:20:27:146] <32688> enctype:asym
DEBUG	[2019-07-20 14:20:27:146] <32688> admin:1111
DEBUG	[2019-07-20 14:20:27:146] <32688> checkopt:false
DEBUG	[2019-07-20 14:20:27:146] <32688> mid:obmms20151
DEBUG	[2019-07-20 14:20:27:146] <32688> price:550000
DEBUG	[2019-07-20 14:20:27:146] <32688> nointerest:no
DEBUG	[2019-07-20 14:20:27:146] <32688> quotabase:ÏÑ†ÌÉù:ÏùºÏãúÎ∂à:2Í∞úÏõî:3Í∞úÏõî:6Í∞úÏõî:12Í∞úÏõî
INFO	[2019-07-20 14:20:27:146] <32688> Check Field OK
INFO	[2019-07-20 14:20:27:147] <32688> MERCHANT PRIV KEY LOAD OK
INFO	[2019-07-20 14:20:27:147] <32688> MERCHANT PUB KEY LOAD OK []
INFO	[2019-07-20 14:20:27:150] <32688> CHKFAKE KEY MAKE OK:MjAxOTA3MjAxNDIwMjcxNDc0MjExMw==

INFO	[2019-07-20 14:20:27:150] <32688> END chkfake  Laptime:[0sec]
INFO	[2019-07-20 14:20:27:150] <32688> ===============================================================
INFO	[2019-07-20 15:55:03:462] <22658> START INIPHP chkfake (V5036-141209)(OS:Linux2.6.18-274.3.1.el5,PHP:5.2.9)
DEBUG	[2019-07-20 15:55:03:463] <22658> inipayhome:/home/ilearning3/www/inipay
DEBUG	[2019-07-20 15:55:03:463] <22658> type:chkfake
DEBUG	[2019-07-20 15:55:03:463] <22658> debug:true
DEBUG	[2019-07-20 15:55:03:463] <22658> enctype:asym
DEBUG	[2019-07-20 15:55:03:463] <22658> admin:1111
DEBUG	[2019-07-20 15:55:03:463] <22658> checkopt:false
DEBUG	[2019-07-20 15:55:03:463] <22658> mid:obmms20151
DEBUG	[2019-07-20 15:55:03:463] <22658> price:550000
DEBUG	[2019-07-20 15:55:03:463] <22658> nointerest:no
DEBUG	[2019-07-20 15:55:03:463] <22658> quotabase:ÏÑ†ÌÉù:ÏùºÏãúÎ∂à:2Í∞úÏõî:3Í∞úÏõî:6Í∞úÏõî:12Í∞úÏõî
INFO	[2019-07-20 15:55:03:463] <22658> Check Field OK
INFO	[2019-07-20 15:55:03:463] <22658> MERCHANT PRIV KEY LOAD OK
INFO	[2019-07-20 15:55:03:464] <22658> MERCHANT PUB KEY LOAD OK []
INFO	[2019-07-20 15:55:03:466] <22658> CHKFAKE KEY MAKE OK:MjAxOTA3MjAxNTU1MDM0NjQyNzA2OQ==

INFO	[2019-07-20 15:55:03:466] <22658> END chkfake  Laptime:[0.01sec]
INFO	[2019-07-20 15:55:03:466] <22658> ===============================================================
