INFO	[2018-12-20 15:51:17:974] <46009> START INIPHP chkfake (V5036-141209)(OS:Linux3.10.0-862.11.6.el7.x86_64,PHP:5.5.17p1)
DEBUG	[2018-12-20 15:51:17:975] <46009> inipayhome:/home/hosting_users/ilearning3/www/inipay
DEBUG	[2018-12-20 15:51:17:975] <46009> type:chkfake
DEBUG	[2018-12-20 15:51:17:975] <46009> debug:true
DEBUG	[2018-12-20 15:51:17:975] <46009> enctype:asym
DEBUG	[2018-12-20 15:51:17:975] <46009> admin:1111
DEBUG	[2018-12-20 15:51:17:975] <46009> checkopt:false
DEBUG	[2018-12-20 15:51:17:975] <46009> mid:obmms20151
DEBUG	[2018-12-20 15:51:17:975] <46009> price:11000
DEBUG	[2018-12-20 15:51:17:975] <46009> nointerest:no
DEBUG	[2018-12-20 15:51:17:975] <46009> quotabase:일시불
INFO	[2018-12-20 15:51:17:975] <46009> Check Field OK
INFO	[2018-12-20 15:51:18:89] <46009> MERCHANT PRIV KEY LOAD OK
INFO	[2018-12-20 15:51:18:93] <46009> MERCHANT PUB KEY LOAD OK []
INFO	[2018-12-20 15:51:18:102] <46009> CHKFAKE KEY MAKE OK:MjAxODEyMjAxNTUxMTgwOTMzNzQyNQ==

INFO	[2018-12-20 15:51:18:102] <46009> END chkfake  Laptime:[0.13sec]
INFO	[2018-12-20 15:51:18:102] <46009> ===============================================================
INFO	[2018-12-20 15:51:55:550] <22524> START INIPHP chkfake (V5036-141209)(OS:Linux3.10.0-862.11.6.el7.x86_64,PHP:5.5.17p1)
DEBUG	[2018-12-20 15:51:55:550] <22524> inipayhome:/home/hosting_users/ilearning3/www/inipay
DEBUG	[2018-12-20 15:51:55:550] <22524> type:chkfake
DEBUG	[2018-12-20 15:51:55:550] <22524> debug:true
DEBUG	[2018-12-20 15:51:55:550] <22524> enctype:asym
DEBUG	[2018-12-20 15:51:55:550] <22524> admin:1111
DEBUG	[2018-12-20 15:51:55:550] <22524> checkopt:false
DEBUG	[2018-12-20 15:51:55:550] <22524> mid:obmms20151
DEBUG	[2018-12-20 15:51:55:550] <22524> price:11000
DEBUG	[2018-12-20 15:51:55:550] <22524> nointerest:no
DEBUG	[2018-12-20 15:51:55:550] <22524> quotabase:일시불
INFO	[2018-12-20 15:51:55:550] <22524> Check Field OK
INFO	[2018-12-20 15:51:55:550] <22524> MERCHANT PRIV KEY LOAD OK
INFO	[2018-12-20 15:51:55:551] <22524> MERCHANT PUB KEY LOAD OK []
INFO	[2018-12-20 15:51:55:552] <22524> CHKFAKE KEY MAKE OK:MjAxODEyMjAxNTUxNTU1NTExMDY1MA==

INFO	[2018-12-20 15:51:55:552] <22524> END chkfake  Laptime:[0.002sec]
INFO	[2018-12-20 15:51:55:552] <22524> ===============================================================
