INFO	[2019-08-30 17:29:46:302] <2408> START INIPHP chkfake (V5036-141209)(OS:Linux2.6.18-274.3.1.el5,PHP:5.2.9)
DEBUG	[2019-08-30 17:29:46:316] <2408> inipayhome:/home/ilearning3/www/inipay
DEBUG	[2019-08-30 17:29:46:316] <2408> type:chkfake
DEBUG	[2019-08-30 17:29:46:316] <2408> debug:true
DEBUG	[2019-08-30 17:29:46:316] <2408> enctype:asym
DEBUG	[2019-08-30 17:29:46:316] <2408> admin:1111
DEBUG	[2019-08-30 17:29:46:316] <2408> checkopt:false
DEBUG	[2019-08-30 17:29:46:316] <2408> mid:obmms20151
DEBUG	[2019-08-30 17:29:46:316] <2408> price:30000
DEBUG	[2019-08-30 17:29:46:316] <2408> nointerest:no
DEBUG	[2019-08-30 17:29:46:316] <2408> quotabase:일시불:2개월:3개월:6개월:12개월
INFO	[2019-08-30 17:29:46:316] <2408> Check Field OK
INFO	[2019-08-30 17:29:46:351] <2408> MERCHANT PRIV KEY LOAD OK
INFO	[2019-08-30 17:29:46:380] <2408> MERCHANT PUB KEY LOAD OK []
INFO	[2019-08-30 17:29:46:383] <2408> CHKFAKE KEY MAKE OK:MjAxOTA4MzAxNzI5NDYzODA5MDA1Mw==

INFO	[2019-08-30 17:29:46:383] <2408> END chkfake  Laptime:[0.09sec]
INFO	[2019-08-30 17:29:46:383] <2408> ===============================================================
INFO	[2019-08-30 17:32:21:369] <336> START INIPHP chkfake (V5036-141209)(OS:Linux2.6.18-274.3.1.el5,PHP:5.2.9)
DEBUG	[2019-08-30 17:32:21:369] <336> inipayhome:/home/ilearning3/www/inipay
DEBUG	[2019-08-30 17:32:21:369] <336> type:chkfake
DEBUG	[2019-08-30 17:32:21:369] <336> debug:true
DEBUG	[2019-08-30 17:32:21:369] <336> enctype:asym
DEBUG	[2019-08-30 17:32:21:369] <336> admin:1111
DEBUG	[2019-08-30 17:32:21:369] <336> checkopt:false
DEBUG	[2019-08-30 17:32:21:369] <336> mid:obmms20151
DEBUG	[2019-08-30 17:32:21:369] <336> price:11000
DEBUG	[2019-08-30 17:32:21:369] <336> nointerest:no
DEBUG	[2019-08-30 17:32:21:369] <336> quotabase:일시불:2개월:3개월:6개월:12개월
INFO	[2019-08-30 17:32:21:369] <336> Check Field OK
INFO	[2019-08-30 17:32:21:370] <336> MERCHANT PRIV KEY LOAD OK
INFO	[2019-08-30 17:32:21:370] <336> MERCHANT PUB KEY LOAD OK []
INFO	[2019-08-30 17:32:21:372] <336> CHKFAKE KEY MAKE OK:MjAxOTA4MzAxNzMyMjEzNzA2NTU5NQ==

INFO	[2019-08-30 17:32:21:373] <336> END chkfake  Laptime:[0sec]
INFO	[2019-08-30 17:32:21:373] <336> ===============================================================
