INFO	[2019-08-09 18:42:56:886] <28419> START INIPHP chkfake (V5036-141209)(OS:Linux2.6.18-274.3.1.el5,PHP:5.2.9)
DEBUG	[2019-08-09 18:42:56:904] <28419> inipayhome:/home/ilearning3/www/inipay
DEBUG	[2019-08-09 18:42:56:904] <28419> type:chkfake
DEBUG	[2019-08-09 18:42:56:904] <28419> debug:true
DEBUG	[2019-08-09 18:42:56:904] <28419> enctype:asym
DEBUG	[2019-08-09 18:42:56:904] <28419> admin:1111
DEBUG	[2019-08-09 18:42:56:904] <28419> checkopt:false
DEBUG	[2019-08-09 18:42:56:904] <28419> mid:obmms20151
DEBUG	[2019-08-09 18:42:56:904] <28419> price:550000
DEBUG	[2019-08-09 18:42:56:904] <28419> nointerest:no
DEBUG	[2019-08-09 18:42:56:904] <28419> quotabase:ÏÑ†ÌÉù:ÏùºÏãúÎ∂à:2Í∞úÏõî:3Í∞úÏõî:6Í∞úÏõî:12Í∞úÏõî
INFO	[2019-08-09 18:42:56:905] <28419> Check Field OK
INFO	[2019-08-09 18:42:56:914] <28419> MERCHANT PRIV KEY LOAD OK
INFO	[2019-08-09 18:42:56:927] <28419> MERCHANT PUB KEY LOAD OK []
INFO	[2019-08-09 18:42:56:943] <28419> CHKFAKE KEY MAKE OK:MjAxOTA4MDkxODQyNTY5Mjc1MzQ4Nw==

INFO	[2019-08-09 18:42:56:943] <28419> END chkfake  Laptime:[0.05sec]
INFO	[2019-08-09 18:42:56:943] <28419> ===============================================================
INFO	[2019-08-09 18:46:09:454] <30755> START INIPHP chkfake (V5036-141209)(OS:Linux2.6.18-274.3.1.el5,PHP:5.2.9)
DEBUG	[2019-08-09 18:46:09:454] <30755> inipayhome:/home/ilearning3/www/inipay
DEBUG	[2019-08-09 18:46:09:454] <30755> type:chkfake
DEBUG	[2019-08-09 18:46:09:454] <30755> debug:true
DEBUG	[2019-08-09 18:46:09:454] <30755> enctype:asym
DEBUG	[2019-08-09 18:46:09:454] <30755> admin:1111
DEBUG	[2019-08-09 18:46:09:454] <30755> checkopt:false
DEBUG	[2019-08-09 18:46:09:454] <30755> mid:obmms20151
DEBUG	[2019-08-09 18:46:09:454] <30755> price:550000
DEBUG	[2019-08-09 18:46:09:454] <30755> nointerest:no
DEBUG	[2019-08-09 18:46:09:454] <30755> quotabase:ÏÑ†ÌÉù:ÏùºÏãúÎ∂à:2Í∞úÏõî:3Í∞úÏõî:6Í∞úÏõî:12Í∞úÏõî
INFO	[2019-08-09 18:46:09:454] <30755> Check Field OK
INFO	[2019-08-09 18:46:09:455] <30755> MERCHANT PRIV KEY LOAD OK
INFO	[2019-08-09 18:46:09:455] <30755> MERCHANT PUB KEY LOAD OK []
INFO	[2019-08-09 18:46:09:457] <30755> CHKFAKE KEY MAKE OK:MjAxOTA4MDkxODQ2MDk0NTU3NzU1Mw==

INFO	[2019-08-09 18:46:09:458] <30755> END chkfake  Laptime:[0.01sec]
INFO	[2019-08-09 18:46:09:458] <30755> ===============================================================
INFO	[2019-08-09 18:46:22:218] <30755> START INIPHP chkfake (V5036-141209)(OS:Linux2.6.18-274.3.1.el5,PHP:5.2.9)
DEBUG	[2019-08-09 18:46:22:218] <30755> inipayhome:/home/ilearning3/www/inipay
DEBUG	[2019-08-09 18:46:22:218] <30755> type:chkfake
DEBUG	[2019-08-09 18:46:22:218] <30755> debug:true
DEBUG	[2019-08-09 18:46:22:218] <30755> enctype:asym
DEBUG	[2019-08-09 18:46:22:218] <30755> admin:1111
DEBUG	[2019-08-09 18:46:22:218] <30755> checkopt:false
DEBUG	[2019-08-09 18:46:22:218] <30755> mid:obmms20151
DEBUG	[2019-08-09 18:46:22:218] <30755> price:550000
DEBUG	[2019-08-09 18:46:22:218] <30755> nointerest:no
DEBUG	[2019-08-09 18:46:22:218] <30755> quotabase:ÏÑ†ÌÉù:ÏùºÏãúÎ∂à:2Í∞úÏõî:3Í∞úÏõî:6Í∞úÏõî:12Í∞úÏõî
INFO	[2019-08-09 18:46:22:218] <30755> Check Field OK
INFO	[2019-08-09 18:46:22:218] <30755> MERCHANT PRIV KEY LOAD OK
INFO	[2019-08-09 18:46:22:219] <30755> MERCHANT PUB KEY LOAD OK []
INFO	[2019-08-09 18:46:22:220] <30755> CHKFAKE KEY MAKE OK:MjAxOTA4MDkxODQ2MjIyMTkzOTQzMw==

INFO	[2019-08-09 18:46:22:220] <30755> END chkfake  Laptime:[0sec]
INFO	[2019-08-09 18:46:22:220] <30755> ===============================================================
INFO	[2019-08-09 18:50:50:966] <28393> START INIPHP securepay (V5036-141209)(OS:Linux2.6.18-274.3.1.el5,PHP:5.2.9)
DEBUG	[2019-08-09 18:50:50:966] <28393> inipayhome:/home/ilearning3/www/inipay
DEBUG	[2019-08-09 18:50:50:966] <28393> type:securepay
DEBUG	[2019-08-09 18:50:50:966] <28393> pgid:INIphpISP_
DEBUG	[2019-08-09 18:50:50:966] <28393> subpgip:203.238.3.10
DEBUG	[2019-08-09 18:50:50:966] <28393> admin:1111
DEBUG	[2019-08-09 18:50:50:966] <28393> debug:true
DEBUG	[2019-08-09 18:50:50:966] <28393> uid:
DEBUG	[2019-08-09 18:50:50:966] <28393> goodname:ªÁæ˜πÆ¿⁄1≥‚
DEBUG	[2019-08-09 18:50:50:966] <28393> currency:WON
DEBUG	[2019-08-09 18:50:50:966] <28393> mid:obmms20151
DEBUG	[2019-08-09 18:50:50:966] <28393> rn:MjAxOTA4MDkxODQ2MjIyMTkzOTQzMw==

DEBUG	[2019-08-09 18:50:50:966] <28393> price:550000
DEBUG	[2019-08-09 18:50:50:966] <28393> enctype:
DEBUG	[2019-08-09 18:50:50:966] <28393> buyername:º≠¡§æ∆∆Æºæ≈Õ
DEBUG	[2019-08-09 18:50:50:966] <28393> buyertel:010-3975-1567
DEBUG	[2019-08-09 18:50:50:966] <28393> buyeremail:seojung2741@naver.com
DEBUG	[2019-08-09 18:50:50:966] <28393> paymethod:VCard
DEBUG	[2019-08-09 18:50:50:966] <28393> encrypted:Version=4.1&PayMethod=VCard&RsaKeyNum=1&EncryptionAlgorithm=NONE&SignAlgorithm=SHA1WithRSAEncryption&CertVer=39&moid=12439_190809064622&ver_trace=main(6109,6065)vcard(6115)card(6185,6158)n(6009)Cs(6025)Dt(6002)Pa(6002)Cf(6025)Fv(0000)La(6183)Re(6135)Vr(6008)P(6034)en(6070)&pg1=39.115.212.10&pg2=203.238.37.3&pg1ip=39.115.212.10&pg2ip=203.238.37.3&agreeflag=1111&rn=3/jEtW8vAEpd+jaA2uMPRZGFsqNzjDyU6Voyera0izo=
&VCode=00020404003191I&VQuota=03&VNoint=0&ip=192.168.0.211&mac=88366CF1194A&cardpoint=9&custemail=seojung2741@naver.com&price=4uDsrkVGdEsgjm3Is8QxAqyAlYVYtDDTlg==
&below1000=0&encisp=0&pgnoint=1&VKBPoint=&VSessionKey=DRXeIg4nqTDrriWisgg0YvToBJrR8TbSln2oFemhcMnpofgn5fhxiOzdinRvcXDZ%0d%0awStl50HIMLIOniNKoOTicHCxpyuIQ8iWED0feJAhy8EnqrhB5mWmdHeXWiBgcs8n%0d%0aJKq8gT8tETzjJVymHn1OyGw%2fD89wTMxG2ch2HPeep2Y%3d%0d%0a&Data=Version%3d1.0%26KeyFlag%3d1%26KeyNum%3d1%26EncryptAlgorithm%3dSEED%2dCBC%26SignAlgorithm%3dsha256WithRSAEncryption%26Data%3d9NRFOEEg4ei%2fG4djVpgu%2f8iT3BD6%2fNiq8tmkINZBJTD%252bzL2XfdNi%252b8fVIGPOXuTz%250aiCVcLZ8GCyWhPUGAHx2Ld846pym0fWXQXkYSDKQg%252blI%253d%250a%26PubCert%3d%26PluginVer%3d5102%26eISPVer%3d2107&FDS_TransKey=2653AC7059E146ff99D19C03A499992B&FDS_SVCType=010100&FDS_CheckResult=T&KCare_Code=&KCare_Price=0&ts=1908091850489CKHi4TT5MAldnrB3o021A00-482&src_flg=0&OSv=IE11_Win10 6.03.9600 Professional_64B (GSCDN) (notray:J) [obmms20151] (61_secuni_npapi)&ip2=1.225.101.166
DEBUG	[2019-08-09 18:50:50:966] <28393> sessionkey:VCard
DEBUG	[2019-08-09 18:50:50:966] <28393> url:http://www.obmms.net
DEBUG	[2019-08-09 18:50:50:966] <28393> cardcode:06
DEBUG	[2019-08-09 18:50:50:966] <28393> parentemail:seojung2741@naver.com
DEBUG	[2019-08-09 18:50:50:966] <28393> recvname:
DEBUG	[2019-08-09 18:50:50:966] <28393> recvtel:
DEBUG	[2019-08-09 18:50:50:966] <28393> recvaddr:
DEBUG	[2019-08-09 18:50:50:966] <28393> recvpostnum:
DEBUG	[2019-08-09 18:50:50:966] <28393> recvmsg:
DEBUG	[2019-08-09 18:50:50:966] <28393> joincard:
DEBUG	[2019-08-09 18:50:50:966] <28393> joinexpire:
DEBUG	[2019-08-09 18:50:50:966] <28393> id_customer:
INFO	[2019-08-09 18:50:50:966] <28393> Check Field OK
INFO	[2019-08-09 18:50:50:967] <28393> Make TID OK INIphpISP_obmms2015120190809185050679704
INFO	[2019-08-09 18:50:50:967] <28393> PI PUB KEY LOAD OK [39]
INFO	[2019-08-09 18:50:50:973] <28393> PG PUB KEY LOAD OK [30]
INFO	[2019-08-09 18:50:50:973] <28393> MERCHANT PRIV KEY LOAD OK
INFO	[2019-08-09 18:50:50:974] <28393> MERCHANT PUB KEY LOAD OK [0]
INFO	[2019-08-09 18:50:50:976] <28393> MAKE BODY OK
INFO	[2019-08-09 18:50:50:979] <28393> SIGN OK
INFO	[2019-08-09 18:50:50:979] <28393> MAKE HEAD OK
INFO	[2019-08-09 18:50:50:979] <28393> MSG_TO_PG:[0307900175R SHA1                   0                  39                  300200obmms20151              550000INIphpISP_obmms2015120190809185050679704<?xml version="1.0" encoding="UTF-8"?>
<INIpay>
	  <GoodsInfo>
	    <GoodsCnt>1</GoodsCnt>
	    <MOID/>
	    <Currency>WON</Currency>
	    <Tax/>
	    <TaxFree/>
	    <Goods>
	      <SMID>obmms20151</SMID>
	      <GoodsName urlencode="1">%BB%E7%BE%F7%B9%AE%C0%DA1%B3%E2</GoodsName>
	      <GoodsPrice>550000</GoodsPrice></Goods></GoodsInfo>
	  <BuyerInfo>
	    <BuyerName urlencode="1">%BC%AD%C1%A4%BE%C6%C6%AE%BC%BE%C5%CD</BuyerName>
	    <BuyerTel>010-3975-1567</BuyerTel>
	    <BuyerEmail urlencode="1">seojung2741%40naver.com</BuyerEmail>
	    <ParentEmail urlencode="1">seojung2741%40naver.com</ParentEmail>
	    <RecvName/>
	    <RecvTel/>
	    <RecvMsg/>
	    <RecvAddr/>
	    <RecvPostNum/></BuyerInfo>
	  <PaymentInfo>
	    <Payment>
	      <PayMethod>VCard</PayMethod>
	      <JoinCard/>
	      <JoinExpire/>
	      <MailOrder/>
	      <SessionKey>VCard</SessionKey>
	      <Encrypted urlencode="1">Version%3D4.1%26PayMethod%3DVCard%26RsaKeyNum%3D1%26EncryptionAlgorithm%3DNONE%26SignAlgorithm%3DSHA1WithRSAEncryption%26CertVer%3D39%26moid%3D12439_190809064622%26ver_trace%3Dmain%286109%2C6065%29vcard%286115%29card%286185%2C6158%29n%286009%29Cs%286025%29Dt%286002%29Pa%286002%29Cf%286025%29Fv%280000%29La%286183%29Re%286135%29Vr%286008%29P%286034%29en%286070%29%26pg1%3D39.115.212.10%26pg2%3D203.238.37.3%26pg1ip%3D39.115.212.10%26pg2ip%3D203.238.37.3%26agreeflag%3D1111%26rn%3D3%2FjEtW8vAEpd%2BjaA2uMPRZGFsqNzjDyU6Voyera0izo%3D%0D%0A%26VCode%3D00020404003191I%26VQuota%3D03%26VNoint%3D0%26ip%3D192.168.0.211%26mac%3D88366CF1194A%26cardpoint%3D9%26custemail%3Dseojung2741%40naver.com%26price%3D4uDsrkVGdEsgjm3Is8QxAqyAlYVYtDDTlg%3D%3D%0D%0A%26below1000%3D0%26encisp%3D0%26pgnoint%3D1%26VKBPoint%3D%26VSessionKey%3DDRXeIg4nqTDrriWisgg0YvToBJrR8TbSln2oFemhcMnpofgn5fhxiOzdinRvcXDZ%250d%250awStl50HIMLIOniNKoOTicHCxpyuIQ8iWED0feJAhy8EnqrhB5mWmdHeXWiBgcs8n%250d%250aJKq8gT8tETzjJVymHn1OyGw%252fD89wTMxG2ch2HPeep2Y%253d%250d%250a%26Data%3DVersion%253d1.0%2526KeyFlag%253d1%2526KeyNum%253d1%2526EncryptAlgorithm%253dSEED%252dCBC%2526SignAlgorithm%253dsha256WithRSAEncryption%2526Data%253d9NRFOEEg4ei%252fG4djVpgu%252f8iT3BD6%252fNiq8tmkINZBJTD%25252bzL2XfdNi%25252b8fVIGPOXuTz%25250aiCVcLZ8GCyWhPUGAHx2Ld846pym0fWXQXkYSDKQg%25252blI%25253d%25250a%2526PubCert%253d%2526PluginVer%253d5102%2526eISPVer%253d2107%26FDS_TransKey%3D2653AC7059E146ff99D19C03A499992B%26FDS_SVCType%3D010100%26FDS_CheckResult%3DT%26KCare_Code%3D%26KCare_Price%3D0%26ts%3D1908091850489CKHi4TT5MAldnrB3o021A00-482%26src_flg%3D0%26OSv%3DIE11_Win10+6.03.9600+Professional_64B+%28GSCDN%29+%28notray%3AJ%29+%5Bobmms20151%5D+%2861_secuni_npapi%29%26ip2%3D1.225.101.166</Encrypted></Payment></PaymentInfo>
	  <ReservedInfo>
	    <MReserved1/>
	    <MReserved2/>
	    <MReserved3/></ReservedInfo>
	  <ManageInfo>
	    <Language/>
	    <URL urlencode="1">http%3A%2F%2Fwww.obmms.net</URL>
	    <TXVersion>5036B141209securLinux     PHPchkfake   2.6.18-274.3.1.el5PHP:5.2.9   </TXVersion>
	    <TXUserID/>
	    <TXRegNum/>
	    <Ack>1</Ack>
	    <TXRN>MjAxOTA4MDkxODQ2MjIyMTkzOTQzMw==
</TXRN></ManageInfo></INIpay>AAW3XwfmDv0s4lLCd+V5S3i+lOVMRy+Ta+q7gle8e7QJUjRgu/f7VYm7MmLrzMc3
MVfU9U02uthIqj70Gr6rnVc3lI4NVRmKVCScB9F5/Ih59Ia2AGCSM0vrnsgVuKdD
poza3AMTghm4ZOuoUqrzdJH3k2AG7vYFYKC013VbvqTn
]
INFO	[2019-08-09 18:50:50:988] <28393> DNS LOOKUP OK(39.115.212.10:39.115.212.10:34049) laptime:0
INFO	[2019-08-09 18:50:50:991] <28393> SOCKET CONNECT OK
INFO	[2019-08-09 18:50:50:991] <28393> SEND OK
INFO	[2019-08-09 18:50:51:799] <28393> RECV OK
INFO	[2019-08-09 18:50:51:799] <28393> MSG_FROM_PG:[0291700175D SHA1                   0                  39                  300210obmms20151              550000INIphpISP_obmms2015120190809185050679704<?xml version="1.0" encoding="UTF-8"?>
<INIpay>
  <GoodsInfo>
    <GoodsCnt>1</GoodsCnt>
    <MOID urlencode="1">12439_190809064622</MOID>
    <Currency>WON</Currency>
    <Goods no="1">
      <SMID>obmms20151</SMID>
      <GoodsName urlencode="1">%BB%E7%BE%F7%B9%AE%C0%DA1%B3%E2</GoodsName>
      <GoodsCntS>1</GoodsCntS>
      <GoodsPrice>550000</GoodsPrice>
    </Goods>
  </GoodsInfo>
  <PaymentInfo>
    <Payment>
      <SessionKey>AEfdq2ltyhizhPzgAqP0R8gVSnCidFOoh6LBRXPP7O1ZaZnMOfoargQByG7O3P/5
QcUbpGzbuCv+DWo38aULjs8zWqXLKxR3pcYklxfprGsWxefrEGTRnPYOEpaBThfx
gpigJfU5XBC4tODqq/mHjGO3xCogStD5sLgQMjxjHNLrx/3IEyKzODs=
</SessionKey>
      <Encrypted>GA9J3pX8Qeaxck/ak/m6eQ+TqD7QM+Vms6uOmyyGoHmveAFPsZAxarbMfYtU3GHa
Ao4Io1GZs42GHGNFwTLsVMMig/nkoq1TDqQqrGB1hXpcl1SdEmnhj2DHpPCbmEbr
Tq7sSTrDRSbfG6Z0B/OOVnlyXpT76bQlbzs0KQd4bJjZi6mK8Jn9WUSbm9hxJQow
51j84qbe7OskCvX5OxV4tuEKeBIp752AfC63Yi8P4tWPTf7mIXJuu4lbq6/oB1Ov
ccsEK/mF13oEE2wsLOdvy+W8jgz2i5Ddq8T63yGxvf6AESAhqHCdwVQnsaxgjegX
lLkcUnw9p09rBhGHfTWV9YUzvcNtVNrwsY5b82gjrD/RX8rx9e4MsktChthBq+vU
VkVabUcB7y4B9W0Mff9fIiFhgIUxx+5wV3DCAXPvIz9J4HVG/A/btoNYY7t88deM
zhOKI94nGEgsyAmyntabRgaBR4HCbUoGqFuREalrWoVzRKhqqnfn87f1L3jInqS7
7vxJVKhWWemHrt+pmLQzLK3WwfAiZReYBHdrVml3lsVytBvbS7pmhyKwzeLQpbDY
Msnm6DbZzJ2g7htbbifWWpANnQZvlZDhkIH2ADCXdWkfkabmqSwtofk8hJarFehX
484erDKX8MCCEmSTq0cHBgzzQkmB+brMZ/xpDkEdAKfwD92EivT0Se0++q3/jYjA
s7RJ08hO9QXm9JqTFWsOaqVwtF0JTKAB7O1K/nhALdm2guY6hKCgyQfPqnjtG3Ex
piQ+lnTB1TPodh6uJpRKftVnJ4TXOO2YQJPYIeJy8JN6G/7XP/VlgY2Gdhh4BrHT
/zaiFhSOLNvpK/BeUwycX5P6KFq/AWOjLK7gd5ifPdyhmfRKbk2unIL7NCegJhNY
HI1M1B2fWAgud22lfWj3TxbK5ES4SNBE67jVr/Wmi62QgEDlgmLx3tmPiNlmr/rw
F0jkjOhrDLrG/+79oHeqoubC+1Z/5mKMJD6OX0Gv9VTMR85FGNJeM2SWwTaaODzd
h88Ap2EG7BlkuXcG9Gs73HOJZMY1DnKduQkc+YtHnngYr2FIV8rqjwX2kkZZyLjq
QigfevO1hiLZPpYTLEAyCcywEsl1edSESt/it+DtORv5s2+zASmvo3pFLoeHlgQh
xh13626BgDm/64jJbeCND0TyMQ2r2bsmTC/7vKuIBFTvnFqHINZzOqFBCAcdnhzO
kTPl7Pkqn+SMzKj2YqurtvEwr69V9nTpwZNZdcdhI8yYNE2mvdU3uKRPc6o15/DX
K2jAMoAOxpcm5R9rAjKwpDzSoR32QNjrTGkPAlAc1QEUiYgXpvnB1dOgP9gLolkV
Hb49+opavKSQCSeNayvKT+jq8SF5ePryjR6EnlAP92NkCnrHgwGq5bQymB7OAcHO
DZjoOe2S8raShOvu28JGLKwYlHfWf6iG3g8HZfNMclF7K5MXbMsl+az0jWHvL9Er
6PmqJN06KEoz/HyF+LU/3iRHgoT/TYUeDyFX9pBc0SuLv6JLPuXw/w==
</Encrypted>
      <PayMethod>VCard</PayMethod>
      <ResultCode>170011</ResultCode>
      <ResultMsg urlencode="1">%28%B9%FD%C0%CE%2F%C7%D2%BA%CE%C1%A6%C7%D1%29%C4%AB%B5%E5%C7%D2%BA%CE%BA%D2%B0%A1</ResultMsg>
    </Payment>
  </PaymentInfo>
  <ManageInfo>
    <EventCode>1</EventCode>
    <OrgCurrency></OrgCurrency>
    <ExchangeRate></ExchangeRate>
    <OrgPrice></OrgPrice>
  </ManageInfo>
  <ReservedInfo>
    <MReserved1 urlencode="1"></MReserved1>
    <MReserved2 urlencode="1"></MReserved2>
    <MReserved3 urlencode="1"></MReserved3>
    <PGReserved1 urlencode="1"></PGReserved1>
    <PGReserved2 urlencode="1"></PGReserved2>
    <PGReserved3 urlencode="1"></PGReserved3>
  </ReservedInfo>
</INIpay>
3yjOfgk5A7m6RJFC38oiqXAZNybqr/9Q9CmPkrQSaoVXDNPI5KkUDKxoMETsr5dK
ZjlnMlP2zHDeU/RtplTDdfwh94CJEs/JXn+2NFiDjFdU/SQ704u8duZxfa7u7jRg
gzdZ+eFtrU2LMOZpHy3VHzfUQBcasaZiAk/4tCr9qqg=
]
INFO	[2019-08-09 18:50:51:799] <28393> VERIFY OK
INFO	[2019-08-09 18:50:51:799] <28393> PARSE HEAD OK
INFO	[2019-08-09 18:50:51:819] <28393> PARSE BODY OK
INFO	[2019-08-09 18:50:51:849] <28393> DECRYPT OK
DEBUG	[2019-08-09 18:50:51:849] <28393> DECRYPT MSG:[<?xml version="1.0" encoding="UTF-8"?>
<PaymentInfo>
  <Payment>
    <EASYPAY/>
    <VCard>
      <ISP_ApplPrice>550000</ISP_ApplPrice>
      <ISP_BankCode>04</ISP_BankCode>
      <ISP_Quota>03</ISP_Quota>
      <ISP_Interest>0</ISP_Interest>
      <ISP_CardCode>06</ISP_CardCode>
      <ISP_CardNum></ISP_CardNum>
      <ISP_Point></ISP_Point>
      <ISP_ApplDate>20190809</ISP_ApplDate>
      <ISP_ApplTime>185048</ISP_ApplTime>
      <ISP_ApplNum>50603202</ISP_ApplNum>
      <ISP_TerminalNum>0208936000</ISP_TerminalNum>
      <ISP_MemberNum></ISP_MemberNum>
      <ISP_PurchaseCode></ISP_PurchaseCode>
      <ISP_ResultCode>170011</ISP_ResultCode>
      <ISP_ResultMsg urlencode="1">%28%B9%FD%C0%CE%2F%C7%D2%BA%CE%C1%A6%C7%D1%29%C4%AB%B5%E5%C7%D2%BA%CE%BA%D2%B0%A1</ISP_ResultMsg>
      <ISP_PrtcCode></ISP_PrtcCode>
      <ISP_Quota_Point>03</ISP_Quota_Point>
      <ISP_CheckFlag>0</ISP_CheckFlag>
      <ISP_PurchaseName urlencode="1"></ISP_PurchaseName>
      <ISP_IssuerName urlencode="1"></ISP_IssuerName>
      <ISP_UsePoint></ISP_UsePoint>
      <ISP_CouponOnlyMer></ISP_CouponOnlyMer>
    </VCard>
  </Payment>
</PaymentInfo>]
INFO	[2019-08-09 18:50:51:851] <28393> DECRYPT PARSE OK
INFO	[2019-08-09 18:50:51:851] <28393> END securepay [170011|(π˝¿Œ/«“∫Œ¡¶«—)ƒ´µÂ«“∫Œ∫“∞°] Laptime:[0.88sec]
INFO	[2019-08-09 18:50:51:851] <28393> ===============================================================
INFO	[2019-08-09 18:51:06:400] <28393> START INIPHP chkfake (V5036-141209)(OS:Linux2.6.18-274.3.1.el5,PHP:5.2.9)
DEBUG	[2019-08-09 18:51:06:401] <28393> inipayhome:/home/ilearning3/www/inipay
DEBUG	[2019-08-09 18:51:06:401] <28393> type:chkfake
DEBUG	[2019-08-09 18:51:06:401] <28393> debug:true
DEBUG	[2019-08-09 18:51:06:401] <28393> enctype:asym
DEBUG	[2019-08-09 18:51:06:401] <28393> admin:1111
DEBUG	[2019-08-09 18:51:06:401] <28393> checkopt:false
DEBUG	[2019-08-09 18:51:06:401] <28393> mid:obmms20151
DEBUG	[2019-08-09 18:51:06:401] <28393> price:550000
DEBUG	[2019-08-09 18:51:06:401] <28393> nointerest:no
DEBUG	[2019-08-09 18:51:06:401] <28393> quotabase:ÏÑ†ÌÉù:ÏùºÏãúÎ∂à:2Í∞úÏõî:3Í∞úÏõî:6Í∞úÏõî:12Í∞úÏõî
INFO	[2019-08-09 18:51:06:401] <28393> Check Field OK
INFO	[2019-08-09 18:51:06:401] <28393> MERCHANT PRIV KEY LOAD OK
INFO	[2019-08-09 18:51:06:401] <28393> MERCHANT PUB KEY LOAD OK []
INFO	[2019-08-09 18:51:06:403] <28393> CHKFAKE KEY MAKE OK:MjAxOTA4MDkxODUxMDY0MDExNzk4NA==

INFO	[2019-08-09 18:51:06:403] <28393> END chkfake  Laptime:[0sec]
INFO	[2019-08-09 18:51:06:403] <28393> ===============================================================
INFO	[2019-08-09 18:52:13:520] <28391> START INIPHP securepay (V5036-141209)(OS:Linux2.6.18-274.3.1.el5,PHP:5.2.9)
DEBUG	[2019-08-09 18:52:13:520] <28391> inipayhome:/home/ilearning3/www/inipay
DEBUG	[2019-08-09 18:52:13:520] <28391> type:securepay
DEBUG	[2019-08-09 18:52:13:520] <28391> pgid:INIphpISP_
DEBUG	[2019-08-09 18:52:13:520] <28391> subpgip:203.238.3.10
DEBUG	[2019-08-09 18:52:13:520] <28391> admin:1111
DEBUG	[2019-08-09 18:52:13:520] <28391> debug:true
DEBUG	[2019-08-09 18:52:13:520] <28391> uid:
DEBUG	[2019-08-09 18:52:13:520] <28391> goodname:ªÁæ˜πÆ¿⁄1≥‚
DEBUG	[2019-08-09 18:52:13:520] <28391> currency:WON
DEBUG	[2019-08-09 18:52:13:520] <28391> mid:obmms20151
DEBUG	[2019-08-09 18:52:13:520] <28391> rn:MjAxOTA4MDkxODUxMDY0MDExNzk4NA==

DEBUG	[2019-08-09 18:52:13:520] <28391> price:550000
DEBUG	[2019-08-09 18:52:13:520] <28391> enctype:
DEBUG	[2019-08-09 18:52:13:520] <28391> buyername:º≠¡§æ∆∆Æºæ≈Õ
DEBUG	[2019-08-09 18:52:13:520] <28391> buyertel:010-3975-1567
DEBUG	[2019-08-09 18:52:13:520] <28391> buyeremail:seojung2741@naver.com
DEBUG	[2019-08-09 18:52:13:520] <28391> paymethod:VCard
DEBUG	[2019-08-09 18:52:13:520] <28391> encrypted:Version=4.1&PayMethod=VCard&RsaKeyNum=1&EncryptionAlgorithm=NONE&SignAlgorithm=SHA1WithRSAEncryption&CertVer=39&moid=12439_190809065106&ver_trace=main(6109,6065)vcard(6115)card(6185,6158)n(6009)Cs(6025)Dt(6002)Pa(6002)Cf(6025)Fv(0000)La(6183)Re(6135)Vr(6008)P(6034)en(6070)&pg1=39.115.212.10&pg2=203.238.37.3&pg1ip=39.115.212.10&pg2ip=203.238.37.3&agreeflag=1111&rn=3/jEtW8vAEpd+jaA2uMLD5GroupznBKW6HQINLWCizo=
&VCode=00020404003191I&VQuota=03&VNoint=0&ip=192.168.0.211&mac=88366CF1194A&cardpoint=9&custemail=seojung2741@naver.com&price=4uDsrkVGdEsgjm3Is8QxAqyAlYVYtDDTlg==
&below1000=0&encisp=0&pgnoint=1&VKBPoint=&VSessionKey=B%2feQrJ6SKtatN0%2ffKJSkH1kqAiIhdJeWdv899Wkr2VQqSOYtM7Xq%2fRCpRNJmxWnK%0d%0a8ADKA5LK4y3ZCryz9DsIkyNzBD3mfi46rjBJFc7Zx2Z6k4wzirM%2bmdgzm%2bsiNYPd%0d%0aY%2fIgVuj7aDXLemFrJ1Akve6SlZBxrlPdHpU4nU8z7KU%3d%0d%0a&Data=Version%3d1.0%26KeyFlag%3d1%26KeyNum%3d1%26EncryptAlgorithm%3dSEED%2dCBC%26SignAlgorithm%3dsha256WithRSAEncryption%26Data%3dC3Dk7Gap170kg0%2fuHRxenlhOhZKeh%252b582LI7wSgGLrkUILBx7m53DzPGx6r5G0b%2f%250aGsq7Bj9cYIYDIor3n7MYdZaphuYGPqci7Y90Pi4y8JE%253d%250a%26PubCert%3d%26PluginVer%3d5104%26eISPVer%3d2107&FDS_TransKey=312FC00D8C694502B69DE5DD973EEC74&FDS_SVCType=010100&FDS_CheckResult=T&KCare_Code=&KCare_Price=0&ts=190809185211aFIYCqqYVSddALi73ycwdQ00-837&src_flg=0&OSv=IE11_Win10 6.03.9600 Professional_64B (GSCDN) (notray:J) [obmms20151] (61_secuni_npapi)&ip2=1.225.101.166
DEBUG	[2019-08-09 18:52:13:520] <28391> sessionkey:VCard
DEBUG	[2019-08-09 18:52:13:520] <28391> url:http://www.obmms.net
DEBUG	[2019-08-09 18:52:13:520] <28391> cardcode:06
DEBUG	[2019-08-09 18:52:13:520] <28391> parentemail:seojung2741@naver.com
DEBUG	[2019-08-09 18:52:13:520] <28391> recvname:
DEBUG	[2019-08-09 18:52:13:520] <28391> recvtel:
DEBUG	[2019-08-09 18:52:13:520] <28391> recvaddr:
DEBUG	[2019-08-09 18:52:13:520] <28391> recvpostnum:
DEBUG	[2019-08-09 18:52:13:520] <28391> recvmsg:
DEBUG	[2019-08-09 18:52:13:520] <28391> joincard:
DEBUG	[2019-08-09 18:52:13:520] <28391> joinexpire:
DEBUG	[2019-08-09 18:52:13:520] <28391> id_customer:
INFO	[2019-08-09 18:52:13:521] <28391> Check Field OK
INFO	[2019-08-09 18:52:13:521] <28391> Make TID OK INIphpISP_obmms2015120190809185213219390
INFO	[2019-08-09 18:52:13:521] <28391> PI PUB KEY LOAD OK [39]
INFO	[2019-08-09 18:52:13:521] <28391> PG PUB KEY LOAD OK [30]
INFO	[2019-08-09 18:52:13:521] <28391> MERCHANT PRIV KEY LOAD OK
INFO	[2019-08-09 18:52:13:522] <28391> MERCHANT PUB KEY LOAD OK [0]
INFO	[2019-08-09 18:52:13:523] <28391> MAKE BODY OK
INFO	[2019-08-09 18:52:13:524] <28391> SIGN OK
INFO	[2019-08-09 18:52:13:524] <28391> MAKE HEAD OK
INFO	[2019-08-09 18:52:13:525] <28391> MSG_TO_PG:[0308300175R SHA1                   0                  39                  300200obmms20151              550000INIphpISP_obmms2015120190809185213219390<?xml version="1.0" encoding="UTF-8"?>
<INIpay>
	  <GoodsInfo>
	    <GoodsCnt>1</GoodsCnt>
	    <MOID/>
	    <Currency>WON</Currency>
	    <Tax/>
	    <TaxFree/>
	    <Goods>
	      <SMID>obmms20151</SMID>
	      <GoodsName urlencode="1">%BB%E7%BE%F7%B9%AE%C0%DA1%B3%E2</GoodsName>
	      <GoodsPrice>550000</GoodsPrice></Goods></GoodsInfo>
	  <BuyerInfo>
	    <BuyerName urlencode="1">%BC%AD%C1%A4%BE%C6%C6%AE%BC%BE%C5%CD</BuyerName>
	    <BuyerTel>010-3975-1567</BuyerTel>
	    <BuyerEmail urlencode="1">seojung2741%40naver.com</BuyerEmail>
	    <ParentEmail urlencode="1">seojung2741%40naver.com</ParentEmail>
	    <RecvName/>
	    <RecvTel/>
	    <RecvMsg/>
	    <RecvAddr/>
	    <RecvPostNum/></BuyerInfo>
	  <PaymentInfo>
	    <Payment>
	      <PayMethod>VCard</PayMethod>
	      <JoinCard/>
	      <JoinExpire/>
	      <MailOrder/>
	      <SessionKey>VCard</SessionKey>
	      <Encrypted urlencode="1">Version%3D4.1%26PayMethod%3DVCard%26RsaKeyNum%3D1%26EncryptionAlgorithm%3DNONE%26SignAlgorithm%3DSHA1WithRSAEncryption%26CertVer%3D39%26moid%3D12439_190809065106%26ver_trace%3Dmain%286109%2C6065%29vcard%286115%29card%286185%2C6158%29n%286009%29Cs%286025%29Dt%286002%29Pa%286002%29Cf%286025%29Fv%280000%29La%286183%29Re%286135%29Vr%286008%29P%286034%29en%286070%29%26pg1%3D39.115.212.10%26pg2%3D203.238.37.3%26pg1ip%3D39.115.212.10%26pg2ip%3D203.238.37.3%26agreeflag%3D1111%26rn%3D3%2FjEtW8vAEpd%2BjaA2uMLD5GroupznBKW6HQINLWCizo%3D%0D%0A%26VCode%3D00020404003191I%26VQuota%3D03%26VNoint%3D0%26ip%3D192.168.0.211%26mac%3D88366CF1194A%26cardpoint%3D9%26custemail%3Dseojung2741%40naver.com%26price%3D4uDsrkVGdEsgjm3Is8QxAqyAlYVYtDDTlg%3D%3D%0D%0A%26below1000%3D0%26encisp%3D0%26pgnoint%3D1%26VKBPoint%3D%26VSessionKey%3DB%252feQrJ6SKtatN0%252ffKJSkH1kqAiIhdJeWdv899Wkr2VQqSOYtM7Xq%252fRCpRNJmxWnK%250d%250a8ADKA5LK4y3ZCryz9DsIkyNzBD3mfi46rjBJFc7Zx2Z6k4wzirM%252bmdgzm%252bsiNYPd%250d%250aY%252fIgVuj7aDXLemFrJ1Akve6SlZBxrlPdHpU4nU8z7KU%253d%250d%250a%26Data%3DVersion%253d1.0%2526KeyFlag%253d1%2526KeyNum%253d1%2526EncryptAlgorithm%253dSEED%252dCBC%2526SignAlgorithm%253dsha256WithRSAEncryption%2526Data%253dC3Dk7Gap170kg0%252fuHRxenlhOhZKeh%25252b582LI7wSgGLrkUILBx7m53DzPGx6r5G0b%252f%25250aGsq7Bj9cYIYDIor3n7MYdZaphuYGPqci7Y90Pi4y8JE%25253d%25250a%2526PubCert%253d%2526PluginVer%253d5104%2526eISPVer%253d2107%26FDS_TransKey%3D312FC00D8C694502B69DE5DD973EEC74%26FDS_SVCType%3D010100%26FDS_CheckResult%3DT%26KCare_Code%3D%26KCare_Price%3D0%26ts%3D190809185211aFIYCqqYVSddALi73ycwdQ00-837%26src_flg%3D0%26OSv%3DIE11_Win10+6.03.9600+Professional_64B+%28GSCDN%29+%28notray%3AJ%29+%5Bobmms20151%5D+%2861_secuni_npapi%29%26ip2%3D1.225.101.166</Encrypted></Payment></PaymentInfo>
	  <ReservedInfo>
	    <MReserved1/>
	    <MReserved2/>
	    <MReserved3/></ReservedInfo>
	  <ManageInfo>
	    <Language/>
	    <URL urlencode="1">http%3A%2F%2Fwww.obmms.net</URL>
	    <TXVersion>5036B141209securLinux     PHPchkfake   2.6.18-274.3.1.el5PHP:5.2.9   </TXVersion>
	    <TXUserID/>
	    <TXRegNum/>
	    <Ack>1</Ack>
	    <TXRN>MjAxOTA4MDkxODUxMDY0MDExNzk4NA==
</TXRN></ManageInfo></INIpay>AT/OCcCSt1tkcdDx56kJLGENwnXb39nl3UHiycYOs96wXFpjNosoQYtFq8AcaFV9
R/Evbymrd5g+qtBuZRgv6EXfE8ponBBRjQGbXqDzFDZLA+vdTytZfW+PHU8p8FtG
nBTc56gW+Kr1unrak+dlTIA2Fu1x9YCbfB8wa6eTHRcJ
]
INFO	[2019-08-09 18:52:13:525] <28391> DNS LOOKUP OK(39.115.212.10:39.115.212.10:34049) laptime:0
INFO	[2019-08-09 18:52:13:527] <28391> SOCKET CONNECT OK
INFO	[2019-08-09 18:52:13:527] <28391> SEND OK
INFO	[2019-08-09 18:52:14:223] <28391> RECV OK
INFO	[2019-08-09 18:52:14:223] <28391> MSG_FROM_PG:[0291700175D SHA1                   0                  39                  300210obmms20151              550000INIphpISP_obmms2015120190809185213219390<?xml version="1.0" encoding="UTF-8"?>
<INIpay>
  <GoodsInfo>
    <GoodsCnt>1</GoodsCnt>
    <MOID urlencode="1">12439_190809065106</MOID>
    <Currency>WON</Currency>
    <Goods no="1">
      <SMID>obmms20151</SMID>
      <GoodsName urlencode="1">%BB%E7%BE%F7%B9%AE%C0%DA1%B3%E2</GoodsName>
      <GoodsCntS>1</GoodsCntS>
      <GoodsPrice>550000</GoodsPrice>
    </Goods>
  </GoodsInfo>
  <PaymentInfo>
    <Payment>
      <SessionKey>AMNa8AxZiC7jYrlO25GGop7y+TjyOCLw/HLWkXyK4Zdh4HrxBhUkE3uaOCZwQ0fg
6UcbF47gvD+ukgGBvOslN5U2AGD3wGafk2Z1uc2nr8VBcfghqC+L/6s+UrP7TamC
7trkz+vIpbB+HvMuhjeYxaDgc9irsQ37he2o/I7C4rdjQdW5pKLjvU0=
</SessionKey>
      <Encrypted>aPLZExzN7VBnl42jGTcjZzMr0/6krqB2N9XPEgLHO+pqsOJB23D7OlYYiRrT9OLn
nCmGllfougq8dRpI3jJYHH2CZ8NGYbogrzs/AjlvmTGqllFKCOkCqUjjoXn0Mz5W
ahP+cuhYG0M/UjLZoLR5+XAJMN/2S7efJSNjo9T99JL1PlMQaJtTVtiNNeJLqj2C
HspP5BdfNNP1cCOGd2GDZmj//Xp0jR7MN7B+1jte8zs7//gXaWXEkFQ6RI5Oy50r
5oV3AYJ8oFxC0450lVBUyXw/sRsN12b2m+MrW+f4NkBUsJbG1DuSr4G+stBQKMlC
avk47K5/XOaIE4/URMC2G7Xx0uHMYrW+qVxeW4HBvWzLbqqeSIw294lIQUULdaJs
HZepuTTjYKScDOxWrP2pBqEa736FewrNjY/B/t3MDv0YM6ixewZ8GA50V2iEdEmn
RUg3QjStErT8jT60nUXRRziN4+oNeVBDhZYvDV0SAK+iwIWvlA84EAx+qsPt33HD
wrhBMZ8wBo8LdSwH3RPJnq0p9mXKsIi3v9HSAx72qENs0wHdlNwEPw0pSF6LsqEA
X5zgq1voyfZcMMlaVOI+IlPnaHKJFJNFxjWjoZ9eCD4u73fC8LGaKOb64TWMnn1R
6fUuOdsizK4WQSDRvjBM6TEHkOTcDnOtlSAkRLxKoxXu/2QBKPkIJ5B4pZnhuIIc
79nd1LVrEvL628msffKQmxXS6zK5LgxTGjn2/+kB8rPf+2lTyKgbOOMAW6XK4cxd
TsyStK2EglBWLwmriBiQAMs+DUr4gQAKDZG7oJIVDvzkj6RWiVMXgh0wZrXTZeYy
VKmdo8BwGOnnzsdpXz0K60HNULxfafoIxgK+9yqhstJPHIKu0pcRgbU0qoeLROvm
QOGvUi4yAslSidR30zabYqtejkRni/5Wjo4P7ADDp7ezBryWIlD+aVEld4uWGiKg
lTbote4QErByhHohREHWAtfzoTwQpyphVouj2EPQxCBv1+NO3PZkFuAKcjoSi41x
0R4EJjKIziDRywYEejuKjoxHKsm3Y93MYL3ar6Jitqx+3zIV7dDZDKUWmUL+IJKZ
3sbUloxkokqNe0Qy+v3G4nMnikJABjIqy6+3Z8h5/RtXtKeNy7cwYl5ADWIzWuzT
CMUDoSzVFj+58K2knPO896VipAPiBINV1oeiu5iJbFKQL1/yVXp7/vfUSy44/6D9
yXUhWvVJ8RS1/CiGCYmoJuD+djJ0FPP4BGHIFGy2d3I/AO9VL6zaEehGlgSd4BmS
2vbbXZdXDZyWJr8mYG1NYedGaldvP1wdw6J9POBa2wseghB20ScUb7JEo8i0v1Q/
sVTn4l3QL8uzxouKozfbimzXPX8xvHAIScHmo8D830kkB+T9T5V5QSjb1TF0rNyH
7fAcDPaLdWoCyV5A9aEntS+V8P+/KrkxFiXq2HhQbKsdOfQR6QAWQlQWoqTsTJYS
EjGQBIXhecwnNpcD2xGya5sWqF+FoCIb8hYvYXZUFvTQ5t1TuVew2Q==
</Encrypted>
      <PayMethod>VCard</PayMethod>
      <ResultCode>170011</ResultCode>
      <ResultMsg urlencode="1">%28%B9%FD%C0%CE%2F%C7%D2%BA%CE%C1%A6%C7%D1%29%C4%AB%B5%E5%C7%D2%BA%CE%BA%D2%B0%A1</ResultMsg>
    </Payment>
  </PaymentInfo>
  <ManageInfo>
    <EventCode>1</EventCode>
    <OrgCurrency></OrgCurrency>
    <ExchangeRate></ExchangeRate>
    <OrgPrice></OrgPrice>
  </ManageInfo>
  <ReservedInfo>
    <MReserved1 urlencode="1"></MReserved1>
    <MReserved2 urlencode="1"></MReserved2>
    <MReserved3 urlencode="1"></MReserved3>
    <PGReserved1 urlencode="1"></PGReserved1>
    <PGReserved2 urlencode="1"></PGReserved2>
    <PGReserved3 urlencode="1"></PGReserved3>
  </ReservedInfo>
</INIpay>
3ZeZzr2M/yyotbsr8QMAzYU/p+3IJFpRnFDhNKpma8rxlDI9hIkn+Hem6pru5h3A
ffDpXzv1vlJI7yJv4wCDVqdTImn1mJTik4ovn0YkWgutWElYZstPO/A3MauO1CMG
UhgM/LK9nxSCYuwteS3DRoij3l8IBTARugTppj+qPGM=
]
INFO	[2019-08-09 18:52:14:223] <28391> VERIFY OK
INFO	[2019-08-09 18:52:14:224] <28391> PARSE HEAD OK
INFO	[2019-08-09 18:52:14:226] <28391> PARSE BODY OK
INFO	[2019-08-09 18:52:14:230] <28391> DECRYPT OK
DEBUG	[2019-08-09 18:52:14:230] <28391> DECRYPT MSG:[<?xml version="1.0" encoding="UTF-8"?>
<PaymentInfo>
  <Payment>
    <EASYPAY/>
    <VCard>
      <ISP_ApplPrice>550000</ISP_ApplPrice>
      <ISP_BankCode>04</ISP_BankCode>
      <ISP_Quota>03</ISP_Quota>
      <ISP_Interest>0</ISP_Interest>
      <ISP_CardCode>06</ISP_CardCode>
      <ISP_CardNum></ISP_CardNum>
      <ISP_Point></ISP_Point>
      <ISP_ApplDate>20190809</ISP_ApplDate>
      <ISP_ApplTime>185211</ISP_ApplTime>
      <ISP_ApplNum>52603532</ISP_ApplNum>
      <ISP_TerminalNum>0208936000</ISP_TerminalNum>
      <ISP_MemberNum></ISP_MemberNum>
      <ISP_PurchaseCode></ISP_PurchaseCode>
      <ISP_ResultCode>170011</ISP_ResultCode>
      <ISP_ResultMsg urlencode="1">%28%B9%FD%C0%CE%2F%C7%D2%BA%CE%C1%A6%C7%D1%29%C4%AB%B5%E5%C7%D2%BA%CE%BA%D2%B0%A1</ISP_ResultMsg>
      <ISP_PrtcCode></ISP_PrtcCode>
      <ISP_Quota_Point>03</ISP_Quota_Point>
      <ISP_CheckFlag>0</ISP_CheckFlag>
      <ISP_PurchaseName urlencode="1"></ISP_PurchaseName>
      <ISP_IssuerName urlencode="1"></ISP_IssuerName>
      <ISP_UsePoint></ISP_UsePoint>
      <ISP_CouponOnlyMer></ISP_CouponOnlyMer>
    </VCard>
  </Payment>
</PaymentInfo>]
INFO	[2019-08-09 18:52:14:233] <28391> DECRYPT PARSE OK
INFO	[2019-08-09 18:52:14:233] <28391> END securepay [170011|(π˝¿Œ/«“∫Œ¡¶«—)ƒ´µÂ«“∫Œ∫“∞°] Laptime:[0.71sec]
INFO	[2019-08-09 18:52:14:233] <28391> ===============================================================
INFO	[2019-08-09 18:52:25:816] <28391> START INIPHP chkfake (V5036-141209)(OS:Linux2.6.18-274.3.1.el5,PHP:5.2.9)
DEBUG	[2019-08-09 18:52:25:816] <28391> inipayhome:/home/ilearning3/www/inipay
DEBUG	[2019-08-09 18:52:25:816] <28391> type:chkfake
DEBUG	[2019-08-09 18:52:25:816] <28391> debug:true
DEBUG	[2019-08-09 18:52:25:816] <28391> enctype:asym
DEBUG	[2019-08-09 18:52:25:816] <28391> admin:1111
DEBUG	[2019-08-09 18:52:25:816] <28391> checkopt:false
DEBUG	[2019-08-09 18:52:25:816] <28391> mid:obmms20151
DEBUG	[2019-08-09 18:52:25:816] <28391> price:550000
DEBUG	[2019-08-09 18:52:25:816] <28391> nointerest:no
DEBUG	[2019-08-09 18:52:25:816] <28391> quotabase:ÏÑ†ÌÉù:ÏùºÏãúÎ∂à:2Í∞úÏõî:3Í∞úÏõî:6Í∞úÏõî:12Í∞úÏõî
INFO	[2019-08-09 18:52:25:816] <28391> Check Field OK
INFO	[2019-08-09 18:52:25:817] <28391> MERCHANT PRIV KEY LOAD OK
INFO	[2019-08-09 18:52:25:817] <28391> MERCHANT PUB KEY LOAD OK []
INFO	[2019-08-09 18:52:25:819] <28391> CHKFAKE KEY MAKE OK:MjAxOTA4MDkxODUyMjU4MTc3MzgxNQ==

INFO	[2019-08-09 18:52:25:819] <28391> END chkfake  Laptime:[0sec]
INFO	[2019-08-09 18:52:25:819] <28391> ===============================================================
INFO	[2019-08-09 18:54:21:85] <27922> START INIPHP chkfake (V5036-141209)(OS:Linux2.6.18-274.3.1.el5,PHP:5.2.9)
DEBUG	[2019-08-09 18:54:21:85] <27922> inipayhome:/home/ilearning3/www/inipay
DEBUG	[2019-08-09 18:54:21:85] <27922> type:chkfake
DEBUG	[2019-08-09 18:54:21:85] <27922> debug:true
DEBUG	[2019-08-09 18:54:21:85] <27922> enctype:asym
DEBUG	[2019-08-09 18:54:21:85] <27922> admin:1111
DEBUG	[2019-08-09 18:54:21:85] <27922> checkopt:false
DEBUG	[2019-08-09 18:54:21:85] <27922> mid:obmms20151
DEBUG	[2019-08-09 18:54:21:85] <27922> price:550000
DEBUG	[2019-08-09 18:54:21:85] <27922> nointerest:no
DEBUG	[2019-08-09 18:54:21:85] <27922> quotabase:ÏÑ†ÌÉù:ÏùºÏãúÎ∂à:2Í∞úÏõî:3Í∞úÏõî:6Í∞úÏõî:12Í∞úÏõî
INFO	[2019-08-09 18:54:21:85] <27922> Check Field OK
INFO	[2019-08-09 18:54:21:85] <27922> MERCHANT PRIV KEY LOAD OK
INFO	[2019-08-09 18:54:21:85] <27922> MERCHANT PUB KEY LOAD OK []
INFO	[2019-08-09 18:54:21:87] <27922> CHKFAKE KEY MAKE OK:MjAxOTA4MDkxODU0MjEwODU1NjgxOQ==

INFO	[2019-08-09 18:54:21:87] <27922> END chkfake  Laptime:[0.01sec]
INFO	[2019-08-09 18:54:21:87] <27922> ===============================================================
INFO	[2019-08-09 18:55:20:612] <11584> START INIPHP securepay (V5036-141209)(OS:Linux2.6.18-274.3.1.el5,PHP:5.2.9)
DEBUG	[2019-08-09 18:55:20:612] <11584> inipayhome:/home/ilearning3/www/inipay
DEBUG	[2019-08-09 18:55:20:612] <11584> type:securepay
DEBUG	[2019-08-09 18:55:20:612] <11584> pgid:INIphpISP_
DEBUG	[2019-08-09 18:55:20:612] <11584> subpgip:203.238.3.10
DEBUG	[2019-08-09 18:55:20:612] <11584> admin:1111
DEBUG	[2019-08-09 18:55:20:612] <11584> debug:true
DEBUG	[2019-08-09 18:55:20:612] <11584> uid:
DEBUG	[2019-08-09 18:55:20:612] <11584> goodname:ªÁæ˜πÆ¿⁄1≥‚
DEBUG	[2019-08-09 18:55:20:612] <11584> currency:WON
DEBUG	[2019-08-09 18:55:20:612] <11584> mid:obmms20151
DEBUG	[2019-08-09 18:55:20:612] <11584> rn:MjAxOTA4MDkxODU0MjEwODU1NjgxOQ==

DEBUG	[2019-08-09 18:55:20:612] <11584> price:550000
DEBUG	[2019-08-09 18:55:20:612] <11584> enctype:
DEBUG	[2019-08-09 18:55:20:612] <11584> buyername:º≠¡§æ∆∆Æºæ≈Õ
DEBUG	[2019-08-09 18:55:20:612] <11584> buyertel:010-3975-1567
DEBUG	[2019-08-09 18:55:20:612] <11584> buyeremail:seojung2741@naver.com
DEBUG	[2019-08-09 18:55:20:612] <11584> paymethod:VCard
DEBUG	[2019-08-09 18:55:20:612] <11584> encrypted:Version=4.1&PayMethod=VCard&RsaKeyNum=1&EncryptionAlgorithm=NONE&SignAlgorithm=SHA1WithRSAEncryption&CertVer=39&moid=12439_190809065421&ver_trace=main(6109,6065)vcard(6115)card(6185,6158)n(6009)Cs(6025)Dt(6002)Pa(6002)Cf(6025)Fv(0000)La(6183)Re(6135)Vr(6008)P(6034)en(6070)&pg1=39.115.212.10&pg2=203.238.37.3&pg1ip=39.115.212.10&pg2ip=203.238.37.3&agreeflag=1111&rn=3/jEtW8vAEpd+jaA2uMLR5GFvq1xnALf6GQEeLSSizo=
&VCode=00020404003191I&VQuota=03&VNoint=0&ip=192.168.0.211&mac=88366CF1194A&cardpoint=9&custemail=seojung2741@naver.com&price=4uDsrkVGdEsgjm3Is8QxAqyAlYVYtDDTlg==
&below1000=0&encisp=0&pgnoint=1&VKBPoint=&VSessionKey=TRrFl7M5BMRH0m8EeenR26ORMCzJ8i41Rxq1lcWjjPymCNaPIvsNJChJzBsz3yLx%0d%0adx%2b0%2fRx8At6rPI976gGIUVDzqQWlD4zP%2flNxEqlKgutYKpunYXLsby7JA8PFPtVS%0d%0aaqjhB%2bCSDkTHn6xyPM0zqmVtegZItWM5NYfQfbYugpE%3d%0d%0a&Data=Version%3d1.0%26KeyFlag%3d1%26KeyNum%3d1%26EncryptAlgorithm%3dSEED%2dCBC%26SignAlgorithm%3dsha256WithRSAEncryption%26Data%3dn9SGE6YZ8k6l0Aowcczt0iPG95n9W5pthT0UWF%252bO1Ahvsi2ynU4ALOCnOvnkCf2J%250a7VfT3irstFlY4lXQw%2f4qXu1HxaaoNOFHbZixNa2dHQ8%253d%250a%26PubCert%3d%26PluginVer%3d5104%26eISPVer%3d2107&FDS_TransKey=71ECBE62F70D4396A910D921FD193EE4&FDS_SVCType=010100&FDS_CheckResult=T&KCare_Code=&KCare_Price=0&ts=190809185518ENYUm7MKYX0WFEUFAFN47Q00-827&src_flg=0&OSv=IE11_Win10 6.03.9600 Professional_64B (GSCDN) (notray:J) [obmms20151] (61_secuni_npapi)&ip2=1.225.101.166
DEBUG	[2019-08-09 18:55:20:612] <11584> sessionkey:VCard
DEBUG	[2019-08-09 18:55:20:612] <11584> url:http://www.obmms.net
DEBUG	[2019-08-09 18:55:20:612] <11584> cardcode:06
DEBUG	[2019-08-09 18:55:20:612] <11584> parentemail:seojung2741@naver.com
DEBUG	[2019-08-09 18:55:20:612] <11584> recvname:
DEBUG	[2019-08-09 18:55:20:612] <11584> recvtel:
DEBUG	[2019-08-09 18:55:20:612] <11584> recvaddr:
DEBUG	[2019-08-09 18:55:20:612] <11584> recvpostnum:
DEBUG	[2019-08-09 18:55:20:612] <11584> recvmsg:
DEBUG	[2019-08-09 18:55:20:612] <11584> joincard:
DEBUG	[2019-08-09 18:55:20:612] <11584> joinexpire:
DEBUG	[2019-08-09 18:55:20:612] <11584> id_customer:
INFO	[2019-08-09 18:55:20:612] <11584> Check Field OK
INFO	[2019-08-09 18:55:20:612] <11584> Make TID OK INIphpISP_obmms2015120190809185520128790
INFO	[2019-08-09 18:55:20:612] <11584> PI PUB KEY LOAD OK [39]
INFO	[2019-08-09 18:55:20:613] <11584> PG PUB KEY LOAD OK [30]
INFO	[2019-08-09 18:55:20:614] <11584> MERCHANT PRIV KEY LOAD OK
INFO	[2019-08-09 18:55:20:614] <11584> MERCHANT PUB KEY LOAD OK [0]
INFO	[2019-08-09 18:55:20:616] <11584> MAKE BODY OK
INFO	[2019-08-09 18:55:20:618] <11584> SIGN OK
INFO	[2019-08-09 18:55:20:618] <11584> MAKE HEAD OK
INFO	[2019-08-09 18:55:20:618] <11584> MSG_TO_PG:[0307100175R SHA1                   0                  39                  300200obmms20151              550000INIphpISP_obmms2015120190809185520128790<?xml version="1.0" encoding="UTF-8"?>
<INIpay>
	  <GoodsInfo>
	    <GoodsCnt>1</GoodsCnt>
	    <MOID/>
	    <Currency>WON</Currency>
	    <Tax/>
	    <TaxFree/>
	    <Goods>
	      <SMID>obmms20151</SMID>
	      <GoodsName urlencode="1">%BB%E7%BE%F7%B9%AE%C0%DA1%B3%E2</GoodsName>
	      <GoodsPrice>550000</GoodsPrice></Goods></GoodsInfo>
	  <BuyerInfo>
	    <BuyerName urlencode="1">%BC%AD%C1%A4%BE%C6%C6%AE%BC%BE%C5%CD</BuyerName>
	    <BuyerTel>010-3975-1567</BuyerTel>
	    <BuyerEmail urlencode="1">seojung2741%40naver.com</BuyerEmail>
	    <ParentEmail urlencode="1">seojung2741%40naver.com</ParentEmail>
	    <RecvName/>
	    <RecvTel/>
	    <RecvMsg/>
	    <RecvAddr/>
	    <RecvPostNum/></BuyerInfo>
	  <PaymentInfo>
	    <Payment>
	      <PayMethod>VCard</PayMethod>
	      <JoinCard/>
	      <JoinExpire/>
	      <MailOrder/>
	      <SessionKey>VCard</SessionKey>
	      <Encrypted urlencode="1">Version%3D4.1%26PayMethod%3DVCard%26RsaKeyNum%3D1%26EncryptionAlgorithm%3DNONE%26SignAlgorithm%3DSHA1WithRSAEncryption%26CertVer%3D39%26moid%3D12439_190809065421%26ver_trace%3Dmain%286109%2C6065%29vcard%286115%29card%286185%2C6158%29n%286009%29Cs%286025%29Dt%286002%29Pa%286002%29Cf%286025%29Fv%280000%29La%286183%29Re%286135%29Vr%286008%29P%286034%29en%286070%29%26pg1%3D39.115.212.10%26pg2%3D203.238.37.3%26pg1ip%3D39.115.212.10%26pg2ip%3D203.238.37.3%26agreeflag%3D1111%26rn%3D3%2FjEtW8vAEpd%2BjaA2uMLR5GFvq1xnALf6GQEeLSSizo%3D%0D%0A%26VCode%3D00020404003191I%26VQuota%3D03%26VNoint%3D0%26ip%3D192.168.0.211%26mac%3D88366CF1194A%26cardpoint%3D9%26custemail%3Dseojung2741%40naver.com%26price%3D4uDsrkVGdEsgjm3Is8QxAqyAlYVYtDDTlg%3D%3D%0D%0A%26below1000%3D0%26encisp%3D0%26pgnoint%3D1%26VKBPoint%3D%26VSessionKey%3DTRrFl7M5BMRH0m8EeenR26ORMCzJ8i41Rxq1lcWjjPymCNaPIvsNJChJzBsz3yLx%250d%250adx%252b0%252fRx8At6rPI976gGIUVDzqQWlD4zP%252flNxEqlKgutYKpunYXLsby7JA8PFPtVS%250d%250aaqjhB%252bCSDkTHn6xyPM0zqmVtegZItWM5NYfQfbYugpE%253d%250d%250a%26Data%3DVersion%253d1.0%2526KeyFlag%253d1%2526KeyNum%253d1%2526EncryptAlgorithm%253dSEED%252dCBC%2526SignAlgorithm%253dsha256WithRSAEncryption%2526Data%253dn9SGE6YZ8k6l0Aowcczt0iPG95n9W5pthT0UWF%25252bO1Ahvsi2ynU4ALOCnOvnkCf2J%25250a7VfT3irstFlY4lXQw%252f4qXu1HxaaoNOFHbZixNa2dHQ8%25253d%25250a%2526PubCert%253d%2526PluginVer%253d5104%2526eISPVer%253d2107%26FDS_TransKey%3D71ECBE62F70D4396A910D921FD193EE4%26FDS_SVCType%3D010100%26FDS_CheckResult%3DT%26KCare_Code%3D%26KCare_Price%3D0%26ts%3D190809185518ENYUm7MKYX0WFEUFAFN47Q00-827%26src_flg%3D0%26OSv%3DIE11_Win10+6.03.9600+Professional_64B+%28GSCDN%29+%28notray%3AJ%29+%5Bobmms20151%5D+%2861_secuni_npapi%29%26ip2%3D1.225.101.166</Encrypted></Payment></PaymentInfo>
	  <ReservedInfo>
	    <MReserved1/>
	    <MReserved2/>
	    <MReserved3/></ReservedInfo>
	  <ManageInfo>
	    <Language/>
	    <URL urlencode="1">http%3A%2F%2Fwww.obmms.net</URL>
	    <TXVersion>5036B141209securLinux     PHPchkfake   2.6.18-274.3.1.el5PHP:5.2.9   </TXVersion>
	    <TXUserID/>
	    <TXRegNum/>
	    <Ack>1</Ack>
	    <TXRN>MjAxOTA4MDkxODU0MjEwODU1NjgxOQ==
</TXRN></ManageInfo></INIpay>AW8y9NljROj5ZNKnmSHA15gEK7qwkc1eN9c1hztJ7KOjHhBlwqSW5vyQBiSQiZVU
u6uDXuexM51uaHVPwh2dE5Ib+6EaychcKGZJCK8pHe5HPyKnPo36Ig+js1pShe+S
hH80PgLGsUuyYIfaPuPjW4Gen5D7NvBQBVWXMCjpV97g
]
INFO	[2019-08-09 18:55:20:619] <11584> DNS LOOKUP OK(39.115.212.10:39.115.212.10:34049) laptime:0
INFO	[2019-08-09 18:55:20:621] <11584> SOCKET CONNECT OK
INFO	[2019-08-09 18:55:20:621] <11584> SEND OK
INFO	[2019-08-09 18:55:21:336] <11584> RECV OK
INFO	[2019-08-09 18:55:21:336] <11584> MSG_FROM_PG:[0291700175D SHA1                   0                  39                  300210obmms20151              550000INIphpISP_obmms2015120190809185520128790<?xml version="1.0" encoding="UTF-8"?>
<INIpay>
  <GoodsInfo>
    <GoodsCnt>1</GoodsCnt>
    <MOID urlencode="1">12439_190809065421</MOID>
    <Currency>WON</Currency>
    <Goods no="1">
      <SMID>obmms20151</SMID>
      <GoodsName urlencode="1">%BB%E7%BE%F7%B9%AE%C0%DA1%B3%E2</GoodsName>
      <GoodsCntS>1</GoodsCntS>
      <GoodsPrice>550000</GoodsPrice>
    </Goods>
  </GoodsInfo>
  <PaymentInfo>
    <Payment>
      <SessionKey>AXPZO5DDhd5h7IdX71+Rb+K75Hhg12CJKQ2zMAjSIigkR1aCqMGhYN3fuulVeIh7
lWba9GCbs1eySOo9c94A+mTr8T0ZrXa9Mvk9oXlgFtmtIS8oo+gI4zEwYjpLZBCf
oo0PaLrGsT/6T7bk/SaWTdagC4t6JQu9nLut1mZoTdosyxwJ9gO4hh4=
</SessionKey>
      <Encrypted>tD9ErFrb2N5rthKyqJte0czKYGWuR3atvCoF3QPnJe1A0p+DKPHrUN0SlfTDl8QF
dPfd/68CvUTnYx+WDstdcuO2Gj5AXDrIif7Aijo4Ih5PDULFliyLEGk6JzsjTqCD
mvG00PYFV9Q4S+z0y7nHiOcaP7KDCKjZqEbfrUY3YXJomlGroxFYc1Kt0I6yIOJm
wJa2/4VYW7yJgoFP9OwCgOQ9GcgTOqp9x5szEHsF2/FQ89UGA4WjfDfsubkQhxaT
y0PFnc++BFR4+1S/yqX1VPH31sytTlDSd5zS53B9eQvafpJpPoMYTnPV3r1ZVpsW
Jepx5gsrutmuJrbjklpUZn004LxW00c/kh91pswoy9dsb+lAN0GZHIiMJhzk7HmC
nrjd+rdxZkYrZlBJWrW1qjohmrvnEKE6Ui9YRv6F7ZpvkbgadOxbnrA8CWZgqB7x
sA2Y9+DGGdEPpzPY1E4Q5o38zJ+orWZaaCigi1wBBTQLAd2pSmMxmhWv4un93Y+t
b3J6v/94t09fhAVLCHwfUg/6uzprF3bY97LwmE/co6mnEbr8veBPQ57CY7WBgmxe
r+Aozk+OIfd10Wua7D7ngtIM4Saj8FhBcocg8jzMA7haaOgVjwYnRA3GvVwrgbre
4K3wSq/HNZmVS3jA3yPRFF25VCEqhOWhF/hWXX7SJB6KxjGf9KZ/QxpPVa7Iq86S
HXhL+oQXA+zzVcQLx6knOsX/KqkxMYVeVniC+HWXsnCYMz5LgNDzsy07NBcvd8tU
uD9h2LrgWsWrCKAm/8F/SVERGKuxLUNd112v4hvQ28ukeN4fnczk0cPkx5XvdLcy
Yl8Znc7PWsNruOrBvyJkXzzsYKYF3LzF7CbF7C0G7Yrz8JBNJZPBBwL8GiH5d567
uAdJDD2p6qw8V7puryggyiviU5LQz290uRrFD9JRqW4TQZrlIybQOIAmmfLhHx87
Ru5ujMV4BQIp2H/89xO18230uSs0wynINi7LXbCzzxi0Lc2zPJthsjvxPU1UOf2+
V9SL+fRBqkOHAk8ki5Q8yy+sdCJOGekHbd3kCUC9ovwToQPePVdUryXJIk+pGQlf
73wU2Hh7LCWnTZMFo3a2/KkjOXiZQCLmsrLhwVX4fwU7tXszqztCe3vm9ATmkvbT
weJXK3FXqjtq/NygWhcjF/e5x0OF6kw6WbZXgrXLM5OQOvACKoC5jo5cvEo8ocDp
xb0Km5yccsukG/gWBgLX87VaQxxGhuccAwiKMJ/Ht42E5WFyzqhgQzXAyG2uRG84
a1I80pTeIh5K7cWn71yjXN29Lkfq3ZaZZOGLRAb/MwrJkvg92lh8B3KS3S4WUu5J
sLHgKBiT37kDrZ7AyzMcuIeFeVnb56gGRnApQ3yz9GUZaw6kwBQEMYUYi4oYXhDJ
THQjHFZpE/lmzfrcRdMUEDArikujEmFGev4GXklnTcM7KU1Yb34Ap5VmwfSvmd8B
eC0cccNwBQQSrd7P0WCBcQjVZt5W9rgAUc3qVGEvKWSimUDI/9UncQ==
</Encrypted>
      <PayMethod>VCard</PayMethod>
      <ResultCode>170011</ResultCode>
      <ResultMsg urlencode="1">%28%B9%FD%C0%CE%2F%C7%D2%BA%CE%C1%A6%C7%D1%29%C4%AB%B5%E5%C7%D2%BA%CE%BA%D2%B0%A1</ResultMsg>
    </Payment>
  </PaymentInfo>
  <ManageInfo>
    <EventCode>1</EventCode>
    <OrgCurrency></OrgCurrency>
    <ExchangeRate></ExchangeRate>
    <OrgPrice></OrgPrice>
  </ManageInfo>
  <ReservedInfo>
    <MReserved1 urlencode="1"></MReserved1>
    <MReserved2 urlencode="1"></MReserved2>
    <MReserved3 urlencode="1"></MReserved3>
    <PGReserved1 urlencode="1"></PGReserved1>
    <PGReserved2 urlencode="1"></PGReserved2>
    <PGReserved3 urlencode="1"></PGReserved3>
  </ReservedInfo>
</INIpay>
Uoc4+uA0oTg8inXCzu/zagWonAK3mTMWt7JKd4VsH7VQEektklJmAfTV7YvK+SnQ
UytvJrBOHbSGXI68J6PZF7ICEwmltBXoFyuGvwouXwv5Mhc1kZc0I/xa/AwLyB6F
tnYmOCjmlUtz1GkdY8r4x8Hb91Eu3p/1xpNmPODHGRc=
]
INFO	[2019-08-09 18:55:21:336] <11584> VERIFY OK
INFO	[2019-08-09 18:55:21:336] <11584> PARSE HEAD OK
INFO	[2019-08-09 18:55:21:339] <11584> PARSE BODY OK
INFO	[2019-08-09 18:55:21:343] <11584> DECRYPT OK
DEBUG	[2019-08-09 18:55:21:343] <11584> DECRYPT MSG:[<?xml version="1.0" encoding="UTF-8"?>
<PaymentInfo>
  <Payment>
    <EASYPAY/>
    <VCard>
      <ISP_ApplPrice>550000</ISP_ApplPrice>
      <ISP_BankCode>04</ISP_BankCode>
      <ISP_Quota>03</ISP_Quota>
      <ISP_Interest>0</ISP_Interest>
      <ISP_CardCode>06</ISP_CardCode>
      <ISP_CardNum></ISP_CardNum>
      <ISP_Point></ISP_Point>
      <ISP_ApplDate>20190809</ISP_ApplDate>
      <ISP_ApplTime>185518</ISP_ApplTime>
      <ISP_ApplNum>55604340</ISP_ApplNum>
      <ISP_TerminalNum>0208936000</ISP_TerminalNum>
      <ISP_MemberNum></ISP_MemberNum>
      <ISP_PurchaseCode></ISP_PurchaseCode>
      <ISP_ResultCode>170011</ISP_ResultCode>
      <ISP_ResultMsg urlencode="1">%28%B9%FD%C0%CE%2F%C7%D2%BA%CE%C1%A6%C7%D1%29%C4%AB%B5%E5%C7%D2%BA%CE%BA%D2%B0%A1</ISP_ResultMsg>
      <ISP_PrtcCode></ISP_PrtcCode>
      <ISP_Quota_Point>03</ISP_Quota_Point>
      <ISP_CheckFlag>0</ISP_CheckFlag>
      <ISP_PurchaseName urlencode="1"></ISP_PurchaseName>
      <ISP_IssuerName urlencode="1"></ISP_IssuerName>
      <ISP_UsePoint></ISP_UsePoint>
      <ISP_CouponOnlyMer></ISP_CouponOnlyMer>
    </VCard>
  </Payment>
</PaymentInfo>]
INFO	[2019-08-09 18:55:21:345] <11584> DECRYPT PARSE OK
INFO	[2019-08-09 18:55:21:345] <11584> END securepay [170011|(π˝¿Œ/«“∫Œ¡¶«—)ƒ´µÂ«“∫Œ∫“∞°] Laptime:[0.74sec]
INFO	[2019-08-09 18:55:21:346] <11584> ===============================================================
