INFO	[2019-12-31 15:23:33:789] <24034> START INIPHP chkfake (V5036-141209)(OS:Linux2.6.18-274.3.1.el5,PHP:5.2.9)
DEBUG	[2019-12-31 15:23:33:789] <24034> inipayhome:/home/ilearning3/www/inipay
DEBUG	[2019-12-31 15:23:33:789] <24034> type:chkfake
DEBUG	[2019-12-31 15:23:33:789] <24034> debug:true
DEBUG	[2019-12-31 15:23:33:789] <24034> enctype:asym
DEBUG	[2019-12-31 15:23:33:789] <24034> admin:1111
DEBUG	[2019-12-31 15:23:33:789] <24034> checkopt:false
DEBUG	[2019-12-31 15:23:33:789] <24034> mid:obmms20151
DEBUG	[2019-12-31 15:23:33:789] <24034> price:550000
DEBUG	[2019-12-31 15:23:33:789] <24034> nointerest:no
DEBUG	[2019-12-31 15:23:33:789] <24034> quotabase:일시불:2개월:3개월:6개월:12개월
INFO	[2019-12-31 15:23:33:789] <24034> Check Field OK
INFO	[2019-12-31 15:23:33:789] <24034> MERCHANT PRIV KEY LOAD OK
INFO	[2019-12-31 15:23:33:790] <24034> MERCHANT PUB KEY LOAD OK []
INFO	[2019-12-31 15:23:33:792] <24034> CHKFAKE KEY MAKE OK:MjAxOTEyMzExNTIzMzM3OTA0NDg1MA==

INFO	[2019-12-31 15:23:33:792] <24034> END chkfake  Laptime:[0sec]
INFO	[2019-12-31 15:23:33:793] <24034> ===============================================================
INFO	[2019-12-31 15:23:46:164] <24034> START INIPHP chkfake (V5036-141209)(OS:Linux2.6.18-274.3.1.el5,PHP:5.2.9)
DEBUG	[2019-12-31 15:23:46:164] <24034> inipayhome:/home/ilearning3/www/inipay
DEBUG	[2019-12-31 15:23:46:164] <24034> type:chkfake
DEBUG	[2019-12-31 15:23:46:164] <24034> debug:true
DEBUG	[2019-12-31 15:23:46:164] <24034> enctype:asym
DEBUG	[2019-12-31 15:23:46:164] <24034> admin:1111
DEBUG	[2019-12-31 15:23:46:164] <24034> checkopt:false
DEBUG	[2019-12-31 15:23:46:164] <24034> mid:obmms20151
DEBUG	[2019-12-31 15:23:46:164] <24034> price:550000
DEBUG	[2019-12-31 15:23:46:164] <24034> nointerest:no
DEBUG	[2019-12-31 15:23:46:164] <24034> quotabase:일시불
INFO	[2019-12-31 15:23:46:164] <24034> Check Field OK
INFO	[2019-12-31 15:23:46:164] <24034> MERCHANT PRIV KEY LOAD OK
INFO	[2019-12-31 15:23:46:165] <24034> MERCHANT PUB KEY LOAD OK []
INFO	[2019-12-31 15:23:46:167] <24034> CHKFAKE KEY MAKE OK:MjAxOTEyMzExNTIzNDYxNjU4MDIzMQ==

INFO	[2019-12-31 15:23:46:167] <24034> END chkfake  Laptime:[0.01sec]
INFO	[2019-12-31 15:23:46:168] <24034> ===============================================================
INFO	[2019-12-31 17:21:27:850] <32630> START INIPHP chkfake (V5036-141209)(OS:Linux2.6.18-274.3.1.el5,PHP:5.2.9)
DEBUG	[2019-12-31 17:21:27:850] <32630> inipayhome:/home/ilearning3/www/inipay
DEBUG	[2019-12-31 17:21:27:850] <32630> type:chkfake
DEBUG	[2019-12-31 17:21:27:850] <32630> debug:true
DEBUG	[2019-12-31 17:21:27:850] <32630> enctype:asym
DEBUG	[2019-12-31 17:21:27:850] <32630> admin:1111
DEBUG	[2019-12-31 17:21:27:850] <32630> checkopt:false
DEBUG	[2019-12-31 17:21:27:850] <32630> mid:obmms20151
DEBUG	[2019-12-31 17:21:27:850] <32630> price:110000
DEBUG	[2019-12-31 17:21:27:850] <32630> nointerest:no
DEBUG	[2019-12-31 17:21:27:850] <32630> quotabase:일시불
INFO	[2019-12-31 17:21:27:850] <32630> Check Field OK
INFO	[2019-12-31 17:21:27:850] <32630> MERCHANT PRIV KEY LOAD OK
INFO	[2019-12-31 17:21:27:851] <32630> MERCHANT PUB KEY LOAD OK []
INFO	[2019-12-31 17:21:27:853] <32630> CHKFAKE KEY MAKE OK:MjAxOTEyMzExNzIxMjc4NTEzMjk5NQ==

INFO	[2019-12-31 17:21:27:853] <32630> END chkfake  Laptime:[0sec]
INFO	[2019-12-31 17:21:27:854] <32630> ===============================================================
INFO	[2019-12-31 17:21:47:531] <32630> START INIPHP chkfake (V5036-141209)(OS:Linux2.6.18-274.3.1.el5,PHP:5.2.9)
DEBUG	[2019-12-31 17:21:47:531] <32630> inipayhome:/home/ilearning3/www/inipay
DEBUG	[2019-12-31 17:21:47:531] <32630> type:chkfake
DEBUG	[2019-12-31 17:21:47:531] <32630> debug:true
DEBUG	[2019-12-31 17:21:47:531] <32630> enctype:asym
DEBUG	[2019-12-31 17:21:47:531] <32630> admin:1111
DEBUG	[2019-12-31 17:21:47:531] <32630> checkopt:false
DEBUG	[2019-12-31 17:21:47:531] <32630> mid:obmms20151
DEBUG	[2019-12-31 17:21:47:531] <32630> price:110000
DEBUG	[2019-12-31 17:21:47:531] <32630> nointerest:no
DEBUG	[2019-12-31 17:21:47:531] <32630> quotabase:일시불:2개월:3개월:6개월:12개월
INFO	[2019-12-31 17:21:47:531] <32630> Check Field OK
INFO	[2019-12-31 17:21:47:531] <32630> MERCHANT PRIV KEY LOAD OK
INFO	[2019-12-31 17:21:47:531] <32630> MERCHANT PUB KEY LOAD OK []
INFO	[2019-12-31 17:21:47:533] <32630> CHKFAKE KEY MAKE OK:MjAxOTEyMzExNzIxNDc1MzE5MjM3Ng==

INFO	[2019-12-31 17:21:47:533] <32630> END chkfake  Laptime:[0sec]
INFO	[2019-12-31 17:21:47:533] <32630> ===============================================================
INFO	[2019-12-31 17:22:11:418] <32630> START INIPHP chkfake (V5036-141209)(OS:Linux2.6.18-274.3.1.el5,PHP:5.2.9)
DEBUG	[2019-12-31 17:22:11:418] <32630> inipayhome:/home/ilearning3/www/inipay
DEBUG	[2019-12-31 17:22:11:418] <32630> type:chkfake
DEBUG	[2019-12-31 17:22:11:418] <32630> debug:true
DEBUG	[2019-12-31 17:22:11:418] <32630> enctype:asym
DEBUG	[2019-12-31 17:22:11:418] <32630> admin:1111
DEBUG	[2019-12-31 17:22:11:418] <32630> checkopt:false
DEBUG	[2019-12-31 17:22:11:418] <32630> mid:obmms20151
DEBUG	[2019-12-31 17:22:11:418] <32630> price:110000
DEBUG	[2019-12-31 17:22:11:418] <32630> nointerest:no
DEBUG	[2019-12-31 17:22:11:418] <32630> quotabase:일시불
INFO	[2019-12-31 17:22:11:418] <32630> Check Field OK
INFO	[2019-12-31 17:22:11:418] <32630> MERCHANT PRIV KEY LOAD OK
INFO	[2019-12-31 17:22:11:418] <32630> MERCHANT PUB KEY LOAD OK []
INFO	[2019-12-31 17:22:11:420] <32630> CHKFAKE KEY MAKE OK:MjAxOTEyMzExNzIyMTE0MTg4OTU0Nw==

INFO	[2019-12-31 17:22:11:420] <32630> END chkfake  Laptime:[0sec]
INFO	[2019-12-31 17:22:11:420] <32630> ===============================================================
INFO	[2019-12-31 17:24:55:505] <23661> START INIPHP chkfake (V5036-141209)(OS:Linux2.6.18-274.3.1.el5,PHP:5.2.9)
DEBUG	[2019-12-31 17:24:55:505] <23661> inipayhome:/home/ilearning3/www/inipay
DEBUG	[2019-12-31 17:24:55:505] <23661> type:chkfake
DEBUG	[2019-12-31 17:24:55:505] <23661> debug:true
DEBUG	[2019-12-31 17:24:55:505] <23661> enctype:asym
DEBUG	[2019-12-31 17:24:55:505] <23661> admin:1111
DEBUG	[2019-12-31 17:24:55:505] <23661> checkopt:false
DEBUG	[2019-12-31 17:24:55:505] <23661> mid:obmms20151
DEBUG	[2019-12-31 17:24:55:505] <23661> price:2244000
DEBUG	[2019-12-31 17:24:55:505] <23661> nointerest:no
DEBUG	[2019-12-31 17:24:55:505] <23661> quotabase:일시불
INFO	[2019-12-31 17:24:55:506] <23661> Check Field OK
INFO	[2019-12-31 17:24:55:506] <23661> MERCHANT PRIV KEY LOAD OK
INFO	[2019-12-31 17:24:55:506] <23661> MERCHANT PUB KEY LOAD OK []
INFO	[2019-12-31 17:24:55:509] <23661> CHKFAKE KEY MAKE OK:MjAxOTEyMzExNzI0NTU1MDY3Njg1NQ==

INFO	[2019-12-31 17:24:55:509] <23661> END chkfake  Laptime:[0sec]
INFO	[2019-12-31 17:24:55:509] <23661> ===============================================================
INFO	[2019-12-31 17:36:59:828] <29230> START INIPHP chkfake (V5036-141209)(OS:Linux2.6.18-274.3.1.el5,PHP:5.2.9)
DEBUG	[2019-12-31 17:36:59:828] <29230> inipayhome:/home/ilearning3/www/inipay
DEBUG	[2019-12-31 17:36:59:828] <29230> type:chkfake
DEBUG	[2019-12-31 17:36:59:828] <29230> debug:true
DEBUG	[2019-12-31 17:36:59:828] <29230> enctype:asym
DEBUG	[2019-12-31 17:36:59:828] <29230> admin:1111
DEBUG	[2019-12-31 17:36:59:828] <29230> checkopt:false
DEBUG	[2019-12-31 17:36:59:828] <29230> mid:obmms20151
DEBUG	[2019-12-31 17:36:59:828] <29230> price:550000
DEBUG	[2019-12-31 17:36:59:828] <29230> nointerest:no
DEBUG	[2019-12-31 17:36:59:828] <29230> quotabase:일시불:2개월:3개월:6개월:12개월
INFO	[2019-12-31 17:36:59:828] <29230> Check Field OK
INFO	[2019-12-31 17:36:59:829] <29230> MERCHANT PRIV KEY LOAD OK
INFO	[2019-12-31 17:36:59:829] <29230> MERCHANT PUB KEY LOAD OK []
INFO	[2019-12-31 17:36:59:832] <29230> CHKFAKE KEY MAKE OK:MjAxOTEyMzExNzM2NTk4Mjk2MjY0Nw==

INFO	[2019-12-31 17:36:59:832] <29230> END chkfake  Laptime:[0sec]
INFO	[2019-12-31 17:36:59:832] <29230> ===============================================================
INFO	[2019-12-31 17:46:33:943] <24036> START INIPHP chkfake (V5036-141209)(OS:Linux2.6.18-274.3.1.el5,PHP:5.2.9)
DEBUG	[2019-12-31 17:46:33:943] <24036> inipayhome:/home/ilearning3/www/inipay
DEBUG	[2019-12-31 17:46:33:943] <24036> type:chkfake
DEBUG	[2019-12-31 17:46:33:943] <24036> debug:true
DEBUG	[2019-12-31 17:46:33:943] <24036> enctype:asym
DEBUG	[2019-12-31 17:46:33:943] <24036> admin:1111
DEBUG	[2019-12-31 17:46:33:943] <24036> checkopt:false
DEBUG	[2019-12-31 17:46:33:943] <24036> mid:obmms20151
DEBUG	[2019-12-31 17:46:33:943] <24036> price:550000
DEBUG	[2019-12-31 17:46:33:943] <24036> nointerest:no
DEBUG	[2019-12-31 17:46:33:943] <24036> quotabase:일시불
INFO	[2019-12-31 17:46:33:943] <24036> Check Field OK
INFO	[2019-12-31 17:46:33:944] <24036> MERCHANT PRIV KEY LOAD OK
INFO	[2019-12-31 17:46:33:944] <24036> MERCHANT PUB KEY LOAD OK []
INFO	[2019-12-31 17:46:33:945] <24036> CHKFAKE KEY MAKE OK:MjAxOTEyMzExNzQ2MzM5NDQ4NDE4NQ==

INFO	[2019-12-31 17:46:33:945] <24036> END chkfake  Laptime:[0.01sec]
INFO	[2019-12-31 17:46:33:945] <24036> ===============================================================
INFO	[2019-12-31 17:53:21:358] <13537> START INIPHP chkfake (V5036-141209)(OS:Linux2.6.18-274.3.1.el5,PHP:5.2.9)
DEBUG	[2019-12-31 17:53:21:358] <13537> inipayhome:/home/ilearning3/www/inipay
DEBUG	[2019-12-31 17:53:21:358] <13537> type:chkfake
DEBUG	[2019-12-31 17:53:21:358] <13537> debug:true
DEBUG	[2019-12-31 17:53:21:358] <13537> enctype:asym
DEBUG	[2019-12-31 17:53:21:358] <13537> admin:1111
DEBUG	[2019-12-31 17:53:21:358] <13537> checkopt:false
DEBUG	[2019-12-31 17:53:21:358] <13537> mid:obmms20151
DEBUG	[2019-12-31 17:53:21:358] <13537> price:550000
DEBUG	[2019-12-31 17:53:21:358] <13537> nointerest:no
DEBUG	[2019-12-31 17:53:21:358] <13537> quotabase:일시불:2개월:3개월:6개월:12개월
INFO	[2019-12-31 17:53:21:358] <13537> Check Field OK
INFO	[2019-12-31 17:53:21:358] <13537> MERCHANT PRIV KEY LOAD OK
INFO	[2019-12-31 17:53:21:359] <13537> MERCHANT PUB KEY LOAD OK []
INFO	[2019-12-31 17:53:21:361] <13537> CHKFAKE KEY MAKE OK:MjAxOTEyMzExNzUzMjEzNTkxODcxNA==

INFO	[2019-12-31 17:53:21:361] <13537> END chkfake  Laptime:[0sec]
INFO	[2019-12-31 17:53:21:361] <13537> ===============================================================
INFO	[2019-12-31 17:54:05:979] <21567> START INIPHP chkfake (V5036-141209)(OS:Linux2.6.18-274.3.1.el5,PHP:5.2.9)
DEBUG	[2019-12-31 17:54:05:979] <21567> inipayhome:/home/ilearning3/www/inipay
DEBUG	[2019-12-31 17:54:05:979] <21567> type:chkfake
DEBUG	[2019-12-31 17:54:05:979] <21567> debug:true
DEBUG	[2019-12-31 17:54:05:979] <21567> enctype:asym
DEBUG	[2019-12-31 17:54:05:979] <21567> admin:1111
DEBUG	[2019-12-31 17:54:05:979] <21567> checkopt:false
DEBUG	[2019-12-31 17:54:05:979] <21567> mid:obmms20151
DEBUG	[2019-12-31 17:54:05:979] <21567> price:550000
DEBUG	[2019-12-31 17:54:05:979] <21567> nointerest:no
DEBUG	[2019-12-31 17:54:05:979] <21567> quotabase:일시불:2개월:3개월:6개월:12개월
INFO	[2019-12-31 17:54:05:979] <21567> Check Field OK
INFO	[2019-12-31 17:54:05:979] <21567> MERCHANT PRIV KEY LOAD OK
INFO	[2019-12-31 17:54:05:980] <21567> MERCHANT PUB KEY LOAD OK []
INFO	[2019-12-31 17:54:05:982] <21567> CHKFAKE KEY MAKE OK:MjAxOTEyMzExNzU0MDU5ODA1MjUxMg==

INFO	[2019-12-31 17:54:05:982] <21567> END chkfake  Laptime:[0sec]
INFO	[2019-12-31 17:54:05:982] <21567> ===============================================================
