INFO	[2019-10-05 15:34:45:401] <30113> START INIPHP chkfake (V5036-141209)(OS:Linux2.6.18-274.3.1.el5,PHP:5.2.9)
DEBUG	[2019-10-05 15:34:45:412] <30113> inipayhome:/home/ilearning3/www/inipay
DEBUG	[2019-10-05 15:34:45:412] <30113> type:chkfake
DEBUG	[2019-10-05 15:34:45:412] <30113> debug:true
DEBUG	[2019-10-05 15:34:45:412] <30113> enctype:asym
DEBUG	[2019-10-05 15:34:45:412] <30113> admin:1111
DEBUG	[2019-10-05 15:34:45:412] <30113> checkopt:false
DEBUG	[2019-10-05 15:34:45:412] <30113> mid:obmms20151
DEBUG	[2019-10-05 15:34:45:412] <30113> price:550000
DEBUG	[2019-10-05 15:34:45:412] <30113> nointerest:no
DEBUG	[2019-10-05 15:34:45:412] <30113> quotabase:일시불:2개월:3개월:6개월:12개월
INFO	[2019-10-05 15:34:45:412] <30113> Check Field OK
INFO	[2019-10-05 15:34:45:447] <30113> MERCHANT PRIV KEY LOAD OK
INFO	[2019-10-05 15:34:45:476] <30113> MERCHANT PUB KEY LOAD OK []
INFO	[2019-10-05 15:34:45:479] <30113> CHKFAKE KEY MAKE OK:MjAxOTEwMDUxNTM0NDU0NzYyNTM2Mw==

INFO	[2019-10-05 15:34:45:479] <30113> END chkfake  Laptime:[0.09sec]
INFO	[2019-10-05 15:34:45:479] <30113> ===============================================================
INFO	[2019-10-05 15:35:06:858] <28931> START INIPHP chkfake (V5036-141209)(OS:Linux2.6.18-274.3.1.el5,PHP:5.2.9)
DEBUG	[2019-10-05 15:35:06:858] <28931> inipayhome:/home/ilearning3/www/inipay
DEBUG	[2019-10-05 15:35:06:858] <28931> type:chkfake
DEBUG	[2019-10-05 15:35:06:858] <28931> debug:true
DEBUG	[2019-10-05 15:35:06:858] <28931> enctype:asym
DEBUG	[2019-10-05 15:35:06:858] <28931> admin:1111
DEBUG	[2019-10-05 15:35:06:858] <28931> checkopt:false
DEBUG	[2019-10-05 15:35:06:858] <28931> mid:obmms20151
DEBUG	[2019-10-05 15:35:06:858] <28931> price:550000
DEBUG	[2019-10-05 15:35:06:858] <28931> nointerest:no
DEBUG	[2019-10-05 15:35:06:858] <28931> quotabase:일시불:2개월:3개월:6개월:12개월
INFO	[2019-10-05 15:35:06:858] <28931> Check Field OK
INFO	[2019-10-05 15:35:06:859] <28931> MERCHANT PRIV KEY LOAD OK
INFO	[2019-10-05 15:35:06:859] <28931> MERCHANT PUB KEY LOAD OK []
INFO	[2019-10-05 15:35:06:862] <28931> CHKFAKE KEY MAKE OK:MjAxOTEwMDUxNTM1MDY4NTk4NDU0Mg==

INFO	[2019-10-05 15:35:06:862] <28931> END chkfake  Laptime:[0sec]
INFO	[2019-10-05 15:35:06:862] <28931> ===============================================================
INFO	[2019-10-05 17:50:11:379] <9069> START INIPHP chkfake (V5036-141209)(OS:Linux2.6.18-274.3.1.el5,PHP:5.2.9)
DEBUG	[2019-10-05 17:50:11:379] <9069> inipayhome:/home/ilearning3/www/inipay
DEBUG	[2019-10-05 17:50:11:379] <9069> type:chkfake
DEBUG	[2019-10-05 17:50:11:379] <9069> debug:true
DEBUG	[2019-10-05 17:50:11:379] <9069> enctype:asym
DEBUG	[2019-10-05 17:50:11:379] <9069> admin:1111
DEBUG	[2019-10-05 17:50:11:379] <9069> checkopt:false
DEBUG	[2019-10-05 17:50:11:379] <9069> mid:obmms20151
DEBUG	[2019-10-05 17:50:11:379] <9069> price:550000
DEBUG	[2019-10-05 17:50:11:379] <9069> nointerest:no
DEBUG	[2019-10-05 17:50:11:379] <9069> quotabase:일시불:2개월:3개월:6개월:12개월
INFO	[2019-10-05 17:50:11:379] <9069> Check Field OK
INFO	[2019-10-05 17:50:11:379] <9069> MERCHANT PRIV KEY LOAD OK
INFO	[2019-10-05 17:50:11:379] <9069> MERCHANT PUB KEY LOAD OK []
INFO	[2019-10-05 17:50:11:381] <9069> CHKFAKE KEY MAKE OK:MjAxOTEwMDUxNzUwMTEzNzk0MjA0Nw==

INFO	[2019-10-05 17:50:11:381] <9069> END chkfake  Laptime:[0sec]
INFO	[2019-10-05 17:50:11:381] <9069> ===============================================================
INFO	[2019-10-05 17:57:01:254] <9106> START INIPHP chkfake (V5036-141209)(OS:Linux2.6.18-274.3.1.el5,PHP:5.2.9)
DEBUG	[2019-10-05 17:57:01:254] <9106> inipayhome:/home/ilearning3/www/inipay
DEBUG	[2019-10-05 17:57:01:254] <9106> type:chkfake
DEBUG	[2019-10-05 17:57:01:254] <9106> debug:true
DEBUG	[2019-10-05 17:57:01:254] <9106> enctype:asym
DEBUG	[2019-10-05 17:57:01:254] <9106> admin:1111
DEBUG	[2019-10-05 17:57:01:254] <9106> checkopt:false
DEBUG	[2019-10-05 17:57:01:254] <9106> mid:obmms20151
DEBUG	[2019-10-05 17:57:01:254] <9106> price:550000
DEBUG	[2019-10-05 17:57:01:254] <9106> nointerest:no
DEBUG	[2019-10-05 17:57:01:254] <9106> quotabase:일시불:2개월:3개월:6개월:12개월
INFO	[2019-10-05 17:57:01:254] <9106> Check Field OK
INFO	[2019-10-05 17:57:01:255] <9106> MERCHANT PRIV KEY LOAD OK
INFO	[2019-10-05 17:57:01:255] <9106> MERCHANT PUB KEY LOAD OK []
INFO	[2019-10-05 17:57:01:258] <9106> CHKFAKE KEY MAKE OK:MjAxOTEwMDUxNzU3MDEyNTUzNDc1NA==

INFO	[2019-10-05 17:57:01:258] <9106> END chkfake  Laptime:[0.01sec]
INFO	[2019-10-05 17:57:01:258] <9106> ===============================================================
INFO	[2019-10-05 17:59:10:502] <1676> START INIPHP chkfake (V5036-141209)(OS:Linux2.6.18-274.3.1.el5,PHP:5.2.9)
DEBUG	[2019-10-05 17:59:10:502] <1676> inipayhome:/home/ilearning3/www/inipay
DEBUG	[2019-10-05 17:59:10:502] <1676> type:chkfake
DEBUG	[2019-10-05 17:59:10:502] <1676> debug:true
DEBUG	[2019-10-05 17:59:10:502] <1676> enctype:asym
DEBUG	[2019-10-05 17:59:10:502] <1676> admin:1111
DEBUG	[2019-10-05 17:59:10:502] <1676> checkopt:false
DEBUG	[2019-10-05 17:59:10:502] <1676> mid:obmms20151
DEBUG	[2019-10-05 17:59:10:502] <1676> price:550000
DEBUG	[2019-10-05 17:59:10:502] <1676> nointerest:no
DEBUG	[2019-10-05 17:59:10:502] <1676> quotabase:일시불:2개월:3개월:6개월:12개월
INFO	[2019-10-05 17:59:10:502] <1676> Check Field OK
INFO	[2019-10-05 17:59:10:502] <1676> MERCHANT PRIV KEY LOAD OK
INFO	[2019-10-05 17:59:10:502] <1676> MERCHANT PUB KEY LOAD OK []
INFO	[2019-10-05 17:59:10:504] <1676> CHKFAKE KEY MAKE OK:MjAxOTEwMDUxNzU5MTA1MDI5NjI1OQ==

INFO	[2019-10-05 17:59:10:504] <1676> END chkfake  Laptime:[0sec]
INFO	[2019-10-05 17:59:10:504] <1676> ===============================================================
INFO	[2019-10-05 18:01:30:560] <11516> START INIPHP chkfake (V5036-141209)(OS:Linux2.6.18-274.3.1.el5,PHP:5.2.9)
DEBUG	[2019-10-05 18:01:30:560] <11516> inipayhome:/home/ilearning3/www/inipay
DEBUG	[2019-10-05 18:01:30:560] <11516> type:chkfake
DEBUG	[2019-10-05 18:01:30:560] <11516> debug:true
DEBUG	[2019-10-05 18:01:30:560] <11516> enctype:asym
DEBUG	[2019-10-05 18:01:30:560] <11516> admin:1111
DEBUG	[2019-10-05 18:01:30:560] <11516> checkopt:false
DEBUG	[2019-10-05 18:01:30:560] <11516> mid:obmms20151
DEBUG	[2019-10-05 18:01:30:560] <11516> price:550000
DEBUG	[2019-10-05 18:01:30:560] <11516> nointerest:no
DEBUG	[2019-10-05 18:01:30:560] <11516> quotabase:일시불:2개월:3개월:6개월:12개월
INFO	[2019-10-05 18:01:30:560] <11516> Check Field OK
INFO	[2019-10-05 18:01:30:561] <11516> MERCHANT PRIV KEY LOAD OK
INFO	[2019-10-05 18:01:30:561] <11516> MERCHANT PUB KEY LOAD OK []
INFO	[2019-10-05 18:01:30:562] <11516> CHKFAKE KEY MAKE OK:MjAxOTEwMDUxODAxMzA1NjE5NDgzOQ==

INFO	[2019-10-05 18:01:30:562] <11516> END chkfake  Laptime:[0sec]
INFO	[2019-10-05 18:01:30:563] <11516> ===============================================================
INFO	[2019-10-05 18:06:05:554] <9133> START INIPHP chkfake (V5036-141209)(OS:Linux2.6.18-274.3.1.el5,PHP:5.2.9)
DEBUG	[2019-10-05 18:06:05:554] <9133> inipayhome:/home/ilearning3/www/inipay
DEBUG	[2019-10-05 18:06:05:554] <9133> type:chkfake
DEBUG	[2019-10-05 18:06:05:554] <9133> debug:true
DEBUG	[2019-10-05 18:06:05:554] <9133> enctype:asym
DEBUG	[2019-10-05 18:06:05:554] <9133> admin:1111
DEBUG	[2019-10-05 18:06:05:554] <9133> checkopt:false
DEBUG	[2019-10-05 18:06:05:554] <9133> mid:obmms20151
DEBUG	[2019-10-05 18:06:05:554] <9133> price:550000
DEBUG	[2019-10-05 18:06:05:554] <9133> nointerest:no
DEBUG	[2019-10-05 18:06:05:554] <9133> quotabase:일시불:2개월:3개월:6개월:12개월
INFO	[2019-10-05 18:06:05:554] <9133> Check Field OK
INFO	[2019-10-05 18:06:05:554] <9133> MERCHANT PRIV KEY LOAD OK
INFO	[2019-10-05 18:06:05:554] <9133> MERCHANT PUB KEY LOAD OK []
INFO	[2019-10-05 18:06:05:556] <9133> CHKFAKE KEY MAKE OK:MjAxOTEwMDUxODA2MDU1NTU0MDQ3NA==

INFO	[2019-10-05 18:06:05:556] <9133> END chkfake  Laptime:[0.01sec]
INFO	[2019-10-05 18:06:05:556] <9133> ===============================================================
INFO	[2019-10-05 18:06:59:749] <10166> START INIPHP chkfake (V5036-141209)(OS:Linux2.6.18-274.3.1.el5,PHP:5.2.9)
DEBUG	[2019-10-05 18:06:59:749] <10166> inipayhome:/home/ilearning3/www/inipay
DEBUG	[2019-10-05 18:06:59:749] <10166> type:chkfake
DEBUG	[2019-10-05 18:06:59:749] <10166> debug:true
DEBUG	[2019-10-05 18:06:59:749] <10166> enctype:asym
DEBUG	[2019-10-05 18:06:59:749] <10166> admin:1111
DEBUG	[2019-10-05 18:06:59:749] <10166> checkopt:false
DEBUG	[2019-10-05 18:06:59:749] <10166> mid:obmms20151
DEBUG	[2019-10-05 18:06:59:749] <10166> price:550000
DEBUG	[2019-10-05 18:06:59:749] <10166> nointerest:no
DEBUG	[2019-10-05 18:06:59:749] <10166> quotabase:일시불:2개월:3개월:6개월:12개월
INFO	[2019-10-05 18:06:59:750] <10166> Check Field OK
INFO	[2019-10-05 18:06:59:750] <10166> MERCHANT PRIV KEY LOAD OK
INFO	[2019-10-05 18:06:59:751] <10166> MERCHANT PUB KEY LOAD OK []
INFO	[2019-10-05 18:06:59:753] <10166> CHKFAKE KEY MAKE OK:MjAxOTEwMDUxODA2NTk3NTE3OTQ2MQ==

INFO	[2019-10-05 18:06:59:753] <10166> END chkfake  Laptime:[0sec]
INFO	[2019-10-05 18:06:59:753] <10166> ===============================================================
INFO	[2019-10-05 18:13:55:140] <9080> START INIPHP chkfake (V5036-141209)(OS:Linux2.6.18-274.3.1.el5,PHP:5.2.9)
DEBUG	[2019-10-05 18:13:55:140] <9080> inipayhome:/home/ilearning3/www/inipay
DEBUG	[2019-10-05 18:13:55:140] <9080> type:chkfake
DEBUG	[2019-10-05 18:13:55:140] <9080> debug:true
DEBUG	[2019-10-05 18:13:55:140] <9080> enctype:asym
DEBUG	[2019-10-05 18:13:55:140] <9080> admin:1111
DEBUG	[2019-10-05 18:13:55:140] <9080> checkopt:false
DEBUG	[2019-10-05 18:13:55:140] <9080> mid:obmms20151
DEBUG	[2019-10-05 18:13:55:140] <9080> price:550000
DEBUG	[2019-10-05 18:13:55:140] <9080> nointerest:no
DEBUG	[2019-10-05 18:13:55:140] <9080> quotabase:일시불:2개월:3개월:6개월:12개월
INFO	[2019-10-05 18:13:55:141] <9080> Check Field OK
INFO	[2019-10-05 18:13:55:141] <9080> MERCHANT PRIV KEY LOAD OK
INFO	[2019-10-05 18:13:55:141] <9080> MERCHANT PUB KEY LOAD OK []
INFO	[2019-10-05 18:13:55:143] <9080> CHKFAKE KEY MAKE OK:MjAxOTEwMDUxODEzNTUxNDIzMjQ3Ng==

INFO	[2019-10-05 18:13:55:143] <9080> END chkfake  Laptime:[0sec]
INFO	[2019-10-05 18:13:55:143] <9080> ===============================================================
INFO	[2019-10-05 18:14:04:824] <9080> START INIPHP chkfake (V5036-141209)(OS:Linux2.6.18-274.3.1.el5,PHP:5.2.9)
DEBUG	[2019-10-05 18:14:04:824] <9080> inipayhome:/home/ilearning3/www/inipay
DEBUG	[2019-10-05 18:14:04:824] <9080> type:chkfake
DEBUG	[2019-10-05 18:14:04:824] <9080> debug:true
DEBUG	[2019-10-05 18:14:04:824] <9080> enctype:asym
DEBUG	[2019-10-05 18:14:04:824] <9080> admin:1111
DEBUG	[2019-10-05 18:14:04:824] <9080> checkopt:false
DEBUG	[2019-10-05 18:14:04:824] <9080> mid:obmms20151
DEBUG	[2019-10-05 18:14:04:824] <9080> price:550000
DEBUG	[2019-10-05 18:14:04:824] <9080> nointerest:no
DEBUG	[2019-10-05 18:14:04:824] <9080> quotabase:일시불:2개월:3개월:6개월:12개월
INFO	[2019-10-05 18:14:04:824] <9080> Check Field OK
INFO	[2019-10-05 18:14:04:824] <9080> MERCHANT PRIV KEY LOAD OK
INFO	[2019-10-05 18:14:04:825] <9080> MERCHANT PUB KEY LOAD OK []
INFO	[2019-10-05 18:14:04:826] <9080> CHKFAKE KEY MAKE OK:MjAxOTEwMDUxODE0MDQ4MjUzODMyNg==

INFO	[2019-10-05 18:14:04:826] <9080> END chkfake  Laptime:[0.01sec]
INFO	[2019-10-05 18:14:04:826] <9080> ===============================================================
INFO	[2019-10-05 18:16:45:437] <11516> START INIPHP chkfake (V5036-141209)(OS:Linux2.6.18-274.3.1.el5,PHP:5.2.9)
DEBUG	[2019-10-05 18:16:45:437] <11516> inipayhome:/home/ilearning3/www/inipay
DEBUG	[2019-10-05 18:16:45:437] <11516> type:chkfake
DEBUG	[2019-10-05 18:16:45:437] <11516> debug:true
DEBUG	[2019-10-05 18:16:45:437] <11516> enctype:asym
DEBUG	[2019-10-05 18:16:45:437] <11516> admin:1111
DEBUG	[2019-10-05 18:16:45:437] <11516> checkopt:false
DEBUG	[2019-10-05 18:16:45:437] <11516> mid:obmms20151
DEBUG	[2019-10-05 18:16:45:437] <11516> price:550000
DEBUG	[2019-10-05 18:16:45:437] <11516> nointerest:no
DEBUG	[2019-10-05 18:16:45:437] <11516> quotabase:일시불:2개월:3개월:6개월:12개월
INFO	[2019-10-05 18:16:45:438] <11516> Check Field OK
INFO	[2019-10-05 18:16:45:438] <11516> MERCHANT PRIV KEY LOAD OK
INFO	[2019-10-05 18:16:45:438] <11516> MERCHANT PUB KEY LOAD OK []
INFO	[2019-10-05 18:16:45:441] <11516> CHKFAKE KEY MAKE OK:MjAxOTEwMDUxODE2NDU0Mzg5OTMxOA==

INFO	[2019-10-05 18:16:45:441] <11516> END chkfake  Laptime:[0sec]
INFO	[2019-10-05 18:16:45:441] <11516> ===============================================================
INFO	[2019-10-05 18:17:32:500] <10169> START INIPHP chkfake (V5036-141209)(OS:Linux2.6.18-274.3.1.el5,PHP:5.2.9)
DEBUG	[2019-10-05 18:17:32:500] <10169> inipayhome:/home/ilearning3/www/inipay
DEBUG	[2019-10-05 18:17:32:500] <10169> type:chkfake
DEBUG	[2019-10-05 18:17:32:500] <10169> debug:true
DEBUG	[2019-10-05 18:17:32:500] <10169> enctype:asym
DEBUG	[2019-10-05 18:17:32:500] <10169> admin:1111
DEBUG	[2019-10-05 18:17:32:500] <10169> checkopt:false
DEBUG	[2019-10-05 18:17:32:500] <10169> mid:obmms20151
DEBUG	[2019-10-05 18:17:32:500] <10169> price:550000
DEBUG	[2019-10-05 18:17:32:500] <10169> nointerest:no
DEBUG	[2019-10-05 18:17:32:500] <10169> quotabase:일시불:2개월:3개월:6개월:12개월
INFO	[2019-10-05 18:17:32:500] <10169> Check Field OK
INFO	[2019-10-05 18:17:32:500] <10169> MERCHANT PRIV KEY LOAD OK
INFO	[2019-10-05 18:17:32:501] <10169> MERCHANT PUB KEY LOAD OK []
INFO	[2019-10-05 18:17:32:502] <10169> CHKFAKE KEY MAKE OK:MjAxOTEwMDUxODE3MzI1MDExODEwNg==

INFO	[2019-10-05 18:17:32:502] <10169> END chkfake  Laptime:[0sec]
INFO	[2019-10-05 18:17:32:502] <10169> ===============================================================
INFO	[2019-10-05 18:18:13:501] <9046> START INIPHP chkfake (V5036-141209)(OS:Linux2.6.18-274.3.1.el5,PHP:5.2.9)
DEBUG	[2019-10-05 18:18:13:501] <9046> inipayhome:/home/ilearning3/www/inipay
DEBUG	[2019-10-05 18:18:13:501] <9046> type:chkfake
DEBUG	[2019-10-05 18:18:13:501] <9046> debug:true
DEBUG	[2019-10-05 18:18:13:501] <9046> enctype:asym
DEBUG	[2019-10-05 18:18:13:501] <9046> admin:1111
DEBUG	[2019-10-05 18:18:13:501] <9046> checkopt:false
DEBUG	[2019-10-05 18:18:13:501] <9046> mid:obmms20151
DEBUG	[2019-10-05 18:18:13:501] <9046> price:550000
DEBUG	[2019-10-05 18:18:13:501] <9046> nointerest:no
DEBUG	[2019-10-05 18:18:13:501] <9046> quotabase:일시불:2개월:3개월:6개월:12개월
INFO	[2019-10-05 18:18:13:501] <9046> Check Field OK
INFO	[2019-10-05 18:18:13:502] <9046> MERCHANT PRIV KEY LOAD OK
INFO	[2019-10-05 18:18:13:502] <9046> MERCHANT PUB KEY LOAD OK []
INFO	[2019-10-05 18:18:13:503] <9046> CHKFAKE KEY MAKE OK:MjAxOTEwMDUxODE4MTM1MDI4NDU1Ng==

INFO	[2019-10-05 18:18:13:503] <9046> END chkfake  Laptime:[0sec]
INFO	[2019-10-05 18:18:13:504] <9046> ===============================================================
INFO	[2019-10-05 18:18:49:842] <1630> START INIPHP chkfake (V5036-141209)(OS:Linux2.6.18-274.3.1.el5,PHP:5.2.9)
DEBUG	[2019-10-05 18:18:49:842] <1630> inipayhome:/home/ilearning3/www/inipay
DEBUG	[2019-10-05 18:18:49:842] <1630> type:chkfake
DEBUG	[2019-10-05 18:18:49:842] <1630> debug:true
DEBUG	[2019-10-05 18:18:49:842] <1630> enctype:asym
DEBUG	[2019-10-05 18:18:49:842] <1630> admin:1111
DEBUG	[2019-10-05 18:18:49:842] <1630> checkopt:false
DEBUG	[2019-10-05 18:18:49:842] <1630> mid:obmms20151
DEBUG	[2019-10-05 18:18:49:842] <1630> price:550000
DEBUG	[2019-10-05 18:18:49:842] <1630> nointerest:no
DEBUG	[2019-10-05 18:18:49:842] <1630> quotabase:일시불:2개월:3개월:6개월:12개월
INFO	[2019-10-05 18:18:49:842] <1630> Check Field OK
INFO	[2019-10-05 18:18:49:842] <1630> MERCHANT PRIV KEY LOAD OK
INFO	[2019-10-05 18:18:49:842] <1630> MERCHANT PUB KEY LOAD OK []
INFO	[2019-10-05 18:18:49:844] <1630> CHKFAKE KEY MAKE OK:MjAxOTEwMDUxODE4NDk4NDI2NjA0Nw==

INFO	[2019-10-05 18:18:49:844] <1630> END chkfake  Laptime:[0sec]
INFO	[2019-10-05 18:18:49:844] <1630> ===============================================================
INFO	[2019-10-05 18:18:58:598] <1630> START INIPHP chkfake (V5036-141209)(OS:Linux2.6.18-274.3.1.el5,PHP:5.2.9)
DEBUG	[2019-10-05 18:18:58:598] <1630> inipayhome:/home/ilearning3/www/inipay
DEBUG	[2019-10-05 18:18:58:598] <1630> type:chkfake
DEBUG	[2019-10-05 18:18:58:598] <1630> debug:true
DEBUG	[2019-10-05 18:18:58:598] <1630> enctype:asym
DEBUG	[2019-10-05 18:18:58:598] <1630> admin:1111
DEBUG	[2019-10-05 18:18:58:598] <1630> checkopt:false
DEBUG	[2019-10-05 18:18:58:598] <1630> mid:obmms20151
DEBUG	[2019-10-05 18:18:58:598] <1630> price:550000
DEBUG	[2019-10-05 18:18:58:598] <1630> nointerest:no
DEBUG	[2019-10-05 18:18:58:598] <1630> quotabase:일시불:2개월:3개월:6개월:12개월
INFO	[2019-10-05 18:18:58:598] <1630> Check Field OK
INFO	[2019-10-05 18:18:58:598] <1630> MERCHANT PRIV KEY LOAD OK
INFO	[2019-10-05 18:18:58:599] <1630> MERCHANT PUB KEY LOAD OK []
INFO	[2019-10-05 18:18:58:601] <1630> CHKFAKE KEY MAKE OK:MjAxOTEwMDUxODE4NTg1OTk1NjI4MQ==

INFO	[2019-10-05 18:18:58:601] <1630> END chkfake  Laptime:[0sec]
INFO	[2019-10-05 18:18:58:601] <1630> ===============================================================
