INFO	[2017-07-31 14:46:35:670] <19790> START INIPHP chkfake (V5036-141209)(OS:Linux4.4.27,PHP:5.5.17p1)
DEBUG	[2017-07-31 14:46:35:670] <19790> inipayhome:/home/hosting_users/ilearning3/www/inipay
DEBUG	[2017-07-31 14:46:35:670] <19790> type:chkfake
DEBUG	[2017-07-31 14:46:35:670] <19790> debug:true
DEBUG	[2017-07-31 14:46:35:670] <19790> enctype:asym
DEBUG	[2017-07-31 14:46:35:670] <19790> admin:1111
DEBUG	[2017-07-31 14:46:35:670] <19790> checkopt:false
DEBUG	[2017-07-31 14:46:35:670] <19790> mid:obmms20151
DEBUG	[2017-07-31 14:46:35:670] <19790> price:49500
DEBUG	[2017-07-31 14:46:35:670] <19790> nointerest:no
DEBUG	[2017-07-31 14:46:35:670] <19790> quotabase:선택:일시불:2개월:3개월:6개월
INFO	[2017-07-31 14:46:35:670] <19790> Check Field OK
INFO	[2017-07-31 14:46:35:670] <19790> MERCHANT PRIV KEY LOAD OK
INFO	[2017-07-31 14:46:35:670] <19790> MERCHANT PUB KEY LOAD OK []
INFO	[2017-07-31 14:46:35:671] <19790> CHKFAKE KEY MAKE OK:MjAxNzA3MzExNDQ2MzU2NzA4NjQ5Mw==

INFO	[2017-07-31 14:46:35:671] <19790> END chkfake  Laptime:[0.001sec]
INFO	[2017-07-31 14:46:35:671] <19790> ===============================================================
INFO	[2017-07-31 14:46:47:82] <24806> START INIPHP chkfake (V5036-141209)(OS:Linux4.4.27,PHP:5.5.17p1)
DEBUG	[2017-07-31 14:46:47:82] <24806> inipayhome:/home/hosting_users/ilearning3/www/inipay
DEBUG	[2017-07-31 14:46:47:82] <24806> type:chkfake
DEBUG	[2017-07-31 14:46:47:82] <24806> debug:true
DEBUG	[2017-07-31 14:46:47:82] <24806> enctype:asym
DEBUG	[2017-07-31 14:46:47:82] <24806> admin:1111
DEBUG	[2017-07-31 14:46:47:82] <24806> checkopt:false
DEBUG	[2017-07-31 14:46:47:82] <24806> mid:obmms20151
DEBUG	[2017-07-31 14:46:47:82] <24806> price:49500
DEBUG	[2017-07-31 14:46:47:82] <24806> nointerest:no
DEBUG	[2017-07-31 14:46:47:82] <24806> quotabase:선택:일시불:2개월:3개월:6개월
INFO	[2017-07-31 14:46:47:82] <24806> Check Field OK
INFO	[2017-07-31 14:46:47:82] <24806> MERCHANT PRIV KEY LOAD OK
INFO	[2017-07-31 14:46:47:82] <24806> MERCHANT PUB KEY LOAD OK []
INFO	[2017-07-31 14:46:47:83] <24806> CHKFAKE KEY MAKE OK:MjAxNzA3MzExNDQ2NDcwODI0NTUwMg==

INFO	[2017-07-31 14:46:47:83] <24806> END chkfake  Laptime:[0.001sec]
INFO	[2017-07-31 14:46:47:83] <24806> ===============================================================
INFO	[2017-07-31 15:00:00:377] <24734> START INIPHP chkfake (V5036-141209)(OS:Linux4.4.27,PHP:5.5.17p1)
DEBUG	[2017-07-31 15:00:00:377] <24734> inipayhome:/home/hosting_users/ilearning3/www/inipay
DEBUG	[2017-07-31 15:00:00:377] <24734> type:chkfake
DEBUG	[2017-07-31 15:00:00:377] <24734> debug:true
DEBUG	[2017-07-31 15:00:00:377] <24734> enctype:asym
DEBUG	[2017-07-31 15:00:00:377] <24734> admin:1111
DEBUG	[2017-07-31 15:00:00:377] <24734> checkopt:false
DEBUG	[2017-07-31 15:00:00:377] <24734> mid:obmms20151
DEBUG	[2017-07-31 15:00:00:377] <24734> price:28215
DEBUG	[2017-07-31 15:00:00:377] <24734> nointerest:no
DEBUG	[2017-07-31 15:00:00:377] <24734> quotabase:선택:일시불:2개월:3개월:6개월
INFO	[2017-07-31 15:00:00:377] <24734> Check Field OK
INFO	[2017-07-31 15:00:00:377] <24734> MERCHANT PRIV KEY LOAD OK
INFO	[2017-07-31 15:00:00:377] <24734> MERCHANT PUB KEY LOAD OK []
INFO	[2017-07-31 15:00:00:378] <24734> CHKFAKE KEY MAKE OK:MjAxNzA3MzExNTAwMDAzNzc0NDI5Mg==

INFO	[2017-07-31 15:00:00:378] <24734> END chkfake  Laptime:[0.001sec]
INFO	[2017-07-31 15:00:00:378] <24734> ===============================================================
