INFO	[2018-10-02 10:18:35:434] <28840> START INIPHP chkfake (V5036-141209)(OS:Linux2.6.32-696.18.7.el6.x86_64,PHP:5.5.17p1)
DEBUG	[2018-10-02 10:18:35:434] <28840> inipayhome:/home/hosting_users/ilearning3/www/inipay
DEBUG	[2018-10-02 10:18:35:434] <28840> type:chkfake
DEBUG	[2018-10-02 10:18:35:434] <28840> debug:true
DEBUG	[2018-10-02 10:18:35:434] <28840> enctype:asym
DEBUG	[2018-10-02 10:18:35:434] <28840> admin:1111
DEBUG	[2018-10-02 10:18:35:434] <28840> checkopt:false
DEBUG	[2018-10-02 10:18:35:434] <28840> mid:obmms20151
DEBUG	[2018-10-02 10:18:35:434] <28840> price:11000
DEBUG	[2018-10-02 10:18:35:434] <28840> nointerest:no
DEBUG	[2018-10-02 10:18:35:434] <28840> quotabase:일시불
INFO	[2018-10-02 10:18:35:434] <28840> Check Field OK
INFO	[2018-10-02 10:18:35:516] <28840> MERCHANT PRIV KEY LOAD OK
INFO	[2018-10-02 10:18:35:522] <28840> MERCHANT PUB KEY LOAD OK []
INFO	[2018-10-02 10:18:35:528] <28840> CHKFAKE KEY MAKE OK:MjAxODEwMDIxMDE4MzU1MjI4NTc5Nw==

INFO	[2018-10-02 10:18:35:528] <28840> END chkfake  Laptime:[0.095sec]
INFO	[2018-10-02 10:18:35:528] <28840> ===============================================================
INFO	[2018-10-02 10:18:46:865] <39213> START INIPHP chkfake (V5036-141209)(OS:Linux2.6.32-696.18.7.el6.x86_64,PHP:5.5.17p1)
DEBUG	[2018-10-02 10:18:46:866] <39213> inipayhome:/home/hosting_users/ilearning3/www/inipay
DEBUG	[2018-10-02 10:18:46:866] <39213> type:chkfake
DEBUG	[2018-10-02 10:18:46:866] <39213> debug:true
DEBUG	[2018-10-02 10:18:46:866] <39213> enctype:asym
DEBUG	[2018-10-02 10:18:46:866] <39213> admin:1111
DEBUG	[2018-10-02 10:18:46:866] <39213> checkopt:false
DEBUG	[2018-10-02 10:18:46:866] <39213> mid:obmms20151
DEBUG	[2018-10-02 10:18:46:866] <39213> price:11000
DEBUG	[2018-10-02 10:18:46:866] <39213> nointerest:no
DEBUG	[2018-10-02 10:18:46:866] <39213> quotabase:일시불
INFO	[2018-10-02 10:18:46:866] <39213> Check Field OK
INFO	[2018-10-02 10:18:46:866] <39213> MERCHANT PRIV KEY LOAD OK
INFO	[2018-10-02 10:18:46:866] <39213> MERCHANT PUB KEY LOAD OK []
INFO	[2018-10-02 10:18:46:867] <39213> CHKFAKE KEY MAKE OK:MjAxODEwMDIxMDE4NDY4NjY4OTU5Mw==

INFO	[2018-10-02 10:18:46:867] <39213> END chkfake  Laptime:[0.001sec]
INFO	[2018-10-02 10:18:46:867] <39213> ===============================================================
INFO	[2018-10-02 10:23:39:493] <39198> START INIPHP chkfake (V5036-141209)(OS:Linux2.6.32-696.18.7.el6.x86_64,PHP:5.5.17p1)
DEBUG	[2018-10-02 10:23:39:493] <39198> inipayhome:/home/hosting_users/ilearning3/www/inipay
DEBUG	[2018-10-02 10:23:39:493] <39198> type:chkfake
DEBUG	[2018-10-02 10:23:39:493] <39198> debug:true
DEBUG	[2018-10-02 10:23:39:493] <39198> enctype:asym
DEBUG	[2018-10-02 10:23:39:493] <39198> admin:1111
DEBUG	[2018-10-02 10:23:39:493] <39198> checkopt:false
DEBUG	[2018-10-02 10:23:39:493] <39198> mid:obmms20151
DEBUG	[2018-10-02 10:23:39:493] <39198> price:11000
DEBUG	[2018-10-02 10:23:39:493] <39198> nointerest:no
DEBUG	[2018-10-02 10:23:39:493] <39198> quotabase:일시불
INFO	[2018-10-02 10:23:39:493] <39198> Check Field OK
INFO	[2018-10-02 10:23:39:493] <39198> MERCHANT PRIV KEY LOAD OK
INFO	[2018-10-02 10:23:39:494] <39198> MERCHANT PUB KEY LOAD OK []
INFO	[2018-10-02 10:23:39:494] <39198> CHKFAKE KEY MAKE OK:MjAxODEwMDIxMDIzMzk0OTQ0ODA4NQ==

INFO	[2018-10-02 10:23:39:494] <39198> END chkfake  Laptime:[0.001sec]
INFO	[2018-10-02 10:23:39:494] <39198> ===============================================================
INFO	[2018-10-02 10:25:59:997] <29215> START INIPHP chkfake (V5036-141209)(OS:Linux2.6.32-696.18.7.el6.x86_64,PHP:5.5.17p1)
DEBUG	[2018-10-02 10:25:59:997] <29215> inipayhome:/home/hosting_users/ilearning3/www/inipay
DEBUG	[2018-10-02 10:25:59:997] <29215> type:chkfake
DEBUG	[2018-10-02 10:25:59:997] <29215> debug:true
DEBUG	[2018-10-02 10:25:59:997] <29215> enctype:asym
DEBUG	[2018-10-02 10:25:59:997] <29215> admin:1111
DEBUG	[2018-10-02 10:25:59:997] <29215> checkopt:false
DEBUG	[2018-10-02 10:25:59:997] <29215> mid:obmms20151
DEBUG	[2018-10-02 10:25:59:997] <29215> price:11000
DEBUG	[2018-10-02 10:25:59:997] <29215> nointerest:no
DEBUG	[2018-10-02 10:25:59:997] <29215> quotabase:일시불
INFO	[2018-10-02 10:25:59:997] <29215> Check Field OK
INFO	[2018-10-02 10:25:59:997] <29215> MERCHANT PRIV KEY LOAD OK
INFO	[2018-10-02 10:25:59:997] <29215> MERCHANT PUB KEY LOAD OK []
INFO	[2018-10-02 10:25:59:998] <29215> CHKFAKE KEY MAKE OK:MjAxODEwMDIxMDI1NTk5OTc3NzE0Mw==

INFO	[2018-10-02 10:25:59:998] <29215> END chkfake  Laptime:[0.001sec]
INFO	[2018-10-02 10:25:59:998] <29215> ===============================================================
