INFO	[2019-03-14 13:46:32:985] <40673> START INIPHP chkfake (V5036-141209)(OS:Linux3.10.0-862.11.6.el7.x86_64,PHP:5.5.17p1)
DEBUG	[2019-03-14 13:46:32:985] <40673> inipayhome:/home/hosting_users/ilearning3/www/inipay
DEBUG	[2019-03-14 13:46:32:985] <40673> type:chkfake
DEBUG	[2019-03-14 13:46:32:985] <40673> debug:true
DEBUG	[2019-03-14 13:46:32:985] <40673> enctype:asym
DEBUG	[2019-03-14 13:46:32:985] <40673> admin:1111
DEBUG	[2019-03-14 13:46:32:985] <40673> checkopt:false
DEBUG	[2019-03-14 13:46:32:985] <40673> mid:obmms20151
DEBUG	[2019-03-14 13:46:32:985] <40673> price:11000
DEBUG	[2019-03-14 13:46:32:985] <40673> nointerest:no
DEBUG	[2019-03-14 13:46:32:985] <40673> quotabase:일시불
INFO	[2019-03-14 13:46:32:985] <40673> Check Field OK
INFO	[2019-03-14 13:46:33:55] <40673> MERCHANT PRIV KEY LOAD OK
INFO	[2019-03-14 13:46:33:59] <40673> MERCHANT PUB KEY LOAD OK []
INFO	[2019-03-14 13:46:33:61] <40673> CHKFAKE KEY MAKE OK:MjAxOTAzMTQxMzQ2MzMwNTkzNjg3Mw==

INFO	[2019-03-14 13:46:33:61] <40673> END chkfake  Laptime:[0.077sec]
INFO	[2019-03-14 13:46:33:62] <40673> ===============================================================
INFO	[2019-03-14 13:47:05:249] <40148> START INIPHP chkfake (V5036-141209)(OS:Linux3.10.0-862.11.6.el7.x86_64,PHP:5.5.17p1)
DEBUG	[2019-03-14 13:47:05:249] <40148> inipayhome:/home/hosting_users/ilearning3/www/inipay
DEBUG	[2019-03-14 13:47:05:249] <40148> type:chkfake
DEBUG	[2019-03-14 13:47:05:249] <40148> debug:true
DEBUG	[2019-03-14 13:47:05:249] <40148> enctype:asym
DEBUG	[2019-03-14 13:47:05:249] <40148> admin:1111
DEBUG	[2019-03-14 13:47:05:249] <40148> checkopt:false
DEBUG	[2019-03-14 13:47:05:249] <40148> mid:obmms20151
DEBUG	[2019-03-14 13:47:05:249] <40148> price:11000
DEBUG	[2019-03-14 13:47:05:249] <40148> nointerest:no
DEBUG	[2019-03-14 13:47:05:249] <40148> quotabase:일시불
INFO	[2019-03-14 13:47:05:249] <40148> Check Field OK
INFO	[2019-03-14 13:47:05:249] <40148> MERCHANT PRIV KEY LOAD OK
INFO	[2019-03-14 13:47:05:250] <40148> MERCHANT PUB KEY LOAD OK []
INFO	[2019-03-14 13:47:05:251] <40148> CHKFAKE KEY MAKE OK:MjAxOTAzMTQxMzQ3MDUyNTA1NjczNg==

INFO	[2019-03-14 13:47:05:251] <40148> END chkfake  Laptime:[0.002sec]
INFO	[2019-03-14 13:47:05:251] <40148> ===============================================================
INFO	[2019-03-14 13:47:48:623] <40470> START INIPHP chkfake (V5036-141209)(OS:Linux3.10.0-862.11.6.el7.x86_64,PHP:5.5.17p1)
DEBUG	[2019-03-14 13:47:48:623] <40470> inipayhome:/home/hosting_users/ilearning3/www/inipay
DEBUG	[2019-03-14 13:47:48:623] <40470> type:chkfake
DEBUG	[2019-03-14 13:47:48:623] <40470> debug:true
DEBUG	[2019-03-14 13:47:48:623] <40470> enctype:asym
DEBUG	[2019-03-14 13:47:48:623] <40470> admin:1111
DEBUG	[2019-03-14 13:47:48:623] <40470> checkopt:false
DEBUG	[2019-03-14 13:47:48:623] <40470> mid:obmms20151
DEBUG	[2019-03-14 13:47:48:623] <40470> price:11000
DEBUG	[2019-03-14 13:47:48:623] <40470> nointerest:no
DEBUG	[2019-03-14 13:47:48:623] <40470> quotabase:일시불
INFO	[2019-03-14 13:47:48:623] <40470> Check Field OK
INFO	[2019-03-14 13:47:48:623] <40470> MERCHANT PRIV KEY LOAD OK
INFO	[2019-03-14 13:47:48:624] <40470> MERCHANT PUB KEY LOAD OK []
INFO	[2019-03-14 13:47:48:625] <40470> CHKFAKE KEY MAKE OK:MjAxOTAzMTQxMzQ3NDg2MjQ3MjM4NQ==

INFO	[2019-03-14 13:47:48:625] <40470> END chkfake  Laptime:[0.002sec]
INFO	[2019-03-14 13:47:48:625] <40470> ===============================================================
INFO	[2019-03-14 14:43:49:336] <54156> START INIPHP chkfake (V5036-141209)(OS:Linux3.10.0-862.11.6.el7.x86_64,PHP:5.5.17p1)
DEBUG	[2019-03-14 14:43:49:336] <54156> inipayhome:/home/hosting_users/ilearning3/www/inipay
DEBUG	[2019-03-14 14:43:49:336] <54156> type:chkfake
DEBUG	[2019-03-14 14:43:49:336] <54156> debug:true
DEBUG	[2019-03-14 14:43:49:336] <54156> enctype:asym
DEBUG	[2019-03-14 14:43:49:336] <54156> admin:1111
DEBUG	[2019-03-14 14:43:49:336] <54156> checkopt:false
DEBUG	[2019-03-14 14:43:49:336] <54156> mid:obmms20151
DEBUG	[2019-03-14 14:43:49:336] <54156> price:11000
DEBUG	[2019-03-14 14:43:49:336] <54156> nointerest:no
DEBUG	[2019-03-14 14:43:49:336] <54156> quotabase:일시불
INFO	[2019-03-14 14:43:49:336] <54156> Check Field OK
INFO	[2019-03-14 14:43:49:336] <54156> MERCHANT PRIV KEY LOAD OK
INFO	[2019-03-14 14:43:49:337] <54156> MERCHANT PUB KEY LOAD OK []
INFO	[2019-03-14 14:43:49:338] <54156> CHKFAKE KEY MAKE OK:MjAxOTAzMTQxNDQzNDkzMzc1ODg3Ng==

INFO	[2019-03-14 14:43:49:338] <54156> END chkfake  Laptime:[0.002sec]
INFO	[2019-03-14 14:43:49:338] <54156> ===============================================================
INFO	[2019-03-14 14:46:29:309] <7571> START INIPHP chkfake (V5036-141209)(OS:Linux3.10.0-862.11.6.el7.x86_64,PHP:5.5.17p1)
DEBUG	[2019-03-14 14:46:29:309] <7571> inipayhome:/home/hosting_users/ilearning3/www/inipay
DEBUG	[2019-03-14 14:46:29:309] <7571> type:chkfake
DEBUG	[2019-03-14 14:46:29:309] <7571> debug:true
DEBUG	[2019-03-14 14:46:29:309] <7571> enctype:asym
DEBUG	[2019-03-14 14:46:29:309] <7571> admin:1111
DEBUG	[2019-03-14 14:46:29:309] <7571> checkopt:false
DEBUG	[2019-03-14 14:46:29:309] <7571> mid:obmms20151
DEBUG	[2019-03-14 14:46:29:309] <7571> price:11000
DEBUG	[2019-03-14 14:46:29:309] <7571> nointerest:no
DEBUG	[2019-03-14 14:46:29:309] <7571> quotabase:일시불
INFO	[2019-03-14 14:46:29:309] <7571> Check Field OK
INFO	[2019-03-14 14:46:29:310] <7571> MERCHANT PRIV KEY LOAD OK
INFO	[2019-03-14 14:46:29:310] <7571> MERCHANT PUB KEY LOAD OK []
INFO	[2019-03-14 14:46:29:311] <7571> CHKFAKE KEY MAKE OK:MjAxOTAzMTQxNDQ2MjkzMTA3NDk3OQ==

INFO	[2019-03-14 14:46:29:311] <7571> END chkfake  Laptime:[0.002sec]
INFO	[2019-03-14 14:46:29:311] <7571> ===============================================================
INFO	[2019-03-14 14:49:13:309] <4323> START INIPHP chkfake (V5036-141209)(OS:Linux3.10.0-862.11.6.el7.x86_64,PHP:5.5.17p1)
DEBUG	[2019-03-14 14:49:13:309] <4323> inipayhome:/home/hosting_users/ilearning3/www/inipay
DEBUG	[2019-03-14 14:49:13:309] <4323> type:chkfake
DEBUG	[2019-03-14 14:49:13:309] <4323> debug:true
DEBUG	[2019-03-14 14:49:13:309] <4323> enctype:asym
DEBUG	[2019-03-14 14:49:13:309] <4323> admin:1111
DEBUG	[2019-03-14 14:49:13:309] <4323> checkopt:false
DEBUG	[2019-03-14 14:49:13:309] <4323> mid:obmms20151
DEBUG	[2019-03-14 14:49:13:309] <4323> price:11000
DEBUG	[2019-03-14 14:49:13:309] <4323> nointerest:no
DEBUG	[2019-03-14 14:49:13:309] <4323> quotabase:일시불
INFO	[2019-03-14 14:49:13:309] <4323> Check Field OK
INFO	[2019-03-14 14:49:13:310] <4323> MERCHANT PRIV KEY LOAD OK
INFO	[2019-03-14 14:49:13:310] <4323> MERCHANT PUB KEY LOAD OK []
INFO	[2019-03-14 14:49:13:311] <4323> CHKFAKE KEY MAKE OK:MjAxOTAzMTQxNDQ5MTMzMTA5Njg4OQ==

INFO	[2019-03-14 14:49:13:311] <4323> END chkfake  Laptime:[0.002sec]
INFO	[2019-03-14 14:49:13:311] <4323> ===============================================================
INFO	[2019-03-14 14:51:00:289] <58886> START INIPHP chkfake (V5036-141209)(OS:Linux3.10.0-862.11.6.el7.x86_64,PHP:5.5.17p1)
DEBUG	[2019-03-14 14:51:00:290] <58886> inipayhome:/home/hosting_users/ilearning3/www/inipay
DEBUG	[2019-03-14 14:51:00:290] <58886> type:chkfake
DEBUG	[2019-03-14 14:51:00:290] <58886> debug:true
DEBUG	[2019-03-14 14:51:00:290] <58886> enctype:asym
DEBUG	[2019-03-14 14:51:00:290] <58886> admin:1111
DEBUG	[2019-03-14 14:51:00:290] <58886> checkopt:false
DEBUG	[2019-03-14 14:51:00:290] <58886> mid:obmms20151
DEBUG	[2019-03-14 14:51:00:290] <58886> price:16500
DEBUG	[2019-03-14 14:51:00:290] <58886> nointerest:no
DEBUG	[2019-03-14 14:51:00:290] <58886> quotabase:일시불
INFO	[2019-03-14 14:51:00:290] <58886> Check Field OK
INFO	[2019-03-14 14:51:00:290] <58886> MERCHANT PRIV KEY LOAD OK
INFO	[2019-03-14 14:51:00:290] <58886> MERCHANT PUB KEY LOAD OK []
INFO	[2019-03-14 14:51:00:292] <58886> CHKFAKE KEY MAKE OK:MjAxOTAzMTQxNDUxMDAyOTAyNDkwOQ==

INFO	[2019-03-14 14:51:00:292] <58886> END chkfake  Laptime:[0.002sec]
INFO	[2019-03-14 14:51:00:292] <58886> ===============================================================
INFO	[2019-03-14 14:57:36:920] <57822> START INIPHP chkfake (V5036-141209)(OS:Linux3.10.0-862.11.6.el7.x86_64,PHP:5.5.17p1)
DEBUG	[2019-03-14 14:57:36:920] <57822> inipayhome:/home/hosting_users/ilearning3/www/inipay
DEBUG	[2019-03-14 14:57:36:920] <57822> type:chkfake
DEBUG	[2019-03-14 14:57:36:920] <57822> debug:true
DEBUG	[2019-03-14 14:57:36:920] <57822> enctype:asym
DEBUG	[2019-03-14 14:57:36:920] <57822> admin:1111
DEBUG	[2019-03-14 14:57:36:920] <57822> checkopt:false
DEBUG	[2019-03-14 14:57:36:920] <57822> mid:obmms20151
DEBUG	[2019-03-14 14:57:36:920] <57822> price:11000
DEBUG	[2019-03-14 14:57:36:920] <57822> nointerest:no
DEBUG	[2019-03-14 14:57:36:920] <57822> quotabase:일시불
INFO	[2019-03-14 14:57:36:920] <57822> Check Field OK
INFO	[2019-03-14 14:57:36:921] <57822> MERCHANT PRIV KEY LOAD OK
INFO	[2019-03-14 14:57:36:921] <57822> MERCHANT PUB KEY LOAD OK []
INFO	[2019-03-14 14:57:36:922] <57822> CHKFAKE KEY MAKE OK:MjAxOTAzMTQxNDU3MzY5MjEyMzkzNQ==

INFO	[2019-03-14 14:57:36:922] <57822> END chkfake  Laptime:[0.002sec]
INFO	[2019-03-14 14:57:36:922] <57822> ===============================================================
INFO	[2019-03-14 14:58:21:176] <57348> START INIPHP chkfake (V5036-141209)(OS:Linux3.10.0-862.11.6.el7.x86_64,PHP:5.5.17p1)
DEBUG	[2019-03-14 14:58:21:176] <57348> inipayhome:/home/hosting_users/ilearning3/www/inipay
DEBUG	[2019-03-14 14:58:21:176] <57348> type:chkfake
DEBUG	[2019-03-14 14:58:21:176] <57348> debug:true
DEBUG	[2019-03-14 14:58:21:176] <57348> enctype:asym
DEBUG	[2019-03-14 14:58:21:176] <57348> admin:1111
DEBUG	[2019-03-14 14:58:21:176] <57348> checkopt:false
DEBUG	[2019-03-14 14:58:21:176] <57348> mid:obmms20151
DEBUG	[2019-03-14 14:58:21:176] <57348> price:11000
DEBUG	[2019-03-14 14:58:21:176] <57348> nointerest:no
DEBUG	[2019-03-14 14:58:21:176] <57348> quotabase:일시불
INFO	[2019-03-14 14:58:21:176] <57348> Check Field OK
INFO	[2019-03-14 14:58:21:176] <57348> MERCHANT PRIV KEY LOAD OK
INFO	[2019-03-14 14:58:21:176] <57348> MERCHANT PUB KEY LOAD OK []
INFO	[2019-03-14 14:58:21:178] <57348> CHKFAKE KEY MAKE OK:MjAxOTAzMTQxNDU4MjExNzY4NDcwOA==

INFO	[2019-03-14 14:58:21:178] <57348> END chkfake  Laptime:[0.002sec]
INFO	[2019-03-14 14:58:21:178] <57348> ===============================================================
INFO	[2019-03-14 15:01:45:306] <58887> START INIPHP chkfake (V5036-141209)(OS:Linux3.10.0-862.11.6.el7.x86_64,PHP:5.5.17p1)
DEBUG	[2019-03-14 15:01:45:306] <58887> inipayhome:/home/hosting_users/ilearning3/www/inipay
DEBUG	[2019-03-14 15:01:45:306] <58887> type:chkfake
DEBUG	[2019-03-14 15:01:45:306] <58887> debug:true
DEBUG	[2019-03-14 15:01:45:306] <58887> enctype:asym
DEBUG	[2019-03-14 15:01:45:306] <58887> admin:1111
DEBUG	[2019-03-14 15:01:45:306] <58887> checkopt:false
DEBUG	[2019-03-14 15:01:45:306] <58887> mid:obmms20151
DEBUG	[2019-03-14 15:01:45:306] <58887> price:11000
DEBUG	[2019-03-14 15:01:45:306] <58887> nointerest:no
DEBUG	[2019-03-14 15:01:45:306] <58887> quotabase:일시불
INFO	[2019-03-14 15:01:45:306] <58887> Check Field OK
INFO	[2019-03-14 15:01:45:306] <58887> MERCHANT PRIV KEY LOAD OK
INFO	[2019-03-14 15:01:45:307] <58887> MERCHANT PUB KEY LOAD OK []
INFO	[2019-03-14 15:01:45:308] <58887> CHKFAKE KEY MAKE OK:MjAxOTAzMTQxNTAxNDUzMDc2Mzc3Nw==

INFO	[2019-03-14 15:01:45:308] <58887> END chkfake  Laptime:[0.002sec]
INFO	[2019-03-14 15:01:45:308] <58887> ===============================================================
INFO	[2019-03-14 15:11:51:685] <56365> START INIPHP chkfake (V5036-141209)(OS:Linux3.10.0-862.11.6.el7.x86_64,PHP:5.5.17p1)
DEBUG	[2019-03-14 15:11:51:685] <56365> inipayhome:/home/hosting_users/ilearning3/www/inipay
DEBUG	[2019-03-14 15:11:51:685] <56365> type:chkfake
DEBUG	[2019-03-14 15:11:51:685] <56365> debug:true
DEBUG	[2019-03-14 15:11:51:685] <56365> enctype:asym
DEBUG	[2019-03-14 15:11:51:685] <56365> admin:1111
DEBUG	[2019-03-14 15:11:51:685] <56365> checkopt:false
DEBUG	[2019-03-14 15:11:51:685] <56365> mid:obmms20151
DEBUG	[2019-03-14 15:11:51:685] <56365> price:11000
DEBUG	[2019-03-14 15:11:51:685] <56365> nointerest:no
DEBUG	[2019-03-14 15:11:51:685] <56365> quotabase:일시불
INFO	[2019-03-14 15:11:51:685] <56365> Check Field OK
INFO	[2019-03-14 15:11:51:686] <56365> MERCHANT PRIV KEY LOAD OK
INFO	[2019-03-14 15:11:51:686] <56365> MERCHANT PUB KEY LOAD OK []
INFO	[2019-03-14 15:11:51:688] <56365> CHKFAKE KEY MAKE OK:MjAxOTAzMTQxNTExNTE2ODc0MDAyOQ==

INFO	[2019-03-14 15:11:51:688] <56365> END chkfake  Laptime:[0.003sec]
INFO	[2019-03-14 15:11:51:688] <56365> ===============================================================
INFO	[2019-03-14 15:12:04:781] <57756> START INIPHP chkfake (V5036-141209)(OS:Linux3.10.0-862.11.6.el7.x86_64,PHP:5.5.17p1)
DEBUG	[2019-03-14 15:12:04:781] <57756> inipayhome:/home/hosting_users/ilearning3/www/inipay
DEBUG	[2019-03-14 15:12:04:781] <57756> type:chkfake
DEBUG	[2019-03-14 15:12:04:781] <57756> debug:true
DEBUG	[2019-03-14 15:12:04:781] <57756> enctype:asym
DEBUG	[2019-03-14 15:12:04:781] <57756> admin:1111
DEBUG	[2019-03-14 15:12:04:781] <57756> checkopt:false
DEBUG	[2019-03-14 15:12:04:781] <57756> mid:obmms20151
DEBUG	[2019-03-14 15:12:04:781] <57756> price:11000
DEBUG	[2019-03-14 15:12:04:781] <57756> nointerest:no
DEBUG	[2019-03-14 15:12:04:781] <57756> quotabase:일시불
INFO	[2019-03-14 15:12:04:781] <57756> Check Field OK
INFO	[2019-03-14 15:12:04:782] <57756> MERCHANT PRIV KEY LOAD OK
INFO	[2019-03-14 15:12:04:782] <57756> MERCHANT PUB KEY LOAD OK []
INFO	[2019-03-14 15:12:04:783] <57756> CHKFAKE KEY MAKE OK:MjAxOTAzMTQxNTEyMDQ3ODI3MzMzNw==

INFO	[2019-03-14 15:12:04:783] <57756> END chkfake  Laptime:[0.002sec]
INFO	[2019-03-14 15:12:04:783] <57756> ===============================================================
INFO	[2019-03-14 15:17:53:303] <58887> START INIPHP chkfake (V5036-141209)(OS:Linux3.10.0-862.11.6.el7.x86_64,PHP:5.5.17p1)
DEBUG	[2019-03-14 15:17:53:303] <58887> inipayhome:/home/hosting_users/ilearning3/www/inipay
DEBUG	[2019-03-14 15:17:53:303] <58887> type:chkfake
DEBUG	[2019-03-14 15:17:53:303] <58887> debug:true
DEBUG	[2019-03-14 15:17:53:303] <58887> enctype:asym
DEBUG	[2019-03-14 15:17:53:303] <58887> admin:1111
DEBUG	[2019-03-14 15:17:53:303] <58887> checkopt:false
DEBUG	[2019-03-14 15:17:53:303] <58887> mid:obmms20151
DEBUG	[2019-03-14 15:17:53:303] <58887> price:11000
DEBUG	[2019-03-14 15:17:53:303] <58887> nointerest:no
DEBUG	[2019-03-14 15:17:53:303] <58887> quotabase:일시불
INFO	[2019-03-14 15:17:53:303] <58887> Check Field OK
INFO	[2019-03-14 15:17:53:303] <58887> MERCHANT PRIV KEY LOAD OK
INFO	[2019-03-14 15:17:53:304] <58887> MERCHANT PUB KEY LOAD OK []
INFO	[2019-03-14 15:17:53:305] <58887> CHKFAKE KEY MAKE OK:MjAxOTAzMTQxNTE3NTMzMDQ1MDcyOA==

INFO	[2019-03-14 15:17:53:305] <58887> END chkfake  Laptime:[0.002sec]
INFO	[2019-03-14 15:17:53:305] <58887> ===============================================================
INFO	[2019-03-14 15:24:24:288] <58752> START INIPHP chkfake (V5036-141209)(OS:Linux3.10.0-862.11.6.el7.x86_64,PHP:5.5.17p1)
DEBUG	[2019-03-14 15:24:24:288] <58752> inipayhome:/home/hosting_users/ilearning3/www/inipay
DEBUG	[2019-03-14 15:24:24:288] <58752> type:chkfake
DEBUG	[2019-03-14 15:24:24:288] <58752> debug:true
DEBUG	[2019-03-14 15:24:24:288] <58752> enctype:asym
DEBUG	[2019-03-14 15:24:24:288] <58752> admin:1111
DEBUG	[2019-03-14 15:24:24:288] <58752> checkopt:false
DEBUG	[2019-03-14 15:24:24:288] <58752> mid:obmms20151
DEBUG	[2019-03-14 15:24:24:288] <58752> price:11000
DEBUG	[2019-03-14 15:24:24:288] <58752> nointerest:no
DEBUG	[2019-03-14 15:24:24:288] <58752> quotabase:일시불
INFO	[2019-03-14 15:24:24:288] <58752> Check Field OK
INFO	[2019-03-14 15:24:24:288] <58752> MERCHANT PRIV KEY LOAD OK
INFO	[2019-03-14 15:24:24:289] <58752> MERCHANT PUB KEY LOAD OK []
INFO	[2019-03-14 15:24:24:290] <58752> CHKFAKE KEY MAKE OK:MjAxOTAzMTQxNTI0MjQyODk5NzIxOQ==

INFO	[2019-03-14 15:24:24:290] <58752> END chkfake  Laptime:[0.002sec]
INFO	[2019-03-14 15:24:24:290] <58752> ===============================================================
INFO	[2019-03-14 15:30:19:49] <61335> START INIPHP chkfake (V5036-141209)(OS:Linux3.10.0-862.11.6.el7.x86_64,PHP:5.5.17p1)
DEBUG	[2019-03-14 15:30:19:49] <61335> inipayhome:/home/hosting_users/ilearning3/www/inipay
DEBUG	[2019-03-14 15:30:19:49] <61335> type:chkfake
DEBUG	[2019-03-14 15:30:19:49] <61335> debug:true
DEBUG	[2019-03-14 15:30:19:49] <61335> enctype:asym
DEBUG	[2019-03-14 15:30:19:49] <61335> admin:1111
DEBUG	[2019-03-14 15:30:19:49] <61335> checkopt:false
DEBUG	[2019-03-14 15:30:19:49] <61335> mid:obmms20151
DEBUG	[2019-03-14 15:30:19:49] <61335> price:11000
DEBUG	[2019-03-14 15:30:19:49] <61335> nointerest:no
DEBUG	[2019-03-14 15:30:19:49] <61335> quotabase:일시불
INFO	[2019-03-14 15:30:19:49] <61335> Check Field OK
INFO	[2019-03-14 15:30:19:50] <61335> MERCHANT PRIV KEY LOAD OK
INFO	[2019-03-14 15:30:19:50] <61335> MERCHANT PUB KEY LOAD OK []
INFO	[2019-03-14 15:30:19:51] <61335> CHKFAKE KEY MAKE OK:MjAxOTAzMTQxNTMwMTkwNTAxOTYwNw==

INFO	[2019-03-14 15:30:19:52] <61335> END chkfake  Laptime:[0.003sec]
INFO	[2019-03-14 15:30:19:52] <61335> ===============================================================
INFO	[2019-03-14 15:47:06:222] <10005> START INIPHP chkfake (V5036-141209)(OS:Linux3.10.0-862.11.6.el7.x86_64,PHP:5.5.17p1)
DEBUG	[2019-03-14 15:47:06:222] <10005> inipayhome:/home/hosting_users/ilearning3/www/inipay
DEBUG	[2019-03-14 15:47:06:222] <10005> type:chkfake
DEBUG	[2019-03-14 15:47:06:222] <10005> debug:true
DEBUG	[2019-03-14 15:47:06:222] <10005> enctype:asym
DEBUG	[2019-03-14 15:47:06:222] <10005> admin:1111
DEBUG	[2019-03-14 15:47:06:222] <10005> checkopt:false
DEBUG	[2019-03-14 15:47:06:222] <10005> mid:obmms20151
DEBUG	[2019-03-14 15:47:06:222] <10005> price:11000
DEBUG	[2019-03-14 15:47:06:222] <10005> nointerest:no
DEBUG	[2019-03-14 15:47:06:222] <10005> quotabase:일시불
INFO	[2019-03-14 15:47:06:222] <10005> Check Field OK
INFO	[2019-03-14 15:47:06:223] <10005> MERCHANT PRIV KEY LOAD OK
INFO	[2019-03-14 15:47:06:223] <10005> MERCHANT PUB KEY LOAD OK []
INFO	[2019-03-14 15:47:06:224] <10005> CHKFAKE KEY MAKE OK:MjAxOTAzMTQxNTQ3MDYyMjMxNjc1NQ==

INFO	[2019-03-14 15:47:06:225] <10005> END chkfake  Laptime:[0.003sec]
INFO	[2019-03-14 15:47:06:225] <10005> ===============================================================
