INFO	[2020-01-03 15:13:28:811] <29894> START INIPHP chkfake (V5036-141209)(OS:Linux2.6.18-274.3.1.el5,PHP:5.2.9)
DEBUG	[2020-01-03 15:13:28:828] <29894> inipayhome:/home/ilearning3/www/inipay
DEBUG	[2020-01-03 15:13:28:828] <29894> type:chkfake
DEBUG	[2020-01-03 15:13:28:828] <29894> debug:true
DEBUG	[2020-01-03 15:13:28:828] <29894> enctype:asym
DEBUG	[2020-01-03 15:13:28:828] <29894> admin:1111
DEBUG	[2020-01-03 15:13:28:828] <29894> checkopt:false
DEBUG	[2020-01-03 15:13:28:828] <29894> mid:obmms20151
DEBUG	[2020-01-03 15:13:28:828] <29894> price:11000
DEBUG	[2020-01-03 15:13:28:828] <29894> nointerest:no
DEBUG	[2020-01-03 15:13:28:828] <29894> quotabase:일시불:2개월:3개월:6개월:12개월
INFO	[2020-01-03 15:13:28:828] <29894> Check Field OK
INFO	[2020-01-03 15:13:28:876] <29894> MERCHANT PRIV KEY LOAD OK
INFO	[2020-01-03 15:13:28:908] <29894> MERCHANT PUB KEY LOAD OK []
INFO	[2020-01-03 15:13:28:910] <29894> CHKFAKE KEY MAKE OK:MjAyMDAxMDMxNTEzMjg5MDg5NTc3Mg==

INFO	[2020-01-03 15:13:28:910] <29894> END chkfake  Laptime:[0.11sec]
INFO	[2020-01-03 15:13:28:910] <29894> ===============================================================
INFO	[2020-01-03 15:13:43:35] <29894> START INIPHP chkfake (V5036-141209)(OS:Linux2.6.18-274.3.1.el5,PHP:5.2.9)
DEBUG	[2020-01-03 15:13:43:35] <29894> inipayhome:/home/ilearning3/www/inipay
DEBUG	[2020-01-03 15:13:43:35] <29894> type:chkfake
DEBUG	[2020-01-03 15:13:43:35] <29894> debug:true
DEBUG	[2020-01-03 15:13:43:35] <29894> enctype:asym
DEBUG	[2020-01-03 15:13:43:35] <29894> admin:1111
DEBUG	[2020-01-03 15:13:43:35] <29894> checkopt:false
DEBUG	[2020-01-03 15:13:43:35] <29894> mid:obmms20151
DEBUG	[2020-01-03 15:13:43:35] <29894> price:11000
DEBUG	[2020-01-03 15:13:43:35] <29894> nointerest:no
DEBUG	[2020-01-03 15:13:43:35] <29894> quotabase:일시불:2개월:3개월:6개월:12개월
INFO	[2020-01-03 15:13:43:35] <29894> Check Field OK
INFO	[2020-01-03 15:13:43:36] <29894> MERCHANT PRIV KEY LOAD OK
INFO	[2020-01-03 15:13:43:36] <29894> MERCHANT PUB KEY LOAD OK []
INFO	[2020-01-03 15:13:43:39] <29894> CHKFAKE KEY MAKE OK:MjAyMDAxMDMxNTEzNDMwMzY1NDYzNw==

INFO	[2020-01-03 15:13:43:39] <29894> END chkfake  Laptime:[0sec]
INFO	[2020-01-03 15:13:43:39] <29894> ===============================================================
INFO	[2020-01-03 15:14:14:521] <19800> START INIPHP chkfake (V5036-141209)(OS:Linux2.6.18-274.3.1.el5,PHP:5.2.9)
DEBUG	[2020-01-03 15:14:14:521] <19800> inipayhome:/home/ilearning3/www/inipay
DEBUG	[2020-01-03 15:14:14:521] <19800> type:chkfake
DEBUG	[2020-01-03 15:14:14:521] <19800> debug:true
DEBUG	[2020-01-03 15:14:14:521] <19800> enctype:asym
DEBUG	[2020-01-03 15:14:14:521] <19800> admin:1111
DEBUG	[2020-01-03 15:14:14:521] <19800> checkopt:false
DEBUG	[2020-01-03 15:14:14:521] <19800> mid:obmms20151
DEBUG	[2020-01-03 15:14:14:521] <19800> price:550000
DEBUG	[2020-01-03 15:14:14:521] <19800> nointerest:no
DEBUG	[2020-01-03 15:14:14:521] <19800> quotabase:일시불:2개월:3개월:6개월:12개월
INFO	[2020-01-03 15:14:14:521] <19800> Check Field OK
INFO	[2020-01-03 15:14:14:522] <19800> MERCHANT PRIV KEY LOAD OK
INFO	[2020-01-03 15:14:14:522] <19800> MERCHANT PUB KEY LOAD OK []
INFO	[2020-01-03 15:14:14:525] <19800> CHKFAKE KEY MAKE OK:MjAyMDAxMDMxNTE0MTQ1MjIzOTQ4MQ==

INFO	[2020-01-03 15:14:14:525] <19800> END chkfake  Laptime:[0.01sec]
INFO	[2020-01-03 15:14:14:525] <19800> ===============================================================
