INFO	[2020-01-02 11:26:14:202] <15559> START INIPHP chkfake (V5036-141209)(OS:Linux2.6.18-274.3.1.el5,PHP:5.2.9)
DEBUG	[2020-01-02 11:26:14:221] <15559> inipayhome:/home/ilearning3/www/inipay
DEBUG	[2020-01-02 11:26:14:221] <15559> type:chkfake
DEBUG	[2020-01-02 11:26:14:221] <15559> debug:true
DEBUG	[2020-01-02 11:26:14:221] <15559> enctype:asym
DEBUG	[2020-01-02 11:26:14:221] <15559> admin:1111
DEBUG	[2020-01-02 11:26:14:221] <15559> checkopt:false
DEBUG	[2020-01-02 11:26:14:221] <15559> mid:obmms20151
DEBUG	[2020-01-02 11:26:14:221] <15559> price:11000
DEBUG	[2020-01-02 11:26:14:221] <15559> nointerest:no
DEBUG	[2020-01-02 11:26:14:221] <15559> quotabase:일시불:2개월:3개월:6개월:12개월
INFO	[2020-01-02 11:26:14:221] <15559> Check Field OK
INFO	[2020-01-02 11:26:14:264] <15559> MERCHANT PRIV KEY LOAD OK
INFO	[2020-01-02 11:26:14:277] <15559> MERCHANT PUB KEY LOAD OK []
INFO	[2020-01-02 11:26:14:293] <15559> CHKFAKE KEY MAKE OK:MjAyMDAxMDIxMTI2MTQyNzczNDQ3NQ==

INFO	[2020-01-02 11:26:14:293] <15559> END chkfake  Laptime:[0.09sec]
INFO	[2020-01-02 11:26:14:293] <15559> ===============================================================
INFO	[2020-01-02 11:28:17:240] <32219> START INIPHP chkfake (V5036-141209)(OS:Linux2.6.18-274.3.1.el5,PHP:5.2.9)
DEBUG	[2020-01-02 11:28:17:240] <32219> inipayhome:/home/ilearning3/www/inipay
DEBUG	[2020-01-02 11:28:17:240] <32219> type:chkfake
DEBUG	[2020-01-02 11:28:17:240] <32219> debug:true
DEBUG	[2020-01-02 11:28:17:240] <32219> enctype:asym
DEBUG	[2020-01-02 11:28:17:240] <32219> admin:1111
DEBUG	[2020-01-02 11:28:17:240] <32219> checkopt:false
DEBUG	[2020-01-02 11:28:17:240] <32219> mid:obmms20151
DEBUG	[2020-01-02 11:28:17:240] <32219> price:550000
DEBUG	[2020-01-02 11:28:17:240] <32219> nointerest:no
DEBUG	[2020-01-02 11:28:17:240] <32219> quotabase:일시불:2개월:3개월:6개월:12개월
INFO	[2020-01-02 11:28:17:241] <32219> Check Field OK
INFO	[2020-01-02 11:28:17:241] <32219> MERCHANT PRIV KEY LOAD OK
INFO	[2020-01-02 11:28:17:241] <32219> MERCHANT PUB KEY LOAD OK []
INFO	[2020-01-02 11:28:17:242] <32219> CHKFAKE KEY MAKE OK:MjAyMDAxMDIxMTI4MTcyNDE1ODQ4OA==

INFO	[2020-01-02 11:28:17:243] <32219> END chkfake  Laptime:[0sec]
INFO	[2020-01-02 11:28:17:243] <32219> ===============================================================
INFO	[2020-01-02 11:35:18:353] <15583> START INIPHP chkfake (V5036-141209)(OS:Linux2.6.18-274.3.1.el5,PHP:5.2.9)
DEBUG	[2020-01-02 11:35:18:353] <15583> inipayhome:/home/ilearning3/www/inipay
DEBUG	[2020-01-02 11:35:18:353] <15583> type:chkfake
DEBUG	[2020-01-02 11:35:18:353] <15583> debug:true
DEBUG	[2020-01-02 11:35:18:353] <15583> enctype:asym
DEBUG	[2020-01-02 11:35:18:353] <15583> admin:1111
DEBUG	[2020-01-02 11:35:18:353] <15583> checkopt:false
DEBUG	[2020-01-02 11:35:18:353] <15583> mid:obmms20151
DEBUG	[2020-01-02 11:35:18:353] <15583> price:11000
DEBUG	[2020-01-02 11:35:18:353] <15583> nointerest:no
DEBUG	[2020-01-02 11:35:18:353] <15583> quotabase:일시불:2개월:3개월:6개월:12개월
INFO	[2020-01-02 11:35:18:353] <15583> Check Field OK
INFO	[2020-01-02 11:35:18:353] <15583> MERCHANT PRIV KEY LOAD OK
INFO	[2020-01-02 11:35:18:354] <15583> MERCHANT PUB KEY LOAD OK []
INFO	[2020-01-02 11:35:18:356] <15583> CHKFAKE KEY MAKE OK:MjAyMDAxMDIxMTM1MTgzNTQ4MDA5Mg==

INFO	[2020-01-02 11:35:18:356] <15583> END chkfake  Laptime:[0.01sec]
INFO	[2020-01-02 11:35:18:356] <15583> ===============================================================
INFO	[2020-01-02 11:36:06:227] <24904> START INIPHP chkfake (V5036-141209)(OS:Linux2.6.18-274.3.1.el5,PHP:5.2.9)
DEBUG	[2020-01-02 11:36:06:227] <24904> inipayhome:/home/ilearning3/www/inipay
DEBUG	[2020-01-02 11:36:06:227] <24904> type:chkfake
DEBUG	[2020-01-02 11:36:06:227] <24904> debug:true
DEBUG	[2020-01-02 11:36:06:227] <24904> enctype:asym
DEBUG	[2020-01-02 11:36:06:227] <24904> admin:1111
DEBUG	[2020-01-02 11:36:06:227] <24904> checkopt:false
DEBUG	[2020-01-02 11:36:06:227] <24904> mid:obmms20151
DEBUG	[2020-01-02 11:36:06:227] <24904> price:11000
DEBUG	[2020-01-02 11:36:06:227] <24904> nointerest:no
DEBUG	[2020-01-02 11:36:06:227] <24904> quotabase:일시불:2개월:3개월:6개월:12개월
INFO	[2020-01-02 11:36:06:227] <24904> Check Field OK
INFO	[2020-01-02 11:36:06:228] <24904> MERCHANT PRIV KEY LOAD OK
INFO	[2020-01-02 11:36:06:228] <24904> MERCHANT PUB KEY LOAD OK []
INFO	[2020-01-02 11:36:06:230] <24904> CHKFAKE KEY MAKE OK:MjAyMDAxMDIxMTM2MDYyMjg5NjM5MA==

INFO	[2020-01-02 11:36:06:231] <24904> END chkfake  Laptime:[0sec]
INFO	[2020-01-02 11:36:06:231] <24904> ===============================================================
