INFO	[2019-09-23 13:41:01:941] <13246> START INIPHP chkfake (V5036-141209)(OS:Linux2.6.18-274.3.1.el5,PHP:5.2.9)
DEBUG	[2019-09-23 13:41:01:958] <13246> inipayhome:/home/ilearning3/www/inipay
DEBUG	[2019-09-23 13:41:01:958] <13246> type:chkfake
DEBUG	[2019-09-23 13:41:01:958] <13246> debug:true
DEBUG	[2019-09-23 13:41:01:958] <13246> enctype:asym
DEBUG	[2019-09-23 13:41:01:958] <13246> admin:1111
DEBUG	[2019-09-23 13:41:01:958] <13246> checkopt:false
DEBUG	[2019-09-23 13:41:01:958] <13246> mid:obmms20151
DEBUG	[2019-09-23 13:41:01:958] <13246> price:11000
DEBUG	[2019-09-23 13:41:01:958] <13246> nointerest:no
DEBUG	[2019-09-23 13:41:01:958] <13246> quotabase:일시불:2개월:3개월:6개월:12개월
INFO	[2019-09-23 13:41:01:958] <13246> Check Field OK
INFO	[2019-09-23 13:41:01:992] <13246> MERCHANT PRIV KEY LOAD OK
INFO	[2019-09-23 13:41:02:29] <13246> MERCHANT PUB KEY LOAD OK []
INFO	[2019-09-23 13:41:02:46] <13246> CHKFAKE KEY MAKE OK:MjAxOTA5MjMxMzQxMDIwMjkxMDU1NA==

INFO	[2019-09-23 13:41:02:46] <13246> END chkfake  Laptime:[0.12sec]
INFO	[2019-09-23 13:41:02:46] <13246> ===============================================================
INFO	[2019-09-23 13:41:18:303] <13246> START INIPHP chkfake (V5036-141209)(OS:Linux2.6.18-274.3.1.el5,PHP:5.2.9)
DEBUG	[2019-09-23 13:41:18:303] <13246> inipayhome:/home/ilearning3/www/inipay
DEBUG	[2019-09-23 13:41:18:303] <13246> type:chkfake
DEBUG	[2019-09-23 13:41:18:303] <13246> debug:true
DEBUG	[2019-09-23 13:41:18:303] <13246> enctype:asym
DEBUG	[2019-09-23 13:41:18:303] <13246> admin:1111
DEBUG	[2019-09-23 13:41:18:303] <13246> checkopt:false
DEBUG	[2019-09-23 13:41:18:303] <13246> mid:obmms20151
DEBUG	[2019-09-23 13:41:18:303] <13246> price:11000
DEBUG	[2019-09-23 13:41:18:303] <13246> nointerest:no
DEBUG	[2019-09-23 13:41:18:303] <13246> quotabase:일시불:2개월:3개월:6개월:12개월
INFO	[2019-09-23 13:41:18:303] <13246> Check Field OK
INFO	[2019-09-23 13:41:18:304] <13246> MERCHANT PRIV KEY LOAD OK
INFO	[2019-09-23 13:41:18:304] <13246> MERCHANT PUB KEY LOAD OK []
INFO	[2019-09-23 13:41:18:305] <13246> CHKFAKE KEY MAKE OK:MjAxOTA5MjMxMzQxMTgzMDQ4MTY4MA==

INFO	[2019-09-23 13:41:18:305] <13246> END chkfake  Laptime:[0.01sec]
INFO	[2019-09-23 13:41:18:305] <13246> ===============================================================
INFO	[2019-09-23 13:41:43:274] <25129> START INIPHP chkfake (V5036-141209)(OS:Linux2.6.18-274.3.1.el5,PHP:5.2.9)
DEBUG	[2019-09-23 13:41:43:274] <25129> inipayhome:/home/ilearning3/www/inipay
DEBUG	[2019-09-23 13:41:43:274] <25129> type:chkfake
DEBUG	[2019-09-23 13:41:43:274] <25129> debug:true
DEBUG	[2019-09-23 13:41:43:274] <25129> enctype:asym
DEBUG	[2019-09-23 13:41:43:274] <25129> admin:1111
DEBUG	[2019-09-23 13:41:43:274] <25129> checkopt:false
DEBUG	[2019-09-23 13:41:43:274] <25129> mid:obmms20151
DEBUG	[2019-09-23 13:41:43:274] <25129> price:11000
DEBUG	[2019-09-23 13:41:43:274] <25129> nointerest:no
DEBUG	[2019-09-23 13:41:43:274] <25129> quotabase:일시불:2개월:3개월:6개월:12개월
INFO	[2019-09-23 13:41:43:274] <25129> Check Field OK
INFO	[2019-09-23 13:41:43:274] <25129> MERCHANT PRIV KEY LOAD OK
INFO	[2019-09-23 13:41:43:274] <25129> MERCHANT PUB KEY LOAD OK []
INFO	[2019-09-23 13:41:43:276] <25129> CHKFAKE KEY MAKE OK:MjAxOTA5MjMxMzQxNDMyNzQ5ODc2MA==

INFO	[2019-09-23 13:41:43:276] <25129> END chkfake  Laptime:[0.01sec]
INFO	[2019-09-23 13:41:43:276] <25129> ===============================================================
INFO	[2019-09-23 13:42:01:951] <25713> START INIPHP chkfake (V5036-141209)(OS:Linux2.6.18-274.3.1.el5,PHP:5.2.9)
DEBUG	[2019-09-23 13:42:01:951] <25713> inipayhome:/home/ilearning3/www/inipay
DEBUG	[2019-09-23 13:42:01:951] <25713> type:chkfake
DEBUG	[2019-09-23 13:42:01:951] <25713> debug:true
DEBUG	[2019-09-23 13:42:01:951] <25713> enctype:asym
DEBUG	[2019-09-23 13:42:01:951] <25713> admin:1111
DEBUG	[2019-09-23 13:42:01:951] <25713> checkopt:false
DEBUG	[2019-09-23 13:42:01:951] <25713> mid:obmms20151
DEBUG	[2019-09-23 13:42:01:951] <25713> price:11000
DEBUG	[2019-09-23 13:42:01:951] <25713> nointerest:no
DEBUG	[2019-09-23 13:42:01:951] <25713> quotabase:일시불:2개월:3개월:6개월:12개월
INFO	[2019-09-23 13:42:01:952] <25713> Check Field OK
INFO	[2019-09-23 13:42:01:952] <25713> MERCHANT PRIV KEY LOAD OK
INFO	[2019-09-23 13:42:01:952] <25713> MERCHANT PUB KEY LOAD OK []
INFO	[2019-09-23 13:42:01:953] <25713> CHKFAKE KEY MAKE OK:MjAxOTA5MjMxMzQyMDE5NTI3ODI1NQ==

INFO	[2019-09-23 13:42:01:954] <25713> END chkfake  Laptime:[0sec]
INFO	[2019-09-23 13:42:01:954] <25713> ===============================================================
INFO	[2019-09-23 13:44:18:702] <30403> START INIPHP chkfake (V5036-141209)(OS:Linux2.6.18-274.3.1.el5,PHP:5.2.9)
DEBUG	[2019-09-23 13:44:18:702] <30403> inipayhome:/home/ilearning3/www/inipay
DEBUG	[2019-09-23 13:44:18:702] <30403> type:chkfake
DEBUG	[2019-09-23 13:44:18:702] <30403> debug:true
DEBUG	[2019-09-23 13:44:18:702] <30403> enctype:asym
DEBUG	[2019-09-23 13:44:18:702] <30403> admin:1111
DEBUG	[2019-09-23 13:44:18:702] <30403> checkopt:false
DEBUG	[2019-09-23 13:44:18:702] <30403> mid:obmms20151
DEBUG	[2019-09-23 13:44:18:702] <30403> price:11000
DEBUG	[2019-09-23 13:44:18:702] <30403> nointerest:no
DEBUG	[2019-09-23 13:44:18:702] <30403> quotabase:일시불:2개월:3개월:6개월:12개월
INFO	[2019-09-23 13:44:18:703] <30403> Check Field OK
INFO	[2019-09-23 13:44:18:703] <30403> MERCHANT PRIV KEY LOAD OK
INFO	[2019-09-23 13:44:18:704] <30403> MERCHANT PUB KEY LOAD OK []
INFO	[2019-09-23 13:44:18:706] <30403> CHKFAKE KEY MAKE OK:MjAxOTA5MjMxMzQ0MTg3MDQxMjc2OA==

INFO	[2019-09-23 13:44:18:706] <30403> END chkfake  Laptime:[0.01sec]
INFO	[2019-09-23 13:44:18:706] <30403> ===============================================================
INFO	[2019-09-23 13:46:21:200] <30415> START INIPHP chkfake (V5036-141209)(OS:Linux2.6.18-274.3.1.el5,PHP:5.2.9)
DEBUG	[2019-09-23 13:46:21:200] <30415> inipayhome:/home/ilearning3/www/inipay
DEBUG	[2019-09-23 13:46:21:200] <30415> type:chkfake
DEBUG	[2019-09-23 13:46:21:200] <30415> debug:true
DEBUG	[2019-09-23 13:46:21:200] <30415> enctype:asym
DEBUG	[2019-09-23 13:46:21:200] <30415> admin:1111
DEBUG	[2019-09-23 13:46:21:200] <30415> checkopt:false
DEBUG	[2019-09-23 13:46:21:200] <30415> mid:obmms20151
DEBUG	[2019-09-23 13:46:21:200] <30415> price:11000
DEBUG	[2019-09-23 13:46:21:200] <30415> nointerest:no
DEBUG	[2019-09-23 13:46:21:200] <30415> quotabase:일시불:2개월:3개월:6개월:12개월
INFO	[2019-09-23 13:46:21:200] <30415> Check Field OK
INFO	[2019-09-23 13:46:21:201] <30415> MERCHANT PRIV KEY LOAD OK
INFO	[2019-09-23 13:46:21:201] <30415> MERCHANT PUB KEY LOAD OK []
INFO	[2019-09-23 13:46:21:204] <30415> CHKFAKE KEY MAKE OK:MjAxOTA5MjMxMzQ2MjEyMDE2MzIyNQ==

INFO	[2019-09-23 13:46:21:204] <30415> END chkfake  Laptime:[0sec]
INFO	[2019-09-23 13:46:21:204] <30415> ===============================================================
INFO	[2019-09-23 13:49:30:194] <26719> START INIPHP chkfake (V5036-141209)(OS:Linux2.6.18-274.3.1.el5,PHP:5.2.9)
DEBUG	[2019-09-23 13:49:30:194] <26719> inipayhome:/home/ilearning3/www/inipay
DEBUG	[2019-09-23 13:49:30:194] <26719> type:chkfake
DEBUG	[2019-09-23 13:49:30:194] <26719> debug:true
DEBUG	[2019-09-23 13:49:30:194] <26719> enctype:asym
DEBUG	[2019-09-23 13:49:30:194] <26719> admin:1111
DEBUG	[2019-09-23 13:49:30:194] <26719> checkopt:false
DEBUG	[2019-09-23 13:49:30:194] <26719> mid:obmms20151
DEBUG	[2019-09-23 13:49:30:194] <26719> price:11000
DEBUG	[2019-09-23 13:49:30:194] <26719> nointerest:no
DEBUG	[2019-09-23 13:49:30:194] <26719> quotabase:일시불:2개월:3개월:6개월:12개월
INFO	[2019-09-23 13:49:30:194] <26719> Check Field OK
INFO	[2019-09-23 13:49:30:194] <26719> MERCHANT PRIV KEY LOAD OK
INFO	[2019-09-23 13:49:30:195] <26719> MERCHANT PUB KEY LOAD OK []
INFO	[2019-09-23 13:49:30:196] <26719> CHKFAKE KEY MAKE OK:MjAxOTA5MjMxMzQ5MzAxOTU1NDY1NA==

INFO	[2019-09-23 13:49:30:196] <26719> END chkfake  Laptime:[0.01sec]
INFO	[2019-09-23 13:49:30:196] <26719> ===============================================================
