INFO	[2018-06-11 13:33:02:529] <134693> START INIPHP chkfake (V5036-141209)(OS:Linux2.6.32-696.18.7.el6.x86_64,PHP:5.5.17p1)
DEBUG	[2018-06-11 13:33:02:529] <134693> inipayhome:/home/hosting_users/ilearning3/www/inipay
DEBUG	[2018-06-11 13:33:02:529] <134693> type:chkfake
DEBUG	[2018-06-11 13:33:02:529] <134693> debug:true
DEBUG	[2018-06-11 13:33:02:529] <134693> enctype:asym
DEBUG	[2018-06-11 13:33:02:529] <134693> admin:1111
DEBUG	[2018-06-11 13:33:02:529] <134693> checkopt:false
DEBUG	[2018-06-11 13:33:02:529] <134693> mid:obmms20151
DEBUG	[2018-06-11 13:33:02:529] <134693> price:11000
DEBUG	[2018-06-11 13:33:02:529] <134693> nointerest:no
DEBUG	[2018-06-11 13:33:02:529] <134693> quotabase:ÏÑ†ÌÉù:ÏùºÏãúÎ∂à:2Í∞úÏõî:3Í∞úÏõî:6Í∞úÏõî
INFO	[2018-06-11 13:33:02:529] <134693> Check Field OK
INFO	[2018-06-11 13:33:02:546] <134693> MERCHANT PRIV KEY LOAD OK
INFO	[2018-06-11 13:33:02:554] <134693> MERCHANT PUB KEY LOAD OK []
INFO	[2018-06-11 13:33:02:556] <134693> CHKFAKE KEY MAKE OK:MjAxODA2MTExMzMzMDI1NTQzNzA2MQ==

INFO	[2018-06-11 13:33:02:556] <134693> END chkfake  Laptime:[0.028sec]
INFO	[2018-06-11 13:33:02:556] <134693> ===============================================================
INFO	[2018-06-11 17:55:53:293] <75263> START INIPHP chkfake (V5036-141209)(OS:Linux2.6.32-696.18.7.el6.x86_64,PHP:5.5.17p1)
DEBUG	[2018-06-11 17:55:53:293] <75263> inipayhome:/home/hosting_users/ilearning3/www/inipay
DEBUG	[2018-06-11 17:55:53:293] <75263> type:chkfake
DEBUG	[2018-06-11 17:55:53:293] <75263> debug:true
DEBUG	[2018-06-11 17:55:53:293] <75263> enctype:asym
DEBUG	[2018-06-11 17:55:53:293] <75263> admin:1111
DEBUG	[2018-06-11 17:55:53:293] <75263> checkopt:false
DEBUG	[2018-06-11 17:55:53:293] <75263> mid:obmms20151
DEBUG	[2018-06-11 17:55:53:293] <75263> price:11000
DEBUG	[2018-06-11 17:55:53:293] <75263> nointerest:no
DEBUG	[2018-06-11 17:55:53:293] <75263> quotabase:ÏÑ†ÌÉù:ÏùºÏãúÎ∂à:2Í∞úÏõî:3Í∞úÏõî:6Í∞úÏõî
INFO	[2018-06-11 17:55:53:293] <75263> Check Field OK
INFO	[2018-06-11 17:55:53:303] <75263> MERCHANT PRIV KEY LOAD OK
INFO	[2018-06-11 17:55:53:381] <75263> MERCHANT PUB KEY LOAD OK []
INFO	[2018-06-11 17:55:53:383] <75263> CHKFAKE KEY MAKE OK:MjAxODA2MTExNzU1NTMzODE5Mjk0Ng==

INFO	[2018-06-11 17:55:53:383] <75263> END chkfake  Laptime:[0.09sec]
INFO	[2018-06-11 17:55:53:383] <75263> ===============================================================
INFO	[2018-06-11 17:56:59:257] <120475> START INIPHP securepay (V5036-141209)(OS:Linux2.6.32-696.18.7.el6.x86_64,PHP:5.5.17p1)
DEBUG	[2018-06-11 17:56:59:257] <120475> inipayhome:/home/hosting_users/ilearning3/www/inipay
DEBUG	[2018-06-11 17:56:59:257] <120475> type:securepay
DEBUG	[2018-06-11 17:56:59:257] <120475> pgid:INIphpISP_
DEBUG	[2018-06-11 17:56:59:257] <120475> subpgip:203.238.3.10
DEBUG	[2018-06-11 17:56:59:257] <120475> admin:1111
DEBUG	[2018-06-11 17:56:59:257] <120475> debug:true
DEBUG	[2018-06-11 17:56:59:257] <120475> uid:
DEBUG	[2018-06-11 17:56:59:257] <120475> goodname:ø¬∏Æø¯πÆ¿⁄ - 1∞≥ø˘±‚∞£ 
DEBUG	[2018-06-11 17:56:59:257] <120475> currency:WON
DEBUG	[2018-06-11 17:56:59:257] <120475> mid:obmms20151
DEBUG	[2018-06-11 17:56:59:257] <120475> rn:MjAxODA2MTExNzU1NTMzODE5Mjk0Ng==

DEBUG	[2018-06-11 17:56:59:257] <120475> price:11000
DEBUG	[2018-06-11 17:56:59:257] <120475> enctype:
DEBUG	[2018-06-11 17:56:59:257] <120475> buyername:180611
DEBUG	[2018-06-11 17:56:59:257] <120475> buyertel:010-3230-4818
DEBUG	[2018-06-11 17:56:59:257] <120475> buyeremail:1pagebook@naver.com
DEBUG	[2018-06-11 17:56:59:257] <120475> paymethod:VCard
DEBUG	[2018-06-11 17:56:59:257] <120475> encrypted:Version=4.1&PayMethod=VCard&RsaKeyNum=1&EncryptionAlgorithm=NONE&SignAlgorithm=SHA1WithRSAEncryption&CertVer=39&moid=11781_180611055553&ver_trace=main(6109,6065)vcard(6114)card(6182,6156)n(6009)Cs(6025)Dt(6002)Pa(6002)Cf(6025)Fv(0000)La(6183)Re(6135)Vr(6008)P(6034)en(6069)&pg1=203.238.37.3&pg2=211.219.96.180&pg1ip=203.238.37.3&pg2ip=211.219.96.180&agreeflag=1111&rn=3/jEtW8/AExd6hiA290LRpK7tqBxnBLb62QIMLWkizo=
&VCode=040100202282641&VQuota=00&VNoint=0&ip=192.168.0.120&mac=484520815DDA&cardpoint=9&custemail=1pagebook@naver.com&price=4uDsrkVGcE8gjm3e9sgrB7OBpLxSv2re
&below1000=0&encisp=0&pgnoint=0&VKBPoint=&VSessionKey=AL0AvQQzF2qJUfC3EoUT7EBWi6TQeLwQa7PFKefNGmpSv39%2bYbTVmyN%2fpvvVjsF%2f%0d%0azlffQsIXqBeBTlMhi%2f4Rp7jnvdjPQQy1LhaZMpgeyMfd1z6FQoijjwvQw0lFWJ3d%0d%0auwFmsdVLN66loSUSWYdh%2ftjhQTORn%2f4pOr0EN8fpdj0%3d%0d%0a&Data=Version%3d1.0%26KeyFlag%3d1%26KeyNum%3d1%26EncryptAlgorithm%3dSEED%2dCBC%26SignAlgorithm%3d%26Data%3dz3k%252bWpM%252bzfo%252bVqmAeWkPuiXTSfda3v463pwIOBFaq9vDRXuC3KSlOrf6tTt2CFWF%250aMTXB%252bXlZmnrKVeGLqVPcDtSDou0X43DW8kfj9UJ4dP0%253d%250a%26PubCert%3d%26PluginVer%3d5058%26eISPVer%3d2107&FDS_TransKey=6BC93F50045747e78694F6326C48E247&FDS_SVCType=010100&FDS_CheckResult=T&KCare_Code=&KCare_Price=0&ts=180611175659DayKEQbGgSHphnLCDDaYGA001006&src_flg=0&OSv=IE11_Win10 6.03.9600 Home Edition_64B (GSCDN) (notray:J) [obmms20151] (61_secuni_npapi)&ip2=211.176.129.211
DEBUG	[2018-06-11 17:56:59:257] <120475> sessionkey:VCard
DEBUG	[2018-06-11 17:56:59:257] <120475> url:http://www.obmms.net
DEBUG	[2018-06-11 17:56:59:257] <120475> cardcode:11
DEBUG	[2018-06-11 17:56:59:257] <120475> parentemail:abc@freechal.com
DEBUG	[2018-06-11 17:56:59:257] <120475> recvname:
DEBUG	[2018-06-11 17:56:59:257] <120475> recvtel:
DEBUG	[2018-06-11 17:56:59:257] <120475> recvaddr:
DEBUG	[2018-06-11 17:56:59:257] <120475> recvpostnum:
DEBUG	[2018-06-11 17:56:59:257] <120475> recvmsg:
DEBUG	[2018-06-11 17:56:59:257] <120475> joincard:
DEBUG	[2018-06-11 17:56:59:257] <120475> joinexpire:
DEBUG	[2018-06-11 17:56:59:257] <120475> id_customer:
INFO	[2018-06-11 17:56:59:257] <120475> Check Field OK
INFO	[2018-06-11 17:56:59:257] <120475> Make TID OK INIphpISP_obmms2015120180611175659571647
INFO	[2018-06-11 17:56:59:257] <120475> PI PUB KEY LOAD OK [39]
INFO	[2018-06-11 17:56:59:258] <120475> PG PUB KEY LOAD OK [30]
INFO	[2018-06-11 17:56:59:258] <120475> MERCHANT PRIV KEY LOAD OK
INFO	[2018-06-11 17:56:59:258] <120475> MERCHANT PUB KEY LOAD OK [0]
INFO	[2018-06-11 17:56:59:259] <120475> MAKE BODY OK
INFO	[2018-06-11 17:56:59:259] <120475> SIGN OK
INFO	[2018-06-11 17:56:59:259] <120475> MAKE HEAD OK
INFO	[2018-06-11 17:56:59:259] <120475> MSG_TO_PG:[0305400175R SHA1                   0                  39                  300200obmms20151               11000INIphpISP_obmms2015120180611175659571647<?xml version="1.0" encoding="UTF-8"?>
<INIpay>
	  <GoodsInfo>
	    <GoodsCnt>1</GoodsCnt>
	    <MOID/>
	    <Currency>WON</Currency>
	    <Tax/>
	    <TaxFree/>
	    <Goods>
	      <SMID>obmms20151</SMID>
	      <GoodsName urlencode="1">%BF%C2%B8%AE%BF%F8%B9%AE%C0%DA+-+1%B0%B3%BF%F9%B1%E2%B0%A3+</GoodsName>
	      <GoodsPrice>11000</GoodsPrice></Goods></GoodsInfo>
	  <BuyerInfo>
	    <BuyerName urlencode="1">180611</BuyerName>
	    <BuyerTel>010-3230-4818</BuyerTel>
	    <BuyerEmail urlencode="1">1pagebook%40naver.com</BuyerEmail>
	    <ParentEmail urlencode="1">abc%40freechal.com</ParentEmail>
	    <RecvName/>
	    <RecvTel/>
	    <RecvMsg/>
	    <RecvAddr/>
	    <RecvPostNum/></BuyerInfo>
	  <PaymentInfo>
	    <Payment>
	      <PayMethod>VCard</PayMethod>
	      <JoinCard/>
	      <JoinExpire/>
	      <MailOrder/>
	      <SessionKey>VCard</SessionKey>
	      <Encrypted urlencode="1">Version%3D4.1%26PayMethod%3DVCard%26RsaKeyNum%3D1%26EncryptionAlgorithm%3DNONE%26SignAlgorithm%3DSHA1WithRSAEncryption%26CertVer%3D39%26moid%3D11781_180611055553%26ver_trace%3Dmain%286109%2C6065%29vcard%286114%29card%286182%2C6156%29n%286009%29Cs%286025%29Dt%286002%29Pa%286002%29Cf%286025%29Fv%280000%29La%286183%29Re%286135%29Vr%286008%29P%286034%29en%286069%29%26pg1%3D203.238.37.3%26pg2%3D211.219.96.180%26pg1ip%3D203.238.37.3%26pg2ip%3D211.219.96.180%26agreeflag%3D1111%26rn%3D3%2FjEtW8%2FAExd6hiA290LRpK7tqBxnBLb62QIMLWkizo%3D%0D%0A%26VCode%3D040100202282641%26VQuota%3D00%26VNoint%3D0%26ip%3D192.168.0.120%26mac%3D484520815DDA%26cardpoint%3D9%26custemail%3D1pagebook%40naver.com%26price%3D4uDsrkVGcE8gjm3e9sgrB7OBpLxSv2re%0D%0A%26below1000%3D0%26encisp%3D0%26pgnoint%3D0%26VKBPoint%3D%26VSessionKey%3DAL0AvQQzF2qJUfC3EoUT7EBWi6TQeLwQa7PFKefNGmpSv39%252bYbTVmyN%252fpvvVjsF%252f%250d%250azlffQsIXqBeBTlMhi%252f4Rp7jnvdjPQQy1LhaZMpgeyMfd1z6FQoijjwvQw0lFWJ3d%250d%250auwFmsdVLN66loSUSWYdh%252ftjhQTORn%252f4pOr0EN8fpdj0%253d%250d%250a%26Data%3DVersion%253d1.0%2526KeyFlag%253d1%2526KeyNum%253d1%2526EncryptAlgorithm%253dSEED%252dCBC%2526SignAlgorithm%253d%2526Data%253dz3k%25252bWpM%25252bzfo%25252bVqmAeWkPuiXTSfda3v463pwIOBFaq9vDRXuC3KSlOrf6tTt2CFWF%25250aMTXB%25252bXlZmnrKVeGLqVPcDtSDou0X43DW8kfj9UJ4dP0%25253d%25250a%2526PubCert%253d%2526PluginVer%253d5058%2526eISPVer%253d2107%26FDS_TransKey%3D6BC93F50045747e78694F6326C48E247%26FDS_SVCType%3D010100%26FDS_CheckResult%3DT%26KCare_Code%3D%26KCare_Price%3D0%26ts%3D180611175659DayKEQbGgSHphnLCDDaYGA001006%26src_flg%3D0%26OSv%3DIE11_Win10+6.03.9600+Home+Edition_64B+%28GSCDN%29+%28notray%3AJ%29+%5Bobmms20151%5D+%2861_secuni_npapi%29%26ip2%3D211.176.129.211</Encrypted></Payment></PaymentInfo>
	  <ReservedInfo>
	    <MReserved1/>
	    <MReserved2/>
	    <MReserved3/></ReservedInfo>
	  <ManageInfo>
	    <Language/>
	    <URL urlencode="1">http%3A%2F%2Fwww.obmms.net</URL>
	    <TXVersion>5036B141209securLinux     PHPchkfake   2.6.32-696.18.7.el6.x86_64PHP:</TXVersion>
	    <TXUserID/>
	    <TXRegNum/>
	    <Ack>1</Ack>
	    <TXRN>MjAxODA2MTExNzU1NTMzODE5Mjk0Ng==
</TXRN></ManageInfo></INIpay>AQbhf96iRK1limln19Jne7cUdUUI8snOR5hh2ZXtRNJuxhOpI6z/eElVKuHf77hq
zLULESYf8lZ7Xkofq5RbyilbN/u1CnLThbBxwMgjvjabeYnknOHyCoqI4fdV7TKt
byjWRxCPd3ewtmBgQeh/Ft1kL+MD0pn3PNnpl10CIQoP
]
INFO	[2018-06-11 17:56:59:352] <120475> DNS LOOKUP OK(203.238.37.3:203.238.37.3:34049) laptime:0
INFO	[2018-06-11 17:56:59:353] <120475> SOCKET CONNECT OK
INFO	[2018-06-11 17:56:59:353] <120475> SEND OK
INFO	[2018-06-11 17:57:00:715] <120475> RECV OK
INFO	[2018-06-11 17:57:00:715] <120475> MSG_FROM_PG:[0282100175D SHA1                   0                  39                  300210obmms20151               11000INIphpISP_obmms2015120180611175659571647<?xml version="1.0" encoding="UTF-8"?>
<INIpay>
  <GoodsInfo>
    <GoodsCnt>1</GoodsCnt>
    <MOID urlencode="1">11781_180611055553</MOID>
    <Currency>WON</Currency>
    <Goods no="1">
      <SMID>obmms20151</SMID>
      <GoodsName urlencode="1">%BF%C2%B8%AE%BF%F8%B9%AE%C0%DA+-+1%B0%B3%BF%F9%B1%E2%B0%A3+</GoodsName>
      <GoodsCntS>1</GoodsCntS>
      <GoodsPrice>11000</GoodsPrice>
    </Goods>
  </GoodsInfo>
  <PaymentInfo>
    <Payment>
      <SessionKey>AQSCFj12OUCezrUqhGI+RZCE4s/PolDSDhyAi4eJpeoQ78ZjBmuuRWwIz4hYXPl/
+e/Q0gIOFpZAHhQ9zcQzW/LBAzAimrShDkvnS5VUNMOkYYoiuGLYk9UD4Gtl73kx
OaJf5QLXv06VjfAwyGLsnpgggmCdVoImUobvVXQxhKddyzDFc+v6rOw=
</SessionKey>
      <Encrypted>AB0sfVr3IyDW/QtPMNFs1KkTCENSl7lGBmiz0zZ9co+e+t/yLoLdsyovcv4ciJd/
E/2ZXzrEtv3mr4hk4b0vaa61c5WdMkxLcTlbGCgpTax/n/tqZRyMu0P1a5GSWOxw
EZyAlUON247PmQdxWJNWemELNkWchAMXYMi0WSTjO3n8FTDyDsYt66EGkZzs2/K4
sHVo8nIkJSLoYviuxC/DeBNVg2195PfNaOc7HtAp1z9k+UUADi1nonBRaIe8tf8G
JxogjBmx9GpkaegAmiAS1jxeVsDhMb3dq8DOCVmO4s4c4SueMS6a1A43vgMGUcvb
q4CjUQmMpftYZmRPJcN6V+gWulIfjjnPeJrLFIMP7zhZg7QblU4ihl7m8cmjnfB5
xDhrYLawFhoz6MHXMZwLpcg5mxFS7kheBaWcSJqOTk6VsfS6jmjQiaO/npgdKoNQ
ccOycXhKL/iAfamx2+VlUCN5nsCegG0raQZYfwRYHxJh9G9JKvDI5aKlvL3D/fJD
kqRfZvf3EKfYHwI1fB4rC9SDvqqUhlY4JKPhvkc/xcf113GlsZ4/cfuLNrem6K4h
K/koxR3NNFhXpB4vqHztYvJsrw623BsE1JheyuinUefDu8WAwQ8+vNcZVMQ8MJVh
LaFSuQG3qyiyJxhdfLgeZvGGwd3rDvyCnC8DBcaHtOOLhOaK5ldwLoyEsnL61uof
ADgkzhkeuy+Ov75bAv8r2UcJS1AdJt1dyGnRh2kMjjcJGxehPpR4MPutqs/oHK+/
yXsvylcoX70hwUqD/1Vwpu7Geq33H1W4jLnQeUV+CoxeRxd95dAKLDDbRKQKWJHC
HqHS0vn7LvlXdUY5FqRSWaT1FYhE0BMs2RF5aAcHpc6Ox6MH4Opo2SpHroejh9ix
ZwCTETd3P9asOLtnmSP92tlR1eh5EveCQiihEtWxQ9wexB7RouUdCG6vUB3xAYCU
TJ4g07Y1eHnRJFdY74LZP8uKWa1uzq6+u7oi9RVpzFeDY73xxL5cNofIxmGqJ9ir
Ccxd9gHTYPYfPKIX8zk5isyooaUEfiuMjqrp24oetwBIVLmQyVy309Eu2835qJYG
m5nugpRkOgciEpoDF8IsDsgxMrW6nQ8rRwYeVLac5/6DFB2fK5mJmDJoH0E4LUFC
uu8XBgMSOLYHcLkM+OnlQlXxKmhT2N6C2mBba7gVoMg4g7RoN34Un2nsJj0fkUEi
MIbOP4T4aStBDuNRe4swp6jfQjhqBIPGxe/jYVtg4qqnVQYTPTg+2a8N8VzILZdD
XUxK/3xVw3ZAfgIOCUycnrCPpheyHov0/HJjtYC+95WxuJXLWjylhO32Uv5E2Wm5
fiX2xAFazROFTX+QpZhMhFluJrPKGZQTszcTEqg4HT98G85IzsTdM4mAsz6Vg7Lo
bp0e9MjHvt5Pt/KHs8ouHalcr19kPV9RQbkDu6Y8FmHLvE5MSNsJKQ==
</Encrypted>
      <PayMethod>VCard</PayMethod>
      <ResultCode>170000</ResultCode>
      <ResultMsg urlencode="1">%C1%A4%BB%F3%BF%CF%B7%E1</ResultMsg>
    </Payment>
  </PaymentInfo>
  <ManageInfo>
    <EventCode></EventCode>
    <OrgCurrency></OrgCurrency>
    <ExchangeRate></ExchangeRate>
    <OrgPrice></OrgPrice>
  </ManageInfo>
  <ReservedInfo>
    <MReserved1 urlencode="1"></MReserved1>
    <MReserved2 urlencode="1"></MReserved2>
    <MReserved3 urlencode="1"></MReserved3>
    <PGReserved1 urlencode="1"></PGReserved1>
    <PGReserved2 urlencode="1"></PGReserved2>
    <PGReserved3 urlencode="1"></PGReserved3>
  </ReservedInfo>
</INIpay>
Ji1gj69bmHgelBD7YhsCKdHFPhB/9P/l00J3tl5iZB6Z91yhpzHpruQ7lE+EdQGO
11Jw4ZjWOkDm15oB6xX00T0057a1Rn2BiE4NY55UkU80jiRa7CFzJl0X2v1vAoAH
hiWLJfii5KhXqOz103vrE3hhW3aATnvBRjVTbcfC+A4=
]
INFO	[2018-06-11 17:57:00:716] <120475> VERIFY OK
INFO	[2018-06-11 17:57:00:716] <120475> PARSE HEAD OK
INFO	[2018-06-11 17:57:00:717] <120475> PARSE BODY OK
INFO	[2018-06-11 17:57:00:808] <120475> DECRYPT OK
DEBUG	[2018-06-11 17:57:00:808] <120475> DECRYPT MSG:[<?xml version="1.0" encoding="UTF-8"?>
<PaymentInfo>
  <Payment>
    <EASYPAY/>
    <VCard>
      <ISP_ApplPrice>11000</ISP_ApplPrice>
      <ISP_BankCode>00</ISP_BankCode>
      <ISP_Quota>00</ISP_Quota>
      <ISP_Interest>0</ISP_Interest>
      <ISP_CardCode>11</ISP_CardCode>
      <ISP_CardNum>49022082****</ISP_CardNum>
      <ISP_Point></ISP_Point>
      <ISP_ApplDate>20180611</ISP_ApplDate>
      <ISP_ApplTime>175659</ISP_ApplTime>
      <ISP_ApplNum>32053698</ISP_ApplNum>
      <ISP_TerminalNum>019048y000</ISP_TerminalNum>
      <ISP_MemberNum></ISP_MemberNum>
      <ISP_PurchaseCode></ISP_PurchaseCode>
      <ISP_ResultCode>170000</ISP_ResultCode>
      <ISP_ResultMsg urlencode="1">%C1%A4%BB%F3%BF%CF%B7%E1</ISP_ResultMsg>
      <ISP_PrtcCode>1</ISP_PrtcCode>
      <ISP_Quota_Point>00</ISP_Quota_Point>
      <ISP_CheckFlag>0</ISP_CheckFlag>
      <ISP_PurchaseName urlencode="1"></ISP_PurchaseName>
      <ISP_IssuerName urlencode="1"></ISP_IssuerName>
      <ISP_UsePoint></ISP_UsePoint>
      <ISP_CouponOnlyMer></ISP_CouponOnlyMer>
    </VCard>
  </Payment>
</PaymentInfo>]
INFO	[2018-06-11 17:57:00:809] <120475> DECRYPT PARSE OK
INFO	[2018-06-11 17:57:00:809] <120475> WAIT ACK INVOKING
DEBUG	[2018-06-11 17:57:00:809] <120475> MAKE HEAD OK
INFO	[2018-06-11 17:57:00:811] <120475> SUCCESS ACK INVOKING
INFO	[2018-06-11 17:57:00:811] <120475> END securepay ¡§ªÛøœ∑· Laptime:[1.554sec]
INFO	[2018-06-11 17:57:00:811] <120475> ===============================================================
