INFO	[2019-02-28 18:20:28:691] <41971> START INIPHP chkfake (V5036-141209)(OS:Linux3.10.0-862.11.6.el7.x86_64,PHP:5.5.17p1)
DEBUG	[2019-02-28 18:20:28:691] <41971> inipayhome:/home/hosting_users/ilearning3/www/inipay
DEBUG	[2019-02-28 18:20:28:691] <41971> type:chkfake
DEBUG	[2019-02-28 18:20:28:691] <41971> debug:true
DEBUG	[2019-02-28 18:20:28:691] <41971> enctype:asym
DEBUG	[2019-02-28 18:20:28:691] <41971> admin:1111
DEBUG	[2019-02-28 18:20:28:691] <41971> checkopt:false
DEBUG	[2019-02-28 18:20:28:691] <41971> mid:obmms20151
DEBUG	[2019-02-28 18:20:28:691] <41971> price:11000
DEBUG	[2019-02-28 18:20:28:691] <41971> nointerest:no
DEBUG	[2019-02-28 18:20:28:691] <41971> quotabase:일시불
INFO	[2019-02-28 18:20:28:691] <41971> Check Field OK
INFO	[2019-02-28 18:20:28:691] <41971> MERCHANT PRIV KEY LOAD OK
INFO	[2019-02-28 18:20:28:963] <41971> MERCHANT PUB KEY LOAD OK []
INFO	[2019-02-28 18:20:28:975] <41971> CHKFAKE KEY MAKE OK:MjAxOTAyMjgxODIwMjg5NjQyOTUzNA==

INFO	[2019-02-28 18:20:28:975] <41971> END chkfake  Laptime:[0.285sec]
INFO	[2019-02-28 18:20:28:975] <41971> ===============================================================
INFO	[2019-02-28 18:22:17:509] <21829> START INIPHP chkfake (V5036-141209)(OS:Linux3.10.0-862.11.6.el7.x86_64,PHP:5.5.17p1)
DEBUG	[2019-02-28 18:22:17:510] <21829> inipayhome:/home/hosting_users/ilearning3/www/inipay
DEBUG	[2019-02-28 18:22:17:510] <21829> type:chkfake
DEBUG	[2019-02-28 18:22:17:510] <21829> debug:true
DEBUG	[2019-02-28 18:22:17:510] <21829> enctype:asym
DEBUG	[2019-02-28 18:22:17:510] <21829> admin:1111
DEBUG	[2019-02-28 18:22:17:510] <21829> checkopt:false
DEBUG	[2019-02-28 18:22:17:510] <21829> mid:obmms20151
DEBUG	[2019-02-28 18:22:17:510] <21829> price:11000
DEBUG	[2019-02-28 18:22:17:510] <21829> nointerest:no
DEBUG	[2019-02-28 18:22:17:510] <21829> quotabase:일시불
INFO	[2019-02-28 18:22:17:510] <21829> Check Field OK
INFO	[2019-02-28 18:22:17:510] <21829> MERCHANT PRIV KEY LOAD OK
INFO	[2019-02-28 18:22:17:511] <21829> MERCHANT PUB KEY LOAD OK []
INFO	[2019-02-28 18:22:17:512] <21829> CHKFAKE KEY MAKE OK:MjAxOTAyMjgxODIyMTc1MTEzMTc2Mw==

INFO	[2019-02-28 18:22:17:512] <21829> END chkfake  Laptime:[0.003sec]
INFO	[2019-02-28 18:22:17:512] <21829> ===============================================================
