INFO	[2019-04-29 09:59:46:952] <4081> START INIPHP chkfake (V5036-141209)(OS:Linux2.6.18-274.3.1.el5,PHP:5.2.9)
DEBUG	[2019-04-29 09:59:46:952] <4081> inipayhome:/home/ilearning3/www/inipay
DEBUG	[2019-04-29 09:59:46:952] <4081> type:chkfake
DEBUG	[2019-04-29 09:59:46:952] <4081> debug:true
DEBUG	[2019-04-29 09:59:46:952] <4081> enctype:asym
DEBUG	[2019-04-29 09:59:46:952] <4081> admin:1111
DEBUG	[2019-04-29 09:59:46:952] <4081> checkopt:false
DEBUG	[2019-04-29 09:59:46:952] <4081> mid:obmms20151
DEBUG	[2019-04-29 09:59:46:952] <4081> price:22000
DEBUG	[2019-04-29 09:59:46:952] <4081> nointerest:no
DEBUG	[2019-04-29 09:59:46:952] <4081> quotabase:일시불
INFO	[2019-04-29 09:59:46:952] <4081> Check Field OK
INFO	[2019-04-29 09:59:46:953] <4081> MERCHANT PRIV KEY LOAD OK
INFO	[2019-04-29 09:59:46:953] <4081> MERCHANT PUB KEY LOAD OK []
INFO	[2019-04-29 09:59:46:956] <4081> CHKFAKE KEY MAKE OK:MjAxOTA0MjkwOTU5NDY5NTMzOTMzMQ==

INFO	[2019-04-29 09:59:46:956] <4081> END chkfake  Laptime:[0.01sec]
INFO	[2019-04-29 09:59:46:956] <4081> ===============================================================
INFO	[2019-04-29 10:00:44:491] <9507> START INIPHP chkfake (V5036-141209)(OS:Linux2.6.18-274.3.1.el5,PHP:5.2.9)
DEBUG	[2019-04-29 10:00:44:491] <9507> inipayhome:/home/ilearning3/www/inipay
DEBUG	[2019-04-29 10:00:44:491] <9507> type:chkfake
DEBUG	[2019-04-29 10:00:44:491] <9507> debug:true
DEBUG	[2019-04-29 10:00:44:491] <9507> enctype:asym
DEBUG	[2019-04-29 10:00:44:491] <9507> admin:1111
DEBUG	[2019-04-29 10:00:44:491] <9507> checkopt:false
DEBUG	[2019-04-29 10:00:44:491] <9507> mid:obmms20151
DEBUG	[2019-04-29 10:00:44:491] <9507> price:22000
DEBUG	[2019-04-29 10:00:44:491] <9507> nointerest:no
DEBUG	[2019-04-29 10:00:44:491] <9507> quotabase:일시불
INFO	[2019-04-29 10:00:44:491] <9507> Check Field OK
INFO	[2019-04-29 10:00:44:491] <9507> MERCHANT PRIV KEY LOAD OK
INFO	[2019-04-29 10:00:44:491] <9507> MERCHANT PUB KEY LOAD OK []
INFO	[2019-04-29 10:00:44:493] <9507> CHKFAKE KEY MAKE OK:MjAxOTA0MjkxMDAwNDQ0OTEyMDMwNQ==

INFO	[2019-04-29 10:00:44:493] <9507> END chkfake  Laptime:[0sec]
INFO	[2019-04-29 10:00:44:493] <9507> ===============================================================
INFO	[2019-04-29 10:01:42:998] <31666> START INIPHP chkfake (V5036-141209)(OS:Linux2.6.18-274.3.1.el5,PHP:5.2.9)
DEBUG	[2019-04-29 10:01:42:998] <31666> inipayhome:/home/ilearning3/www/inipay
DEBUG	[2019-04-29 10:01:42:998] <31666> type:chkfake
DEBUG	[2019-04-29 10:01:42:998] <31666> debug:true
DEBUG	[2019-04-29 10:01:42:998] <31666> enctype:asym
DEBUG	[2019-04-29 10:01:42:998] <31666> admin:1111
DEBUG	[2019-04-29 10:01:42:998] <31666> checkopt:false
DEBUG	[2019-04-29 10:01:42:998] <31666> mid:obmms20151
DEBUG	[2019-04-29 10:01:42:998] <31666> price:22000
DEBUG	[2019-04-29 10:01:42:998] <31666> nointerest:no
DEBUG	[2019-04-29 10:01:42:998] <31666> quotabase:일시불
INFO	[2019-04-29 10:01:42:998] <31666> Check Field OK
INFO	[2019-04-29 10:01:42:998] <31666> MERCHANT PRIV KEY LOAD OK
INFO	[2019-04-29 10:01:42:999] <31666> MERCHANT PUB KEY LOAD OK []
INFO	[2019-04-29 10:01:43:1] <31666> CHKFAKE KEY MAKE OK:MjAxOTA0MjkxMDAxNDI5OTk4MzE4NQ==

INFO	[2019-04-29 10:01:43:1] <31666> END chkfake  Laptime:[0sec]
INFO	[2019-04-29 10:01:43:1] <31666> ===============================================================
INFO	[2019-04-29 10:39:28:174] <14143> START INIPHP chkfake (V5036-141209)(OS:Linux2.6.18-274.3.1.el5,PHP:5.2.9)
DEBUG	[2019-04-29 10:39:28:175] <14143> inipayhome:/home/ilearning3/www/inipay
DEBUG	[2019-04-29 10:39:28:175] <14143> type:chkfake
DEBUG	[2019-04-29 10:39:28:175] <14143> debug:true
DEBUG	[2019-04-29 10:39:28:175] <14143> enctype:asym
DEBUG	[2019-04-29 10:39:28:175] <14143> admin:1111
DEBUG	[2019-04-29 10:39:28:175] <14143> checkopt:false
DEBUG	[2019-04-29 10:39:28:175] <14143> mid:obmms20151
DEBUG	[2019-04-29 10:39:28:175] <14143> price:22000
DEBUG	[2019-04-29 10:39:28:175] <14143> nointerest:no
DEBUG	[2019-04-29 10:39:28:175] <14143> quotabase:일시불
INFO	[2019-04-29 10:39:28:175] <14143> Check Field OK
INFO	[2019-04-29 10:39:28:175] <14143> MERCHANT PRIV KEY LOAD OK
INFO	[2019-04-29 10:39:28:175] <14143> MERCHANT PUB KEY LOAD OK []
INFO	[2019-04-29 10:39:28:178] <14143> CHKFAKE KEY MAKE OK:MjAxOTA0MjkxMDM5MjgxNzYxNTU0Ng==

INFO	[2019-04-29 10:39:28:178] <14143> END chkfake  Laptime:[0.01sec]
INFO	[2019-04-29 10:39:28:178] <14143> ===============================================================
INFO	[2019-04-29 10:40:14:264] <4086> START INIPHP chkfake (V5036-141209)(OS:Linux2.6.18-274.3.1.el5,PHP:5.2.9)
DEBUG	[2019-04-29 10:40:14:264] <4086> inipayhome:/home/ilearning3/www/inipay
DEBUG	[2019-04-29 10:40:14:264] <4086> type:chkfake
DEBUG	[2019-04-29 10:40:14:264] <4086> debug:true
DEBUG	[2019-04-29 10:40:14:264] <4086> enctype:asym
DEBUG	[2019-04-29 10:40:14:264] <4086> admin:1111
DEBUG	[2019-04-29 10:40:14:264] <4086> checkopt:false
DEBUG	[2019-04-29 10:40:14:264] <4086> mid:obmms20151
DEBUG	[2019-04-29 10:40:14:264] <4086> price:22000
DEBUG	[2019-04-29 10:40:14:264] <4086> nointerest:no
DEBUG	[2019-04-29 10:40:14:264] <4086> quotabase:일시불
INFO	[2019-04-29 10:40:14:264] <4086> Check Field OK
INFO	[2019-04-29 10:40:14:264] <4086> MERCHANT PRIV KEY LOAD OK
INFO	[2019-04-29 10:40:14:264] <4086> MERCHANT PUB KEY LOAD OK []
INFO	[2019-04-29 10:40:14:266] <4086> CHKFAKE KEY MAKE OK:MjAxOTA0MjkxMDQwMTQyNjQ0NDMwMg==

INFO	[2019-04-29 10:40:14:266] <4086> END chkfake  Laptime:[0.01sec]
INFO	[2019-04-29 10:40:14:266] <4086> ===============================================================
INFO	[2019-04-29 10:46:20:975] <9514> START INIPHP chkfake (V5036-141209)(OS:Linux2.6.18-274.3.1.el5,PHP:5.2.9)
DEBUG	[2019-04-29 10:46:20:975] <9514> inipayhome:/home/ilearning3/www/inipay
DEBUG	[2019-04-29 10:46:20:975] <9514> type:chkfake
DEBUG	[2019-04-29 10:46:20:975] <9514> debug:true
DEBUG	[2019-04-29 10:46:20:975] <9514> enctype:asym
DEBUG	[2019-04-29 10:46:20:975] <9514> admin:1111
DEBUG	[2019-04-29 10:46:20:975] <9514> checkopt:false
DEBUG	[2019-04-29 10:46:20:975] <9514> mid:obmms20151
DEBUG	[2019-04-29 10:46:20:975] <9514> price:22000
DEBUG	[2019-04-29 10:46:20:975] <9514> nointerest:no
DEBUG	[2019-04-29 10:46:20:975] <9514> quotabase:일시불
INFO	[2019-04-29 10:46:20:975] <9514> Check Field OK
INFO	[2019-04-29 10:46:20:975] <9514> MERCHANT PRIV KEY LOAD OK
INFO	[2019-04-29 10:46:20:976] <9514> MERCHANT PUB KEY LOAD OK []
INFO	[2019-04-29 10:46:20:978] <9514> CHKFAKE KEY MAKE OK:MjAxOTA0MjkxMDQ2MjA5NzY5NTk1NA==

INFO	[2019-04-29 10:46:20:978] <9514> END chkfake  Laptime:[0sec]
INFO	[2019-04-29 10:46:20:979] <9514> ===============================================================
INFO	[2019-04-29 12:21:30:246] <14127> START INIPHP chkfake (V5036-141209)(OS:Linux2.6.18-274.3.1.el5,PHP:5.2.9)
DEBUG	[2019-04-29 12:21:30:246] <14127> inipayhome:/home/ilearning3/www/inipay
DEBUG	[2019-04-29 12:21:30:246] <14127> type:chkfake
DEBUG	[2019-04-29 12:21:30:246] <14127> debug:true
DEBUG	[2019-04-29 12:21:30:246] <14127> enctype:asym
DEBUG	[2019-04-29 12:21:30:246] <14127> admin:1111
DEBUG	[2019-04-29 12:21:30:246] <14127> checkopt:false
DEBUG	[2019-04-29 12:21:30:246] <14127> mid:obmms20151
DEBUG	[2019-04-29 12:21:30:246] <14127> price:22000
DEBUG	[2019-04-29 12:21:30:246] <14127> nointerest:no
DEBUG	[2019-04-29 12:21:30:246] <14127> quotabase:일시불
INFO	[2019-04-29 12:21:30:246] <14127> Check Field OK
INFO	[2019-04-29 12:21:30:246] <14127> MERCHANT PRIV KEY LOAD OK
INFO	[2019-04-29 12:21:30:247] <14127> MERCHANT PUB KEY LOAD OK []
INFO	[2019-04-29 12:21:30:248] <14127> CHKFAKE KEY MAKE OK:MjAxOTA0MjkxMjIxMzAyNDc4ODE3Nw==

INFO	[2019-04-29 12:21:30:248] <14127> END chkfake  Laptime:[0sec]
INFO	[2019-04-29 12:21:30:248] <14127> ===============================================================
INFO	[2019-04-29 12:27:35:79] <3270> START INIPHP chkfake (V5036-141209)(OS:Linux2.6.18-274.3.1.el5,PHP:5.2.9)
DEBUG	[2019-04-29 12:27:35:80] <3270> inipayhome:/home/ilearning3/www/inipay
DEBUG	[2019-04-29 12:27:35:80] <3270> type:chkfake
DEBUG	[2019-04-29 12:27:35:80] <3270> debug:true
DEBUG	[2019-04-29 12:27:35:80] <3270> enctype:asym
DEBUG	[2019-04-29 12:27:35:80] <3270> admin:1111
DEBUG	[2019-04-29 12:27:35:80] <3270> checkopt:false
DEBUG	[2019-04-29 12:27:35:80] <3270> mid:obmms20151
DEBUG	[2019-04-29 12:27:35:80] <3270> price:22000
DEBUG	[2019-04-29 12:27:35:80] <3270> nointerest:no
DEBUG	[2019-04-29 12:27:35:80] <3270> quotabase:일시불
INFO	[2019-04-29 12:27:35:80] <3270> Check Field OK
INFO	[2019-04-29 12:27:35:80] <3270> MERCHANT PRIV KEY LOAD OK
INFO	[2019-04-29 12:27:35:81] <3270> MERCHANT PUB KEY LOAD OK []
INFO	[2019-04-29 12:27:35:83] <3270> CHKFAKE KEY MAKE OK:MjAxOTA0MjkxMjI3MzUwODExNDcyNQ==

INFO	[2019-04-29 12:27:35:83] <3270> END chkfake  Laptime:[0sec]
INFO	[2019-04-29 12:27:35:83] <3270> ===============================================================
INFO	[2019-04-29 12:46:44:316] <4081> START INIPHP chkfake (V5036-141209)(OS:Linux2.6.18-274.3.1.el5,PHP:5.2.9)
DEBUG	[2019-04-29 12:46:44:316] <4081> inipayhome:/home/ilearning3/www/inipay
DEBUG	[2019-04-29 12:46:44:316] <4081> type:chkfake
DEBUG	[2019-04-29 12:46:44:316] <4081> debug:true
DEBUG	[2019-04-29 12:46:44:316] <4081> enctype:asym
DEBUG	[2019-04-29 12:46:44:316] <4081> admin:1111
DEBUG	[2019-04-29 12:46:44:316] <4081> checkopt:false
DEBUG	[2019-04-29 12:46:44:316] <4081> mid:obmms20151
DEBUG	[2019-04-29 12:46:44:316] <4081> price:22000
DEBUG	[2019-04-29 12:46:44:316] <4081> nointerest:no
DEBUG	[2019-04-29 12:46:44:316] <4081> quotabase:일시불
INFO	[2019-04-29 12:46:44:316] <4081> Check Field OK
INFO	[2019-04-29 12:46:44:317] <4081> MERCHANT PRIV KEY LOAD OK
INFO	[2019-04-29 12:46:44:317] <4081> MERCHANT PUB KEY LOAD OK []
INFO	[2019-04-29 12:46:44:320] <4081> CHKFAKE KEY MAKE OK:MjAxOTA0MjkxMjQ2NDQzMTc2NzYzNA==

INFO	[2019-04-29 12:46:44:320] <4081> END chkfake  Laptime:[0sec]
INFO	[2019-04-29 12:46:44:320] <4081> ===============================================================
INFO	[2019-04-29 12:47:07:823] <4081> START INIPHP chkfake (V5036-141209)(OS:Linux2.6.18-274.3.1.el5,PHP:5.2.9)
DEBUG	[2019-04-29 12:47:07:823] <4081> inipayhome:/home/ilearning3/www/inipay
DEBUG	[2019-04-29 12:47:07:823] <4081> type:chkfake
DEBUG	[2019-04-29 12:47:07:823] <4081> debug:true
DEBUG	[2019-04-29 12:47:07:823] <4081> enctype:asym
DEBUG	[2019-04-29 12:47:07:823] <4081> admin:1111
DEBUG	[2019-04-29 12:47:07:823] <4081> checkopt:false
DEBUG	[2019-04-29 12:47:07:823] <4081> mid:obmms20151
DEBUG	[2019-04-29 12:47:07:823] <4081> price:11000
DEBUG	[2019-04-29 12:47:07:823] <4081> nointerest:no
DEBUG	[2019-04-29 12:47:07:823] <4081> quotabase:일시불
INFO	[2019-04-29 12:47:07:823] <4081> Check Field OK
INFO	[2019-04-29 12:47:07:823] <4081> MERCHANT PRIV KEY LOAD OK
INFO	[2019-04-29 12:47:07:823] <4081> MERCHANT PUB KEY LOAD OK []
INFO	[2019-04-29 12:47:07:825] <4081> CHKFAKE KEY MAKE OK:MjAxOTA0MjkxMjQ3MDc4MjM2Mjk1MA==

INFO	[2019-04-29 12:47:07:825] <4081> END chkfake  Laptime:[0.01sec]
INFO	[2019-04-29 12:47:07:825] <4081> ===============================================================
INFO	[2019-04-29 12:47:57:219] <14140> START INIPHP chkfake (V5036-141209)(OS:Linux2.6.18-274.3.1.el5,PHP:5.2.9)
DEBUG	[2019-04-29 12:47:57:219] <14140> inipayhome:/home/ilearning3/www/inipay
DEBUG	[2019-04-29 12:47:57:219] <14140> type:chkfake
DEBUG	[2019-04-29 12:47:57:219] <14140> debug:true
DEBUG	[2019-04-29 12:47:57:219] <14140> enctype:asym
DEBUG	[2019-04-29 12:47:57:219] <14140> admin:1111
DEBUG	[2019-04-29 12:47:57:219] <14140> checkopt:false
DEBUG	[2019-04-29 12:47:57:219] <14140> mid:obmms20151
DEBUG	[2019-04-29 12:47:57:219] <14140> price:22000
DEBUG	[2019-04-29 12:47:57:219] <14140> nointerest:no
DEBUG	[2019-04-29 12:47:57:219] <14140> quotabase:일시불
INFO	[2019-04-29 12:47:57:220] <14140> Check Field OK
INFO	[2019-04-29 12:47:57:220] <14140> MERCHANT PRIV KEY LOAD OK
INFO	[2019-04-29 12:47:57:220] <14140> MERCHANT PUB KEY LOAD OK []
INFO	[2019-04-29 12:47:57:223] <14140> CHKFAKE KEY MAKE OK:MjAxOTA0MjkxMjQ3NTcyMjA2MjU4NA==

INFO	[2019-04-29 12:47:57:223] <14140> END chkfake  Laptime:[0sec]
INFO	[2019-04-29 12:47:57:223] <14140> ===============================================================
INFO	[2019-04-29 12:55:43:966] <4078> START INIPHP chkfake (V5036-141209)(OS:Linux2.6.18-274.3.1.el5,PHP:5.2.9)
DEBUG	[2019-04-29 12:55:43:966] <4078> inipayhome:/home/ilearning3/www/inipay
DEBUG	[2019-04-29 12:55:43:966] <4078> type:chkfake
DEBUG	[2019-04-29 12:55:43:966] <4078> debug:true
DEBUG	[2019-04-29 12:55:43:966] <4078> enctype:asym
DEBUG	[2019-04-29 12:55:43:966] <4078> admin:1111
DEBUG	[2019-04-29 12:55:43:966] <4078> checkopt:false
DEBUG	[2019-04-29 12:55:43:966] <4078> mid:obmms20151
DEBUG	[2019-04-29 12:55:43:966] <4078> price:22000
DEBUG	[2019-04-29 12:55:43:966] <4078> nointerest:no
DEBUG	[2019-04-29 12:55:43:966] <4078> quotabase:일시불
INFO	[2019-04-29 12:55:43:966] <4078> Check Field OK
INFO	[2019-04-29 12:55:43:966] <4078> MERCHANT PRIV KEY LOAD OK
INFO	[2019-04-29 12:55:43:967] <4078> MERCHANT PUB KEY LOAD OK []
INFO	[2019-04-29 12:55:43:968] <4078> CHKFAKE KEY MAKE OK:MjAxOTA0MjkxMjU1NDM5Njc4MDM5NQ==

INFO	[2019-04-29 12:55:43:968] <4078> END chkfake  Laptime:[0sec]
INFO	[2019-04-29 12:55:43:968] <4078> ===============================================================
