INFO	[2020-01-14 16:34:09:746] <23702> START INIPHP chkfake (V5036-141209)(OS:Linux2.6.18-274.3.1.el5,PHP:5.2.9)
DEBUG	[2020-01-14 16:34:09:763] <23702> inipayhome:/home/ilearning3/www/inipay
DEBUG	[2020-01-14 16:34:09:763] <23702> type:chkfake
DEBUG	[2020-01-14 16:34:09:763] <23702> debug:true
DEBUG	[2020-01-14 16:34:09:763] <23702> enctype:asym
DEBUG	[2020-01-14 16:34:09:763] <23702> admin:1111
DEBUG	[2020-01-14 16:34:09:763] <23702> checkopt:false
DEBUG	[2020-01-14 16:34:09:763] <23702> mid:obmms20151
DEBUG	[2020-01-14 16:34:09:763] <23702> price:110000
DEBUG	[2020-01-14 16:34:09:763] <23702> nointerest:no
DEBUG	[2020-01-14 16:34:09:763] <23702> quotabase:일시불:2개월:3개월:6개월:12개월
INFO	[2020-01-14 16:34:09:763] <23702> Check Field OK
INFO	[2020-01-14 16:34:09:797] <23702> MERCHANT PRIV KEY LOAD OK
INFO	[2020-01-14 16:34:09:827] <23702> MERCHANT PUB KEY LOAD OK []
INFO	[2020-01-14 16:34:09:829] <23702> CHKFAKE KEY MAKE OK:MjAyMDAxMTQxNjM0MDk4MjcyNDQ1OA==

INFO	[2020-01-14 16:34:09:829] <23702> END chkfake  Laptime:[0.1sec]
INFO	[2020-01-14 16:34:09:829] <23702> ===============================================================
INFO	[2020-01-14 16:34:33:82] <23702> START INIPHP chkfake (V5036-141209)(OS:Linux2.6.18-274.3.1.el5,PHP:5.2.9)
DEBUG	[2020-01-14 16:34:33:82] <23702> inipayhome:/home/ilearning3/www/inipay
DEBUG	[2020-01-14 16:34:33:82] <23702> type:chkfake
DEBUG	[2020-01-14 16:34:33:82] <23702> debug:true
DEBUG	[2020-01-14 16:34:33:82] <23702> enctype:asym
DEBUG	[2020-01-14 16:34:33:82] <23702> admin:1111
DEBUG	[2020-01-14 16:34:33:82] <23702> checkopt:false
DEBUG	[2020-01-14 16:34:33:82] <23702> mid:obmms20151
DEBUG	[2020-01-14 16:34:33:82] <23702> price:110000
DEBUG	[2020-01-14 16:34:33:82] <23702> nointerest:no
DEBUG	[2020-01-14 16:34:33:82] <23702> quotabase:일시불:2개월:3개월:6개월:12개월
INFO	[2020-01-14 16:34:33:82] <23702> Check Field OK
INFO	[2020-01-14 16:34:33:82] <23702> MERCHANT PRIV KEY LOAD OK
INFO	[2020-01-14 16:34:33:83] <23702> MERCHANT PUB KEY LOAD OK []
INFO	[2020-01-14 16:34:33:84] <23702> CHKFAKE KEY MAKE OK:MjAyMDAxMTQxNjM0MzMwODM0MDIwNg==

INFO	[2020-01-14 16:34:33:84] <23702> END chkfake  Laptime:[0sec]
INFO	[2020-01-14 16:34:33:84] <23702> ===============================================================
INFO	[2020-01-14 16:35:07:354] <21093> START INIPHP chkfake (V5036-141209)(OS:Linux2.6.18-274.3.1.el5,PHP:5.2.9)
DEBUG	[2020-01-14 16:35:07:354] <21093> inipayhome:/home/ilearning3/www/inipay
DEBUG	[2020-01-14 16:35:07:354] <21093> type:chkfake
DEBUG	[2020-01-14 16:35:07:354] <21093> debug:true
DEBUG	[2020-01-14 16:35:07:354] <21093> enctype:asym
DEBUG	[2020-01-14 16:35:07:354] <21093> admin:1111
DEBUG	[2020-01-14 16:35:07:354] <21093> checkopt:false
DEBUG	[2020-01-14 16:35:07:354] <21093> mid:obmms20151
DEBUG	[2020-01-14 16:35:07:354] <21093> price:110000
DEBUG	[2020-01-14 16:35:07:354] <21093> nointerest:no
DEBUG	[2020-01-14 16:35:07:354] <21093> quotabase:일시불:2개월:3개월:6개월:12개월
INFO	[2020-01-14 16:35:07:354] <21093> Check Field OK
INFO	[2020-01-14 16:35:07:355] <21093> MERCHANT PRIV KEY LOAD OK
INFO	[2020-01-14 16:35:07:355] <21093> MERCHANT PUB KEY LOAD OK []
INFO	[2020-01-14 16:35:07:358] <21093> CHKFAKE KEY MAKE OK:MjAyMDAxMTQxNjM1MDczNTU5MTU4Mw==

INFO	[2020-01-14 16:35:07:358] <21093> END chkfake  Laptime:[0.01sec]
INFO	[2020-01-14 16:35:07:358] <21093> ===============================================================
