INFO	[2019-07-27 18:16:00:842] <28853> START INIPHP chkfake (V5036-141209)(OS:Linux2.6.18-274.3.1.el5,PHP:5.2.9)
DEBUG	[2019-07-27 18:16:00:842] <28853> inipayhome:/home/ilearning3/www/inipay
DEBUG	[2019-07-27 18:16:00:842] <28853> type:chkfake
DEBUG	[2019-07-27 18:16:00:842] <28853> debug:true
DEBUG	[2019-07-27 18:16:00:842] <28853> enctype:asym
DEBUG	[2019-07-27 18:16:00:842] <28853> admin:1111
DEBUG	[2019-07-27 18:16:00:842] <28853> checkopt:false
DEBUG	[2019-07-27 18:16:00:842] <28853> mid:obmms20151
DEBUG	[2019-07-27 18:16:00:842] <28853> price:550000
DEBUG	[2019-07-27 18:16:00:842] <28853> nointerest:no
DEBUG	[2019-07-27 18:16:00:842] <28853> quotabase:선택:일시불:2개월:3개월:6개월:12개월
INFO	[2019-07-27 18:16:00:842] <28853> Check Field OK
INFO	[2019-07-27 18:16:00:843] <28853> MERCHANT PRIV KEY LOAD OK
INFO	[2019-07-27 18:16:00:843] <28853> MERCHANT PUB KEY LOAD OK []
INFO	[2019-07-27 18:16:00:846] <28853> CHKFAKE KEY MAKE OK:MjAxOTA3MjcxODE2MDA4NDM1Mjk5OA==

INFO	[2019-07-27 18:16:00:846] <28853> END chkfake  Laptime:[0.01sec]
INFO	[2019-07-27 18:16:00:846] <28853> ===============================================================
INFO	[2019-07-27 18:17:02:329] <10126> START INIPHP chkfake (V5036-141209)(OS:Linux2.6.18-274.3.1.el5,PHP:5.2.9)
DEBUG	[2019-07-27 18:17:02:329] <10126> inipayhome:/home/ilearning3/www/inipay
DEBUG	[2019-07-27 18:17:02:329] <10126> type:chkfake
DEBUG	[2019-07-27 18:17:02:329] <10126> debug:true
DEBUG	[2019-07-27 18:17:02:329] <10126> enctype:asym
DEBUG	[2019-07-27 18:17:02:329] <10126> admin:1111
DEBUG	[2019-07-27 18:17:02:329] <10126> checkopt:false
DEBUG	[2019-07-27 18:17:02:329] <10126> mid:obmms20151
DEBUG	[2019-07-27 18:17:02:329] <10126> price:11000
DEBUG	[2019-07-27 18:17:02:329] <10126> nointerest:no
DEBUG	[2019-07-27 18:17:02:329] <10126> quotabase:선택:일시불:2개월:3개월:6개월:12개월
INFO	[2019-07-27 18:17:02:329] <10126> Check Field OK
INFO	[2019-07-27 18:17:02:329] <10126> MERCHANT PRIV KEY LOAD OK
INFO	[2019-07-27 18:17:02:329] <10126> MERCHANT PUB KEY LOAD OK []
INFO	[2019-07-27 18:17:02:331] <10126> CHKFAKE KEY MAKE OK:MjAxOTA3MjcxODE3MDIzMjkzMTczMg==

INFO	[2019-07-27 18:17:02:331] <10126> END chkfake  Laptime:[0sec]
INFO	[2019-07-27 18:17:02:331] <10126> ===============================================================
INFO	[2019-07-27 18:19:02:333] <18200> START INIPHP chkfake (V5036-141209)(OS:Linux2.6.18-274.3.1.el5,PHP:5.2.9)
DEBUG	[2019-07-27 18:19:02:333] <18200> inipayhome:/home/ilearning3/www/inipay
DEBUG	[2019-07-27 18:19:02:333] <18200> type:chkfake
DEBUG	[2019-07-27 18:19:02:333] <18200> debug:true
DEBUG	[2019-07-27 18:19:02:333] <18200> enctype:asym
DEBUG	[2019-07-27 18:19:02:333] <18200> admin:1111
DEBUG	[2019-07-27 18:19:02:333] <18200> checkopt:false
DEBUG	[2019-07-27 18:19:02:333] <18200> mid:obmms20151
DEBUG	[2019-07-27 18:19:02:333] <18200> price:550000
DEBUG	[2019-07-27 18:19:02:333] <18200> nointerest:no
DEBUG	[2019-07-27 18:19:02:333] <18200> quotabase:선택:일시불:2개월:3개월:6개월:12개월
INFO	[2019-07-27 18:19:02:333] <18200> Check Field OK
INFO	[2019-07-27 18:19:02:333] <18200> MERCHANT PRIV KEY LOAD OK
INFO	[2019-07-27 18:19:02:333] <18200> MERCHANT PUB KEY LOAD OK []
INFO	[2019-07-27 18:19:02:335] <18200> CHKFAKE KEY MAKE OK:MjAxOTA3MjcxODE5MDIzMzQ4NDg4OQ==

INFO	[2019-07-27 18:19:02:335] <18200> END chkfake  Laptime:[0.01sec]
INFO	[2019-07-27 18:19:02:335] <18200> ===============================================================
