INFO	[2018-06-21 17:30:43:405] <69711> START INIPHP chkfake (V5036-141209)(OS:Linux2.6.32-696.18.7.el6.x86_64,PHP:5.5.17p1)
DEBUG	[2018-06-21 17:30:43:405] <69711> inipayhome:/home/hosting_users/ilearning3/www/inipay
DEBUG	[2018-06-21 17:30:43:405] <69711> type:chkfake
DEBUG	[2018-06-21 17:30:43:405] <69711> debug:true
DEBUG	[2018-06-21 17:30:43:405] <69711> enctype:asym
DEBUG	[2018-06-21 17:30:43:405] <69711> admin:1111
DEBUG	[2018-06-21 17:30:43:405] <69711> checkopt:false
DEBUG	[2018-06-21 17:30:43:405] <69711> mid:obmms20151
DEBUG	[2018-06-21 17:30:43:405] <69711> price:11000
DEBUG	[2018-06-21 17:30:43:405] <69711> nointerest:no
DEBUG	[2018-06-21 17:30:43:405] <69711> quotabase:선택:일시불:2개월:3개월:6개월
INFO	[2018-06-21 17:30:43:405] <69711> Check Field OK
INFO	[2018-06-21 17:30:43:426] <69711> MERCHANT PRIV KEY LOAD OK
INFO	[2018-06-21 17:30:43:449] <69711> MERCHANT PUB KEY LOAD OK []
INFO	[2018-06-21 17:30:43:455] <69711> CHKFAKE KEY MAKE OK:MjAxODA2MjExNzMwNDM0NDk1MDUxNA==

INFO	[2018-06-21 17:30:43:455] <69711> END chkfake  Laptime:[0.05sec]
INFO	[2018-06-21 17:30:43:455] <69711> ===============================================================
INFO	[2018-06-21 18:58:24:676] <13547> START INIPHP chkfake (V5036-141209)(OS:Linux2.6.32-696.18.7.el6.x86_64,PHP:5.5.17p1)
DEBUG	[2018-06-21 18:58:24:676] <13547> inipayhome:/home/hosting_users/ilearning3/www/inipay
DEBUG	[2018-06-21 18:58:24:676] <13547> type:chkfake
DEBUG	[2018-06-21 18:58:24:676] <13547> debug:true
DEBUG	[2018-06-21 18:58:24:676] <13547> enctype:asym
DEBUG	[2018-06-21 18:58:24:676] <13547> admin:1111
DEBUG	[2018-06-21 18:58:24:676] <13547> checkopt:false
DEBUG	[2018-06-21 18:58:24:676] <13547> mid:obmms20151
DEBUG	[2018-06-21 18:58:24:676] <13547> price:550000
DEBUG	[2018-06-21 18:58:24:676] <13547> nointerest:no
DEBUG	[2018-06-21 18:58:24:676] <13547> quotabase:선택:일시불:2개월:3개월:6개월
INFO	[2018-06-21 18:58:24:676] <13547> Check Field OK
INFO	[2018-06-21 18:58:24:676] <13547> MERCHANT PRIV KEY LOAD OK
INFO	[2018-06-21 18:58:24:677] <13547> MERCHANT PUB KEY LOAD OK []
INFO	[2018-06-21 18:58:24:677] <13547> CHKFAKE KEY MAKE OK:MjAxODA2MjExODU4MjQ2Nzc4MTI0Mg==

INFO	[2018-06-21 18:58:24:677] <13547> END chkfake  Laptime:[0.001sec]
INFO	[2018-06-21 18:58:24:677] <13547> ===============================================================
INFO	[2018-06-21 18:58:47:245] <11443> START INIPHP chkfake (V5036-141209)(OS:Linux2.6.32-696.18.7.el6.x86_64,PHP:5.5.17p1)
DEBUG	[2018-06-21 18:58:47:245] <11443> inipayhome:/home/hosting_users/ilearning3/www/inipay
DEBUG	[2018-06-21 18:58:47:245] <11443> type:chkfake
DEBUG	[2018-06-21 18:58:47:245] <11443> debug:true
DEBUG	[2018-06-21 18:58:47:245] <11443> enctype:asym
DEBUG	[2018-06-21 18:58:47:245] <11443> admin:1111
DEBUG	[2018-06-21 18:58:47:245] <11443> checkopt:false
DEBUG	[2018-06-21 18:58:47:245] <11443> mid:obmms20151
DEBUG	[2018-06-21 18:58:47:245] <11443> price:550000
DEBUG	[2018-06-21 18:58:47:245] <11443> nointerest:no
DEBUG	[2018-06-21 18:58:47:245] <11443> quotabase:선택:일시불:2개월:3개월:6개월
INFO	[2018-06-21 18:58:47:245] <11443> Check Field OK
INFO	[2018-06-21 18:58:47:245] <11443> MERCHANT PRIV KEY LOAD OK
INFO	[2018-06-21 18:58:47:245] <11443> MERCHANT PUB KEY LOAD OK []
INFO	[2018-06-21 18:58:47:246] <11443> CHKFAKE KEY MAKE OK:MjAxODA2MjExODU4NDcyNDU4MTU5MA==

INFO	[2018-06-21 18:58:47:246] <11443> END chkfake  Laptime:[0.001sec]
INFO	[2018-06-21 18:58:47:246] <11443> ===============================================================
INFO	[2018-06-21 18:59:33:920] <10091> START INIPHP chkfake (V5036-141209)(OS:Linux2.6.32-696.18.7.el6.x86_64,PHP:5.5.17p1)
DEBUG	[2018-06-21 18:59:33:920] <10091> inipayhome:/home/hosting_users/ilearning3/www/inipay
DEBUG	[2018-06-21 18:59:33:920] <10091> type:chkfake
DEBUG	[2018-06-21 18:59:33:920] <10091> debug:true
DEBUG	[2018-06-21 18:59:33:920] <10091> enctype:asym
DEBUG	[2018-06-21 18:59:33:920] <10091> admin:1111
DEBUG	[2018-06-21 18:59:33:920] <10091> checkopt:false
DEBUG	[2018-06-21 18:59:33:920] <10091> mid:obmms20151
DEBUG	[2018-06-21 18:59:33:920] <10091> price:550000
DEBUG	[2018-06-21 18:59:33:920] <10091> nointerest:no
DEBUG	[2018-06-21 18:59:33:920] <10091> quotabase:선택:일시불:2개월:3개월:6개월
INFO	[2018-06-21 18:59:33:920] <10091> Check Field OK
INFO	[2018-06-21 18:59:33:920] <10091> MERCHANT PRIV KEY LOAD OK
INFO	[2018-06-21 18:59:33:920] <10091> MERCHANT PUB KEY LOAD OK []
INFO	[2018-06-21 18:59:33:921] <10091> CHKFAKE KEY MAKE OK:MjAxODA2MjExODU5MzM5MjAzNjg1OA==

INFO	[2018-06-21 18:59:33:921] <10091> END chkfake  Laptime:[0.001sec]
INFO	[2018-06-21 18:59:33:921] <10091> ===============================================================
