INFO	[2019-12-23 15:12:14:726] <31833> START INIPHP chkfake (V5036-141209)(OS:Linux2.6.18-274.3.1.el5,PHP:5.2.9)
DEBUG	[2019-12-23 15:12:14:746] <31833> inipayhome:/home/ilearning3/www/inipay
DEBUG	[2019-12-23 15:12:14:746] <31833> type:chkfake
DEBUG	[2019-12-23 15:12:14:746] <31833> debug:true
DEBUG	[2019-12-23 15:12:14:746] <31833> enctype:asym
DEBUG	[2019-12-23 15:12:14:746] <31833> admin:1111
DEBUG	[2019-12-23 15:12:14:746] <31833> checkopt:false
DEBUG	[2019-12-23 15:12:14:746] <31833> mid:obmms20151
DEBUG	[2019-12-23 15:12:14:746] <31833> price:11000
DEBUG	[2019-12-23 15:12:14:746] <31833> nointerest:no
DEBUG	[2019-12-23 15:12:14:746] <31833> quotabase:일시불:2개월:3개월:6개월:12개월
INFO	[2019-12-23 15:12:14:746] <31833> Check Field OK
INFO	[2019-12-23 15:12:14:772] <31833> MERCHANT PRIV KEY LOAD OK
INFO	[2019-12-23 15:12:14:801] <31833> MERCHANT PUB KEY LOAD OK []
INFO	[2019-12-23 15:12:14:817] <31833> CHKFAKE KEY MAKE OK:MjAxOTEyMjMxNTEyMTQ4MDE0MjU3MQ==

INFO	[2019-12-23 15:12:14:817] <31833> END chkfake  Laptime:[0.1sec]
INFO	[2019-12-23 15:12:14:817] <31833> ===============================================================
INFO	[2019-12-23 15:16:02:712] <27749> START INIPHP chkfake (V5036-141209)(OS:Linux2.6.18-274.3.1.el5,PHP:5.2.9)
DEBUG	[2019-12-23 15:16:02:713] <27749> inipayhome:/home/ilearning3/www/inipay
DEBUG	[2019-12-23 15:16:02:713] <27749> type:chkfake
DEBUG	[2019-12-23 15:16:02:713] <27749> debug:true
DEBUG	[2019-12-23 15:16:02:713] <27749> enctype:asym
DEBUG	[2019-12-23 15:16:02:713] <27749> admin:1111
DEBUG	[2019-12-23 15:16:02:713] <27749> checkopt:false
DEBUG	[2019-12-23 15:16:02:713] <27749> mid:obmms20151
DEBUG	[2019-12-23 15:16:02:713] <27749> price:11000
DEBUG	[2019-12-23 15:16:02:713] <27749> nointerest:no
DEBUG	[2019-12-23 15:16:02:713] <27749> quotabase:일시불:2개월:3개월:6개월:12개월
INFO	[2019-12-23 15:16:02:713] <27749> Check Field OK
INFO	[2019-12-23 15:16:02:713] <27749> MERCHANT PRIV KEY LOAD OK
INFO	[2019-12-23 15:16:02:713] <27749> MERCHANT PUB KEY LOAD OK []
INFO	[2019-12-23 15:16:02:715] <27749> CHKFAKE KEY MAKE OK:MjAxOTEyMjMxNTE2MDI3MTM0NjA0NQ==

INFO	[2019-12-23 15:16:02:715] <27749> END chkfake  Laptime:[0.01sec]
INFO	[2019-12-23 15:16:02:715] <27749> ===============================================================
INFO	[2019-12-23 15:16:27:760] <21970> START INIPHP chkfake (V5036-141209)(OS:Linux2.6.18-274.3.1.el5,PHP:5.2.9)
DEBUG	[2019-12-23 15:16:27:760] <21970> inipayhome:/home/ilearning3/www/inipay
DEBUG	[2019-12-23 15:16:27:760] <21970> type:chkfake
DEBUG	[2019-12-23 15:16:27:760] <21970> debug:true
DEBUG	[2019-12-23 15:16:27:760] <21970> enctype:asym
DEBUG	[2019-12-23 15:16:27:760] <21970> admin:1111
DEBUG	[2019-12-23 15:16:27:760] <21970> checkopt:false
DEBUG	[2019-12-23 15:16:27:760] <21970> mid:obmms20151
DEBUG	[2019-12-23 15:16:27:760] <21970> price:11000
DEBUG	[2019-12-23 15:16:27:760] <21970> nointerest:no
DEBUG	[2019-12-23 15:16:27:760] <21970> quotabase:일시불:2개월:3개월:6개월:12개월
INFO	[2019-12-23 15:16:27:760] <21970> Check Field OK
INFO	[2019-12-23 15:16:27:760] <21970> MERCHANT PRIV KEY LOAD OK
INFO	[2019-12-23 15:16:27:761] <21970> MERCHANT PUB KEY LOAD OK []
INFO	[2019-12-23 15:16:27:762] <21970> CHKFAKE KEY MAKE OK:MjAxOTEyMjMxNTE2Mjc3NjE4ODUwMQ==

INFO	[2019-12-23 15:16:27:762] <21970> END chkfake  Laptime:[0sec]
INFO	[2019-12-23 15:16:27:762] <21970> ===============================================================
INFO	[2019-12-23 15:18:10:898] <31798> START INIPHP chkfake (V5036-141209)(OS:Linux2.6.18-274.3.1.el5,PHP:5.2.9)
DEBUG	[2019-12-23 15:18:10:898] <31798> inipayhome:/home/ilearning3/www/inipay
DEBUG	[2019-12-23 15:18:10:898] <31798> type:chkfake
DEBUG	[2019-12-23 15:18:10:898] <31798> debug:true
DEBUG	[2019-12-23 15:18:10:898] <31798> enctype:asym
DEBUG	[2019-12-23 15:18:10:898] <31798> admin:1111
DEBUG	[2019-12-23 15:18:10:898] <31798> checkopt:false
DEBUG	[2019-12-23 15:18:10:898] <31798> mid:obmms20151
DEBUG	[2019-12-23 15:18:10:898] <31798> price:11000
DEBUG	[2019-12-23 15:18:10:898] <31798> nointerest:no
DEBUG	[2019-12-23 15:18:10:898] <31798> quotabase:일시불:2개월:3개월:6개월:12개월
INFO	[2019-12-23 15:18:10:899] <31798> Check Field OK
INFO	[2019-12-23 15:18:10:899] <31798> MERCHANT PRIV KEY LOAD OK
INFO	[2019-12-23 15:18:10:899] <31798> MERCHANT PUB KEY LOAD OK []
INFO	[2019-12-23 15:18:10:901] <31798> CHKFAKE KEY MAKE OK:MjAxOTEyMjMxNTE4MTA4OTk0NjA0NQ==

INFO	[2019-12-23 15:18:10:901] <31798> END chkfake  Laptime:[0sec]
INFO	[2019-12-23 15:18:10:901] <31798> ===============================================================
INFO	[2019-12-23 15:30:45:195] <31798> START INIPHP chkfake (V5036-141209)(OS:Linux2.6.18-274.3.1.el5,PHP:5.2.9)
DEBUG	[2019-12-23 15:30:45:195] <31798> inipayhome:/home/ilearning3/www/inipay
DEBUG	[2019-12-23 15:30:45:195] <31798> type:chkfake
DEBUG	[2019-12-23 15:30:45:195] <31798> debug:true
DEBUG	[2019-12-23 15:30:45:195] <31798> enctype:asym
DEBUG	[2019-12-23 15:30:45:195] <31798> admin:1111
DEBUG	[2019-12-23 15:30:45:195] <31798> checkopt:false
DEBUG	[2019-12-23 15:30:45:195] <31798> mid:obmms20151
DEBUG	[2019-12-23 15:30:45:195] <31798> price:11000
DEBUG	[2019-12-23 15:30:45:195] <31798> nointerest:no
DEBUG	[2019-12-23 15:30:45:195] <31798> quotabase:일시불:2개월:3개월:6개월:12개월
INFO	[2019-12-23 15:30:45:195] <31798> Check Field OK
INFO	[2019-12-23 15:30:45:195] <31798> MERCHANT PRIV KEY LOAD OK
INFO	[2019-12-23 15:30:45:195] <31798> MERCHANT PUB KEY LOAD OK []
INFO	[2019-12-23 15:30:45:197] <31798> CHKFAKE KEY MAKE OK:MjAxOTEyMjMxNTMwNDUxOTUyOTA3MA==

INFO	[2019-12-23 15:30:45:197] <31798> END chkfake  Laptime:[0sec]
INFO	[2019-12-23 15:30:45:197] <31798> ===============================================================
INFO	[2019-12-23 15:30:52:792] <31798> START INIPHP chkfake (V5036-141209)(OS:Linux2.6.18-274.3.1.el5,PHP:5.2.9)
DEBUG	[2019-12-23 15:30:52:793] <31798> inipayhome:/home/ilearning3/www/inipay
DEBUG	[2019-12-23 15:30:52:793] <31798> type:chkfake
DEBUG	[2019-12-23 15:30:52:793] <31798> debug:true
DEBUG	[2019-12-23 15:30:52:793] <31798> enctype:asym
DEBUG	[2019-12-23 15:30:52:793] <31798> admin:1111
DEBUG	[2019-12-23 15:30:52:793] <31798> checkopt:false
DEBUG	[2019-12-23 15:30:52:793] <31798> mid:obmms20151
DEBUG	[2019-12-23 15:30:52:793] <31798> price:11000
DEBUG	[2019-12-23 15:30:52:793] <31798> nointerest:no
DEBUG	[2019-12-23 15:30:52:793] <31798> quotabase:일시불:2개월:3개월:6개월:12개월
INFO	[2019-12-23 15:30:52:793] <31798> Check Field OK
INFO	[2019-12-23 15:30:52:793] <31798> MERCHANT PRIV KEY LOAD OK
INFO	[2019-12-23 15:30:52:793] <31798> MERCHANT PUB KEY LOAD OK []
INFO	[2019-12-23 15:30:52:796] <31798> CHKFAKE KEY MAKE OK:MjAxOTEyMjMxNTMwNTI3OTQzODAzNg==

INFO	[2019-12-23 15:30:52:796] <31798> END chkfake  Laptime:[0.01sec]
INFO	[2019-12-23 15:30:52:796] <31798> ===============================================================
INFO	[2019-12-23 15:31:03:746] <31798> START INIPHP chkfake (V5036-141209)(OS:Linux2.6.18-274.3.1.el5,PHP:5.2.9)
DEBUG	[2019-12-23 15:31:03:746] <31798> inipayhome:/home/ilearning3/www/inipay
DEBUG	[2019-12-23 15:31:03:746] <31798> type:chkfake
DEBUG	[2019-12-23 15:31:03:746] <31798> debug:true
DEBUG	[2019-12-23 15:31:03:746] <31798> enctype:asym
DEBUG	[2019-12-23 15:31:03:746] <31798> admin:1111
DEBUG	[2019-12-23 15:31:03:746] <31798> checkopt:false
DEBUG	[2019-12-23 15:31:03:746] <31798> mid:obmms20151
DEBUG	[2019-12-23 15:31:03:746] <31798> price:11000
DEBUG	[2019-12-23 15:31:03:746] <31798> nointerest:no
DEBUG	[2019-12-23 15:31:03:746] <31798> quotabase:일시불:2개월:3개월:6개월:12개월
INFO	[2019-12-23 15:31:03:746] <31798> Check Field OK
INFO	[2019-12-23 15:31:03:746] <31798> MERCHANT PRIV KEY LOAD OK
INFO	[2019-12-23 15:31:03:746] <31798> MERCHANT PUB KEY LOAD OK []
INFO	[2019-12-23 15:31:03:748] <31798> CHKFAKE KEY MAKE OK:MjAxOTEyMjMxNTMxMDM3NDc5OTg5Mg==

INFO	[2019-12-23 15:31:03:748] <31798> END chkfake  Laptime:[0sec]
INFO	[2019-12-23 15:31:03:748] <31798> ===============================================================
