INFO	[2019-02-05 01:11:37:106] <44444> START INIPHP chkfake (V5036-141209)(OS:Linux3.10.0-862.11.6.el7.x86_64,PHP:5.5.17p1)
DEBUG	[2019-02-05 01:11:37:106] <44444> inipayhome:/home/hosting_users/ilearning3/www/inipay
DEBUG	[2019-02-05 01:11:37:106] <44444> type:chkfake
DEBUG	[2019-02-05 01:11:37:106] <44444> debug:true
DEBUG	[2019-02-05 01:11:37:106] <44444> enctype:asym
DEBUG	[2019-02-05 01:11:37:106] <44444> admin:1111
DEBUG	[2019-02-05 01:11:37:106] <44444> checkopt:false
DEBUG	[2019-02-05 01:11:37:106] <44444> mid:obmms20151
DEBUG	[2019-02-05 01:11:37:106] <44444> price:11000
DEBUG	[2019-02-05 01:11:37:106] <44444> nointerest:no
DEBUG	[2019-02-05 01:11:37:106] <44444> quotabase:일시불
INFO	[2019-02-05 01:11:37:106] <44444> Check Field OK
INFO	[2019-02-05 01:11:37:343] <44444> MERCHANT PRIV KEY LOAD OK
INFO	[2019-02-05 01:11:37:353] <44444> MERCHANT PUB KEY LOAD OK []
INFO	[2019-02-05 01:11:37:355] <44444> CHKFAKE KEY MAKE OK:MjAxOTAyMDUwMTExMzczNTMyMzg5Nw==

INFO	[2019-02-05 01:11:37:355] <44444> END chkfake  Laptime:[0.252sec]
INFO	[2019-02-05 01:11:37:355] <44444> ===============================================================
INFO	[2019-02-05 01:12:33:630] <44477> START INIPHP chkfake (V5036-141209)(OS:Linux3.10.0-862.11.6.el7.x86_64,PHP:5.5.17p1)
DEBUG	[2019-02-05 01:12:33:630] <44477> inipayhome:/home/hosting_users/ilearning3/www/inipay
DEBUG	[2019-02-05 01:12:33:630] <44477> type:chkfake
DEBUG	[2019-02-05 01:12:33:630] <44477> debug:true
DEBUG	[2019-02-05 01:12:33:630] <44477> enctype:asym
DEBUG	[2019-02-05 01:12:33:630] <44477> admin:1111
DEBUG	[2019-02-05 01:12:33:630] <44477> checkopt:false
DEBUG	[2019-02-05 01:12:33:630] <44477> mid:obmms20151
DEBUG	[2019-02-05 01:12:33:630] <44477> price:11000
DEBUG	[2019-02-05 01:12:33:630] <44477> nointerest:no
DEBUG	[2019-02-05 01:12:33:630] <44477> quotabase:일시불
INFO	[2019-02-05 01:12:33:630] <44477> Check Field OK
INFO	[2019-02-05 01:12:33:630] <44477> MERCHANT PRIV KEY LOAD OK
INFO	[2019-02-05 01:12:33:630] <44477> MERCHANT PUB KEY LOAD OK []
INFO	[2019-02-05 01:12:33:631] <44477> CHKFAKE KEY MAKE OK:MjAxOTAyMDUwMTEyMzM2MzA3MzEyNg==

INFO	[2019-02-05 01:12:33:631] <44477> END chkfake  Laptime:[0.001sec]
INFO	[2019-02-05 01:12:33:631] <44477> ===============================================================
INFO	[2019-02-05 01:13:35:404] <44480> START INIPHP chkfake (V5036-141209)(OS:Linux3.10.0-862.11.6.el7.x86_64,PHP:5.5.17p1)
DEBUG	[2019-02-05 01:13:35:404] <44480> inipayhome:/home/hosting_users/ilearning3/www/inipay
DEBUG	[2019-02-05 01:13:35:404] <44480> type:chkfake
DEBUG	[2019-02-05 01:13:35:404] <44480> debug:true
DEBUG	[2019-02-05 01:13:35:404] <44480> enctype:asym
DEBUG	[2019-02-05 01:13:35:404] <44480> admin:1111
DEBUG	[2019-02-05 01:13:35:404] <44480> checkopt:false
DEBUG	[2019-02-05 01:13:35:404] <44480> mid:obmms20151
DEBUG	[2019-02-05 01:13:35:404] <44480> price:11000
DEBUG	[2019-02-05 01:13:35:404] <44480> nointerest:no
DEBUG	[2019-02-05 01:13:35:404] <44480> quotabase:일시불
INFO	[2019-02-05 01:13:35:404] <44480> Check Field OK
INFO	[2019-02-05 01:13:35:405] <44480> MERCHANT PRIV KEY LOAD OK
INFO	[2019-02-05 01:13:35:405] <44480> MERCHANT PUB KEY LOAD OK []
INFO	[2019-02-05 01:13:35:405] <44480> CHKFAKE KEY MAKE OK:MjAxOTAyMDUwMTEzMzU0MDUzNzk3Mw==

INFO	[2019-02-05 01:13:35:405] <44480> END chkfake  Laptime:[0.001sec]
INFO	[2019-02-05 01:13:35:405] <44480> ===============================================================
INFO	[2019-02-05 01:14:02:460] <44495> START INIPHP chkfake (V5036-141209)(OS:Linux3.10.0-862.11.6.el7.x86_64,PHP:5.5.17p1)
DEBUG	[2019-02-05 01:14:02:460] <44495> inipayhome:/home/hosting_users/ilearning3/www/inipay
DEBUG	[2019-02-05 01:14:02:460] <44495> type:chkfake
DEBUG	[2019-02-05 01:14:02:460] <44495> debug:true
DEBUG	[2019-02-05 01:14:02:460] <44495> enctype:asym
DEBUG	[2019-02-05 01:14:02:460] <44495> admin:1111
DEBUG	[2019-02-05 01:14:02:460] <44495> checkopt:false
DEBUG	[2019-02-05 01:14:02:460] <44495> mid:obmms20151
DEBUG	[2019-02-05 01:14:02:460] <44495> price:11000
DEBUG	[2019-02-05 01:14:02:460] <44495> nointerest:no
DEBUG	[2019-02-05 01:14:02:460] <44495> quotabase:일시불
INFO	[2019-02-05 01:14:02:460] <44495> Check Field OK
INFO	[2019-02-05 01:14:02:460] <44495> MERCHANT PRIV KEY LOAD OK
INFO	[2019-02-05 01:14:02:461] <44495> MERCHANT PUB KEY LOAD OK []
INFO	[2019-02-05 01:14:02:462] <44495> CHKFAKE KEY MAKE OK:MjAxOTAyMDUwMTE0MDI0NjE5NjA2MA==

INFO	[2019-02-05 01:14:02:462] <44495> END chkfake  Laptime:[0.002sec]
INFO	[2019-02-05 01:14:02:462] <44495> ===============================================================
