INFO	[2019-06-04 17:44:58:153] <2157> START INIPHP chkfake (V5036-141209)(OS:Linux2.6.18-274.3.1.el5,PHP:5.2.9)
DEBUG	[2019-06-04 17:44:58:153] <2157> inipayhome:/home/ilearning3/www/inipay
DEBUG	[2019-06-04 17:44:58:153] <2157> type:chkfake
DEBUG	[2019-06-04 17:44:58:153] <2157> debug:true
DEBUG	[2019-06-04 17:44:58:153] <2157> enctype:asym
DEBUG	[2019-06-04 17:44:58:153] <2157> admin:1111
DEBUG	[2019-06-04 17:44:58:153] <2157> checkopt:false
DEBUG	[2019-06-04 17:44:58:153] <2157> mid:obmms20151
DEBUG	[2019-06-04 17:44:58:153] <2157> price:11000
DEBUG	[2019-06-04 17:44:58:153] <2157> nointerest:no
DEBUG	[2019-06-04 17:44:58:153] <2157> quotabase:일시불
INFO	[2019-06-04 17:44:58:153] <2157> Check Field OK
INFO	[2019-06-04 17:44:58:153] <2157> MERCHANT PRIV KEY LOAD OK
INFO	[2019-06-04 17:44:58:154] <2157> MERCHANT PUB KEY LOAD OK []
INFO	[2019-06-04 17:44:58:155] <2157> CHKFAKE KEY MAKE OK:MjAxOTA2MDQxNzQ0NTgxNTQyNjc4Nw==

INFO	[2019-06-04 17:44:58:155] <2157> END chkfake  Laptime:[0.01sec]
INFO	[2019-06-04 17:44:58:155] <2157> ===============================================================
INFO	[2019-06-04 17:45:05:915] <27574> START INIPHP chkfake (V5036-141209)(OS:Linux2.6.18-274.3.1.el5,PHP:5.2.9)
DEBUG	[2019-06-04 17:45:05:915] <27574> inipayhome:/home/ilearning3/www/inipay
DEBUG	[2019-06-04 17:45:05:915] <27574> type:chkfake
DEBUG	[2019-06-04 17:45:05:915] <27574> debug:true
DEBUG	[2019-06-04 17:45:05:915] <27574> enctype:asym
DEBUG	[2019-06-04 17:45:05:915] <27574> admin:1111
DEBUG	[2019-06-04 17:45:05:915] <27574> checkopt:false
DEBUG	[2019-06-04 17:45:05:915] <27574> mid:obmms20151
DEBUG	[2019-06-04 17:45:05:915] <27574> price:11000
DEBUG	[2019-06-04 17:45:05:915] <27574> nointerest:no
DEBUG	[2019-06-04 17:45:05:915] <27574> quotabase:일시불
INFO	[2019-06-04 17:45:05:915] <27574> Check Field OK
INFO	[2019-06-04 17:45:05:915] <27574> MERCHANT PRIV KEY LOAD OK
INFO	[2019-06-04 17:45:05:915] <27574> MERCHANT PUB KEY LOAD OK []
INFO	[2019-06-04 17:45:05:917] <27574> CHKFAKE KEY MAKE OK:MjAxOTA2MDQxNzQ1MDU5MTUzNzMyNw==

INFO	[2019-06-04 17:45:05:917] <27574> END chkfake  Laptime:[0sec]
INFO	[2019-06-04 17:45:05:917] <27574> ===============================================================
INFO	[2019-06-04 17:48:04:527] <2422> START INIPHP chkfake (V5036-141209)(OS:Linux2.6.18-274.3.1.el5,PHP:5.2.9)
DEBUG	[2019-06-04 17:48:04:527] <2422> inipayhome:/home/ilearning3/www/inipay
DEBUG	[2019-06-04 17:48:04:527] <2422> type:chkfake
DEBUG	[2019-06-04 17:48:04:527] <2422> debug:true
DEBUG	[2019-06-04 17:48:04:527] <2422> enctype:asym
DEBUG	[2019-06-04 17:48:04:527] <2422> admin:1111
DEBUG	[2019-06-04 17:48:04:527] <2422> checkopt:false
DEBUG	[2019-06-04 17:48:04:527] <2422> mid:obmms20151
DEBUG	[2019-06-04 17:48:04:527] <2422> price:11000
DEBUG	[2019-06-04 17:48:04:527] <2422> nointerest:no
DEBUG	[2019-06-04 17:48:04:527] <2422> quotabase:일시불
INFO	[2019-06-04 17:48:04:527] <2422> Check Field OK
INFO	[2019-06-04 17:48:04:527] <2422> MERCHANT PRIV KEY LOAD OK
INFO	[2019-06-04 17:48:04:528] <2422> MERCHANT PUB KEY LOAD OK []
INFO	[2019-06-04 17:48:04:530] <2422> CHKFAKE KEY MAKE OK:MjAxOTA2MDQxNzQ4MDQ1Mjg4MTU1Ng==

INFO	[2019-06-04 17:48:04:530] <2422> END chkfake  Laptime:[0sec]
INFO	[2019-06-04 17:48:04:530] <2422> ===============================================================
