INFO	[2018-12-04 15:03:46:642] <20056> START INIPHP chkfake (V5036-141209)(OS:Linux3.10.0-862.11.6.el7.x86_64,PHP:5.5.17p1)
DEBUG	[2018-12-04 15:03:46:642] <20056> inipayhome:/home/hosting_users/ilearning3/www/inipay
DEBUG	[2018-12-04 15:03:46:642] <20056> type:chkfake
DEBUG	[2018-12-04 15:03:46:642] <20056> debug:true
DEBUG	[2018-12-04 15:03:46:642] <20056> enctype:asym
DEBUG	[2018-12-04 15:03:46:642] <20056> admin:1111
DEBUG	[2018-12-04 15:03:46:642] <20056> checkopt:false
DEBUG	[2018-12-04 15:03:46:642] <20056> mid:obmms20151
DEBUG	[2018-12-04 15:03:46:642] <20056> price:11000
DEBUG	[2018-12-04 15:03:46:642] <20056> nointerest:no
DEBUG	[2018-12-04 15:03:46:642] <20056> quotabase:ÏùºÏãúÎ∂à
INFO	[2018-12-04 15:03:46:643] <20056> Check Field OK
INFO	[2018-12-04 15:03:46:663] <20056> MERCHANT PRIV KEY LOAD OK
INFO	[2018-12-04 15:03:46:666] <20056> MERCHANT PUB KEY LOAD OK []
INFO	[2018-12-04 15:03:46:676] <20056> CHKFAKE KEY MAKE OK:MjAxODEyMDQxNTAzNDY2NjY3ODA1MQ==

INFO	[2018-12-04 15:03:46:676] <20056> END chkfake  Laptime:[0.034sec]
INFO	[2018-12-04 15:03:46:676] <20056> ===============================================================
INFO	[2018-12-04 17:57:15:844] <41131> START INIPHP chkfake (V5036-141209)(OS:Linux3.10.0-862.11.6.el7.x86_64,PHP:5.5.17p1)
DEBUG	[2018-12-04 17:57:15:844] <41131> inipayhome:/home/hosting_users/ilearning3/www/inipay
DEBUG	[2018-12-04 17:57:15:844] <41131> type:chkfake
DEBUG	[2018-12-04 17:57:15:844] <41131> debug:true
DEBUG	[2018-12-04 17:57:15:844] <41131> enctype:asym
DEBUG	[2018-12-04 17:57:15:844] <41131> admin:1111
DEBUG	[2018-12-04 17:57:15:844] <41131> checkopt:false
DEBUG	[2018-12-04 17:57:15:844] <41131> mid:obmms20151
DEBUG	[2018-12-04 17:57:15:844] <41131> price:11000
DEBUG	[2018-12-04 17:57:15:844] <41131> nointerest:no
DEBUG	[2018-12-04 17:57:15:844] <41131> quotabase:ÏùºÏãúÎ∂à
INFO	[2018-12-04 17:57:15:845] <41131> Check Field OK
INFO	[2018-12-04 17:57:15:914] <41131> MERCHANT PRIV KEY LOAD OK
INFO	[2018-12-04 17:57:15:923] <41131> MERCHANT PUB KEY LOAD OK []
INFO	[2018-12-04 17:57:15:924] <41131> CHKFAKE KEY MAKE OK:MjAxODEyMDQxNzU3MTU5MjM1MTA3OQ==

INFO	[2018-12-04 17:57:15:924] <41131> END chkfake  Laptime:[0.08sec]
INFO	[2018-12-04 17:57:15:925] <41131> ===============================================================
INFO	[2018-12-04 17:58:25:653] <40904> START INIPHP securepay (V5036-141209)(OS:Linux3.10.0-862.11.6.el7.x86_64,PHP:5.5.17p1)
DEBUG	[2018-12-04 17:58:25:654] <40904> inipayhome:/home/hosting_users/ilearning3/www/inipay
DEBUG	[2018-12-04 17:58:25:654] <40904> type:securepay
DEBUG	[2018-12-04 17:58:25:654] <40904> pgid:INIphpISP_
DEBUG	[2018-12-04 17:58:25:654] <40904> subpgip:203.238.3.10
DEBUG	[2018-12-04 17:58:25:654] <40904> admin:1111
DEBUG	[2018-12-04 17:58:25:654] <40904> debug:true
DEBUG	[2018-12-04 17:58:25:654] <40904> uid:
DEBUG	[2018-12-04 17:58:25:654] <40904> goodname:ø¬∏Æø¯πÆ¿⁄ - 1∞≥ø˘±‚∞£ 
DEBUG	[2018-12-04 17:58:25:654] <40904> currency:WON
DEBUG	[2018-12-04 17:58:25:654] <40904> mid:obmms20151
DEBUG	[2018-12-04 17:58:25:654] <40904> rn:MjAxODEyMDQxNzU3MTU5MjM1MTA3OQ==

DEBUG	[2018-12-04 17:58:25:654] <40904> price:11000
DEBUG	[2018-12-04 17:58:25:654] <40904> enctype:
DEBUG	[2018-12-04 17:58:25:654] <40904> buyername:±Ë¡ˆøµ
DEBUG	[2018-12-04 17:58:25:654] <40904> buyertel:010-5693-2906
DEBUG	[2018-12-04 17:58:25:654] <40904> buyeremail:teach1113@naver.com
DEBUG	[2018-12-04 17:58:25:654] <40904> paymethod:VCard
DEBUG	[2018-12-04 17:58:25:654] <40904> encrypted:Version=4.1&PayMethod=VCard&RsaKeyNum=1&EncryptionAlgorithm=NONE&SignAlgorithm=SHA1WithRSAEncryption&CertVer=39&moid=11942_181204055715&ver_trace=main(6109,6065)vcard(6115)card(6185,6158)n(6009)Cs(6025)Dt(6002)Pa(6002)Cf(6025)Fv(0000)La(6183)Re(6135)Vr(6008)P(6034)en(6070)&pg1=39.115.212.10&pg2=203.238.37.3&pg1ip=39.115.212.10&pg2ip=203.238.37.3&agreeflag=1111&rn=3/jEtW8/BAdd+gyA290LRJG7ru9zshrf61oiM7SSizo=
&VCode=000100484800281&VQuota=00&VNoint=0&ip=192.168.0.27&mac=003067DDD915&cardpoint=9&custemail=teach1113@naver.com&price=4uDsrkVGcE8gjm3e9sgrB7OBpLxSv2re
&below1000=0&encisp=0&pgnoint=0&VKBPoint=&VSessionKey=JfqjwOfcFf0Cz7SBBLf1cEeON0Fz9Qmr8QX7kkErorIMWU55IIuSmG6drMhKnGPc%0d%0aO4Nlyz9mwf3zMhjQLEAPRqjPAdhBalYzI0m3UouUtiSZvLbjkr5IoQGXWSgsk15H%0d%0arA19%2fMCUr5mZc5VZt9IZm7gqwGgTnMWIBsE6U1P3%2bxM%3d%0d%0a&Data=Version%3d1.0%26KeyFlag%3d1%26KeyNum%3d1%26EncryptAlgorithm%3dSEED%2dCBC%26SignAlgorithm%3d%26Data%3dPgE4gSiS3o1aYH%2fa1ZlAqVS0PFM3yTaIUC6bzr9ejl1IKPBEwuuhUWT%2f7H4zHTDA%250awI3h0y1qgCBVv0LksmQw0edggOY7C4ZEGSqVW06qE6A%253d%250a%26PubCert%3d%26PluginVer%3d5076%26eISPVer%3d2107&FDS_TransKey=2065B3D2075A4daaA06223FD5285B452&FDS_SVCType=010100&FDS_CheckResult=T&KCare_Code=&KCare_Price=0&ts=1812041758287nzqm8GSGYq4b1seVwWUmg001089&src_flg=0&OSv=IE11_Win7 6.01.7601 SP1 Professional (GSCDN) (notray:J) [obmms20151] (61_secuni_npapi)&ip2=175.197.7.211
DEBUG	[2018-12-04 17:58:25:654] <40904> sessionkey:VCard
DEBUG	[2018-12-04 17:58:25:654] <40904> url:http://www.obmms.net
DEBUG	[2018-12-04 17:58:25:654] <40904> cardcode:11
DEBUG	[2018-12-04 17:58:25:654] <40904> parentemail:teach1113@naver.com
DEBUG	[2018-12-04 17:58:25:654] <40904> recvname:
DEBUG	[2018-12-04 17:58:25:654] <40904> recvtel:
DEBUG	[2018-12-04 17:58:25:654] <40904> recvaddr:
DEBUG	[2018-12-04 17:58:25:654] <40904> recvpostnum:
DEBUG	[2018-12-04 17:58:25:654] <40904> recvmsg:
DEBUG	[2018-12-04 17:58:25:654] <40904> joincard:
DEBUG	[2018-12-04 17:58:25:654] <40904> joinexpire:
DEBUG	[2018-12-04 17:58:25:654] <40904> id_customer:
INFO	[2018-12-04 17:58:25:654] <40904> Check Field OK
INFO	[2018-12-04 17:58:25:654] <40904> Make TID OK INIphpISP_obmms2015120181204175825542410
INFO	[2018-12-04 17:58:25:654] <40904> PI PUB KEY LOAD OK [39]
INFO	[2018-12-04 17:58:25:655] <40904> PG PUB KEY LOAD OK [30]
INFO	[2018-12-04 17:58:25:655] <40904> MERCHANT PRIV KEY LOAD OK
INFO	[2018-12-04 17:58:25:656] <40904> MERCHANT PUB KEY LOAD OK [0]
INFO	[2018-12-04 17:58:25:657] <40904> MAKE BODY OK
INFO	[2018-12-04 17:58:25:658] <40904> SIGN OK
INFO	[2018-12-04 17:58:25:658] <40904> MAKE HEAD OK
INFO	[2018-12-04 17:58:25:658] <40904> MSG_TO_PG:[0303300175R SHA1                   0                  39                  300200obmms20151               11000INIphpISP_obmms2015120181204175825542410<?xml version="1.0" encoding="UTF-8"?>
<INIpay>
	  <GoodsInfo>
	    <GoodsCnt>1</GoodsCnt>
	    <MOID/>
	    <Currency>WON</Currency>
	    <Tax/>
	    <TaxFree/>
	    <Goods>
	      <SMID>obmms20151</SMID>
	      <GoodsName urlencode="1">%BF%C2%B8%AE%BF%F8%B9%AE%C0%DA+-+1%B0%B3%BF%F9%B1%E2%B0%A3+</GoodsName>
	      <GoodsPrice>11000</GoodsPrice></Goods></GoodsInfo>
	  <BuyerInfo>
	    <BuyerName urlencode="1">%B1%E8%C1%F6%BF%B5</BuyerName>
	    <BuyerTel>010-5693-2906</BuyerTel>
	    <BuyerEmail urlencode="1">teach1113%40naver.com</BuyerEmail>
	    <ParentEmail urlencode="1">teach1113%40naver.com</ParentEmail>
	    <RecvName/>
	    <RecvTel/>
	    <RecvMsg/>
	    <RecvAddr/>
	    <RecvPostNum/></BuyerInfo>
	  <PaymentInfo>
	    <Payment>
	      <PayMethod>VCard</PayMethod>
	      <JoinCard/>
	      <JoinExpire/>
	      <MailOrder/>
	      <SessionKey>VCard</SessionKey>
	      <Encrypted urlencode="1">Version%3D4.1%26PayMethod%3DVCard%26RsaKeyNum%3D1%26EncryptionAlgorithm%3DNONE%26SignAlgorithm%3DSHA1WithRSAEncryption%26CertVer%3D39%26moid%3D11942_181204055715%26ver_trace%3Dmain%286109%2C6065%29vcard%286115%29card%286185%2C6158%29n%286009%29Cs%286025%29Dt%286002%29Pa%286002%29Cf%286025%29Fv%280000%29La%286183%29Re%286135%29Vr%286008%29P%286034%29en%286070%29%26pg1%3D39.115.212.10%26pg2%3D203.238.37.3%26pg1ip%3D39.115.212.10%26pg2ip%3D203.238.37.3%26agreeflag%3D1111%26rn%3D3%2FjEtW8%2FBAdd%2BgyA290LRJG7ru9zshrf61oiM7SSizo%3D%0D%0A%26VCode%3D000100484800281%26VQuota%3D00%26VNoint%3D0%26ip%3D192.168.0.27%26mac%3D003067DDD915%26cardpoint%3D9%26custemail%3Dteach1113%40naver.com%26price%3D4uDsrkVGcE8gjm3e9sgrB7OBpLxSv2re%0D%0A%26below1000%3D0%26encisp%3D0%26pgnoint%3D0%26VKBPoint%3D%26VSessionKey%3DJfqjwOfcFf0Cz7SBBLf1cEeON0Fz9Qmr8QX7kkErorIMWU55IIuSmG6drMhKnGPc%250d%250aO4Nlyz9mwf3zMhjQLEAPRqjPAdhBalYzI0m3UouUtiSZvLbjkr5IoQGXWSgsk15H%250d%250arA19%252fMCUr5mZc5VZt9IZm7gqwGgTnMWIBsE6U1P3%252bxM%253d%250d%250a%26Data%3DVersion%253d1.0%2526KeyFlag%253d1%2526KeyNum%253d1%2526EncryptAlgorithm%253dSEED%252dCBC%2526SignAlgorithm%253d%2526Data%253dPgE4gSiS3o1aYH%252fa1ZlAqVS0PFM3yTaIUC6bzr9ejl1IKPBEwuuhUWT%252f7H4zHTDA%25250awI3h0y1qgCBVv0LksmQw0edggOY7C4ZEGSqVW06qE6A%25253d%25250a%2526PubCert%253d%2526PluginVer%253d5076%2526eISPVer%253d2107%26FDS_TransKey%3D2065B3D2075A4daaA06223FD5285B452%26FDS_SVCType%3D010100%26FDS_CheckResult%3DT%26KCare_Code%3D%26KCare_Price%3D0%26ts%3D1812041758287nzqm8GSGYq4b1seVwWUmg001089%26src_flg%3D0%26OSv%3DIE11_Win7+6.01.7601+SP1+Professional+%28GSCDN%29+%28notray%3AJ%29+%5Bobmms20151%5D+%2861_secuni_npapi%29%26ip2%3D175.197.7.211</Encrypted></Payment></PaymentInfo>
	  <ReservedInfo>
	    <MReserved1/>
	    <MReserved2/>
	    <MReserved3/></ReservedInfo>
	  <ManageInfo>
	    <Language/>
	    <URL urlencode="1">http%3A%2F%2Fwww.obmms.net</URL>
	    <TXVersion>5036B141209securLinux     PHPchkfake   3.10.0-862.11.6.el7.x86_64PHP:</TXVersion>
	    <TXUserID/>
	    <TXRegNum/>
	    <Ack>1</Ack>
	    <TXRN>MjAxODEyMDQxNzU3MTU5MjM1MTA3OQ==
</TXRN></ManageInfo></INIpay>AXVhAURu3ChiiMI/cAlftmlj1YrsBv8hk/sK8m8SOnNVGTWxCQsKO4TjLaxaHsDZ
XSaGtIctkAWg9n6vZKUGS6fkkoiNgHd6DVo4Xesy5I56EPpp3SsiU4fjFYpEam5l
iQXA0ROAyQp5Ac2XajoiA15FV06PjC4oBXzhJEcY1dqV
]
INFO	[2018-12-04 17:58:25:736] <40904> DNS LOOKUP OK(39.115.212.10:39.115.212.10:34049) laptime:0
INFO	[2018-12-04 17:58:25:737] <40904> SOCKET CONNECT OK
INFO	[2018-12-04 17:58:25:737] <40904> SEND OK
INFO	[2018-12-04 17:58:27:568] <40904> RECV OK
INFO	[2018-12-04 17:58:27:568] <40904> MSG_FROM_PG:[0282100175D SHA1                   0                  39                  300210obmms20151               11000INIphpISP_obmms2015120181204175825542410<?xml version="1.0" encoding="UTF-8"?>
<INIpay>
  <GoodsInfo>
    <GoodsCnt>1</GoodsCnt>
    <MOID urlencode="1">11942_181204055715</MOID>
    <Currency>WON</Currency>
    <Goods no="1">
      <SMID>obmms20151</SMID>
      <GoodsName urlencode="1">%BF%C2%B8%AE%BF%F8%B9%AE%C0%DA+-+1%B0%B3%BF%F9%B1%E2%B0%A3+</GoodsName>
      <GoodsCntS>1</GoodsCntS>
      <GoodsPrice>11000</GoodsPrice>
    </Goods>
  </GoodsInfo>
  <PaymentInfo>
    <Payment>
      <SessionKey>AQDYcshA60VyQdr5530O1zws07Y7zaIFktXHr9JffZKicPrfSCd30B2u86oRhBgz
xNj9Y84LELDSxSQdavbn4FwbCvU3iveV7W+THUgtMPk+bkESrJZ5HtmUmogj0TKh
JhWJLa370cp6cw3ZHXB1jD2RZgwkxp6jdrmlthRhaCzg6oJ3qE8wVTU=
</SessionKey>
      <Encrypted>85UcZwbkHNRl0tgoTZxSwsLvKOQP9j1/JGDDpXLn49Pf1+X5366WvYC2nrSVRFdf
8WKQAxNlJlTnoGyqHEzaZ2qAWvoCyzc1x5RDqbirWOiM4CXG0ctA1ZwdeKCoJzF2
fSdcbmGutn1++BHCf//iYFlbuuL/zxNAbNsBd8OJrtJ3u3qheQqLaqeJnrhMzpSK
Hkr5iaNWEFvMbbh55WcSKp3OCXG9oyt8BULUWkpMnuxGbNdonwblq43FWPSV0qTU
SZ7UZhwHrusgb1k2Lue49Cg8Ty80qXJLKn+kC+xsl8/Zm35G3Gzh2/9z9U/+f8Mg
tHB06tSgKaOH8GO+3JVIEAEJicngW9unf/pXThay1Z9Q5x3DYZ+TgawfGRn/i2aX
4NCLUld3PhuzQHRHPFGQE1LK/jBNLgPrOLOB060DCwbtzKNq67AYMRO+kcE25+8/
q+XCjOdsBSLJs0HA8WVGV26W96pjCCEHmkWOH5B2UiOuh+0NmizTUSXqzjTU7q7i
kpBZ2lB8QyAdR5bFT58yXunAfg9RVkld77oFmQnPhO88C8hiX8HNtb+4ZkCFE9CM
XL1tGn/b/tiEdlVxdlGyxNdeoyJS+ZwaMtDQGI1c7QEnhAUcvzM8e7ARpKDoB2AV
cjXuVgRQwXUjmgkJHThHdLNNAlU539WyY+kadUi2tZxH6+RQowXobDrjOSVYd6Xw
UufwfG0FfP0CQGQx4gqhcvbnTLJO100UPAEsYCe4pu6GmP+P0P4d8zWTkD5/mAzH
b5k5zE3L+0RGO2hZ3yncjBOtVIZbcoy3rT1YdCl6/zORvVmQAxM/or9Fep8xbsPC
omKxHJXsDbBuTgHMl4I+p7J5zlOIk0BKkFSNU9hfwT0mjzAb35MeIyMEyIC5KqbG
YLuoUkpR3iY53k0p8OOlY2CG7LStuGhD9ejbfIGaUfdXgAPCcs65DA+ygS+AIL8t
hdUerzPfUkKU99kZ1jcnAhRgHAqOLqwDXxo8cNyJEibyxCPCx9uQsLQrk4+fiMVK
MBbsZ30HCX2c4+/DEvd47pQhvRXlBWsgxFiZ6+VpgO11Sph0Skh7W9pMqyaKBrQI
wNWUHqlRqy6C4IboH2hSIGM4DTjnZvodCe+j/Z3zq+WPScfGkYvFvD6MRbcNzK6b
sg7KX0me7Xt9I94Ttqu9XpVCnXL9zLKW1pMvgXtbyJilAYqiS5z735Df/4dOLtoc
m9TGNZQHY+zDsThx/OQVmBHYfyeVjkzQ8dShqGSBXruFtqa2BimY7QgA5luDRIWu
UjNnsyDqcIFo8Zy74wNKmrRCcSKW9BQvMgzNSx0Xl3RIY/cq2Y274hyOT7g7ULaY
nNElnYto57DVNcI89gfuIcbXMpML90TtU2OVkxQ9Nw9eVPYTX+WSjzqjYHBmoo7q
/TH17+LsFJV2ZBs2mXYo+GhdQOefdBlgpQyNVczoxcCESyNFg1wmng==
</Encrypted>
      <PayMethod>VCard</PayMethod>
      <ResultCode>170000</ResultCode>
      <ResultMsg urlencode="1">%C1%A4%BB%F3%BF%CF%B7%E1</ResultMsg>
    </Payment>
  </PaymentInfo>
  <ManageInfo>
    <EventCode></EventCode>
    <OrgCurrency></OrgCurrency>
    <ExchangeRate></ExchangeRate>
    <OrgPrice></OrgPrice>
  </ManageInfo>
  <ReservedInfo>
    <MReserved1 urlencode="1"></MReserved1>
    <MReserved2 urlencode="1"></MReserved2>
    <MReserved3 urlencode="1"></MReserved3>
    <PGReserved1 urlencode="1"></PGReserved1>
    <PGReserved2 urlencode="1"></PGReserved2>
    <PGReserved3 urlencode="1"></PGReserved3>
  </ReservedInfo>
</INIpay>
uRqpEg1YJWKzYLYZLkR/eT9AGWgXw8Mo40cnnbsKslFAX6HNYsULwyMYHiWTMX/p
LIRjipko//WD34mxuSZoEesFpoIlEHRV7jXt0VVeKzNe66TOTlEbliTSpURVumAI
VyRPs3Mm6XSJRJjJphZ7Cb0KLh4cAy9vpK3ByiNzS2c=
]
INFO	[2018-12-04 17:58:27:568] <40904> VERIFY OK
INFO	[2018-12-04 17:58:27:568] <40904> PARSE HEAD OK
INFO	[2018-12-04 17:58:27:570] <40904> PARSE BODY OK
INFO	[2018-12-04 17:58:27:676] <40904> DECRYPT OK
DEBUG	[2018-12-04 17:58:27:676] <40904> DECRYPT MSG:[<?xml version="1.0" encoding="UTF-8"?>
<PaymentInfo>
  <Payment>
    <EASYPAY/>
    <VCard>
      <ISP_ApplPrice>11000</ISP_ApplPrice>
      <ISP_BankCode>00</ISP_BankCode>
      <ISP_Quota>00</ISP_Quota>
      <ISP_Interest>0</ISP_Interest>
      <ISP_CardCode>11</ISP_CardCode>
      <ISP_CardNum>94904900****</ISP_CardNum>
      <ISP_Point></ISP_Point>
      <ISP_ApplDate>20181204</ISP_ApplDate>
      <ISP_ApplTime>175826</ISP_ApplTime>
      <ISP_ApplNum>58747011</ISP_ApplNum>
      <ISP_TerminalNum>019048y000</ISP_TerminalNum>
      <ISP_MemberNum></ISP_MemberNum>
      <ISP_PurchaseCode></ISP_PurchaseCode>
      <ISP_ResultCode>170000</ISP_ResultCode>
      <ISP_ResultMsg urlencode="1">%C1%A4%BB%F3%BF%CF%B7%E1</ISP_ResultMsg>
      <ISP_PrtcCode>1</ISP_PrtcCode>
      <ISP_Quota_Point>00</ISP_Quota_Point>
      <ISP_CheckFlag>1</ISP_CheckFlag>
      <ISP_PurchaseName urlencode="1"></ISP_PurchaseName>
      <ISP_IssuerName urlencode="1"></ISP_IssuerName>
      <ISP_UsePoint></ISP_UsePoint>
      <ISP_CouponOnlyMer></ISP_CouponOnlyMer>
    </VCard>
  </Payment>
</PaymentInfo>]
INFO	[2018-12-04 17:58:27:678] <40904> DECRYPT PARSE OK
INFO	[2018-12-04 17:58:27:678] <40904> WAIT ACK INVOKING
DEBUG	[2018-12-04 17:58:27:678] <40904> MAKE HEAD OK
INFO	[2018-12-04 17:58:27:680] <40904> SUCCESS ACK INVOKING
INFO	[2018-12-04 17:58:27:680] <40904> END securepay ¡§ªÛøœ∑· Laptime:[2.026sec]
INFO	[2018-12-04 17:58:27:680] <40904> ===============================================================
