INFO	[2018-06-19 11:56:32:417] <27388> START INIPHP chkfake (V5036-141209)(OS:Linux2.6.32-696.18.7.el6.x86_64,PHP:5.5.17p1)
DEBUG	[2018-06-19 11:56:32:417] <27388> inipayhome:/home/hosting_users/ilearning3/www/inipay
DEBUG	[2018-06-19 11:56:32:417] <27388> type:chkfake
DEBUG	[2018-06-19 11:56:32:417] <27388> debug:true
DEBUG	[2018-06-19 11:56:32:417] <27388> enctype:asym
DEBUG	[2018-06-19 11:56:32:417] <27388> admin:1111
DEBUG	[2018-06-19 11:56:32:417] <27388> checkopt:false
DEBUG	[2018-06-19 11:56:32:417] <27388> mid:obmms20151
DEBUG	[2018-06-19 11:56:32:417] <27388> price:11000
DEBUG	[2018-06-19 11:56:32:417] <27388> nointerest:no
DEBUG	[2018-06-19 11:56:32:417] <27388> quotabase:ÏÑ†ÌÉù:ÏùºÏãúÎ∂à:2Í∞úÏõî:3Í∞úÏõî:6Í∞úÏõî
INFO	[2018-06-19 11:56:32:417] <27388> Check Field OK
INFO	[2018-06-19 11:56:32:523] <27388> MERCHANT PRIV KEY LOAD OK
INFO	[2018-06-19 11:56:32:624] <27388> MERCHANT PUB KEY LOAD OK []
INFO	[2018-06-19 11:56:32:624] <27388> CHKFAKE KEY MAKE OK:MjAxODA2MTkxMTU2MzI2MjQxMjkzNA==

INFO	[2018-06-19 11:56:32:624] <27388> END chkfake  Laptime:[0.208sec]
INFO	[2018-06-19 11:56:32:624] <27388> ===============================================================
INFO	[2018-06-19 11:58:25:259] <27538> START INIPHP chkfake (V5036-141209)(OS:Linux2.6.32-696.18.7.el6.x86_64,PHP:5.5.17p1)
DEBUG	[2018-06-19 11:58:25:259] <27538> inipayhome:/home/hosting_users/ilearning3/www/inipay
DEBUG	[2018-06-19 11:58:25:259] <27538> type:chkfake
DEBUG	[2018-06-19 11:58:25:259] <27538> debug:true
DEBUG	[2018-06-19 11:58:25:259] <27538> enctype:asym
DEBUG	[2018-06-19 11:58:25:259] <27538> admin:1111
DEBUG	[2018-06-19 11:58:25:259] <27538> checkopt:false
DEBUG	[2018-06-19 11:58:25:259] <27538> mid:obmms20151
DEBUG	[2018-06-19 11:58:25:259] <27538> price:11000
DEBUG	[2018-06-19 11:58:25:259] <27538> nointerest:no
DEBUG	[2018-06-19 11:58:25:259] <27538> quotabase:ÏÑ†ÌÉù:ÏùºÏãúÎ∂à:2Í∞úÏõî:3Í∞úÏõî:6Í∞úÏõî
INFO	[2018-06-19 11:58:25:259] <27538> Check Field OK
INFO	[2018-06-19 11:58:25:259] <27538> MERCHANT PRIV KEY LOAD OK
INFO	[2018-06-19 11:58:25:259] <27538> MERCHANT PUB KEY LOAD OK []
INFO	[2018-06-19 11:58:25:260] <27538> CHKFAKE KEY MAKE OK:MjAxODA2MTkxMTU4MjUyNTkyOTIyMg==

INFO	[2018-06-19 11:58:25:260] <27538> END chkfake  Laptime:[0.001sec]
INFO	[2018-06-19 11:58:25:260] <27538> ===============================================================
INFO	[2018-06-19 11:58:59:186] <27388> START INIPHP chkfake (V5036-141209)(OS:Linux2.6.32-696.18.7.el6.x86_64,PHP:5.5.17p1)
DEBUG	[2018-06-19 11:58:59:186] <27388> inipayhome:/home/hosting_users/ilearning3/www/inipay
DEBUG	[2018-06-19 11:58:59:186] <27388> type:chkfake
DEBUG	[2018-06-19 11:58:59:186] <27388> debug:true
DEBUG	[2018-06-19 11:58:59:186] <27388> enctype:asym
DEBUG	[2018-06-19 11:58:59:186] <27388> admin:1111
DEBUG	[2018-06-19 11:58:59:186] <27388> checkopt:false
DEBUG	[2018-06-19 11:58:59:186] <27388> mid:obmms20151
DEBUG	[2018-06-19 11:58:59:186] <27388> price:11000
DEBUG	[2018-06-19 11:58:59:186] <27388> nointerest:no
DEBUG	[2018-06-19 11:58:59:186] <27388> quotabase:ÏÑ†ÌÉù:ÏùºÏãúÎ∂à:2Í∞úÏõî:3Í∞úÏõî:6Í∞úÏõî
INFO	[2018-06-19 11:58:59:186] <27388> Check Field OK
INFO	[2018-06-19 11:58:59:186] <27388> MERCHANT PRIV KEY LOAD OK
INFO	[2018-06-19 11:58:59:186] <27388> MERCHANT PUB KEY LOAD OK []
INFO	[2018-06-19 11:58:59:187] <27388> CHKFAKE KEY MAKE OK:MjAxODA2MTkxMTU4NTkxODY3ODMwMg==

INFO	[2018-06-19 11:58:59:187] <27388> END chkfake  Laptime:[0.001sec]
INFO	[2018-06-19 11:58:59:187] <27388> ===============================================================
INFO	[2018-06-19 11:59:21:297] <27638> START INIPHP chkfake (V5036-141209)(OS:Linux2.6.32-696.18.7.el6.x86_64,PHP:5.5.17p1)
DEBUG	[2018-06-19 11:59:21:297] <27638> inipayhome:/home/hosting_users/ilearning3/www/inipay
DEBUG	[2018-06-19 11:59:21:297] <27638> type:chkfake
DEBUG	[2018-06-19 11:59:21:297] <27638> debug:true
DEBUG	[2018-06-19 11:59:21:297] <27638> enctype:asym
DEBUG	[2018-06-19 11:59:21:297] <27638> admin:1111
DEBUG	[2018-06-19 11:59:21:297] <27638> checkopt:false
DEBUG	[2018-06-19 11:59:21:297] <27638> mid:obmms20151
DEBUG	[2018-06-19 11:59:21:297] <27638> price:11000
DEBUG	[2018-06-19 11:59:21:297] <27638> nointerest:no
DEBUG	[2018-06-19 11:59:21:297] <27638> quotabase:ÏÑ†ÌÉù:ÏùºÏãúÎ∂à:2Í∞úÏõî:3Í∞úÏõî:6Í∞úÏõî
INFO	[2018-06-19 11:59:21:297] <27638> Check Field OK
INFO	[2018-06-19 11:59:21:297] <27638> MERCHANT PRIV KEY LOAD OK
INFO	[2018-06-19 11:59:21:297] <27638> MERCHANT PUB KEY LOAD OK []
INFO	[2018-06-19 11:59:21:298] <27638> CHKFAKE KEY MAKE OK:MjAxODA2MTkxMTU5MjEyOTc0MDg2NQ==

INFO	[2018-06-19 11:59:21:298] <27638> END chkfake  Laptime:[0.001sec]
INFO	[2018-06-19 11:59:21:298] <27638> ===============================================================
INFO	[2018-06-19 12:01:30:896] <25933> START INIPHP chkfake (V5036-141209)(OS:Linux2.6.32-696.18.7.el6.x86_64,PHP:5.5.17p1)
DEBUG	[2018-06-19 12:01:30:896] <25933> inipayhome:/home/hosting_users/ilearning3/www/inipay
DEBUG	[2018-06-19 12:01:30:896] <25933> type:chkfake
DEBUG	[2018-06-19 12:01:30:896] <25933> debug:true
DEBUG	[2018-06-19 12:01:30:896] <25933> enctype:asym
DEBUG	[2018-06-19 12:01:30:896] <25933> admin:1111
DEBUG	[2018-06-19 12:01:30:896] <25933> checkopt:false
DEBUG	[2018-06-19 12:01:30:896] <25933> mid:obmms20151
DEBUG	[2018-06-19 12:01:30:896] <25933> price:11000
DEBUG	[2018-06-19 12:01:30:896] <25933> nointerest:no
DEBUG	[2018-06-19 12:01:30:896] <25933> quotabase:ÏÑ†ÌÉù:ÏùºÏãúÎ∂à:2Í∞úÏõî:3Í∞úÏõî:6Í∞úÏõî
INFO	[2018-06-19 12:01:30:896] <25933> Check Field OK
INFO	[2018-06-19 12:01:30:896] <25933> MERCHANT PRIV KEY LOAD OK
INFO	[2018-06-19 12:01:30:896] <25933> MERCHANT PUB KEY LOAD OK []
INFO	[2018-06-19 12:01:30:897] <25933> CHKFAKE KEY MAKE OK:MjAxODA2MTkxMjAxMzA4OTYyMTU5MA==

INFO	[2018-06-19 12:01:30:897] <25933> END chkfake  Laptime:[0.001sec]
INFO	[2018-06-19 12:01:30:897] <25933> ===============================================================
INFO	[2018-06-19 12:07:12:503] <27879> START INIPHP chkfake (V5036-141209)(OS:Linux2.6.32-696.18.7.el6.x86_64,PHP:5.5.17p1)
DEBUG	[2018-06-19 12:07:12:503] <27879> inipayhome:/home/hosting_users/ilearning3/www/inipay
DEBUG	[2018-06-19 12:07:12:503] <27879> type:chkfake
DEBUG	[2018-06-19 12:07:12:503] <27879> debug:true
DEBUG	[2018-06-19 12:07:12:503] <27879> enctype:asym
DEBUG	[2018-06-19 12:07:12:503] <27879> admin:1111
DEBUG	[2018-06-19 12:07:12:503] <27879> checkopt:false
DEBUG	[2018-06-19 12:07:12:503] <27879> mid:obmms20151
DEBUG	[2018-06-19 12:07:12:503] <27879> price:11000
DEBUG	[2018-06-19 12:07:12:503] <27879> nointerest:no
DEBUG	[2018-06-19 12:07:12:503] <27879> quotabase:ÏÑ†ÌÉù:ÏùºÏãúÎ∂à:2Í∞úÏõî:3Í∞úÏõî:6Í∞úÏõî
INFO	[2018-06-19 12:07:12:503] <27879> Check Field OK
INFO	[2018-06-19 12:07:12:503] <27879> MERCHANT PRIV KEY LOAD OK
INFO	[2018-06-19 12:07:12:503] <27879> MERCHANT PUB KEY LOAD OK []
INFO	[2018-06-19 12:07:12:503] <27879> CHKFAKE KEY MAKE OK:MjAxODA2MTkxMjA3MTI1MDM5MTE5Nw==

INFO	[2018-06-19 12:07:12:503] <27879> END chkfake  Laptime:[0.001sec]
INFO	[2018-06-19 12:07:12:503] <27879> ===============================================================
INFO	[2018-06-19 21:58:19:657] <5074> START INIPHP chkfake (V5036-141209)(OS:Linux2.6.32-696.18.7.el6.x86_64,PHP:5.5.17p1)
DEBUG	[2018-06-19 21:58:19:657] <5074> inipayhome:/home/hosting_users/ilearning3/www/inipay
DEBUG	[2018-06-19 21:58:19:657] <5074> type:chkfake
DEBUG	[2018-06-19 21:58:19:657] <5074> debug:true
DEBUG	[2018-06-19 21:58:19:657] <5074> enctype:asym
DEBUG	[2018-06-19 21:58:19:657] <5074> admin:1111
DEBUG	[2018-06-19 21:58:19:657] <5074> checkopt:false
DEBUG	[2018-06-19 21:58:19:657] <5074> mid:obmms20151
DEBUG	[2018-06-19 21:58:19:657] <5074> price:550000
DEBUG	[2018-06-19 21:58:19:657] <5074> nointerest:no
DEBUG	[2018-06-19 21:58:19:657] <5074> quotabase:ÏÑ†ÌÉù:ÏùºÏãúÎ∂à:2Í∞úÏõî:3Í∞úÏõî:6Í∞úÏõî
INFO	[2018-06-19 21:58:19:657] <5074> Check Field OK
INFO	[2018-06-19 21:58:19:657] <5074> MERCHANT PRIV KEY LOAD OK
INFO	[2018-06-19 21:58:19:657] <5074> MERCHANT PUB KEY LOAD OK []
INFO	[2018-06-19 21:58:19:658] <5074> CHKFAKE KEY MAKE OK:MjAxODA2MTkyMTU4MTk2NTc5NjM5MA==

INFO	[2018-06-19 21:58:19:659] <5074> END chkfake  Laptime:[0.003sec]
INFO	[2018-06-19 21:58:19:659] <5074> ===============================================================
INFO	[2018-06-19 21:58:35:45] <5324> START INIPHP chkfake (V5036-141209)(OS:Linux2.6.32-696.18.7.el6.x86_64,PHP:5.5.17p1)
DEBUG	[2018-06-19 21:58:35:45] <5324> inipayhome:/home/hosting_users/ilearning3/www/inipay
DEBUG	[2018-06-19 21:58:35:45] <5324> type:chkfake
DEBUG	[2018-06-19 21:58:35:45] <5324> debug:true
DEBUG	[2018-06-19 21:58:35:45] <5324> enctype:asym
DEBUG	[2018-06-19 21:58:35:45] <5324> admin:1111
DEBUG	[2018-06-19 21:58:35:45] <5324> checkopt:false
DEBUG	[2018-06-19 21:58:35:45] <5324> mid:obmms20151
DEBUG	[2018-06-19 21:58:35:45] <5324> price:550000
DEBUG	[2018-06-19 21:58:35:45] <5324> nointerest:no
DEBUG	[2018-06-19 21:58:35:45] <5324> quotabase:ÏÑ†ÌÉù:ÏùºÏãúÎ∂à:2Í∞úÏõî:3Í∞úÏõî:6Í∞úÏõî
INFO	[2018-06-19 21:58:35:45] <5324> Check Field OK
INFO	[2018-06-19 21:58:35:46] <5324> MERCHANT PRIV KEY LOAD OK
INFO	[2018-06-19 21:58:35:46] <5324> MERCHANT PUB KEY LOAD OK []
INFO	[2018-06-19 21:58:35:46] <5324> CHKFAKE KEY MAKE OK:MjAxODA2MTkyMTU4MzUwNDY2ODk1Nw==

INFO	[2018-06-19 21:58:35:46] <5324> END chkfake  Laptime:[0.001sec]
INFO	[2018-06-19 21:58:35:46] <5324> ===============================================================
INFO	[2018-06-19 21:59:59:112] <141289> START INIPHP securepay (V5036-141209)(OS:Linux2.6.32-696.18.7.el6.x86_64,PHP:5.5.17p1)
DEBUG	[2018-06-19 21:59:59:112] <141289> inipayhome:/home/hosting_users/ilearning3/www/inipay
DEBUG	[2018-06-19 21:59:59:112] <141289> type:securepay
DEBUG	[2018-06-19 21:59:59:112] <141289> pgid:INIphpCARD
DEBUG	[2018-06-19 21:59:59:112] <141289> subpgip:203.238.3.10
DEBUG	[2018-06-19 21:59:59:112] <141289> admin:1111
DEBUG	[2018-06-19 21:59:59:112] <141289> debug:true
DEBUG	[2018-06-19 21:59:59:112] <141289> uid:
DEBUG	[2018-06-19 21:59:59:112] <141289> goodname:∞≠ªÁ∆Øæ‡
DEBUG	[2018-06-19 21:59:59:112] <141289> currency:WON
DEBUG	[2018-06-19 21:59:59:112] <141289> mid:obmms20151
DEBUG	[2018-06-19 21:59:59:112] <141289> rn:MjAxODA2MTkyMTU4MzUwNDY2ODk1Nw==

DEBUG	[2018-06-19 21:59:59:112] <141289> price:550000
DEBUG	[2018-06-19 21:59:59:112] <141289> enctype:
DEBUG	[2018-06-19 21:59:59:112] <141289> buyername:¡∂¥Î»Ò
DEBUG	[2018-06-19 21:59:59:112] <141289> buyertel:010-5496-3741
DEBUG	[2018-06-19 21:59:59:112] <141289> buyeremail:naisday@daum.net
DEBUG	[2018-06-19 21:59:59:112] <141289> paymethod:Card
DEBUG	[2018-06-19 21:59:59:112] <141289> encrypted:Version=4.1&PayMethod=Card&RsaKeyNum=1&EncryptionAlgorithm=SEED-CBC&SignAlgorithm=RSAwithSHA1&CertVer=39&moid=11799_180619095835&ver_trace=main(6109,6065)card(6183,6157)n(6009)Cs(6025)Dt(6002)Pa(6002)Cf(6025)Fv(0000)La(6183)Re(6135)Vr(6008)P(6034)en(6069)nP(6006)&pg1=203.238.37.3&pg2=211.219.96.180&pg1ip=203.238.37.3&pg2ip=211.219.96.180&agreeflag=1111&Data=5NeGARgS/sVB60kaz6B2RuqxBaPI8viASNjq1tkOLrVPT7/HPOhF2ONBOFYqQFNf
9BbqQvbSW63NEz81OlbQwwk1EMAQCP/6HOW7HyVJmZ2+jZYd/JQpTOOv/htlH6gX
YN2Et7VxYwQcXbL42bmx/FWsxWi0ZHq3xvs1lnhzDMkzdGg+AwKt3roMsUQwMp8+
Mnt3JQgK8y0XzT9c/Mz4urR7qTRmyX55pzzLyYp9kkvfO7Y/YEngUPlVbtvZtw0w
vmCOaL9zFra57tdpdvEB2sYGTDbH3plpqoJhdwu0m5+Yt0U8LSVx5dU2kkslQ89u
nwtq/Y9KqN9VE8a4XPUGL6o3z+mbmsze0xp3gBSXSjaKI/mXcmP6RxTu6PjpwEjA
nBXiLnxEB2hA/g1TH6S5IOdgW81ixa2Fc24G/x7TDT+YtIsoJLbAOYl8OleOgDNs
8kMAj0LqU7PKR9mV0wAAvtr86aW+2Rq4g68AgUN0JNJWAYFNuz5+fXBsuDZntGUh
AXyL/1v0kaWaLRnVWjTTAhq8QkfNx5487aBHid6O1iccikRvHBR+8ZZUlK+h7RSu
EO3bw8feU1C32zy+GSli8VDTrO4n4t2arNlAadE3MU9yJnyuCLXq+2THDWukWVsa
kcOPJj2mRZnIZDwBIyB5h1MaaloMw0JeBUpWMBha+tCTld7U5c3hIuyxs+zhuQ94
WG1/z4y/1NeXAecCPHyWMH/2k1AHgjDBOiIvVgqz1N9ObdeAC3lJhs7k5co6iF+m
IZAm5wMIqCSteBnlGjl17WA6C52194Yjok3zmRf/2yfOhE6EV/BBUUHZ8TKKouxX
Sxs8IF1zCuKpKMstkRx2QG95FjOd
DEBUG	[2018-06-19 21:59:59:112] <141289> sessionkey:h3PxkM3plb2e5IaS94Umr1DLmryVDFTgb8iCypfGc3nbxN3zPyOFPVAebGCNpc+Y
bCuHXgnze8b+zUbjQrNJBZGZJZu14DlTo+ds6phqD4i+ptKvm/vB+efuuhdbwZRd
c+aVD4AyuSQ5XnSXb1LEMvXVPfE3LqEAG+tHWYjdyUE=
DEBUG	[2018-06-19 21:59:59:112] <141289> url:http://www.obmms.net
DEBUG	[2018-06-19 21:59:59:112] <141289> cardcode:12
DEBUG	[2018-06-19 21:59:59:112] <141289> parentemail:naisday@daum.net
DEBUG	[2018-06-19 21:59:59:112] <141289> recvname:
DEBUG	[2018-06-19 21:59:59:112] <141289> recvtel:
DEBUG	[2018-06-19 21:59:59:112] <141289> recvaddr:
DEBUG	[2018-06-19 21:59:59:112] <141289> recvpostnum:
DEBUG	[2018-06-19 21:59:59:112] <141289> recvmsg:
DEBUG	[2018-06-19 21:59:59:112] <141289> joincard:
DEBUG	[2018-06-19 21:59:59:112] <141289> joinexpire:
DEBUG	[2018-06-19 21:59:59:112] <141289> id_customer:
INFO	[2018-06-19 21:59:59:112] <141289> Check Field OK
INFO	[2018-06-19 21:59:59:112] <141289> Make TID OK INIphpCARDobmms2015120180619215959124290
INFO	[2018-06-19 21:59:59:112] <141289> PI PUB KEY LOAD OK [39]
INFO	[2018-06-19 21:59:59:113] <141289> PG PUB KEY LOAD OK [30]
INFO	[2018-06-19 21:59:59:113] <141289> MERCHANT PRIV KEY LOAD OK
INFO	[2018-06-19 21:59:59:113] <141289> MERCHANT PUB KEY LOAD OK [0]
INFO	[2018-06-19 21:59:59:114] <141289> MAKE BODY OK
INFO	[2018-06-19 21:59:59:115] <141289> SIGN OK
INFO	[2018-06-19 21:59:59:115] <141289> MAKE HEAD OK
INFO	[2018-06-19 21:59:59:115] <141289> MSG_TO_PG:[0296200175R SHA1                   0                  39                  300200obmms20151              550000INIphpCARDobmms2015120180619215959124290<?xml version="1.0" encoding="UTF-8"?>
<INIpay>
	  <GoodsInfo>
	    <GoodsCnt>1</GoodsCnt>
	    <MOID/>
	    <Currency>WON</Currency>
	    <Tax/>
	    <TaxFree/>
	    <Goods>
	      <SMID>obmms20151</SMID>
	      <GoodsName urlencode="1">%B0%AD%BB%E7%C6%AF%BE%E0</GoodsName>
	      <GoodsPrice>550000</GoodsPrice></Goods></GoodsInfo>
	  <BuyerInfo>
	    <BuyerName urlencode="1">%C1%B6%B4%EB%C8%F1</BuyerName>
	    <BuyerTel>010-5496-3741</BuyerTel>
	    <BuyerEmail urlencode="1">naisday%40daum.net</BuyerEmail>
	    <ParentEmail urlencode="1">naisday%40daum.net</ParentEmail>
	    <RecvName/>
	    <RecvTel/>
	    <RecvMsg/>
	    <RecvAddr/>
	    <RecvPostNum/></BuyerInfo>
	  <PaymentInfo>
	    <Payment>
	      <PayMethod>Card</PayMethod>
	      <JoinCard/>
	      <JoinExpire/>
	      <MailOrder/>
	      <SessionKey>h3PxkM3plb2e5IaS94Umr1DLmryVDFTgb8iCypfGc3nbxN3zPyOFPVAebGCNpc+Y
bCuHXgnze8b+zUbjQrNJBZGZJZu14DlTo+ds6phqD4i+ptKvm/vB+efuuhdbwZRd
c+aVD4AyuSQ5XnSXb1LEMvXVPfE3LqEAG+tHWYjdyUE=</SessionKey>
	      <Encrypted urlencode="1">Version%3D4.1%26PayMethod%3DCard%26RsaKeyNum%3D1%26EncryptionAlgorithm%3DSEED-CBC%26SignAlgorithm%3DRSAwithSHA1%26CertVer%3D39%26moid%3D11799_180619095835%26ver_trace%3Dmain%286109%2C6065%29card%286183%2C6157%29n%286009%29Cs%286025%29Dt%286002%29Pa%286002%29Cf%286025%29Fv%280000%29La%286183%29Re%286135%29Vr%286008%29P%286034%29en%286069%29nP%286006%29%26pg1%3D203.238.37.3%26pg2%3D211.219.96.180%26pg1ip%3D203.238.37.3%26pg2ip%3D211.219.96.180%26agreeflag%3D1111%26Data%3D5NeGARgS%2FsVB60kaz6B2RuqxBaPI8viASNjq1tkOLrVPT7%2FHPOhF2ONBOFYqQFNf%0D%0A9BbqQvbSW63NEz81OlbQwwk1EMAQCP%2F6HOW7HyVJmZ2%2BjZYd%2FJQpTOOv%2FhtlH6gX%0D%0AYN2Et7VxYwQcXbL42bmx%2FFWsxWi0ZHq3xvs1lnhzDMkzdGg%2BAwKt3roMsUQwMp8%2B%0D%0AMnt3JQgK8y0XzT9c%2FMz4urR7qTRmyX55pzzLyYp9kkvfO7Y%2FYEngUPlVbtvZtw0w%0D%0AvmCOaL9zFra57tdpdvEB2sYGTDbH3plpqoJhdwu0m5%2BYt0U8LSVx5dU2kkslQ89u%0D%0Anwtq%2FY9KqN9VE8a4XPUGL6o3z%2Bmbmsze0xp3gBSXSjaKI%2FmXcmP6RxTu6PjpwEjA%0D%0AnBXiLnxEB2hA%2Fg1TH6S5IOdgW81ixa2Fc24G%2Fx7TDT%2BYtIsoJLbAOYl8OleOgDNs%0D%0A8kMAj0LqU7PKR9mV0wAAvtr86aW%2B2Rq4g68AgUN0JNJWAYFNuz5%2BfXBsuDZntGUh%0D%0AAXyL%2F1v0kaWaLRnVWjTTAhq8QkfNx5487aBHid6O1iccikRvHBR%2B8ZZUlK%2Bh7RSu%0D%0AEO3bw8feU1C32zy%2BGSli8VDTrO4n4t2arNlAadE3MU9yJnyuCLXq%2B2THDWukWVsa%0D%0AkcOPJj2mRZnIZDwBIyB5h1MaaloMw0JeBUpWMBha%2BtCTld7U5c3hIuyxs%2BzhuQ94%0D%0AWG1%2Fz4y%2F1NeXAecCPHyWMH%2F2k1AHgjDBOiIvVgqz1N9ObdeAC3lJhs7k5co6iF%2Bm%0D%0AIZAm5wMIqCSteBnlGjl17WA6C52194Yjok3zmRf%2F2yfOhE6EV%2FBBUUHZ8TKKouxX%0D%0ASxs8IF1zCuKpKMstkRx2QG95FjOd</Encrypted></Payment></PaymentInfo>
	  <ReservedInfo>
	    <MReserved1/>
	    <MReserved2/>
	    <MReserved3/></ReservedInfo>
	  <ManageInfo>
	    <Language/>
	    <URL urlencode="1">http%3A%2F%2Fwww.obmms.net</URL>
	    <TXVersion>5036B141209securLinux     PHPchkfake   2.6.32-696.18.7.el6.x86_64PHP:</TXVersion>
	    <TXUserID/>
	    <TXRegNum/>
	    <Ack>1</Ack>
	    <TXRN>MjAxODA2MTkyMTU4MzUwNDY2ODk1Nw==
</TXRN></ManageInfo></INIpay>AYbvpNYu+fUsd6TUx212Mfrj2a0kUTM2/FuXLE/qh1oKH/zt/mJUq9fh/4q3DI5W
H2mjVcKdwbyESmyN10VB7TKNKkenwBCX0PZbUzKueZJByIbLp2hScaO3tFaqlH/N
C+MhkQh4iw5Oc/QVDlV/fLDaAsGsApaEzLm/1pA6xtfA
]
INFO	[2018-06-19 21:59:59:115] <141289> DNS LOOKUP OK(203.238.37.3:203.238.37.3:34049) laptime:0
INFO	[2018-06-19 21:59:59:117] <141289> SOCKET CONNECT OK
INFO	[2018-06-19 21:59:59:117] <141289> SEND OK
INFO	[2018-06-19 21:59:59:789] <141289> RECV OK
INFO	[2018-06-19 21:59:59:789] <141289> MSG_FROM_PG:[0311100175D SHA1                   0                  39                  300210obmms20151              550000INIphpCARDobmms2015120180619215959124290<?xml version="1.0" encoding="UTF-8"?>
<INIpay>
  <GoodsInfo>
    <GoodsCnt>1</GoodsCnt>
    <MOID urlencode="1">11799_180619095835</MOID>
    <Currency>WON</Currency>
    <Goods no="1">
      <SMID>obmms20151</SMID>
      <GoodsName urlencode="1">%B0%AD%BB%E7%C6%AF%BE%E0</GoodsName>
      <GoodsCntS>1</GoodsCntS>
      <GoodsPrice>550000</GoodsPrice>
    </Goods>
  </GoodsInfo>
  <PaymentInfo>
    <Payment>
      <SessionKey>ANbQcLEPOF8mzuYnD2BmGYXwt3FSHwvxVI4ReUI52aApRWmQ1V+ESltDcDsonnX2
dJ0LxBIdv+iXB5IaV5MAZh4uOl0TEAZDjBKTBfeCruZKx6OGfvm+p20Z1g4jjM7l
qotpXRLfvv95PxaDB8aM8DyUAb+nxZ+Q6o0vdazkKpEXiK1Ke+wIFsg=
</SessionKey>
      <Encrypted>ugO57Chpo3FIKz+9b/MH9OaalPQIGddIPZcbSX8YYraFO6NN8wM+bNKaAp43wlhr
M2+5n8jkJI1JPl9G/Br/YzmQfPdRzfCJVE3Bot8ZtA0D9y1bv/FK+84L3uDPojqI
RUVtw+1ge3wtUgOVN16HmosEf3dfmn1N0bznAyxRbpPVVqqymF5lMbC4svWIbfRU
GPK1NMsJ+gkZlPOvw1iY5przERkKWmA1FKh2bUrAhfp95JSniSqMhLG3OYvQcd8G
MPU1tMiZp0nAbb/cJIjJ8ytggQWSbGFb9TPsU463ONch3rhuP+IcQl2WSSQoFs0z
rPE1umLLEoCVKZaRMnwAR8rt6XjFGnbnIO6gRxPIQMfNOxUkXm1M5eGysn7m9hT3
iyncs3MB0gLuqFpPDHUILcxp6AU+3DzT/GiAUxLdZoskGcLB7BG14x+2VmIsAMlL
+m6llnNOBt0QsxOmfoTMqihhhW8D82+Fn7UUluximN4EqCKVpImD+hrZlJAJ4WLA
LJdiRuO+onAV5gjeqTBVhp/35V0yn50h8FAqsCCbP5qHEHKdZj8Hk7MrEiC9FCS4
XyamCnELyeurveHe5jljssSIOJtLtpgR4R7IcUyd3VUGevX/2IwRzl/ZWq7NEd3F
5QqTxoFDMMQ8GtKqtKeTxhD53sYzphDV5QDFIFg5QiNfyt8BjKJXhPkdup9WDFOL
yF1Za+4PUQEreLou5nVi/mT0bKE1nPpfiN3+nNwekFbV919wsr391v9Q9JeMACvq
J5FgzAF6Vf+TcLwD+z8ESAbJEBrUX8i9RBCaATVtI2TBg5JjDCl6Uzm/hCk7WAzS
dLXeTD7hLfjrCuDz73uvfePrvDtiejmPwknzrtP24B6wOkHjPOdsHuEDqqwh/1aq
7lZwkDEVkoSc23rYXWRJ+g/V6YpcvDoBDeKCztAB6BeAsZ9OQtB++Q0o436CUF8P
vooc8gYBanlJI3jc2dXtflYHZsoyyARruNxv+KWMG61FQhAhwJmcOHbgvtWdjliJ
rlfSujGr105NyW1Zpidi001Ju6H6VR94lf0WXWOcvSUA+UAnqPRsBg7qSzfENn4k
Anm5A5L+PBG5AGVNCXDVQJxV5OsK8QFxZQWOn6ZpHUc7kFTaqkhJ8FSOoOnSYJIy
3FgKUWrVCtHi86JF2PPpSeaINjZngY9SKrqjsIP5tsquCw475qWgpXVU98NKyg3P
1+hjsA6MtCOdp4bPWAJJFJ3lcqjxjJIXaUo5BrZmwn6Db0fWx+06zkd1m/LOa+kA
Lvr+I6NQfWpldVCo5PAOQT9peS3QBzhBTtnhRB1jm2h4tfcLnuq5v/nbqa+TTnhP
NZXEPHG2aJoAneCY/DRGjmdAx/OYzsbFeSMeUDOd9SM0aWJYbf1RH2e+3rDdlTfD
SnpmT1GgFYgm2FyPehfPeeGVBhvcXX2uZ4CL1QutiKfPZLcAdKEknSOQnf5B2gru
6PetfPUvPbgiStZ6DcxNqwcJqdMpGovE3u7NkNPsJxfsuodehjPz62FgfRsAQF9h
Mn5YUErI/TEaUBfSD60BTKls1fIgTDsF0bv/IJ0hshf/7xIfiTj6/0i5a7Qt5Hr+
m/I/H7O7jGGXSU0/HZLJLtvKZo3NC/jjNMv1/Mc+hJnvlyljUo5l034U7mKbDX/6
x/NRaiM5wCutAACgnNbwa29zE0+sqrV1GTw2X+qbIkJEqt13dK/5v88RoZ19z7aG
hGslhuh/brfKlElDeZVfow==
</Encrypted>
      <PayMethod>Card</PayMethod>
      <ResultCode>120000</ResultCode>
      <ResultMsg urlencode="1">%C1%A4%BB%F3%C3%B3%B8%AE%B5%C7%BE%FA%BD%C0%B4%CF%B4%D9.</ResultMsg>
    </Payment>
  </PaymentInfo>
  <ManageInfo>
    <EventCode>1</EventCode>
    <OrgCurrency></OrgCurrency>
    <ExchangeRate></ExchangeRate>
    <OrgPrice></OrgPrice>
  </ManageInfo>
  <ReservedInfo>
    <MReserved1 urlencode="1"></MReserved1>
    <MReserved2 urlencode="1"></MReserved2>
    <MReserved3 urlencode="1"></MReserved3>
    <PGReserved1 urlencode="1"></PGReserved1>
    <PGReserved2 urlencode="1"></PGReserved2>
    <PGReserved3 urlencode="1"></PGReserved3>
  </ReservedInfo>
</INIpay>
ctg1MiSZBQjUmXc0Ty6vQyleqAUvk8IaGG+JxLvKyfliGOzF+QMWvH/Rz6EiTbmV
rlDwnHyVklsu+fizYc22Xz2Gk/NJqKg9LtDPo/70kNieBeDHmNwKV84D2ozOWNS1
ozFmxgFec0kGsYaXHclHO5lFo1HCEV72gpB2M/zNFh4=
]
INFO	[2018-06-19 21:59:59:789] <141289> VERIFY OK
INFO	[2018-06-19 21:59:59:789] <141289> PARSE HEAD OK
INFO	[2018-06-19 21:59:59:790] <141289> PARSE BODY OK
INFO	[2018-06-19 21:59:59:791] <141289> DECRYPT OK
DEBUG	[2018-06-19 21:59:59:791] <141289> DECRYPT MSG:[<?xml version="1.0" encoding="UTF-8"?>
<PaymentInfo>
  <Payment>
    <EASYPAY/>
    <Card>
      <CARD_ApplPrice>550000</CARD_ApplPrice>
      <CARD_Num>468911900201</CARD_Num>
      <CARD_Expire></CARD_Expire>
      <CARD_Code>12</CARD_Code>
      <CARD_BankCode>00</CARD_BankCode>
      <CARD_Quota>06</CARD_Quota>
      <CARD_Interest>0</CARD_Interest>
      <CARD_Point></CARD_Point>
      <CARD_AuthType>99</CARD_AuthType>
      <CARD_RegNum></CARD_RegNum>
      <CARD_ApplDate>20180619</CARD_ApplDate>
      <CARD_ApplTime>215959</CARD_ApplTime>
      <CARD_ApplNum>53827037</CARD_ApplNum>
      <CARD_TerminalNum>019048y000</CARD_TerminalNum>
      <CARD_MemberNum></CARD_MemberNum>
      <CARD_PurchaseCode></CARD_PurchaseCode>
      <CARD_ResultCode>120000</CARD_ResultCode>
      <CARD_ResultMsg urlencode="1">%C1%A4%BB%F3%C3%B3%B8%AE%B5%C7%BE%FA%BD%C0%B4%CF%B4%D9.</CARD_ResultMsg>
      <CARD_PrtcCode>1</CARD_PrtcCode>
      <CARD_Quota_Point>06</CARD_Quota_Point>
      <CARD_CheckFlag>0</CARD_CheckFlag>
      <CARD_PurchaseName urlencode="1"></CARD_PurchaseName>
      <CARD_IssuerName urlencode="1"></CARD_IssuerName>
      <CARD_JoinUsePoint></CARD_JoinUsePoint>
      <CARD_UsePoint></CARD_UsePoint>
      <CARD_CouponOnlyMer></CARD_CouponOnlyMer>
    </Card>
  </Payment>
</PaymentInfo>]
INFO	[2018-06-19 21:59:59:792] <141289> DECRYPT PARSE OK
INFO	[2018-06-19 21:59:59:792] <141289> WAIT ACK INVOKING
DEBUG	[2018-06-19 21:59:59:792] <141289> MAKE HEAD OK
INFO	[2018-06-19 21:59:59:795] <141289> SUCCESS ACK INVOKING
INFO	[2018-06-19 21:59:59:795] <141289> END securepay ¡§ªÛ√≥∏Æµ«æ˙Ω¿¥œ¥Ÿ. Laptime:[0.684sec]
INFO	[2018-06-19 21:59:59:795] <141289> ===============================================================
