INFO	[2015-11-25 15:02:08:528] <28876> START INIPHP chkfake (V5036-141209)(OS:Linux2.6.18-348.4.1.el5,PHP:5.3.13p1)
DEBUG	[2015-11-25 15:02:08:528] <28876> inipayhome:/home/hosting_users/zymo_obms/www/inipay
DEBUG	[2015-11-25 15:02:08:528] <28876> type:chkfake
DEBUG	[2015-11-25 15:02:08:528] <28876> debug:true
DEBUG	[2015-11-25 15:02:08:528] <28876> enctype:asym
DEBUG	[2015-11-25 15:02:08:528] <28876> admin:1111
DEBUG	[2015-11-25 15:02:08:528] <28876> checkopt:false
DEBUG	[2015-11-25 15:02:08:528] <28876> mid:obmms20151
DEBUG	[2015-11-25 15:02:08:528] <28876> price:20000
DEBUG	[2015-11-25 15:02:08:528] <28876> nointerest:no
DEBUG	[2015-11-25 15:02:08:528] <28876> quotabase:선택:일시불:2개월:3개월:6개월
INFO	[2015-11-25 15:02:08:528] <28876> Check Field OK
INFO	[2015-11-25 15:02:08:531] <28876> MERCHANT PRIV KEY LOAD OK
INFO	[2015-11-25 15:02:08:531] <28876> MERCHANT PUB KEY LOAD OK []
INFO	[2015-11-25 15:02:08:532] <28876> CHKFAKE KEY MAKE OK:MjAxNTExMjUxNTAyMDg1MzE0NzI1OA==

INFO	[2015-11-25 15:02:08:532] <28876> END chkfake  Laptime:[0.004sec]
INFO	[2015-11-25 15:02:08:532] <28876> ===============================================================
INFO	[2015-11-25 15:02:41:917] <28893> START INIPHP chkfake (V5036-141209)(OS:Linux2.6.18-348.4.1.el5,PHP:5.3.13p1)
DEBUG	[2015-11-25 15:02:41:917] <28893> inipayhome:/home/hosting_users/zymo_obms/www/inipay
DEBUG	[2015-11-25 15:02:41:917] <28893> type:chkfake
DEBUG	[2015-11-25 15:02:41:917] <28893> debug:true
DEBUG	[2015-11-25 15:02:41:917] <28893> enctype:asym
DEBUG	[2015-11-25 15:02:41:917] <28893> admin:1111
DEBUG	[2015-11-25 15:02:41:917] <28893> checkopt:false
DEBUG	[2015-11-25 15:02:41:917] <28893> mid:obmms20151
DEBUG	[2015-11-25 15:02:41:917] <28893> price:20000
DEBUG	[2015-11-25 15:02:41:917] <28893> nointerest:no
DEBUG	[2015-11-25 15:02:41:917] <28893> quotabase:선택:일시불:2개월:3개월:6개월
INFO	[2015-11-25 15:02:41:917] <28893> Check Field OK
INFO	[2015-11-25 15:02:41:917] <28893> MERCHANT PRIV KEY LOAD OK
INFO	[2015-11-25 15:02:41:917] <28893> MERCHANT PUB KEY LOAD OK []
INFO	[2015-11-25 15:02:41:918] <28893> CHKFAKE KEY MAKE OK:MjAxNTExMjUxNTAyNDE5MTcxNDA5NA==

INFO	[2015-11-25 15:02:41:918] <28893> END chkfake  Laptime:[0.002sec]
INFO	[2015-11-25 15:02:41:918] <28893> ===============================================================
