INFO	[2020-05-25 15:38:41:165] <16905> START INIPHP chkfake (V5036-141209)(OS:Linux2.6.18-274.3.1.el5,PHP:5.2.9)
DEBUG	[2020-05-25 15:38:41:181] <16905> inipayhome:/home/ilearning3/www/inipay
DEBUG	[2020-05-25 15:38:41:181] <16905> type:chkfake
DEBUG	[2020-05-25 15:38:41:181] <16905> debug:true
DEBUG	[2020-05-25 15:38:41:181] <16905> enctype:asym
DEBUG	[2020-05-25 15:38:41:181] <16905> admin:1111
DEBUG	[2020-05-25 15:38:41:181] <16905> checkopt:false
DEBUG	[2020-05-25 15:38:41:181] <16905> mid:obmms20151
DEBUG	[2020-05-25 15:38:41:181] <16905> price:110000
DEBUG	[2020-05-25 15:38:41:181] <16905> nointerest:no
DEBUG	[2020-05-25 15:38:41:181] <16905> quotabase:일시불:2개월:3개월:6개월:12개월
INFO	[2020-05-25 15:38:41:181] <16905> Check Field OK
INFO	[2020-05-25 15:38:41:234] <16905> MERCHANT PRIV KEY LOAD OK
INFO	[2020-05-25 15:38:41:264] <16905> MERCHANT PUB KEY LOAD OK []
INFO	[2020-05-25 15:38:41:277] <16905> CHKFAKE KEY MAKE OK:MjAyMDA1MjUxNTM4NDEyNjQ4MTYxNw==

INFO	[2020-05-25 15:38:41:278] <16905> END chkfake  Laptime:[0.14sec]
INFO	[2020-05-25 15:38:41:278] <16905> ===============================================================
INFO	[2020-05-25 15:40:00:889] <14855> START INIPHP chkfake (V5036-141209)(OS:Linux2.6.18-274.3.1.el5,PHP:5.2.9)
DEBUG	[2020-05-25 15:40:00:889] <14855> inipayhome:/home/ilearning3/www/inipay
DEBUG	[2020-05-25 15:40:00:889] <14855> type:chkfake
DEBUG	[2020-05-25 15:40:00:889] <14855> debug:true
DEBUG	[2020-05-25 15:40:00:889] <14855> enctype:asym
DEBUG	[2020-05-25 15:40:00:889] <14855> admin:1111
DEBUG	[2020-05-25 15:40:00:889] <14855> checkopt:false
DEBUG	[2020-05-25 15:40:00:889] <14855> mid:obmms20151
DEBUG	[2020-05-25 15:40:00:889] <14855> price:110000
DEBUG	[2020-05-25 15:40:00:889] <14855> nointerest:no
DEBUG	[2020-05-25 15:40:00:889] <14855> quotabase:일시불:2개월:3개월:6개월:12개월
INFO	[2020-05-25 15:40:00:889] <14855> Check Field OK
INFO	[2020-05-25 15:40:00:889] <14855> MERCHANT PRIV KEY LOAD OK
INFO	[2020-05-25 15:40:00:890] <14855> MERCHANT PUB KEY LOAD OK []
INFO	[2020-05-25 15:40:00:892] <14855> CHKFAKE KEY MAKE OK:MjAyMDA1MjUxNTQwMDA4OTAxOTA3OQ==

INFO	[2020-05-25 15:40:00:892] <14855> END chkfake  Laptime:[0sec]
INFO	[2020-05-25 15:40:00:892] <14855> ===============================================================
