INFO	[2019-12-16 14:33:42:497] <28396> START INIPHP chkfake (V5036-141209)(OS:Linux2.6.18-274.3.1.el5,PHP:5.2.9)
DEBUG	[2019-12-16 14:33:42:512] <28396> inipayhome:/home/ilearning3/www/inipay
DEBUG	[2019-12-16 14:33:42:512] <28396> type:chkfake
DEBUG	[2019-12-16 14:33:42:512] <28396> debug:true
DEBUG	[2019-12-16 14:33:42:512] <28396> enctype:asym
DEBUG	[2019-12-16 14:33:42:512] <28396> admin:1111
DEBUG	[2019-12-16 14:33:42:512] <28396> checkopt:false
DEBUG	[2019-12-16 14:33:42:512] <28396> mid:obmms20151
DEBUG	[2019-12-16 14:33:42:512] <28396> price:550000
DEBUG	[2019-12-16 14:33:42:512] <28396> nointerest:no
DEBUG	[2019-12-16 14:33:42:512] <28396> quotabase:일시불:2개월:3개월:6개월:12개월
INFO	[2019-12-16 14:33:42:512] <28396> Check Field OK
INFO	[2019-12-16 14:33:42:555] <28396> MERCHANT PRIV KEY LOAD OK
INFO	[2019-12-16 14:33:42:584] <28396> MERCHANT PUB KEY LOAD OK []
INFO	[2019-12-16 14:33:42:600] <28396> CHKFAKE KEY MAKE OK:MjAxOTEyMTYxNDMzNDI1ODQ0NTQ0NA==

INFO	[2019-12-16 14:33:42:600] <28396> END chkfake  Laptime:[0.11sec]
INFO	[2019-12-16 14:33:42:600] <28396> ===============================================================
INFO	[2019-12-16 14:35:50:412] <28410> START INIPHP chkfake (V5036-141209)(OS:Linux2.6.18-274.3.1.el5,PHP:5.2.9)
DEBUG	[2019-12-16 14:35:50:412] <28410> inipayhome:/home/ilearning3/www/inipay
DEBUG	[2019-12-16 14:35:50:412] <28410> type:chkfake
DEBUG	[2019-12-16 14:35:50:412] <28410> debug:true
DEBUG	[2019-12-16 14:35:50:412] <28410> enctype:asym
DEBUG	[2019-12-16 14:35:50:412] <28410> admin:1111
DEBUG	[2019-12-16 14:35:50:412] <28410> checkopt:false
DEBUG	[2019-12-16 14:35:50:412] <28410> mid:obmms20151
DEBUG	[2019-12-16 14:35:50:412] <28410> price:11000
DEBUG	[2019-12-16 14:35:50:412] <28410> nointerest:no
DEBUG	[2019-12-16 14:35:50:412] <28410> quotabase:일시불:2개월:3개월:6개월:12개월
INFO	[2019-12-16 14:35:50:412] <28410> Check Field OK
INFO	[2019-12-16 14:35:50:412] <28410> MERCHANT PRIV KEY LOAD OK
INFO	[2019-12-16 14:35:50:413] <28410> MERCHANT PUB KEY LOAD OK []
INFO	[2019-12-16 14:35:50:414] <28410> CHKFAKE KEY MAKE OK:MjAxOTEyMTYxNDM1NTA0MTMzMjQ1OQ==

INFO	[2019-12-16 14:35:50:414] <28410> END chkfake  Laptime:[0sec]
INFO	[2019-12-16 14:35:50:414] <28410> ===============================================================
INFO	[2019-12-16 15:53:11:609] <8458> START INIPHP chkfake (V5036-141209)(OS:Linux2.6.18-274.3.1.el5,PHP:5.2.9)
DEBUG	[2019-12-16 15:53:11:609] <8458> inipayhome:/home/ilearning3/www/inipay
DEBUG	[2019-12-16 15:53:11:609] <8458> type:chkfake
DEBUG	[2019-12-16 15:53:11:609] <8458> debug:true
DEBUG	[2019-12-16 15:53:11:609] <8458> enctype:asym
DEBUG	[2019-12-16 15:53:11:609] <8458> admin:1111
DEBUG	[2019-12-16 15:53:11:609] <8458> checkopt:false
DEBUG	[2019-12-16 15:53:11:609] <8458> mid:obmms20151
DEBUG	[2019-12-16 15:53:11:609] <8458> price:11000
DEBUG	[2019-12-16 15:53:11:609] <8458> nointerest:no
DEBUG	[2019-12-16 15:53:11:609] <8458> quotabase:일시불:2개월:3개월:6개월:12개월
INFO	[2019-12-16 15:53:11:609] <8458> Check Field OK
INFO	[2019-12-16 15:53:11:609] <8458> MERCHANT PRIV KEY LOAD OK
INFO	[2019-12-16 15:53:11:610] <8458> MERCHANT PUB KEY LOAD OK []
INFO	[2019-12-16 15:53:11:612] <8458> CHKFAKE KEY MAKE OK:MjAxOTEyMTYxNTUzMTE2MTA5ODAwMQ==

INFO	[2019-12-16 15:53:11:612] <8458> END chkfake  Laptime:[0sec]
INFO	[2019-12-16 15:53:11:613] <8458> ===============================================================
INFO	[2019-12-16 15:53:32:653] <8478> START INIPHP chkfake (V5036-141209)(OS:Linux2.6.18-274.3.1.el5,PHP:5.2.9)
DEBUG	[2019-12-16 15:53:32:653] <8478> inipayhome:/home/ilearning3/www/inipay
DEBUG	[2019-12-16 15:53:32:653] <8478> type:chkfake
DEBUG	[2019-12-16 15:53:32:653] <8478> debug:true
DEBUG	[2019-12-16 15:53:32:653] <8478> enctype:asym
DEBUG	[2019-12-16 15:53:32:653] <8478> admin:1111
DEBUG	[2019-12-16 15:53:32:653] <8478> checkopt:false
DEBUG	[2019-12-16 15:53:32:653] <8478> mid:obmms20151
DEBUG	[2019-12-16 15:53:32:653] <8478> price:11000
DEBUG	[2019-12-16 15:53:32:653] <8478> nointerest:no
DEBUG	[2019-12-16 15:53:32:653] <8478> quotabase:일시불:2개월:3개월:6개월:12개월
INFO	[2019-12-16 15:53:32:653] <8478> Check Field OK
INFO	[2019-12-16 15:53:32:654] <8478> MERCHANT PRIV KEY LOAD OK
INFO	[2019-12-16 15:53:32:654] <8478> MERCHANT PUB KEY LOAD OK []
INFO	[2019-12-16 15:53:32:656] <8478> CHKFAKE KEY MAKE OK:MjAxOTEyMTYxNTUzMzI2NTU3MzM5Nw==

INFO	[2019-12-16 15:53:32:656] <8478> END chkfake  Laptime:[0.01sec]
INFO	[2019-12-16 15:53:32:656] <8478> ===============================================================
INFO	[2019-12-16 15:56:31:952] <1319> START INIPHP chkfake (V5036-141209)(OS:Linux2.6.18-274.3.1.el5,PHP:5.2.9)
DEBUG	[2019-12-16 15:56:31:953] <1319> inipayhome:/home/ilearning3/www/inipay
DEBUG	[2019-12-16 15:56:31:953] <1319> type:chkfake
DEBUG	[2019-12-16 15:56:31:953] <1319> debug:true
DEBUG	[2019-12-16 15:56:31:953] <1319> enctype:asym
DEBUG	[2019-12-16 15:56:31:953] <1319> admin:1111
DEBUG	[2019-12-16 15:56:31:953] <1319> checkopt:false
DEBUG	[2019-12-16 15:56:31:953] <1319> mid:obmms20151
DEBUG	[2019-12-16 15:56:31:953] <1319> price:11000
DEBUG	[2019-12-16 15:56:31:953] <1319> nointerest:no
DEBUG	[2019-12-16 15:56:31:953] <1319> quotabase:일시불:2개월:3개월:6개월:12개월
INFO	[2019-12-16 15:56:31:953] <1319> Check Field OK
INFO	[2019-12-16 15:56:31:953] <1319> MERCHANT PRIV KEY LOAD OK
INFO	[2019-12-16 15:56:31:954] <1319> MERCHANT PUB KEY LOAD OK []
INFO	[2019-12-16 15:56:31:955] <1319> CHKFAKE KEY MAKE OK:MjAxOTEyMTYxNTU2MzE5NTQ1MzI2OQ==

INFO	[2019-12-16 15:56:31:956] <1319> END chkfake  Laptime:[0.01sec]
INFO	[2019-12-16 15:56:31:956] <1319> ===============================================================
INFO	[2019-12-16 15:59:29:909] <8459> START INIPHP chkfake (V5036-141209)(OS:Linux2.6.18-274.3.1.el5,PHP:5.2.9)
DEBUG	[2019-12-16 15:59:29:909] <8459> inipayhome:/home/ilearning3/www/inipay
DEBUG	[2019-12-16 15:59:29:909] <8459> type:chkfake
DEBUG	[2019-12-16 15:59:29:909] <8459> debug:true
DEBUG	[2019-12-16 15:59:29:909] <8459> enctype:asym
DEBUG	[2019-12-16 15:59:29:909] <8459> admin:1111
DEBUG	[2019-12-16 15:59:29:909] <8459> checkopt:false
DEBUG	[2019-12-16 15:59:29:909] <8459> mid:obmms20151
DEBUG	[2019-12-16 15:59:29:909] <8459> price:11000
DEBUG	[2019-12-16 15:59:29:909] <8459> nointerest:no
DEBUG	[2019-12-16 15:59:29:909] <8459> quotabase:일시불:2개월:3개월:6개월:12개월
INFO	[2019-12-16 15:59:29:909] <8459> Check Field OK
INFO	[2019-12-16 15:59:29:909] <8459> MERCHANT PRIV KEY LOAD OK
INFO	[2019-12-16 15:59:29:910] <8459> MERCHANT PUB KEY LOAD OK []
INFO	[2019-12-16 15:59:29:912] <8459> CHKFAKE KEY MAKE OK:MjAxOTEyMTYxNTU5Mjk5MTA4ODU1NA==

INFO	[2019-12-16 15:59:29:912] <8459> END chkfake  Laptime:[0sec]
INFO	[2019-12-16 15:59:29:912] <8459> ===============================================================
