INFO	[2019-01-11 17:10:55:576] <55626> START INIPHP chkfake (V5036-141209)(OS:Linux3.10.0-862.11.6.el7.x86_64,PHP:5.5.17p1)
DEBUG	[2019-01-11 17:10:55:577] <55626> inipayhome:/home/hosting_users/ilearning3/www/inipay
DEBUG	[2019-01-11 17:10:55:577] <55626> type:chkfake
DEBUG	[2019-01-11 17:10:55:577] <55626> debug:true
DEBUG	[2019-01-11 17:10:55:577] <55626> enctype:asym
DEBUG	[2019-01-11 17:10:55:577] <55626> admin:1111
DEBUG	[2019-01-11 17:10:55:577] <55626> checkopt:false
DEBUG	[2019-01-11 17:10:55:577] <55626> mid:obmms20151
DEBUG	[2019-01-11 17:10:55:577] <55626> price:11000
DEBUG	[2019-01-11 17:10:55:577] <55626> nointerest:no
DEBUG	[2019-01-11 17:10:55:577] <55626> quotabase:일시불
INFO	[2019-01-11 17:10:55:577] <55626> Check Field OK
INFO	[2019-01-11 17:10:55:590] <55626> MERCHANT PRIV KEY LOAD OK
INFO	[2019-01-11 17:10:55:591] <55626> MERCHANT PUB KEY LOAD OK []
INFO	[2019-01-11 17:10:55:602] <55626> CHKFAKE KEY MAKE OK:MjAxOTAxMTExNzEwNTU1OTEzODUyMw==

INFO	[2019-01-11 17:10:55:602] <55626> END chkfake  Laptime:[0.026sec]
INFO	[2019-01-11 17:10:55:602] <55626> ===============================================================
INFO	[2019-01-11 17:11:39:362] <55814> START INIPHP chkfake (V5036-141209)(OS:Linux3.10.0-862.11.6.el7.x86_64,PHP:5.5.17p1)
DEBUG	[2019-01-11 17:11:39:362] <55814> inipayhome:/home/hosting_users/ilearning3/www/inipay
DEBUG	[2019-01-11 17:11:39:362] <55814> type:chkfake
DEBUG	[2019-01-11 17:11:39:362] <55814> debug:true
DEBUG	[2019-01-11 17:11:39:362] <55814> enctype:asym
DEBUG	[2019-01-11 17:11:39:362] <55814> admin:1111
DEBUG	[2019-01-11 17:11:39:362] <55814> checkopt:false
DEBUG	[2019-01-11 17:11:39:362] <55814> mid:obmms20151
DEBUG	[2019-01-11 17:11:39:362] <55814> price:11000
DEBUG	[2019-01-11 17:11:39:362] <55814> nointerest:no
DEBUG	[2019-01-11 17:11:39:362] <55814> quotabase:일시불
INFO	[2019-01-11 17:11:39:362] <55814> Check Field OK
INFO	[2019-01-11 17:11:39:362] <55814> MERCHANT PRIV KEY LOAD OK
INFO	[2019-01-11 17:11:39:362] <55814> MERCHANT PUB KEY LOAD OK []
INFO	[2019-01-11 17:11:39:363] <55814> CHKFAKE KEY MAKE OK:MjAxOTAxMTExNzExMzkzNjI5ODk2NA==

INFO	[2019-01-11 17:11:39:364] <55814> END chkfake  Laptime:[0.002sec]
INFO	[2019-01-11 17:11:39:364] <55814> ===============================================================
INFO	[2019-01-11 17:13:33:416] <54822> START INIPHP chkfake (V5036-141209)(OS:Linux3.10.0-862.11.6.el7.x86_64,PHP:5.5.17p1)
DEBUG	[2019-01-11 17:13:33:416] <54822> inipayhome:/home/hosting_users/ilearning3/www/inipay
DEBUG	[2019-01-11 17:13:33:416] <54822> type:chkfake
DEBUG	[2019-01-11 17:13:33:416] <54822> debug:true
DEBUG	[2019-01-11 17:13:33:416] <54822> enctype:asym
DEBUG	[2019-01-11 17:13:33:416] <54822> admin:1111
DEBUG	[2019-01-11 17:13:33:416] <54822> checkopt:false
DEBUG	[2019-01-11 17:13:33:416] <54822> mid:obmms20151
DEBUG	[2019-01-11 17:13:33:416] <54822> price:11000
DEBUG	[2019-01-11 17:13:33:416] <54822> nointerest:no
DEBUG	[2019-01-11 17:13:33:416] <54822> quotabase:일시불
INFO	[2019-01-11 17:13:33:416] <54822> Check Field OK
INFO	[2019-01-11 17:13:33:416] <54822> MERCHANT PRIV KEY LOAD OK
INFO	[2019-01-11 17:13:33:417] <54822> MERCHANT PUB KEY LOAD OK []
INFO	[2019-01-11 17:13:33:418] <54822> CHKFAKE KEY MAKE OK:MjAxOTAxMTExNzEzMzM0MTc2MjI3OA==

INFO	[2019-01-11 17:13:33:418] <54822> END chkfake  Laptime:[0.002sec]
INFO	[2019-01-11 17:13:33:418] <54822> ===============================================================
INFO	[2019-01-11 17:19:09:735] <1381> START INIPHP chkfake (V5036-141209)(OS:Linux3.10.0-862.11.6.el7.x86_64,PHP:5.5.17p1)
DEBUG	[2019-01-11 17:19:09:735] <1381> inipayhome:/home/hosting_users/ilearning3/www/inipay
DEBUG	[2019-01-11 17:19:09:735] <1381> type:chkfake
DEBUG	[2019-01-11 17:19:09:735] <1381> debug:true
DEBUG	[2019-01-11 17:19:09:735] <1381> enctype:asym
DEBUG	[2019-01-11 17:19:09:735] <1381> admin:1111
DEBUG	[2019-01-11 17:19:09:735] <1381> checkopt:false
DEBUG	[2019-01-11 17:19:09:735] <1381> mid:obmms20151
DEBUG	[2019-01-11 17:19:09:735] <1381> price:11000
DEBUG	[2019-01-11 17:19:09:735] <1381> nointerest:no
DEBUG	[2019-01-11 17:19:09:735] <1381> quotabase:일시불
INFO	[2019-01-11 17:19:09:735] <1381> Check Field OK
INFO	[2019-01-11 17:19:09:736] <1381> MERCHANT PRIV KEY LOAD OK
INFO	[2019-01-11 17:19:09:736] <1381> MERCHANT PUB KEY LOAD OK []
INFO	[2019-01-11 17:19:09:737] <1381> CHKFAKE KEY MAKE OK:MjAxOTAxMTExNzE5MDk3MzY4OTAwNw==

INFO	[2019-01-11 17:19:09:737] <1381> END chkfake  Laptime:[0.002sec]
INFO	[2019-01-11 17:19:09:737] <1381> ===============================================================
INFO	[2019-01-11 17:20:27:442] <55814> START INIPHP chkfake (V5036-141209)(OS:Linux3.10.0-862.11.6.el7.x86_64,PHP:5.5.17p1)
DEBUG	[2019-01-11 17:20:27:442] <55814> inipayhome:/home/hosting_users/ilearning3/www/inipay
DEBUG	[2019-01-11 17:20:27:442] <55814> type:chkfake
DEBUG	[2019-01-11 17:20:27:442] <55814> debug:true
DEBUG	[2019-01-11 17:20:27:442] <55814> enctype:asym
DEBUG	[2019-01-11 17:20:27:442] <55814> admin:1111
DEBUG	[2019-01-11 17:20:27:442] <55814> checkopt:false
DEBUG	[2019-01-11 17:20:27:442] <55814> mid:obmms20151
DEBUG	[2019-01-11 17:20:27:442] <55814> price:11000
DEBUG	[2019-01-11 17:20:27:442] <55814> nointerest:no
DEBUG	[2019-01-11 17:20:27:442] <55814> quotabase:일시불
INFO	[2019-01-11 17:20:27:442] <55814> Check Field OK
INFO	[2019-01-11 17:20:27:442] <55814> MERCHANT PRIV KEY LOAD OK
INFO	[2019-01-11 17:20:27:443] <55814> MERCHANT PUB KEY LOAD OK []
INFO	[2019-01-11 17:20:27:444] <55814> CHKFAKE KEY MAKE OK:MjAxOTAxMTExNzIwMjc0NDMxODQ4Mw==

INFO	[2019-01-11 17:20:27:444] <55814> END chkfake  Laptime:[0.002sec]
INFO	[2019-01-11 17:20:27:444] <55814> ===============================================================
