INFO	[2019-11-05 15:16:05:710] <9604> START INIPHP chkfake (V5036-141209)(OS:Linux2.6.18-274.3.1.el5,PHP:5.2.9)
DEBUG	[2019-11-05 15:16:05:724] <9604> inipayhome:/home/ilearning3/www/inipay
DEBUG	[2019-11-05 15:16:05:724] <9604> type:chkfake
DEBUG	[2019-11-05 15:16:05:724] <9604> debug:true
DEBUG	[2019-11-05 15:16:05:724] <9604> enctype:asym
DEBUG	[2019-11-05 15:16:05:724] <9604> admin:1111
DEBUG	[2019-11-05 15:16:05:724] <9604> checkopt:false
DEBUG	[2019-11-05 15:16:05:724] <9604> mid:obmms20151
DEBUG	[2019-11-05 15:16:05:724] <9604> price:2500,000
DEBUG	[2019-11-05 15:16:05:724] <9604> nointerest:no
DEBUG	[2019-11-05 15:16:05:724] <9604> quotabase:일시불:2개월:3개월:6개월:12개월
INFO	[2019-11-05 15:16:05:725] <9604> Check Field OK
INFO	[2019-11-05 15:16:05:767] <9604> MERCHANT PRIV KEY LOAD OK
INFO	[2019-11-05 15:16:05:797] <9604> MERCHANT PUB KEY LOAD OK []
INFO	[2019-11-05 15:16:05:813] <9604> CHKFAKE KEY MAKE OK:MjAxOTExMDUxNTE2MDU3OTc4MzY5NQ==

INFO	[2019-11-05 15:16:05:813] <9604> END chkfake  Laptime:[0.1sec]
INFO	[2019-11-05 15:16:05:813] <9604> ===============================================================
INFO	[2019-11-05 15:18:12:770] <9599> START INIPHP chkfake (V5036-141209)(OS:Linux2.6.18-274.3.1.el5,PHP:5.2.9)
DEBUG	[2019-11-05 15:18:12:770] <9599> inipayhome:/home/ilearning3/www/inipay
DEBUG	[2019-11-05 15:18:12:770] <9599> type:chkfake
DEBUG	[2019-11-05 15:18:12:770] <9599> debug:true
DEBUG	[2019-11-05 15:18:12:770] <9599> enctype:asym
DEBUG	[2019-11-05 15:18:12:770] <9599> admin:1111
DEBUG	[2019-11-05 15:18:12:770] <9599> checkopt:false
DEBUG	[2019-11-05 15:18:12:770] <9599> mid:obmms20151
DEBUG	[2019-11-05 15:18:12:770] <9599> price:11000
DEBUG	[2019-11-05 15:18:12:770] <9599> nointerest:no
DEBUG	[2019-11-05 15:18:12:770] <9599> quotabase:일시불:2개월:3개월:6개월:12개월
INFO	[2019-11-05 15:18:12:770] <9599> Check Field OK
INFO	[2019-11-05 15:18:12:771] <9599> MERCHANT PRIV KEY LOAD OK
INFO	[2019-11-05 15:18:12:771] <9599> MERCHANT PUB KEY LOAD OK []
INFO	[2019-11-05 15:18:12:774] <9599> CHKFAKE KEY MAKE OK:MjAxOTExMDUxNTE4MTI3NzE2NDQ3Nw==

INFO	[2019-11-05 15:18:12:774] <9599> END chkfake  Laptime:[0sec]
INFO	[2019-11-05 15:18:12:774] <9599> ===============================================================
INFO	[2019-11-05 15:18:36:826] <9599> START INIPHP chkfake (V5036-141209)(OS:Linux2.6.18-274.3.1.el5,PHP:5.2.9)
DEBUG	[2019-11-05 15:18:36:826] <9599> inipayhome:/home/ilearning3/www/inipay
DEBUG	[2019-11-05 15:18:36:826] <9599> type:chkfake
DEBUG	[2019-11-05 15:18:36:826] <9599> debug:true
DEBUG	[2019-11-05 15:18:36:826] <9599> enctype:asym
DEBUG	[2019-11-05 15:18:36:826] <9599> admin:1111
DEBUG	[2019-11-05 15:18:36:826] <9599> checkopt:false
DEBUG	[2019-11-05 15:18:36:826] <9599> mid:obmms20151
DEBUG	[2019-11-05 15:18:36:826] <9599> price:2500,000
DEBUG	[2019-11-05 15:18:36:826] <9599> nointerest:no
DEBUG	[2019-11-05 15:18:36:826] <9599> quotabase:일시불
INFO	[2019-11-05 15:18:36:826] <9599> Check Field OK
INFO	[2019-11-05 15:18:36:827] <9599> MERCHANT PRIV KEY LOAD OK
INFO	[2019-11-05 15:18:36:827] <9599> MERCHANT PUB KEY LOAD OK []
INFO	[2019-11-05 15:18:36:829] <9599> CHKFAKE KEY MAKE OK:MjAxOTExMDUxNTE4MzY4Mjc3NjYxMg==

INFO	[2019-11-05 15:18:36:829] <9599> END chkfake  Laptime:[0sec]
INFO	[2019-11-05 15:18:36:830] <9599> ===============================================================
