INFO	[2019-08-05 11:49:26:123] <30405> START INIPHP chkfake (V5036-141209)(OS:Linux2.6.18-274.3.1.el5,PHP:5.2.9)
DEBUG	[2019-08-05 11:49:26:141] <30405> inipayhome:/home/ilearning3/www/inipay
DEBUG	[2019-08-05 11:49:26:141] <30405> type:chkfake
DEBUG	[2019-08-05 11:49:26:141] <30405> debug:true
DEBUG	[2019-08-05 11:49:26:141] <30405> enctype:asym
DEBUG	[2019-08-05 11:49:26:141] <30405> admin:1111
DEBUG	[2019-08-05 11:49:26:141] <30405> checkopt:false
DEBUG	[2019-08-05 11:49:26:141] <30405> mid:obmms20151
DEBUG	[2019-08-05 11:49:26:141] <30405> price:550000
DEBUG	[2019-08-05 11:49:26:141] <30405> nointerest:no
DEBUG	[2019-08-05 11:49:26:141] <30405> quotabase:ÏÑ†ÌÉù:ÏùºÏãúÎ∂à:2Í∞úÏõî:3Í∞úÏõî:6Í∞úÏõî:12Í∞úÏõî
INFO	[2019-08-05 11:49:26:141] <30405> Check Field OK
INFO	[2019-08-05 11:49:26:175] <30405> MERCHANT PRIV KEY LOAD OK
INFO	[2019-08-05 11:49:26:205] <30405> MERCHANT PUB KEY LOAD OK []
INFO	[2019-08-05 11:49:26:221] <30405> CHKFAKE KEY MAKE OK:MjAxOTA4MDUxMTQ5MjYyMDU0MDE5OA==

INFO	[2019-08-05 11:49:26:221] <30405> END chkfake  Laptime:[0.1sec]
INFO	[2019-08-05 11:49:26:221] <30405> ===============================================================
INFO	[2019-08-05 11:49:50:65] <30405> START INIPHP chkfake (V5036-141209)(OS:Linux2.6.18-274.3.1.el5,PHP:5.2.9)
DEBUG	[2019-08-05 11:49:50:65] <30405> inipayhome:/home/ilearning3/www/inipay
DEBUG	[2019-08-05 11:49:50:65] <30405> type:chkfake
DEBUG	[2019-08-05 11:49:50:65] <30405> debug:true
DEBUG	[2019-08-05 11:49:50:65] <30405> enctype:asym
DEBUG	[2019-08-05 11:49:50:65] <30405> admin:1111
DEBUG	[2019-08-05 11:49:50:65] <30405> checkopt:false
DEBUG	[2019-08-05 11:49:50:65] <30405> mid:obmms20151
DEBUG	[2019-08-05 11:49:50:65] <30405> price:550000
DEBUG	[2019-08-05 11:49:50:65] <30405> nointerest:no
DEBUG	[2019-08-05 11:49:50:65] <30405> quotabase:ÏÑ†ÌÉù:ÏùºÏãúÎ∂à:2Í∞úÏõî:3Í∞úÏõî:6Í∞úÏõî:12Í∞úÏõî
INFO	[2019-08-05 11:49:50:65] <30405> Check Field OK
INFO	[2019-08-05 11:49:50:66] <30405> MERCHANT PRIV KEY LOAD OK
INFO	[2019-08-05 11:49:50:66] <30405> MERCHANT PUB KEY LOAD OK []
INFO	[2019-08-05 11:49:50:69] <30405> CHKFAKE KEY MAKE OK:MjAxOTA4MDUxMTQ5NTAwNjY4Mjk0Nw==

INFO	[2019-08-05 11:49:50:69] <30405> END chkfake  Laptime:[0sec]
INFO	[2019-08-05 11:49:50:69] <30405> ===============================================================
INFO	[2019-08-05 11:53:05:313] <30399> START INIPHP securepay (V5036-141209)(OS:Linux2.6.18-274.3.1.el5,PHP:5.2.9)
DEBUG	[2019-08-05 11:53:05:314] <30399> inipayhome:/home/ilearning3/www/inipay
DEBUG	[2019-08-05 11:53:05:314] <30399> type:securepay
DEBUG	[2019-08-05 11:53:05:314] <30399> pgid:INIphpCARD
DEBUG	[2019-08-05 11:53:05:314] <30399> subpgip:203.238.3.10
DEBUG	[2019-08-05 11:53:05:314] <30399> admin:1111
DEBUG	[2019-08-05 11:53:05:314] <30399> debug:true
DEBUG	[2019-08-05 11:53:05:314] <30399> uid:
DEBUG	[2019-08-05 11:53:05:314] <30399> goodname:ªÁæ˜«¸-¡§±‚∞·¡¶
DEBUG	[2019-08-05 11:53:05:314] <30399> currency:WON
DEBUG	[2019-08-05 11:53:05:314] <30399> mid:obmms20151
DEBUG	[2019-08-05 11:53:05:314] <30399> rn:MjAxOTA4MDUxMTQ5NTAwNjY4Mjk0Nw==

DEBUG	[2019-08-05 11:53:05:314] <30399> price:550000
DEBUG	[2019-08-05 11:53:05:314] <30399> enctype:
DEBUG	[2019-08-05 11:53:05:314] <30399> buyername:±Ë¿«¿Á
DEBUG	[2019-08-05 11:53:05:314] <30399> buyertel:010-7665-0153
DEBUG	[2019-08-05 11:53:05:314] <30399> buyeremail:kimeuijae@naver.com
DEBUG	[2019-08-05 11:53:05:314] <30399> paymethod:Card
DEBUG	[2019-08-05 11:53:05:314] <30399> encrypted:Version=4.1&PayMethod=Card&RsaKeyNum=1&EncryptionAlgorithm=SEED-CBC&SignAlgorithm=RSAwithSHA1&CertVer=39&moid=12569_190805114950&ver_trace=main(6109,6065)card(6185,6158)n(6009)Cs(6025)Dt(6002)Pa(6002)Cf(6025)Fv(0000)La(6183)Re(6135)Vr(6008)P(6034)en(6070)nP(6006)&pg1=39.115.212.10&pg2=203.238.37.3&pg1ip=39.115.212.10&pg2ip=203.238.37.3&agreeflag=1111&Data=HzJ/tKKjwSAk6uxKtJ/JEQ7tqONgOWmg1+wi1P0gPBmB0WN016nemkfQ0agfi9AW
77eoq8WGt7ikPBMAExyOaoS9Ayf8iU20Iak6PSqGcOLenuq+2rxK9i2rJaAYhbIO
fiix1PAtN/k5UEyV3cqnQWu72DOzVMIftmG7XF46gCO7i0dYsJmDR+so9oV96Z6c
L1i3japv7lB5B6JyiEZJmcamU50IzfV5sE6zTPQqUjhj9ncGBXcfMf5+/iFiNbt2
re8G0EItXQtRlcp9MZbKh1BG7Ew8Sam7cnuQVXeSMPT6edzQEiAjxj1ciitv18qW
sZL+SOKB6D/mtBxhjui1/QZd9Hr27lz+SnN5yJvw44gx3XRAXF2HeZhPPQcBn/87
uicWsyKpwnKAgY2Lyu8LiwgTbdNrDJT0viH01RAcbTG3r59B0JBh0hXCgtpGxBcm
HfMGlGXUlJGqvfHZF8WcPkUKDMwlgGovCsd6lwUFtLGewx5MOoLzNof0lI3RRQV9
06wNraIWrlo0a99aeJ9+u3LX5epWBhwPxnwmTsvUJfdnLEkPV8m9oCvISEYGVJaP
G5CmvBfdWaclh6BMkPPqHgYtYkzR3aqSRNhOuEWlPkh0B9mmSSpEkgDJj+aDq4Sa
ALv2MpFQBuLgAFM0M9uZoycrtRKkk5yvAUAyL+a26r9XjsQXJX9ykyTWMO9kQjwV
+hXarqprvd7xIDphPG7Bof7ZktFfEYCpgYYNtVcsHP2abPURqEpmRRdts3ndhYoq
GcxMyobOc5IDEufAfoZV8yeTgzNsaS+wlXm9lHNtJ4LhxUFlbroq10rGmW2ZcaIi
ooRfA9VZAERyx82W
DEBUG	[2019-08-05 11:53:05:314] <30399> sessionkey:fAnt/KDjbz3ylcakVlEodOtTXarmHHbXrQe6mGEcH+vDiQNnGyBtip5Ehv00Per4
WC6IiZb7ZQdehPUfMtHZSeDH01V1zyhXCyx1RV1tE3sAp936ZOpik/uOLI4CYt1a
nRHMuZO/2PG1h4qmjvqrCRsZqXo33doihzKHoS6N8nc=
DEBUG	[2019-08-05 11:53:05:314] <30399> url:http://www.obmms.net
DEBUG	[2019-08-05 11:53:05:314] <30399> cardcode:14
DEBUG	[2019-08-05 11:53:05:314] <30399> parentemail:kimeuijae@naver.com
DEBUG	[2019-08-05 11:53:05:314] <30399> recvname:
DEBUG	[2019-08-05 11:53:05:314] <30399> recvtel:
DEBUG	[2019-08-05 11:53:05:314] <30399> recvaddr:
DEBUG	[2019-08-05 11:53:05:314] <30399> recvpostnum:
DEBUG	[2019-08-05 11:53:05:314] <30399> recvmsg:
DEBUG	[2019-08-05 11:53:05:314] <30399> joincard:
DEBUG	[2019-08-05 11:53:05:314] <30399> joinexpire:
DEBUG	[2019-08-05 11:53:05:314] <30399> id_customer:
INFO	[2019-08-05 11:53:05:314] <30399> Check Field OK
INFO	[2019-08-05 11:53:05:314] <30399> Make TID OK INIphpCARDobmms2015120190805115305144178
INFO	[2019-08-05 11:53:05:314] <30399> PI PUB KEY LOAD OK [39]
INFO	[2019-08-05 11:53:05:332] <30399> PG PUB KEY LOAD OK [30]
INFO	[2019-08-05 11:53:05:332] <30399> MERCHANT PRIV KEY LOAD OK
INFO	[2019-08-05 11:53:05:332] <30399> MERCHANT PUB KEY LOAD OK [0]
INFO	[2019-08-05 11:53:05:334] <30399> MAKE BODY OK
INFO	[2019-08-05 11:53:05:335] <30399> SIGN OK
INFO	[2019-08-05 11:53:05:335] <30399> MAKE HEAD OK
INFO	[2019-08-05 11:53:05:335] <30399> MSG_TO_PG:[0294300175R SHA1                   0                  39                  300200obmms20151              550000INIphpCARDobmms2015120190805115305144178<?xml version="1.0" encoding="UTF-8"?>
<INIpay>
	  <GoodsInfo>
	    <GoodsCnt>1</GoodsCnt>
	    <MOID/>
	    <Currency>WON</Currency>
	    <Tax/>
	    <TaxFree/>
	    <Goods>
	      <SMID>obmms20151</SMID>
	      <GoodsName urlencode="1">%BB%E7%BE%F7%C7%FC-%C1%A4%B1%E2%B0%E1%C1%A6</GoodsName>
	      <GoodsPrice>550000</GoodsPrice></Goods></GoodsInfo>
	  <BuyerInfo>
	    <BuyerName urlencode="1">%B1%E8%C0%C7%C0%E7</BuyerName>
	    <BuyerTel>010-7665-0153</BuyerTel>
	    <BuyerEmail urlencode="1">kimeuijae%40naver.com</BuyerEmail>
	    <ParentEmail urlencode="1">kimeuijae%40naver.com</ParentEmail>
	    <RecvName/>
	    <RecvTel/>
	    <RecvMsg/>
	    <RecvAddr/>
	    <RecvPostNum/></BuyerInfo>
	  <PaymentInfo>
	    <Payment>
	      <PayMethod>Card</PayMethod>
	      <JoinCard/>
	      <JoinExpire/>
	      <MailOrder/>
	      <SessionKey>fAnt/KDjbz3ylcakVlEodOtTXarmHHbXrQe6mGEcH+vDiQNnGyBtip5Ehv00Per4
WC6IiZb7ZQdehPUfMtHZSeDH01V1zyhXCyx1RV1tE3sAp936ZOpik/uOLI4CYt1a
nRHMuZO/2PG1h4qmjvqrCRsZqXo33doihzKHoS6N8nc=</SessionKey>
	      <Encrypted urlencode="1">Version%3D4.1%26PayMethod%3DCard%26RsaKeyNum%3D1%26EncryptionAlgorithm%3DSEED-CBC%26SignAlgorithm%3DRSAwithSHA1%26CertVer%3D39%26moid%3D12569_190805114950%26ver_trace%3Dmain%286109%2C6065%29card%286185%2C6158%29n%286009%29Cs%286025%29Dt%286002%29Pa%286002%29Cf%286025%29Fv%280000%29La%286183%29Re%286135%29Vr%286008%29P%286034%29en%286070%29nP%286006%29%26pg1%3D39.115.212.10%26pg2%3D203.238.37.3%26pg1ip%3D39.115.212.10%26pg2ip%3D203.238.37.3%26agreeflag%3D1111%26Data%3DHzJ%2FtKKjwSAk6uxKtJ%2FJEQ7tqONgOWmg1%2Bwi1P0gPBmB0WN016nemkfQ0agfi9AW%0D%0A77eoq8WGt7ikPBMAExyOaoS9Ayf8iU20Iak6PSqGcOLenuq%2B2rxK9i2rJaAYhbIO%0D%0Afiix1PAtN%2Fk5UEyV3cqnQWu72DOzVMIftmG7XF46gCO7i0dYsJmDR%2Bso9oV96Z6c%0D%0AL1i3japv7lB5B6JyiEZJmcamU50IzfV5sE6zTPQqUjhj9ncGBXcfMf5%2B%2FiFiNbt2%0D%0Are8G0EItXQtRlcp9MZbKh1BG7Ew8Sam7cnuQVXeSMPT6edzQEiAjxj1ciitv18qW%0D%0AsZL%2BSOKB6D%2FmtBxhjui1%2FQZd9Hr27lz%2BSnN5yJvw44gx3XRAXF2HeZhPPQcBn%2F87%0D%0AuicWsyKpwnKAgY2Lyu8LiwgTbdNrDJT0viH01RAcbTG3r59B0JBh0hXCgtpGxBcm%0D%0AHfMGlGXUlJGqvfHZF8WcPkUKDMwlgGovCsd6lwUFtLGewx5MOoLzNof0lI3RRQV9%0D%0A06wNraIWrlo0a99aeJ9%2Bu3LX5epWBhwPxnwmTsvUJfdnLEkPV8m9oCvISEYGVJaP%0D%0AG5CmvBfdWaclh6BMkPPqHgYtYkzR3aqSRNhOuEWlPkh0B9mmSSpEkgDJj%2BaDq4Sa%0D%0AALv2MpFQBuLgAFM0M9uZoycrtRKkk5yvAUAyL%2Ba26r9XjsQXJX9ykyTWMO9kQjwV%0D%0A%2BhXarqprvd7xIDphPG7Bof7ZktFfEYCpgYYNtVcsHP2abPURqEpmRRdts3ndhYoq%0D%0AGcxMyobOc5IDEufAfoZV8yeTgzNsaS%2BwlXm9lHNtJ4LhxUFlbroq10rGmW2ZcaIi%0D%0AooRfA9VZAERyx82W</Encrypted></Payment></PaymentInfo>
	  <ReservedInfo>
	    <MReserved1/>
	    <MReserved2/>
	    <MReserved3/></ReservedInfo>
	  <ManageInfo>
	    <Language/>
	    <URL urlencode="1">http%3A%2F%2Fwww.obmms.net</URL>
	    <TXVersion>5036B141209securLinux     PHPchkfake   2.6.18-274.3.1.el5PHP:5.2.9   </TXVersion>
	    <TXUserID/>
	    <TXRegNum/>
	    <Ack>1</Ack>
	    <TXRN>MjAxOTA4MDUxMTQ5NTAwNjY4Mjk0Nw==
</TXRN></ManageInfo></INIpay>AHxJVKvH599gsnuqN5UNv4elR0G/lr84awsXuCIfEdTfF+gqn5lp/5vGyo2TA28w
buOp85u3rVRTowWhdQEz7dOiNeB2tVE5gM95HgN/yp8w4iaDDvywBTiWTfMyksQg
thTGhojzAS5Sg7Fh5EEv/AkBqcAuB7lcQqs+y+bdVAbE
]
INFO	[2019-08-05 11:53:05:347] <30399> DNS LOOKUP OK(39.115.212.10:39.115.212.10:34049) laptime:0
INFO	[2019-08-05 11:53:05:349] <30399> SOCKET CONNECT OK
INFO	[2019-08-05 11:53:05:349] <30399> SEND OK
INFO	[2019-08-05 11:53:06:129] <30399> RECV OK
INFO	[2019-08-05 11:53:06:129] <30399> MSG_FROM_PG:[0313000175D SHA1                   0                  39                  300210obmms20151              550000INIphpCARDobmms2015120190805115305144178<?xml version="1.0" encoding="UTF-8"?>
<INIpay>
  <GoodsInfo>
    <GoodsCnt>1</GoodsCnt>
    <MOID urlencode="1">12569_190805114950</MOID>
    <Currency>WON</Currency>
    <Goods no="1">
      <SMID>obmms20151</SMID>
      <GoodsName urlencode="1">%BB%E7%BE%F7%C7%FC-%C1%A4%B1%E2%B0%E1%C1%A6</GoodsName>
      <GoodsCntS>1</GoodsCntS>
      <GoodsPrice>550000</GoodsPrice>
    </Goods>
  </GoodsInfo>
  <PaymentInfo>
    <Payment>
      <SessionKey>APPe7hcwM7hYzNaMpCFRhBz1CYv37FQXylWsRptNcQ9Ay/G6uz4BWXmPzuH4mBl+
KV72VyB3bWK6GvZmo8vux7CgY+0PHKpLtJ8bhkilIcR3nMLXXC37qA8WGA2wjWKP
lpipFqUZHWZ8bc0UB9sd0gsPgcvOI6uBJxyp35D18sQZqtIzHj3gZUY=
</SessionKey>
      <Encrypted>lOBj9MVKm6WoIXmMhPuNM6tXrBbaMp7788/D0RUeQwoNZzhrfp2bnx/lrKfvAib6
QoYoYkXn0VYQokHNGn2iC/isilWhH27e1FfStmyQZw3ZoEbEQPsrmPADoLCMxkbE
uZyWO6qmbmddhbyXrxIkxlfyR1eQRmkV3C9HATn7SWIFgjxv/FfQhqfkExvYHAxP
rIWSEPzgghOXH527JWg+hzYL/C/SKFXKZ8wFIfK16DzmtbA8tvoVthiUdKXiXm6J
0k6ncW2HDTPI4jpMX/8kPJnwo2EeXtwhMOdVz5doV0WHMi+LsBciKRjn8ZbWP8Rt
CvbSLU52HQaqcpCAbshMRvBlstBswZjpsSYglx3LzdRpOCW8jQzIbjS1MIJTxzcp
Gg1Y8wKl+oM5oiUG7YjB6MiWBSinhO+kmoCH8EQ+bA4m96TaRZ19zQ7gxXOlOjLA
Z4m+zWUs+oZb9HaHC32PJl4U8p8K0Ir+Qu5P1FUww49NPQ3dPgTDOhAACzNlkukr
s+Cv5j+ZBZWW40z69ffyG+XbsTlMeIjeWwE3gxC0L03kNfXiamvjlDDynwLGuK3u
nM65C7e3BHt8oyXP8hX35QR12UOGNBSxTJ6Hsa7iJ2UokBH/RZk8KCYgy9iAUNpV
vR8/SV17teP3+zr4QndE0+yXYQ6Lp/APNAwoImrrfQKVZSlpM/uWXL8z/SGeEiRe
wuBZ3FsVnmfYRVEyXkdAch9NjAbq4JK2SzUlt3T7iPtokq5EvBpuuy2zuUe7ammu
4R12zyeclVU2YwyfgGRyFLzlKkP0esBQ7k5kcWhbAgvfYhu5zvntMcQqSjSs4PIy
aRC1NM4LZ+cU1NNAKKXXIimdnkfihJly5dLYI1sDInUN69esJJSqnzkNfYNO0MJF
fWJpihR4PE5022uWAKL9LEMNR8hN2PES/UnZ8qc8JLm6iu9iPVuHyENpaCqDs12W
nNkn60y+FAPwRJx2Nl0hJuzQgYPCHniRiTbMOiXN+/U6zNfgpo0ulvGsXvdKaAG3
H6efZC3+/hfy6nCaPRhtSzpxzDqkk+/j5BmvElWw8sVTaTS/T5K/oSqH6+fnyMiE
1rFxSu/VuaC278L5gLLbo0ePrN2/kKxp108hlSQ0RD+2GAZAj3sxFM1s6ulIqKAP
LoWb0HWRoLGt6IRRH5hpVNLc8fyARNCkxpyD0QT9hQOAOy7+8E95MliD/iqChkvt
PmA5Xk/LJ+JLp87U4s+4t04byOxyJtGyGygt/I9SKxNUs3cf1QDDPzSxDJD2UJQh
QxBDioSUyN9+JKI1BO19FHVQ9ldAHEAVSADdS/iJSHQy9ACUZrvGfnWjCPkK6rr8
o+0O/YEL3iNr+Fk94YSw2mvZem+Y1Pn6ZjPFTp2B/vGmlESl3NxGwUQL3pc21L7i
C+71fGzWfQsItfZCMC/33j3KfIfxeeB7nz8k78NwR6Iqvzc7nRYxI9Rfn66edINL
w2wrhJEy52WkNfhAOArhak9LL5y6Aw9pjRS17kuSlt1B5JewYLEXdO9U3bYicZG9
jDi9wbeVVWQ7i9X+OqhUDlbLUL+FJs+3XmPnx2tdwKGGVQFQKF7ysAx6Bb70IdXg
ni4MLiI9LlyP1+1Ky0ZaIrIQiOJcFII5oe429axiGalAQ3A3ChAskKhQ5xxGYxlw
zPsfQbi4sNaQDcsgHhkeN1sllszsEqc+Wpxw6G6BImh34p0qC4zq1FuXROOl3SRh
vtiZ8TL5HzQOSmidvJVGsg==
</Encrypted>
      <PayMethod>Card</PayMethod>
      <ResultCode>120000</ResultCode>
      <ResultMsg urlencode="1">%C1%A4%BB%F3%C3%B3%B8%AE%B5%C7%BE%FA%BD%C0%B4%CF%B4%D9.</ResultMsg>
    </Payment>
  </PaymentInfo>
  <ManageInfo>
    <EventCode>1</EventCode>
    <OrgCurrency></OrgCurrency>
    <ExchangeRate></ExchangeRate>
    <OrgPrice></OrgPrice>
  </ManageInfo>
  <ReservedInfo>
    <MReserved1 urlencode="1"></MReserved1>
    <MReserved2 urlencode="1"></MReserved2>
    <MReserved3 urlencode="1"></MReserved3>
    <PGReserved1 urlencode="1"></PGReserved1>
    <PGReserved2 urlencode="1"></PGReserved2>
    <PGReserved3 urlencode="1"></PGReserved3>
  </ReservedInfo>
</INIpay>
SLZ1sdGPMbzMlBndD95tqEuJ4hq8tISmgkyIV4STh5zLHOX3WznI8EmsM2jQitNK
IpnmczhzCSIUA805IrUfyaQsHrnB6+dWbXFYH3OTCdChXNGws0Glbv4O4ZwsQmaS
uwX9CvT5En6so000uFBe8+G9V7mnNLdYe5DoH7Tf6WI=
]
INFO	[2019-08-05 11:53:06:129] <30399> VERIFY OK
INFO	[2019-08-05 11:53:06:129] <30399> PARSE HEAD OK
INFO	[2019-08-05 11:53:06:144] <30399> PARSE BODY OK
INFO	[2019-08-05 11:53:06:174] <30399> DECRYPT OK
DEBUG	[2019-08-05 11:53:06:174] <30399> DECRYPT MSG:[<?xml version="1.0" encoding="UTF-8"?>
<PaymentInfo>
  <Payment>
    <EASYPAY/>
    <Card>
      <CARD_ApplPrice>550000</CARD_ApplPrice>
      <CARD_Num>37798804****188</CARD_Num>
      <CARD_Expire></CARD_Expire>
      <CARD_Code>14</CARD_Code>
      <CARD_BankCode>26</CARD_BankCode>
      <CARD_Quota>06</CARD_Quota>
      <CARD_Interest>0</CARD_Interest>
      <CARD_Point></CARD_Point>
      <CARD_AuthType>99</CARD_AuthType>
      <CARD_RegNum></CARD_RegNum>
      <CARD_ApplDate>20190805</CARD_ApplDate>
      <CARD_ApplTime>115304</CARD_ApplTime>
      <CARD_ApplNum>16487263</CARD_ApplNum>
      <CARD_TerminalNum>0208936000</CARD_TerminalNum>
      <CARD_MemberNum></CARD_MemberNum>
      <CARD_PurchaseCode></CARD_PurchaseCode>
      <CARD_ResultCode>120000</CARD_ResultCode>
      <CARD_ResultMsg urlencode="1">%C1%A4%BB%F3%C3%B3%B8%AE%B5%C7%BE%FA%BD%C0%B4%CF%B4%D9.</CARD_ResultMsg>
      <CARD_PrtcCode>1</CARD_PrtcCode>
      <CARD_Quota_Point>06</CARD_Quota_Point>
      <CARD_CheckFlag>0</CARD_CheckFlag>
      <CARD_PurchaseName urlencode="1"></CARD_PurchaseName>
      <CARD_IssuerName urlencode="1"></CARD_IssuerName>
      <CARD_JoinUsePoint></CARD_JoinUsePoint>
      <CARD_UsePoint></CARD_UsePoint>
      <CARD_CouponOnlyMer></CARD_CouponOnlyMer>
    </Card>
  </Payment>
</PaymentInfo>]
INFO	[2019-08-05 11:53:06:177] <30399> DECRYPT PARSE OK
INFO	[2019-08-05 11:53:06:177] <30399> WAIT ACK INVOKING
DEBUG	[2019-08-05 11:53:06:177] <30399> MAKE HEAD OK
INFO	[2019-08-05 11:53:06:180] <30399> SUCCESS ACK INVOKING
INFO	[2019-08-05 11:53:06:180] <30399> END securepay ¡§ªÛ√≥∏Æµ«æ˙Ω¿¥œ¥Ÿ. Laptime:[0.87sec]
INFO	[2019-08-05 11:53:06:180] <30399> ===============================================================
INFO	[2019-08-05 12:56:03:60] <21054> START INIPHP chkfake (V5036-141209)(OS:Linux2.6.18-274.3.1.el5,PHP:5.2.9)
DEBUG	[2019-08-05 12:56:03:60] <21054> inipayhome:/home/ilearning3/www/inipay
DEBUG	[2019-08-05 12:56:03:60] <21054> type:chkfake
DEBUG	[2019-08-05 12:56:03:60] <21054> debug:true
DEBUG	[2019-08-05 12:56:03:60] <21054> enctype:asym
DEBUG	[2019-08-05 12:56:03:60] <21054> admin:1111
DEBUG	[2019-08-05 12:56:03:60] <21054> checkopt:false
DEBUG	[2019-08-05 12:56:03:60] <21054> mid:obmms20151
DEBUG	[2019-08-05 12:56:03:60] <21054> price:100000
DEBUG	[2019-08-05 12:56:03:60] <21054> nointerest:no
DEBUG	[2019-08-05 12:56:03:60] <21054> quotabase:ÏÑ†ÌÉù:ÏùºÏãúÎ∂à:2Í∞úÏõî:3Í∞úÏõî:6Í∞úÏõî:12Í∞úÏõî
INFO	[2019-08-05 12:56:03:60] <21054> Check Field OK
INFO	[2019-08-05 12:56:03:60] <21054> MERCHANT PRIV KEY LOAD OK
INFO	[2019-08-05 12:56:03:61] <21054> MERCHANT PUB KEY LOAD OK []
INFO	[2019-08-05 12:56:03:62] <21054> CHKFAKE KEY MAKE OK:MjAxOTA4MDUxMjU2MDMwNjE4MTg1OA==

INFO	[2019-08-05 12:56:03:62] <21054> END chkfake  Laptime:[0sec]
INFO	[2019-08-05 12:56:03:62] <21054> ===============================================================
