INFO	[2019-06-19 15:13:55:944] <28672> START INIPHP chkfake (V5036-141209)(OS:Linux2.6.18-274.3.1.el5,PHP:5.2.9)
DEBUG	[2019-06-19 15:13:55:945] <28672> inipayhome:/home/ilearning3/www/inipay
DEBUG	[2019-06-19 15:13:55:945] <28672> type:chkfake
DEBUG	[2019-06-19 15:13:55:945] <28672> debug:true
DEBUG	[2019-06-19 15:13:55:945] <28672> enctype:asym
DEBUG	[2019-06-19 15:13:55:945] <28672> admin:1111
DEBUG	[2019-06-19 15:13:55:945] <28672> checkopt:false
DEBUG	[2019-06-19 15:13:55:945] <28672> mid:obmms20151
DEBUG	[2019-06-19 15:13:55:945] <28672> price:18700
DEBUG	[2019-06-19 15:13:55:945] <28672> nointerest:no
DEBUG	[2019-06-19 15:13:55:945] <28672> quotabase:ÏùºÏãúÎ∂à
INFO	[2019-06-19 15:13:55:945] <28672> Check Field OK
INFO	[2019-06-19 15:13:55:945] <28672> MERCHANT PRIV KEY LOAD OK
INFO	[2019-06-19 15:13:55:946] <28672> MERCHANT PUB KEY LOAD OK []
INFO	[2019-06-19 15:13:55:948] <28672> CHKFAKE KEY MAKE OK:MjAxOTA2MTkxNTEzNTU5NDY2MzA3Mg==

INFO	[2019-06-19 15:13:55:948] <28672> END chkfake  Laptime:[0.01sec]
INFO	[2019-06-19 15:13:55:948] <28672> ===============================================================
INFO	[2019-06-19 15:22:49:90] <1491> START INIPHP chkfake (V5036-141209)(OS:Linux2.6.18-274.3.1.el5,PHP:5.2.9)
DEBUG	[2019-06-19 15:22:49:91] <1491> inipayhome:/home/ilearning3/www/inipay
DEBUG	[2019-06-19 15:22:49:91] <1491> type:chkfake
DEBUG	[2019-06-19 15:22:49:91] <1491> debug:true
DEBUG	[2019-06-19 15:22:49:91] <1491> enctype:asym
DEBUG	[2019-06-19 15:22:49:91] <1491> admin:1111
DEBUG	[2019-06-19 15:22:49:91] <1491> checkopt:false
DEBUG	[2019-06-19 15:22:49:91] <1491> mid:obmms20151
DEBUG	[2019-06-19 15:22:49:91] <1491> price:11000
DEBUG	[2019-06-19 15:22:49:91] <1491> nointerest:no
DEBUG	[2019-06-19 15:22:49:91] <1491> quotabase:ÏùºÏãúÎ∂à
INFO	[2019-06-19 15:22:49:91] <1491> Check Field OK
INFO	[2019-06-19 15:22:49:91] <1491> MERCHANT PRIV KEY LOAD OK
INFO	[2019-06-19 15:22:49:92] <1491> MERCHANT PUB KEY LOAD OK []
INFO	[2019-06-19 15:22:49:94] <1491> CHKFAKE KEY MAKE OK:MjAxOTA2MTkxNTIyNDkwOTI5MjY1NQ==

INFO	[2019-06-19 15:22:49:94] <1491> END chkfake  Laptime:[0sec]
INFO	[2019-06-19 15:22:49:94] <1491> ===============================================================
INFO	[2019-06-19 15:29:38:557] <17148> START INIPHP chkfake (V5036-141209)(OS:Linux2.6.18-274.3.1.el5,PHP:5.2.9)
DEBUG	[2019-06-19 15:29:38:557] <17148> inipayhome:/home/ilearning3/www/inipay
DEBUG	[2019-06-19 15:29:38:557] <17148> type:chkfake
DEBUG	[2019-06-19 15:29:38:557] <17148> debug:true
DEBUG	[2019-06-19 15:29:38:557] <17148> enctype:asym
DEBUG	[2019-06-19 15:29:38:557] <17148> admin:1111
DEBUG	[2019-06-19 15:29:38:557] <17148> checkopt:false
DEBUG	[2019-06-19 15:29:38:557] <17148> mid:obmms20151
DEBUG	[2019-06-19 15:29:38:557] <17148> price:11000
DEBUG	[2019-06-19 15:29:38:557] <17148> nointerest:no
DEBUG	[2019-06-19 15:29:38:557] <17148> quotabase:ÏùºÏãúÎ∂à
INFO	[2019-06-19 15:29:38:557] <17148> Check Field OK
INFO	[2019-06-19 15:29:38:557] <17148> MERCHANT PRIV KEY LOAD OK
INFO	[2019-06-19 15:29:38:557] <17148> MERCHANT PUB KEY LOAD OK []
INFO	[2019-06-19 15:29:38:559] <17148> CHKFAKE KEY MAKE OK:MjAxOTA2MTkxNTI5Mzg1NTc3ODgwOA==

INFO	[2019-06-19 15:29:38:559] <17148> END chkfake  Laptime:[0sec]
INFO	[2019-06-19 15:29:38:559] <17148> ===============================================================
INFO	[2019-06-19 17:40:55:998] <14277> START INIPHP chkfake (V5036-141209)(OS:Linux2.6.18-274.3.1.el5,PHP:5.2.9)
DEBUG	[2019-06-19 17:40:55:998] <14277> inipayhome:/home/ilearning3/www/inipay
DEBUG	[2019-06-19 17:40:55:998] <14277> type:chkfake
DEBUG	[2019-06-19 17:40:55:998] <14277> debug:true
DEBUG	[2019-06-19 17:40:55:998] <14277> enctype:asym
DEBUG	[2019-06-19 17:40:55:998] <14277> admin:1111
DEBUG	[2019-06-19 17:40:55:998] <14277> checkopt:false
DEBUG	[2019-06-19 17:40:55:998] <14277> mid:obmms20151
DEBUG	[2019-06-19 17:40:55:998] <14277> price:550000
DEBUG	[2019-06-19 17:40:55:998] <14277> nointerest:no
DEBUG	[2019-06-19 17:40:55:998] <14277> quotabase:ÏùºÏãúÎ∂à
INFO	[2019-06-19 17:40:55:998] <14277> Check Field OK
INFO	[2019-06-19 17:40:55:999] <14277> MERCHANT PRIV KEY LOAD OK
INFO	[2019-06-19 17:40:55:999] <14277> MERCHANT PUB KEY LOAD OK []
INFO	[2019-06-19 17:40:56:0] <14277> CHKFAKE KEY MAKE OK:MjAxOTA2MTkxNzQwNTU5OTk4MjM2OA==

INFO	[2019-06-19 17:40:56:0] <14277> END chkfake  Laptime:[0sec]
INFO	[2019-06-19 17:40:56:0] <14277> ===============================================================
INFO	[2019-06-19 17:41:23:463] <14277> START INIPHP chkfake (V5036-141209)(OS:Linux2.6.18-274.3.1.el5,PHP:5.2.9)
DEBUG	[2019-06-19 17:41:23:464] <14277> inipayhome:/home/ilearning3/www/inipay
DEBUG	[2019-06-19 17:41:23:464] <14277> type:chkfake
DEBUG	[2019-06-19 17:41:23:464] <14277> debug:true
DEBUG	[2019-06-19 17:41:23:464] <14277> enctype:asym
DEBUG	[2019-06-19 17:41:23:464] <14277> admin:1111
DEBUG	[2019-06-19 17:41:23:464] <14277> checkopt:false
DEBUG	[2019-06-19 17:41:23:464] <14277> mid:obmms20151
DEBUG	[2019-06-19 17:41:23:464] <14277> price:550000
DEBUG	[2019-06-19 17:41:23:464] <14277> nointerest:no
DEBUG	[2019-06-19 17:41:23:464] <14277> quotabase:ÏùºÏãúÎ∂à
INFO	[2019-06-19 17:41:23:464] <14277> Check Field OK
INFO	[2019-06-19 17:41:23:464] <14277> MERCHANT PRIV KEY LOAD OK
INFO	[2019-06-19 17:41:23:464] <14277> MERCHANT PUB KEY LOAD OK []
INFO	[2019-06-19 17:41:23:467] <14277> CHKFAKE KEY MAKE OK:MjAxOTA2MTkxNzQxMjM0NjUzOTYxNA==

INFO	[2019-06-19 17:41:23:467] <14277> END chkfake  Laptime:[0.01sec]
INFO	[2019-06-19 17:41:23:467] <14277> ===============================================================
INFO	[2019-06-19 17:41:54:0] <14277> START INIPHP chkfake (V5036-141209)(OS:Linux2.6.18-274.3.1.el5,PHP:5.2.9)
DEBUG	[2019-06-19 17:41:54:0] <14277> inipayhome:/home/ilearning3/www/inipay
DEBUG	[2019-06-19 17:41:54:0] <14277> type:chkfake
DEBUG	[2019-06-19 17:41:54:0] <14277> debug:true
DEBUG	[2019-06-19 17:41:54:0] <14277> enctype:asym
DEBUG	[2019-06-19 17:41:54:0] <14277> admin:1111
DEBUG	[2019-06-19 17:41:54:0] <14277> checkopt:false
DEBUG	[2019-06-19 17:41:54:0] <14277> mid:obmms20151
DEBUG	[2019-06-19 17:41:54:0] <14277> price:550000
DEBUG	[2019-06-19 17:41:54:0] <14277> nointerest:no
DEBUG	[2019-06-19 17:41:54:0] <14277> quotabase:ÏùºÏãúÎ∂à
INFO	[2019-06-19 17:41:54:0] <14277> Check Field OK
INFO	[2019-06-19 17:41:54:0] <14277> MERCHANT PRIV KEY LOAD OK
INFO	[2019-06-19 17:41:54:1] <14277> MERCHANT PUB KEY LOAD OK []
INFO	[2019-06-19 17:41:54:2] <14277> CHKFAKE KEY MAKE OK:MjAxOTA2MTkxNzQxNTQwMDEyOTk5MA==

INFO	[2019-06-19 17:41:54:2] <14277> END chkfake  Laptime:[0sec]
INFO	[2019-06-19 17:41:54:2] <14277> ===============================================================
INFO	[2019-06-19 17:50:25:728] <14264> START INIPHP chkfake (V5036-141209)(OS:Linux2.6.18-274.3.1.el5,PHP:5.2.9)
DEBUG	[2019-06-19 17:50:25:728] <14264> inipayhome:/home/ilearning3/www/inipay
DEBUG	[2019-06-19 17:50:25:728] <14264> type:chkfake
DEBUG	[2019-06-19 17:50:25:728] <14264> debug:true
DEBUG	[2019-06-19 17:50:25:728] <14264> enctype:asym
DEBUG	[2019-06-19 17:50:25:728] <14264> admin:1111
DEBUG	[2019-06-19 17:50:25:728] <14264> checkopt:false
DEBUG	[2019-06-19 17:50:25:728] <14264> mid:obmms20151
DEBUG	[2019-06-19 17:50:25:728] <14264> price:550000
DEBUG	[2019-06-19 17:50:25:728] <14264> nointerest:no
DEBUG	[2019-06-19 17:50:25:728] <14264> quotabase:ÏùºÏãúÎ∂à
INFO	[2019-06-19 17:50:25:728] <14264> Check Field OK
INFO	[2019-06-19 17:50:25:729] <14264> MERCHANT PRIV KEY LOAD OK
INFO	[2019-06-19 17:50:25:729] <14264> MERCHANT PUB KEY LOAD OK []
INFO	[2019-06-19 17:50:25:731] <14264> CHKFAKE KEY MAKE OK:MjAxOTA2MTkxNzUwMjU3MjkyNTgxNA==

INFO	[2019-06-19 17:50:25:732] <14264> END chkfake  Laptime:[0sec]
INFO	[2019-06-19 17:50:25:732] <14264> ===============================================================
INFO	[2019-06-19 17:51:30:102] <5381> START INIPHP chkfake (V5036-141209)(OS:Linux2.6.18-274.3.1.el5,PHP:5.2.9)
DEBUG	[2019-06-19 17:51:30:102] <5381> inipayhome:/home/ilearning3/www/inipay
DEBUG	[2019-06-19 17:51:30:102] <5381> type:chkfake
DEBUG	[2019-06-19 17:51:30:102] <5381> debug:true
DEBUG	[2019-06-19 17:51:30:102] <5381> enctype:asym
DEBUG	[2019-06-19 17:51:30:102] <5381> admin:1111
DEBUG	[2019-06-19 17:51:30:102] <5381> checkopt:false
DEBUG	[2019-06-19 17:51:30:102] <5381> mid:obmms20151
DEBUG	[2019-06-19 17:51:30:102] <5381> price:550000
DEBUG	[2019-06-19 17:51:30:102] <5381> nointerest:no
DEBUG	[2019-06-19 17:51:30:102] <5381> quotabase:ÏùºÏãúÎ∂à
INFO	[2019-06-19 17:51:30:102] <5381> Check Field OK
INFO	[2019-06-19 17:51:30:103] <5381> MERCHANT PRIV KEY LOAD OK
INFO	[2019-06-19 17:51:30:103] <5381> MERCHANT PUB KEY LOAD OK []
INFO	[2019-06-19 17:51:30:105] <5381> CHKFAKE KEY MAKE OK:MjAxOTA2MTkxNzUxMzAxMDMzMzQ5OQ==

INFO	[2019-06-19 17:51:30:105] <5381> END chkfake  Laptime:[0.01sec]
INFO	[2019-06-19 17:51:30:105] <5381> ===============================================================
INFO	[2019-06-19 18:04:52:702] <14272> START INIPHP chkfake (V5036-141209)(OS:Linux2.6.18-274.3.1.el5,PHP:5.2.9)
DEBUG	[2019-06-19 18:04:52:702] <14272> inipayhome:/home/ilearning3/www/inipay
DEBUG	[2019-06-19 18:04:52:702] <14272> type:chkfake
DEBUG	[2019-06-19 18:04:52:702] <14272> debug:true
DEBUG	[2019-06-19 18:04:52:702] <14272> enctype:asym
DEBUG	[2019-06-19 18:04:52:702] <14272> admin:1111
DEBUG	[2019-06-19 18:04:52:702] <14272> checkopt:false
DEBUG	[2019-06-19 18:04:52:702] <14272> mid:obmms20151
DEBUG	[2019-06-19 18:04:52:702] <14272> price:550000
DEBUG	[2019-06-19 18:04:52:702] <14272> nointerest:no
DEBUG	[2019-06-19 18:04:52:702] <14272> quotabase:ÏùºÏãúÎ∂à
INFO	[2019-06-19 18:04:52:703] <14272> Check Field OK
INFO	[2019-06-19 18:04:52:703] <14272> MERCHANT PRIV KEY LOAD OK
INFO	[2019-06-19 18:04:52:703] <14272> MERCHANT PUB KEY LOAD OK []
INFO	[2019-06-19 18:04:52:706] <14272> CHKFAKE KEY MAKE OK:MjAxOTA2MTkxODA0NTI3MDM2OTI1MQ==

INFO	[2019-06-19 18:04:52:706] <14272> END chkfake  Laptime:[0.01sec]
INFO	[2019-06-19 18:04:52:706] <14272> ===============================================================
INFO	[2019-06-19 18:06:39:405] <28624> START INIPHP securepay (V5036-141209)(OS:Linux2.6.18-274.3.1.el5,PHP:5.2.9)
DEBUG	[2019-06-19 18:06:39:406] <28624> inipayhome:/home/ilearning3/www/inipay
DEBUG	[2019-06-19 18:06:39:406] <28624> type:securepay
DEBUG	[2019-06-19 18:06:39:406] <28624> pgid:INIphpCARD
DEBUG	[2019-06-19 18:06:39:406] <28624> subpgip:203.238.3.10
DEBUG	[2019-06-19 18:06:39:406] <28624> admin:1111
DEBUG	[2019-06-19 18:06:39:406] <28624> debug:true
DEBUG	[2019-06-19 18:06:39:406] <28624> uid:
DEBUG	[2019-06-19 18:06:39:406] <28624> goodname:ªÁæ˜«¸-¡§±‚∞·¡¶
DEBUG	[2019-06-19 18:06:39:406] <28624> currency:WON
DEBUG	[2019-06-19 18:06:39:406] <28624> mid:obmms20151
DEBUG	[2019-06-19 18:06:39:406] <28624> rn:MjAxOTA2MTkxODA0NTI3MDM2OTI1MQ==

DEBUG	[2019-06-19 18:06:39:406] <28624> price:550000
DEBUG	[2019-06-19 18:06:39:406] <28624> enctype:
DEBUG	[2019-06-19 18:06:39:406] <28624> buyername:√÷¡¯πË
DEBUG	[2019-06-19 18:06:39:406] <28624> buyertel:010-4077-7589
DEBUG	[2019-06-19 18:06:39:406] <28624> buyeremail:lipstic30@naver.com
DEBUG	[2019-06-19 18:06:39:406] <28624> paymethod:Card
DEBUG	[2019-06-19 18:06:39:406] <28624> encrypted:Version=4.1&PayMethod=Card&RsaKeyNum=1&EncryptionAlgorithm=SEED-CBC&SignAlgorithm=RSAwithSHA1&CertVer=39&moid=11891_190619060452&ver_trace=main(6109,6065)card(6185,6158)n(6009)Cs(6025)Dt(6002)Pa(6002)Cf(6025)Fv(0000)La(6183)Re(6135)Vr(6008)P(6034)en(6070)nP(6006)&pg1=39.115.212.10&pg2=203.238.37.3&pg1ip=39.115.212.10&pg2ip=203.238.37.3&agreeflag=1111&Data=faUs/y/1Td0Uy2ESulb4Sq0nXQ9CN0y4gppqXdgWDSWB+s+m0E6fQzRnUSqPwNHF
l/pPdVMlFSma+ErKKDjBXrfb98lfk/2c5f8cri4dGTfJx3EWJ8Nsz5AwZ6ODAkDD
E2+5p5WbDOL9VZ8Gby8DewBZgnUHiS70HT01KNP7cX34PsNfi9qzLSRqwOI+izJW
UhsjXUylAE2ADyvBSntSxF1cpOf+a6lDKJuG1rC00g1zIJUqi2fcUGNYYz/7Ui/7
5C8AkiZO8MMyZRNi4MyVrpqReQasV14UZzODYnnXTjn5ockGT6vgvVH4uEsoZjP3
36gYhnbniTPYFXWFkkK1/TRehhD+taOHfLbTZLFSHFT8Myv7SPNPFAr1GU7B0lI2
uNPQcctQjOwhVqSxshDCB+dB/FToz+mNTTgSb1l/m0uJ4Lf2RXSq4Q7eyGDZJWCn
ZmZ1x4DQGJQI6FTmIRsMRjcfujhfi7gBwKy0PKxaAVfHXt9/DP29Khjccgw/pSL9
CSCQ4cnajYIanhweYEIGWaGvjXKf87lZP3JnIeGr2YKS1Ws1g8hH/PHgRNI39xjY
vlkptsM9nL9COnZssfk9ef8T8zYC9toBwvuf5PiiZk9PXCHOIBgOzjyAOulWv4qv
jYZPbMvT5c7bfCWLGHHlIMnx/89fyCE/wGRpK1Tmd2aH3PWcEEdzPVlQTeygIWv2
CmY58TGQQsd3Mbw7EBcoyIMOO1xaz/VyhaSzY7rhkcJ9GiZyebMmHZiKovP5JDkL
aa9rEWDPRzYsC4HfenPwL1FkF7IvgxATNY/+S8kMSxlsoSNX/pDFMj0TvDCALUSq
7Vq4OWPC8l9aiRe2
DEBUG	[2019-06-19 18:06:39:406] <28624> sessionkey:DHZEisns37ZOv1umRXC9a6Yofy0WhgXqYxscB0S4r/PL3fqSvCeAvvbE36KBq/45
3M28j12BL0XuCD+h/1IgR2QidFFJD6p4N89G5o0WUv0tzEUKCXT31IV6PU7dRvio
zsmZsQvIX33Gc1tBqT40U9V4b/rxQYlCulRu6xGj1gQ=
DEBUG	[2019-06-19 18:06:39:406] <28624> url:http://www.obmms.net
DEBUG	[2019-06-19 18:06:39:406] <28624> cardcode:14
DEBUG	[2019-06-19 18:06:39:406] <28624> parentemail:lipstic30@naver.com
DEBUG	[2019-06-19 18:06:39:406] <28624> recvname:
DEBUG	[2019-06-19 18:06:39:406] <28624> recvtel:
DEBUG	[2019-06-19 18:06:39:406] <28624> recvaddr:
DEBUG	[2019-06-19 18:06:39:406] <28624> recvpostnum:
DEBUG	[2019-06-19 18:06:39:406] <28624> recvmsg:
DEBUG	[2019-06-19 18:06:39:406] <28624> joincard:
DEBUG	[2019-06-19 18:06:39:406] <28624> joinexpire:
DEBUG	[2019-06-19 18:06:39:406] <28624> id_customer:
INFO	[2019-06-19 18:06:39:406] <28624> Check Field OK
INFO	[2019-06-19 18:06:39:406] <28624> Make TID OK INIphpCARDobmms2015120190619180639067177
INFO	[2019-06-19 18:06:39:406] <28624> PI PUB KEY LOAD OK [39]
INFO	[2019-06-19 18:06:39:424] <28624> PG PUB KEY LOAD OK [30]
INFO	[2019-06-19 18:06:39:425] <28624> MERCHANT PRIV KEY LOAD OK
INFO	[2019-06-19 18:06:39:425] <28624> MERCHANT PUB KEY LOAD OK [0]
INFO	[2019-06-19 18:06:39:427] <28624> MAKE BODY OK
INFO	[2019-06-19 18:06:39:430] <28624> SIGN OK
INFO	[2019-06-19 18:06:39:430] <28624> MAKE HEAD OK
INFO	[2019-06-19 18:06:39:430] <28624> MSG_TO_PG:[0296100175R SHA1                   0                  39                  300200obmms20151              550000INIphpCARDobmms2015120190619180639067177<?xml version="1.0" encoding="UTF-8"?>
<INIpay>
	  <GoodsInfo>
	    <GoodsCnt>1</GoodsCnt>
	    <MOID/>
	    <Currency>WON</Currency>
	    <Tax/>
	    <TaxFree/>
	    <Goods>
	      <SMID>obmms20151</SMID>
	      <GoodsName urlencode="1">%BB%E7%BE%F7%C7%FC-%C1%A4%B1%E2%B0%E1%C1%A6</GoodsName>
	      <GoodsPrice>550000</GoodsPrice></Goods></GoodsInfo>
	  <BuyerInfo>
	    <BuyerName urlencode="1">%C3%D6%C1%F8%B9%E8</BuyerName>
	    <BuyerTel>010-4077-7589</BuyerTel>
	    <BuyerEmail urlencode="1">lipstic30%40naver.com</BuyerEmail>
	    <ParentEmail urlencode="1">lipstic30%40naver.com</ParentEmail>
	    <RecvName/>
	    <RecvTel/>
	    <RecvMsg/>
	    <RecvAddr/>
	    <RecvPostNum/></BuyerInfo>
	  <PaymentInfo>
	    <Payment>
	      <PayMethod>Card</PayMethod>
	      <JoinCard/>
	      <JoinExpire/>
	      <MailOrder/>
	      <SessionKey>DHZEisns37ZOv1umRXC9a6Yofy0WhgXqYxscB0S4r/PL3fqSvCeAvvbE36KBq/45
3M28j12BL0XuCD+h/1IgR2QidFFJD6p4N89G5o0WUv0tzEUKCXT31IV6PU7dRvio
zsmZsQvIX33Gc1tBqT40U9V4b/rxQYlCulRu6xGj1gQ=</SessionKey>
	      <Encrypted urlencode="1">Version%3D4.1%26PayMethod%3DCard%26RsaKeyNum%3D1%26EncryptionAlgorithm%3DSEED-CBC%26SignAlgorithm%3DRSAwithSHA1%26CertVer%3D39%26moid%3D11891_190619060452%26ver_trace%3Dmain%286109%2C6065%29card%286185%2C6158%29n%286009%29Cs%286025%29Dt%286002%29Pa%286002%29Cf%286025%29Fv%280000%29La%286183%29Re%286135%29Vr%286008%29P%286034%29en%286070%29nP%286006%29%26pg1%3D39.115.212.10%26pg2%3D203.238.37.3%26pg1ip%3D39.115.212.10%26pg2ip%3D203.238.37.3%26agreeflag%3D1111%26Data%3DfaUs%2Fy%2F1Td0Uy2ESulb4Sq0nXQ9CN0y4gppqXdgWDSWB%2Bs%2Bm0E6fQzRnUSqPwNHF%0D%0Al%2FpPdVMlFSma%2BErKKDjBXrfb98lfk%2F2c5f8cri4dGTfJx3EWJ8Nsz5AwZ6ODAkDD%0D%0AE2%2B5p5WbDOL9VZ8Gby8DewBZgnUHiS70HT01KNP7cX34PsNfi9qzLSRqwOI%2BizJW%0D%0AUhsjXUylAE2ADyvBSntSxF1cpOf%2Ba6lDKJuG1rC00g1zIJUqi2fcUGNYYz%2F7Ui%2F7%0D%0A5C8AkiZO8MMyZRNi4MyVrpqReQasV14UZzODYnnXTjn5ockGT6vgvVH4uEsoZjP3%0D%0A36gYhnbniTPYFXWFkkK1%2FTRehhD%2BtaOHfLbTZLFSHFT8Myv7SPNPFAr1GU7B0lI2%0D%0AuNPQcctQjOwhVqSxshDCB%2BdB%2FFToz%2BmNTTgSb1l%2Fm0uJ4Lf2RXSq4Q7eyGDZJWCn%0D%0AZmZ1x4DQGJQI6FTmIRsMRjcfujhfi7gBwKy0PKxaAVfHXt9%2FDP29Khjccgw%2FpSL9%0D%0ACSCQ4cnajYIanhweYEIGWaGvjXKf87lZP3JnIeGr2YKS1Ws1g8hH%2FPHgRNI39xjY%0D%0AvlkptsM9nL9COnZssfk9ef8T8zYC9toBwvuf5PiiZk9PXCHOIBgOzjyAOulWv4qv%0D%0AjYZPbMvT5c7bfCWLGHHlIMnx%2F89fyCE%2FwGRpK1Tmd2aH3PWcEEdzPVlQTeygIWv2%0D%0ACmY58TGQQsd3Mbw7EBcoyIMOO1xaz%2FVyhaSzY7rhkcJ9GiZyebMmHZiKovP5JDkL%0D%0Aaa9rEWDPRzYsC4HfenPwL1FkF7IvgxATNY%2F%2BS8kMSxlsoSNX%2FpDFMj0TvDCALUSq%0D%0A7Vq4OWPC8l9aiRe2</Encrypted></Payment></PaymentInfo>
	  <ReservedInfo>
	    <MReserved1/>
	    <MReserved2/>
	    <MReserved3/></ReservedInfo>
	  <ManageInfo>
	    <Language/>
	    <URL urlencode="1">http%3A%2F%2Fwww.obmms.net</URL>
	    <TXVersion>5036B141209securLinux     PHPchkfake   2.6.18-274.3.1.el5PHP:5.2.9   </TXVersion>
	    <TXUserID/>
	    <TXRegNum/>
	    <Ack>1</Ack>
	    <TXRN>MjAxOTA2MTkxODA0NTI3MDM2OTI1MQ==
</TXRN></ManageInfo></INIpay>AZdYFwvTp0dbYuJgoQ9yg6kFX7QySCE/F3FWxcUkPhYBCVLJBwxGdiuKVF7Ua3gk
TDGOov1xT/T8C1RzEMJejyTuBnnvXpThdGoHIorQpUdU4J08GUHqfBI79rjlzrkq
jedJaO8GUQudFyeIA1AWi1O5oK2d4f01WJPdODZw4rKI
]
INFO	[2019-06-19 18:06:39:441] <28624> DNS LOOKUP OK(39.115.212.10:39.115.212.10:34049) laptime:0
INFO	[2019-06-19 18:06:39:444] <28624> SOCKET CONNECT OK
INFO	[2019-06-19 18:06:39:444] <28624> SEND OK
INFO	[2019-06-19 18:06:39:837] <28624> RECV OK
INFO	[2019-06-19 18:06:39:837] <28624> MSG_FROM_PG:[0307300175D SHA1                   0                  39                  300210obmms20151              550000INIphpCARDobmms2015120190619180639067177<?xml version="1.0" encoding="UTF-8"?>
<INIpay>
  <GoodsInfo>
    <GoodsCnt>1</GoodsCnt>
    <MOID urlencode="1">11891_190619060452</MOID>
    <Currency>WON</Currency>
    <Goods no="1">
      <SMID>obmms20151</SMID>
      <GoodsName urlencode="1">%BB%E7%BE%F7%C7%FC-%C1%A4%B1%E2%B0%E1%C1%A6</GoodsName>
      <GoodsCntS>1</GoodsCntS>
      <GoodsPrice>550000</GoodsPrice>
    </Goods>
  </GoodsInfo>
  <PaymentInfo>
    <Payment>
      <SessionKey>AKfcsMpJh+/zcSOCJU6MDRRkRRY0HK8OXOAgPH6Q+MgwEke8aCOpKw+Vh+XWyjMZ
UGsKUvFkrMFkx7y8rsyyout3bel16VCT/e/TrQWbf9+ZiJp9GCQlR20Rp47aYE0h
A3U4Ey6nsbDCtEejeIpn9QF59/y3mGBdgaVNbgeadVRF6pxykWaqC8U=
</SessionKey>
      <Encrypted>+INIBP7q0MSU+PZ81ZhhBnhuNvyWzIIJMtYXAQbWYcnmQ/Grs0kxWl76UkHGlAOX
92mu9OjUtezCrirydT+5/LPBvURbG7C4FiI/kFp3iX7pSCt4dkiB/NIGt9Jnq5Pe
Ipnib6V/FWtLyai99VaA8E3GJQlNvL/VtMLtaTceGX1O6DtUQGjaFDzsWRd1R5xI
w1O8IghSkSnJle+UvPZ/OBOJE62GbB8nRsirApL+b+OBxaIkZO7WQLC60X0PfP7f
9fsTVGIf7TUg7Y97H5OwDdan6O2IfZ1pd9Cdb9CgmW23rkZT27K5bjurarChmGBY
m8dQ6wDEbW8ACCnaNWrnBeM7kAYSoM1Mb5ZqbVggfktJXtG8wLXb+Mu+/u7w1rc7
UU0S6tLai0Ug4c4UO8ALns/R58fwW34dyootJBiDPk8FDkGIheBD8yzXRUuVtXpz
7bNON3rdDCkCE26aHpcoIp3E26jGC20WS6BM0Iz23uOifFaTpIjmdqcXfgXHo7f7
i9St4JQso6mEhR/ReZU6dXMLiMF7owbtBCy8ONfMDMqAO3PU9ISAmoa72PK19w/5
3ki0JSBXzhwVO6nZU0kSU8l4R4sIDQFOt5eg+wznOKkebhVFghVXbDPTXb4rbXn9
d3ILuSNawNJW8f+hlDPlqYKy+UAqi8qHAVeNi479UAlzLRLO+2R0+3GXHNJ4fKxu
r7+dGxETQAt8SYeIhhz3zDtO15xk4XQ6rPeio86HgyhTyzKofToLjnjYw2IgE+TJ
uchT5rTibwsX1YewsBweQ7sk4TVHtkahScSTZf7PcBMFqVzpeUk/FwjBvmS8FV0X
7XOiql+aRZsrUkTYgOtUHiIvEme12Y6q/efzDFviTZw8eVW7jl3HCNMpQHa1GhIO
G9vPni+8VO6AKPfu00mBfgUwKJgLbzAxUt66xe9/dRyki3oT+cmQSKfueD7kHQ7D
PhwYK137GskZ1C3od9LJTWFbTB/oc9iBzSWwCMsh6wc+9Xi58N8rN61VbQWNY3A/
OkZcVq3NHsbFeOPpbtA8FuViuH8qP9khTGuB9BICaOf8I8QpCxzMmFi/qIsfkCbk
NrrYUikRhgI08idZnLUyLTtzZWzarJmwlN3qswbv9f5nypLDSWSMcnJMJQK4TBMG
O5q4uqiofHany5UHV15X8Luzd8PjwqrHOrQpecq92anC48XOpoNrjtTC+lSpYWW2
7p7NYWc9az2GoMyF1bw8MVya4cfVfG/96U5b0vmmU45UUXIPQSW3/e29WYg+0t2s
l0wVVTNfCKtvxGN/nqhf+icnxj28WuI7VUW8Hx040oeJKt0rY+IOwrOB4i8VXTWF
JJRkMCA8v5xxfkVkWGSMjn/JwamxV4jBzmJmWpX7Xe2YWIP8AEe1xgFSQCTYsRqT
qOdFY8DKStMUE9Q7lzH8USDHqTg9Tx0ePv8eGplILV/pJE7wLVuRRznXjgDIL428
a7xfHuP143W7PiNxzHTOOQwpXTO6NVyIf8hCKvKxiSflBPwwhKND9twjBY2Iki4S
GGf2/C0uNKqec9KRayct9vSf5WZyDvJ/O8IfnEJZLsDtnRTBonbqgB1vejiVRVq2
kxHlea0/YrvyjwMYQVM+cCDiNu/wvjJ16Z7KVHsgZe7V6EaCyQxWB0lP8voV+8BF
O9o7wWNxuC1CjExMEJRJH91mO9OSaFXnCWYcbJ9vMII=
</Encrypted>
      <PayMethod>Card</PayMethod>
      <ResultCode>120016</ResultCode>
      <ResultMsg urlencode="1">%BF%F9+%BB%E7%BF%EB%C7%D1%B5%B5+%C3%CA%B0%FA</ResultMsg>
    </Payment>
  </PaymentInfo>
  <ManageInfo>
    <EventCode></EventCode>
    <OrgCurrency></OrgCurrency>
    <ExchangeRate></ExchangeRate>
    <OrgPrice></OrgPrice>
  </ManageInfo>
  <ReservedInfo>
    <MReserved1 urlencode="1"></MReserved1>
    <MReserved2 urlencode="1"></MReserved2>
    <MReserved3 urlencode="1"></MReserved3>
    <PGReserved1 urlencode="1"></PGReserved1>
    <PGReserved2 urlencode="1"></PGReserved2>
    <PGReserved3 urlencode="1"></PGReserved3>
  </ReservedInfo>
</INIpay>
ZVY0Z19AHnVeadZ/DnRxx/woHopztYJpBcBsfi/l9ShH3/YmfkTNJW16rRV6ovlH
zxpoJ2ovtywHLnJsRLRk0iyNHu9wpLngZqS5GMMz7+j/7vzShFTWJnRUvW7pHR38
Wr4OSLFuZgXmTspDO8+xf/WCawLK87W+moZ9QCpcj3w=
]
INFO	[2019-06-19 18:06:39:837] <28624> VERIFY OK
INFO	[2019-06-19 18:06:39:837] <28624> PARSE HEAD OK
INFO	[2019-06-19 18:06:39:856] <28624> PARSE BODY OK
INFO	[2019-06-19 18:06:39:886] <28624> DECRYPT OK
DEBUG	[2019-06-19 18:06:39:886] <28624> DECRYPT MSG:[<?xml version="1.0" encoding="UTF-8"?>
<PaymentInfo>
  <Payment>
    <EASYPAY/>
    <Card>
      <CARD_ApplPrice>550000</CARD_ApplPrice>
      <CARD_Num></CARD_Num>
      <CARD_Expire></CARD_Expire>
      <CARD_Code>14</CARD_Code>
      <CARD_BankCode>26</CARD_BankCode>
      <CARD_Quota>00</CARD_Quota>
      <CARD_Interest>0</CARD_Interest>
      <CARD_Point></CARD_Point>
      <CARD_AuthType>99</CARD_AuthType>
      <CARD_RegNum></CARD_RegNum>
      <CARD_ApplDate>20190619</CARD_ApplDate>
      <CARD_ApplTime>180637</CARD_ApplTime>
      <CARD_ApplNum></CARD_ApplNum>
      <CARD_TerminalNum>019048y000</CARD_TerminalNum>
      <CARD_MemberNum></CARD_MemberNum>
      <CARD_PurchaseCode></CARD_PurchaseCode>
      <CARD_ResultCode>120016</CARD_ResultCode>
      <CARD_ResultMsg urlencode="1">%BF%F9+%BB%E7%BF%EB%C7%D1%B5%B5+%C3%CA%B0%FA</CARD_ResultMsg>
      <CARD_PrtcCode></CARD_PrtcCode>
      <CARD_Quota_Point>00</CARD_Quota_Point>
      <CARD_CheckFlag>2</CARD_CheckFlag>
      <CARD_PurchaseName urlencode="1"></CARD_PurchaseName>
      <CARD_IssuerName urlencode="1"></CARD_IssuerName>
      <CARD_JoinUsePoint></CARD_JoinUsePoint>
      <CARD_UsePoint></CARD_UsePoint>
      <CARD_CouponOnlyMer></CARD_CouponOnlyMer>
    </Card>
  </Payment>
</PaymentInfo>]
INFO	[2019-06-19 18:06:39:889] <28624> DECRYPT PARSE OK
INFO	[2019-06-19 18:06:39:889] <28624> END securepay [120016|ø˘ ªÁøÎ«—µµ √ ∞˙] Laptime:[0.48sec]
INFO	[2019-06-19 18:06:39:889] <28624> ===============================================================
INFO	[2019-06-19 18:07:43:874] <18161> START INIPHP chkfake (V5036-141209)(OS:Linux2.6.18-274.3.1.el5,PHP:5.2.9)
DEBUG	[2019-06-19 18:07:43:874] <18161> inipayhome:/home/ilearning3/www/inipay
DEBUG	[2019-06-19 18:07:43:874] <18161> type:chkfake
DEBUG	[2019-06-19 18:07:43:874] <18161> debug:true
DEBUG	[2019-06-19 18:07:43:874] <18161> enctype:asym
DEBUG	[2019-06-19 18:07:43:874] <18161> admin:1111
DEBUG	[2019-06-19 18:07:43:874] <18161> checkopt:false
DEBUG	[2019-06-19 18:07:43:874] <18161> mid:obmms20151
DEBUG	[2019-06-19 18:07:43:874] <18161> price:550000
DEBUG	[2019-06-19 18:07:43:874] <18161> nointerest:no
DEBUG	[2019-06-19 18:07:43:874] <18161> quotabase:ÏùºÏãúÎ∂à
INFO	[2019-06-19 18:07:43:874] <18161> Check Field OK
INFO	[2019-06-19 18:07:43:874] <18161> MERCHANT PRIV KEY LOAD OK
INFO	[2019-06-19 18:07:43:875] <18161> MERCHANT PUB KEY LOAD OK []
INFO	[2019-06-19 18:07:43:876] <18161> CHKFAKE KEY MAKE OK:MjAxOTA2MTkxODA3NDM4NzU2NTQxMg==

INFO	[2019-06-19 18:07:43:876] <18161> END chkfake  Laptime:[0.01sec]
INFO	[2019-06-19 18:07:43:876] <18161> ===============================================================
INFO	[2019-06-19 18:09:57:379] <18312> START INIPHP chkfake (V5036-141209)(OS:Linux2.6.18-274.3.1.el5,PHP:5.2.9)
DEBUG	[2019-06-19 18:09:57:379] <18312> inipayhome:/home/ilearning3/www/inipay
DEBUG	[2019-06-19 18:09:57:379] <18312> type:chkfake
DEBUG	[2019-06-19 18:09:57:379] <18312> debug:true
DEBUG	[2019-06-19 18:09:57:379] <18312> enctype:asym
DEBUG	[2019-06-19 18:09:57:379] <18312> admin:1111
DEBUG	[2019-06-19 18:09:57:379] <18312> checkopt:false
DEBUG	[2019-06-19 18:09:57:379] <18312> mid:obmms20151
DEBUG	[2019-06-19 18:09:57:379] <18312> price:550000
DEBUG	[2019-06-19 18:09:57:379] <18312> nointerest:no
DEBUG	[2019-06-19 18:09:57:379] <18312> quotabase:ÏùºÏãúÎ∂à
INFO	[2019-06-19 18:09:57:379] <18312> Check Field OK
INFO	[2019-06-19 18:09:57:379] <18312> MERCHANT PRIV KEY LOAD OK
INFO	[2019-06-19 18:09:57:380] <18312> MERCHANT PUB KEY LOAD OK []
INFO	[2019-06-19 18:09:57:381] <18312> CHKFAKE KEY MAKE OK:MjAxOTA2MTkxODA5NTczODA4NzQxNQ==

INFO	[2019-06-19 18:09:57:381] <18312> END chkfake  Laptime:[0sec]
INFO	[2019-06-19 18:09:57:381] <18312> ===============================================================
INFO	[2019-06-19 18:13:43:445] <18299> START INIPHP securepay (V5036-141209)(OS:Linux2.6.18-274.3.1.el5,PHP:5.2.9)
DEBUG	[2019-06-19 18:13:43:445] <18299> inipayhome:/home/ilearning3/www/inipay
DEBUG	[2019-06-19 18:13:43:445] <18299> type:securepay
DEBUG	[2019-06-19 18:13:43:445] <18299> pgid:INIphpCARD
DEBUG	[2019-06-19 18:13:43:445] <18299> subpgip:203.238.3.10
DEBUG	[2019-06-19 18:13:43:445] <18299> admin:1111
DEBUG	[2019-06-19 18:13:43:445] <18299> debug:true
DEBUG	[2019-06-19 18:13:43:445] <18299> uid:
DEBUG	[2019-06-19 18:13:43:445] <18299> goodname:ªÁæ˜«¸-¡§±‚∞·¡¶
DEBUG	[2019-06-19 18:13:43:445] <18299> currency:WON
DEBUG	[2019-06-19 18:13:43:445] <18299> mid:obmms20151
DEBUG	[2019-06-19 18:13:43:445] <18299> rn:MjAxOTA2MTkxODA5NTczODA4NzQxNQ==

DEBUG	[2019-06-19 18:13:43:445] <18299> price:550000
DEBUG	[2019-06-19 18:13:43:445] <18299> enctype:
DEBUG	[2019-06-19 18:13:43:445] <18299> buyername:√÷¡¯πË
DEBUG	[2019-06-19 18:13:43:445] <18299> buyertel:010-4077-7589
DEBUG	[2019-06-19 18:13:43:445] <18299> buyeremail:lipstic30@naver.com
DEBUG	[2019-06-19 18:13:43:445] <18299> paymethod:Card
DEBUG	[2019-06-19 18:13:43:445] <18299> encrypted:Version=4.1&PayMethod=Card&RsaKeyNum=1&EncryptionAlgorithm=SEED-CBC&SignAlgorithm=RSAwithSHA1&CertVer=39&moid=11891_190619060957&ver_trace=main(6109,6065)card(6185,6158)n(6009)Cs(6025)Dt(6002)Pa(6002)Cf(6025)Fv(0000)La(6183)Re(6135)Vr(6008)P(6034)en(6070)nP(6006)&pg1=39.115.212.10&pg2=203.238.37.3&pg1ip=39.115.212.10&pg2ip=203.238.37.3&agreeflag=1111&Data=LRDBKnxz1aPdzYzawNmU+NS3ADXuV+xEr1jg/ARHHe41uGcsW2i/UWp8FxRJqx18
WY2dDGzADes1MP7bRSx9QdC9qyjaz79YfH7SWQzxD7QCFRx7rZPaevq62lcrbj9z
VYKWghG6uLkv0zfdx5tn5+bN4t4YSlJ06xKg69LMLKwsb1wOOsbDwCBcpEKFPjl/
p/moGZ7PpeqEdTbel48HoBayZS0jwLA4qoCiSTQfy0rXBfMzoFRfzNzKh7XYRhq4
V8kWOYd6hXXyzaJjGO1P4fn+CPSxEgEaQT2BTdtURpbkGw3/vTdfuihV6WzqvIS9
UqHhbBceMTeM9KrW8O0lK5CKuBW0sX9+1jhsPFEqByPpDbeEEqSY36LCsCSlZrJ4
HE3XOLtd3GAINNVdDmxGzV5QrfmFrTA0rdSYNlOqzx5UqCvwL2wWOdEaQjs//diB
An+jDLlu1PvQXATxJ79Siho4M9fLHrpqE9oZQV8ERZOGyYwp2XS/NnipUnPStSed
k/MlQN0SDY6b/q4zgil/kersZi5YiqnNJ7ZIe3JW8vQ4ZCe7u5YCs6l7GN73dcf9
nwAwpqOAmYxVSDNkzXe7QoBUWbxqlJwJoZlEMs0eg2j4RyGKlF0U4mP2vhq0fYp2
Xq2+675mqpIfaqyQ1eZi/xN+7s/zIFsFJlGcE+QhFCxC9byrGF0dnb7sS2j82S3s
xNjb7qTuuCjx7rlgVWA2ouUnJxOaTwgQ+vPSVWVM/L6r4pwqRwdy4X6D804NZQ8n
alLqCAGKSMzjbZinM7PN/k6BRHYz9vlqxTRLgyDxp3KfVMUgIYe6zDE9e1/v5k2F
k6ePnfgVDFXDc1Nc
DEBUG	[2019-06-19 18:13:43:445] <18299> sessionkey:zeVbilp7jI7Y6n1B+UNnrhq11JKp4dzMLxb0HuXZBD2vy0SU7k49WK2FCo3o1wEJ
AYxV5CwNt5sWPF+mCCLy3G5HC5AJ5DQyZIC6829b4UWYmYIgKYviqxvqhTiMrHhX
UYL6WMRLi6NsaQSjZQkcdavJLh/UB0h21DCSpU0Kj9Q=
DEBUG	[2019-06-19 18:13:43:445] <18299> url:http://www.obmms.net
DEBUG	[2019-06-19 18:13:43:445] <18299> cardcode:14
DEBUG	[2019-06-19 18:13:43:445] <18299> parentemail:lipstic30@naver.com
DEBUG	[2019-06-19 18:13:43:445] <18299> recvname:
DEBUG	[2019-06-19 18:13:43:445] <18299> recvtel:
DEBUG	[2019-06-19 18:13:43:445] <18299> recvaddr:
DEBUG	[2019-06-19 18:13:43:445] <18299> recvpostnum:
DEBUG	[2019-06-19 18:13:43:445] <18299> recvmsg:
DEBUG	[2019-06-19 18:13:43:445] <18299> joincard:
DEBUG	[2019-06-19 18:13:43:445] <18299> joinexpire:
DEBUG	[2019-06-19 18:13:43:445] <18299> id_customer:
INFO	[2019-06-19 18:13:43:446] <18299> Check Field OK
INFO	[2019-06-19 18:13:43:446] <18299> Make TID OK INIphpCARDobmms2015120190619181343465502
INFO	[2019-06-19 18:13:43:446] <18299> PI PUB KEY LOAD OK [39]
INFO	[2019-06-19 18:13:43:447] <18299> PG PUB KEY LOAD OK [30]
INFO	[2019-06-19 18:13:43:447] <18299> MERCHANT PRIV KEY LOAD OK
INFO	[2019-06-19 18:13:43:447] <18299> MERCHANT PUB KEY LOAD OK [0]
INFO	[2019-06-19 18:13:43:450] <18299> MAKE BODY OK
INFO	[2019-06-19 18:13:43:452] <18299> SIGN OK
INFO	[2019-06-19 18:13:43:452] <18299> MAKE HEAD OK
INFO	[2019-06-19 18:13:43:452] <18299> MSG_TO_PG:[0295900175R SHA1                   0                  39                  300200obmms20151              550000INIphpCARDobmms2015120190619181343465502<?xml version="1.0" encoding="UTF-8"?>
<INIpay>
	  <GoodsInfo>
	    <GoodsCnt>1</GoodsCnt>
	    <MOID/>
	    <Currency>WON</Currency>
	    <Tax/>
	    <TaxFree/>
	    <Goods>
	      <SMID>obmms20151</SMID>
	      <GoodsName urlencode="1">%BB%E7%BE%F7%C7%FC-%C1%A4%B1%E2%B0%E1%C1%A6</GoodsName>
	      <GoodsPrice>550000</GoodsPrice></Goods></GoodsInfo>
	  <BuyerInfo>
	    <BuyerName urlencode="1">%C3%D6%C1%F8%B9%E8</BuyerName>
	    <BuyerTel>010-4077-7589</BuyerTel>
	    <BuyerEmail urlencode="1">lipstic30%40naver.com</BuyerEmail>
	    <ParentEmail urlencode="1">lipstic30%40naver.com</ParentEmail>
	    <RecvName/>
	    <RecvTel/>
	    <RecvMsg/>
	    <RecvAddr/>
	    <RecvPostNum/></BuyerInfo>
	  <PaymentInfo>
	    <Payment>
	      <PayMethod>Card</PayMethod>
	      <JoinCard/>
	      <JoinExpire/>
	      <MailOrder/>
	      <SessionKey>zeVbilp7jI7Y6n1B+UNnrhq11JKp4dzMLxb0HuXZBD2vy0SU7k49WK2FCo3o1wEJ
AYxV5CwNt5sWPF+mCCLy3G5HC5AJ5DQyZIC6829b4UWYmYIgKYviqxvqhTiMrHhX
UYL6WMRLi6NsaQSjZQkcdavJLh/UB0h21DCSpU0Kj9Q=</SessionKey>
	      <Encrypted urlencode="1">Version%3D4.1%26PayMethod%3DCard%26RsaKeyNum%3D1%26EncryptionAlgorithm%3DSEED-CBC%26SignAlgorithm%3DRSAwithSHA1%26CertVer%3D39%26moid%3D11891_190619060957%26ver_trace%3Dmain%286109%2C6065%29card%286185%2C6158%29n%286009%29Cs%286025%29Dt%286002%29Pa%286002%29Cf%286025%29Fv%280000%29La%286183%29Re%286135%29Vr%286008%29P%286034%29en%286070%29nP%286006%29%26pg1%3D39.115.212.10%26pg2%3D203.238.37.3%26pg1ip%3D39.115.212.10%26pg2ip%3D203.238.37.3%26agreeflag%3D1111%26Data%3DLRDBKnxz1aPdzYzawNmU%2BNS3ADXuV%2BxEr1jg%2FARHHe41uGcsW2i%2FUWp8FxRJqx18%0D%0AWY2dDGzADes1MP7bRSx9QdC9qyjaz79YfH7SWQzxD7QCFRx7rZPaevq62lcrbj9z%0D%0AVYKWghG6uLkv0zfdx5tn5%2BbN4t4YSlJ06xKg69LMLKwsb1wOOsbDwCBcpEKFPjl%2F%0D%0Ap%2FmoGZ7PpeqEdTbel48HoBayZS0jwLA4qoCiSTQfy0rXBfMzoFRfzNzKh7XYRhq4%0D%0AV8kWOYd6hXXyzaJjGO1P4fn%2BCPSxEgEaQT2BTdtURpbkGw3%2FvTdfuihV6WzqvIS9%0D%0AUqHhbBceMTeM9KrW8O0lK5CKuBW0sX9%2B1jhsPFEqByPpDbeEEqSY36LCsCSlZrJ4%0D%0AHE3XOLtd3GAINNVdDmxGzV5QrfmFrTA0rdSYNlOqzx5UqCvwL2wWOdEaQjs%2F%2FdiB%0D%0AAn%2BjDLlu1PvQXATxJ79Siho4M9fLHrpqE9oZQV8ERZOGyYwp2XS%2FNnipUnPStSed%0D%0Ak%2FMlQN0SDY6b%2Fq4zgil%2FkersZi5YiqnNJ7ZIe3JW8vQ4ZCe7u5YCs6l7GN73dcf9%0D%0AnwAwpqOAmYxVSDNkzXe7QoBUWbxqlJwJoZlEMs0eg2j4RyGKlF0U4mP2vhq0fYp2%0D%0AXq2%2B675mqpIfaqyQ1eZi%2FxN%2B7s%2FzIFsFJlGcE%2BQhFCxC9byrGF0dnb7sS2j82S3s%0D%0AxNjb7qTuuCjx7rlgVWA2ouUnJxOaTwgQ%2BvPSVWVM%2FL6r4pwqRwdy4X6D804NZQ8n%0D%0AalLqCAGKSMzjbZinM7PN%2Fk6BRHYz9vlqxTRLgyDxp3KfVMUgIYe6zDE9e1%2Fv5k2F%0D%0Ak6ePnfgVDFXDc1Nc</Encrypted></Payment></PaymentInfo>
	  <ReservedInfo>
	    <MReserved1/>
	    <MReserved2/>
	    <MReserved3/></ReservedInfo>
	  <ManageInfo>
	    <Language/>
	    <URL urlencode="1">http%3A%2F%2Fwww.obmms.net</URL>
	    <TXVersion>5036B141209securLinux     PHPchkfake   2.6.18-274.3.1.el5PHP:5.2.9   </TXVersion>
	    <TXUserID/>
	    <TXRegNum/>
	    <Ack>1</Ack>
	    <TXRN>MjAxOTA2MTkxODA5NTczODA4NzQxNQ==
</TXRN></ManageInfo></INIpay>ANJahOPUvft7T1VEAH1bRz/KrRCfTD0VBtsJRX9rALZmoF9pEGqLgNGyZNSni81E
kxi3Z3miI+yA1Dmqaf7xaMX9i+VVmE4R8CyHRUm2xJaqZQIottO7nnfcUfqf1I+C
p2Rx5QUfzuwVFG8MV7hnkLF6Xrr9ERGFNSQg3FOZj4gT
]
INFO	[2019-06-19 18:13:43:453] <18299> DNS LOOKUP OK(39.115.212.10:39.115.212.10:34049) laptime:0
INFO	[2019-06-19 18:13:43:455] <18299> SOCKET CONNECT OK
INFO	[2019-06-19 18:13:43:455] <18299> SEND OK
INFO	[2019-06-19 18:13:44:92] <18299> RECV OK
INFO	[2019-06-19 18:13:44:92] <18299> MSG_FROM_PG:[0312900175D SHA1                   0                  39                  300210obmms20151              550000INIphpCARDobmms2015120190619181343465502<?xml version="1.0" encoding="UTF-8"?>
<INIpay>
  <GoodsInfo>
    <GoodsCnt>1</GoodsCnt>
    <MOID urlencode="1">11891_190619060957</MOID>
    <Currency>WON</Currency>
    <Goods no="1">
      <SMID>obmms20151</SMID>
      <GoodsName urlencode="1">%BB%E7%BE%F7%C7%FC-%C1%A4%B1%E2%B0%E1%C1%A6</GoodsName>
      <GoodsCntS>1</GoodsCntS>
      <GoodsPrice>550000</GoodsPrice>
    </Goods>
  </GoodsInfo>
  <PaymentInfo>
    <Payment>
      <SessionKey>ABlpLBOK3EGrJp57gzEPATajNanbDXS0nPZ0faR+ogQ8RCYMkvjHcShq958jZWVd
omPc6IhqCaUbkXRshpmER6uH8aY06DbRanLbHFHQl2ErY3y5YFAHaCo8EkgVLeYs
cOvB7M7e33daIyZFsQzTpA0IhQ4VOtSnWxbnQs3ggMCEh6fYwmcJ424=
</SessionKey>
      <Encrypted>74fD/66s27v0ESS14vXL8IQfx3+sNZRUEUuI5HHlkokUbVgfTNk+iSPV7XNjcE9X
wFRiqjFFkwfbv9dqKgTFgX9SVT+VIwKBuOdFCdWf+cup68i/L0DrDHE+obE7EXbQ
5WOEuUhGQjvPTcPWUEbu4Tc5ICfSor/vF4eo7GUeG+ZqdUQiSZOXO4kUfLIPbktI
jI2NoqxOkHzIuMob4yYPGaQtvmc8ceudwBLSCuppPxC22KSXxee9UtECSsCpFq5g
rHwLDHAHmbW9L/mfzMGAby58R0uQ8rbMUHfJlJa5G4gHUHuEmyR/7OxeBV85LoG0
HsS13t6Rvzkln4U4QA0R128eosh3RAM0wjjU5kwDxKnFYimVWJDaiE/jxPpKCVJo
nHF/BjAlnLTQLLEQxSjFW9Y629w2FhNCC7D99aP04fRQj5FctjWtNUdCx0HcLvq5
Qi9Q2IK43GwGOcpFj5CbjtEB2lwJ19DoEGqrAAGnDIZt/zN+3qgjeZ/7BKzFB+qj
tXYhIjd57KXs2DhpORDTLGEoMWY9CHvYSGGxzvTHFRTLwwOF2GLe/RX5qxDOoVBD
UngHfAinHWzIetkPimZJ0jDpKeBnOShEKWMXNkvWtewK8KA8EMHplFkMDTDlLX0R
3DQr1fJLTbKxW6DhmzOms+HwDKM/Tbo+c8SW744/DOgbIYOAg+1KQ7rob0zxo41X
LuAVPu5dw0eK12hJ+3PB+KkbwVz3yqAfM4FOyN8KrcoA6P9x1caypJ6sh3c5ZV45
9vOhoog4YZ/V+UFdaCG8cKwFul4xObRzRJLaAmkPl9NLnjPVy33++CA5NSLz8LY2
SGO2YQ6QGKFKqsTycn9bd00owRQ8RTRWe77+Ca+tIaSXh0pL2m2cMTjxTjOTotWQ
wdLaHXfvvAO/45hD5vu5F98xIAR4mDtfpvviW1/82Hv9Gr2yWhY2kmZK77vKA7Jt
eqq042Gv0rNLG7RsG7alT9zNRy7ZiSSYpYKaiEkFaRlLU1mZeCfxK5AUv4BIhOcL
3Y2JQp0+UPJf8hpsPHgXjZzhBwxo9ZNtNYTi6I73eohiVu2rHF8xUd11sU0DQ9hy
3LQXI7fWnqmI8eOz8/TqtwiRmGpwbiTVv+hlph8YyTq2dYfH+AxIFDbfD0s0ioDN
S/qLSCAvPeFZIat0vhdcPfEmLzv7rC1/A+Y3xfBf4yBTex004y471ZVlgE7V4vW9
jFT7pTZwIBzCzx7NTisnhIi7yuL5kyWjEjvY54UiHv/O4c4QCfw2P1oZuwDQNTFI
JdkToT7dF4gpe1jhcSHTndNKjuN3IPvWhBYNZ9P1kfHWWip+07e4NQSKN2FbwNFC
ZFaMuNAHykrzxuAk/07xJ1PGb7ZzaJTO950pW08qmRiCx5c/sOwgPU/Hhv/dIa7v
2OHZ/wYY1sETc8rROi7UZNFDafzLH5LCmdH1nhM5/4JL7OOIxPHpF3z1ReHI2skT
UAwZ/Gyf02cTb6hg2gsbtPqZNH+R/djNaLKZagFQqbvO714Je8pqUQ436TKyDSzR
W4BhGemoqMVnYL76RhzdSfjI6Gv8zbmCUMUJAp8okLXygVCFH8/BHezU2W2+ufJ3
3o8zw78TAHok6F/ZV9nH3CDsDDO4XJTOnAI8+BNEud8RXvLgeLNPaNSz8utEPEax
B+KPEtqBzomHEzyGY2IaLz+79Ivi3WqwCxG/tLUyrXgvIAFAkUSddTMTYEAXR/4M
rr/qjKcvpveyu2bXHH0F4A==
</Encrypted>
      <PayMethod>Card</PayMethod>
      <ResultCode>120000</ResultCode>
      <ResultMsg urlencode="1">%C1%A4%BB%F3%C3%B3%B8%AE%B5%C7%BE%FA%BD%C0%B4%CF%B4%D9.</ResultMsg>
    </Payment>
  </PaymentInfo>
  <ManageInfo>
    <EventCode></EventCode>
    <OrgCurrency></OrgCurrency>
    <ExchangeRate></ExchangeRate>
    <OrgPrice></OrgPrice>
  </ManageInfo>
  <ReservedInfo>
    <MReserved1 urlencode="1"></MReserved1>
    <MReserved2 urlencode="1"></MReserved2>
    <MReserved3 urlencode="1"></MReserved3>
    <PGReserved1 urlencode="1"></PGReserved1>
    <PGReserved2 urlencode="1"></PGReserved2>
    <PGReserved3 urlencode="1"></PGReserved3>
  </ReservedInfo>
</INIpay>
Debxi7RlbNYbWPfnhwOhI3Q/pIaF8hus/TOxjSAEEAngwsddGs4q3jvKCo4N27cS
Rtu25qy8Sk9vdOsjKwye6DTvSuurbBMbHIH2OMA6pwtSt+el4Q/ILv+i8kQZbQdi
HXBbpZqfb1ALpahrWRal0fRY15mikxuTCLQ9blpxSy8=
]
INFO	[2019-06-19 18:13:44:92] <18299> VERIFY OK
INFO	[2019-06-19 18:13:44:92] <18299> PARSE HEAD OK
INFO	[2019-06-19 18:13:44:95] <18299> PARSE BODY OK
INFO	[2019-06-19 18:13:44:99] <18299> DECRYPT OK
DEBUG	[2019-06-19 18:13:44:99] <18299> DECRYPT MSG:[<?xml version="1.0" encoding="UTF-8"?>
<PaymentInfo>
  <Payment>
    <EASYPAY/>
    <Card>
      <CARD_ApplPrice>550000</CARD_ApplPrice>
      <CARD_Num>465887752295</CARD_Num>
      <CARD_Expire></CARD_Expire>
      <CARD_Code>14</CARD_Code>
      <CARD_BankCode>26</CARD_BankCode>
      <CARD_Quota>00</CARD_Quota>
      <CARD_Interest>0</CARD_Interest>
      <CARD_Point></CARD_Point>
      <CARD_AuthType>99</CARD_AuthType>
      <CARD_RegNum></CARD_RegNum>
      <CARD_ApplDate>20190619</CARD_ApplDate>
      <CARD_ApplTime>181341</CARD_ApplTime>
      <CARD_ApplNum>16513765</CARD_ApplNum>
      <CARD_TerminalNum>019048y000</CARD_TerminalNum>
      <CARD_MemberNum></CARD_MemberNum>
      <CARD_PurchaseCode></CARD_PurchaseCode>
      <CARD_ResultCode>120000</CARD_ResultCode>
      <CARD_ResultMsg urlencode="1">%C1%A4%BB%F3%C3%B3%B8%AE%B5%C7%BE%FA%BD%C0%B4%CF%B4%D9.</CARD_ResultMsg>
      <CARD_PrtcCode>1</CARD_PrtcCode>
      <CARD_Quota_Point>00</CARD_Quota_Point>
      <CARD_CheckFlag>0</CARD_CheckFlag>
      <CARD_PurchaseName urlencode="1"></CARD_PurchaseName>
      <CARD_IssuerName urlencode="1"></CARD_IssuerName>
      <CARD_JoinUsePoint></CARD_JoinUsePoint>
      <CARD_UsePoint></CARD_UsePoint>
      <CARD_CouponOnlyMer></CARD_CouponOnlyMer>
    </Card>
  </Payment>
</PaymentInfo>]
INFO	[2019-06-19 18:13:44:102] <18299> DECRYPT PARSE OK
INFO	[2019-06-19 18:13:44:102] <18299> WAIT ACK INVOKING
DEBUG	[2019-06-19 18:13:44:102] <18299> MAKE HEAD OK
INFO	[2019-06-19 18:13:44:105] <18299> SUCCESS ACK INVOKING
INFO	[2019-06-19 18:13:44:105] <18299> END securepay ¡§ªÛ√≥∏Æµ«æ˙Ω¿¥œ¥Ÿ. Laptime:[0.66sec]
INFO	[2019-06-19 18:13:44:105] <18299> ===============================================================
