INFO	[2019-07-30 14:24:24:366] <4950> START INIPHP chkfake (V5036-141209)(OS:Linux2.6.18-274.3.1.el5,PHP:5.2.9)
DEBUG	[2019-07-30 14:24:24:378] <4950> inipayhome:/home/ilearning3/www/inipay
DEBUG	[2019-07-30 14:24:24:378] <4950> type:chkfake
DEBUG	[2019-07-30 14:24:24:378] <4950> debug:true
DEBUG	[2019-07-30 14:24:24:378] <4950> enctype:asym
DEBUG	[2019-07-30 14:24:24:378] <4950> admin:1111
DEBUG	[2019-07-30 14:24:24:378] <4950> checkopt:false
DEBUG	[2019-07-30 14:24:24:378] <4950> mid:obmms20151
DEBUG	[2019-07-30 14:24:24:378] <4950> price:11000
DEBUG	[2019-07-30 14:24:24:378] <4950> nointerest:no
DEBUG	[2019-07-30 14:24:24:378] <4950> quotabase:선택:일시불:2개월:3개월:6개월:12개월
INFO	[2019-07-30 14:24:24:378] <4950> Check Field OK
INFO	[2019-07-30 14:24:24:412] <4950> MERCHANT PRIV KEY LOAD OK
INFO	[2019-07-30 14:24:24:442] <4950> MERCHANT PUB KEY LOAD OK []
INFO	[2019-07-30 14:24:24:458] <4950> CHKFAKE KEY MAKE OK:MjAxOTA3MzAxNDI0MjQ0NDI4MjA1NQ==

INFO	[2019-07-30 14:24:24:459] <4950> END chkfake  Laptime:[0.1sec]
INFO	[2019-07-30 14:24:24:459] <4950> ===============================================================
INFO	[2019-07-30 14:24:40:739] <4950> START INIPHP chkfake (V5036-141209)(OS:Linux2.6.18-274.3.1.el5,PHP:5.2.9)
DEBUG	[2019-07-30 14:24:40:739] <4950> inipayhome:/home/ilearning3/www/inipay
DEBUG	[2019-07-30 14:24:40:739] <4950> type:chkfake
DEBUG	[2019-07-30 14:24:40:739] <4950> debug:true
DEBUG	[2019-07-30 14:24:40:739] <4950> enctype:asym
DEBUG	[2019-07-30 14:24:40:739] <4950> admin:1111
DEBUG	[2019-07-30 14:24:40:739] <4950> checkopt:false
DEBUG	[2019-07-30 14:24:40:739] <4950> mid:obmms20151
DEBUG	[2019-07-30 14:24:40:739] <4950> price:11000
DEBUG	[2019-07-30 14:24:40:739] <4950> nointerest:no
DEBUG	[2019-07-30 14:24:40:739] <4950> quotabase:선택:일시불:2개월:3개월:6개월:12개월
INFO	[2019-07-30 14:24:40:739] <4950> Check Field OK
INFO	[2019-07-30 14:24:40:740] <4950> MERCHANT PRIV KEY LOAD OK
INFO	[2019-07-30 14:24:40:740] <4950> MERCHANT PUB KEY LOAD OK []
INFO	[2019-07-30 14:24:40:743] <4950> CHKFAKE KEY MAKE OK:MjAxOTA3MzAxNDI0NDA3NDA0OTE5Mg==

INFO	[2019-07-30 14:24:40:743] <4950> END chkfake  Laptime:[0sec]
INFO	[2019-07-30 14:24:40:743] <4950> ===============================================================
INFO	[2019-07-30 14:30:23:908] <3087> START INIPHP chkfake (V5036-141209)(OS:Linux2.6.18-274.3.1.el5,PHP:5.2.9)
DEBUG	[2019-07-30 14:30:23:908] <3087> inipayhome:/home/ilearning3/www/inipay
DEBUG	[2019-07-30 14:30:23:908] <3087> type:chkfake
DEBUG	[2019-07-30 14:30:23:908] <3087> debug:true
DEBUG	[2019-07-30 14:30:23:908] <3087> enctype:asym
DEBUG	[2019-07-30 14:30:23:908] <3087> admin:1111
DEBUG	[2019-07-30 14:30:23:908] <3087> checkopt:false
DEBUG	[2019-07-30 14:30:23:908] <3087> mid:obmms20151
DEBUG	[2019-07-30 14:30:23:908] <3087> price:11000
DEBUG	[2019-07-30 14:30:23:908] <3087> nointerest:no
DEBUG	[2019-07-30 14:30:23:908] <3087> quotabase:선택:일시불:2개월:3개월:6개월:12개월
INFO	[2019-07-30 14:30:23:908] <3087> Check Field OK
INFO	[2019-07-30 14:30:23:908] <3087> MERCHANT PRIV KEY LOAD OK
INFO	[2019-07-30 14:30:23:909] <3087> MERCHANT PUB KEY LOAD OK []
INFO	[2019-07-30 14:30:23:910] <3087> CHKFAKE KEY MAKE OK:MjAxOTA3MzAxNDMwMjM5MDkyNDY2OQ==

INFO	[2019-07-30 14:30:23:910] <3087> END chkfake  Laptime:[0sec]
INFO	[2019-07-30 14:30:23:910] <3087> ===============================================================
INFO	[2019-07-30 14:30:43:912] <6968> START INIPHP chkfake (V5036-141209)(OS:Linux2.6.18-274.3.1.el5,PHP:5.2.9)
DEBUG	[2019-07-30 14:30:43:912] <6968> inipayhome:/home/ilearning3/www/inipay
DEBUG	[2019-07-30 14:30:43:912] <6968> type:chkfake
DEBUG	[2019-07-30 14:30:43:912] <6968> debug:true
DEBUG	[2019-07-30 14:30:43:912] <6968> enctype:asym
DEBUG	[2019-07-30 14:30:43:912] <6968> admin:1111
DEBUG	[2019-07-30 14:30:43:912] <6968> checkopt:false
DEBUG	[2019-07-30 14:30:43:912] <6968> mid:obmms20151
DEBUG	[2019-07-30 14:30:43:912] <6968> price:11000
DEBUG	[2019-07-30 14:30:43:912] <6968> nointerest:no
DEBUG	[2019-07-30 14:30:43:912] <6968> quotabase:선택:일시불:2개월:3개월:6개월:12개월
INFO	[2019-07-30 14:30:43:912] <6968> Check Field OK
INFO	[2019-07-30 14:30:43:912] <6968> MERCHANT PRIV KEY LOAD OK
INFO	[2019-07-30 14:30:43:912] <6968> MERCHANT PUB KEY LOAD OK []
INFO	[2019-07-30 14:30:43:914] <6968> CHKFAKE KEY MAKE OK:MjAxOTA3MzAxNDMwNDM5MTIyNDY2OQ==

INFO	[2019-07-30 14:30:43:914] <6968> END chkfake  Laptime:[0sec]
INFO	[2019-07-30 14:30:43:914] <6968> ===============================================================
