INFO	[2019-07-26 16:19:21:310] <13328> START INIPHP chkfake (V5036-141209)(OS:Linux2.6.18-274.3.1.el5,PHP:5.2.9)
DEBUG	[2019-07-26 16:19:21:310] <13328> inipayhome:/home/ilearning3/www/inipay
DEBUG	[2019-07-26 16:19:21:310] <13328> type:chkfake
DEBUG	[2019-07-26 16:19:21:310] <13328> debug:true
DEBUG	[2019-07-26 16:19:21:310] <13328> enctype:asym
DEBUG	[2019-07-26 16:19:21:310] <13328> admin:1111
DEBUG	[2019-07-26 16:19:21:310] <13328> checkopt:false
DEBUG	[2019-07-26 16:19:21:310] <13328> mid:obmms20151
DEBUG	[2019-07-26 16:19:21:310] <13328> price:11000
DEBUG	[2019-07-26 16:19:21:310] <13328> nointerest:no
DEBUG	[2019-07-26 16:19:21:310] <13328> quotabase:ÏÑ†ÌÉù:ÏùºÏãúÎ∂à:2Í∞úÏõî:3Í∞úÏõî:6Í∞úÏõî:12Í∞úÏõî
INFO	[2019-07-26 16:19:21:311] <13328> Check Field OK
INFO	[2019-07-26 16:19:21:316] <13328> MERCHANT PRIV KEY LOAD OK
INFO	[2019-07-26 16:19:21:320] <13328> MERCHANT PUB KEY LOAD OK []
INFO	[2019-07-26 16:19:21:322] <13328> CHKFAKE KEY MAKE OK:MjAxOTA3MjYxNjE5MjEzMjAyNjIzNA==

INFO	[2019-07-26 16:19:21:322] <13328> END chkfake  Laptime:[0.01sec]
INFO	[2019-07-26 16:19:21:323] <13328> ===============================================================
INFO	[2019-07-26 16:21:11:739] <11464> START INIPHP securepay (V5036-141209)(OS:Linux2.6.18-274.3.1.el5,PHP:5.2.9)
DEBUG	[2019-07-26 16:21:11:740] <11464> inipayhome:/home/ilearning3/www/inipay
DEBUG	[2019-07-26 16:21:11:740] <11464> type:securepay
DEBUG	[2019-07-26 16:21:11:740] <11464> pgid:INIphpCARD
DEBUG	[2019-07-26 16:21:11:740] <11464> subpgip:203.238.3.10
DEBUG	[2019-07-26 16:21:11:740] <11464> admin:1111
DEBUG	[2019-07-26 16:21:11:740] <11464> debug:true
DEBUG	[2019-07-26 16:21:11:740] <11464> uid:
DEBUG	[2019-07-26 16:21:11:740] <11464> goodname:ø¬∏Æø¯πÆ¿⁄ - 1∞≥ø˘±‚∞£ 
DEBUG	[2019-07-26 16:21:11:740] <11464> currency:WON
DEBUG	[2019-07-26 16:21:11:740] <11464> mid:obmms20151
DEBUG	[2019-07-26 16:21:11:740] <11464> rn:MjAxOTA3MjYxNjE5MjEzMjAyNjIzNA==

DEBUG	[2019-07-26 16:21:11:740] <11464> price:11000
DEBUG	[2019-07-26 16:21:11:740] <11464> enctype:
DEBUG	[2019-07-26 16:21:11:740] <11464> buyername:¡®∏Ù
DEBUG	[2019-07-26 16:21:11:740] <11464> buyertel:031-978-1180
DEBUG	[2019-07-26 16:21:11:740] <11464> buyeremail:cowins@wavashopping.com
DEBUG	[2019-07-26 16:21:11:740] <11464> paymethod:Card
DEBUG	[2019-07-26 16:21:11:740] <11464> encrypted:Version=4.1&PayMethod=Card&RsaKeyNum=1&EncryptionAlgorithm=SEED-CBC&SignAlgorithm=RSAwithSHA1&CertVer=39&moid=12409_190726041921&ver_trace=main(6109,6065)card(6185,6158)n(6009)Cs(6025)Dt(6002)Pa(6002)Cf(6025)Fv(0000)La(6183)Re(6135)Vr(6008)P(6034)en(6070)nP(6006)&pg1=39.115.212.10&pg2=203.238.37.3&pg1ip=39.115.212.10&pg2ip=203.238.37.3&agreeflag=1111&Data=Td2AN9Ixz5Yu/wS4wHS0fSL5ZfjpwV3UTqL2G6m181Jnc7gyymv5T6YXP8asOksu
ssoGBkh9i7Co/VJByJA7MkBDvFX5R+obKu9ZB5/BzcBByeKRNZUKqR9IJvROSild
a29j8bz6XkN3f2k0lXPovEHOuX32GNEaKUKm/sIzNE76WFReUgw5mW3/JdBdLiMA
Of5ol1UbCzqm7W/ZCG1i7qTxiDfPz8GoPwuoJj5yqVHpC3/Ie2MnIBvFyYVxWhy2
M8PUusA6oS3W6glDs5NzZjxq0hilBraRhIGxIvGZDkvuuH6SNNEVDZtabAk8N7oH
g/yZHL4MlF85HfRyNFOiNHvczLBWekaRNG1elUKvhNta9vSX0jDxzglOoU7Lw3aX
+52wIfIuNB6i6Wb+GRQOGZIpOAsBbY1xgtNIEdH5FjqqVGUlAbZNmmX6zPdk+f/d
Vf2++NAC6VY8Vihcw02Na6zkcZRthYGn3NoaNGnBA6JmxuYt8TrVBxeoGjLZdiPp
pcCcSHRJ96g3xgAjUKI/a8EHixT87rQ71/r2M65ZSv9fmccAtZXDw6rHxEw7JJAx
ctmDBpZZbzdnX6DUaEyIaB1WiDJVK2uvIKvtMxdYicdgD2mtWGX1SJejAc6ivgWg
/dbVHXAk4jHkzoNlV+txZ6VrDW3Z20Gab8m3w7CEu/U8Ua8Ih6CD//qVi/uQKaPr
dq4f/Nt0CM+YEpjtrE4ojJzoFYL65JXYYig6HTCYgRSW8hEQ+1Q6tUTzpnXEV+Yn
8KQ8a7Dc8zsXP/7KzZH0elryf3K6j65jHskReYKYKgXL7rhIUWDXD7g8NkaTjFA=
DEBUG	[2019-07-26 16:21:11:740] <11464> sessionkey:zxVmr9PAOy4zoTYSioY9NHdPsCy92a3Y77lt8EHyLbbTXq1rX+EIdKd6zcLVCd6g
VplGjYoh8xRvjl9y+3lpjnacp/ymA39f0uorq5QJjBSYPMtQVdG5zdpi+4FYJ+8y
0o5dHvTZC3wSaSfy494drIdrOmK3IPuuPf2LppJtm70=
DEBUG	[2019-07-26 16:21:11:740] <11464> url:http://www.obmms.net
DEBUG	[2019-07-26 16:21:11:740] <11464> cardcode:12
DEBUG	[2019-07-26 16:21:11:740] <11464> parentemail:cowins@wavashopping.com
DEBUG	[2019-07-26 16:21:11:740] <11464> recvname:
DEBUG	[2019-07-26 16:21:11:740] <11464> recvtel:
DEBUG	[2019-07-26 16:21:11:740] <11464> recvaddr:
DEBUG	[2019-07-26 16:21:11:740] <11464> recvpostnum:
DEBUG	[2019-07-26 16:21:11:740] <11464> recvmsg:
DEBUG	[2019-07-26 16:21:11:740] <11464> joincard:
DEBUG	[2019-07-26 16:21:11:740] <11464> joinexpire:
DEBUG	[2019-07-26 16:21:11:740] <11464> id_customer:
INFO	[2019-07-26 16:21:11:740] <11464> Check Field OK
INFO	[2019-07-26 16:21:11:740] <11464> Make TID OK INIphpCARDobmms2015120190726162111407567
INFO	[2019-07-26 16:21:11:740] <11464> PI PUB KEY LOAD OK [39]
INFO	[2019-07-26 16:21:11:761] <11464> PG PUB KEY LOAD OK [30]
INFO	[2019-07-26 16:21:11:761] <11464> MERCHANT PRIV KEY LOAD OK
INFO	[2019-07-26 16:21:11:762] <11464> MERCHANT PUB KEY LOAD OK [0]
INFO	[2019-07-26 16:21:11:764] <11464> MAKE BODY OK
INFO	[2019-07-26 16:21:11:766] <11464> SIGN OK
INFO	[2019-07-26 16:21:11:766] <11464> MAKE HEAD OK
INFO	[2019-07-26 16:21:11:767] <11464> MSG_TO_PG:[0295900175R SHA1                   0                  39                  300200obmms20151               11000INIphpCARDobmms2015120190726162111407567<?xml version="1.0" encoding="UTF-8"?>
<INIpay>
	  <GoodsInfo>
	    <GoodsCnt>1</GoodsCnt>
	    <MOID/>
	    <Currency>WON</Currency>
	    <Tax/>
	    <TaxFree/>
	    <Goods>
	      <SMID>obmms20151</SMID>
	      <GoodsName urlencode="1">%BF%C2%B8%AE%BF%F8%B9%AE%C0%DA+-+1%B0%B3%BF%F9%B1%E2%B0%A3+</GoodsName>
	      <GoodsPrice>11000</GoodsPrice></Goods></GoodsInfo>
	  <BuyerInfo>
	    <BuyerName urlencode="1">%C1%A8%B8%F4</BuyerName>
	    <BuyerTel>031-978-1180</BuyerTel>
	    <BuyerEmail urlencode="1">cowins%40wavashopping.com</BuyerEmail>
	    <ParentEmail urlencode="1">cowins%40wavashopping.com</ParentEmail>
	    <RecvName/>
	    <RecvTel/>
	    <RecvMsg/>
	    <RecvAddr/>
	    <RecvPostNum/></BuyerInfo>
	  <PaymentInfo>
	    <Payment>
	      <PayMethod>Card</PayMethod>
	      <JoinCard/>
	      <JoinExpire/>
	      <MailOrder/>
	      <SessionKey>zxVmr9PAOy4zoTYSioY9NHdPsCy92a3Y77lt8EHyLbbTXq1rX+EIdKd6zcLVCd6g
VplGjYoh8xRvjl9y+3lpjnacp/ymA39f0uorq5QJjBSYPMtQVdG5zdpi+4FYJ+8y
0o5dHvTZC3wSaSfy494drIdrOmK3IPuuPf2LppJtm70=</SessionKey>
	      <Encrypted urlencode="1">Version%3D4.1%26PayMethod%3DCard%26RsaKeyNum%3D1%26EncryptionAlgorithm%3DSEED-CBC%26SignAlgorithm%3DRSAwithSHA1%26CertVer%3D39%26moid%3D12409_190726041921%26ver_trace%3Dmain%286109%2C6065%29card%286185%2C6158%29n%286009%29Cs%286025%29Dt%286002%29Pa%286002%29Cf%286025%29Fv%280000%29La%286183%29Re%286135%29Vr%286008%29P%286034%29en%286070%29nP%286006%29%26pg1%3D39.115.212.10%26pg2%3D203.238.37.3%26pg1ip%3D39.115.212.10%26pg2ip%3D203.238.37.3%26agreeflag%3D1111%26Data%3DTd2AN9Ixz5Yu%2FwS4wHS0fSL5ZfjpwV3UTqL2G6m181Jnc7gyymv5T6YXP8asOksu%0D%0AssoGBkh9i7Co%2FVJByJA7MkBDvFX5R%2BobKu9ZB5%2FBzcBByeKRNZUKqR9IJvROSild%0D%0Aa29j8bz6XkN3f2k0lXPovEHOuX32GNEaKUKm%2FsIzNE76WFReUgw5mW3%2FJdBdLiMA%0D%0AOf5ol1UbCzqm7W%2FZCG1i7qTxiDfPz8GoPwuoJj5yqVHpC3%2FIe2MnIBvFyYVxWhy2%0D%0AM8PUusA6oS3W6glDs5NzZjxq0hilBraRhIGxIvGZDkvuuH6SNNEVDZtabAk8N7oH%0D%0Ag%2FyZHL4MlF85HfRyNFOiNHvczLBWekaRNG1elUKvhNta9vSX0jDxzglOoU7Lw3aX%0D%0A%2B52wIfIuNB6i6Wb%2BGRQOGZIpOAsBbY1xgtNIEdH5FjqqVGUlAbZNmmX6zPdk%2Bf%2Fd%0D%0AVf2%2B%2BNAC6VY8Vihcw02Na6zkcZRthYGn3NoaNGnBA6JmxuYt8TrVBxeoGjLZdiPp%0D%0ApcCcSHRJ96g3xgAjUKI%2Fa8EHixT87rQ71%2Fr2M65ZSv9fmccAtZXDw6rHxEw7JJAx%0D%0ActmDBpZZbzdnX6DUaEyIaB1WiDJVK2uvIKvtMxdYicdgD2mtWGX1SJejAc6ivgWg%0D%0A%2FdbVHXAk4jHkzoNlV%2BtxZ6VrDW3Z20Gab8m3w7CEu%2FU8Ua8Ih6CD%2F%2FqVi%2FuQKaPr%0D%0Adq4f%2FNt0CM%2BYEpjtrE4ojJzoFYL65JXYYig6HTCYgRSW8hEQ%2B1Q6tUTzpnXEV%2BYn%0D%0A8KQ8a7Dc8zsXP%2F7KzZH0elryf3K6j65jHskReYKYKgXL7rhIUWDXD7g8NkaTjFA%3D</Encrypted></Payment></PaymentInfo>
	  <ReservedInfo>
	    <MReserved1/>
	    <MReserved2/>
	    <MReserved3/></ReservedInfo>
	  <ManageInfo>
	    <Language/>
	    <URL urlencode="1">http%3A%2F%2Fwww.obmms.net</URL>
	    <TXVersion>5036B141209securLinux     PHPchkfake   2.6.18-274.3.1.el5PHP:5.2.9   </TXVersion>
	    <TXUserID/>
	    <TXRegNum/>
	    <Ack>1</Ack>
	    <TXRN>MjAxOTA3MjYxNjE5MjEzMjAyNjIzNA==
</TXRN></ManageInfo></INIpay>AHotQETYSH14zbpb3gbb2QBpqhZWJD70bYNwa+udolYvCsnBOaitN1rrhiA2ej6T
9sYJcFeKLb+/PJI1Dk6MlFZmw/kpDbZ6JblhubF0tWDhU4pglEO5fymiO1ZpTuCd
lBOfOEf6uMR+hKPejOwJGWBdcvxA8YE3MoGJBwdvkplS
]
INFO	[2019-07-26 16:21:11:778] <11464> DNS LOOKUP OK(39.115.212.10:39.115.212.10:34049) laptime:0
INFO	[2019-07-26 16:21:11:780] <11464> SOCKET CONNECT OK
INFO	[2019-07-26 16:21:11:780] <11464> SEND OK
INFO	[2019-07-26 16:21:12:302] <11464> RECV OK
INFO	[2019-07-26 16:21:12:302] <11464> MSG_FROM_PG:[0317300175D SHA1                   0                  39                  300210obmms20151               11000INIphpCARDobmms2015120190726162111407567<?xml version="1.0" encoding="UTF-8"?>
<INIpay>
  <GoodsInfo>
    <GoodsCnt>1</GoodsCnt>
    <MOID urlencode="1">12409_190726041921</MOID>
    <Currency>WON</Currency>
    <Goods no="1">
      <SMID>obmms20151</SMID>
      <GoodsName urlencode="1">%BF%C2%B8%AE%BF%F8%B9%AE%C0%DA+-+1%B0%B3%BF%F9%B1%E2%B0%A3+</GoodsName>
      <GoodsCntS>1</GoodsCntS>
      <GoodsPrice>11000</GoodsPrice>
    </Goods>
  </GoodsInfo>
  <PaymentInfo>
    <Payment>
      <SessionKey>AO1ZAI15mOr/STE5yrnqnf4DiG6kK0UuL755zsXw1EsgqB0/k1zug4PqzTHFi/IO
4c+rmbwufBlZgIAb3vBQgsgjg6BUTkfiYKW61LqUrsY26jQW6Z5bwzn6So5X3y/d
ZsiDMOIUSb5DeYPAmRTB4ONNM8MFU++eM91DJdgc8UWCsi0pYOGHKPQ=
</SessionKey>
      <Encrypted>XroXfuogx/N8iT+Ivojc84bfxpMrnM9DJy8b2TPfk+9No+lMPT7IlW6daUkxTVkR
rSI/NczyatRgb0BgjjbN79c0Bhilii+0Qm7UUH8Nr+jt8SbqouFcKqj/lzV/+sF7
ZcFx/V3svb1DP7SSsgqZ4M8Qt6rW88cFDwDAA0JEjPsMRwmfm9o5R88fXDIXmurk
JJaKz85Z2O3BNuM4dL9dHqqwP+A4lWGKH+oS+RVgK6YUM0NkHHeA0sI1MqcH82p9
MyIz+zTYmnB1t97qtK7Lqy6EQhD4YDb1GrIs8oCRZvYGDpLkUqcdl0iyz32gfOgf
uk/OVxvt9NNdH/n/MOMKdMMNFBqk/RBbAQUj9XZS7Et93UwDt4cgmPENf9gPsVqI
vaBZpoIsLqiiil4TP7n81wdBvYCqCNsbEITsvb3FFJoB4dlW7VhbGZQRsJo0Tf+y
V7okMAK4jK4ZsN7E2quDbKwQxjuKKSVBNaM1HBY9Ei8c9MqtnSslRfZ2Vebu3dA7
p+obfbPAxe3tiwYB5hvWP1buPIybcm/3xwh87WtG33p0r/uNpUog1MjCtcZUcywu
01O2xVYsoOhc7tWL5OatOpD59xm3CcIEPd54OUZp0J4CpRWMJKGgljRTPP8dWdEt
ig2CmUXwJswU2fcNpqDZbXGN2yJ4r5EEVPbZeuq1RaEcxTNUZ2SYw7+V5aoMz2eD
oLBO/fs2nYyeBF1p9hxxmYVOnmylnl10Dfs6t5WGW7JO5EAk3+vtMdeLIrVgqBnb
sdilz+k6hlHsSVcssUzgqYhXDLFcm4AQAEeCdNyl9t6Et2ONbBR9eZ7mgvCFfCw2
Sy5fvouBmbyR2ydmjO79dIP+rqL9hdjm9DXzQ+LOhVTA46yfaI7N+RYZu+DsEdwE
zPwyfHvyNWePGiOoANjpr8psGwazeJnhWe8xPKa2V4msz0L4yKju5k3aEuvf3iax
15eBiAAz7XSB5u69RMz/EfujcgkJzXQaIDtkcB/VWpSOBAeuMnXHldam0yU8disS
NfSqrx3h/Ga9B2vI3T4XxPJDbBk5zQoUqXUWYweQw0RKT1xmQqxEE1Mo8L6d++Jy
MH9NX1v9SOdAYX7Q3tzxxulajith4FWEbMcOzWT5101cPsf1QY94Uh2+c8sNLLig
Z0+jHKDs9aapPiSF/uO8PsolJVPtn8kXRh1sR7W7o6Ufun9AziaCpLmYj56rTwgr
kUIT50OxoR3y16ODSAw3wmHGHZA0wBQfrmkeDB2Yi6PrlI4DxgUww56sqrHndb9E
LlwlTwz+6Z+LFMt3fzj3RYcu+GHkv++DLimZ2Cqu6cyCNC13v59a7JimFLk5FVVZ
xlsjLLILrOTqxsmLNxsqi3gCOJt29V6WDwI2/vzexxG0UDLJzCkSR4eR4vXx12us
ubFtIvfviamqZw1eQUDeeKXosQXLFWHkF37aMtExL4lX13YL/4s4MFtOViYrUv0s
BOTkVff18xnS36TkelS/Y1fp/ojdQuNODXQ+DM5P+/3jECmwQRfSU7tMtx43N4dX
2Hsky9JGPkUzBQxCkWLhGsHCGYNl8ze3zBZRgmmOSebednFGQWopIYE+rvjuhBiD
AKvLHIqR1erOloIgffsq2UlOPG0zksC7Kp0dg7wOkqPYnFS3CCfZKta/tSwV56Om
t06ZzZ7hz0V6FVCzrS7P0hJCf9GPpvp/7FsvPFF+QbxMudlmFB2HzbvPIOCksQ5B
gUC8XR+3v5t3JuCx5Qfwqw==
</Encrypted>
      <PayMethod>Card</PayMethod>
      <ResultCode>120000</ResultCode>
      <ResultMsg urlencode="1">%C1%A4%BB%F3%C3%B3%B8%AE%B5%C7%BE%FA%BD%C0%B4%CF%B4%D9.</ResultMsg>
      <src_code>B</src_code>
    </Payment>
  </PaymentInfo>
  <ManageInfo>
    <EventCode></EventCode>
    <OrgCurrency></OrgCurrency>
    <ExchangeRate></ExchangeRate>
    <OrgPrice></OrgPrice>
  </ManageInfo>
  <ReservedInfo>
    <MReserved1 urlencode="1"></MReserved1>
    <MReserved2 urlencode="1"></MReserved2>
    <MReserved3 urlencode="1"></MReserved3>
    <PGReserved1 urlencode="1"></PGReserved1>
    <PGReserved2 urlencode="1"></PGReserved2>
    <PGReserved3 urlencode="1"></PGReserved3>
  </ReservedInfo>
</INIpay>
KydirZ+EodT0GW0fvsl9HtZ5jEetWE2vj3/o/FVSP8wBWSlGzLoS0cIWz8M4ExC3
fRZ76YEIcV3nDqMPRHXanMsJ8g7BBnI0cNXciveoyIDLmvB6DyT5OVjzj0zLjVro
q+WyXSDtBOVH/MNG0e4XMkcM/ADkGu0IuRPZWyf/RaE=
]
INFO	[2019-07-26 16:21:12:303] <11464> VERIFY OK
INFO	[2019-07-26 16:21:12:303] <11464> PARSE HEAD OK
INFO	[2019-07-26 16:21:12:317] <11464> PARSE BODY OK
INFO	[2019-07-26 16:21:12:347] <11464> DECRYPT OK
DEBUG	[2019-07-26 16:21:12:348] <11464> DECRYPT MSG:[<?xml version="1.0" encoding="UTF-8"?>
<PaymentInfo>
  <Payment>
    <EASYPAY/>
    <Card>
      <CARD_ApplPrice>11000</CARD_ApplPrice>
      <CARD_Num>62581797****5425</CARD_Num>
      <CARD_Expire></CARD_Expire>
      <CARD_Code>12</CARD_Code>
      <CARD_BankCode>00</CARD_BankCode>
      <CARD_Quota>00</CARD_Quota>
      <CARD_Interest>0</CARD_Interest>
      <CARD_Point></CARD_Point>
      <CARD_AuthType>99</CARD_AuthType>
      <CARD_RegNum></CARD_RegNum>
      <CARD_ApplDate>20190726</CARD_ApplDate>
      <CARD_ApplTime>162109</CARD_ApplTime>
      <CARD_ApplNum>65929532</CARD_ApplNum>
      <CARD_TerminalNum>019048y000</CARD_TerminalNum>
      <CARD_MemberNum></CARD_MemberNum>
      <CARD_PurchaseCode></CARD_PurchaseCode>
      <CARD_ResultCode>120000</CARD_ResultCode>
      <CARD_ResultMsg urlencode="1">%C1%A4%BB%F3%C3%B3%B8%AE%B5%C7%BE%FA%BD%C0%B4%CF%B4%D9.</CARD_ResultMsg>
      <CARD_PrtcCode>1</CARD_PrtcCode>
      <CARD_Quota_Point>00</CARD_Quota_Point>
      <CARD_CheckFlag>0</CARD_CheckFlag>
      <CARD_PurchaseName urlencode="1"></CARD_PurchaseName>
      <CARD_IssuerName urlencode="1"></CARD_IssuerName>
      <CARD_JoinUsePoint></CARD_JoinUsePoint>
      <CARD_UsePoint></CARD_UsePoint>
      <CARD_CouponOnlyMer></CARD_CouponOnlyMer>
    </Card>
  </Payment>
</PaymentInfo>]
INFO	[2019-07-26 16:21:12:350] <11464> DECRYPT PARSE OK
INFO	[2019-07-26 16:21:12:350] <11464> WAIT ACK INVOKING
DEBUG	[2019-07-26 16:21:12:350] <11464> MAKE HEAD OK
INFO	[2019-07-26 16:21:12:353] <11464> SUCCESS ACK INVOKING
INFO	[2019-07-26 16:21:12:353] <11464> END securepay ¡§ªÛ√≥∏Æµ«æ˙Ω¿¥œ¥Ÿ. Laptime:[0.61sec]
INFO	[2019-07-26 16:21:12:353] <11464> ===============================================================
