INFO	[2019-12-29 17:30:45:215] <21787> START INIPHP chkfake (V5036-141209)(OS:Linux2.6.18-274.3.1.el5,PHP:5.2.9)
DEBUG	[2019-12-29 17:30:45:215] <21787> inipayhome:/home/ilearning3/www/inipay
DEBUG	[2019-12-29 17:30:45:215] <21787> type:chkfake
DEBUG	[2019-12-29 17:30:45:215] <21787> debug:true
DEBUG	[2019-12-29 17:30:45:215] <21787> enctype:asym
DEBUG	[2019-12-29 17:30:45:215] <21787> admin:1111
DEBUG	[2019-12-29 17:30:45:215] <21787> checkopt:false
DEBUG	[2019-12-29 17:30:45:215] <21787> mid:obmms20151
DEBUG	[2019-12-29 17:30:45:215] <21787> price:550000
DEBUG	[2019-12-29 17:30:45:215] <21787> nointerest:no
DEBUG	[2019-12-29 17:30:45:215] <21787> quotabase:일시불:2개월:3개월:6개월:12개월
INFO	[2019-12-29 17:30:45:215] <21787> Check Field OK
INFO	[2019-12-29 17:30:45:216] <21787> MERCHANT PRIV KEY LOAD OK
INFO	[2019-12-29 17:30:45:216] <21787> MERCHANT PUB KEY LOAD OK []
INFO	[2019-12-29 17:30:45:218] <21787> CHKFAKE KEY MAKE OK:MjAxOTEyMjkxNzMwNDUyMTY4MDkxOQ==

INFO	[2019-12-29 17:30:45:219] <21787> END chkfake  Laptime:[0.02sec]
INFO	[2019-12-29 17:30:45:219] <21787> ===============================================================
INFO	[2019-12-29 17:33:17:461] <27546> START INIPHP chkfake (V5036-141209)(OS:Linux2.6.18-274.3.1.el5,PHP:5.2.9)
DEBUG	[2019-12-29 17:33:17:461] <27546> inipayhome:/home/ilearning3/www/inipay
DEBUG	[2019-12-29 17:33:17:461] <27546> type:chkfake
DEBUG	[2019-12-29 17:33:17:461] <27546> debug:true
DEBUG	[2019-12-29 17:33:17:461] <27546> enctype:asym
DEBUG	[2019-12-29 17:33:17:461] <27546> admin:1111
DEBUG	[2019-12-29 17:33:17:461] <27546> checkopt:false
DEBUG	[2019-12-29 17:33:17:461] <27546> mid:obmms20151
DEBUG	[2019-12-29 17:33:17:461] <27546> price:550000
DEBUG	[2019-12-29 17:33:17:461] <27546> nointerest:no
DEBUG	[2019-12-29 17:33:17:461] <27546> quotabase:일시불:2개월:3개월:6개월:12개월
INFO	[2019-12-29 17:33:17:461] <27546> Check Field OK
INFO	[2019-12-29 17:33:17:462] <27546> MERCHANT PRIV KEY LOAD OK
INFO	[2019-12-29 17:33:17:462] <27546> MERCHANT PUB KEY LOAD OK []
INFO	[2019-12-29 17:33:17:463] <27546> CHKFAKE KEY MAKE OK:MjAxOTEyMjkxNzMzMTc0NjI3NzI5NQ==

INFO	[2019-12-29 17:33:17:463] <27546> END chkfake  Laptime:[0sec]
INFO	[2019-12-29 17:33:17:463] <27546> ===============================================================
INFO	[2019-12-29 17:33:50:899] <7255> START INIPHP chkfake (V5036-141209)(OS:Linux2.6.18-274.3.1.el5,PHP:5.2.9)
DEBUG	[2019-12-29 17:33:50:899] <7255> inipayhome:/home/ilearning3/www/inipay
DEBUG	[2019-12-29 17:33:50:899] <7255> type:chkfake
DEBUG	[2019-12-29 17:33:50:899] <7255> debug:true
DEBUG	[2019-12-29 17:33:50:899] <7255> enctype:asym
DEBUG	[2019-12-29 17:33:50:899] <7255> admin:1111
DEBUG	[2019-12-29 17:33:50:899] <7255> checkopt:false
DEBUG	[2019-12-29 17:33:50:899] <7255> mid:obmms20151
DEBUG	[2019-12-29 17:33:50:899] <7255> price:550000
DEBUG	[2019-12-29 17:33:50:899] <7255> nointerest:no
DEBUG	[2019-12-29 17:33:50:899] <7255> quotabase:일시불:2개월:3개월:6개월:12개월
INFO	[2019-12-29 17:33:50:900] <7255> Check Field OK
INFO	[2019-12-29 17:33:50:900] <7255> MERCHANT PRIV KEY LOAD OK
INFO	[2019-12-29 17:33:50:900] <7255> MERCHANT PUB KEY LOAD OK []
INFO	[2019-12-29 17:33:50:903] <7255> CHKFAKE KEY MAKE OK:MjAxOTEyMjkxNzMzNTA5MDE1MTg3OA==

INFO	[2019-12-29 17:33:50:903] <7255> END chkfake  Laptime:[0sec]
INFO	[2019-12-29 17:33:50:903] <7255> ===============================================================
