INFO	[2016-05-02 09:45:01:373] <9599> START INIPHP chkfake (V5036-141209)(OS:Linux4.1.16,PHP:5.5.17p1)
DEBUG	[2016-05-02 09:45:01:373] <9599> inipayhome:/home/hosting_users/ilearning3/www/inipay
DEBUG	[2016-05-02 09:45:01:373] <9599> type:chkfake
DEBUG	[2016-05-02 09:45:01:373] <9599> debug:true
DEBUG	[2016-05-02 09:45:01:373] <9599> enctype:asym
DEBUG	[2016-05-02 09:45:01:373] <9599> admin:1111
DEBUG	[2016-05-02 09:45:01:373] <9599> checkopt:false
DEBUG	[2016-05-02 09:45:01:373] <9599> mid:obmms20151
DEBUG	[2016-05-02 09:45:01:373] <9599> price:20000
DEBUG	[2016-05-02 09:45:01:373] <9599> nointerest:no
DEBUG	[2016-05-02 09:45:01:373] <9599> quotabase:선택:일시불:2개월:3개월:6개월
INFO	[2016-05-02 09:45:01:373] <9599> Check Field OK
INFO	[2016-05-02 09:45:01:373] <9599> MERCHANT PRIV KEY LOAD OK
INFO	[2016-05-02 09:45:01:373] <9599> MERCHANT PUB KEY LOAD OK []
INFO	[2016-05-02 09:45:01:374] <9599> CHKFAKE KEY MAKE OK:MjAxNjA1MDIwOTQ1MDEzNzM4NzYzMw==

INFO	[2016-05-02 09:45:01:374] <9599> END chkfake  Laptime:[0.001sec]
INFO	[2016-05-02 09:45:01:374] <9599> ===============================================================
INFO	[2016-05-02 10:43:12:113] <21341> START INIPHP chkfake (V5036-141209)(OS:Linux4.1.16,PHP:5.5.17p1)
DEBUG	[2016-05-02 10:43:12:113] <21341> inipayhome:/home/hosting_users/ilearning3/www/inipay
DEBUG	[2016-05-02 10:43:12:113] <21341> type:chkfake
DEBUG	[2016-05-02 10:43:12:113] <21341> debug:true
DEBUG	[2016-05-02 10:43:12:113] <21341> enctype:asym
DEBUG	[2016-05-02 10:43:12:113] <21341> admin:1111
DEBUG	[2016-05-02 10:43:12:113] <21341> checkopt:false
DEBUG	[2016-05-02 10:43:12:113] <21341> mid:obmms20151
DEBUG	[2016-05-02 10:43:12:113] <21341> price:20000
DEBUG	[2016-05-02 10:43:12:113] <21341> nointerest:no
DEBUG	[2016-05-02 10:43:12:113] <21341> quotabase:선택:일시불:2개월:3개월:6개월
INFO	[2016-05-02 10:43:12:113] <21341> Check Field OK
INFO	[2016-05-02 10:43:12:113] <21341> MERCHANT PRIV KEY LOAD OK
INFO	[2016-05-02 10:43:12:113] <21341> MERCHANT PUB KEY LOAD OK []
INFO	[2016-05-02 10:43:12:114] <21341> CHKFAKE KEY MAKE OK:MjAxNjA1MDIxMDQzMTIxMTM5OTg4MQ==

INFO	[2016-05-02 10:43:12:114] <21341> END chkfake  Laptime:[0.001sec]
INFO	[2016-05-02 10:43:12:114] <21341> ===============================================================
INFO	[2016-05-02 10:47:57:998] <21356> START INIPHP chkfake (V5036-141209)(OS:Linux4.1.16,PHP:5.5.17p1)
DEBUG	[2016-05-02 10:47:57:998] <21356> inipayhome:/home/hosting_users/ilearning3/www/inipay
DEBUG	[2016-05-02 10:47:57:998] <21356> type:chkfake
DEBUG	[2016-05-02 10:47:57:998] <21356> debug:true
DEBUG	[2016-05-02 10:47:57:998] <21356> enctype:asym
DEBUG	[2016-05-02 10:47:57:998] <21356> admin:1111
DEBUG	[2016-05-02 10:47:57:998] <21356> checkopt:false
DEBUG	[2016-05-02 10:47:57:998] <21356> mid:obmms20151
DEBUG	[2016-05-02 10:47:57:998] <21356> price:20000
DEBUG	[2016-05-02 10:47:57:998] <21356> nointerest:no
DEBUG	[2016-05-02 10:47:57:998] <21356> quotabase:선택:일시불:2개월:3개월:6개월
INFO	[2016-05-02 10:47:57:998] <21356> Check Field OK
INFO	[2016-05-02 10:47:57:998] <21356> MERCHANT PRIV KEY LOAD OK
INFO	[2016-05-02 10:47:57:998] <21356> MERCHANT PUB KEY LOAD OK []
INFO	[2016-05-02 10:47:57:999] <21356> CHKFAKE KEY MAKE OK:MjAxNjA1MDIxMDQ3NTc5OTgyMjYwOA==

INFO	[2016-05-02 10:47:57:999] <21356> END chkfake  Laptime:[0.001sec]
INFO	[2016-05-02 10:47:57:999] <21356> ===============================================================
