INFO	[2019-01-25 11:31:41:643] <3914> START INIPHP chkfake (V5036-141209)(OS:Linux3.10.0-862.11.6.el7.x86_64,PHP:5.5.17p1)
DEBUG	[2019-01-25 11:31:41:643] <3914> inipayhome:/home/hosting_users/ilearning3/www/inipay
DEBUG	[2019-01-25 11:31:41:643] <3914> type:chkfake
DEBUG	[2019-01-25 11:31:41:643] <3914> debug:true
DEBUG	[2019-01-25 11:31:41:643] <3914> enctype:asym
DEBUG	[2019-01-25 11:31:41:643] <3914> admin:1111
DEBUG	[2019-01-25 11:31:41:643] <3914> checkopt:false
DEBUG	[2019-01-25 11:31:41:643] <3914> mid:obmms20151
DEBUG	[2019-01-25 11:31:41:643] <3914> price:11000
DEBUG	[2019-01-25 11:31:41:643] <3914> nointerest:no
DEBUG	[2019-01-25 11:31:41:643] <3914> quotabase:ÏùºÏãúÎ∂à
INFO	[2019-01-25 11:31:41:643] <3914> Check Field OK
INFO	[2019-01-25 11:31:41:666] <3914> MERCHANT PRIV KEY LOAD OK
INFO	[2019-01-25 11:31:41:668] <3914> MERCHANT PUB KEY LOAD OK []
INFO	[2019-01-25 11:31:41:679] <3914> CHKFAKE KEY MAKE OK:MjAxOTAxMjUxMTMxNDE2Njg1MjQ0Mw==

INFO	[2019-01-25 11:31:41:679] <3914> END chkfake  Laptime:[0.038sec]
INFO	[2019-01-25 11:31:41:679] <3914> ===============================================================
INFO	[2019-01-25 11:35:13:721] <18020> START INIPHP chkfake (V5036-141209)(OS:Linux3.10.0-862.11.6.el7.x86_64,PHP:5.5.17p1)
DEBUG	[2019-01-25 11:35:13:721] <18020> inipayhome:/home/hosting_users/ilearning3/www/inipay
DEBUG	[2019-01-25 11:35:13:721] <18020> type:chkfake
DEBUG	[2019-01-25 11:35:13:721] <18020> debug:true
DEBUG	[2019-01-25 11:35:13:721] <18020> enctype:asym
DEBUG	[2019-01-25 11:35:13:721] <18020> admin:1111
DEBUG	[2019-01-25 11:35:13:721] <18020> checkopt:false
DEBUG	[2019-01-25 11:35:13:721] <18020> mid:obmms20151
DEBUG	[2019-01-25 11:35:13:721] <18020> price:11000
DEBUG	[2019-01-25 11:35:13:721] <18020> nointerest:no
DEBUG	[2019-01-25 11:35:13:721] <18020> quotabase:ÏùºÏãúÎ∂à
INFO	[2019-01-25 11:35:13:722] <18020> Check Field OK
INFO	[2019-01-25 11:35:13:722] <18020> MERCHANT PRIV KEY LOAD OK
INFO	[2019-01-25 11:35:13:722] <18020> MERCHANT PUB KEY LOAD OK []
INFO	[2019-01-25 11:35:13:724] <18020> CHKFAKE KEY MAKE OK:MjAxOTAxMjUxMTM1MTM3MjI1ODUxNw==

INFO	[2019-01-25 11:35:13:724] <18020> END chkfake  Laptime:[0.002sec]
INFO	[2019-01-25 11:35:13:724] <18020> ===============================================================
INFO	[2019-01-25 11:36:21:399] <4193> START INIPHP securepay (V5036-141209)(OS:Linux3.10.0-862.11.6.el7.x86_64,PHP:5.5.17p1)
DEBUG	[2019-01-25 11:36:21:399] <4193> inipayhome:/home/hosting_users/ilearning3/www/inipay
DEBUG	[2019-01-25 11:36:21:399] <4193> type:securepay
DEBUG	[2019-01-25 11:36:21:399] <4193> pgid:INIphpISP_
DEBUG	[2019-01-25 11:36:21:399] <4193> subpgip:203.238.3.10
DEBUG	[2019-01-25 11:36:21:399] <4193> admin:1111
DEBUG	[2019-01-25 11:36:21:399] <4193> debug:true
DEBUG	[2019-01-25 11:36:21:399] <4193> uid:
DEBUG	[2019-01-25 11:36:21:399] <4193> goodname:ø¬∏Æø¯πÆ¿⁄ - 1∞≥ø˘±‚∞£ 
DEBUG	[2019-01-25 11:36:21:399] <4193> currency:WON
DEBUG	[2019-01-25 11:36:21:399] <4193> mid:obmms20151
DEBUG	[2019-01-25 11:36:21:399] <4193> rn:MjAxOTAxMjUxMTM1MTM3MjI1ODUxNw==

DEBUG	[2019-01-25 11:36:21:399] <4193> price:11000
DEBUG	[2019-01-25 11:36:21:399] <4193> enctype:
DEBUG	[2019-01-25 11:36:21:399] <4193> buyername:±Ë¡§»≠
DEBUG	[2019-01-25 11:36:21:399] <4193> buyertel:010-2231-5757
DEBUG	[2019-01-25 11:36:21:399] <4193> buyeremail:try630@hanmail.net
DEBUG	[2019-01-25 11:36:21:399] <4193> paymethod:VCard
DEBUG	[2019-01-25 11:36:21:399] <4193> encrypted:Version=4.1&PayMethod=VCard&RsaKeyNum=1&EncryptionAlgorithm=NONE&SignAlgorithm=SHA1WithRSAEncryption&CertVer=39&moid=11848_190125113513&ver_trace=main(6109,6065)vcard(6115)card(6185,6158)n(6009)Cs(6025)Dt(6002)Pa(6002)Cf(6025)Fv(0000)La(6183)Re(6135)Vr(6008)P(6034)en(6070)&pg1=39.115.212.10&pg2=203.238.37.3&pg1ip=39.115.212.10&pg2ip=203.238.37.3&agreeflag=1111&rn=3/jEtW8vAAZd1AiA2PMTRpG7tulzsh7f6Uo2eLW0izo=
&VCode=050204040016656&VQuota=00&VNoint=0&ip=192.168.0.128&mac=F44D30E69A9E&cardpoint=9&custemail=try630@hanmail.net&price=4uDsrkVGcE8gjm3e9sgrB7OBpLxSv2re
&below1000=0&encisp=0&pgnoint=0&VKBPoint=&VSessionKey=KiWR2NMxuGIUGnFVvknbvuSbRKHzAPY7uQNpfIYOeTnA1bRbjQuoR6MTnSM51tTx9iR9dsVL%2bj9Oaxq%2fgDjnp0v6gnXMitHWYA30bsFklfapvpGh7QQwI3xBKBfDhGC2kgrSnG%2bEYn2gbmB3ciUwYrOC70i2kn6ECk8xaMi5HA%3d%3d&Data=cdata%3d5XvGNDw%2fokUEqAr6aOCRfKgIU7phcsYtVn2Ae3fm5J0ojcE%2fcJm9IEgRB%2bfHwzoAlTaOPZPqrVaCO%2bKqfa17cMNmMSWY8nD4Mp8kz1cXuKI8cz%2bSaaEESxJ00XrzD5uKZwa3h1agk55D6iAm1XkfBvDrb3vup2BTo9hXOeYTEizPed%2bAQ0Tlkf%2by6eAzzgiwhEtjoozwDNRH3Ga6HsAE6U9LB2awUGD%2bSqplUNc7yoyZdjePQ9vnaOwNB9RKD2aS%2fNNzAX0Sb%2fDAV%2bVLP7oZLNHcJVorPlqQi5ub5ZMNNFZcB9iQoG4ViK2%2fksxSNe4m44sgblcrqdUxNnwmsJZXxE%2bm2ZxZrU%2fiUwpB2ul9mkvO25qa0%2fiCVRsTyua%2fniWWL45was60LBaoQoBjFqtpSUyh3Xo9wkmrIAcZEgvGi2IWGwMCW1xycjj5yJNY307W9ipvItqUr9jwL8lLE9gQkw%3d%3d&FDS_TransKey=75EF90C23A934d5bA73CC8BA52574438&FDS_SVCType=010100&FDS_CheckResult=T&KCare_Code=&KCare_Price=0&ts=190125113622zFPQSRsKnJK64rsXxbf7aw009146&src_flg=0&OSv=IE11_Win10 6.03.9600 Home Edition (GSCDN) (notray:J) [obmms20151] (61_secuni_npapi)&ip2=121.165.219.17
DEBUG	[2019-01-25 11:36:21:399] <4193> sessionkey:VCard
DEBUG	[2019-01-25 11:36:21:399] <4193> url:http://www.obmms.net
DEBUG	[2019-01-25 11:36:21:399] <4193> cardcode:06
DEBUG	[2019-01-25 11:36:21:399] <4193> parentemail:try630@hanmail.net
DEBUG	[2019-01-25 11:36:21:399] <4193> recvname:
DEBUG	[2019-01-25 11:36:21:399] <4193> recvtel:
DEBUG	[2019-01-25 11:36:21:399] <4193> recvaddr:
DEBUG	[2019-01-25 11:36:21:399] <4193> recvpostnum:
DEBUG	[2019-01-25 11:36:21:399] <4193> recvmsg:
DEBUG	[2019-01-25 11:36:21:399] <4193> joincard:
DEBUG	[2019-01-25 11:36:21:399] <4193> joinexpire:
DEBUG	[2019-01-25 11:36:21:399] <4193> id_customer:
INFO	[2019-01-25 11:36:21:399] <4193> Check Field OK
INFO	[2019-01-25 11:36:21:399] <4193> Make TID OK INIphpISP_obmms2015120190125113621991097
INFO	[2019-01-25 11:36:21:399] <4193> PI PUB KEY LOAD OK [39]
INFO	[2019-01-25 11:36:21:401] <4193> PG PUB KEY LOAD OK [30]
INFO	[2019-01-25 11:36:21:401] <4193> MERCHANT PRIV KEY LOAD OK
INFO	[2019-01-25 11:36:21:401] <4193> MERCHANT PUB KEY LOAD OK [0]
INFO	[2019-01-25 11:36:21:402] <4193> MAKE BODY OK
INFO	[2019-01-25 11:36:21:403] <4193> SIGN OK
INFO	[2019-01-25 11:36:21:403] <4193> MAKE HEAD OK
INFO	[2019-01-25 11:36:21:403] <4193> MSG_TO_PG:[0323500175R SHA1                   0                  39                  300200obmms20151               11000INIphpISP_obmms2015120190125113621991097<?xml version="1.0" encoding="UTF-8"?>
<INIpay>
	  <GoodsInfo>
	    <GoodsCnt>1</GoodsCnt>
	    <MOID/>
	    <Currency>WON</Currency>
	    <Tax/>
	    <TaxFree/>
	    <Goods>
	      <SMID>obmms20151</SMID>
	      <GoodsName urlencode="1">%BF%C2%B8%AE%BF%F8%B9%AE%C0%DA+-+1%B0%B3%BF%F9%B1%E2%B0%A3+</GoodsName>
	      <GoodsPrice>11000</GoodsPrice></Goods></GoodsInfo>
	  <BuyerInfo>
	    <BuyerName urlencode="1">%B1%E8%C1%A4%C8%AD</BuyerName>
	    <BuyerTel>010-2231-5757</BuyerTel>
	    <BuyerEmail urlencode="1">try630%40hanmail.net</BuyerEmail>
	    <ParentEmail urlencode="1">try630%40hanmail.net</ParentEmail>
	    <RecvName/>
	    <RecvTel/>
	    <RecvMsg/>
	    <RecvAddr/>
	    <RecvPostNum/></BuyerInfo>
	  <PaymentInfo>
	    <Payment>
	      <PayMethod>VCard</PayMethod>
	      <JoinCard/>
	      <JoinExpire/>
	      <MailOrder/>
	      <SessionKey>VCard</SessionKey>
	      <Encrypted urlencode="1">Version%3D4.1%26PayMethod%3DVCard%26RsaKeyNum%3D1%26EncryptionAlgorithm%3DNONE%26SignAlgorithm%3DSHA1WithRSAEncryption%26CertVer%3D39%26moid%3D11848_190125113513%26ver_trace%3Dmain%286109%2C6065%29vcard%286115%29card%286185%2C6158%29n%286009%29Cs%286025%29Dt%286002%29Pa%286002%29Cf%286025%29Fv%280000%29La%286183%29Re%286135%29Vr%286008%29P%286034%29en%286070%29%26pg1%3D39.115.212.10%26pg2%3D203.238.37.3%26pg1ip%3D39.115.212.10%26pg2ip%3D203.238.37.3%26agreeflag%3D1111%26rn%3D3%2FjEtW8vAAZd1AiA2PMTRpG7tulzsh7f6Uo2eLW0izo%3D%0D%0A%26VCode%3D050204040016656%26VQuota%3D00%26VNoint%3D0%26ip%3D192.168.0.128%26mac%3DF44D30E69A9E%26cardpoint%3D9%26custemail%3Dtry630%40hanmail.net%26price%3D4uDsrkVGcE8gjm3e9sgrB7OBpLxSv2re%0D%0A%26below1000%3D0%26encisp%3D0%26pgnoint%3D0%26VKBPoint%3D%26VSessionKey%3DKiWR2NMxuGIUGnFVvknbvuSbRKHzAPY7uQNpfIYOeTnA1bRbjQuoR6MTnSM51tTx9iR9dsVL%252bj9Oaxq%252fgDjnp0v6gnXMitHWYA30bsFklfapvpGh7QQwI3xBKBfDhGC2kgrSnG%252bEYn2gbmB3ciUwYrOC70i2kn6ECk8xaMi5HA%253d%253d%26Data%3Dcdata%253d5XvGNDw%252fokUEqAr6aOCRfKgIU7phcsYtVn2Ae3fm5J0ojcE%252fcJm9IEgRB%252bfHwzoAlTaOPZPqrVaCO%252bKqfa17cMNmMSWY8nD4Mp8kz1cXuKI8cz%252bSaaEESxJ00XrzD5uKZwa3h1agk55D6iAm1XkfBvDrb3vup2BTo9hXOeYTEizPed%252bAQ0Tlkf%252by6eAzzgiwhEtjoozwDNRH3Ga6HsAE6U9LB2awUGD%252bSqplUNc7yoyZdjePQ9vnaOwNB9RKD2aS%252fNNzAX0Sb%252fDAV%252bVLP7oZLNHcJVorPlqQi5ub5ZMNNFZcB9iQoG4ViK2%252fksxSNe4m44sgblcrqdUxNnwmsJZXxE%252bm2ZxZrU%252fiUwpB2ul9mkvO25qa0%252fiCVRsTyua%252fniWWL45was60LBaoQoBjFqtpSUyh3Xo9wkmrIAcZEgvGi2IWGwMCW1xycjj5yJNY307W9ipvItqUr9jwL8lLE9gQkw%253d%253d%26FDS_TransKey%3D75EF90C23A934d5bA73CC8BA52574438%26FDS_SVCType%3D010100%26FDS_CheckResult%3DT%26KCare_Code%3D%26KCare_Price%3D0%26ts%3D190125113622zFPQSRsKnJK64rsXxbf7aw009146%26src_flg%3D0%26OSv%3DIE11_Win10+6.03.9600+Home+Edition+%28GSCDN%29+%28notray%3AJ%29+%5Bobmms20151%5D+%2861_secuni_npapi%29%26ip2%3D121.165.219.17</Encrypted></Payment></PaymentInfo>
	  <ReservedInfo>
	    <MReserved1/>
	    <MReserved2/>
	    <MReserved3/></ReservedInfo>
	  <ManageInfo>
	    <Language/>
	    <URL urlencode="1">http%3A%2F%2Fwww.obmms.net</URL>
	    <TXVersion>5036B141209securLinux     PHPchkfake   3.10.0-862.11.6.el7.x86_64PHP:</TXVersion>
	    <TXUserID/>
	    <TXRegNum/>
	    <Ack>1</Ack>
	    <TXRN>MjAxOTAxMjUxMTM1MTM3MjI1ODUxNw==
</TXRN></ManageInfo></INIpay>ATxzI9Ax6seq21bek+uRZfA3b1znbOeHt0FEJPXYwprsi0TQxx3W/TWleSoFvY3d
+08pT7f4xar5pc4U+sqFqVukqOL4wIf9F+0O7/KoXBeGPm3aoNlCHJ+ZEApf3rqA
qbkQOZw5hAV9racXiKLM1CbgwVoedirpN/IADzYKRs7o
]
INFO	[2019-01-25 11:36:21:403] <4193> DNS LOOKUP OK(39.115.212.10:39.115.212.10:34049) laptime:0
INFO	[2019-01-25 11:36:21:404] <4193> SOCKET CONNECT OK
INFO	[2019-01-25 11:36:21:405] <4193> SEND OK
INFO	[2019-01-25 11:36:22:214] <4193> RECV OK
INFO	[2019-01-25 11:36:22:214] <4193> MSG_FROM_PG:[0282100175D SHA1                   0                  39                  300210obmms20151               11000INIphpISP_obmms2015120190125113621991097<?xml version="1.0" encoding="UTF-8"?>
<INIpay>
  <GoodsInfo>
    <GoodsCnt>1</GoodsCnt>
    <MOID urlencode="1">11848_190125113513</MOID>
    <Currency>WON</Currency>
    <Goods no="1">
      <SMID>obmms20151</SMID>
      <GoodsName urlencode="1">%BF%C2%B8%AE%BF%F8%B9%AE%C0%DA+-+1%B0%B3%BF%F9%B1%E2%B0%A3+</GoodsName>
      <GoodsCntS>1</GoodsCntS>
      <GoodsPrice>11000</GoodsPrice>
    </Goods>
  </GoodsInfo>
  <PaymentInfo>
    <Payment>
      <SessionKey>AA+Nvk9LBknQZXrIO/C6KZptBwBwGBx+Ao1wUKXOm2mftb0TOqXyN5JZdfN4eAkW
1nq9LBb4bh87X7AeH70u8IT9FN5a5uBV6cWNYnwYfhwT5FjBNbgwuhpjq7WQMggk
msvPVDoCpfV4lDfwbZ4cYQQYrOANMYLAurqTxKadKog/SK0oKaOhWHo=
</SessionKey>
      <Encrypted>6384pDQed1NH8ZJFOKRVtqe0DJe7iLr2YOd0w5iObXJnsmKOKOBtZaoAEF2xQtL0
FH0TXZkUQ1JYgdBFiIVfSituMIC9ukL/k1uV3zrIxtCFWFWiTJzlRNhUQ4U+wmKJ
XMM6hBcdVvmELBKsfQb6DUKewVw4Irtb0mWIPXM3nKGYrKk0gsrxWLC+XFXiN9bw
CNcRlQ1/ZdKwucXQ2s6M6gztQsQZA9IoBVTX/0R+tnWQ6YCn2JPmb4fD4QhFv3EG
fnayb/q4MjvpnVWycUiK/zjAuQuZ8flHgb7fUujwAnirZedkcGeY/0jvMVltfORb
TXarP5peQuOs8/IzdT/M9iX9oMOz0OnjtSHGufgclMvarimrmVnJm9Axm1Oq040m
lQ0M6804+ACmFJ+keTA3ZIBpR0KjLTl4zfhqDh3U7fM2adLdfWy6e0l7mNhFuyGV
dvvntWNilhtkybdv7EE36dvjO3wQ/NvAwfpcTqoT7bYcsIe0RgyiA6ZcYFm6DYDs
3FlHKSEfVpfvfh0/cFa27BFYDHdSJOc4BG/Xv1lv8JubmBXjPhNX5Klo1GhjsepE
ngQK2mIxabSMMtpSv4zkihenHau9Vh7GXXn0SkMCqRpX0hpF7jp18Xas8CvEkIdt
QbP4y+P5WRmJOrzMPdp/cJMjnXbatTppJ50PfsDU55HPoKdSFuZgccHxVI2Fr3Cb
HBJSZ8EEwn96rdAiHa86tUnQDXyx3jyzfsbLDDNhWRrASd/AUQB8NM7zdvXP5/78
pUkPf7GU1mdnp1fZIIJlumvedOh1RW/hLeDdEMOLRqQB9t9+iOeAacLrQnJ9Wi/a
sWapsxu4EHb6cB9QuGTIUrb/7h2tAJ/3369t4bzetrIGNFzuQ6LB94sJdwSNMpoh
0TwfXzuwA7trDoFQxPuZ8zJLkOlPcczmhe9hBn83bDdePXOOngVryYUiqQ4tpHEm
7BEl3GKVEbJLXLwhP2mS5a1u+wb4oOOU7WmYX7z0AZBdYTRxF39pSCuvdxuEOBvk
QhP+33WRl9vC/B/zQjggYQLmrPB7RtPgn3GQcEFiy35NIrGmkmFhaTgXf1Yb+tjZ
ZzY4nuiFINx71+NSFED+JZE6u+Z/5w+5/V1w8zuOY/JGYELlQx56iNnMSFMW8rlC
zfxQPaNkoBkSIEo6240J9geVM+ksYhmi7jqxhEmXA8un1SOzNJIg2Io3nxFDIrG7
PbnzhzX+x9/zaO0Sip9CQcAPObz88IaBnd138IxBonu55CnUYskag6ZrVSE5cO2M
RQrYTJJrtb7fMDSml4+Su/Q/oIe2mZ0u0C3vkiUTWd271y2hI4aloDWQL6ukDFpz
Y9Qe9JgB8/9x6TBdG38TupPud7PlRr+4er75HeUUlkSTIz10JaAA8LsLqCQ/od7p
adl6vHMni5n52q2SjyicNCnZkE5xiDFAZbhEstmccBHeaNdYh0/A9A==
</Encrypted>
      <PayMethod>VCard</PayMethod>
      <ResultCode>170000</ResultCode>
      <ResultMsg urlencode="1">%C1%A4%BB%F3%BF%CF%B7%E1</ResultMsg>
    </Payment>
  </PaymentInfo>
  <ManageInfo>
    <EventCode></EventCode>
    <OrgCurrency></OrgCurrency>
    <ExchangeRate></ExchangeRate>
    <OrgPrice></OrgPrice>
  </ManageInfo>
  <ReservedInfo>
    <MReserved1 urlencode="1"></MReserved1>
    <MReserved2 urlencode="1"></MReserved2>
    <MReserved3 urlencode="1"></MReserved3>
    <PGReserved1 urlencode="1"></PGReserved1>
    <PGReserved2 urlencode="1"></PGReserved2>
    <PGReserved3 urlencode="1"></PGReserved3>
  </ReservedInfo>
</INIpay>
fLGsB1DXMcNwalLOoeEBx9gzBreVH69VyTbfZ2LPi/tV1ETENazL3qAPAFWmlx2z
dxgNy7Ch3jxav/g/1lO+FBY3T0d3a/ni4IStr9tEJIqGGEhefJ9+D7LHugvHZzOX
FAgmNeq2r/WOXOEBY6Qt5t3S4fHoezB1aUDbxnGRLyE=
]
INFO	[2019-01-25 11:36:22:214] <4193> VERIFY OK
INFO	[2019-01-25 11:36:22:214] <4193> PARSE HEAD OK
INFO	[2019-01-25 11:36:22:216] <4193> PARSE BODY OK
INFO	[2019-01-25 11:36:22:298] <4193> DECRYPT OK
DEBUG	[2019-01-25 11:36:22:298] <4193> DECRYPT MSG:[<?xml version="1.0" encoding="UTF-8"?>
<PaymentInfo>
  <Payment>
    <EASYPAY/>
    <VCard>
      <ISP_ApplPrice>11000</ISP_ApplPrice>
      <ISP_BankCode>04</ISP_BankCode>
      <ISP_Quota>00</ISP_Quota>
      <ISP_Interest>0</ISP_Interest>
      <ISP_CardCode>06</ISP_CardCode>
      <ISP_CardNum>52728958****</ISP_CardNum>
      <ISP_Point></ISP_Point>
      <ISP_ApplDate>20190125</ISP_ApplDate>
      <ISP_ApplTime>113622</ISP_ApplTime>
      <ISP_ApplNum>30058743</ISP_ApplNum>
      <ISP_TerminalNum>019048y000</ISP_TerminalNum>
      <ISP_MemberNum></ISP_MemberNum>
      <ISP_PurchaseCode></ISP_PurchaseCode>
      <ISP_ResultCode>170000</ISP_ResultCode>
      <ISP_ResultMsg urlencode="1">%C1%A4%BB%F3%BF%CF%B7%E1</ISP_ResultMsg>
      <ISP_PrtcCode>1</ISP_PrtcCode>
      <ISP_Quota_Point>00</ISP_Quota_Point>
      <ISP_CheckFlag>1</ISP_CheckFlag>
      <ISP_PurchaseName urlencode="1"></ISP_PurchaseName>
      <ISP_IssuerName urlencode="1"></ISP_IssuerName>
      <ISP_UsePoint></ISP_UsePoint>
      <ISP_CouponOnlyMer></ISP_CouponOnlyMer>
    </VCard>
  </Payment>
</PaymentInfo>]
INFO	[2019-01-25 11:36:22:300] <4193> DECRYPT PARSE OK
INFO	[2019-01-25 11:36:22:300] <4193> WAIT ACK INVOKING
DEBUG	[2019-01-25 11:36:22:300] <4193> MAKE HEAD OK
INFO	[2019-01-25 11:36:22:301] <4193> SUCCESS ACK INVOKING
INFO	[2019-01-25 11:36:22:301] <4193> END securepay ¡§ªÛøœ∑· Laptime:[0.903sec]
INFO	[2019-01-25 11:36:22:301] <4193> ===============================================================
INFO	[2019-01-25 12:44:31:515] <14921> START INIPHP chkfake (V5036-141209)(OS:Linux3.10.0-862.11.6.el7.x86_64,PHP:5.5.17p1)
DEBUG	[2019-01-25 12:44:31:515] <14921> inipayhome:/home/hosting_users/ilearning3/www/inipay
DEBUG	[2019-01-25 12:44:31:515] <14921> type:chkfake
DEBUG	[2019-01-25 12:44:31:515] <14921> debug:true
DEBUG	[2019-01-25 12:44:31:515] <14921> enctype:asym
DEBUG	[2019-01-25 12:44:31:515] <14921> admin:1111
DEBUG	[2019-01-25 12:44:31:515] <14921> checkopt:false
DEBUG	[2019-01-25 12:44:31:515] <14921> mid:obmms20151
DEBUG	[2019-01-25 12:44:31:515] <14921> price:11000
DEBUG	[2019-01-25 12:44:31:515] <14921> nointerest:no
DEBUG	[2019-01-25 12:44:31:515] <14921> quotabase:ÏùºÏãúÎ∂à
INFO	[2019-01-25 12:44:31:515] <14921> Check Field OK
INFO	[2019-01-25 12:44:31:516] <14921> MERCHANT PRIV KEY LOAD OK
INFO	[2019-01-25 12:44:31:516] <14921> MERCHANT PUB KEY LOAD OK []
INFO	[2019-01-25 12:44:31:517] <14921> CHKFAKE KEY MAKE OK:MjAxOTAxMjUxMjQ0MzE1MTYyMDIwNQ==

INFO	[2019-01-25 12:44:31:517] <14921> END chkfake  Laptime:[0.002sec]
INFO	[2019-01-25 12:44:31:517] <14921> ===============================================================
INFO	[2019-01-25 12:46:41:669] <14912> START INIPHP chkfake (V5036-141209)(OS:Linux3.10.0-862.11.6.el7.x86_64,PHP:5.5.17p1)
DEBUG	[2019-01-25 12:46:41:669] <14912> inipayhome:/home/hosting_users/ilearning3/www/inipay
DEBUG	[2019-01-25 12:46:41:669] <14912> type:chkfake
DEBUG	[2019-01-25 12:46:41:669] <14912> debug:true
DEBUG	[2019-01-25 12:46:41:669] <14912> enctype:asym
DEBUG	[2019-01-25 12:46:41:669] <14912> admin:1111
DEBUG	[2019-01-25 12:46:41:669] <14912> checkopt:false
DEBUG	[2019-01-25 12:46:41:669] <14912> mid:obmms20151
DEBUG	[2019-01-25 12:46:41:669] <14912> price:11000
DEBUG	[2019-01-25 12:46:41:669] <14912> nointerest:no
DEBUG	[2019-01-25 12:46:41:669] <14912> quotabase:ÏùºÏãúÎ∂à
INFO	[2019-01-25 12:46:41:669] <14912> Check Field OK
INFO	[2019-01-25 12:46:41:669] <14912> MERCHANT PRIV KEY LOAD OK
INFO	[2019-01-25 12:46:41:670] <14912> MERCHANT PUB KEY LOAD OK []
INFO	[2019-01-25 12:46:41:671] <14912> CHKFAKE KEY MAKE OK:MjAxOTAxMjUxMjQ2NDE2NzA4Mjg2NA==

INFO	[2019-01-25 12:46:41:671] <14912> END chkfake  Laptime:[0.003sec]
INFO	[2019-01-25 12:46:41:671] <14912> ===============================================================
