INFO	[2019-01-17 10:49:35:810] <24336> START INIPHP chkfake (V5036-141209)(OS:Linux3.10.0-862.11.6.el7.x86_64,PHP:5.5.17p1)
DEBUG	[2019-01-17 10:49:35:810] <24336> inipayhome:/home/hosting_users/ilearning3/www/inipay
DEBUG	[2019-01-17 10:49:35:810] <24336> type:chkfake
DEBUG	[2019-01-17 10:49:35:810] <24336> debug:true
DEBUG	[2019-01-17 10:49:35:810] <24336> enctype:asym
DEBUG	[2019-01-17 10:49:35:810] <24336> admin:1111
DEBUG	[2019-01-17 10:49:35:810] <24336> checkopt:false
DEBUG	[2019-01-17 10:49:35:810] <24336> mid:obmms20151
DEBUG	[2019-01-17 10:49:35:810] <24336> price:11000
DEBUG	[2019-01-17 10:49:35:810] <24336> nointerest:no
DEBUG	[2019-01-17 10:49:35:810] <24336> quotabase:ÏùºÏãúÎ∂à
INFO	[2019-01-17 10:49:35:810] <24336> Check Field OK
INFO	[2019-01-17 10:49:35:893] <24336> MERCHANT PRIV KEY LOAD OK
INFO	[2019-01-17 10:49:35:897] <24336> MERCHANT PUB KEY LOAD OK []
INFO	[2019-01-17 10:49:35:905] <24336> CHKFAKE KEY MAKE OK:MjAxOTAxMTcxMDQ5MzU4OTc2MzgzNA==

INFO	[2019-01-17 10:49:35:905] <24336> END chkfake  Laptime:[0.096sec]
INFO	[2019-01-17 10:49:35:905] <24336> ===============================================================
INFO	[2019-01-17 10:50:06:213] <25236> START INIPHP chkfake (V5036-141209)(OS:Linux3.10.0-862.11.6.el7.x86_64,PHP:5.5.17p1)
DEBUG	[2019-01-17 10:50:06:213] <25236> inipayhome:/home/hosting_users/ilearning3/www/inipay
DEBUG	[2019-01-17 10:50:06:213] <25236> type:chkfake
DEBUG	[2019-01-17 10:50:06:213] <25236> debug:true
DEBUG	[2019-01-17 10:50:06:213] <25236> enctype:asym
DEBUG	[2019-01-17 10:50:06:213] <25236> admin:1111
DEBUG	[2019-01-17 10:50:06:213] <25236> checkopt:false
DEBUG	[2019-01-17 10:50:06:213] <25236> mid:obmms20151
DEBUG	[2019-01-17 10:50:06:213] <25236> price:11000
DEBUG	[2019-01-17 10:50:06:213] <25236> nointerest:no
DEBUG	[2019-01-17 10:50:06:213] <25236> quotabase:ÏùºÏãúÎ∂à
INFO	[2019-01-17 10:50:06:214] <25236> Check Field OK
INFO	[2019-01-17 10:50:06:214] <25236> MERCHANT PRIV KEY LOAD OK
INFO	[2019-01-17 10:50:06:214] <25236> MERCHANT PUB KEY LOAD OK []
INFO	[2019-01-17 10:50:06:215] <25236> CHKFAKE KEY MAKE OK:MjAxOTAxMTcxMDUwMDYyMTQ5OTAzMQ==

INFO	[2019-01-17 10:50:06:215] <25236> END chkfake  Laptime:[0.001sec]
INFO	[2019-01-17 10:50:06:215] <25236> ===============================================================
INFO	[2019-01-17 10:51:12:38] <23962> START INIPHP chkfake (V5036-141209)(OS:Linux3.10.0-862.11.6.el7.x86_64,PHP:5.5.17p1)
DEBUG	[2019-01-17 10:51:12:38] <23962> inipayhome:/home/hosting_users/ilearning3/www/inipay
DEBUG	[2019-01-17 10:51:12:38] <23962> type:chkfake
DEBUG	[2019-01-17 10:51:12:38] <23962> debug:true
DEBUG	[2019-01-17 10:51:12:38] <23962> enctype:asym
DEBUG	[2019-01-17 10:51:12:38] <23962> admin:1111
DEBUG	[2019-01-17 10:51:12:38] <23962> checkopt:false
DEBUG	[2019-01-17 10:51:12:38] <23962> mid:obmms20151
DEBUG	[2019-01-17 10:51:12:38] <23962> price:11000
DEBUG	[2019-01-17 10:51:12:38] <23962> nointerest:no
DEBUG	[2019-01-17 10:51:12:38] <23962> quotabase:ÏùºÏãúÎ∂à
INFO	[2019-01-17 10:51:12:39] <23962> Check Field OK
INFO	[2019-01-17 10:51:12:39] <23962> MERCHANT PRIV KEY LOAD OK
INFO	[2019-01-17 10:51:12:39] <23962> MERCHANT PUB KEY LOAD OK []
INFO	[2019-01-17 10:51:12:41] <23962> CHKFAKE KEY MAKE OK:MjAxOTAxMTcxMDUxMTIwMzkzMjY3MQ==

INFO	[2019-01-17 10:51:12:41] <23962> END chkfake  Laptime:[0.002sec]
INFO	[2019-01-17 10:51:12:41] <23962> ===============================================================
INFO	[2019-01-17 10:52:41:520] <24336> START INIPHP securepay (V5036-141209)(OS:Linux3.10.0-862.11.6.el7.x86_64,PHP:5.5.17p1)
DEBUG	[2019-01-17 10:52:41:520] <24336> inipayhome:/home/hosting_users/ilearning3/www/inipay
DEBUG	[2019-01-17 10:52:41:520] <24336> type:securepay
DEBUG	[2019-01-17 10:52:41:520] <24336> pgid:INIphpISP_
DEBUG	[2019-01-17 10:52:41:520] <24336> subpgip:203.238.3.10
DEBUG	[2019-01-17 10:52:41:520] <24336> admin:1111
DEBUG	[2019-01-17 10:52:41:520] <24336> debug:true
DEBUG	[2019-01-17 10:52:41:520] <24336> uid:
DEBUG	[2019-01-17 10:52:41:520] <24336> goodname:ø¬∏Æø¯πÆ¿⁄ - 1∞≥ø˘±‚∞£ 
DEBUG	[2019-01-17 10:52:41:520] <24336> currency:WON
DEBUG	[2019-01-17 10:52:41:520] <24336> mid:obmms20151
DEBUG	[2019-01-17 10:52:41:520] <24336> rn:MjAxOTAxMTcxMDUxMTIwMzkzMjY3MQ==

DEBUG	[2019-01-17 10:52:41:520] <24336> price:11000
DEBUG	[2019-01-17 10:52:41:520] <24336> enctype:
DEBUG	[2019-01-17 10:52:41:520] <24336> buyername:±Ëπ´º∫
DEBUG	[2019-01-17 10:52:41:520] <24336> buyertel:010-9900-7504
DEBUG	[2019-01-17 10:52:41:520] <24336> buyeremail:archikms@nate.com
DEBUG	[2019-01-17 10:52:41:520] <24336> paymethod:VCard
DEBUG	[2019-01-17 10:52:41:520] <24336> encrypted:Version=4.1&PayMethod=VCard&RsaKeyNum=1&EncryptionAlgorithm=NONE&SignAlgorithm=SHA1WithRSAEncryption&CertVer=39&moid=11740_190117105112&ver_trace=main(6109,6065)vcard(6115)card(6185,6158)n(6009)Cs(6025)Dt(6002)Pa(6002)Cf(6025)Fv(0000)La(6183)Re(6135)Vr(6008)P(6034)en(6070)&pg1=39.115.212.10&pg2=203.238.37.3&pg1ip=39.115.212.10&pg2ip=203.238.37.3&agreeflag=1111&rn=3/jEtW8vAAZd6j6A2OMLD5G7sq1zojyU62Q6M7aSizo=
&VCode=050100202215881&VQuota=00&VNoint=0&ip=192.168.0.16&mac=E0D55EDAF25F&cardpoint=9&custemail=archikms@nate.com&price=4uDsrkVGcE8gjm3e9sgrB7OBpLxSv2re
&below1000=0&encisp=0&pgnoint=0&VKBPoint=&VSessionKey=Jgtk8YPLRC%2bA1jwMeUA%2bs8rjkrQ6cyDD8t4bkSxE5pHsP9kgpPi9Nyp5a3xkiGnw%0d%0aop%2bVBDUyaMR2YEg8aob1OCT11Mwr4uisHs9qKvVUJ5oMIwjPCyUqmBBEXEzBEF0R%0d%0a9vNoSaR0hHdxRKdpCyA0Wa4UVvgMBhC%2bKwvyMwT%2b4ps%3d%0d%0a&Data=Version%3d1.0%26KeyFlag%3d1%26KeyNum%3d1%26EncryptAlgorithm%3dSEED%2dCBC%26SignAlgorithm%3d%26Data%3d08E662OgsXlFr%2fbUPsq6ceO%2fSGxwco%2fkcnfWlIfVk6Ydl9K0fdpD9TIpoSLvXBEK%250amM83bPmVTr%2fGz7Tu1Idvo5Q9p4cRZlNtud7offDR%2ffg%253d%250a%26PubCert%3d%26PluginVer%3d5080%26eISPVer%3d2107&FDS_TransKey=2DCE30CA7D9F413292CBB3AD7EFA107B&FDS_SVCType=010100&FDS_CheckResult=T&KCare_Code=&KCare_Price=0&ts=190117105241NWHYz4Fr8e6ApkBU4V43hA001418&src_flg=0&OSv=IE11_Win10 6.03.9600 Professional_64B (GSCDN) (notray:J) [obmms20151] (61_secuni_npapi)&ip2=222.114.134.121
DEBUG	[2019-01-17 10:52:41:520] <24336> sessionkey:VCard
DEBUG	[2019-01-17 10:52:41:520] <24336> url:http://www.obmms.net
DEBUG	[2019-01-17 10:52:41:520] <24336> cardcode:11
DEBUG	[2019-01-17 10:52:41:520] <24336> parentemail:archikms@nate.com
DEBUG	[2019-01-17 10:52:41:520] <24336> recvname:
DEBUG	[2019-01-17 10:52:41:520] <24336> recvtel:
DEBUG	[2019-01-17 10:52:41:520] <24336> recvaddr:
DEBUG	[2019-01-17 10:52:41:520] <24336> recvpostnum:
DEBUG	[2019-01-17 10:52:41:520] <24336> recvmsg:
DEBUG	[2019-01-17 10:52:41:520] <24336> joincard:
DEBUG	[2019-01-17 10:52:41:520] <24336> joinexpire:
DEBUG	[2019-01-17 10:52:41:520] <24336> id_customer:
INFO	[2019-01-17 10:52:41:521] <24336> Check Field OK
INFO	[2019-01-17 10:52:41:521] <24336> Make TID OK INIphpISP_obmms2015120190117105241218806
INFO	[2019-01-17 10:52:41:521] <24336> PI PUB KEY LOAD OK [39]
INFO	[2019-01-17 10:52:41:522] <24336> PG PUB KEY LOAD OK [30]
INFO	[2019-01-17 10:52:41:522] <24336> MERCHANT PRIV KEY LOAD OK
INFO	[2019-01-17 10:52:41:523] <24336> MERCHANT PUB KEY LOAD OK [0]
INFO	[2019-01-17 10:52:41:524] <24336> MAKE BODY OK
INFO	[2019-01-17 10:52:41:525] <24336> SIGN OK
INFO	[2019-01-17 10:52:41:525] <24336> MAKE HEAD OK
INFO	[2019-01-17 10:52:41:525] <24336> MSG_TO_PG:[0305000175R SHA1                   0                  39                  300200obmms20151               11000INIphpISP_obmms2015120190117105241218806<?xml version="1.0" encoding="UTF-8"?>
<INIpay>
	  <GoodsInfo>
	    <GoodsCnt>1</GoodsCnt>
	    <MOID/>
	    <Currency>WON</Currency>
	    <Tax/>
	    <TaxFree/>
	    <Goods>
	      <SMID>obmms20151</SMID>
	      <GoodsName urlencode="1">%BF%C2%B8%AE%BF%F8%B9%AE%C0%DA+-+1%B0%B3%BF%F9%B1%E2%B0%A3+</GoodsName>
	      <GoodsPrice>11000</GoodsPrice></Goods></GoodsInfo>
	  <BuyerInfo>
	    <BuyerName urlencode="1">%B1%E8%B9%AB%BC%BA</BuyerName>
	    <BuyerTel>010-9900-7504</BuyerTel>
	    <BuyerEmail urlencode="1">archikms%40nate.com</BuyerEmail>
	    <ParentEmail urlencode="1">archikms%40nate.com</ParentEmail>
	    <RecvName/>
	    <RecvTel/>
	    <RecvMsg/>
	    <RecvAddr/>
	    <RecvPostNum/></BuyerInfo>
	  <PaymentInfo>
	    <Payment>
	      <PayMethod>VCard</PayMethod>
	      <JoinCard/>
	      <JoinExpire/>
	      <MailOrder/>
	      <SessionKey>VCard</SessionKey>
	      <Encrypted urlencode="1">Version%3D4.1%26PayMethod%3DVCard%26RsaKeyNum%3D1%26EncryptionAlgorithm%3DNONE%26SignAlgorithm%3DSHA1WithRSAEncryption%26CertVer%3D39%26moid%3D11740_190117105112%26ver_trace%3Dmain%286109%2C6065%29vcard%286115%29card%286185%2C6158%29n%286009%29Cs%286025%29Dt%286002%29Pa%286002%29Cf%286025%29Fv%280000%29La%286183%29Re%286135%29Vr%286008%29P%286034%29en%286070%29%26pg1%3D39.115.212.10%26pg2%3D203.238.37.3%26pg1ip%3D39.115.212.10%26pg2ip%3D203.238.37.3%26agreeflag%3D1111%26rn%3D3%2FjEtW8vAAZd6j6A2OMLD5G7sq1zojyU62Q6M7aSizo%3D%0D%0A%26VCode%3D050100202215881%26VQuota%3D00%26VNoint%3D0%26ip%3D192.168.0.16%26mac%3DE0D55EDAF25F%26cardpoint%3D9%26custemail%3Darchikms%40nate.com%26price%3D4uDsrkVGcE8gjm3e9sgrB7OBpLxSv2re%0D%0A%26below1000%3D0%26encisp%3D0%26pgnoint%3D0%26VKBPoint%3D%26VSessionKey%3DJgtk8YPLRC%252bA1jwMeUA%252bs8rjkrQ6cyDD8t4bkSxE5pHsP9kgpPi9Nyp5a3xkiGnw%250d%250aop%252bVBDUyaMR2YEg8aob1OCT11Mwr4uisHs9qKvVUJ5oMIwjPCyUqmBBEXEzBEF0R%250d%250a9vNoSaR0hHdxRKdpCyA0Wa4UVvgMBhC%252bKwvyMwT%252b4ps%253d%250d%250a%26Data%3DVersion%253d1.0%2526KeyFlag%253d1%2526KeyNum%253d1%2526EncryptAlgorithm%253dSEED%252dCBC%2526SignAlgorithm%253d%2526Data%253d08E662OgsXlFr%252fbUPsq6ceO%252fSGxwco%252fkcnfWlIfVk6Ydl9K0fdpD9TIpoSLvXBEK%25250amM83bPmVTr%252fGz7Tu1Idvo5Q9p4cRZlNtud7offDR%252ffg%25253d%25250a%2526PubCert%253d%2526PluginVer%253d5080%2526eISPVer%253d2107%26FDS_TransKey%3D2DCE30CA7D9F413292CBB3AD7EFA107B%26FDS_SVCType%3D010100%26FDS_CheckResult%3DT%26KCare_Code%3D%26KCare_Price%3D0%26ts%3D190117105241NWHYz4Fr8e6ApkBU4V43hA001418%26src_flg%3D0%26OSv%3DIE11_Win10+6.03.9600+Professional_64B+%28GSCDN%29+%28notray%3AJ%29+%5Bobmms20151%5D+%2861_secuni_npapi%29%26ip2%3D222.114.134.121</Encrypted></Payment></PaymentInfo>
	  <ReservedInfo>
	    <MReserved1/>
	    <MReserved2/>
	    <MReserved3/></ReservedInfo>
	  <ManageInfo>
	    <Language/>
	    <URL urlencode="1">http%3A%2F%2Fwww.obmms.net</URL>
	    <TXVersion>5036B141209securLinux     PHPchkfake   3.10.0-862.11.6.el7.x86_64PHP:</TXVersion>
	    <TXUserID/>
	    <TXRegNum/>
	    <Ack>1</Ack>
	    <TXRN>MjAxOTAxMTcxMDUxMTIwMzkzMjY3MQ==
</TXRN></ManageInfo></INIpay>ABOCOCSWKGYYAO5BGKtKb/t1rvVZRcOblHVqyF9rKYjeMrdMwxkrDJfjwqUPrciy
t7WteRcIRVDXGL48pUEfQGJObjoIK4/WmR8ynqrM+2MjbmXZGi+hXkgljHGnhvfR
IvTV+r0YCjIWj8O6Re6Yn+JqQPgA0DZKTpX5JcbZe7XU
]
INFO	[2019-01-17 10:52:41:525] <24336> DNS LOOKUP OK(39.115.212.10:39.115.212.10:34049) laptime:0
INFO	[2019-01-17 10:52:41:526] <24336> SOCKET CONNECT OK
INFO	[2019-01-17 10:52:41:526] <24336> SEND OK
INFO	[2019-01-17 10:52:42:816] <24336> RECV OK
INFO	[2019-01-17 10:52:42:816] <24336> MSG_FROM_PG:[0282100175D SHA1                   0                  39                  300210obmms20151               11000INIphpISP_obmms2015120190117105241218806<?xml version="1.0" encoding="UTF-8"?>
<INIpay>
  <GoodsInfo>
    <GoodsCnt>1</GoodsCnt>
    <MOID urlencode="1">11740_190117105112</MOID>
    <Currency>WON</Currency>
    <Goods no="1">
      <SMID>obmms20151</SMID>
      <GoodsName urlencode="1">%BF%C2%B8%AE%BF%F8%B9%AE%C0%DA+-+1%B0%B3%BF%F9%B1%E2%B0%A3+</GoodsName>
      <GoodsCntS>1</GoodsCntS>
      <GoodsPrice>11000</GoodsPrice>
    </Goods>
  </GoodsInfo>
  <PaymentInfo>
    <Payment>
      <SessionKey>ATjA2p/R/r4GsyBE5RhS/n/WH0S7GA0E5Ro5F3n6918DUtuRmql/2f1bnU6XOlUl
MZv0tnCvDmv9Gz8XOIAHjNt5Hkxwuh4QXNFWKR1/nFRSUYYGX1eaj7y0ClrwdFnO
j5YAn4liv7Aeebg5mXK7fYfTAGBd85HlZMd5CLUHluox6NvuVvEWmNk=
</SessionKey>
      <Encrypted>JbrhLNVYPjtfvrX4koXkJT4MPfn4cWe+VLTGencNN55546+iZMu3Alp1fcANfl+X
LCwB7CVzZDuCyffVi81wd950znanKioiTnGP9wjbXec4zlLH+fRQ/d1eX2y3z/tb
jwDzCwZl8ujku1uV0jFHvUlj+7dxf3Tr+bAzKZLAPXsIoKuLlzocYmcHTvCXhKPI
7liEGJr9zztfuM+5jaMp+VCwjPoboowA2KCjgPGvD5f31KLTPk3aSniBNflHpgz1
pu4dNZc44fM5xyGCbdgAn+7/RfkKxZELYWQI3LiPZkYipP9IE5WuIHklaFKfgHYJ
5FbDKfIWKzVsxGso9wz/fAlL8gZtmocVPVE4IDCjoKlKF6xWIVkL3JeBM/i0jX90
ZmaD8HT8zS4JTzK0HIbS4MI1CgXybpm3zdrN3sbAr65dhhXKgt3iKP92QHiSvcbo
Rwpe+RHvQ4EUn8nzmtQ+rldD5EeEqECP3/8DkTKzdz5QPwv9J5jIuEiGus7prBSJ
DVYJCJRc0cBC8Aa7HakhMkpL6LyZrskOInszrOc35zxZVGtm5fe+ZwUUod0aW3At
kRdnxyfJvp5SHGHqz6FMeU6U2M3DU+5NXe9B4suMyKFk/oQ+uAIdhF6Gk37q5dDS
9pyytM/ee9mTfpBymmKL8mAxe2l6YBpRzw5H7/hHLjEOf7m6ErvuucFW/NhMoqMn
SmY1lfiJf1RvmoOy+gReK39O+BfI+n2B37TBdV/SJ2VkJEl/Eh8IGBUoIkX03Z4F
CAV/Fu3LCxk2iyFgcwDjD2GwFcPzeix1tJjA0Thoxj3kDGCs/FHGkJKazSpNqb/d
2f9BWeXafFreDaa+41hiQZcK6Nlhw5CVGRoqclC5RUL1zS0AXj5of/2gLkaA+uHK
XedBIs5n5gFaWaOCWevvLXNlbd/kwQa2Uikhh4rfLQ50p+1/+p38rHe5FGCDlVCw
aUPV3WsXfPx6d05EDo3joBnJyKP+gxLn5M01HVWnYVbcmgKqxqrBLVALv4FLGbwA
ZebZek7W2umwjYrPOW1RV9SDa6tmB4O9ik2cYdKZUOHMD4tbDLohcc9qNV0MYtyC
f8TX+lBo6KjvJkloa8c/I1vVJJ8drWcHGAgNGuR2qSlHJ1LgyB50ARfPhrT8j+TN
jt43K7vS91B+2gwOr/uSdPMLzE5AqBMu6qrXiyLKGXiCk9m7IaYHOeX2b/XMhMam
EA63K35Bfs+8oowrythBJpHdIddaUz+ui7aHumy6Fs1GMmEJBYa3QLv/KWonvR5A
GKrdrA5rjuX1A1G/ABgT1AkL1PFx60fQyGc4AQt7dgTyszEKpAh93b6lgWmfUvdC
umj1jP+wZkNZ4V6UNsSHF1sMuhpinEeiz5g7751IHvA53003vqZJXh9nNtb3PX4m
fKTc1pt7XhiTPgMmYqYR6CDUD6n9YkUMkCN3eyou+fK2O0cW3Xfemw==
</Encrypted>
      <PayMethod>VCard</PayMethod>
      <ResultCode>170000</ResultCode>
      <ResultMsg urlencode="1">%C1%A4%BB%F3%BF%CF%B7%E1</ResultMsg>
    </Payment>
  </PaymentInfo>
  <ManageInfo>
    <EventCode></EventCode>
    <OrgCurrency></OrgCurrency>
    <ExchangeRate></ExchangeRate>
    <OrgPrice></OrgPrice>
  </ManageInfo>
  <ReservedInfo>
    <MReserved1 urlencode="1"></MReserved1>
    <MReserved2 urlencode="1"></MReserved2>
    <MReserved3 urlencode="1"></MReserved3>
    <PGReserved1 urlencode="1"></PGReserved1>
    <PGReserved2 urlencode="1"></PGReserved2>
    <PGReserved3 urlencode="1"></PGReserved3>
  </ReservedInfo>
</INIpay>
2O9Ps8D8HNQkJoicMG0qtQKwuvsryCMZKT7QuF3s2AohHQFyPbOpdUyQJWfempMi
uqWp22WvPr40R3sloxDLMh7zhucJdDaxaIkxaQlZeSt6fsPsNHXDeG8MeqAgs3yt
k776NzWc0iwKtuam7J/3t3M1hkK1eiodHmIne+tdZ8s=
]
INFO	[2019-01-17 10:52:42:816] <24336> VERIFY OK
INFO	[2019-01-17 10:52:42:816] <24336> PARSE HEAD OK
INFO	[2019-01-17 10:52:42:818] <24336> PARSE BODY OK
INFO	[2019-01-17 10:52:43:1] <24336> DECRYPT OK
DEBUG	[2019-01-17 10:52:43:1] <24336> DECRYPT MSG:[<?xml version="1.0" encoding="UTF-8"?>
<PaymentInfo>
  <Payment>
    <EASYPAY/>
    <VCard>
      <ISP_ApplPrice>11000</ISP_ApplPrice>
      <ISP_BankCode>00</ISP_BankCode>
      <ISP_Quota>00</ISP_Quota>
      <ISP_Interest>0</ISP_Interest>
      <ISP_CardCode>11</ISP_CardCode>
      <ISP_CardNum>55962000****</ISP_CardNum>
      <ISP_Point></ISP_Point>
      <ISP_ApplDate>20190117</ISP_ApplDate>
      <ISP_ApplTime>105242</ISP_ApplTime>
      <ISP_ApplNum>41133312</ISP_ApplNum>
      <ISP_TerminalNum>019048y000</ISP_TerminalNum>
      <ISP_MemberNum></ISP_MemberNum>
      <ISP_PurchaseCode></ISP_PurchaseCode>
      <ISP_ResultCode>170000</ISP_ResultCode>
      <ISP_ResultMsg urlencode="1">%C1%A4%BB%F3%BF%CF%B7%E1</ISP_ResultMsg>
      <ISP_PrtcCode>1</ISP_PrtcCode>
      <ISP_Quota_Point>00</ISP_Quota_Point>
      <ISP_CheckFlag>1</ISP_CheckFlag>
      <ISP_PurchaseName urlencode="1"></ISP_PurchaseName>
      <ISP_IssuerName urlencode="1"></ISP_IssuerName>
      <ISP_UsePoint></ISP_UsePoint>
      <ISP_CouponOnlyMer></ISP_CouponOnlyMer>
    </VCard>
  </Payment>
</PaymentInfo>]
INFO	[2019-01-17 10:52:43:2] <24336> DECRYPT PARSE OK
INFO	[2019-01-17 10:52:43:2] <24336> WAIT ACK INVOKING
DEBUG	[2019-01-17 10:52:43:2] <24336> MAKE HEAD OK
INFO	[2019-01-17 10:52:43:4] <24336> SUCCESS ACK INVOKING
INFO	[2019-01-17 10:52:43:4] <24336> END securepay ¡§ªÛøœ∑· Laptime:[1.484sec]
INFO	[2019-01-17 10:52:43:4] <24336> ===============================================================
