INFO	[2019-09-09 15:26:43:26] <14208> START INIPHP chkfake (V5036-141209)(OS:Linux2.6.18-274.3.1.el5,PHP:5.2.9)
DEBUG	[2019-09-09 15:26:43:44] <14208> inipayhome:/home/ilearning3/www/inipay
DEBUG	[2019-09-09 15:26:43:44] <14208> type:chkfake
DEBUG	[2019-09-09 15:26:43:44] <14208> debug:true
DEBUG	[2019-09-09 15:26:43:44] <14208> enctype:asym
DEBUG	[2019-09-09 15:26:43:44] <14208> admin:1111
DEBUG	[2019-09-09 15:26:43:44] <14208> checkopt:false
DEBUG	[2019-09-09 15:26:43:44] <14208> mid:obmms20151
DEBUG	[2019-09-09 15:26:43:44] <14208> price:550000
DEBUG	[2019-09-09 15:26:43:44] <14208> nointerest:no
DEBUG	[2019-09-09 15:26:43:44] <14208> quotabase:ÏùºÏãúÎ∂à:2Í∞úÏõî:3Í∞úÏõî:6Í∞úÏõî:12Í∞úÏõî
INFO	[2019-09-09 15:26:43:44] <14208> Check Field OK
INFO	[2019-09-09 15:26:43:86] <14208> MERCHANT PRIV KEY LOAD OK
INFO	[2019-09-09 15:26:43:116] <14208> MERCHANT PUB KEY LOAD OK []
INFO	[2019-09-09 15:26:43:131] <14208> CHKFAKE KEY MAKE OK:MjAxOTA5MDkxNTI2NDMxMTYyNDQ3Mw==

INFO	[2019-09-09 15:26:43:131] <14208> END chkfake  Laptime:[0.12sec]
INFO	[2019-09-09 15:26:43:131] <14208> ===============================================================
INFO	[2019-09-09 15:40:55:962] <20208> START INIPHP securepay (V5036-141209)(OS:Linux2.6.18-274.3.1.el5,PHP:5.2.9)
DEBUG	[2019-09-09 15:40:55:963] <20208> inipayhome:/home/ilearning3/www/inipay
DEBUG	[2019-09-09 15:40:55:963] <20208> type:securepay
DEBUG	[2019-09-09 15:40:55:963] <20208> pgid:INIphpCARD
DEBUG	[2019-09-09 15:40:55:963] <20208> subpgip:203.238.3.10
DEBUG	[2019-09-09 15:40:55:963] <20208> admin:1111
DEBUG	[2019-09-09 15:40:55:963] <20208> debug:true
DEBUG	[2019-09-09 15:40:55:963] <20208> uid:
DEBUG	[2019-09-09 15:40:55:963] <20208> goodname:ªÁæ˜πÆ¿⁄1≥‚
DEBUG	[2019-09-09 15:40:55:963] <20208> currency:WON
DEBUG	[2019-09-09 15:40:55:963] <20208> mid:obmms20151
DEBUG	[2019-09-09 15:40:55:963] <20208> rn:MjAxOTA5MDkxNTI2NDMxMTYyNDQ3Mw==

DEBUG	[2019-09-09 15:40:55:963] <20208> price:550000
DEBUG	[2019-09-09 15:40:55:963] <20208> enctype:
DEBUG	[2019-09-09 15:40:55:963] <20208> buyername:¿ÃøÏ∫π
DEBUG	[2019-09-09 15:40:55:963] <20208> buyertel:010-2967-5883
DEBUG	[2019-09-09 15:40:55:963] <20208> buyeremail:woblee2004@hanmail.net
DEBUG	[2019-09-09 15:40:55:963] <20208> paymethod:Card
DEBUG	[2019-09-09 15:40:55:963] <20208> encrypted:Version=4.1&PayMethod=Card&RsaKeyNum=1&EncryptionAlgorithm=SEED-CBC&SignAlgorithm=RSAwithSHA1&CertVer=39&moid=12802_190909032643&ver_trace=main(6109,6065)card(6185,6158)n(6009)Cs(6025)Dt(6002)Pa(6002)Cf(6025)Fv(0000)La(6183)Re(6135)Vr(6008)P(6034)en(6070)nP(6006)&pg1=39.115.212.10&pg2=203.238.37.3&pg1ip=39.115.212.10&pg2ip=203.238.37.3&agreeflag=1111&Data=09sdQGWOhnmRuxK9Vy42jj4/WvcJ6Tu5S6hkSk8q7F5WfglrUVxYLGpUutkxteQS
XRoPcjqp48t5dyy8pOoGb/UZ/KXtMrylziD9Y4MJz7PHJ4uGyfl6evPI12X0RiN3
LPidD8D0qQLCvyRzQUfm93sXaasKYiG6STM0YQLeNB83Evxl+ITZcIxfdKeaj8V4
Zwri3ffm/ZoKYq091/R9wgUyvrVIptl5y9Il0s/9ZOxlPFOAMAJ//RKNSpPdpDo3
d3lp82Di93UIIUq6dtWG5huxRLyUQ5TFi0zxtpGiS2f2v9LSBkiona5ztdE+SQXZ
Jrly4y3ywjUZ5VKDoywafi+vCApIjRWPrWAmS+HGSkDkYzsXQYCaB6WbkJivV7dj
vYXXrktk56cix4M8MxyKtnfTM0UFe0SJ/d6gQCe/rvaJNS7Bgdv4gXJXpHuL6iu5
vUfu/kJhmWGXQkvdgtLCClzwRFfY0TfSWDqfl5b05OibSy8r2j5cHiEw/xHyxaab
ld29+QKLHNW6zvorDAIclvUhuRrbzC2DcuyZO52Qwb86+nOZAqXtYXIEv9ar8wqu
P/gd0M3hH0+Lxsi33MpF+Sl/HrI5Y2T6FlPYgUihgMztxFti5IAh1j7MSmq+Yaho
lPAf0BdWhvpwzbEuf1HqpR4T5B+leeMRJpxnqPWMqzBBaY0GwGWbCYrloeJlQ5b/
abbub3oKC1gbo0q1NLRKe7IIRjsLpfbgrgj8Yp8vXMGcXbY3E8iC4wIA+lvkI2Vv
MXXc8/2izLq2hh7AcmASFM80BYo83OLwD/yFF0nWrbU8EIefqCEab+BgnQL39ClT
EfgO0QIhkPxjDRdal6ybOCkup+8hpxEH
DEBUG	[2019-09-09 15:40:55:963] <20208> sessionkey:bt8myyG/AtET9SXI+jlcC/T/M5EMdPQW8sfc6HGxj+vImuRElCfh+TYq4zNV8G0U
08yXPMOmpPDyJfPCeKSD81MwQ0kYMTgKMEkeQpjitZbcSPUqeqIXVQm4wvh1nnzJ
N+Cr/TcqRaEGDr1OzQzlVAS2DujmISlR0DbXUeLWvEI=
DEBUG	[2019-09-09 15:40:55:963] <20208> url:http://www.obmms.net
DEBUG	[2019-09-09 15:40:55:963] <20208> cardcode:12
DEBUG	[2019-09-09 15:40:55:963] <20208> parentemail:woblee2004@hanmail.net
DEBUG	[2019-09-09 15:40:55:963] <20208> recvname:
DEBUG	[2019-09-09 15:40:55:963] <20208> recvtel:
DEBUG	[2019-09-09 15:40:55:963] <20208> recvaddr:
DEBUG	[2019-09-09 15:40:55:963] <20208> recvpostnum:
DEBUG	[2019-09-09 15:40:55:963] <20208> recvmsg:
DEBUG	[2019-09-09 15:40:55:963] <20208> joincard:
DEBUG	[2019-09-09 15:40:55:963] <20208> joinexpire:
DEBUG	[2019-09-09 15:40:55:963] <20208> id_customer:
INFO	[2019-09-09 15:40:55:963] <20208> Check Field OK
INFO	[2019-09-09 15:40:55:963] <20208> Make TID OK INIphpCARDobmms2015120190909154055634578
INFO	[2019-09-09 15:40:55:963] <20208> PI PUB KEY LOAD OK [39]
INFO	[2019-09-09 15:40:55:969] <20208> PG PUB KEY LOAD OK [30]
INFO	[2019-09-09 15:40:55:969] <20208> MERCHANT PRIV KEY LOAD OK
INFO	[2019-09-09 15:40:55:969] <20208> MERCHANT PUB KEY LOAD OK [0]
INFO	[2019-09-09 15:40:55:971] <20208> MAKE BODY OK
INFO	[2019-09-09 15:40:55:972] <20208> SIGN OK
INFO	[2019-09-09 15:40:55:972] <20208> MAKE HEAD OK
INFO	[2019-09-09 15:40:55:972] <20208> MSG_TO_PG:[0297700175R SHA1                   0                  39                  300200obmms20151              550000INIphpCARDobmms2015120190909154055634578<?xml version="1.0" encoding="UTF-8"?>
<INIpay>
	  <GoodsInfo>
	    <GoodsCnt>1</GoodsCnt>
	    <MOID/>
	    <Currency>WON</Currency>
	    <Tax/>
	    <TaxFree/>
	    <Goods>
	      <SMID>obmms20151</SMID>
	      <GoodsName urlencode="1">%BB%E7%BE%F7%B9%AE%C0%DA1%B3%E2</GoodsName>
	      <GoodsPrice>550000</GoodsPrice></Goods></GoodsInfo>
	  <BuyerInfo>
	    <BuyerName urlencode="1">%C0%CC%BF%EC%BA%B9</BuyerName>
	    <BuyerTel>010-2967-5883</BuyerTel>
	    <BuyerEmail urlencode="1">woblee2004%40hanmail.net</BuyerEmail>
	    <ParentEmail urlencode="1">woblee2004%40hanmail.net</ParentEmail>
	    <RecvName/>
	    <RecvTel/>
	    <RecvMsg/>
	    <RecvAddr/>
	    <RecvPostNum/></BuyerInfo>
	  <PaymentInfo>
	    <Payment>
	      <PayMethod>Card</PayMethod>
	      <JoinCard/>
	      <JoinExpire/>
	      <MailOrder/>
	      <SessionKey>bt8myyG/AtET9SXI+jlcC/T/M5EMdPQW8sfc6HGxj+vImuRElCfh+TYq4zNV8G0U
08yXPMOmpPDyJfPCeKSD81MwQ0kYMTgKMEkeQpjitZbcSPUqeqIXVQm4wvh1nnzJ
N+Cr/TcqRaEGDr1OzQzlVAS2DujmISlR0DbXUeLWvEI=</SessionKey>
	      <Encrypted urlencode="1">Version%3D4.1%26PayMethod%3DCard%26RsaKeyNum%3D1%26EncryptionAlgorithm%3DSEED-CBC%26SignAlgorithm%3DRSAwithSHA1%26CertVer%3D39%26moid%3D12802_190909032643%26ver_trace%3Dmain%286109%2C6065%29card%286185%2C6158%29n%286009%29Cs%286025%29Dt%286002%29Pa%286002%29Cf%286025%29Fv%280000%29La%286183%29Re%286135%29Vr%286008%29P%286034%29en%286070%29nP%286006%29%26pg1%3D39.115.212.10%26pg2%3D203.238.37.3%26pg1ip%3D39.115.212.10%26pg2ip%3D203.238.37.3%26agreeflag%3D1111%26Data%3D09sdQGWOhnmRuxK9Vy42jj4%2FWvcJ6Tu5S6hkSk8q7F5WfglrUVxYLGpUutkxteQS%0D%0AXRoPcjqp48t5dyy8pOoGb%2FUZ%2FKXtMrylziD9Y4MJz7PHJ4uGyfl6evPI12X0RiN3%0D%0ALPidD8D0qQLCvyRzQUfm93sXaasKYiG6STM0YQLeNB83Evxl%2BITZcIxfdKeaj8V4%0D%0AZwri3ffm%2FZoKYq091%2FR9wgUyvrVIptl5y9Il0s%2F9ZOxlPFOAMAJ%2F%2FRKNSpPdpDo3%0D%0Ad3lp82Di93UIIUq6dtWG5huxRLyUQ5TFi0zxtpGiS2f2v9LSBkiona5ztdE%2BSQXZ%0D%0AJrly4y3ywjUZ5VKDoywafi%2BvCApIjRWPrWAmS%2BHGSkDkYzsXQYCaB6WbkJivV7dj%0D%0AvYXXrktk56cix4M8MxyKtnfTM0UFe0SJ%2Fd6gQCe%2FrvaJNS7Bgdv4gXJXpHuL6iu5%0D%0AvUfu%2FkJhmWGXQkvdgtLCClzwRFfY0TfSWDqfl5b05OibSy8r2j5cHiEw%2FxHyxaab%0D%0Ald29%2BQKLHNW6zvorDAIclvUhuRrbzC2DcuyZO52Qwb86%2BnOZAqXtYXIEv9ar8wqu%0D%0AP%2Fgd0M3hH0%2BLxsi33MpF%2BSl%2FHrI5Y2T6FlPYgUihgMztxFti5IAh1j7MSmq%2BYaho%0D%0AlPAf0BdWhvpwzbEuf1HqpR4T5B%2BleeMRJpxnqPWMqzBBaY0GwGWbCYrloeJlQ5b%2F%0D%0Aabbub3oKC1gbo0q1NLRKe7IIRjsLpfbgrgj8Yp8vXMGcXbY3E8iC4wIA%2BlvkI2Vv%0D%0AMXXc8%2F2izLq2hh7AcmASFM80BYo83OLwD%2FyFF0nWrbU8EIefqCEab%2BBgnQL39ClT%0D%0AEfgO0QIhkPxjDRdal6ybOCkup%2B8hpxEH</Encrypted></Payment></PaymentInfo>
	  <ReservedInfo>
	    <MReserved1/>
	    <MReserved2/>
	    <MReserved3/></ReservedInfo>
	  <ManageInfo>
	    <Language/>
	    <URL urlencode="1">http%3A%2F%2Fwww.obmms.net</URL>
	    <TXVersion>5036B141209securLinux     PHPchkfake   2.6.18-274.3.1.el5PHP:5.2.9   </TXVersion>
	    <TXUserID/>
	    <TXRegNum/>
	    <Ack>1</Ack>
	    <TXRN>MjAxOTA5MDkxNTI2NDMxMTYyNDQ3Mw==
</TXRN></ManageInfo></INIpay>AMoOaUV1JfzBIxVJZZKdp1cYCLkrKlVQ+YN7UZbQFAszXal2Gpl+Qx17QxY6xTLz
kGhkuMEaj1ynoK9sz+1aooeO/M6B/V83Zk5f9BLAWfnJy7Xys9e1ma6HxoFBQM8m
O17IYb+eQIhVszHo5duqgICgDm/Et1roWkmH/QU/WDjn
]
INFO	[2019-09-09 15:40:55:984] <20208> DNS LOOKUP OK(39.115.212.10:39.115.212.10:34049) laptime:0
INFO	[2019-09-09 15:40:55:986] <20208> SOCKET CONNECT OK
INFO	[2019-09-09 15:40:55:986] <20208> SEND OK
INFO	[2019-09-09 15:40:56:460] <20208> RECV OK
INFO	[2019-09-09 15:40:56:460] <20208> MSG_FROM_PG:[0311800175D SHA1                   0                  39                  300210obmms20151              550000INIphpCARDobmms2015120190909154055634578<?xml version="1.0" encoding="UTF-8"?>
<INIpay>
  <GoodsInfo>
    <GoodsCnt>1</GoodsCnt>
    <MOID urlencode="1">12802_190909032643</MOID>
    <Currency>WON</Currency>
    <Goods no="1">
      <SMID>obmms20151</SMID>
      <GoodsName urlencode="1">%BB%E7%BE%F7%B9%AE%C0%DA1%B3%E2</GoodsName>
      <GoodsCntS>1</GoodsCntS>
      <GoodsPrice>550000</GoodsPrice>
    </Goods>
  </GoodsInfo>
  <PaymentInfo>
    <Payment>
      <SessionKey>AAFYVKFkAhBymJgMkyeBLxvbRdnQ3BW21IKIArsY0D7MATzj0snoapLF2JsNiVey
InVkqlXtoRGz3vc7lQZanrDJk9Y/jAxCkN7P5OrP4ZbtNEq1AisLv9gi/sgRhGBR
L2avftguowPuWzo0gMOb4qpAXd5xczcGb8ms1W9Gh765snkvMAxU9u8=
</SessionKey>
      <Encrypted>ca+XeN+TE6R5qqd41XHUjK1em2yp/0dDSp7jdCFiTJgIBCybOKVghNQ7gZOOvNGP
PZUjLkstV+43VZfh3ymUo99qRnMuxA4drwlfP2J64pKV7qkQ281o2y4zTQ46d7yd
zB2AvGV/bra0XqaRitrvhWGlwI3IhCVJjCEoB06aTJodRY3Rq6puv14Mv6ck9PiP
xbsR9/oIt5dBtaWz1ejODcetiph+SiZJvWg0YraJ1Gnh2pESZ4+YhjWr7MJW2Pv1
Uf5kl+s3hMEP0JjYlZgvi6Q9NIib9elTJ8uIEs3Oc/o/z9uyvVMrKxtq+XCFGgO0
ZO16hp2B8dZyT7qMK6XeKwErYJsFQjk5v2fWjaUUofLomptr9p8JMsMNgVih/fYQ
6b0EPsp0sRU+cNoHx2Ou32viYKHfyoSr55kjxNbkm2W6Y4jR/bAPFNC8jzvKk+d9
B/JEjiQ3Oui1AbC70MhJn8HoE9hS9/oF/i3YifVh73FjkrIbuj03D+3sicBJnKKy
RJEDwL3eP9KioT7BnfyOiYbbvLBDCGlLWntqd2JrFf0sckRTTQVYqiXTqnQlVEow
3T33zFcTPR+tsBzxGAH0R1CcLPH/yce0nBc+mNMyQJXQFS9TvDuzJNVLZZetQb3s
oQou1PTJhW5Gy9vzXMtBICJg/fg4Yj0c5ZSjJAIkF05uKXWgNV57ZGi4HdZx1ap4
oghfBs+fOV9Gnfzb5xvFuCt/lHpNPpoM3/yFIBMfeGMekMaHh5TrLkp1s6jWQP1n
m/N4ml/QzlnVjBjZdHMXtMxzNFjfFVy0AnmZRo2sAbfwQRGwipobU/WyxmpVNeZI
3iiXdQeHbvJKJXHMpUjivEg2vB0/CJNb1kSF1SCJ1xXdPrwgw4REvYohgCQt0jV5
hElvCJ5puAA8s3V5cZVh9P0MB4DnAN7CvOThkmBIGYa88/pC7cG+uSSpUcE8U43F
bsyHDktX/16EhdEpK9qtgnelHzcTDCEMR80Ra2uTvfBNsZb2fcy3O9maSkmkOEVr
R4rIM8f7vJayl27nAk4syRWeVhE9MZ7dvCjq8GouDljQVm8aAyRupnc9hHkYRkz5
i4+pdMGSbOPcxqpD0LMQpry+/EhL7p/6JsxOXD3QtfhP3WbkVZ+YYo91qPrbOAis
wwZrw/8mHDBQo7mGFJD1eVXjva+khccKFrWkH+q3Myj8XcwP4knXcaUcgRzmvlfy
+3MZ7w1tSbx0aNtGYLk8fDZwxUusFX8CHhFYP4J+cZtQxOgN7EVcDfswFynzAw2s
sX+RTXcJU3MZuiiZXkFj1nOIDhGHpMRVgdntv3Vi5P0IdqQ8jdGnKG4fdFXePmRy
EQSfULTXoNUSFnSnCYK45z1M3rlOX1904+dw3iYSyHVVRuTI6AJL4wfX4wWwgQoG
3kzqvbS2v7bbTSFVk7aEgdrTV4vAqoA/qoInatjHEQOBtJ9fByCw4lfnZw0PCh9X
4i+JJ5vtOqRJX66lmN0L3aYmWPvf3SLf/nLR7U3LmGYjqa/DpecMrUdVi5+bpFHd
sVUXKlFeOqC91+C6xMoejc9vSviMQ84hjL04BG53zXspWovkv8AjeRDD4IGKLT2J
QvyK3LD8/7oQlLRbJol2U4C1EY5MsUsO+NVUUt+UfeNr4wbntHrnY2sCoXUAtwbn
1r8v2/7mJI7AEvsy0jGHo6wsuKltqwBf1bf1QJ6KD+Gz0YrnUHdauEaFqksrEehI
O3TPe8YnRGbayk4O3f/WcQ==
</Encrypted>
      <PayMethod>Card</PayMethod>
      <ResultCode>120000</ResultCode>
      <ResultMsg urlencode="1">%C1%A4%BB%F3%C3%B3%B8%AE%B5%C7%BE%FA%BD%C0%B4%CF%B4%D9.</ResultMsg>
    </Payment>
  </PaymentInfo>
  <ManageInfo>
    <EventCode>1</EventCode>
    <OrgCurrency></OrgCurrency>
    <ExchangeRate></ExchangeRate>
    <OrgPrice></OrgPrice>
  </ManageInfo>
  <ReservedInfo>
    <MReserved1 urlencode="1"></MReserved1>
    <MReserved2 urlencode="1"></MReserved2>
    <MReserved3 urlencode="1"></MReserved3>
    <PGReserved1 urlencode="1"></PGReserved1>
    <PGReserved2 urlencode="1"></PGReserved2>
    <PGReserved3 urlencode="1"></PGReserved3>
  </ReservedInfo>
</INIpay>
cgjGRcS+E8gP0BdOBN/BDs/7AepIvbuA6b2OdfilYn9jdOC68btZZgz1vKJKaSPX
w8DM+lxdZAnaHnduOk6oU0K5EzxtB7I/VhmDs9JOXlu2TsCddQed5BnTf9n8E8fm
nX08GigN0oCI1EwEKpF0LqUGsffiOoc1Fp9t76RzfAs=
]
INFO	[2019-09-09 15:40:56:460] <20208> VERIFY OK
INFO	[2019-09-09 15:40:56:460] <20208> PARSE HEAD OK
INFO	[2019-09-09 15:40:56:473] <20208> PARSE BODY OK
INFO	[2019-09-09 15:40:56:503] <20208> DECRYPT OK
DEBUG	[2019-09-09 15:40:56:504] <20208> DECRYPT MSG:[<?xml version="1.0" encoding="UTF-8"?>
<PaymentInfo>
  <Payment>
    <EASYPAY/>
    <Card>
      <CARD_ApplPrice>550000</CARD_ApplPrice>
      <CARD_Num>53664800****2657</CARD_Num>
      <CARD_Expire></CARD_Expire>
      <CARD_Code>12</CARD_Code>
      <CARD_BankCode>00</CARD_BankCode>
      <CARD_Quota>06</CARD_Quota>
      <CARD_Interest>0</CARD_Interest>
      <CARD_Point></CARD_Point>
      <CARD_AuthType>99</CARD_AuthType>
      <CARD_RegNum></CARD_RegNum>
      <CARD_ApplDate>20190909</CARD_ApplDate>
      <CARD_ApplTime>154054</CARD_ApplTime>
      <CARD_ApplNum>96333757</CARD_ApplNum>
      <CARD_TerminalNum>0208936000</CARD_TerminalNum>
      <CARD_MemberNum></CARD_MemberNum>
      <CARD_PurchaseCode></CARD_PurchaseCode>
      <CARD_ResultCode>120000</CARD_ResultCode>
      <CARD_ResultMsg urlencode="1">%C1%A4%BB%F3%C3%B3%B8%AE%B5%C7%BE%FA%BD%C0%B4%CF%B4%D9.</CARD_ResultMsg>
      <CARD_PrtcCode>1</CARD_PrtcCode>
      <CARD_Quota_Point>06</CARD_Quota_Point>
      <CARD_CheckFlag>0</CARD_CheckFlag>
      <CARD_PurchaseName urlencode="1"></CARD_PurchaseName>
      <CARD_IssuerName urlencode="1"></CARD_IssuerName>
      <CARD_JoinUsePoint></CARD_JoinUsePoint>
      <CARD_UsePoint></CARD_UsePoint>
      <CARD_CouponOnlyMer></CARD_CouponOnlyMer>
    </Card>
  </Payment>
</PaymentInfo>]
INFO	[2019-09-09 15:40:56:506] <20208> DECRYPT PARSE OK
INFO	[2019-09-09 15:40:56:506] <20208> WAIT ACK INVOKING
DEBUG	[2019-09-09 15:40:56:506] <20208> MAKE HEAD OK
INFO	[2019-09-09 15:40:56:509] <20208> SUCCESS ACK INVOKING
INFO	[2019-09-09 15:40:56:509] <20208> END securepay ¡§ªÛ√≥∏Æµ«æ˙Ω¿¥œ¥Ÿ. Laptime:[0.55sec]
INFO	[2019-09-09 15:40:56:509] <20208> ===============================================================
