INFO	[2018-10-12 10:45:17:650] <43912> START INIPHP chkfake (V5036-141209)(OS:Linux3.10.0-862.11.6.el7.x86_64,PHP:5.5.17p1)
DEBUG	[2018-10-12 10:45:17:650] <43912> inipayhome:/home/hosting_users/ilearning3/www/inipay
DEBUG	[2018-10-12 10:45:17:650] <43912> type:chkfake
DEBUG	[2018-10-12 10:45:17:650] <43912> debug:true
DEBUG	[2018-10-12 10:45:17:650] <43912> enctype:asym
DEBUG	[2018-10-12 10:45:17:650] <43912> admin:1111
DEBUG	[2018-10-12 10:45:17:650] <43912> checkopt:false
DEBUG	[2018-10-12 10:45:17:650] <43912> mid:obmms20151
DEBUG	[2018-10-12 10:45:17:650] <43912> price:11000
DEBUG	[2018-10-12 10:45:17:650] <43912> nointerest:no
DEBUG	[2018-10-12 10:45:17:650] <43912> quotabase:일시불
INFO	[2018-10-12 10:45:17:650] <43912> Check Field OK
INFO	[2018-10-12 10:45:17:670] <43912> MERCHANT PRIV KEY LOAD OK
INFO	[2018-10-12 10:45:17:680] <43912> MERCHANT PUB KEY LOAD OK []
INFO	[2018-10-12 10:45:17:681] <43912> CHKFAKE KEY MAKE OK:MjAxODEwMTIxMDQ1MTc2ODAxMTE1MQ==

INFO	[2018-10-12 10:45:17:681] <43912> END chkfake  Laptime:[0.031sec]
INFO	[2018-10-12 10:45:17:681] <43912> ===============================================================
INFO	[2018-10-12 11:04:04:308] <43920> START INIPHP chkfake (V5036-141209)(OS:Linux3.10.0-862.11.6.el7.x86_64,PHP:5.5.17p1)
DEBUG	[2018-10-12 11:04:04:308] <43920> inipayhome:/home/hosting_users/ilearning3/www/inipay
DEBUG	[2018-10-12 11:04:04:308] <43920> type:chkfake
DEBUG	[2018-10-12 11:04:04:308] <43920> debug:true
DEBUG	[2018-10-12 11:04:04:308] <43920> enctype:asym
DEBUG	[2018-10-12 11:04:04:308] <43920> admin:1111
DEBUG	[2018-10-12 11:04:04:308] <43920> checkopt:false
DEBUG	[2018-10-12 11:04:04:308] <43920> mid:obmms20151
DEBUG	[2018-10-12 11:04:04:308] <43920> price:11000
DEBUG	[2018-10-12 11:04:04:308] <43920> nointerest:no
DEBUG	[2018-10-12 11:04:04:308] <43920> quotabase:일시불
INFO	[2018-10-12 11:04:04:309] <43920> Check Field OK
INFO	[2018-10-12 11:04:04:309] <43920> MERCHANT PRIV KEY LOAD OK
INFO	[2018-10-12 11:04:04:309] <43920> MERCHANT PUB KEY LOAD OK []
INFO	[2018-10-12 11:04:04:311] <43920> CHKFAKE KEY MAKE OK:MjAxODEwMTIxMTA0MDQzMDk1OTgxNw==

INFO	[2018-10-12 11:04:04:311] <43920> END chkfake  Laptime:[0.002sec]
INFO	[2018-10-12 11:04:04:311] <43920> ===============================================================
INFO	[2018-10-12 11:04:23:672] <43918> START INIPHP chkfake (V5036-141209)(OS:Linux3.10.0-862.11.6.el7.x86_64,PHP:5.5.17p1)
DEBUG	[2018-10-12 11:04:23:672] <43918> inipayhome:/home/hosting_users/ilearning3/www/inipay
DEBUG	[2018-10-12 11:04:23:672] <43918> type:chkfake
DEBUG	[2018-10-12 11:04:23:672] <43918> debug:true
DEBUG	[2018-10-12 11:04:23:672] <43918> enctype:asym
DEBUG	[2018-10-12 11:04:23:672] <43918> admin:1111
DEBUG	[2018-10-12 11:04:23:672] <43918> checkopt:false
DEBUG	[2018-10-12 11:04:23:672] <43918> mid:obmms20151
DEBUG	[2018-10-12 11:04:23:672] <43918> price:11000
DEBUG	[2018-10-12 11:04:23:672] <43918> nointerest:no
DEBUG	[2018-10-12 11:04:23:672] <43918> quotabase:일시불
INFO	[2018-10-12 11:04:23:672] <43918> Check Field OK
INFO	[2018-10-12 11:04:23:673] <43918> MERCHANT PRIV KEY LOAD OK
INFO	[2018-10-12 11:04:23:673] <43918> MERCHANT PUB KEY LOAD OK []
INFO	[2018-10-12 11:04:23:674] <43918> CHKFAKE KEY MAKE OK:MjAxODEwMTIxMTA0MjM2NzM0NTk4MQ==

INFO	[2018-10-12 11:04:23:674] <43918> END chkfake  Laptime:[0.002sec]
INFO	[2018-10-12 11:04:23:674] <43918> ===============================================================
INFO	[2018-10-12 11:07:28:501] <43925> START INIPHP chkfake (V5036-141209)(OS:Linux3.10.0-862.11.6.el7.x86_64,PHP:5.5.17p1)
DEBUG	[2018-10-12 11:07:28:501] <43925> inipayhome:/home/hosting_users/ilearning3/www/inipay
DEBUG	[2018-10-12 11:07:28:501] <43925> type:chkfake
DEBUG	[2018-10-12 11:07:28:501] <43925> debug:true
DEBUG	[2018-10-12 11:07:28:501] <43925> enctype:asym
DEBUG	[2018-10-12 11:07:28:501] <43925> admin:1111
DEBUG	[2018-10-12 11:07:28:501] <43925> checkopt:false
DEBUG	[2018-10-12 11:07:28:501] <43925> mid:obmms20151
DEBUG	[2018-10-12 11:07:28:501] <43925> price:11000
DEBUG	[2018-10-12 11:07:28:501] <43925> nointerest:no
DEBUG	[2018-10-12 11:07:28:501] <43925> quotabase:일시불
INFO	[2018-10-12 11:07:28:501] <43925> Check Field OK
INFO	[2018-10-12 11:07:28:502] <43925> MERCHANT PRIV KEY LOAD OK
INFO	[2018-10-12 11:07:28:502] <43925> MERCHANT PUB KEY LOAD OK []
INFO	[2018-10-12 11:07:28:503] <43925> CHKFAKE KEY MAKE OK:MjAxODEwMTIxMTA3Mjg1MDIzODMxMA==

INFO	[2018-10-12 11:07:28:503] <43925> END chkfake  Laptime:[0.002sec]
INFO	[2018-10-12 11:07:28:503] <43925> ===============================================================
INFO	[2018-10-12 11:18:45:324] <34310> START INIPHP chkfake (V5036-141209)(OS:Linux3.10.0-862.11.6.el7.x86_64,PHP:5.5.17p1)
DEBUG	[2018-10-12 11:18:45:324] <34310> inipayhome:/home/hosting_users/ilearning3/www/inipay
DEBUG	[2018-10-12 11:18:45:324] <34310> type:chkfake
DEBUG	[2018-10-12 11:18:45:324] <34310> debug:true
DEBUG	[2018-10-12 11:18:45:324] <34310> enctype:asym
DEBUG	[2018-10-12 11:18:45:324] <34310> admin:1111
DEBUG	[2018-10-12 11:18:45:324] <34310> checkopt:false
DEBUG	[2018-10-12 11:18:45:324] <34310> mid:obmms20151
DEBUG	[2018-10-12 11:18:45:324] <34310> price:11000
DEBUG	[2018-10-12 11:18:45:324] <34310> nointerest:no
DEBUG	[2018-10-12 11:18:45:324] <34310> quotabase:일시불
INFO	[2018-10-12 11:18:45:324] <34310> Check Field OK
INFO	[2018-10-12 11:18:45:325] <34310> MERCHANT PRIV KEY LOAD OK
INFO	[2018-10-12 11:18:45:325] <34310> MERCHANT PUB KEY LOAD OK []
INFO	[2018-10-12 11:18:45:326] <34310> CHKFAKE KEY MAKE OK:MjAxODEwMTIxMTE4NDUzMjUzNDc0NQ==

INFO	[2018-10-12 11:18:45:326] <34310> END chkfake  Laptime:[0.002sec]
INFO	[2018-10-12 11:18:45:327] <34310> ===============================================================
INFO	[2018-10-12 11:29:13:740] <34284> START INIPHP chkfake (V5036-141209)(OS:Linux3.10.0-862.11.6.el7.x86_64,PHP:5.5.17p1)
DEBUG	[2018-10-12 11:29:13:740] <34284> inipayhome:/home/hosting_users/ilearning3/www/inipay
DEBUG	[2018-10-12 11:29:13:740] <34284> type:chkfake
DEBUG	[2018-10-12 11:29:13:740] <34284> debug:true
DEBUG	[2018-10-12 11:29:13:740] <34284> enctype:asym
DEBUG	[2018-10-12 11:29:13:740] <34284> admin:1111
DEBUG	[2018-10-12 11:29:13:740] <34284> checkopt:false
DEBUG	[2018-10-12 11:29:13:740] <34284> mid:obmms20151
DEBUG	[2018-10-12 11:29:13:740] <34284> price:11000
DEBUG	[2018-10-12 11:29:13:740] <34284> nointerest:no
DEBUG	[2018-10-12 11:29:13:740] <34284> quotabase:일시불
INFO	[2018-10-12 11:29:13:740] <34284> Check Field OK
INFO	[2018-10-12 11:29:13:740] <34284> MERCHANT PRIV KEY LOAD OK
INFO	[2018-10-12 11:29:13:740] <34284> MERCHANT PUB KEY LOAD OK []
INFO	[2018-10-12 11:29:13:741] <34284> CHKFAKE KEY MAKE OK:MjAxODEwMTIxMTI5MTM3NDA0NDYxNg==

INFO	[2018-10-12 11:29:13:742] <34284> END chkfake  Laptime:[0.002sec]
INFO	[2018-10-12 11:29:13:742] <34284> ===============================================================
