INFO	[2019-12-24 17:22:47:48] <31427> START INIPHP chkfake (V5036-141209)(OS:Linux2.6.18-274.3.1.el5,PHP:5.2.9)
DEBUG	[2019-12-24 17:22:47:48] <31427> inipayhome:/home/ilearning3/www/inipay
DEBUG	[2019-12-24 17:22:47:48] <31427> type:chkfake
DEBUG	[2019-12-24 17:22:47:48] <31427> debug:true
DEBUG	[2019-12-24 17:22:47:48] <31427> enctype:asym
DEBUG	[2019-12-24 17:22:47:48] <31427> admin:1111
DEBUG	[2019-12-24 17:22:47:48] <31427> checkopt:false
DEBUG	[2019-12-24 17:22:47:48] <31427> mid:obmms20151
DEBUG	[2019-12-24 17:22:47:48] <31427> price:11000
DEBUG	[2019-12-24 17:22:47:48] <31427> nointerest:no
DEBUG	[2019-12-24 17:22:47:48] <31427> quotabase:일시불:2개월:3개월:6개월:12개월
INFO	[2019-12-24 17:22:47:48] <31427> Check Field OK
INFO	[2019-12-24 17:22:47:49] <31427> MERCHANT PRIV KEY LOAD OK
INFO	[2019-12-24 17:22:47:50] <31427> MERCHANT PUB KEY LOAD OK []
INFO	[2019-12-24 17:22:47:52] <31427> CHKFAKE KEY MAKE OK:MjAxOTEyMjQxNzIyNDcwNTA5NjM3MA==

INFO	[2019-12-24 17:22:47:52] <31427> END chkfake  Laptime:[0.03sec]
INFO	[2019-12-24 17:22:47:52] <31427> ===============================================================
INFO	[2019-12-24 17:25:28:987] <5604> START INIPHP chkfake (V5036-141209)(OS:Linux2.6.18-274.3.1.el5,PHP:5.2.9)
DEBUG	[2019-12-24 17:25:28:987] <5604> inipayhome:/home/ilearning3/www/inipay
DEBUG	[2019-12-24 17:25:28:987] <5604> type:chkfake
DEBUG	[2019-12-24 17:25:28:987] <5604> debug:true
DEBUG	[2019-12-24 17:25:28:987] <5604> enctype:asym
DEBUG	[2019-12-24 17:25:28:987] <5604> admin:1111
DEBUG	[2019-12-24 17:25:28:987] <5604> checkopt:false
DEBUG	[2019-12-24 17:25:28:987] <5604> mid:obmms20151
DEBUG	[2019-12-24 17:25:28:987] <5604> price:11000
DEBUG	[2019-12-24 17:25:28:987] <5604> nointerest:no
DEBUG	[2019-12-24 17:25:28:987] <5604> quotabase:일시불:2개월:3개월:6개월:12개월
INFO	[2019-12-24 17:25:28:987] <5604> Check Field OK
INFO	[2019-12-24 17:25:28:987] <5604> MERCHANT PRIV KEY LOAD OK
INFO	[2019-12-24 17:25:28:987] <5604> MERCHANT PUB KEY LOAD OK []
INFO	[2019-12-24 17:25:28:989] <5604> CHKFAKE KEY MAKE OK:MjAxOTEyMjQxNzI1Mjg5ODc3Njg3MA==

INFO	[2019-12-24 17:25:28:989] <5604> END chkfake  Laptime:[0sec]
INFO	[2019-12-24 17:25:28:989] <5604> ===============================================================
INFO	[2019-12-24 17:30:14:258] <7311> START INIPHP chkfake (V5036-141209)(OS:Linux2.6.18-274.3.1.el5,PHP:5.2.9)
DEBUG	[2019-12-24 17:30:14:258] <7311> inipayhome:/home/ilearning3/www/inipay
DEBUG	[2019-12-24 17:30:14:258] <7311> type:chkfake
DEBUG	[2019-12-24 17:30:14:258] <7311> debug:true
DEBUG	[2019-12-24 17:30:14:258] <7311> enctype:asym
DEBUG	[2019-12-24 17:30:14:258] <7311> admin:1111
DEBUG	[2019-12-24 17:30:14:258] <7311> checkopt:false
DEBUG	[2019-12-24 17:30:14:258] <7311> mid:obmms20151
DEBUG	[2019-12-24 17:30:14:258] <7311> price:11000
DEBUG	[2019-12-24 17:30:14:258] <7311> nointerest:no
DEBUG	[2019-12-24 17:30:14:258] <7311> quotabase:일시불:2개월:3개월:6개월:12개월
INFO	[2019-12-24 17:30:14:258] <7311> Check Field OK
INFO	[2019-12-24 17:30:14:259] <7311> MERCHANT PRIV KEY LOAD OK
INFO	[2019-12-24 17:30:14:259] <7311> MERCHANT PUB KEY LOAD OK []
INFO	[2019-12-24 17:30:14:262] <7311> CHKFAKE KEY MAKE OK:MjAxOTEyMjQxNzMwMTQyNTk2NTIxMA==

INFO	[2019-12-24 17:30:14:262] <7311> END chkfake  Laptime:[0sec]
INFO	[2019-12-24 17:30:14:262] <7311> ===============================================================
INFO	[2019-12-24 17:33:50:103] <27257> START INIPHP chkfake (V5036-141209)(OS:Linux2.6.18-274.3.1.el5,PHP:5.2.9)
DEBUG	[2019-12-24 17:33:50:103] <27257> inipayhome:/home/ilearning3/www/inipay
DEBUG	[2019-12-24 17:33:50:103] <27257> type:chkfake
DEBUG	[2019-12-24 17:33:50:103] <27257> debug:true
DEBUG	[2019-12-24 17:33:50:103] <27257> enctype:asym
DEBUG	[2019-12-24 17:33:50:103] <27257> admin:1111
DEBUG	[2019-12-24 17:33:50:103] <27257> checkopt:false
DEBUG	[2019-12-24 17:33:50:103] <27257> mid:obmms20151
DEBUG	[2019-12-24 17:33:50:103] <27257> price:11000
DEBUG	[2019-12-24 17:33:50:103] <27257> nointerest:no
DEBUG	[2019-12-24 17:33:50:103] <27257> quotabase:일시불:2개월:3개월:6개월:12개월
INFO	[2019-12-24 17:33:50:103] <27257> Check Field OK
INFO	[2019-12-24 17:33:50:103] <27257> MERCHANT PRIV KEY LOAD OK
INFO	[2019-12-24 17:33:50:104] <27257> MERCHANT PUB KEY LOAD OK []
INFO	[2019-12-24 17:33:50:105] <27257> CHKFAKE KEY MAKE OK:MjAxOTEyMjQxNzMzNTAxMDQ1MDg4Mw==

INFO	[2019-12-24 17:33:50:105] <27257> END chkfake  Laptime:[0.01sec]
INFO	[2019-12-24 17:33:50:105] <27257> ===============================================================
INFO	[2019-12-24 17:39:11:485] <5540> START INIPHP chkfake (V5036-141209)(OS:Linux2.6.18-274.3.1.el5,PHP:5.2.9)
DEBUG	[2019-12-24 17:39:11:485] <5540> inipayhome:/home/ilearning3/www/inipay
DEBUG	[2019-12-24 17:39:11:485] <5540> type:chkfake
DEBUG	[2019-12-24 17:39:11:485] <5540> debug:true
DEBUG	[2019-12-24 17:39:11:485] <5540> enctype:asym
DEBUG	[2019-12-24 17:39:11:485] <5540> admin:1111
DEBUG	[2019-12-24 17:39:11:485] <5540> checkopt:false
DEBUG	[2019-12-24 17:39:11:485] <5540> mid:obmms20151
DEBUG	[2019-12-24 17:39:11:485] <5540> price:11000
DEBUG	[2019-12-24 17:39:11:485] <5540> nointerest:no
DEBUG	[2019-12-24 17:39:11:485] <5540> quotabase:일시불:2개월:3개월:6개월:12개월
INFO	[2019-12-24 17:39:11:485] <5540> Check Field OK
INFO	[2019-12-24 17:39:11:485] <5540> MERCHANT PRIV KEY LOAD OK
INFO	[2019-12-24 17:39:11:486] <5540> MERCHANT PUB KEY LOAD OK []
INFO	[2019-12-24 17:39:11:487] <5540> CHKFAKE KEY MAKE OK:MjAxOTEyMjQxNzM5MTE0ODY0NjkwOQ==

INFO	[2019-12-24 17:39:11:487] <5540> END chkfake  Laptime:[0sec]
INFO	[2019-12-24 17:39:11:487] <5540> ===============================================================
INFO	[2019-12-24 17:39:29:115] <16614> START INIPHP chkfake (V5036-141209)(OS:Linux2.6.18-274.3.1.el5,PHP:5.2.9)
DEBUG	[2019-12-24 17:39:29:115] <16614> inipayhome:/home/ilearning3/www/inipay
DEBUG	[2019-12-24 17:39:29:115] <16614> type:chkfake
DEBUG	[2019-12-24 17:39:29:115] <16614> debug:true
DEBUG	[2019-12-24 17:39:29:115] <16614> enctype:asym
DEBUG	[2019-12-24 17:39:29:115] <16614> admin:1111
DEBUG	[2019-12-24 17:39:29:115] <16614> checkopt:false
DEBUG	[2019-12-24 17:39:29:115] <16614> mid:obmms20151
DEBUG	[2019-12-24 17:39:29:115] <16614> price:11000
DEBUG	[2019-12-24 17:39:29:115] <16614> nointerest:no
DEBUG	[2019-12-24 17:39:29:115] <16614> quotabase:일시불:2개월:3개월:6개월:12개월
INFO	[2019-12-24 17:39:29:115] <16614> Check Field OK
INFO	[2019-12-24 17:39:29:115] <16614> MERCHANT PRIV KEY LOAD OK
INFO	[2019-12-24 17:39:29:116] <16614> MERCHANT PUB KEY LOAD OK []
INFO	[2019-12-24 17:39:29:117] <16614> CHKFAKE KEY MAKE OK:MjAxOTEyMjQxNzM5MjkxMTYzMTU2MA==

INFO	[2019-12-24 17:39:29:118] <16614> END chkfake  Laptime:[0sec]
INFO	[2019-12-24 17:39:29:118] <16614> ===============================================================
INFO	[2019-12-24 17:40:11:151] <14467> START INIPHP chkfake (V5036-141209)(OS:Linux2.6.18-274.3.1.el5,PHP:5.2.9)
DEBUG	[2019-12-24 17:40:11:151] <14467> inipayhome:/home/ilearning3/www/inipay
DEBUG	[2019-12-24 17:40:11:151] <14467> type:chkfake
DEBUG	[2019-12-24 17:40:11:151] <14467> debug:true
DEBUG	[2019-12-24 17:40:11:151] <14467> enctype:asym
DEBUG	[2019-12-24 17:40:11:151] <14467> admin:1111
DEBUG	[2019-12-24 17:40:11:151] <14467> checkopt:false
DEBUG	[2019-12-24 17:40:11:151] <14467> mid:obmms20151
DEBUG	[2019-12-24 17:40:11:151] <14467> price:11000
DEBUG	[2019-12-24 17:40:11:151] <14467> nointerest:no
DEBUG	[2019-12-24 17:40:11:151] <14467> quotabase:일시불:2개월:3개월:6개월:12개월
INFO	[2019-12-24 17:40:11:151] <14467> Check Field OK
INFO	[2019-12-24 17:40:11:152] <14467> MERCHANT PRIV KEY LOAD OK
INFO	[2019-12-24 17:40:11:152] <14467> MERCHANT PUB KEY LOAD OK []
INFO	[2019-12-24 17:40:11:153] <14467> CHKFAKE KEY MAKE OK:MjAxOTEyMjQxNzQwMTExNTIzMTU1Mw==

INFO	[2019-12-24 17:40:11:153] <14467> END chkfake  Laptime:[0sec]
INFO	[2019-12-24 17:40:11:153] <14467> ===============================================================
INFO	[2019-12-24 17:44:02:233] <18197> START INIPHP chkfake (V5036-141209)(OS:Linux2.6.18-274.3.1.el5,PHP:5.2.9)
DEBUG	[2019-12-24 17:44:02:233] <18197> inipayhome:/home/ilearning3/www/inipay
DEBUG	[2019-12-24 17:44:02:233] <18197> type:chkfake
DEBUG	[2019-12-24 17:44:02:233] <18197> debug:true
DEBUG	[2019-12-24 17:44:02:233] <18197> enctype:asym
DEBUG	[2019-12-24 17:44:02:233] <18197> admin:1111
DEBUG	[2019-12-24 17:44:02:233] <18197> checkopt:false
DEBUG	[2019-12-24 17:44:02:233] <18197> mid:obmms20151
DEBUG	[2019-12-24 17:44:02:233] <18197> price:11000
DEBUG	[2019-12-24 17:44:02:233] <18197> nointerest:no
DEBUG	[2019-12-24 17:44:02:233] <18197> quotabase:일시불:2개월:3개월:6개월:12개월
INFO	[2019-12-24 17:44:02:233] <18197> Check Field OK
INFO	[2019-12-24 17:44:02:233] <18197> MERCHANT PRIV KEY LOAD OK
INFO	[2019-12-24 17:44:02:233] <18197> MERCHANT PUB KEY LOAD OK []
INFO	[2019-12-24 17:44:02:235] <18197> CHKFAKE KEY MAKE OK:MjAxOTEyMjQxNzQ0MDIyMzM0ODI0NA==

INFO	[2019-12-24 17:44:02:235] <18197> END chkfake  Laptime:[0.01sec]
INFO	[2019-12-24 17:44:02:235] <18197> ===============================================================
