INFO	[2018-08-03 18:22:47:721] <49099> START INIPHP chkfake (V5036-141209)(OS:Linux2.6.32-696.18.7.el6.x86_64,PHP:5.5.17p1)
DEBUG	[2018-08-03 18:22:47:721] <49099> inipayhome:/home/hosting_users/ilearning3/www/inipay
DEBUG	[2018-08-03 18:22:47:721] <49099> type:chkfake
DEBUG	[2018-08-03 18:22:47:721] <49099> debug:true
DEBUG	[2018-08-03 18:22:47:721] <49099> enctype:asym
DEBUG	[2018-08-03 18:22:47:721] <49099> admin:1111
DEBUG	[2018-08-03 18:22:47:721] <49099> checkopt:false
DEBUG	[2018-08-03 18:22:47:721] <49099> mid:obmms20151
DEBUG	[2018-08-03 18:22:47:721] <49099> price:11000
DEBUG	[2018-08-03 18:22:47:721] <49099> nointerest:no
DEBUG	[2018-08-03 18:22:47:721] <49099> quotabase:ÏùºÏãúÎ∂à
INFO	[2018-08-03 18:22:47:721] <49099> Check Field OK
INFO	[2018-08-03 18:22:47:746] <49099> MERCHANT PRIV KEY LOAD OK
INFO	[2018-08-03 18:22:47:758] <49099> MERCHANT PUB KEY LOAD OK []
INFO	[2018-08-03 18:22:47:760] <49099> CHKFAKE KEY MAKE OK:MjAxODA4MDMxODIyNDc3NTg5ODAwMA==

INFO	[2018-08-03 18:22:47:760] <49099> END chkfake  Laptime:[0.039sec]
INFO	[2018-08-03 18:22:47:760] <49099> ===============================================================
INFO	[2018-08-03 18:23:21:417] <63941> START INIPHP chkfake (V5036-141209)(OS:Linux2.6.32-696.18.7.el6.x86_64,PHP:5.5.17p1)
DEBUG	[2018-08-03 18:23:21:417] <63941> inipayhome:/home/hosting_users/ilearning3/www/inipay
DEBUG	[2018-08-03 18:23:21:417] <63941> type:chkfake
DEBUG	[2018-08-03 18:23:21:417] <63941> debug:true
DEBUG	[2018-08-03 18:23:21:417] <63941> enctype:asym
DEBUG	[2018-08-03 18:23:21:417] <63941> admin:1111
DEBUG	[2018-08-03 18:23:21:417] <63941> checkopt:false
DEBUG	[2018-08-03 18:23:21:417] <63941> mid:obmms20151
DEBUG	[2018-08-03 18:23:21:417] <63941> price:11000
DEBUG	[2018-08-03 18:23:21:417] <63941> nointerest:no
DEBUG	[2018-08-03 18:23:21:417] <63941> quotabase:ÏùºÏãúÎ∂à
INFO	[2018-08-03 18:23:21:417] <63941> Check Field OK
INFO	[2018-08-03 18:23:21:417] <63941> MERCHANT PRIV KEY LOAD OK
INFO	[2018-08-03 18:23:21:417] <63941> MERCHANT PUB KEY LOAD OK []
INFO	[2018-08-03 18:23:21:418] <63941> CHKFAKE KEY MAKE OK:MjAxODA4MDMxODIzMjE0MTc1Njg3Nw==

INFO	[2018-08-03 18:23:21:418] <63941> END chkfake  Laptime:[0.001sec]
INFO	[2018-08-03 18:23:21:418] <63941> ===============================================================
INFO	[2018-08-03 18:33:14:337] <46540> START INIPHP securepay (V5036-141209)(OS:Linux2.6.32-696.18.7.el6.x86_64,PHP:5.5.17p1)
DEBUG	[2018-08-03 18:33:14:337] <46540> inipayhome:/home/hosting_users/ilearning3/www/inipay
DEBUG	[2018-08-03 18:33:14:337] <46540> type:securepay
DEBUG	[2018-08-03 18:33:14:337] <46540> pgid:INIphpCARD
DEBUG	[2018-08-03 18:33:14:337] <46540> subpgip:203.238.3.10
DEBUG	[2018-08-03 18:33:14:337] <46540> admin:1111
DEBUG	[2018-08-03 18:33:14:337] <46540> debug:true
DEBUG	[2018-08-03 18:33:14:337] <46540> uid:
DEBUG	[2018-08-03 18:33:14:337] <46540> goodname:ø¬∏Æø¯πÆ¿⁄ - 1∞≥ø˘±‚∞£ 
DEBUG	[2018-08-03 18:33:14:337] <46540> currency:WON
DEBUG	[2018-08-03 18:33:14:337] <46540> mid:obmms20151
DEBUG	[2018-08-03 18:33:14:337] <46540> rn:MjAxODA4MDMxODIzMjE0MTc1Njg3Nw==

DEBUG	[2018-08-03 18:33:14:337] <46540> price:11000
DEBUG	[2018-08-03 18:33:14:337] <46540> enctype:
DEBUG	[2018-08-03 18:33:14:337] <46540> buyername:±Ë¡§»≠
DEBUG	[2018-08-03 18:33:14:337] <46540> buyertel:010-2231-5757
DEBUG	[2018-08-03 18:33:14:337] <46540> buyeremail:try630@hanmail.net
DEBUG	[2018-08-03 18:33:14:337] <46540> paymethod:Card
DEBUG	[2018-08-03 18:33:14:337] <46540> encrypted:Version=4.1&PayMethod=Card&RsaKeyNum=1&EncryptionAlgorithm=SEED-CBC&SignAlgorithm=RSAwithSHA1&CertVer=39&moid=11848_180803062321&ver_trace=main(6109,6065)card(6184,6158)n(6009)Cs(6025)Dt(6002)Pa(6002)Cf(6025)Fv(0000)La(6183)Re(6135)Vr(6008)P(6034)en(6070)nP(6006)&pg1=203.238.37.3&pg2=211.219.96.180&pg1ip=203.238.37.3&pg2ip=211.219.96.180&agreeflag=1111&Data=Me6PDSsDgZta2lTviDMQgKhP9OWTdRf5b1lRE9T0UpBIgwRU+P3C4X9MM8D9uxWt
75YHuyUhZFgbbQVaG4m09MjqxqdgQn1Nd8xWgDsN9hk23zJW1T13WwVYuDx2zyW3
L0dte4COXJDnPr7OJxJwuVfrkt4T9VOJrljGu8wRFXDJjbjb6hUsZExa5EeuwJ7C
q8mZA+/gWSGXixg8Ii8NT3hm+uM6OAA6rZj/Y8VlWvp4I9FL5xZ0R8uXk3HtCb2P
Js4/O/4rjRMcusHfA+W4ylTgH0FuawNcbgaJRGXDvTyLbSd7m1Kjbzd1U+WqWcUh
ZrklGdzBS0StaHJIcKNZMsPc67y85KmzT3rZjaT9nbca0M5qm5T80U6vJTVgUBah
W+gYiCEeo1AKBp8By8L8+GpaZ6h6sUNROLS30wKSClcDU6Qhye2Ypzo6Vu4S87ZJ
xE0IWidqE9A6LnZRDRpxUzKxJ9v+6wksqvhIVAvtK0Orw9ivZhBtH1SyRMw0mdvt
7+/Q4N9Ip+UObMsmbfp+gcAl99zc3bOClq/8DM52k59PzCbbbSsyXx6YG6dNOEHz
i55ubQrLcotfD4Yv8J491FpT2pv9aBw+xLdMDdPIjbIB6krvBZSn8sUBvO5nfbne
2P5fl2lRqSbsLiw+A5nK86lpo6cb8CJnsGnaLj6bYOt+iQT8e46d+zPb171J1kx7
T7RnF2lQEFNyZ742vg9YUuiyf6j1YuNgUu5ZjGlKudy5zbHnve6jK0/y+jM2VNJw
32tFfCXREZnSrAJ3QyU724VA3udx7zxd1K4IPCTR7vV0XgizKEyMbud9cO2fMNuP
qynBAFRjIK5MtWc=
DEBUG	[2018-08-03 18:33:14:337] <46540> sessionkey:iIVAPTw+t16MsVbgKfnoQC4XoH1UltxM0O497w+jg9SQgv5ZM50E7tc6r9CsuSYk
Orb1SlAC8qWBC5ZgMXCrajrEBNywrXSoRLQmOuC1JlG4AsUqJxp6Gi0DKE72PvHO
67g7o1aYOOSQ3KpqluSXCDNcZkKXhpsrxKEcBwI3mg8=
DEBUG	[2018-08-03 18:33:14:337] <46540> url:http://www.obmms.net
DEBUG	[2018-08-03 18:33:14:337] <46540> cardcode:14
DEBUG	[2018-08-03 18:33:14:337] <46540> parentemail:try630@hanmail.net
DEBUG	[2018-08-03 18:33:14:337] <46540> recvname:
DEBUG	[2018-08-03 18:33:14:337] <46540> recvtel:
DEBUG	[2018-08-03 18:33:14:337] <46540> recvaddr:
DEBUG	[2018-08-03 18:33:14:337] <46540> recvpostnum:
DEBUG	[2018-08-03 18:33:14:337] <46540> recvmsg:
DEBUG	[2018-08-03 18:33:14:337] <46540> joincard:
DEBUG	[2018-08-03 18:33:14:337] <46540> joinexpire:
DEBUG	[2018-08-03 18:33:14:337] <46540> id_customer:
INFO	[2018-08-03 18:33:14:337] <46540> Check Field OK
INFO	[2018-08-03 18:33:14:337] <46540> Make TID OK INIphpCARDobmms2015120180803183314373076
INFO	[2018-08-03 18:33:14:337] <46540> PI PUB KEY LOAD OK [39]
INFO	[2018-08-03 18:33:14:338] <46540> PG PUB KEY LOAD OK [30]
INFO	[2018-08-03 18:33:14:338] <46540> MERCHANT PRIV KEY LOAD OK
INFO	[2018-08-03 18:33:14:338] <46540> MERCHANT PUB KEY LOAD OK [0]
INFO	[2018-08-03 18:33:14:339] <46540> MAKE BODY OK
INFO	[2018-08-03 18:33:14:339] <46540> SIGN OK
INFO	[2018-08-03 18:33:14:339] <46540> MAKE HEAD OK
INFO	[2018-08-03 18:33:14:339] <46540> MSG_TO_PG:[0297000175R SHA1                   0                  39                  300200obmms20151               11000INIphpCARDobmms2015120180803183314373076<?xml version="1.0" encoding="UTF-8"?>
<INIpay>
	  <GoodsInfo>
	    <GoodsCnt>1</GoodsCnt>
	    <MOID/>
	    <Currency>WON</Currency>
	    <Tax/>
	    <TaxFree/>
	    <Goods>
	      <SMID>obmms20151</SMID>
	      <GoodsName urlencode="1">%BF%C2%B8%AE%BF%F8%B9%AE%C0%DA+-+1%B0%B3%BF%F9%B1%E2%B0%A3+</GoodsName>
	      <GoodsPrice>11000</GoodsPrice></Goods></GoodsInfo>
	  <BuyerInfo>
	    <BuyerName urlencode="1">%B1%E8%C1%A4%C8%AD</BuyerName>
	    <BuyerTel>010-2231-5757</BuyerTel>
	    <BuyerEmail urlencode="1">try630%40hanmail.net</BuyerEmail>
	    <ParentEmail urlencode="1">try630%40hanmail.net</ParentEmail>
	    <RecvName/>
	    <RecvTel/>
	    <RecvMsg/>
	    <RecvAddr/>
	    <RecvPostNum/></BuyerInfo>
	  <PaymentInfo>
	    <Payment>
	      <PayMethod>Card</PayMethod>
	      <JoinCard/>
	      <JoinExpire/>
	      <MailOrder/>
	      <SessionKey>iIVAPTw+t16MsVbgKfnoQC4XoH1UltxM0O497w+jg9SQgv5ZM50E7tc6r9CsuSYk
Orb1SlAC8qWBC5ZgMXCrajrEBNywrXSoRLQmOuC1JlG4AsUqJxp6Gi0DKE72PvHO
67g7o1aYOOSQ3KpqluSXCDNcZkKXhpsrxKEcBwI3mg8=</SessionKey>
	      <Encrypted urlencode="1">Version%3D4.1%26PayMethod%3DCard%26RsaKeyNum%3D1%26EncryptionAlgorithm%3DSEED-CBC%26SignAlgorithm%3DRSAwithSHA1%26CertVer%3D39%26moid%3D11848_180803062321%26ver_trace%3Dmain%286109%2C6065%29card%286184%2C6158%29n%286009%29Cs%286025%29Dt%286002%29Pa%286002%29Cf%286025%29Fv%280000%29La%286183%29Re%286135%29Vr%286008%29P%286034%29en%286070%29nP%286006%29%26pg1%3D203.238.37.3%26pg2%3D211.219.96.180%26pg1ip%3D203.238.37.3%26pg2ip%3D211.219.96.180%26agreeflag%3D1111%26Data%3DMe6PDSsDgZta2lTviDMQgKhP9OWTdRf5b1lRE9T0UpBIgwRU%2BP3C4X9MM8D9uxWt%0D%0A75YHuyUhZFgbbQVaG4m09MjqxqdgQn1Nd8xWgDsN9hk23zJW1T13WwVYuDx2zyW3%0D%0AL0dte4COXJDnPr7OJxJwuVfrkt4T9VOJrljGu8wRFXDJjbjb6hUsZExa5EeuwJ7C%0D%0Aq8mZA%2B%2FgWSGXixg8Ii8NT3hm%2BuM6OAA6rZj%2FY8VlWvp4I9FL5xZ0R8uXk3HtCb2P%0D%0AJs4%2FO%2F4rjRMcusHfA%2BW4ylTgH0FuawNcbgaJRGXDvTyLbSd7m1Kjbzd1U%2BWqWcUh%0D%0AZrklGdzBS0StaHJIcKNZMsPc67y85KmzT3rZjaT9nbca0M5qm5T80U6vJTVgUBah%0D%0AW%2BgYiCEeo1AKBp8By8L8%2BGpaZ6h6sUNROLS30wKSClcDU6Qhye2Ypzo6Vu4S87ZJ%0D%0AxE0IWidqE9A6LnZRDRpxUzKxJ9v%2B6wksqvhIVAvtK0Orw9ivZhBtH1SyRMw0mdvt%0D%0A7%2B%2FQ4N9Ip%2BUObMsmbfp%2BgcAl99zc3bOClq%2F8DM52k59PzCbbbSsyXx6YG6dNOEHz%0D%0Ai55ubQrLcotfD4Yv8J491FpT2pv9aBw%2BxLdMDdPIjbIB6krvBZSn8sUBvO5nfbne%0D%0A2P5fl2lRqSbsLiw%2BA5nK86lpo6cb8CJnsGnaLj6bYOt%2BiQT8e46d%2BzPb171J1kx7%0D%0AT7RnF2lQEFNyZ742vg9YUuiyf6j1YuNgUu5ZjGlKudy5zbHnve6jK0%2Fy%2BjM2VNJw%0D%0A32tFfCXREZnSrAJ3QyU724VA3udx7zxd1K4IPCTR7vV0XgizKEyMbud9cO2fMNuP%0D%0AqynBAFRjIK5MtWc%3D</Encrypted></Payment></PaymentInfo>
	  <ReservedInfo>
	    <MReserved1/>
	    <MReserved2/>
	    <MReserved3/></ReservedInfo>
	  <ManageInfo>
	    <Language/>
	    <URL urlencode="1">http%3A%2F%2Fwww.obmms.net</URL>
	    <TXVersion>5036B141209securLinux     PHPchkfake   2.6.32-696.18.7.el6.x86_64PHP:</TXVersion>
	    <TXUserID/>
	    <TXRegNum/>
	    <Ack>1</Ack>
	    <TXRN>MjAxODA4MDMxODIzMjE0MTc1Njg3Nw==
</TXRN></ManageInfo></INIpay>ARdj+y87ON/oUe0975U1ihshX+wduMyZkQd+3yZOI1970NYLw18ChUOVwkH3wSr2
ssi8itZBlBsl4Y1K9mFPiEoB5OQerXLD93rceoIw2CDnhQGEORhvO4Ls43df92fs
ruNi2YK9Nfiq4bI3MuBLGd6ijafA3NjQro6mU8OFQzm0
]
INFO	[2018-08-03 18:33:14:352] <46540> DNS LOOKUP OK(203.238.37.3:203.238.37.3:34049) laptime:0
INFO	[2018-08-03 18:33:14:353] <46540> SOCKET CONNECT OK
INFO	[2018-08-03 18:33:14:353] <46540> SEND OK
INFO	[2018-08-03 18:33:15:431] <46540> RECV OK
INFO	[2018-08-03 18:33:15:431] <46540> MSG_FROM_PG:[0314400175D SHA1                   0                  39                  300210obmms20151               11000INIphpCARDobmms2015120180803183314373076<?xml version="1.0" encoding="UTF-8"?>
<INIpay>
  <GoodsInfo>
    <GoodsCnt>1</GoodsCnt>
    <MOID urlencode="1">11848_180803062321</MOID>
    <Currency>WON</Currency>
    <Goods no="1">
      <SMID>obmms20151</SMID>
      <GoodsName urlencode="1">%BF%C2%B8%AE%BF%F8%B9%AE%C0%DA+-+1%B0%B3%BF%F9%B1%E2%B0%A3+</GoodsName>
      <GoodsCntS>1</GoodsCntS>
      <GoodsPrice>11000</GoodsPrice>
    </Goods>
  </GoodsInfo>
  <PaymentInfo>
    <Payment>
      <SessionKey>AOiFmoe02fRFairobgldF0RIAE1zj2y25dpMoMZ/CyHajLYRd+MRRcsbhEo8loET
go8oIV6Oi2JIbAcWtwetm8rSV0ExYDFJZfCv/GqwZeBNC84nsBbslzkQGXgMSWjf
O6PW+5sjOFfbGqtNn/KAh+1j28RmgcczcG8QlN8JmRX/0RdVE/bDotA=
</SessionKey>
      <Encrypted>vt/ZMI53SYHbh6g73mzMFbqP0p2sle0yjjua0jgZGKzI7INjEDYccwkp3DI/3Y4W
dODu6pB/aFWIiyzdf1lb4PAt+vd3rjdOv2rLpO68sJ5NPClfu/7qfH5l+Iz1rJEP
moM894VdGBCLk+zdrtDPc0hob0MV7tCu2TkyEAEnB2/wGkJSVWargxE06C9Cy872
lzz1kIflJr3G+J1cVA7Y1dUwJKD5a4qdx5b+5vDaLQJRNg+f6XrAqIafhSnIbt6x
ayeijtXq0Xafyg13TmtTJeiqlQ0O+N5Q45679n8HybBmMK5/2KIePhvgZfCqXEHh
aSXsdK4Pj8L7BAeJxUCWXRFwkM+hmD/r3mv8QIBXkWrgWTxkb8s1L4HjHrdZE811
O5MAUDmTlL0L2AHpyTcUqaH/huHRyKMMh/HtL+B6V+aXwTtESDS99NWoEmsywvnl
QOqQA3aqfQVhbuLeNizBgrLVrH73lthTf3B4hu8EjC1uo9zJxttId+9bRkSY3RBD
W/LM6Lx/IWbgNLiX9pOLgU3mkde80D+POLeapAUOFDumMBnqQck8KIebWup5/f12
o5/fJLEkfmk8FwHrQOsklGKxI5Blo+RF7ZY5qx8f6TooGb62TNOqYy4CDewZBLvZ
4Z8IQp4SEnwlHk0uv3qnejPJ90tU2PVRQ0hKU/0YkzZHYYxHVzuDCRVibTtdxOgJ
90ck12EPUJzTN+5nDiLBL014TTVSVBC5nEibgEnnuz1TQj07p/n7P22j0PChm5xE
+GWLX1b5jHK75K+pqer+xHErU7SxaKCwjIMIVxzW6H33tpXlyCX1oDFnUwi/2m4S
MHtIdOeYQHJTc93OwPgI3B3QvWTkp5n468NFulD0TJL3vjmo0lv8M1BvNgjSYMMR
Q8YaYWhj63BJ0/a7Z2MjNz7UQ7Xzlcz7aecMwbFBhKYySd72UNJVj7eX7U3FOev4
yJ2Sb8Y/TBJhHDDpyTpm/ncsph06f8qWakGCfrJCVy1xr5H8sUuoBp5WvxxhnjrH
4ZBhTd9fwUfQktOtm4jJxR9OvSdVSTU9YH6vMtbT92FhwEy/kaMa1/npmYozo6Pd
5Fgfuc2EbSoHwSXMfdAjQrX7uJ485pBnj1Y++4oT3dRsohH3kcqF9upmJpKu4QHe
rrOx5rkNu4N5s5Me6a/P+8OXMKvQPjbtWlXC0RzWN7W+kwVaXxmqa2R2zC4zBVf7
2mv1NFpwsPVD9S/zR9/IOOSSW/qTyahSntJXlaZOFh2onk/IfYJ1PG6J6IOmQzqc
fhYyAZX1K07/DsTVvpEJgWLlsem2YOaZRRMLwDkhm9VmtmdrX0AXDhiJRNQe3/F0
mpnb2sNnzkJVG500PJSSKdFoja0aWVjMOh712nLeDmw/sas+od7fR7GB4dr2UJ4P
HEPb3XSKlI/I/9TejFXm5Eu8imvk9LfEw3m5wn1oDr26M/ixc1K3IFAmN9f264CM
GU0MJfKFQcjIYFGfBGg4JF84xWWz6oGFDH/fpC6yMXiFHJxXTbbBHmOh5R27EnmM
zoBV02ycQRj6nt0SpUroUHe9x4DirYGF9muhVo7adjpv/fytujUzzPUEUzxrUbyq
g8C77FHw53L9jCGfXmAXfhJMM/WrqDO9+r6s1arlpkWdG8aFVwz/xcRbmh0GE4ul
UlQIZzvOiEOqFavQSJNN8pkzjG6yKb+9TfAGbQCiAyQJD9G0TUhhdCusVAhC+FSo
LGn2I8yZZz5hQ6IELz8uBg==
</Encrypted>
      <PayMethod>Card</PayMethod>
      <ResultCode>120000</ResultCode>
      <ResultMsg urlencode="1">%C1%A4%BB%F3%C3%B3%B8%AE%B5%C7%BE%FA%BD%C0%B4%CF%B4%D9.</ResultMsg>
    </Payment>
  </PaymentInfo>
  <ManageInfo>
    <EventCode></EventCode>
    <OrgCurrency></OrgCurrency>
    <ExchangeRate></ExchangeRate>
    <OrgPrice></OrgPrice>
  </ManageInfo>
  <ReservedInfo>
    <MReserved1 urlencode="1"></MReserved1>
    <MReserved2 urlencode="1"></MReserved2>
    <MReserved3 urlencode="1"></MReserved3>
    <PGReserved1 urlencode="1"></PGReserved1>
    <PGReserved2 urlencode="1"></PGReserved2>
    <PGReserved3 urlencode="1"></PGReserved3>
  </ReservedInfo>
</INIpay>
bYI9wIeE2yRpdqjhkvtDO5MxDiCidpfBhb8KDexlUGqWltkGWtctIFDMYICz9OMe
0+y3nNSlQRKlt+f9PD4Ob3sp2SMOh9rYRl2h52g/xQC+Sgg1nG7NhPiQJ5E9Tsg0
WKU3XgcwZ7ZPeQJyymsfR91cdXRhmK4pl5+Dhg4CTi8=
]
INFO	[2018-08-03 18:33:15:431] <46540> VERIFY OK
INFO	[2018-08-03 18:33:15:431] <46540> PARSE HEAD OK
INFO	[2018-08-03 18:33:15:432] <46540> PARSE BODY OK
INFO	[2018-08-03 18:33:15:675] <46540> DECRYPT OK
DEBUG	[2018-08-03 18:33:15:675] <46540> DECRYPT MSG:[<?xml version="1.0" encoding="UTF-8"?>
<PaymentInfo>
  <Payment>
    <EASYPAY/>
    <Card>
      <CARD_ApplPrice>11000</CARD_ApplPrice>
      <CARD_Num>510737761827</CARD_Num>
      <CARD_Expire></CARD_Expire>
      <CARD_Code>14</CARD_Code>
      <CARD_BankCode>26</CARD_BankCode>
      <CARD_Quota>00</CARD_Quota>
      <CARD_Interest>0</CARD_Interest>
      <CARD_Point></CARD_Point>
      <CARD_AuthType>99</CARD_AuthType>
      <CARD_RegNum></CARD_RegNum>
      <CARD_ApplDate>20180803</CARD_ApplDate>
      <CARD_ApplTime>183315</CARD_ApplTime>
      <CARD_ApplNum>38503137</CARD_ApplNum>
      <CARD_TerminalNum>019048y000</CARD_TerminalNum>
      <CARD_MemberNum></CARD_MemberNum>
      <CARD_PurchaseCode></CARD_PurchaseCode>
      <CARD_ResultCode>120000</CARD_ResultCode>
      <CARD_ResultMsg urlencode="1">%C1%A4%BB%F3%C3%B3%B8%AE%B5%C7%BE%FA%BD%C0%B4%CF%B4%D9.</CARD_ResultMsg>
      <CARD_PrtcCode>1</CARD_PrtcCode>
      <CARD_Quota_Point>00</CARD_Quota_Point>
      <CARD_CheckFlag>1</CARD_CheckFlag>
      <CARD_PurchaseName urlencode="1"></CARD_PurchaseName>
      <CARD_IssuerName urlencode="1"></CARD_IssuerName>
      <CARD_JoinUsePoint></CARD_JoinUsePoint>
      <CARD_UsePoint></CARD_UsePoint>
      <CARD_CouponOnlyMer></CARD_CouponOnlyMer>
    </Card>
  </Payment>
</PaymentInfo>]
INFO	[2018-08-03 18:33:15:676] <46540> DECRYPT PARSE OK
INFO	[2018-08-03 18:33:15:676] <46540> WAIT ACK INVOKING
DEBUG	[2018-08-03 18:33:15:676] <46540> MAKE HEAD OK
INFO	[2018-08-03 18:33:15:678] <46540> SUCCESS ACK INVOKING
INFO	[2018-08-03 18:33:15:678] <46540> END securepay ¡§ªÛ√≥∏Æµ«æ˙Ω¿¥œ¥Ÿ. Laptime:[1.341sec]
INFO	[2018-08-03 18:33:15:678] <46540> ===============================================================
