INFO	[2019-01-11 17:20:33:352] <18621> START INIPHP chkfake (V5036-141209)(OS:Linux3.10.0-862.11.6.el7.x86_64,PHP:5.5.17p1)
DEBUG	[2019-01-11 17:20:33:352] <18621> inipayhome:/home/hosting_users/ilearning3/www/inipay
DEBUG	[2019-01-11 17:20:33:352] <18621> type:chkfake
DEBUG	[2019-01-11 17:20:33:352] <18621> debug:true
DEBUG	[2019-01-11 17:20:33:352] <18621> enctype:asym
DEBUG	[2019-01-11 17:20:33:352] <18621> admin:1111
DEBUG	[2019-01-11 17:20:33:352] <18621> checkopt:false
DEBUG	[2019-01-11 17:20:33:352] <18621> mid:
DEBUG	[2019-01-11 17:20:33:352] <18621> price:
DEBUG	[2019-01-11 17:20:33:352] <18621> nointerest:no
DEBUG	[2019-01-11 17:20:33:352] <18621> quotabase:ÏùºÏãúÎ∂à
ERROR	[2019-01-11 17:20:33:357] <18621> « ºˆ«◊∏Ò(mid)¿Ã ¥©∂Ùµ«æ˙Ω¿¥œ¥Ÿ.
INFO	[2019-01-11 17:20:33:358] <18621> END chkfake [TX9202|« ºˆ«◊∏Ò(mid)¿Ã ¥©∂Ùµ«æ˙Ω¿¥œ¥Ÿ.] Laptime:[0.006sec]
INFO	[2019-01-11 17:20:33:358] <18621> ===============================================================
INFO	[2019-01-11 17:21:07:928] <55814> START INIPHP chkfake (V5036-141209)(OS:Linux3.10.0-862.11.6.el7.x86_64,PHP:5.5.17p1)
DEBUG	[2019-01-11 17:21:07:928] <55814> inipayhome:/home/hosting_users/ilearning3/www/inipay
DEBUG	[2019-01-11 17:21:07:928] <55814> type:chkfake
DEBUG	[2019-01-11 17:21:07:928] <55814> debug:true
DEBUG	[2019-01-11 17:21:07:928] <55814> enctype:asym
DEBUG	[2019-01-11 17:21:07:928] <55814> admin:1111
DEBUG	[2019-01-11 17:21:07:928] <55814> checkopt:false
DEBUG	[2019-01-11 17:21:07:928] <55814> mid:
DEBUG	[2019-01-11 17:21:07:928] <55814> price:
DEBUG	[2019-01-11 17:21:07:928] <55814> nointerest:no
DEBUG	[2019-01-11 17:21:07:928] <55814> quotabase:ÏùºÏãúÎ∂à
ERROR	[2019-01-11 17:21:07:930] <55814> « ºˆ«◊∏Ò(mid)¿Ã ¥©∂Ùµ«æ˙Ω¿¥œ¥Ÿ.
INFO	[2019-01-11 17:21:07:930] <55814> END chkfake [TX9202|« ºˆ«◊∏Ò(mid)¿Ã ¥©∂Ùµ«æ˙Ω¿¥œ¥Ÿ.] Laptime:[0.002sec]
INFO	[2019-01-11 17:21:07:930] <55814> ===============================================================
