INFO	[2018-06-27 09:55:20:341] <83495> START INIPHP chkfake (V5036-141209)(OS:Linux2.6.32-696.18.7.el6.x86_64,PHP:5.5.17p1)
DEBUG	[2018-06-27 09:55:20:341] <83495> inipayhome:/home/hosting_users/ilearning3/www/inipay
DEBUG	[2018-06-27 09:55:20:341] <83495> type:chkfake
DEBUG	[2018-06-27 09:55:20:341] <83495> debug:true
DEBUG	[2018-06-27 09:55:20:341] <83495> enctype:asym
DEBUG	[2018-06-27 09:55:20:341] <83495> admin:1111
DEBUG	[2018-06-27 09:55:20:341] <83495> checkopt:false
DEBUG	[2018-06-27 09:55:20:341] <83495> mid:obmms20151
DEBUG	[2018-06-27 09:55:20:341] <83495> price:11000
DEBUG	[2018-06-27 09:55:20:341] <83495> nointerest:no
DEBUG	[2018-06-27 09:55:20:341] <83495> quotabase:ÏÑ†ÌÉù:ÏùºÏãúÎ∂à:2Í∞úÏõî:3Í∞úÏõî:6Í∞úÏõî
INFO	[2018-06-27 09:55:20:341] <83495> Check Field OK
INFO	[2018-06-27 09:55:20:436] <83495> MERCHANT PRIV KEY LOAD OK
INFO	[2018-06-27 09:55:20:440] <83495> MERCHANT PUB KEY LOAD OK []
INFO	[2018-06-27 09:55:20:443] <83495> CHKFAKE KEY MAKE OK:MjAxODA2MjcwOTU1MjA0NDAxODE5Nw==

INFO	[2018-06-27 09:55:20:443] <83495> END chkfake  Laptime:[0.102sec]
INFO	[2018-06-27 09:55:20:443] <83495> ===============================================================
INFO	[2018-06-27 09:55:47:457] <82808> START INIPHP chkfake (V5036-141209)(OS:Linux2.6.32-696.18.7.el6.x86_64,PHP:5.5.17p1)
DEBUG	[2018-06-27 09:55:47:457] <82808> inipayhome:/home/hosting_users/ilearning3/www/inipay
DEBUG	[2018-06-27 09:55:47:457] <82808> type:chkfake
DEBUG	[2018-06-27 09:55:47:457] <82808> debug:true
DEBUG	[2018-06-27 09:55:47:457] <82808> enctype:asym
DEBUG	[2018-06-27 09:55:47:457] <82808> admin:1111
DEBUG	[2018-06-27 09:55:47:457] <82808> checkopt:false
DEBUG	[2018-06-27 09:55:47:457] <82808> mid:obmms20151
DEBUG	[2018-06-27 09:55:47:457] <82808> price:11000
DEBUG	[2018-06-27 09:55:47:457] <82808> nointerest:no
DEBUG	[2018-06-27 09:55:47:457] <82808> quotabase:ÏÑ†ÌÉù:ÏùºÏãúÎ∂à:2Í∞úÏõî:3Í∞úÏõî:6Í∞úÏõî
INFO	[2018-06-27 09:55:47:457] <82808> Check Field OK
INFO	[2018-06-27 09:55:47:457] <82808> MERCHANT PRIV KEY LOAD OK
INFO	[2018-06-27 09:55:47:457] <82808> MERCHANT PUB KEY LOAD OK []
INFO	[2018-06-27 09:55:47:458] <82808> CHKFAKE KEY MAKE OK:MjAxODA2MjcwOTU1NDc0NTczMTU2MA==

INFO	[2018-06-27 09:55:47:458] <82808> END chkfake  Laptime:[0.001sec]
INFO	[2018-06-27 09:55:47:458] <82808> ===============================================================
INFO	[2018-06-27 09:57:21:260] <82205> START INIPHP chkfake (V5036-141209)(OS:Linux2.6.32-696.18.7.el6.x86_64,PHP:5.5.17p1)
DEBUG	[2018-06-27 09:57:21:260] <82205> inipayhome:/home/hosting_users/ilearning3/www/inipay
DEBUG	[2018-06-27 09:57:21:260] <82205> type:chkfake
DEBUG	[2018-06-27 09:57:21:260] <82205> debug:true
DEBUG	[2018-06-27 09:57:21:260] <82205> enctype:asym
DEBUG	[2018-06-27 09:57:21:260] <82205> admin:1111
DEBUG	[2018-06-27 09:57:21:260] <82205> checkopt:false
DEBUG	[2018-06-27 09:57:21:260] <82205> mid:obmms20151
DEBUG	[2018-06-27 09:57:21:260] <82205> price:550000
DEBUG	[2018-06-27 09:57:21:260] <82205> nointerest:no
DEBUG	[2018-06-27 09:57:21:260] <82205> quotabase:ÏÑ†ÌÉù:ÏùºÏãúÎ∂à:2Í∞úÏõî:3Í∞úÏõî:6Í∞úÏõî
INFO	[2018-06-27 09:57:21:260] <82205> Check Field OK
INFO	[2018-06-27 09:57:21:260] <82205> MERCHANT PRIV KEY LOAD OK
INFO	[2018-06-27 09:57:21:261] <82205> MERCHANT PUB KEY LOAD OK []
INFO	[2018-06-27 09:57:21:261] <82205> CHKFAKE KEY MAKE OK:MjAxODA2MjcwOTU3MjEyNjE2MTA4Mw==

INFO	[2018-06-27 09:57:21:261] <82205> END chkfake  Laptime:[0.001sec]
INFO	[2018-06-27 09:57:21:261] <82205> ===============================================================
INFO	[2018-06-27 10:01:06:134] <82243> START INIPHP chkfake (V5036-141209)(OS:Linux2.6.32-696.18.7.el6.x86_64,PHP:5.5.17p1)
DEBUG	[2018-06-27 10:01:06:134] <82243> inipayhome:/home/hosting_users/ilearning3/www/inipay
DEBUG	[2018-06-27 10:01:06:134] <82243> type:chkfake
DEBUG	[2018-06-27 10:01:06:134] <82243> debug:true
DEBUG	[2018-06-27 10:01:06:134] <82243> enctype:asym
DEBUG	[2018-06-27 10:01:06:134] <82243> admin:1111
DEBUG	[2018-06-27 10:01:06:134] <82243> checkopt:false
DEBUG	[2018-06-27 10:01:06:134] <82243> mid:obmms20151
DEBUG	[2018-06-27 10:01:06:134] <82243> price:550000
DEBUG	[2018-06-27 10:01:06:134] <82243> nointerest:no
DEBUG	[2018-06-27 10:01:06:134] <82243> quotabase:0:2:3:6
INFO	[2018-06-27 10:01:06:134] <82243> Check Field OK
INFO	[2018-06-27 10:01:06:134] <82243> MERCHANT PRIV KEY LOAD OK
INFO	[2018-06-27 10:01:06:135] <82243> MERCHANT PUB KEY LOAD OK []
INFO	[2018-06-27 10:01:06:135] <82243> CHKFAKE KEY MAKE OK:MjAxODA2MjcxMDAxMDYxMzUxODkwOA==

INFO	[2018-06-27 10:01:06:135] <82243> END chkfake  Laptime:[0.001sec]
INFO	[2018-06-27 10:01:06:135] <82243> ===============================================================
INFO	[2018-06-27 10:15:35:22] <66765> START INIPHP chkfake (V5036-141209)(OS:Linux2.6.32-696.18.7.el6.x86_64,PHP:5.5.17p1)
DEBUG	[2018-06-27 10:15:35:22] <66765> inipayhome:/home/hosting_users/ilearning3/www/inipay
DEBUG	[2018-06-27 10:15:35:22] <66765> type:chkfake
DEBUG	[2018-06-27 10:15:35:22] <66765> debug:true
DEBUG	[2018-06-27 10:15:35:22] <66765> enctype:asym
DEBUG	[2018-06-27 10:15:35:22] <66765> admin:1111
DEBUG	[2018-06-27 10:15:35:22] <66765> checkopt:false
DEBUG	[2018-06-27 10:15:35:22] <66765> mid:obmms20151
DEBUG	[2018-06-27 10:15:35:22] <66765> price:550000
DEBUG	[2018-06-27 10:15:35:22] <66765> nointerest:no
DEBUG	[2018-06-27 10:15:35:22] <66765> quotabase:0:2:3:6
INFO	[2018-06-27 10:15:35:22] <66765> Check Field OK
INFO	[2018-06-27 10:15:35:23] <66765> MERCHANT PRIV KEY LOAD OK
INFO	[2018-06-27 10:15:35:23] <66765> MERCHANT PUB KEY LOAD OK []
INFO	[2018-06-27 10:15:35:23] <66765> CHKFAKE KEY MAKE OK:MjAxODA2MjcxMDE1MzUwMjM2MDIwMg==

INFO	[2018-06-27 10:15:35:23] <66765> END chkfake  Laptime:[0.001sec]
INFO	[2018-06-27 10:15:35:23] <66765> ===============================================================
INFO	[2018-06-27 10:18:08:706] <64676> START INIPHP chkfake (V5036-141209)(OS:Linux2.6.32-696.18.7.el6.x86_64,PHP:5.5.17p1)
DEBUG	[2018-06-27 10:18:08:706] <64676> inipayhome:/home/hosting_users/ilearning3/www/inipay
DEBUG	[2018-06-27 10:18:08:706] <64676> type:chkfake
DEBUG	[2018-06-27 10:18:08:706] <64676> debug:true
DEBUG	[2018-06-27 10:18:08:706] <64676> enctype:asym
DEBUG	[2018-06-27 10:18:08:706] <64676> admin:1111
DEBUG	[2018-06-27 10:18:08:706] <64676> checkopt:false
DEBUG	[2018-06-27 10:18:08:706] <64676> mid:obmms20151
DEBUG	[2018-06-27 10:18:08:706] <64676> price:550000
DEBUG	[2018-06-27 10:18:08:706] <64676> nointerest:no
DEBUG	[2018-06-27 10:18:08:706] <64676> quotabase:0:2:3:6
INFO	[2018-06-27 10:18:08:706] <64676> Check Field OK
INFO	[2018-06-27 10:18:08:706] <64676> MERCHANT PRIV KEY LOAD OK
INFO	[2018-06-27 10:18:08:706] <64676> MERCHANT PUB KEY LOAD OK []
INFO	[2018-06-27 10:18:08:707] <64676> CHKFAKE KEY MAKE OK:MjAxODA2MjcxMDE4MDg3MDY3MDc5OA==

INFO	[2018-06-27 10:18:08:707] <64676> END chkfake  Laptime:[0.001sec]
INFO	[2018-06-27 10:18:08:707] <64676> ===============================================================
INFO	[2018-06-27 10:18:51:278] <65176> START INIPHP chkfake (V5036-141209)(OS:Linux2.6.32-696.18.7.el6.x86_64,PHP:5.5.17p1)
DEBUG	[2018-06-27 10:18:51:278] <65176> inipayhome:/home/hosting_users/ilearning3/www/inipay
DEBUG	[2018-06-27 10:18:51:278] <65176> type:chkfake
DEBUG	[2018-06-27 10:18:51:278] <65176> debug:true
DEBUG	[2018-06-27 10:18:51:278] <65176> enctype:asym
DEBUG	[2018-06-27 10:18:51:278] <65176> admin:1111
DEBUG	[2018-06-27 10:18:51:278] <65176> checkopt:false
DEBUG	[2018-06-27 10:18:51:278] <65176> mid:obmms20151
DEBUG	[2018-06-27 10:18:51:278] <65176> price:550000
DEBUG	[2018-06-27 10:18:51:278] <65176> nointerest:no
DEBUG	[2018-06-27 10:18:51:278] <65176> quotabase:0:1:2:3:6
INFO	[2018-06-27 10:18:51:278] <65176> Check Field OK
INFO	[2018-06-27 10:18:51:278] <65176> MERCHANT PRIV KEY LOAD OK
INFO	[2018-06-27 10:18:51:279] <65176> MERCHANT PUB KEY LOAD OK []
INFO	[2018-06-27 10:18:51:279] <65176> CHKFAKE KEY MAKE OK:MjAxODA2MjcxMDE4NTEyNzk0OTYzNA==

INFO	[2018-06-27 10:18:51:279] <65176> END chkfake  Laptime:[0.001sec]
INFO	[2018-06-27 10:18:51:279] <65176> ===============================================================
INFO	[2018-06-27 10:20:56:23] <66198> START INIPHP chkfake (V5036-141209)(OS:Linux2.6.32-696.18.7.el6.x86_64,PHP:5.5.17p1)
DEBUG	[2018-06-27 10:20:56:23] <66198> inipayhome:/home/hosting_users/ilearning3/www/inipay
DEBUG	[2018-06-27 10:20:56:23] <66198> type:chkfake
DEBUG	[2018-06-27 10:20:56:23] <66198> debug:true
DEBUG	[2018-06-27 10:20:56:23] <66198> enctype:asym
DEBUG	[2018-06-27 10:20:56:23] <66198> admin:1111
DEBUG	[2018-06-27 10:20:56:23] <66198> checkopt:false
DEBUG	[2018-06-27 10:20:56:23] <66198> mid:obmms20151
DEBUG	[2018-06-27 10:20:56:23] <66198> price:550000
DEBUG	[2018-06-27 10:20:56:23] <66198> nointerest:no
DEBUG	[2018-06-27 10:20:56:23] <66198> quotabase:1:2:3:6:0
INFO	[2018-06-27 10:20:56:23] <66198> Check Field OK
INFO	[2018-06-27 10:20:56:23] <66198> MERCHANT PRIV KEY LOAD OK
INFO	[2018-06-27 10:20:56:23] <66198> MERCHANT PUB KEY LOAD OK []
INFO	[2018-06-27 10:20:56:24] <66198> CHKFAKE KEY MAKE OK:MjAxODA2MjcxMDIwNTYwMjQ2OTcxMA==

INFO	[2018-06-27 10:20:56:24] <66198> END chkfake  Laptime:[0.001sec]
INFO	[2018-06-27 10:20:56:24] <66198> ===============================================================
INFO	[2018-06-27 10:21:15:273] <66739> START INIPHP chkfake (V5036-141209)(OS:Linux2.6.32-696.18.7.el6.x86_64,PHP:5.5.17p1)
DEBUG	[2018-06-27 10:21:15:273] <66739> inipayhome:/home/hosting_users/ilearning3/www/inipay
DEBUG	[2018-06-27 10:21:15:273] <66739> type:chkfake
DEBUG	[2018-06-27 10:21:15:273] <66739> debug:true
DEBUG	[2018-06-27 10:21:15:273] <66739> enctype:asym
DEBUG	[2018-06-27 10:21:15:273] <66739> admin:1111
DEBUG	[2018-06-27 10:21:15:273] <66739> checkopt:false
DEBUG	[2018-06-27 10:21:15:273] <66739> mid:obmms20151
DEBUG	[2018-06-27 10:21:15:273] <66739> price:550000
DEBUG	[2018-06-27 10:21:15:273] <66739> nointerest:no
DEBUG	[2018-06-27 10:21:15:273] <66739> quotabase:1:2:3:6:0
INFO	[2018-06-27 10:21:15:273] <66739> Check Field OK
INFO	[2018-06-27 10:21:15:273] <66739> MERCHANT PRIV KEY LOAD OK
INFO	[2018-06-27 10:21:15:273] <66739> MERCHANT PUB KEY LOAD OK []
INFO	[2018-06-27 10:21:15:274] <66739> CHKFAKE KEY MAKE OK:MjAxODA2MjcxMDIxMTUyNzM5MjI3NA==

INFO	[2018-06-27 10:21:15:274] <66739> END chkfake  Laptime:[0.001sec]
INFO	[2018-06-27 10:21:15:274] <66739> ===============================================================
INFO	[2018-06-27 10:22:58:646] <65042> START INIPHP chkfake (V5036-141209)(OS:Linux2.6.32-696.18.7.el6.x86_64,PHP:5.5.17p1)
DEBUG	[2018-06-27 10:22:58:646] <65042> inipayhome:/home/hosting_users/ilearning3/www/inipay
DEBUG	[2018-06-27 10:22:58:646] <65042> type:chkfake
DEBUG	[2018-06-27 10:22:58:646] <65042> debug:true
DEBUG	[2018-06-27 10:22:58:646] <65042> enctype:asym
DEBUG	[2018-06-27 10:22:58:646] <65042> admin:1111
DEBUG	[2018-06-27 10:22:58:646] <65042> checkopt:false
DEBUG	[2018-06-27 10:22:58:646] <65042> mid:obmms20151
DEBUG	[2018-06-27 10:22:58:646] <65042> price:550000
DEBUG	[2018-06-27 10:22:58:646] <65042> nointerest:no
DEBUG	[2018-06-27 10:22:58:646] <65042> quotabase:2:3:6
INFO	[2018-06-27 10:22:58:646] <65042> Check Field OK
INFO	[2018-06-27 10:22:58:646] <65042> MERCHANT PRIV KEY LOAD OK
INFO	[2018-06-27 10:22:58:647] <65042> MERCHANT PUB KEY LOAD OK []
INFO	[2018-06-27 10:22:58:647] <65042> CHKFAKE KEY MAKE OK:MjAxODA2MjcxMDIyNTg2NDc5NzA4Mw==

INFO	[2018-06-27 10:22:58:647] <65042> END chkfake  Laptime:[0.001sec]
INFO	[2018-06-27 10:22:58:647] <65042> ===============================================================
INFO	[2018-06-27 10:23:58:148] <66197> START INIPHP chkfake (V5036-141209)(OS:Linux2.6.32-696.18.7.el6.x86_64,PHP:5.5.17p1)
DEBUG	[2018-06-27 10:23:58:148] <66197> inipayhome:/home/hosting_users/ilearning3/www/inipay
DEBUG	[2018-06-27 10:23:58:148] <66197> type:chkfake
DEBUG	[2018-06-27 10:23:58:148] <66197> debug:true
DEBUG	[2018-06-27 10:23:58:148] <66197> enctype:asym
DEBUG	[2018-06-27 10:23:58:148] <66197> admin:1111
DEBUG	[2018-06-27 10:23:58:148] <66197> checkopt:false
DEBUG	[2018-06-27 10:23:58:148] <66197> mid:obmms20151
DEBUG	[2018-06-27 10:23:58:148] <66197> price:550000
DEBUG	[2018-06-27 10:23:58:148] <66197> nointerest:no
DEBUG	[2018-06-27 10:23:58:148] <66197> quotabase:ÏÑ†ÌÉù:ÏùºÏãúÎ∂à:2:3:6
INFO	[2018-06-27 10:23:58:148] <66197> Check Field OK
INFO	[2018-06-27 10:23:58:148] <66197> MERCHANT PRIV KEY LOAD OK
INFO	[2018-06-27 10:23:58:148] <66197> MERCHANT PUB KEY LOAD OK []
INFO	[2018-06-27 10:23:58:149] <66197> CHKFAKE KEY MAKE OK:MjAxODA2MjcxMDIzNTgxNDg0MDI0MA==

INFO	[2018-06-27 10:23:58:149] <66197> END chkfake  Laptime:[0.001sec]
INFO	[2018-06-27 10:23:58:149] <66197> ===============================================================
INFO	[2018-06-27 10:24:25:429] <77309> START INIPHP chkfake (V5036-141209)(OS:Linux2.6.32-696.18.7.el6.x86_64,PHP:5.5.17p1)
DEBUG	[2018-06-27 10:24:25:429] <77309> inipayhome:/home/hosting_users/ilearning3/www/inipay
DEBUG	[2018-06-27 10:24:25:429] <77309> type:chkfake
DEBUG	[2018-06-27 10:24:25:429] <77309> debug:true
DEBUG	[2018-06-27 10:24:25:429] <77309> enctype:asym
DEBUG	[2018-06-27 10:24:25:429] <77309> admin:1111
DEBUG	[2018-06-27 10:24:25:429] <77309> checkopt:false
DEBUG	[2018-06-27 10:24:25:429] <77309> mid:obmms20151
DEBUG	[2018-06-27 10:24:25:429] <77309> price:550000
DEBUG	[2018-06-27 10:24:25:429] <77309> nointerest:no
DEBUG	[2018-06-27 10:24:25:429] <77309> quotabase::0:2:3:6
INFO	[2018-06-27 10:24:25:429] <77309> Check Field OK
INFO	[2018-06-27 10:24:25:430] <77309> MERCHANT PRIV KEY LOAD OK
INFO	[2018-06-27 10:24:25:430] <77309> MERCHANT PUB KEY LOAD OK []
INFO	[2018-06-27 10:24:25:431] <77309> CHKFAKE KEY MAKE OK:MjAxODA2MjcxMDI0MjU0MzA0NjMwNg==

INFO	[2018-06-27 10:24:25:431] <77309> END chkfake  Laptime:[0.002sec]
INFO	[2018-06-27 10:24:25:431] <77309> ===============================================================
INFO	[2018-06-27 10:24:52:914] <65073> START INIPHP chkfake (V5036-141209)(OS:Linux2.6.32-696.18.7.el6.x86_64,PHP:5.5.17p1)
DEBUG	[2018-06-27 10:24:52:914] <65073> inipayhome:/home/hosting_users/ilearning3/www/inipay
DEBUG	[2018-06-27 10:24:52:914] <65073> type:chkfake
DEBUG	[2018-06-27 10:24:52:914] <65073> debug:true
DEBUG	[2018-06-27 10:24:52:914] <65073> enctype:asym
DEBUG	[2018-06-27 10:24:52:914] <65073> admin:1111
DEBUG	[2018-06-27 10:24:52:914] <65073> checkopt:false
DEBUG	[2018-06-27 10:24:52:914] <65073> mid:obmms20151
DEBUG	[2018-06-27 10:24:52:914] <65073> price:550000
DEBUG	[2018-06-27 10:24:52:914] <65073> nointerest:no
DEBUG	[2018-06-27 10:24:52:914] <65073> quotabase::2:3:6
INFO	[2018-06-27 10:24:52:914] <65073> Check Field OK
INFO	[2018-06-27 10:24:52:914] <65073> MERCHANT PRIV KEY LOAD OK
INFO	[2018-06-27 10:24:52:915] <65073> MERCHANT PUB KEY LOAD OK []
INFO	[2018-06-27 10:24:52:915] <65073> CHKFAKE KEY MAKE OK:MjAxODA2MjcxMDI0NTI5MTUxNTM4Nw==

INFO	[2018-06-27 10:24:52:915] <65073> END chkfake  Laptime:[0.001sec]
INFO	[2018-06-27 10:24:52:915] <65073> ===============================================================
INFO	[2018-06-27 10:25:17:690] <77506> START INIPHP chkfake (V5036-141209)(OS:Linux2.6.32-696.18.7.el6.x86_64,PHP:5.5.17p1)
DEBUG	[2018-06-27 10:25:17:690] <77506> inipayhome:/home/hosting_users/ilearning3/www/inipay
DEBUG	[2018-06-27 10:25:17:690] <77506> type:chkfake
DEBUG	[2018-06-27 10:25:17:690] <77506> debug:true
DEBUG	[2018-06-27 10:25:17:690] <77506> enctype:asym
DEBUG	[2018-06-27 10:25:17:690] <77506> admin:1111
DEBUG	[2018-06-27 10:25:17:690] <77506> checkopt:false
DEBUG	[2018-06-27 10:25:17:690] <77506> mid:obmms20151
DEBUG	[2018-06-27 10:25:17:690] <77506> price:550000
DEBUG	[2018-06-27 10:25:17:690] <77506> nointerest:no
DEBUG	[2018-06-27 10:25:17:690] <77506> quotabase:0:2:3:6
INFO	[2018-06-27 10:25:17:690] <77506> Check Field OK
INFO	[2018-06-27 10:25:17:690] <77506> MERCHANT PRIV KEY LOAD OK
INFO	[2018-06-27 10:25:17:690] <77506> MERCHANT PUB KEY LOAD OK []
INFO	[2018-06-27 10:25:17:691] <77506> CHKFAKE KEY MAKE OK:MjAxODA2MjcxMDI1MTc2OTA4OTk5Mw==

INFO	[2018-06-27 10:25:17:691] <77506> END chkfake  Laptime:[0.001sec]
INFO	[2018-06-27 10:25:17:691] <77506> ===============================================================
INFO	[2018-06-27 10:30:02:566] <65177> START INIPHP chkfake (V5036-141209)(OS:Linux2.6.32-696.18.7.el6.x86_64,PHP:5.5.17p1)
DEBUG	[2018-06-27 10:30:02:566] <65177> inipayhome:/home/hosting_users/ilearning3/www/inipay
DEBUG	[2018-06-27 10:30:02:566] <65177> type:chkfake
DEBUG	[2018-06-27 10:30:02:566] <65177> debug:true
DEBUG	[2018-06-27 10:30:02:566] <65177> enctype:asym
DEBUG	[2018-06-27 10:30:02:566] <65177> admin:1111
DEBUG	[2018-06-27 10:30:02:566] <65177> checkopt:false
DEBUG	[2018-06-27 10:30:02:566] <65177> mid:obmms20151
DEBUG	[2018-06-27 10:30:02:566] <65177> price:550000
DEBUG	[2018-06-27 10:30:02:566] <65177> nointerest:no
DEBUG	[2018-06-27 10:30:02:566] <65177> quotabase:0:2:3:6:0
INFO	[2018-06-27 10:30:02:566] <65177> Check Field OK
INFO	[2018-06-27 10:30:02:566] <65177> MERCHANT PRIV KEY LOAD OK
INFO	[2018-06-27 10:30:02:567] <65177> MERCHANT PUB KEY LOAD OK []
INFO	[2018-06-27 10:30:02:567] <65177> CHKFAKE KEY MAKE OK:MjAxODA2MjcxMDMwMDI1NjcxOTY4NQ==

INFO	[2018-06-27 10:30:02:567] <65177> END chkfake  Laptime:[0.001sec]
INFO	[2018-06-27 10:30:02:567] <65177> ===============================================================
INFO	[2018-06-27 10:30:38:418] <66068> START INIPHP chkfake (V5036-141209)(OS:Linux2.6.32-696.18.7.el6.x86_64,PHP:5.5.17p1)
DEBUG	[2018-06-27 10:30:38:418] <66068> inipayhome:/home/hosting_users/ilearning3/www/inipay
DEBUG	[2018-06-27 10:30:38:418] <66068> type:chkfake
DEBUG	[2018-06-27 10:30:38:418] <66068> debug:true
DEBUG	[2018-06-27 10:30:38:418] <66068> enctype:asym
DEBUG	[2018-06-27 10:30:38:418] <66068> admin:1111
DEBUG	[2018-06-27 10:30:38:418] <66068> checkopt:false
DEBUG	[2018-06-27 10:30:38:418] <66068> mid:obmms20151
DEBUG	[2018-06-27 10:30:38:418] <66068> price:550000
DEBUG	[2018-06-27 10:30:38:418] <66068> nointerest:no
DEBUG	[2018-06-27 10:30:38:418] <66068> quotabase:1:2:3:6
INFO	[2018-06-27 10:30:38:418] <66068> Check Field OK
INFO	[2018-06-27 10:30:38:418] <66068> MERCHANT PRIV KEY LOAD OK
INFO	[2018-06-27 10:30:38:419] <66068> MERCHANT PUB KEY LOAD OK []
INFO	[2018-06-27 10:30:38:419] <66068> CHKFAKE KEY MAKE OK:MjAxODA2MjcxMDMwMzg0MTk1MzI4MQ==

INFO	[2018-06-27 10:30:38:419] <66068> END chkfake  Laptime:[0.001sec]
INFO	[2018-06-27 10:30:38:419] <66068> ===============================================================
INFO	[2018-06-27 10:31:32:254] <65073> START INIPHP chkfake (V5036-141209)(OS:Linux2.6.32-696.18.7.el6.x86_64,PHP:5.5.17p1)
DEBUG	[2018-06-27 10:31:32:254] <65073> inipayhome:/home/hosting_users/ilearning3/www/inipay
DEBUG	[2018-06-27 10:31:32:254] <65073> type:chkfake
DEBUG	[2018-06-27 10:31:32:254] <65073> debug:true
DEBUG	[2018-06-27 10:31:32:254] <65073> enctype:asym
DEBUG	[2018-06-27 10:31:32:254] <65073> admin:1111
DEBUG	[2018-06-27 10:31:32:254] <65073> checkopt:false
DEBUG	[2018-06-27 10:31:32:254] <65073> mid:obmms20151
DEBUG	[2018-06-27 10:31:32:254] <65073> price:550000
DEBUG	[2018-06-27 10:31:32:254] <65073> nointerest:no
DEBUG	[2018-06-27 10:31:32:254] <65073> quotabase:2:3:6
INFO	[2018-06-27 10:31:32:254] <65073> Check Field OK
INFO	[2018-06-27 10:31:32:254] <65073> MERCHANT PRIV KEY LOAD OK
INFO	[2018-06-27 10:31:32:255] <65073> MERCHANT PUB KEY LOAD OK []
INFO	[2018-06-27 10:31:32:255] <65073> CHKFAKE KEY MAKE OK:MjAxODA2MjcxMDMxMzIyNTU4MDQ2OA==

INFO	[2018-06-27 10:31:32:255] <65073> END chkfake  Laptime:[0.001sec]
INFO	[2018-06-27 10:31:32:255] <65073> ===============================================================
INFO	[2018-06-27 10:34:02:587] <66784> START INIPHP chkfake (V5036-141209)(OS:Linux2.6.32-696.18.7.el6.x86_64,PHP:5.5.17p1)
DEBUG	[2018-06-27 10:34:02:587] <66784> inipayhome:/home/hosting_users/ilearning3/www/inipay
DEBUG	[2018-06-27 10:34:02:587] <66784> type:chkfake
DEBUG	[2018-06-27 10:34:02:587] <66784> debug:true
DEBUG	[2018-06-27 10:34:02:587] <66784> enctype:asym
DEBUG	[2018-06-27 10:34:02:587] <66784> admin:1111
DEBUG	[2018-06-27 10:34:02:587] <66784> checkopt:false
DEBUG	[2018-06-27 10:34:02:587] <66784> mid:obmms20151
DEBUG	[2018-06-27 10:34:02:587] <66784> price:550000
DEBUG	[2018-06-27 10:34:02:587] <66784> nointerest:no
DEBUG	[2018-06-27 10:34:02:587] <66784> quotabase:2:3:6
INFO	[2018-06-27 10:34:02:587] <66784> Check Field OK
INFO	[2018-06-27 10:34:02:587] <66784> MERCHANT PRIV KEY LOAD OK
INFO	[2018-06-27 10:34:02:587] <66784> MERCHANT PUB KEY LOAD OK []
INFO	[2018-06-27 10:34:02:588] <66784> CHKFAKE KEY MAKE OK:MjAxODA2MjcxMDM0MDI1ODc3NzA3OQ==

INFO	[2018-06-27 10:34:02:588] <66784> END chkfake  Laptime:[0.001sec]
INFO	[2018-06-27 10:34:02:588] <66784> ===============================================================
INFO	[2018-06-27 10:35:08:311] <66191> START INIPHP chkfake (V5036-141209)(OS:Linux2.6.32-696.18.7.el6.x86_64,PHP:5.5.17p1)
DEBUG	[2018-06-27 10:35:08:311] <66191> inipayhome:/home/hosting_users/ilearning3/www/inipay
DEBUG	[2018-06-27 10:35:08:311] <66191> type:chkfake
DEBUG	[2018-06-27 10:35:08:311] <66191> debug:true
DEBUG	[2018-06-27 10:35:08:311] <66191> enctype:asym
DEBUG	[2018-06-27 10:35:08:311] <66191> admin:1111
DEBUG	[2018-06-27 10:35:08:311] <66191> checkopt:false
DEBUG	[2018-06-27 10:35:08:311] <66191> mid:obmms20151
DEBUG	[2018-06-27 10:35:08:311] <66191> price:550000
DEBUG	[2018-06-27 10:35:08:311] <66191> nointerest:no
DEBUG	[2018-06-27 10:35:08:311] <66191> quotabase:2:3:6
DEBUG	[2018-06-27 10:35:08:311] <66191> cardQuotaBase:2:3:6
INFO	[2018-06-27 10:35:08:311] <66191> Check Field OK
INFO	[2018-06-27 10:35:08:311] <66191> MERCHANT PRIV KEY LOAD OK
INFO	[2018-06-27 10:35:08:311] <66191> MERCHANT PUB KEY LOAD OK []
INFO	[2018-06-27 10:35:08:312] <66191> CHKFAKE KEY MAKE OK:MjAxODA2MjcxMDM1MDgzMTE1NjM2NA==

INFO	[2018-06-27 10:35:08:312] <66191> END chkfake  Laptime:[0.001sec]
INFO	[2018-06-27 10:35:08:312] <66191> ===============================================================
INFO	[2018-06-27 10:36:07:809] <65073> START INIPHP chkfake (V5036-141209)(OS:Linux2.6.32-696.18.7.el6.x86_64,PHP:5.5.17p1)
DEBUG	[2018-06-27 10:36:07:809] <65073> inipayhome:/home/hosting_users/ilearning3/www/inipay
DEBUG	[2018-06-27 10:36:07:809] <65073> type:chkfake
DEBUG	[2018-06-27 10:36:07:809] <65073> debug:true
DEBUG	[2018-06-27 10:36:07:809] <65073> enctype:asym
DEBUG	[2018-06-27 10:36:07:809] <65073> admin:1111
DEBUG	[2018-06-27 10:36:07:809] <65073> checkopt:false
DEBUG	[2018-06-27 10:36:07:809] <65073> mid:obmms20151
DEBUG	[2018-06-27 10:36:07:809] <65073> price:550000
DEBUG	[2018-06-27 10:36:07:809] <65073> nointerest:no
DEBUG	[2018-06-27 10:36:07:809] <65073> quotabase:ÏÑ†ÌÉù:ÏùºÏãúÎ∂à:2Í∞úÏõî:3Í∞úÏõî:6Í∞úÏõî
DEBUG	[2018-06-27 10:36:07:809] <65073> cardQuotaBase:2:3:6
INFO	[2018-06-27 10:36:07:809] <65073> Check Field OK
INFO	[2018-06-27 10:36:07:809] <65073> MERCHANT PRIV KEY LOAD OK
INFO	[2018-06-27 10:36:07:810] <65073> MERCHANT PUB KEY LOAD OK []
INFO	[2018-06-27 10:36:07:810] <65073> CHKFAKE KEY MAKE OK:MjAxODA2MjcxMDM2MDc4MTA4OTU0OA==

INFO	[2018-06-27 10:36:07:810] <65073> END chkfake  Laptime:[0.001sec]
INFO	[2018-06-27 10:36:07:810] <65073> ===============================================================
INFO	[2018-06-27 10:38:22:847] <8729> START INIPHP chkfake (V5036-141209)(OS:Linux2.6.32-696.18.7.el6.x86_64,PHP:5.5.17p1)
DEBUG	[2018-06-27 10:38:22:847] <8729> inipayhome:/home/hosting_users/ilearning3/www/inipay
DEBUG	[2018-06-27 10:38:22:847] <8729> type:chkfake
DEBUG	[2018-06-27 10:38:22:847] <8729> debug:true
DEBUG	[2018-06-27 10:38:22:847] <8729> enctype:asym
DEBUG	[2018-06-27 10:38:22:847] <8729> admin:1111
DEBUG	[2018-06-27 10:38:22:847] <8729> checkopt:false
DEBUG	[2018-06-27 10:38:22:847] <8729> mid:obmms20151
DEBUG	[2018-06-27 10:38:22:847] <8729> price:550000
DEBUG	[2018-06-27 10:38:22:847] <8729> nointerest:no
DEBUG	[2018-06-27 10:38:22:847] <8729> quotabase:ÏÑ†ÌÉù:ÏùºÏãúÎ∂à:2Í∞úÏõî:3Í∞úÏõî:6Í∞úÏõî
DEBUG	[2018-06-27 10:38:22:847] <8729> inipay_quotabase:2:3:6
DEBUG	[2018-06-27 10:38:22:847] <8729> cardQuotaBase:2:3:6
INFO	[2018-06-27 10:38:22:847] <8729> Check Field OK
INFO	[2018-06-27 10:38:22:848] <8729> MERCHANT PRIV KEY LOAD OK
INFO	[2018-06-27 10:38:22:848] <8729> MERCHANT PUB KEY LOAD OK []
INFO	[2018-06-27 10:38:22:848] <8729> CHKFAKE KEY MAKE OK:MjAxODA2MjcxMDM4MjI4NDg1MDUxOA==

INFO	[2018-06-27 10:38:22:848] <8729> END chkfake  Laptime:[0.001sec]
INFO	[2018-06-27 10:38:22:848] <8729> ===============================================================
INFO	[2018-06-27 10:38:53:509] <8699> START INIPHP chkfake (V5036-141209)(OS:Linux2.6.32-696.18.7.el6.x86_64,PHP:5.5.17p1)
DEBUG	[2018-06-27 10:38:53:509] <8699> inipayhome:/home/hosting_users/ilearning3/www/inipay
DEBUG	[2018-06-27 10:38:53:509] <8699> type:chkfake
DEBUG	[2018-06-27 10:38:53:509] <8699> debug:true
DEBUG	[2018-06-27 10:38:53:509] <8699> enctype:asym
DEBUG	[2018-06-27 10:38:53:509] <8699> admin:1111
DEBUG	[2018-06-27 10:38:53:509] <8699> checkopt:false
DEBUG	[2018-06-27 10:38:53:509] <8699> mid:obmms20151
DEBUG	[2018-06-27 10:38:53:509] <8699> price:550000
DEBUG	[2018-06-27 10:38:53:509] <8699> nointerest:no
DEBUG	[2018-06-27 10:38:53:509] <8699> quotabase:2:3:6
DEBUG	[2018-06-27 10:38:53:509] <8699> inipay_quotabase:2:3:6
DEBUG	[2018-06-27 10:38:53:509] <8699> cardQuotaBase:2:3:6
INFO	[2018-06-27 10:38:53:509] <8699> Check Field OK
INFO	[2018-06-27 10:38:53:509] <8699> MERCHANT PRIV KEY LOAD OK
INFO	[2018-06-27 10:38:53:509] <8699> MERCHANT PUB KEY LOAD OK []
INFO	[2018-06-27 10:38:53:510] <8699> CHKFAKE KEY MAKE OK:MjAxODA2MjcxMDM4NTM1MDkzMjIwMA==

INFO	[2018-06-27 10:38:53:510] <8699> END chkfake  Laptime:[0.001sec]
INFO	[2018-06-27 10:38:53:510] <8699> ===============================================================
INFO	[2018-06-27 10:39:21:678] <8679> START INIPHP chkfake (V5036-141209)(OS:Linux2.6.32-696.18.7.el6.x86_64,PHP:5.5.17p1)
DEBUG	[2018-06-27 10:39:21:678] <8679> inipayhome:/home/hosting_users/ilearning3/www/inipay
DEBUG	[2018-06-27 10:39:21:678] <8679> type:chkfake
DEBUG	[2018-06-27 10:39:21:678] <8679> debug:true
DEBUG	[2018-06-27 10:39:21:678] <8679> enctype:asym
DEBUG	[2018-06-27 10:39:21:678] <8679> admin:1111
DEBUG	[2018-06-27 10:39:21:678] <8679> checkopt:false
DEBUG	[2018-06-27 10:39:21:678] <8679> mid:obmms20151
DEBUG	[2018-06-27 10:39:21:678] <8679> price:550000
DEBUG	[2018-06-27 10:39:21:678] <8679> nointerest:no
DEBUG	[2018-06-27 10:39:21:678] <8679> quotabase:0:1:2:3:6
DEBUG	[2018-06-27 10:39:21:678] <8679> inipay_quotabase:0:1:2:3:6
DEBUG	[2018-06-27 10:39:21:678] <8679> cardQuotaBase:0:1:2:3:6
INFO	[2018-06-27 10:39:21:678] <8679> Check Field OK
INFO	[2018-06-27 10:39:21:678] <8679> MERCHANT PRIV KEY LOAD OK
INFO	[2018-06-27 10:39:21:678] <8679> MERCHANT PUB KEY LOAD OK []
INFO	[2018-06-27 10:39:21:679] <8679> CHKFAKE KEY MAKE OK:MjAxODA2MjcxMDM5MjE2Nzg2MTgwNw==

INFO	[2018-06-27 10:39:21:679] <8679> END chkfake  Laptime:[0.001sec]
INFO	[2018-06-27 10:39:21:679] <8679> ===============================================================
INFO	[2018-06-27 10:51:16:215] <8613> START INIPHP chkfake (V5036-141209)(OS:Linux2.6.32-696.18.7.el6.x86_64,PHP:5.5.17p1)
DEBUG	[2018-06-27 10:51:16:215] <8613> inipayhome:/home/hosting_users/ilearning3/www/inipay
DEBUG	[2018-06-27 10:51:16:215] <8613> type:chkfake
DEBUG	[2018-06-27 10:51:16:215] <8613> debug:true
DEBUG	[2018-06-27 10:51:16:215] <8613> enctype:asym
DEBUG	[2018-06-27 10:51:16:215] <8613> admin:1111
DEBUG	[2018-06-27 10:51:16:215] <8613> checkopt:false
DEBUG	[2018-06-27 10:51:16:215] <8613> mid:obmms20151
DEBUG	[2018-06-27 10:51:16:215] <8613> price:550000
DEBUG	[2018-06-27 10:51:16:215] <8613> nointerest:no
DEBUG	[2018-06-27 10:51:16:215] <8613> quotabase:0:1:2:3:6
DEBUG	[2018-06-27 10:51:16:215] <8613> inipay_quotabase:0:1:2:3:6
DEBUG	[2018-06-27 10:51:16:215] <8613> cardQuotaBase:0:1:2:3:6
INFO	[2018-06-27 10:51:16:215] <8613> Check Field OK
INFO	[2018-06-27 10:51:16:215] <8613> MERCHANT PRIV KEY LOAD OK
INFO	[2018-06-27 10:51:16:215] <8613> MERCHANT PUB KEY LOAD OK []
INFO	[2018-06-27 10:51:16:216] <8613> CHKFAKE KEY MAKE OK:MjAxODA2MjcxMDUxMTYyMTU0MzI1Mg==

INFO	[2018-06-27 10:51:16:216] <8613> END chkfake  Laptime:[0.001sec]
INFO	[2018-06-27 10:51:16:216] <8613> ===============================================================
INFO	[2018-06-27 10:51:32:389] <8616> START INIPHP chkfake (V5036-141209)(OS:Linux2.6.32-696.18.7.el6.x86_64,PHP:5.5.17p1)
DEBUG	[2018-06-27 10:51:32:389] <8616> inipayhome:/home/hosting_users/ilearning3/www/inipay
DEBUG	[2018-06-27 10:51:32:389] <8616> type:chkfake
DEBUG	[2018-06-27 10:51:32:389] <8616> debug:true
DEBUG	[2018-06-27 10:51:32:389] <8616> enctype:asym
DEBUG	[2018-06-27 10:51:32:389] <8616> admin:1111
DEBUG	[2018-06-27 10:51:32:389] <8616> checkopt:false
DEBUG	[2018-06-27 10:51:32:389] <8616> mid:obmms20151
DEBUG	[2018-06-27 10:51:32:389] <8616> price:550000
DEBUG	[2018-06-27 10:51:32:389] <8616> nointerest:no
DEBUG	[2018-06-27 10:51:32:389] <8616> quotabase:0:1:2:3:6
DEBUG	[2018-06-27 10:51:32:389] <8616> cardQuotaBase:0:1:2:3:6
INFO	[2018-06-27 10:51:32:389] <8616> Check Field OK
INFO	[2018-06-27 10:51:32:389] <8616> MERCHANT PRIV KEY LOAD OK
INFO	[2018-06-27 10:51:32:389] <8616> MERCHANT PUB KEY LOAD OK []
INFO	[2018-06-27 10:51:32:390] <8616> CHKFAKE KEY MAKE OK:MjAxODA2MjcxMDUxMzIzODk1MzA2Nw==

INFO	[2018-06-27 10:51:32:390] <8616> END chkfake  Laptime:[0.001sec]
INFO	[2018-06-27 10:51:32:390] <8616> ===============================================================
INFO	[2018-06-27 10:51:47:306] <8619> START INIPHP chkfake (V5036-141209)(OS:Linux2.6.32-696.18.7.el6.x86_64,PHP:5.5.17p1)
DEBUG	[2018-06-27 10:51:47:306] <8619> inipayhome:/home/hosting_users/ilearning3/www/inipay
DEBUG	[2018-06-27 10:51:47:306] <8619> type:chkfake
DEBUG	[2018-06-27 10:51:47:306] <8619> debug:true
DEBUG	[2018-06-27 10:51:47:306] <8619> enctype:asym
DEBUG	[2018-06-27 10:51:47:306] <8619> admin:1111
DEBUG	[2018-06-27 10:51:47:306] <8619> checkopt:false
DEBUG	[2018-06-27 10:51:47:306] <8619> mid:obmms20151
DEBUG	[2018-06-27 10:51:47:306] <8619> price:550000
DEBUG	[2018-06-27 10:51:47:306] <8619> nointerest:no
DEBUG	[2018-06-27 10:51:47:306] <8619> cardQuotaBase:0:1:2:3:6
ERROR	[2018-06-27 10:51:47:310] <8619> « ºˆ«◊∏Ò(quotabase)¿Ã ¥©∂Ùµ«æ˙Ω¿¥œ¥Ÿ.
INFO	[2018-06-27 10:51:47:310] <8619> END chkfake [TX9004|« ºˆ«◊∏Ò(quotabase)¿Ã ¥©∂Ùµ«æ˙Ω¿¥œ¥Ÿ.] Laptime:[0.005sec]
INFO	[2018-06-27 10:51:47:310] <8619> ===============================================================
INFO	[2018-06-27 10:51:51:731] <8620> START INIPHP chkfake (V5036-141209)(OS:Linux2.6.32-696.18.7.el6.x86_64,PHP:5.5.17p1)
DEBUG	[2018-06-27 10:51:51:731] <8620> inipayhome:/home/hosting_users/ilearning3/www/inipay
DEBUG	[2018-06-27 10:51:51:731] <8620> type:chkfake
DEBUG	[2018-06-27 10:51:51:731] <8620> debug:true
DEBUG	[2018-06-27 10:51:51:731] <8620> enctype:asym
DEBUG	[2018-06-27 10:51:51:731] <8620> admin:1111
DEBUG	[2018-06-27 10:51:51:731] <8620> checkopt:false
DEBUG	[2018-06-27 10:51:51:731] <8620> mid:obmms20151
DEBUG	[2018-06-27 10:51:51:731] <8620> price:550000
DEBUG	[2018-06-27 10:51:51:731] <8620> nointerest:no
DEBUG	[2018-06-27 10:51:51:731] <8620> cardQuotaBase:0:1:2:3:6
ERROR	[2018-06-27 10:51:51:733] <8620> « ºˆ«◊∏Ò(quotabase)¿Ã ¥©∂Ùµ«æ˙Ω¿¥œ¥Ÿ.
INFO	[2018-06-27 10:51:51:733] <8620> END chkfake [TX9004|« ºˆ«◊∏Ò(quotabase)¿Ã ¥©∂Ùµ«æ˙Ω¿¥œ¥Ÿ.] Laptime:[0.001sec]
INFO	[2018-06-27 10:51:51:733] <8620> ===============================================================
INFO	[2018-06-27 10:51:57:436] <8623> START INIPHP chkfake (V5036-141209)(OS:Linux2.6.32-696.18.7.el6.x86_64,PHP:5.5.17p1)
DEBUG	[2018-06-27 10:51:57:436] <8623> inipayhome:/home/hosting_users/ilearning3/www/inipay
DEBUG	[2018-06-27 10:51:57:436] <8623> type:chkfake
DEBUG	[2018-06-27 10:51:57:436] <8623> debug:true
DEBUG	[2018-06-27 10:51:57:436] <8623> enctype:asym
DEBUG	[2018-06-27 10:51:57:436] <8623> admin:1111
DEBUG	[2018-06-27 10:51:57:436] <8623> checkopt:false
DEBUG	[2018-06-27 10:51:57:436] <8623> mid:obmms20151
DEBUG	[2018-06-27 10:51:57:436] <8623> price:550000
DEBUG	[2018-06-27 10:51:57:436] <8623> nointerest:no
DEBUG	[2018-06-27 10:51:57:436] <8623> cardQuotaBase:0:1:2:3:6
ERROR	[2018-06-27 10:51:57:438] <8623> « ºˆ«◊∏Ò(quotabase)¿Ã ¥©∂Ùµ«æ˙Ω¿¥œ¥Ÿ.
INFO	[2018-06-27 10:51:57:438] <8623> END chkfake [TX9004|« ºˆ«◊∏Ò(quotabase)¿Ã ¥©∂Ùµ«æ˙Ω¿¥œ¥Ÿ.] Laptime:[0.002sec]
INFO	[2018-06-27 10:51:57:438] <8623> ===============================================================
INFO	[2018-06-27 10:52:06:589] <8603> START INIPHP chkfake (V5036-141209)(OS:Linux2.6.32-696.18.7.el6.x86_64,PHP:5.5.17p1)
DEBUG	[2018-06-27 10:52:06:589] <8603> inipayhome:/home/hosting_users/ilearning3/www/inipay
DEBUG	[2018-06-27 10:52:06:589] <8603> type:chkfake
DEBUG	[2018-06-27 10:52:06:589] <8603> debug:true
DEBUG	[2018-06-27 10:52:06:589] <8603> enctype:asym
DEBUG	[2018-06-27 10:52:06:589] <8603> admin:1111
DEBUG	[2018-06-27 10:52:06:589] <8603> checkopt:false
DEBUG	[2018-06-27 10:52:06:589] <8603> mid:obmms20151
DEBUG	[2018-06-27 10:52:06:589] <8603> price:550000
DEBUG	[2018-06-27 10:52:06:589] <8603> nointerest:no
DEBUG	[2018-06-27 10:52:06:589] <8603> quotabase:0:1:2:3:6
INFO	[2018-06-27 10:52:06:589] <8603> Check Field OK
INFO	[2018-06-27 10:52:06:590] <8603> MERCHANT PRIV KEY LOAD OK
INFO	[2018-06-27 10:52:06:590] <8603> MERCHANT PUB KEY LOAD OK []
INFO	[2018-06-27 10:52:06:590] <8603> CHKFAKE KEY MAKE OK:MjAxODA2MjcxMDUyMDY1OTAxMjM0OQ==

INFO	[2018-06-27 10:52:06:590] <8603> END chkfake  Laptime:[0.001sec]
INFO	[2018-06-27 10:52:06:590] <8603> ===============================================================
INFO	[2018-06-27 10:52:25:895] <8609> START INIPHP chkfake (V5036-141209)(OS:Linux2.6.32-696.18.7.el6.x86_64,PHP:5.5.17p1)
DEBUG	[2018-06-27 10:52:25:895] <8609> inipayhome:/home/hosting_users/ilearning3/www/inipay
DEBUG	[2018-06-27 10:52:25:895] <8609> type:chkfake
DEBUG	[2018-06-27 10:52:25:895] <8609> debug:true
DEBUG	[2018-06-27 10:52:25:895] <8609> enctype:asym
DEBUG	[2018-06-27 10:52:25:895] <8609> admin:1111
DEBUG	[2018-06-27 10:52:25:895] <8609> checkopt:false
DEBUG	[2018-06-27 10:52:25:895] <8609> mid:obmms20151
DEBUG	[2018-06-27 10:52:25:895] <8609> price:550000
DEBUG	[2018-06-27 10:52:25:895] <8609> nointerest:no
DEBUG	[2018-06-27 10:52:25:895] <8609> quotabase:0:1:2:3:6
INFO	[2018-06-27 10:52:25:897] <8609> Check Field OK
INFO	[2018-06-27 10:52:25:897] <8609> MERCHANT PRIV KEY LOAD OK
INFO	[2018-06-27 10:52:25:898] <8609> MERCHANT PUB KEY LOAD OK []
INFO	[2018-06-27 10:52:25:898] <8609> CHKFAKE KEY MAKE OK:MjAxODA2MjcxMDUyMjU4OTg4ODY1Nw==

INFO	[2018-06-27 10:52:25:898] <8609> END chkfake  Laptime:[0.003sec]
INFO	[2018-06-27 10:52:25:898] <8609> ===============================================================
INFO	[2018-06-27 10:54:13:506] <8620> START INIPHP chkfake (V5036-141209)(OS:Linux2.6.32-696.18.7.el6.x86_64,PHP:5.5.17p1)
DEBUG	[2018-06-27 10:54:13:506] <8620> inipayhome:/home/hosting_users/ilearning3/www/inipay
DEBUG	[2018-06-27 10:54:13:506] <8620> type:chkfake
DEBUG	[2018-06-27 10:54:13:506] <8620> debug:true
DEBUG	[2018-06-27 10:54:13:506] <8620> enctype:asym
DEBUG	[2018-06-27 10:54:13:506] <8620> admin:1111
DEBUG	[2018-06-27 10:54:13:506] <8620> checkopt:false
DEBUG	[2018-06-27 10:54:13:506] <8620> mid:obmms20151
DEBUG	[2018-06-27 10:54:13:506] <8620> price:11000
DEBUG	[2018-06-27 10:54:13:506] <8620> nointerest:no
DEBUG	[2018-06-27 10:54:13:506] <8620> quotabase:2:3:6
INFO	[2018-06-27 10:54:13:506] <8620> Check Field OK
INFO	[2018-06-27 10:54:13:506] <8620> MERCHANT PRIV KEY LOAD OK
INFO	[2018-06-27 10:54:13:506] <8620> MERCHANT PUB KEY LOAD OK []
INFO	[2018-06-27 10:54:13:506] <8620> CHKFAKE KEY MAKE OK:MjAxODA2MjcxMDU0MTM1MDY5ODIwOQ==

INFO	[2018-06-27 10:54:13:506] <8620> END chkfake  Laptime:[0.001sec]
INFO	[2018-06-27 10:54:13:507] <8620> ===============================================================
INFO	[2018-06-27 10:54:51:256] <8614> START INIPHP chkfake (V5036-141209)(OS:Linux2.6.32-696.18.7.el6.x86_64,PHP:5.5.17p1)
DEBUG	[2018-06-27 10:54:51:256] <8614> inipayhome:/home/hosting_users/ilearning3/www/inipay
DEBUG	[2018-06-27 10:54:51:256] <8614> type:chkfake
DEBUG	[2018-06-27 10:54:51:256] <8614> debug:true
DEBUG	[2018-06-27 10:54:51:256] <8614> enctype:asym
DEBUG	[2018-06-27 10:54:51:256] <8614> admin:1111
DEBUG	[2018-06-27 10:54:51:256] <8614> checkopt:false
DEBUG	[2018-06-27 10:54:51:256] <8614> mid:obmms20151
DEBUG	[2018-06-27 10:54:51:256] <8614> price:550000
DEBUG	[2018-06-27 10:54:51:256] <8614> nointerest:no
DEBUG	[2018-06-27 10:54:51:256] <8614> quotabase:2:3:6
INFO	[2018-06-27 10:54:51:256] <8614> Check Field OK
INFO	[2018-06-27 10:54:51:256] <8614> MERCHANT PRIV KEY LOAD OK
INFO	[2018-06-27 10:54:51:256] <8614> MERCHANT PUB KEY LOAD OK []
INFO	[2018-06-27 10:54:51:257] <8614> CHKFAKE KEY MAKE OK:MjAxODA2MjcxMDU0NTEyNTYyNTc5OA==

INFO	[2018-06-27 10:54:51:257] <8614> END chkfake  Laptime:[0.001sec]
INFO	[2018-06-27 10:54:51:257] <8614> ===============================================================
INFO	[2018-06-27 11:10:40:330] <8602> START INIPHP chkfake (V5036-141209)(OS:Linux2.6.32-696.18.7.el6.x86_64,PHP:5.5.17p1)
DEBUG	[2018-06-27 11:10:40:330] <8602> inipayhome:/home/hosting_users/ilearning3/www/inipay
DEBUG	[2018-06-27 11:10:40:330] <8602> type:chkfake
DEBUG	[2018-06-27 11:10:40:330] <8602> debug:true
DEBUG	[2018-06-27 11:10:40:330] <8602> enctype:asym
DEBUG	[2018-06-27 11:10:40:330] <8602> admin:1111
DEBUG	[2018-06-27 11:10:40:330] <8602> checkopt:false
DEBUG	[2018-06-27 11:10:40:330] <8602> mid:obmms20151
DEBUG	[2018-06-27 11:10:40:330] <8602> price:550000
DEBUG	[2018-06-27 11:10:40:330] <8602> nointerest:no
DEBUG	[2018-06-27 11:10:40:330] <8602> quotabase:ÏÑ†ÌÉù:ÏùºÏãúÎ∂à:2Í∞úÏõî:3Í∞úÏõî:6Í∞úÏõî
DEBUG	[2018-06-27 11:10:40:330] <8602> cardQuotaBase:2:3:6
INFO	[2018-06-27 11:10:40:331] <8602> Check Field OK
INFO	[2018-06-27 11:10:40:331] <8602> MERCHANT PRIV KEY LOAD OK
INFO	[2018-06-27 11:10:40:331] <8602> MERCHANT PUB KEY LOAD OK []
INFO	[2018-06-27 11:10:40:332] <8602> CHKFAKE KEY MAKE OK:MjAxODA2MjcxMTEwNDAzMzE3MTY5OA==

INFO	[2018-06-27 11:10:40:332] <8602> END chkfake  Laptime:[0.002sec]
INFO	[2018-06-27 11:10:40:332] <8602> ===============================================================
INFO	[2018-06-27 12:00:44:766] <141624> START INIPHP chkfake (V5036-141209)(OS:Linux2.6.32-696.18.7.el6.x86_64,PHP:5.5.17p1)
DEBUG	[2018-06-27 12:00:44:766] <141624> inipayhome:/home/hosting_users/ilearning3/www/inipay
DEBUG	[2018-06-27 12:00:44:766] <141624> type:chkfake
DEBUG	[2018-06-27 12:00:44:766] <141624> debug:true
DEBUG	[2018-06-27 12:00:44:766] <141624> enctype:asym
DEBUG	[2018-06-27 12:00:44:766] <141624> admin:1111
DEBUG	[2018-06-27 12:00:44:766] <141624> checkopt:false
DEBUG	[2018-06-27 12:00:44:766] <141624> mid:obmms20151
DEBUG	[2018-06-27 12:00:44:766] <141624> price:550000
DEBUG	[2018-06-27 12:00:44:766] <141624> nointerest:no
DEBUG	[2018-06-27 12:00:44:766] <141624> quotabase:ÏÑ†ÌÉù:ÏùºÏãúÎ∂à:2Í∞úÏõî:3Í∞úÏõî:6Í∞úÏõî
INFO	[2018-06-27 12:00:44:766] <141624> Check Field OK
INFO	[2018-06-27 12:00:44:766] <141624> MERCHANT PRIV KEY LOAD OK
INFO	[2018-06-27 12:00:44:767] <141624> MERCHANT PUB KEY LOAD OK []
INFO	[2018-06-27 12:00:44:767] <141624> CHKFAKE KEY MAKE OK:MjAxODA2MjcxMjAwNDQ3Njc2MDgxNg==

INFO	[2018-06-27 12:00:44:767] <141624> END chkfake  Laptime:[0.001sec]
INFO	[2018-06-27 12:00:44:767] <141624> ===============================================================
INFO	[2018-06-27 12:04:53:295] <142508> START INIPHP chkfake (V5036-141209)(OS:Linux2.6.32-696.18.7.el6.x86_64,PHP:5.5.17p1)
DEBUG	[2018-06-27 12:04:53:295] <142508> inipayhome:/home/hosting_users/ilearning3/www/inipay
DEBUG	[2018-06-27 12:04:53:295] <142508> type:chkfake
DEBUG	[2018-06-27 12:04:53:295] <142508> debug:true
DEBUG	[2018-06-27 12:04:53:295] <142508> enctype:asym
DEBUG	[2018-06-27 12:04:53:295] <142508> admin:1111
DEBUG	[2018-06-27 12:04:53:295] <142508> checkopt:false
DEBUG	[2018-06-27 12:04:53:295] <142508> mid:obmms20151
DEBUG	[2018-06-27 12:04:53:295] <142508> price:550000
DEBUG	[2018-06-27 12:04:53:295] <142508> nointerest:no
DEBUG	[2018-06-27 12:04:53:295] <142508> quotabase:ÏÑ†ÌÉù:ÏùºÏãúÎ∂à:2Í∞úÏõî:3Í∞úÏõî:6Í∞úÏõî
INFO	[2018-06-27 12:04:53:297] <142508> Check Field OK
INFO	[2018-06-27 12:04:53:297] <142508> MERCHANT PRIV KEY LOAD OK
INFO	[2018-06-27 12:04:53:297] <142508> MERCHANT PUB KEY LOAD OK []
INFO	[2018-06-27 12:04:53:298] <142508> CHKFAKE KEY MAKE OK:MjAxODA2MjcxMjA0NTMyOTc0ODEyMw==

INFO	[2018-06-27 12:04:53:298] <142508> END chkfake  Laptime:[0.003sec]
INFO	[2018-06-27 12:04:53:298] <142508> ===============================================================
INFO	[2018-06-27 12:25:36:762] <17634> START INIPHP chkfake (V5036-141209)(OS:Linux2.6.32-696.18.7.el6.x86_64,PHP:5.5.17p1)
DEBUG	[2018-06-27 12:25:36:762] <17634> inipayhome:/home/hosting_users/ilearning3/www/inipay
DEBUG	[2018-06-27 12:25:36:762] <17634> type:chkfake
DEBUG	[2018-06-27 12:25:36:762] <17634> debug:true
DEBUG	[2018-06-27 12:25:36:762] <17634> enctype:asym
DEBUG	[2018-06-27 12:25:36:762] <17634> admin:1111
DEBUG	[2018-06-27 12:25:36:762] <17634> checkopt:false
DEBUG	[2018-06-27 12:25:36:762] <17634> mid:obmms20151
DEBUG	[2018-06-27 12:25:36:762] <17634> price:11000
DEBUG	[2018-06-27 12:25:36:762] <17634> nointerest:no
DEBUG	[2018-06-27 12:25:36:762] <17634> quotabase:ÏÑ†ÌÉù:ÏùºÏãúÎ∂à:2Í∞úÏõî:3Í∞úÏõî:6Í∞úÏõî
INFO	[2018-06-27 12:25:36:762] <17634> Check Field OK
INFO	[2018-06-27 12:25:36:762] <17634> MERCHANT PRIV KEY LOAD OK
INFO	[2018-06-27 12:25:36:763] <17634> MERCHANT PUB KEY LOAD OK []
INFO	[2018-06-27 12:25:36:763] <17634> CHKFAKE KEY MAKE OK:MjAxODA2MjcxMjI1MzY3NjM4ODc1OA==

INFO	[2018-06-27 12:25:36:763] <17634> END chkfake  Laptime:[0.001sec]
INFO	[2018-06-27 12:25:36:763] <17634> ===============================================================
INFO	[2018-06-27 12:26:10:44] <18518> START INIPHP chkfake (V5036-141209)(OS:Linux2.6.32-696.18.7.el6.x86_64,PHP:5.5.17p1)
DEBUG	[2018-06-27 12:26:10:44] <18518> inipayhome:/home/hosting_users/ilearning3/www/inipay
DEBUG	[2018-06-27 12:26:10:44] <18518> type:chkfake
DEBUG	[2018-06-27 12:26:10:44] <18518> debug:true
DEBUG	[2018-06-27 12:26:10:44] <18518> enctype:asym
DEBUG	[2018-06-27 12:26:10:44] <18518> admin:1111
DEBUG	[2018-06-27 12:26:10:44] <18518> checkopt:false
DEBUG	[2018-06-27 12:26:10:44] <18518> mid:obmms20151
DEBUG	[2018-06-27 12:26:10:44] <18518> price:550000
DEBUG	[2018-06-27 12:26:10:44] <18518> nointerest:no
DEBUG	[2018-06-27 12:26:10:44] <18518> quotabase:ÏÑ†ÌÉù:ÏùºÏãúÎ∂à:2Í∞úÏõî:3Í∞úÏõî:6Í∞úÏõî
INFO	[2018-06-27 12:26:10:44] <18518> Check Field OK
INFO	[2018-06-27 12:26:10:44] <18518> MERCHANT PRIV KEY LOAD OK
INFO	[2018-06-27 12:26:10:44] <18518> MERCHANT PUB KEY LOAD OK []
INFO	[2018-06-27 12:26:10:45] <18518> CHKFAKE KEY MAKE OK:MjAxODA2MjcxMjI2MTAwNDQ1NjAwNg==

INFO	[2018-06-27 12:26:10:45] <18518> END chkfake  Laptime:[0.001sec]
INFO	[2018-06-27 12:26:10:45] <18518> ===============================================================
INFO	[2018-06-27 12:28:49:221] <16657> START INIPHP chkfake (V5036-141209)(OS:Linux2.6.32-696.18.7.el6.x86_64,PHP:5.5.17p1)
DEBUG	[2018-06-27 12:28:49:221] <16657> inipayhome:/home/hosting_users/ilearning3/www/inipay
DEBUG	[2018-06-27 12:28:49:221] <16657> type:chkfake
DEBUG	[2018-06-27 12:28:49:221] <16657> debug:true
DEBUG	[2018-06-27 12:28:49:221] <16657> enctype:asym
DEBUG	[2018-06-27 12:28:49:221] <16657> admin:1111
DEBUG	[2018-06-27 12:28:49:221] <16657> checkopt:false
DEBUG	[2018-06-27 12:28:49:221] <16657> mid:obmms20151
DEBUG	[2018-06-27 12:28:49:221] <16657> price:550000
DEBUG	[2018-06-27 12:28:49:221] <16657> nointerest:no
DEBUG	[2018-06-27 12:28:49:221] <16657> quotabase:ÏÑ†ÌÉù:ÏùºÏãúÎ∂à:2Í∞úÏõî:3Í∞úÏõî:6Í∞úÏõî
INFO	[2018-06-27 12:28:49:222] <16657> Check Field OK
INFO	[2018-06-27 12:28:49:222] <16657> MERCHANT PRIV KEY LOAD OK
INFO	[2018-06-27 12:28:49:222] <16657> MERCHANT PUB KEY LOAD OK []
INFO	[2018-06-27 12:28:49:223] <16657> CHKFAKE KEY MAKE OK:MjAxODA2MjcxMjI4NDkyMjM2Mzk5NQ==

INFO	[2018-06-27 12:28:49:223] <16657> END chkfake  Laptime:[0.002sec]
INFO	[2018-06-27 12:28:49:223] <16657> ===============================================================
INFO	[2018-06-27 13:09:27:798] <17633> START INIPHP chkfake (V5036-141209)(OS:Linux2.6.32-696.18.7.el6.x86_64,PHP:5.5.17p1)
DEBUG	[2018-06-27 13:09:27:798] <17633> inipayhome:/home/hosting_users/ilearning3/www/inipay
DEBUG	[2018-06-27 13:09:27:798] <17633> type:chkfake
DEBUG	[2018-06-27 13:09:27:798] <17633> debug:true
DEBUG	[2018-06-27 13:09:27:798] <17633> enctype:asym
DEBUG	[2018-06-27 13:09:27:798] <17633> admin:1111
DEBUG	[2018-06-27 13:09:27:798] <17633> checkopt:false
DEBUG	[2018-06-27 13:09:27:798] <17633> mid:obmms20151
DEBUG	[2018-06-27 13:09:27:798] <17633> price:550000
DEBUG	[2018-06-27 13:09:27:798] <17633> nointerest:no
DEBUG	[2018-06-27 13:09:27:798] <17633> quotabase:ÏÑ†ÌÉù:ÏùºÏãúÎ∂à:2Í∞úÏõî:3Í∞úÏõî:6Í∞úÏõî
INFO	[2018-06-27 13:09:27:798] <17633> Check Field OK
INFO	[2018-06-27 13:09:27:798] <17633> MERCHANT PRIV KEY LOAD OK
INFO	[2018-06-27 13:09:27:798] <17633> MERCHANT PUB KEY LOAD OK []
INFO	[2018-06-27 13:09:27:799] <17633> CHKFAKE KEY MAKE OK:MjAxODA2MjcxMzA5Mjc3OTgyNTc2Nw==

INFO	[2018-06-27 13:09:27:799] <17633> END chkfake  Laptime:[0.001sec]
INFO	[2018-06-27 13:09:27:799] <17633> ===============================================================
INFO	[2018-06-27 13:10:13:873] <16904> START INIPHP chkfake (V5036-141209)(OS:Linux2.6.32-696.18.7.el6.x86_64,PHP:5.5.17p1)
DEBUG	[2018-06-27 13:10:13:873] <16904> inipayhome:/home/hosting_users/ilearning3/www/inipay
DEBUG	[2018-06-27 13:10:13:873] <16904> type:chkfake
DEBUG	[2018-06-27 13:10:13:873] <16904> debug:true
DEBUG	[2018-06-27 13:10:13:873] <16904> enctype:asym
DEBUG	[2018-06-27 13:10:13:873] <16904> admin:1111
DEBUG	[2018-06-27 13:10:13:873] <16904> checkopt:false
DEBUG	[2018-06-27 13:10:13:873] <16904> mid:obmms20151
DEBUG	[2018-06-27 13:10:13:873] <16904> price:550000
DEBUG	[2018-06-27 13:10:13:873] <16904> nointerest:no
DEBUG	[2018-06-27 13:10:13:873] <16904> quotabase:
ERROR	[2018-06-27 13:10:14:2] <16904> « ºˆ«◊∏Ò(quotabase)¿Ã ¥©∂Ùµ«æ˙Ω¿¥œ¥Ÿ.
INFO	[2018-06-27 13:10:14:2] <16904> END chkfake [TX9004|« ºˆ«◊∏Ò(quotabase)¿Ã ¥©∂Ùµ«æ˙Ω¿¥œ¥Ÿ.] Laptime:[0.129sec]
INFO	[2018-06-27 13:10:14:2] <16904> ===============================================================
INFO	[2018-06-27 13:10:23:851] <18066> START INIPHP chkfake (V5036-141209)(OS:Linux2.6.32-696.18.7.el6.x86_64,PHP:5.5.17p1)
DEBUG	[2018-06-27 13:10:23:851] <18066> inipayhome:/home/hosting_users/ilearning3/www/inipay
DEBUG	[2018-06-27 13:10:23:851] <18066> type:chkfake
DEBUG	[2018-06-27 13:10:23:851] <18066> debug:true
DEBUG	[2018-06-27 13:10:23:851] <18066> enctype:asym
DEBUG	[2018-06-27 13:10:23:851] <18066> admin:1111
DEBUG	[2018-06-27 13:10:23:851] <18066> checkopt:false
DEBUG	[2018-06-27 13:10:23:851] <18066> mid:obmms20151
DEBUG	[2018-06-27 13:10:23:851] <18066> price:11000
DEBUG	[2018-06-27 13:10:23:851] <18066> nointerest:no
DEBUG	[2018-06-27 13:10:23:851] <18066> quotabase:
ERROR	[2018-06-27 13:10:23:852] <18066> « ºˆ«◊∏Ò(quotabase)¿Ã ¥©∂Ùµ«æ˙Ω¿¥œ¥Ÿ.
INFO	[2018-06-27 13:10:23:852] <18066> END chkfake [TX9004|« ºˆ«◊∏Ò(quotabase)¿Ã ¥©∂Ùµ«æ˙Ω¿¥œ¥Ÿ.] Laptime:[0.001sec]
INFO	[2018-06-27 13:10:23:852] <18066> ===============================================================
INFO	[2018-06-27 13:10:36:912] <16657> START INIPHP chkfake (V5036-141209)(OS:Linux2.6.32-696.18.7.el6.x86_64,PHP:5.5.17p1)
DEBUG	[2018-06-27 13:10:36:912] <16657> inipayhome:/home/hosting_users/ilearning3/www/inipay
DEBUG	[2018-06-27 13:10:36:912] <16657> type:chkfake
DEBUG	[2018-06-27 13:10:36:912] <16657> debug:true
DEBUG	[2018-06-27 13:10:36:912] <16657> enctype:asym
DEBUG	[2018-06-27 13:10:36:912] <16657> admin:1111
DEBUG	[2018-06-27 13:10:36:912] <16657> checkopt:false
DEBUG	[2018-06-27 13:10:36:912] <16657> mid:obmms20151
DEBUG	[2018-06-27 13:10:36:912] <16657> price:550000
DEBUG	[2018-06-27 13:10:36:912] <16657> nointerest:no
DEBUG	[2018-06-27 13:10:36:912] <16657> quotabase:
ERROR	[2018-06-27 13:10:36:913] <16657> « ºˆ«◊∏Ò(quotabase)¿Ã ¥©∂Ùµ«æ˙Ω¿¥œ¥Ÿ.
INFO	[2018-06-27 13:10:36:913] <16657> END chkfake [TX9004|« ºˆ«◊∏Ò(quotabase)¿Ã ¥©∂Ùµ«æ˙Ω¿¥œ¥Ÿ.] Laptime:[0.002sec]
INFO	[2018-06-27 13:10:36:913] <16657> ===============================================================
INFO	[2018-06-27 13:10:41:156] <17644> START INIPHP chkfake (V5036-141209)(OS:Linux2.6.32-696.18.7.el6.x86_64,PHP:5.5.17p1)
DEBUG	[2018-06-27 13:10:41:156] <17644> inipayhome:/home/hosting_users/ilearning3/www/inipay
DEBUG	[2018-06-27 13:10:41:156] <17644> type:chkfake
DEBUG	[2018-06-27 13:10:41:156] <17644> debug:true
DEBUG	[2018-06-27 13:10:41:156] <17644> enctype:asym
DEBUG	[2018-06-27 13:10:41:156] <17644> admin:1111
DEBUG	[2018-06-27 13:10:41:156] <17644> checkopt:false
DEBUG	[2018-06-27 13:10:41:156] <17644> mid:obmms20151
DEBUG	[2018-06-27 13:10:41:156] <17644> price:550000
DEBUG	[2018-06-27 13:10:41:156] <17644> nointerest:no
DEBUG	[2018-06-27 13:10:41:156] <17644> quotabase:
ERROR	[2018-06-27 13:10:41:158] <17644> « ºˆ«◊∏Ò(quotabase)¿Ã ¥©∂Ùµ«æ˙Ω¿¥œ¥Ÿ.
INFO	[2018-06-27 13:10:41:158] <17644> END chkfake [TX9004|« ºˆ«◊∏Ò(quotabase)¿Ã ¥©∂Ùµ«æ˙Ω¿¥œ¥Ÿ.] Laptime:[0.002sec]
INFO	[2018-06-27 13:10:41:158] <17644> ===============================================================
INFO	[2018-06-27 13:10:56:314] <18650> START INIPHP chkfake (V5036-141209)(OS:Linux2.6.32-696.18.7.el6.x86_64,PHP:5.5.17p1)
DEBUG	[2018-06-27 13:10:56:314] <18650> inipayhome:/home/hosting_users/ilearning3/www/inipay
DEBUG	[2018-06-27 13:10:56:314] <18650> type:chkfake
DEBUG	[2018-06-27 13:10:56:314] <18650> debug:true
DEBUG	[2018-06-27 13:10:56:314] <18650> enctype:asym
DEBUG	[2018-06-27 13:10:56:314] <18650> admin:1111
DEBUG	[2018-06-27 13:10:56:314] <18650> checkopt:false
DEBUG	[2018-06-27 13:10:56:314] <18650> mid:obmms20151
DEBUG	[2018-06-27 13:10:56:314] <18650> price:550000
DEBUG	[2018-06-27 13:10:56:314] <18650> nointerest:no
DEBUG	[2018-06-27 13:10:56:314] <18650> quotabase:ÏÑ†ÌÉù
INFO	[2018-06-27 13:10:56:315] <18650> Check Field OK
INFO	[2018-06-27 13:10:56:315] <18650> MERCHANT PRIV KEY LOAD OK
INFO	[2018-06-27 13:10:56:315] <18650> MERCHANT PUB KEY LOAD OK []
INFO	[2018-06-27 13:10:56:315] <18650> CHKFAKE KEY MAKE OK:MjAxODA2MjcxMzEwNTYzMTU5NDQ1Ng==

INFO	[2018-06-27 13:10:56:315] <18650> END chkfake  Laptime:[0.001sec]
INFO	[2018-06-27 13:10:56:315] <18650> ===============================================================
INFO	[2018-06-27 13:11:20:855] <17633> START INIPHP chkfake (V5036-141209)(OS:Linux2.6.32-696.18.7.el6.x86_64,PHP:5.5.17p1)
DEBUG	[2018-06-27 13:11:20:855] <17633> inipayhome:/home/hosting_users/ilearning3/www/inipay
DEBUG	[2018-06-27 13:11:20:855] <17633> type:chkfake
DEBUG	[2018-06-27 13:11:20:855] <17633> debug:true
DEBUG	[2018-06-27 13:11:20:855] <17633> enctype:asym
DEBUG	[2018-06-27 13:11:20:855] <17633> admin:1111
DEBUG	[2018-06-27 13:11:20:855] <17633> checkopt:false
DEBUG	[2018-06-27 13:11:20:855] <17633> mid:obmms20151
DEBUG	[2018-06-27 13:11:20:855] <17633> price:11000
DEBUG	[2018-06-27 13:11:20:855] <17633> nointerest:no
DEBUG	[2018-06-27 13:11:20:855] <17633> quotabase:ÏùºÏãúÎ∂à:2Í∞úÏõî:3Í∞úÏõî:6Í∞úÏõî
INFO	[2018-06-27 13:11:20:855] <17633> Check Field OK
INFO	[2018-06-27 13:11:20:855] <17633> MERCHANT PRIV KEY LOAD OK
INFO	[2018-06-27 13:11:20:855] <17633> MERCHANT PUB KEY LOAD OK []
INFO	[2018-06-27 13:11:20:856] <17633> CHKFAKE KEY MAKE OK:MjAxODA2MjcxMzExMjA4NTU0MjQ1MA==

INFO	[2018-06-27 13:11:20:856] <17633> END chkfake  Laptime:[0.001sec]
INFO	[2018-06-27 13:11:20:856] <17633> ===============================================================
INFO	[2018-06-27 13:11:42:859] <18665> START INIPHP chkfake (V5036-141209)(OS:Linux2.6.32-696.18.7.el6.x86_64,PHP:5.5.17p1)
DEBUG	[2018-06-27 13:11:42:859] <18665> inipayhome:/home/hosting_users/ilearning3/www/inipay
DEBUG	[2018-06-27 13:11:42:859] <18665> type:chkfake
DEBUG	[2018-06-27 13:11:42:859] <18665> debug:true
DEBUG	[2018-06-27 13:11:42:859] <18665> enctype:asym
DEBUG	[2018-06-27 13:11:42:859] <18665> admin:1111
DEBUG	[2018-06-27 13:11:42:859] <18665> checkopt:false
DEBUG	[2018-06-27 13:11:42:859] <18665> mid:obmms20151
DEBUG	[2018-06-27 13:11:42:859] <18665> price:550000
DEBUG	[2018-06-27 13:11:42:859] <18665> nointerest:no
DEBUG	[2018-06-27 13:11:42:859] <18665> quotabase:ÏùºÏãúÎ∂à:2Í∞úÏõî:3Í∞úÏõî:6Í∞úÏõî
INFO	[2018-06-27 13:11:42:859] <18665> Check Field OK
INFO	[2018-06-27 13:11:42:859] <18665> MERCHANT PRIV KEY LOAD OK
INFO	[2018-06-27 13:11:42:859] <18665> MERCHANT PUB KEY LOAD OK []
INFO	[2018-06-27 13:11:42:860] <18665> CHKFAKE KEY MAKE OK:MjAxODA2MjcxMzExNDI4NTk5NDYxNg==

INFO	[2018-06-27 13:11:42:860] <18665> END chkfake  Laptime:[0.001sec]
INFO	[2018-06-27 13:11:42:860] <18665> ===============================================================
INFO	[2018-06-27 13:12:21:391] <16677> START INIPHP chkfake (V5036-141209)(OS:Linux2.6.32-696.18.7.el6.x86_64,PHP:5.5.17p1)
DEBUG	[2018-06-27 13:12:21:391] <16677> inipayhome:/home/hosting_users/ilearning3/www/inipay
DEBUG	[2018-06-27 13:12:21:391] <16677> type:chkfake
DEBUG	[2018-06-27 13:12:21:391] <16677> debug:true
DEBUG	[2018-06-27 13:12:21:391] <16677> enctype:asym
DEBUG	[2018-06-27 13:12:21:391] <16677> admin:1111
DEBUG	[2018-06-27 13:12:21:391] <16677> checkopt:false
DEBUG	[2018-06-27 13:12:21:391] <16677> mid:obmms20151
DEBUG	[2018-06-27 13:12:21:391] <16677> price:550000
DEBUG	[2018-06-27 13:12:21:391] <16677> nointerest:no
DEBUG	[2018-06-27 13:12:21:391] <16677> quotabase:ÏùºÏãúÎ∂à
INFO	[2018-06-27 13:12:21:392] <16677> Check Field OK
INFO	[2018-06-27 13:12:21:392] <16677> MERCHANT PRIV KEY LOAD OK
INFO	[2018-06-27 13:12:21:392] <16677> MERCHANT PUB KEY LOAD OK []
INFO	[2018-06-27 13:12:21:393] <16677> CHKFAKE KEY MAKE OK:MjAxODA2MjcxMzEyMjEzOTI1OTk5Mg==

INFO	[2018-06-27 13:12:21:393] <16677> END chkfake  Laptime:[0.001sec]
INFO	[2018-06-27 13:12:21:393] <16677> ===============================================================
INFO	[2018-06-27 13:14:23:415] <18419> START INIPHP chkfake (V5036-141209)(OS:Linux2.6.32-696.18.7.el6.x86_64,PHP:5.5.17p1)
DEBUG	[2018-06-27 13:14:23:415] <18419> inipayhome:/home/hosting_users/ilearning3/www/inipay
DEBUG	[2018-06-27 13:14:23:415] <18419> type:chkfake
DEBUG	[2018-06-27 13:14:23:415] <18419> debug:true
DEBUG	[2018-06-27 13:14:23:415] <18419> enctype:asym
DEBUG	[2018-06-27 13:14:23:415] <18419> admin:1111
DEBUG	[2018-06-27 13:14:23:415] <18419> checkopt:false
DEBUG	[2018-06-27 13:14:23:415] <18419> mid:obmms20151
DEBUG	[2018-06-27 13:14:23:415] <18419> price:550000
DEBUG	[2018-06-27 13:14:23:415] <18419> nointerest:no
DEBUG	[2018-06-27 13:14:23:415] <18419> quotabase:ÏùºÏãúÎ∂à
INFO	[2018-06-27 13:14:23:415] <18419> Check Field OK
INFO	[2018-06-27 13:14:23:415] <18419> MERCHANT PRIV KEY LOAD OK
INFO	[2018-06-27 13:14:23:416] <18419> MERCHANT PUB KEY LOAD OK []
INFO	[2018-06-27 13:14:23:416] <18419> CHKFAKE KEY MAKE OK:MjAxODA2MjcxMzE0MjM0MTY5NTY1Ng==

INFO	[2018-06-27 13:14:23:416] <18419> END chkfake  Laptime:[0.001sec]
INFO	[2018-06-27 13:14:23:416] <18419> ===============================================================
INFO	[2018-06-27 13:15:04:10] <17361> START INIPHP chkfake (V5036-141209)(OS:Linux2.6.32-696.18.7.el6.x86_64,PHP:5.5.17p1)
DEBUG	[2018-06-27 13:15:04:10] <17361> inipayhome:/home/hosting_users/ilearning3/www/inipay
DEBUG	[2018-06-27 13:15:04:10] <17361> type:chkfake
DEBUG	[2018-06-27 13:15:04:10] <17361> debug:true
DEBUG	[2018-06-27 13:15:04:10] <17361> enctype:asym
DEBUG	[2018-06-27 13:15:04:10] <17361> admin:1111
DEBUG	[2018-06-27 13:15:04:10] <17361> checkopt:false
DEBUG	[2018-06-27 13:15:04:10] <17361> mid:obmms20151
DEBUG	[2018-06-27 13:15:04:10] <17361> price:550000
DEBUG	[2018-06-27 13:15:04:10] <17361> nointerest:no
DEBUG	[2018-06-27 13:15:04:10] <17361> quotabase:ÏùºÏãúÎ∂à
INFO	[2018-06-27 13:15:04:10] <17361> Check Field OK
INFO	[2018-06-27 13:15:04:10] <17361> MERCHANT PRIV KEY LOAD OK
INFO	[2018-06-27 13:15:04:10] <17361> MERCHANT PUB KEY LOAD OK []
INFO	[2018-06-27 13:15:04:11] <17361> CHKFAKE KEY MAKE OK:MjAxODA2MjcxMzE1MDQwMTA5NzQ5NA==

INFO	[2018-06-27 13:15:04:11] <17361> END chkfake  Laptime:[0.002sec]
INFO	[2018-06-27 13:15:04:11] <17361> ===============================================================
INFO	[2018-06-27 14:31:05:617] <127874> START INIPHP chkfake (V5036-141209)(OS:Linux2.6.32-696.18.7.el6.x86_64,PHP:5.5.17p1)
DEBUG	[2018-06-27 14:31:05:617] <127874> inipayhome:/home/hosting_users/ilearning3/www/inipay
DEBUG	[2018-06-27 14:31:05:617] <127874> type:chkfake
DEBUG	[2018-06-27 14:31:05:617] <127874> debug:true
DEBUG	[2018-06-27 14:31:05:617] <127874> enctype:asym
DEBUG	[2018-06-27 14:31:05:617] <127874> admin:1111
DEBUG	[2018-06-27 14:31:05:617] <127874> checkopt:false
DEBUG	[2018-06-27 14:31:05:617] <127874> mid:obmms20151
DEBUG	[2018-06-27 14:31:05:617] <127874> price:550000
DEBUG	[2018-06-27 14:31:05:617] <127874> nointerest:no
DEBUG	[2018-06-27 14:31:05:617] <127874> quotabase:ÏùºÏãúÎ∂à
INFO	[2018-06-27 14:31:05:617] <127874> Check Field OK
INFO	[2018-06-27 14:31:05:618] <127874> MERCHANT PRIV KEY LOAD OK
INFO	[2018-06-27 14:31:05:618] <127874> MERCHANT PUB KEY LOAD OK []
INFO	[2018-06-27 14:31:05:618] <127874> CHKFAKE KEY MAKE OK:MjAxODA2MjcxNDMxMDU2MTg5MzU1OQ==

INFO	[2018-06-27 14:31:05:618] <127874> END chkfake  Laptime:[0.001sec]
INFO	[2018-06-27 14:31:05:618] <127874> ===============================================================
INFO	[2018-06-27 14:31:19:330] <127858> START INIPHP chkfake (V5036-141209)(OS:Linux2.6.32-696.18.7.el6.x86_64,PHP:5.5.17p1)
DEBUG	[2018-06-27 14:31:19:330] <127858> inipayhome:/home/hosting_users/ilearning3/www/inipay
DEBUG	[2018-06-27 14:31:19:330] <127858> type:chkfake
DEBUG	[2018-06-27 14:31:19:330] <127858> debug:true
DEBUG	[2018-06-27 14:31:19:330] <127858> enctype:asym
DEBUG	[2018-06-27 14:31:19:330] <127858> admin:1111
DEBUG	[2018-06-27 14:31:19:330] <127858> checkopt:false
DEBUG	[2018-06-27 14:31:19:330] <127858> mid:obmms20151
DEBUG	[2018-06-27 14:31:19:330] <127858> price:11000
DEBUG	[2018-06-27 14:31:19:330] <127858> nointerest:no
DEBUG	[2018-06-27 14:31:19:330] <127858> quotabase:ÏùºÏãúÎ∂à
INFO	[2018-06-27 14:31:19:330] <127858> Check Field OK
INFO	[2018-06-27 14:31:19:330] <127858> MERCHANT PRIV KEY LOAD OK
INFO	[2018-06-27 14:31:19:330] <127858> MERCHANT PUB KEY LOAD OK []
INFO	[2018-06-27 14:31:19:331] <127858> CHKFAKE KEY MAKE OK:MjAxODA2MjcxNDMxMTkzMzAyODQ4NQ==

INFO	[2018-06-27 14:31:19:331] <127858> END chkfake  Laptime:[0.001sec]
INFO	[2018-06-27 14:31:19:331] <127858> ===============================================================
INFO	[2018-06-27 14:31:50:281] <128548> START INIPHP chkfake (V5036-141209)(OS:Linux2.6.32-696.18.7.el6.x86_64,PHP:5.5.17p1)
DEBUG	[2018-06-27 14:31:50:281] <128548> inipayhome:/home/hosting_users/ilearning3/www/inipay
DEBUG	[2018-06-27 14:31:50:281] <128548> type:chkfake
DEBUG	[2018-06-27 14:31:50:281] <128548> debug:true
DEBUG	[2018-06-27 14:31:50:281] <128548> enctype:asym
DEBUG	[2018-06-27 14:31:50:281] <128548> admin:1111
DEBUG	[2018-06-27 14:31:50:281] <128548> checkopt:false
DEBUG	[2018-06-27 14:31:50:281] <128548> mid:obmms20151
DEBUG	[2018-06-27 14:31:50:281] <128548> price:550000
DEBUG	[2018-06-27 14:31:50:281] <128548> nointerest:no
DEBUG	[2018-06-27 14:31:50:281] <128548> quotabase:ÏùºÏãúÎ∂à
INFO	[2018-06-27 14:31:50:281] <128548> Check Field OK
INFO	[2018-06-27 14:31:50:281] <128548> MERCHANT PRIV KEY LOAD OK
INFO	[2018-06-27 14:31:50:281] <128548> MERCHANT PUB KEY LOAD OK []
INFO	[2018-06-27 14:31:50:282] <128548> CHKFAKE KEY MAKE OK:MjAxODA2MjcxNDMxNTAyODE1NjA3NQ==

INFO	[2018-06-27 14:31:50:282] <128548> END chkfake  Laptime:[0.001sec]
INFO	[2018-06-27 14:31:50:282] <128548> ===============================================================
INFO	[2018-06-27 14:34:44:766] <99141> START INIPHP securepay (V5036-141209)(OS:Linux2.6.32-696.18.7.el6.x86_64,PHP:5.5.17p1)
DEBUG	[2018-06-27 14:34:44:766] <99141> inipayhome:/home/hosting_users/ilearning3/www/inipay
DEBUG	[2018-06-27 14:34:44:766] <99141> type:securepay
DEBUG	[2018-06-27 14:34:44:766] <99141> pgid:INIphpISP_
DEBUG	[2018-06-27 14:34:44:766] <99141> subpgip:203.238.3.10
DEBUG	[2018-06-27 14:34:44:766] <99141> admin:1111
DEBUG	[2018-06-27 14:34:44:766] <99141> debug:true
DEBUG	[2018-06-27 14:34:44:766] <99141> uid:
DEBUG	[2018-06-27 14:34:44:766] <99141> goodname:∞≠ªÁ∆Øæ‡
DEBUG	[2018-06-27 14:34:44:766] <99141> currency:WON
DEBUG	[2018-06-27 14:34:44:766] <99141> mid:obmms20151
DEBUG	[2018-06-27 14:34:44:766] <99141> rn:MjAxODA2MjcxNDMxNTAyODE1NjA3NQ==

DEBUG	[2018-06-27 14:34:44:766] <99141> price:550000
DEBUG	[2018-06-27 14:34:44:766] <99141> enctype:
DEBUG	[2018-06-27 14:34:44:766] <99141> buyername:π⁄º±»£
DEBUG	[2018-06-27 14:34:44:766] <99141> buyertel:010-9394-0104
DEBUG	[2018-06-27 14:34:44:766] <99141> buyeremail:ssunni72@nate.com
DEBUG	[2018-06-27 14:34:44:766] <99141> paymethod:VCard
DEBUG	[2018-06-27 14:34:44:766] <99141> encrypted:Version=4.1&PayMethod=VCard&RsaKeyNum=1&EncryptionAlgorithm=NONE&SignAlgorithm=SHA1WithRSAEncryption&CertVer=39&moid=11729_180627023150&ver_trace=main(6109,6065)vcard(6115)card(6183,6157)n(6009)Cs(6025)Dt(6002)Pa(6002)Cf(6025)Fv(0000)La(6183)Re(6135)Vr(6008)P(6034)en(6069)&pg1=203.238.37.3&pg2=211.219.96.180&pg1ip=203.238.37.3&pg2ip=211.219.96.180&agreeflag=1111&rn=3/jEtW8/AExd1D6A2+MTD5K7uqNxnBLf6GQiM7WSizo=
&VCode=05020404003191I&VQuota=00&VNoint=0&ip=192.168.0.18&mac=D43D7E2C2C2F&cardpoint=9&custemail=ssunni72@nate.com&price=4uDsrkVGdEsgjm3Is8QxAqyAlYVYtDDTlg==
&below1000=0&encisp=0&pgnoint=0&VKBPoint=&VSessionKey=PHj6BSgcT%2bkqnC8KXnBFY8nCnTwccRfrde5bvtkcWAODIUxALqyJZlqCc3j3m7x7%0abbHxg9BrurOSZjRyZaXgw0cZb9IIjZGXjq81Vm10FCj2cTQfGl7nC%2bCBb1GF4%2f2o%0a1bvALWhU2JodI%2fuqx0nlOWDcPe97PsuuQl%2bTXODI8Fk%3d%0a&Data=Version%3d1.0%26KeyFlag%3d1%26KeyNum%3d1%26EncryptAlgorithm%3dSEED%2dCBC%26SignAlgorithm%3dsha256WithRSAEncryption%26Data%3d6nwaqcY7LyE2Za9%2fjaemkNuG96gsTbe%2fn0M9oRxiZQ8g%2fSqf61ey1PfH80hyFPjK%250aE%252bLL%252b6l3bDNmpaklCDIQwxJM3xDUqOyMa7iX%2fI%252bgacg%253d%250a%26PubCert%3d%26PluginVer%3d5060%26eISPVer%3d2107&FDS_TransKey=30E22262F9A04a398D3E661778FBC598&FDS_SVCType=010100&FDS_CheckResult=T&KCare_Code=&KCare_Price=0&ts=180627143443WJ4bhPPZsScD6F6xL3PH5w001071&src_flg=0&OSv=IE11_Win10 6.03.9600 Professional_64B (GSCDN) (notray:J) [obmms20151] (61_secuni_npapi)&ip2=119.196.57.78
DEBUG	[2018-06-27 14:34:44:766] <99141> sessionkey:VCard
DEBUG	[2018-06-27 14:34:44:766] <99141> url:http://www.obmms.net
DEBUG	[2018-06-27 14:34:44:766] <99141> cardcode:06
DEBUG	[2018-06-27 14:34:44:766] <99141> parentemail:ssunni72@nate.com
DEBUG	[2018-06-27 14:34:44:766] <99141> recvname:
DEBUG	[2018-06-27 14:34:44:766] <99141> recvtel:
DEBUG	[2018-06-27 14:34:44:766] <99141> recvaddr:
DEBUG	[2018-06-27 14:34:44:766] <99141> recvpostnum:
DEBUG	[2018-06-27 14:34:44:766] <99141> recvmsg:
DEBUG	[2018-06-27 14:34:44:766] <99141> joincard:
DEBUG	[2018-06-27 14:34:44:766] <99141> joinexpire:
DEBUG	[2018-06-27 14:34:44:766] <99141> id_customer:
INFO	[2018-06-27 14:34:44:766] <99141> Check Field OK
INFO	[2018-06-27 14:34:44:766] <99141> Make TID OK INIphpISP_obmms2015120180627143444668076
INFO	[2018-06-27 14:34:44:766] <99141> PI PUB KEY LOAD OK [39]
INFO	[2018-06-27 14:34:44:842] <99141> PG PUB KEY LOAD OK [30]
INFO	[2018-06-27 14:34:44:842] <99141> MERCHANT PRIV KEY LOAD OK
INFO	[2018-06-27 14:34:44:842] <99141> MERCHANT PUB KEY LOAD OK [0]
INFO	[2018-06-27 14:34:44:843] <99141> MAKE BODY OK
INFO	[2018-06-27 14:34:44:844] <99141> SIGN OK
INFO	[2018-06-27 14:34:44:844] <99141> MAKE HEAD OK
INFO	[2018-06-27 14:34:44:844] <99141> MSG_TO_PG:[0305000175R SHA1                   0                  39                  300200obmms20151              550000INIphpISP_obmms2015120180627143444668076<?xml version="1.0" encoding="UTF-8"?>
<INIpay>
	  <GoodsInfo>
	    <GoodsCnt>1</GoodsCnt>
	    <MOID/>
	    <Currency>WON</Currency>
	    <Tax/>
	    <TaxFree/>
	    <Goods>
	      <SMID>obmms20151</SMID>
	      <GoodsName urlencode="1">%B0%AD%BB%E7%C6%AF%BE%E0</GoodsName>
	      <GoodsPrice>550000</GoodsPrice></Goods></GoodsInfo>
	  <BuyerInfo>
	    <BuyerName urlencode="1">%B9%DA%BC%B1%C8%A3</BuyerName>
	    <BuyerTel>010-9394-0104</BuyerTel>
	    <BuyerEmail urlencode="1">ssunni72%40nate.com</BuyerEmail>
	    <ParentEmail urlencode="1">ssunni72%40nate.com</ParentEmail>
	    <RecvName/>
	    <RecvTel/>
	    <RecvMsg/>
	    <RecvAddr/>
	    <RecvPostNum/></BuyerInfo>
	  <PaymentInfo>
	    <Payment>
	      <PayMethod>VCard</PayMethod>
	      <JoinCard/>
	      <JoinExpire/>
	      <MailOrder/>
	      <SessionKey>VCard</SessionKey>
	      <Encrypted urlencode="1">Version%3D4.1%26PayMethod%3DVCard%26RsaKeyNum%3D1%26EncryptionAlgorithm%3DNONE%26SignAlgorithm%3DSHA1WithRSAEncryption%26CertVer%3D39%26moid%3D11729_180627023150%26ver_trace%3Dmain%286109%2C6065%29vcard%286115%29card%286183%2C6157%29n%286009%29Cs%286025%29Dt%286002%29Pa%286002%29Cf%286025%29Fv%280000%29La%286183%29Re%286135%29Vr%286008%29P%286034%29en%286069%29%26pg1%3D203.238.37.3%26pg2%3D211.219.96.180%26pg1ip%3D203.238.37.3%26pg2ip%3D211.219.96.180%26agreeflag%3D1111%26rn%3D3%2FjEtW8%2FAExd1D6A2%2BMTD5K7uqNxnBLf6GQiM7WSizo%3D%0D%0A%26VCode%3D05020404003191I%26VQuota%3D00%26VNoint%3D0%26ip%3D192.168.0.18%26mac%3DD43D7E2C2C2F%26cardpoint%3D9%26custemail%3Dssunni72%40nate.com%26price%3D4uDsrkVGdEsgjm3Is8QxAqyAlYVYtDDTlg%3D%3D%0D%0A%26below1000%3D0%26encisp%3D0%26pgnoint%3D0%26VKBPoint%3D%26VSessionKey%3DPHj6BSgcT%252bkqnC8KXnBFY8nCnTwccRfrde5bvtkcWAODIUxALqyJZlqCc3j3m7x7%250abbHxg9BrurOSZjRyZaXgw0cZb9IIjZGXjq81Vm10FCj2cTQfGl7nC%252bCBb1GF4%252f2o%250a1bvALWhU2JodI%252fuqx0nlOWDcPe97PsuuQl%252bTXODI8Fk%253d%250a%26Data%3DVersion%253d1.0%2526KeyFlag%253d1%2526KeyNum%253d1%2526EncryptAlgorithm%253dSEED%252dCBC%2526SignAlgorithm%253dsha256WithRSAEncryption%2526Data%253d6nwaqcY7LyE2Za9%252fjaemkNuG96gsTbe%252fn0M9oRxiZQ8g%252fSqf61ey1PfH80hyFPjK%25250aE%25252bLL%25252b6l3bDNmpaklCDIQwxJM3xDUqOyMa7iX%252fI%25252bgacg%25253d%25250a%2526PubCert%253d%2526PluginVer%253d5060%2526eISPVer%253d2107%26FDS_TransKey%3D30E22262F9A04a398D3E661778FBC598%26FDS_SVCType%3D010100%26FDS_CheckResult%3DT%26KCare_Code%3D%26KCare_Price%3D0%26ts%3D180627143443WJ4bhPPZsScD6F6xL3PH5w001071%26src_flg%3D0%26OSv%3DIE11_Win10+6.03.9600+Professional_64B+%28GSCDN%29+%28notray%3AJ%29+%5Bobmms20151%5D+%2861_secuni_npapi%29%26ip2%3D119.196.57.78</Encrypted></Payment></PaymentInfo>
	  <ReservedInfo>
	    <MReserved1/>
	    <MReserved2/>
	    <MReserved3/></ReservedInfo>
	  <ManageInfo>
	    <Language/>
	    <URL urlencode="1">http%3A%2F%2Fwww.obmms.net</URL>
	    <TXVersion>5036B141209securLinux     PHPchkfake   2.6.32-696.18.7.el6.x86_64PHP:</TXVersion>
	    <TXUserID/>
	    <TXRegNum/>
	    <Ack>1</Ack>
	    <TXRN>MjAxODA2MjcxNDMxNTAyODE1NjA3NQ==
</TXRN></ManageInfo></INIpay>AN1UK3o7o/9JvzabPuloAxe8qX7xUWxVea08S3NS5d7qmdhGhw5ciKPCrP1G7z8Q
sBmlLTyshRTal0AuRmC2GDzw2glBJOPV07dYLp0Lc1bBKXPdrDqMu4yERi3c9dzO
AnBkk9GOgjQuLLa1l9znlyh3AhkXQeI5wFcP91nV8zU6
]
INFO	[2018-06-27 14:34:44:852] <99141> DNS LOOKUP OK(203.238.37.3:203.238.37.3:34049) laptime:0
INFO	[2018-06-27 14:34:44:854] <99141> SOCKET CONNECT OK
INFO	[2018-06-27 14:34:44:854] <99141> SEND OK
INFO	[2018-06-27 14:34:46:181] <99141> RECV OK
INFO	[2018-06-27 14:34:46:181] <99141> MSG_FROM_PG:[0279500175D SHA1                   0                  39                  300210obmms20151              550000INIphpISP_obmms2015120180627143444668076<?xml version="1.0" encoding="UTF-8"?>
<INIpay>
  <GoodsInfo>
    <GoodsCnt>1</GoodsCnt>
    <MOID urlencode="1">11729_180627023150</MOID>
    <Currency>WON</Currency>
    <Goods no="1">
      <SMID>obmms20151</SMID>
      <GoodsName urlencode="1">%B0%AD%BB%E7%C6%AF%BE%E0</GoodsName>
      <GoodsCntS>1</GoodsCntS>
      <GoodsPrice>550000</GoodsPrice>
    </Goods>
  </GoodsInfo>
  <PaymentInfo>
    <Payment>
      <SessionKey>AQfLwJ+P30xkuJ5FTBqcD9kYuXrvmcbuF9doCOFgDZPyXvyui+ILf97SUclORGFC
Ms/CmSP3sNsmRBDc8Mv2JVlxUbjobY19U3vOCVTEAx1eZHLizdBjkIpkpytjytFy
Rn5T+6Y+kj3D752NjDn1rCnTTHGeRxHycc/PeXzdhzQBpWR4+lmqS1c=
</SessionKey>
      <Encrypted>H2dWE7K3pxtwyZOHLzCtAsWT8Vo0c6cCJZEeOPQQrMWOWEcavt0O0Blu5gfBwtWY
7b9IXgkE1fM4hFBB9qnjh56rSoPZYV6JH30hmbKQYZrRxLDhOVwkjPYoZmszqWH/
FCORTostpd2KNVVhb1SWgiWn42eti7LqV14kEoMLQoVV5drTXBbKkh8ZQ6rvP8ks
SZOb9XB+4LR8NYVmRzalUOqRf7iwUxsqD1w5hNqLkJQNkJMdhwt/rc3WiF2m69u3
+mUNEZculTicxkQQkIPcQY2579t6LVE2oyEFakWSmdAAuqMwsnwAgFX5wH8tAjvB
stMN88GH7++s4qJiS0GZYZfNdrNvp45ueyb7DDkVkXUWD4Y5niFe1YsTwYuV0DHK
7+A9Fw+ZHCDVdHe3IKJppgQQGvrRJtAlwJARr2ykeKwTdVLMadWCwnvOlNVhNhn4
sfiaeuMQtP9rEwxHjbIFYKcO51vBlxvQWaJ2x3BSdd2priSuIUz18s33D17042tn
cC3Y41Ph3HVJy1fzBgxafgpLwbi5Nxpcfw7oS/zy7Ssqts8hW6iInFNZrleHtQ5y
1yJBu0M4Gq3q/x/AQmocqc8fwYc4AzNcRQza4/eWSKLuHs+5FjTxZ2Wh+YjBRcvn
pwBrvpMp+IgwOtQBW8pdNPtukhjxo3Zfm3lgkSo2I0wYdGlJL6Ex/yhdYMJM8Chl
0mVjjoYVumSOlmvxoSgsdNRW19gxdDIjSS1V0/8rtoGf8jyprJFSq0A+WiFX64vs
UTrkSW9WBS2C3+p1t/oZiyl9pqaGrzr6BBIWtpcuX/XjTt5/sbBeUt8Keh958hCh
s/ah3epcRIjMXM2yMVw16+oPfgXL5kssjT+uPvng23p7zmEYSFg5M2E3LnUfqfKx
g+wZv/9AGH17b+YZnQ7A5a89acxfXcHn4HQkcWZKE+b6bj2fYZKxUChCeP8ZiXay
iD/PWrrjY+1gfDom/pbsdVSrY/EB044/Le41tT9T27QYMkNfzyDZOCzPqEGRqO02
KYniGqal7HT7hvCYoFlZVt+9plCErlbkO+zFr7rdMPsqYA6kH7N9fLXVbAZRKVNy
tos5FF0zXP/WS7gdS+TOVZaErln2EueDZgh85P3amT3Us7+j7jTaZt2CMOC9BwxD
DDND+tw8CA5I4dqdIBpxVlbQHSBWVfHB+91imbPUT8RX4OF4f29v5tlL7s9yFl8g
Zzi/Dlby0oRpUYYrO3/1f/pMTbEKYVr8c3HhVatMRebyx3uXLsKb1y40KGnzPWlm
VlY9+k6avcGL9z4i0/ubJctqslaqDjNqJQqHKpU6GWnWDIxKYT1IABMfwcFLFH5k
zNoAURoOGwbLS55y3qJwSHPOtrlQe6NbjcwZq+gURrmnpF7nLOKWF6TCioZ9kIFq
hTOtdhr1XgmQHWs0Igh/6IZLeHOE3xqad3XsuSXmTSmrwgvVqcVIv9ICQAG8ph/c
</Encrypted>
      <PayMethod>VCard</PayMethod>
      <ResultCode>170000</ResultCode>
      <ResultMsg urlencode="1">%C1%A4%BB%F3%BF%CF%B7%E1</ResultMsg>
    </Payment>
  </PaymentInfo>
  <ManageInfo>
    <EventCode></EventCode>
    <OrgCurrency></OrgCurrency>
    <ExchangeRate></ExchangeRate>
    <OrgPrice></OrgPrice>
  </ManageInfo>
  <ReservedInfo>
    <MReserved1 urlencode="1"></MReserved1>
    <MReserved2 urlencode="1"></MReserved2>
    <MReserved3 urlencode="1"></MReserved3>
    <PGReserved1 urlencode="1"></PGReserved1>
    <PGReserved2 urlencode="1"></PGReserved2>
    <PGReserved3 urlencode="1"></PGReserved3>
  </ReservedInfo>
</INIpay>
Q1m2AY/7Rm9rN7sNowARYcyNjcSif0EILbkMHrQZ1mnVBZU+RyeEKErMHwLfMBQx
z2TgMzi4YD3o0N/KWOOUeEr/vipCmSMKwu2kAE2oPlYyCl1+RkOwunfFPt24hU+o
31sEAom62UZPCy9DtMA3QK2QdmGIBUvF3No95kywn0Y=
]
INFO	[2018-06-27 14:34:46:181] <99141> VERIFY OK
INFO	[2018-06-27 14:34:46:181] <99141> PARSE HEAD OK
INFO	[2018-06-27 14:34:46:182] <99141> PARSE BODY OK
INFO	[2018-06-27 14:34:46:275] <99141> DECRYPT OK
DEBUG	[2018-06-27 14:34:46:275] <99141> DECRYPT MSG:[<?xml version="1.0" encoding="UTF-8"?>
<PaymentInfo>
  <Payment>
    <EASYPAY/>
    <VCard>
      <ISP_ApplPrice>550000</ISP_ApplPrice>
      <ISP_BankCode>04</ISP_BankCode>
      <ISP_Quota>00</ISP_Quota>
      <ISP_Interest>0</ISP_Interest>
      <ISP_CardCode>06</ISP_CardCode>
      <ISP_CardNum>55852693****</ISP_CardNum>
      <ISP_Point></ISP_Point>
      <ISP_ApplDate>20180627</ISP_ApplDate>
      <ISP_ApplTime>143445</ISP_ApplTime>
      <ISP_ApplNum>30000727</ISP_ApplNum>
      <ISP_TerminalNum>019048y000</ISP_TerminalNum>
      <ISP_MemberNum></ISP_MemberNum>
      <ISP_PurchaseCode></ISP_PurchaseCode>
      <ISP_ResultCode>170000</ISP_ResultCode>
      <ISP_ResultMsg urlencode="1">%C1%A4%BB%F3%BF%CF%B7%E1</ISP_ResultMsg>
      <ISP_PrtcCode>1</ISP_PrtcCode>
      <ISP_Quota_Point>00</ISP_Quota_Point>
      <ISP_CheckFlag>0</ISP_CheckFlag>
      <ISP_PurchaseName urlencode="1"></ISP_PurchaseName>
      <ISP_IssuerName urlencode="1"></ISP_IssuerName>
      <ISP_UsePoint></ISP_UsePoint>
      <ISP_CouponOnlyMer></ISP_CouponOnlyMer>
    </VCard>
  </Payment>
</PaymentInfo>]
INFO	[2018-06-27 14:34:46:276] <99141> DECRYPT PARSE OK
INFO	[2018-06-27 14:34:46:276] <99141> WAIT ACK INVOKING
DEBUG	[2018-06-27 14:34:46:276] <99141> MAKE HEAD OK
INFO	[2018-06-27 14:34:46:278] <99141> SUCCESS ACK INVOKING
INFO	[2018-06-27 14:34:46:278] <99141> END securepay ¡§ªÛøœ∑· Laptime:[1.512sec]
INFO	[2018-06-27 14:34:46:278] <99141> ===============================================================
INFO	[2018-06-27 20:58:51:107] <115525> START INIPHP chkfake (V5036-141209)(OS:Linux2.6.32-696.18.7.el6.x86_64,PHP:5.5.17p1)
DEBUG	[2018-06-27 20:58:51:108] <115525> inipayhome:/home/hosting_users/ilearning3/www/inipay
DEBUG	[2018-06-27 20:58:51:108] <115525> type:chkfake
DEBUG	[2018-06-27 20:58:51:108] <115525> debug:true
DEBUG	[2018-06-27 20:58:51:108] <115525> enctype:asym
DEBUG	[2018-06-27 20:58:51:108] <115525> admin:1111
DEBUG	[2018-06-27 20:58:51:108] <115525> checkopt:false
DEBUG	[2018-06-27 20:58:51:108] <115525> mid:obmms20151
DEBUG	[2018-06-27 20:58:51:108] <115525> price:11000
DEBUG	[2018-06-27 20:58:51:108] <115525> nointerest:no
DEBUG	[2018-06-27 20:58:51:108] <115525> quotabase:ÏùºÏãúÎ∂à
INFO	[2018-06-27 20:58:51:108] <115525> Check Field OK
INFO	[2018-06-27 20:58:51:108] <115525> MERCHANT PRIV KEY LOAD OK
INFO	[2018-06-27 20:58:51:108] <115525> MERCHANT PUB KEY LOAD OK []
INFO	[2018-06-27 20:58:51:108] <115525> CHKFAKE KEY MAKE OK:MjAxODA2MjcyMDU4NTExMDgyMTg2MQ==

INFO	[2018-06-27 20:58:51:108] <115525> END chkfake  Laptime:[0.001sec]
INFO	[2018-06-27 20:58:51:108] <115525> ===============================================================
INFO	[2018-06-27 20:59:08:327] <118466> START INIPHP chkfake (V5036-141209)(OS:Linux2.6.32-696.18.7.el6.x86_64,PHP:5.5.17p1)
DEBUG	[2018-06-27 20:59:08:327] <118466> inipayhome:/home/hosting_users/ilearning3/www/inipay
DEBUG	[2018-06-27 20:59:08:327] <118466> type:chkfake
DEBUG	[2018-06-27 20:59:08:327] <118466> debug:true
DEBUG	[2018-06-27 20:59:08:327] <118466> enctype:asym
DEBUG	[2018-06-27 20:59:08:327] <118466> admin:1111
DEBUG	[2018-06-27 20:59:08:327] <118466> checkopt:false
DEBUG	[2018-06-27 20:59:08:327] <118466> mid:obmms20151
DEBUG	[2018-06-27 20:59:08:327] <118466> price:11000
DEBUG	[2018-06-27 20:59:08:327] <118466> nointerest:no
DEBUG	[2018-06-27 20:59:08:327] <118466> quotabase:ÏùºÏãúÎ∂à
INFO	[2018-06-27 20:59:08:327] <118466> Check Field OK
INFO	[2018-06-27 20:59:08:327] <118466> MERCHANT PRIV KEY LOAD OK
INFO	[2018-06-27 20:59:08:327] <118466> MERCHANT PUB KEY LOAD OK []
INFO	[2018-06-27 20:59:08:328] <118466> CHKFAKE KEY MAKE OK:MjAxODA2MjcyMDU5MDgzMjcxNjM4Ng==

INFO	[2018-06-27 20:59:08:328] <118466> END chkfake  Laptime:[0.001sec]
INFO	[2018-06-27 20:59:08:328] <118466> ===============================================================
INFO	[2018-06-27 20:59:30:820] <118784> START INIPHP chkfake (V5036-141209)(OS:Linux2.6.32-696.18.7.el6.x86_64,PHP:5.5.17p1)
DEBUG	[2018-06-27 20:59:30:820] <118784> inipayhome:/home/hosting_users/ilearning3/www/inipay
DEBUG	[2018-06-27 20:59:30:820] <118784> type:chkfake
DEBUG	[2018-06-27 20:59:30:820] <118784> debug:true
DEBUG	[2018-06-27 20:59:30:820] <118784> enctype:asym
DEBUG	[2018-06-27 20:59:30:820] <118784> admin:1111
DEBUG	[2018-06-27 20:59:30:820] <118784> checkopt:false
DEBUG	[2018-06-27 20:59:30:820] <118784> mid:obmms20151
DEBUG	[2018-06-27 20:59:30:820] <118784> price:11000
DEBUG	[2018-06-27 20:59:30:820] <118784> nointerest:no
DEBUG	[2018-06-27 20:59:30:820] <118784> quotabase:ÏùºÏãúÎ∂à
INFO	[2018-06-27 20:59:30:820] <118784> Check Field OK
INFO	[2018-06-27 20:59:30:820] <118784> MERCHANT PRIV KEY LOAD OK
INFO	[2018-06-27 20:59:30:821] <118784> MERCHANT PUB KEY LOAD OK []
INFO	[2018-06-27 20:59:30:821] <118784> CHKFAKE KEY MAKE OK:MjAxODA2MjcyMDU5MzA4MjE2OTE1MQ==

INFO	[2018-06-27 20:59:30:821] <118784> END chkfake  Laptime:[0.001sec]
INFO	[2018-06-27 20:59:30:821] <118784> ===============================================================
