INFO	[2018-08-31 18:06:52:298] <21528> START INIPHP chkfake (V5036-141209)(OS:Linux2.6.32-696.18.7.el6.x86_64,PHP:5.5.17p1)
DEBUG	[2018-08-31 18:06:52:298] <21528> inipayhome:/home/hosting_users/ilearning3/www/inipay
DEBUG	[2018-08-31 18:06:52:298] <21528> type:chkfake
DEBUG	[2018-08-31 18:06:52:298] <21528> debug:true
DEBUG	[2018-08-31 18:06:52:298] <21528> enctype:asym
DEBUG	[2018-08-31 18:06:52:298] <21528> admin:1111
DEBUG	[2018-08-31 18:06:52:298] <21528> checkopt:false
DEBUG	[2018-08-31 18:06:52:298] <21528> mid:obmms20151
DEBUG	[2018-08-31 18:06:52:298] <21528> price:11000
DEBUG	[2018-08-31 18:06:52:298] <21528> nointerest:no
DEBUG	[2018-08-31 18:06:52:298] <21528> quotabase:일시불
INFO	[2018-08-31 18:06:52:298] <21528> Check Field OK
INFO	[2018-08-31 18:06:52:376] <21528> MERCHANT PRIV KEY LOAD OK
INFO	[2018-08-31 18:06:52:443] <21528> MERCHANT PUB KEY LOAD OK []
INFO	[2018-08-31 18:06:52:444] <21528> CHKFAKE KEY MAKE OK:MjAxODA4MzExODA2NTI0NDM3OTY0OA==

INFO	[2018-08-31 18:06:52:444] <21528> END chkfake  Laptime:[0.148sec]
INFO	[2018-08-31 18:06:52:444] <21528> ===============================================================
INFO	[2018-08-31 18:07:24:795] <75283> START INIPHP chkfake (V5036-141209)(OS:Linux2.6.32-696.18.7.el6.x86_64,PHP:5.5.17p1)
DEBUG	[2018-08-31 18:07:24:795] <75283> inipayhome:/home/hosting_users/ilearning3/www/inipay
DEBUG	[2018-08-31 18:07:24:795] <75283> type:chkfake
DEBUG	[2018-08-31 18:07:24:795] <75283> debug:true
DEBUG	[2018-08-31 18:07:24:795] <75283> enctype:asym
DEBUG	[2018-08-31 18:07:24:795] <75283> admin:1111
DEBUG	[2018-08-31 18:07:24:795] <75283> checkopt:false
DEBUG	[2018-08-31 18:07:24:795] <75283> mid:obmms20151
DEBUG	[2018-08-31 18:07:24:795] <75283> price:11000
DEBUG	[2018-08-31 18:07:24:795] <75283> nointerest:no
DEBUG	[2018-08-31 18:07:24:795] <75283> quotabase:일시불
INFO	[2018-08-31 18:07:24:795] <75283> Check Field OK
INFO	[2018-08-31 18:07:24:795] <75283> MERCHANT PRIV KEY LOAD OK
INFO	[2018-08-31 18:07:24:796] <75283> MERCHANT PUB KEY LOAD OK []
INFO	[2018-08-31 18:07:24:796] <75283> CHKFAKE KEY MAKE OK:MjAxODA4MzExODA3MjQ3OTY1ODA5OA==

INFO	[2018-08-31 18:07:24:796] <75283> END chkfake  Laptime:[0.001sec]
INFO	[2018-08-31 18:07:24:796] <75283> ===============================================================
