INFO	[2020-03-20 16:23:08:242] <15191> START INIPHP chkfake (V5036-141209)(OS:Linux2.6.18-274.3.1.el5,PHP:5.2.9)
DEBUG	[2020-03-20 16:23:08:243] <15191> inipayhome:/home/ilearning3/www/inipay
DEBUG	[2020-03-20 16:23:08:243] <15191> type:chkfake
DEBUG	[2020-03-20 16:23:08:243] <15191> debug:true
DEBUG	[2020-03-20 16:23:08:243] <15191> enctype:asym
DEBUG	[2020-03-20 16:23:08:243] <15191> admin:1111
DEBUG	[2020-03-20 16:23:08:243] <15191> checkopt:false
DEBUG	[2020-03-20 16:23:08:243] <15191> mid:obmms20151
DEBUG	[2020-03-20 16:23:08:243] <15191> price:110000
DEBUG	[2020-03-20 16:23:08:243] <15191> nointerest:no
DEBUG	[2020-03-20 16:23:08:243] <15191> quotabase:일시불
INFO	[2020-03-20 16:23:08:243] <15191> Check Field OK
INFO	[2020-03-20 16:23:08:285] <15191> MERCHANT PRIV KEY LOAD OK
INFO	[2020-03-20 16:23:08:324] <15191> MERCHANT PUB KEY LOAD OK []
INFO	[2020-03-20 16:23:08:325] <15191> CHKFAKE KEY MAKE OK:MjAyMDAzMjAxNjIzMDgzMjQ3NjgxMw==

INFO	[2020-03-20 16:23:08:325] <15191> END chkfake  Laptime:[0.1sec]
INFO	[2020-03-20 16:23:08:325] <15191> ===============================================================
INFO	[2020-03-20 16:23:39:188] <14393> START INIPHP chkfake (V5036-141209)(OS:Linux2.6.18-274.3.1.el5,PHP:5.2.9)
DEBUG	[2020-03-20 16:23:39:188] <14393> inipayhome:/home/ilearning3/www/inipay
DEBUG	[2020-03-20 16:23:39:188] <14393> type:chkfake
DEBUG	[2020-03-20 16:23:39:188] <14393> debug:true
DEBUG	[2020-03-20 16:23:39:188] <14393> enctype:asym
DEBUG	[2020-03-20 16:23:39:188] <14393> admin:1111
DEBUG	[2020-03-20 16:23:39:188] <14393> checkopt:false
DEBUG	[2020-03-20 16:23:39:188] <14393> mid:obmms20151
DEBUG	[2020-03-20 16:23:39:188] <14393> price:110000
DEBUG	[2020-03-20 16:23:39:188] <14393> nointerest:no
DEBUG	[2020-03-20 16:23:39:188] <14393> quotabase:일시불
INFO	[2020-03-20 16:23:39:188] <14393> Check Field OK
INFO	[2020-03-20 16:23:39:188] <14393> MERCHANT PRIV KEY LOAD OK
INFO	[2020-03-20 16:23:39:188] <14393> MERCHANT PUB KEY LOAD OK []
INFO	[2020-03-20 16:23:39:190] <14393> CHKFAKE KEY MAKE OK:MjAyMDAzMjAxNjIzMzkxODk1MjczMg==

INFO	[2020-03-20 16:23:39:190] <14393> END chkfake  Laptime:[0sec]
INFO	[2020-03-20 16:23:39:190] <14393> ===============================================================
INFO	[2020-03-20 16:25:32:139] <4943> START INIPHP chkfake (V5036-141209)(OS:Linux2.6.18-274.3.1.el5,PHP:5.2.9)
DEBUG	[2020-03-20 16:25:32:139] <4943> inipayhome:/home/ilearning3/www/inipay
DEBUG	[2020-03-20 16:25:32:139] <4943> type:chkfake
DEBUG	[2020-03-20 16:25:32:139] <4943> debug:true
DEBUG	[2020-03-20 16:25:32:139] <4943> enctype:asym
DEBUG	[2020-03-20 16:25:32:139] <4943> admin:1111
DEBUG	[2020-03-20 16:25:32:139] <4943> checkopt:false
DEBUG	[2020-03-20 16:25:32:139] <4943> mid:obmms20151
DEBUG	[2020-03-20 16:25:32:139] <4943> price:110000
DEBUG	[2020-03-20 16:25:32:139] <4943> nointerest:no
DEBUG	[2020-03-20 16:25:32:139] <4943> quotabase:일시불
INFO	[2020-03-20 16:25:32:139] <4943> Check Field OK
INFO	[2020-03-20 16:25:32:140] <4943> MERCHANT PRIV KEY LOAD OK
INFO	[2020-03-20 16:25:32:140] <4943> MERCHANT PUB KEY LOAD OK []
INFO	[2020-03-20 16:25:32:141] <4943> CHKFAKE KEY MAKE OK:MjAyMDAzMjAxNjI1MzIxNDAzOTM3Nw==

INFO	[2020-03-20 16:25:32:141] <4943> END chkfake  Laptime:[0sec]
INFO	[2020-03-20 16:25:32:141] <4943> ===============================================================
