INFO	[2019-08-17 14:41:49:352] <18805> START INIPHP chkfake (V5036-141209)(OS:Linux2.6.18-274.3.1.el5,PHP:5.2.9)
DEBUG	[2019-08-17 14:41:49:352] <18805> inipayhome:/home/ilearning3/www/inipay
DEBUG	[2019-08-17 14:41:49:352] <18805> type:chkfake
DEBUG	[2019-08-17 14:41:49:352] <18805> debug:true
DEBUG	[2019-08-17 14:41:49:352] <18805> enctype:asym
DEBUG	[2019-08-17 14:41:49:352] <18805> admin:1111
DEBUG	[2019-08-17 14:41:49:352] <18805> checkopt:false
DEBUG	[2019-08-17 14:41:49:352] <18805> mid:
DEBUG	[2019-08-17 14:41:49:352] <18805> price:
DEBUG	[2019-08-17 14:41:49:352] <18805> nointerest:no
DEBUG	[2019-08-17 14:41:49:352] <18805> quotabase:ì„ íƒ:ì¼ì‹œë¶ˆ:2ê°œì›”:3ê°œì›”:6ê°œì›”:12ê°œì›”
ERROR	[2019-08-17 14:41:49:630] <18805> ÇÊ¼öÇ×¸ñ(mid)ÀÌ ´©¶ôµÇ¾ú½À´Ï´Ù.
INFO	[2019-08-17 14:41:49:630] <18805> END chkfake [TX9202|ÇÊ¼öÇ×¸ñ(mid)ÀÌ ´©¶ôµÇ¾ú½À´Ï´Ù.] Laptime:[0.28sec]
INFO	[2019-08-17 14:41:49:630] <18805> ===============================================================
INFO	[2019-08-17 14:49:00:319] <2481> START INIPHP chkfake (V5036-141209)(OS:Linux2.6.18-274.3.1.el5,PHP:5.2.9)
DEBUG	[2019-08-17 14:49:00:319] <2481> inipayhome:/home/ilearning3/www/inipay
DEBUG	[2019-08-17 14:49:00:319] <2481> type:chkfake
DEBUG	[2019-08-17 14:49:00:319] <2481> debug:true
DEBUG	[2019-08-17 14:49:00:319] <2481> enctype:asym
DEBUG	[2019-08-17 14:49:00:319] <2481> admin:1111
DEBUG	[2019-08-17 14:49:00:319] <2481> checkopt:false
DEBUG	[2019-08-17 14:49:00:319] <2481> mid:
DEBUG	[2019-08-17 14:49:00:319] <2481> price:
DEBUG	[2019-08-17 14:49:00:319] <2481> nointerest:no
DEBUG	[2019-08-17 14:49:00:319] <2481> quotabase:ì„ íƒ:ì¼ì‹œë¶ˆ:2ê°œì›”:3ê°œì›”:6ê°œì›”:12ê°œì›”
ERROR	[2019-08-17 14:49:00:542] <2481> ÇÊ¼öÇ×¸ñ(mid)ÀÌ ´©¶ôµÇ¾ú½À´Ï´Ù.
INFO	[2019-08-17 14:49:00:542] <2481> END chkfake [TX9202|ÇÊ¼öÇ×¸ñ(mid)ÀÌ ´©¶ôµÇ¾ú½À´Ï´Ù.] Laptime:[0.22sec]
INFO	[2019-08-17 14:49:00:542] <2481> ===============================================================
INFO	[2019-08-17 14:49:01:476] <2481> START INIPHP chkfake (V5036-141209)(OS:Linux2.6.18-274.3.1.el5,PHP:5.2.9)
DEBUG	[2019-08-17 14:49:01:476] <2481> inipayhome:/home/ilearning3/www/inipay
DEBUG	[2019-08-17 14:49:01:476] <2481> type:chkfake
DEBUG	[2019-08-17 14:49:01:476] <2481> debug:true
DEBUG	[2019-08-17 14:49:01:476] <2481> enctype:asym
DEBUG	[2019-08-17 14:49:01:476] <2481> admin:1111
DEBUG	[2019-08-17 14:49:01:476] <2481> checkopt:false
DEBUG	[2019-08-17 14:49:01:476] <2481> mid:
DEBUG	[2019-08-17 14:49:01:476] <2481> price:
DEBUG	[2019-08-17 14:49:01:476] <2481> nointerest:no
DEBUG	[2019-08-17 14:49:01:476] <2481> quotabase:ì„ íƒ:ì¼ì‹œë¶ˆ:2ê°œì›”:3ê°œì›”:6ê°œì›”:12ê°œì›”
ERROR	[2019-08-17 14:49:01:681] <2481> ÇÊ¼öÇ×¸ñ(mid)ÀÌ ´©¶ôµÇ¾ú½À´Ï´Ù.
INFO	[2019-08-17 14:49:01:682] <2481> END chkfake [TX9202|ÇÊ¼öÇ×¸ñ(mid)ÀÌ ´©¶ôµÇ¾ú½À´Ï´Ù.] Laptime:[0.2sec]
INFO	[2019-08-17 14:49:01:682] <2481> ===============================================================
INFO	[2019-08-17 14:49:02:859] <2481> START INIPHP chkfake (V5036-141209)(OS:Linux2.6.18-274.3.1.el5,PHP:5.2.9)
DEBUG	[2019-08-17 14:49:02:859] <2481> inipayhome:/home/ilearning3/www/inipay
DEBUG	[2019-08-17 14:49:02:859] <2481> type:chkfake
DEBUG	[2019-08-17 14:49:02:859] <2481> debug:true
DEBUG	[2019-08-17 14:49:02:859] <2481> enctype:asym
DEBUG	[2019-08-17 14:49:02:859] <2481> admin:1111
DEBUG	[2019-08-17 14:49:02:859] <2481> checkopt:false
DEBUG	[2019-08-17 14:49:02:859] <2481> mid:
DEBUG	[2019-08-17 14:49:02:859] <2481> price:
DEBUG	[2019-08-17 14:49:02:859] <2481> nointerest:no
DEBUG	[2019-08-17 14:49:02:859] <2481> quotabase:ì„ íƒ:ì¼ì‹œë¶ˆ:2ê°œì›”:3ê°œì›”:6ê°œì›”:12ê°œì›”
ERROR	[2019-08-17 14:49:03:67] <2481> ÇÊ¼öÇ×¸ñ(mid)ÀÌ ´©¶ôµÇ¾ú½À´Ï´Ù.
INFO	[2019-08-17 14:49:03:67] <2481> END chkfake [TX9202|ÇÊ¼öÇ×¸ñ(mid)ÀÌ ´©¶ôµÇ¾ú½À´Ï´Ù.] Laptime:[0.21sec]
INFO	[2019-08-17 14:49:03:67] <2481> ===============================================================
INFO	[2019-08-17 15:58:53:205] <15637> START INIPHP chkfake (V5036-141209)(OS:Linux2.6.18-274.3.1.el5,PHP:5.2.9)
DEBUG	[2019-08-17 15:58:53:205] <15637> inipayhome:/home/ilearning3/www/inipay
DEBUG	[2019-08-17 15:58:53:205] <15637> type:chkfake
DEBUG	[2019-08-17 15:58:53:205] <15637> debug:true
DEBUG	[2019-08-17 15:58:53:205] <15637> enctype:asym
DEBUG	[2019-08-17 15:58:53:205] <15637> admin:1111
DEBUG	[2019-08-17 15:58:53:205] <15637> checkopt:false
DEBUG	[2019-08-17 15:58:53:205] <15637> mid:
DEBUG	[2019-08-17 15:58:53:205] <15637> price:
DEBUG	[2019-08-17 15:58:53:205] <15637> nointerest:no
DEBUG	[2019-08-17 15:58:53:205] <15637> quotabase:ì„ íƒ:ì¼ì‹œë¶ˆ:2ê°œì›”:3ê°œì›”:6ê°œì›”:12ê°œì›”
ERROR	[2019-08-17 15:58:53:471] <15637> ÇÊ¼öÇ×¸ñ(mid)ÀÌ ´©¶ôµÇ¾ú½À´Ï´Ù.
INFO	[2019-08-17 15:58:53:471] <15637> END chkfake [TX9202|ÇÊ¼öÇ×¸ñ(mid)ÀÌ ´©¶ôµÇ¾ú½À´Ï´Ù.] Laptime:[0.26sec]
INFO	[2019-08-17 15:58:53:471] <15637> ===============================================================
