INFO	[2018-10-19 01:40:18:265] <1696> START INIPHP chkfake (V5036-141209)(OS:Linux3.10.0-862.11.6.el7.x86_64,PHP:5.5.17p1)
DEBUG	[2018-10-19 01:40:18:265] <1696> inipayhome:/home/hosting_users/ilearning3/www/inipay
DEBUG	[2018-10-19 01:40:18:265] <1696> type:chkfake
DEBUG	[2018-10-19 01:40:18:265] <1696> debug:true
DEBUG	[2018-10-19 01:40:18:265] <1696> enctype:asym
DEBUG	[2018-10-19 01:40:18:265] <1696> admin:1111
DEBUG	[2018-10-19 01:40:18:265] <1696> checkopt:false
DEBUG	[2018-10-19 01:40:18:265] <1696> mid:obmms20151
DEBUG	[2018-10-19 01:40:18:265] <1696> price:11000
DEBUG	[2018-10-19 01:40:18:265] <1696> nointerest:no
DEBUG	[2018-10-19 01:40:18:265] <1696> quotabase:일시불
INFO	[2018-10-19 01:40:18:265] <1696> Check Field OK
INFO	[2018-10-19 01:40:18:349] <1696> MERCHANT PRIV KEY LOAD OK
INFO	[2018-10-19 01:40:18:353] <1696> MERCHANT PUB KEY LOAD OK []
INFO	[2018-10-19 01:40:18:354] <1696> CHKFAKE KEY MAKE OK:MjAxODEwMTkwMTQwMTgzNTMxNDE2OQ==

INFO	[2018-10-19 01:40:18:354] <1696> END chkfake  Laptime:[0.089sec]
INFO	[2018-10-19 01:40:18:354] <1696> ===============================================================
INFO	[2018-10-19 01:40:43:986] <1676> START INIPHP chkfake (V5036-141209)(OS:Linux3.10.0-862.11.6.el7.x86_64,PHP:5.5.17p1)
DEBUG	[2018-10-19 01:40:43:986] <1676> inipayhome:/home/hosting_users/ilearning3/www/inipay
DEBUG	[2018-10-19 01:40:43:986] <1676> type:chkfake
DEBUG	[2018-10-19 01:40:43:986] <1676> debug:true
DEBUG	[2018-10-19 01:40:43:986] <1676> enctype:asym
DEBUG	[2018-10-19 01:40:43:986] <1676> admin:1111
DEBUG	[2018-10-19 01:40:43:986] <1676> checkopt:false
DEBUG	[2018-10-19 01:40:43:986] <1676> mid:obmms20151
DEBUG	[2018-10-19 01:40:43:986] <1676> price:11000
DEBUG	[2018-10-19 01:40:43:986] <1676> nointerest:no
DEBUG	[2018-10-19 01:40:43:986] <1676> quotabase:일시불
INFO	[2018-10-19 01:40:43:986] <1676> Check Field OK
INFO	[2018-10-19 01:40:43:986] <1676> MERCHANT PRIV KEY LOAD OK
INFO	[2018-10-19 01:40:43:986] <1676> MERCHANT PUB KEY LOAD OK []
INFO	[2018-10-19 01:40:43:987] <1676> CHKFAKE KEY MAKE OK:MjAxODEwMTkwMTQwNDM5ODY0MzcyOA==

INFO	[2018-10-19 01:40:43:987] <1676> END chkfake  Laptime:[0.002sec]
INFO	[2018-10-19 01:40:43:987] <1676> ===============================================================
INFO	[2018-10-19 01:41:11:726] <1692> START INIPHP chkfake (V5036-141209)(OS:Linux3.10.0-862.11.6.el7.x86_64,PHP:5.5.17p1)
DEBUG	[2018-10-19 01:41:11:726] <1692> inipayhome:/home/hosting_users/ilearning3/www/inipay
DEBUG	[2018-10-19 01:41:11:726] <1692> type:chkfake
DEBUG	[2018-10-19 01:41:11:726] <1692> debug:true
DEBUG	[2018-10-19 01:41:11:726] <1692> enctype:asym
DEBUG	[2018-10-19 01:41:11:726] <1692> admin:1111
DEBUG	[2018-10-19 01:41:11:726] <1692> checkopt:false
DEBUG	[2018-10-19 01:41:11:726] <1692> mid:obmms20151
DEBUG	[2018-10-19 01:41:11:726] <1692> price:11000
DEBUG	[2018-10-19 01:41:11:726] <1692> nointerest:no
DEBUG	[2018-10-19 01:41:11:726] <1692> quotabase:일시불
INFO	[2018-10-19 01:41:11:726] <1692> Check Field OK
INFO	[2018-10-19 01:41:11:726] <1692> MERCHANT PRIV KEY LOAD OK
INFO	[2018-10-19 01:41:11:727] <1692> MERCHANT PUB KEY LOAD OK []
INFO	[2018-10-19 01:41:11:728] <1692> CHKFAKE KEY MAKE OK:MjAxODEwMTkwMTQxMTE3Mjc0OTMzOA==

INFO	[2018-10-19 01:41:11:728] <1692> END chkfake  Laptime:[0.002sec]
INFO	[2018-10-19 01:41:11:728] <1692> ===============================================================
INFO	[2018-10-19 01:41:28:14] <1689> START INIPHP chkfake (V5036-141209)(OS:Linux3.10.0-862.11.6.el7.x86_64,PHP:5.5.17p1)
DEBUG	[2018-10-19 01:41:28:14] <1689> inipayhome:/home/hosting_users/ilearning3/www/inipay
DEBUG	[2018-10-19 01:41:28:14] <1689> type:chkfake
DEBUG	[2018-10-19 01:41:28:14] <1689> debug:true
DEBUG	[2018-10-19 01:41:28:14] <1689> enctype:asym
DEBUG	[2018-10-19 01:41:28:14] <1689> admin:1111
DEBUG	[2018-10-19 01:41:28:14] <1689> checkopt:false
DEBUG	[2018-10-19 01:41:28:14] <1689> mid:obmms20151
DEBUG	[2018-10-19 01:41:28:14] <1689> price:11000
DEBUG	[2018-10-19 01:41:28:14] <1689> nointerest:no
DEBUG	[2018-10-19 01:41:28:14] <1689> quotabase:일시불
INFO	[2018-10-19 01:41:28:15] <1689> Check Field OK
INFO	[2018-10-19 01:41:28:15] <1689> MERCHANT PRIV KEY LOAD OK
INFO	[2018-10-19 01:41:28:15] <1689> MERCHANT PUB KEY LOAD OK []
INFO	[2018-10-19 01:41:28:16] <1689> CHKFAKE KEY MAKE OK:MjAxODEwMTkwMTQxMjgwMTU1OTEyNw==

INFO	[2018-10-19 01:41:28:16] <1689> END chkfake  Laptime:[0.002sec]
INFO	[2018-10-19 01:41:28:16] <1689> ===============================================================
INFO	[2018-10-19 01:43:21:87] <1694> START INIPHP chkfake (V5036-141209)(OS:Linux3.10.0-862.11.6.el7.x86_64,PHP:5.5.17p1)
DEBUG	[2018-10-19 01:43:21:87] <1694> inipayhome:/home/hosting_users/ilearning3/www/inipay
DEBUG	[2018-10-19 01:43:21:87] <1694> type:chkfake
DEBUG	[2018-10-19 01:43:21:87] <1694> debug:true
DEBUG	[2018-10-19 01:43:21:87] <1694> enctype:asym
DEBUG	[2018-10-19 01:43:21:87] <1694> admin:1111
DEBUG	[2018-10-19 01:43:21:87] <1694> checkopt:false
DEBUG	[2018-10-19 01:43:21:87] <1694> mid:obmms20151
DEBUG	[2018-10-19 01:43:21:87] <1694> price:11000
DEBUG	[2018-10-19 01:43:21:87] <1694> nointerest:no
DEBUG	[2018-10-19 01:43:21:87] <1694> quotabase:일시불
INFO	[2018-10-19 01:43:21:87] <1694> Check Field OK
INFO	[2018-10-19 01:43:21:88] <1694> MERCHANT PRIV KEY LOAD OK
INFO	[2018-10-19 01:43:21:88] <1694> MERCHANT PUB KEY LOAD OK []
INFO	[2018-10-19 01:43:21:89] <1694> CHKFAKE KEY MAKE OK:MjAxODEwMTkwMTQzMjEwODgyMjMxMA==

INFO	[2018-10-19 01:43:21:89] <1694> END chkfake  Laptime:[0.002sec]
INFO	[2018-10-19 01:43:21:89] <1694> ===============================================================
INFO	[2018-10-19 01:53:09:581] <2123> START INIPHP chkfake (V5036-141209)(OS:Linux3.10.0-862.11.6.el7.x86_64,PHP:5.5.17p1)
DEBUG	[2018-10-19 01:53:09:581] <2123> inipayhome:/home/hosting_users/ilearning3/www/inipay
DEBUG	[2018-10-19 01:53:09:581] <2123> type:chkfake
DEBUG	[2018-10-19 01:53:09:581] <2123> debug:true
DEBUG	[2018-10-19 01:53:09:581] <2123> enctype:asym
DEBUG	[2018-10-19 01:53:09:581] <2123> admin:1111
DEBUG	[2018-10-19 01:53:09:581] <2123> checkopt:false
DEBUG	[2018-10-19 01:53:09:581] <2123> mid:obmms20151
DEBUG	[2018-10-19 01:53:09:581] <2123> price:11000
DEBUG	[2018-10-19 01:53:09:581] <2123> nointerest:no
DEBUG	[2018-10-19 01:53:09:581] <2123> quotabase:일시불
INFO	[2018-10-19 01:53:09:581] <2123> Check Field OK
INFO	[2018-10-19 01:53:09:582] <2123> MERCHANT PRIV KEY LOAD OK
INFO	[2018-10-19 01:53:09:582] <2123> MERCHANT PUB KEY LOAD OK []
INFO	[2018-10-19 01:53:09:583] <2123> CHKFAKE KEY MAKE OK:MjAxODEwMTkwMTUzMDk1ODIxMjM1Mg==

INFO	[2018-10-19 01:53:09:583] <2123> END chkfake  Laptime:[0.002sec]
INFO	[2018-10-19 01:53:09:583] <2123> ===============================================================
INFO	[2018-10-19 16:56:37:83] <11831> START INIPHP chkfake (V5036-141209)(OS:Linux3.10.0-862.11.6.el7.x86_64,PHP:5.5.17p1)
DEBUG	[2018-10-19 16:56:37:84] <11831> inipayhome:/home/hosting_users/ilearning3/www/inipay
DEBUG	[2018-10-19 16:56:37:84] <11831> type:chkfake
DEBUG	[2018-10-19 16:56:37:84] <11831> debug:true
DEBUG	[2018-10-19 16:56:37:84] <11831> enctype:asym
DEBUG	[2018-10-19 16:56:37:84] <11831> admin:1111
DEBUG	[2018-10-19 16:56:37:84] <11831> checkopt:false
DEBUG	[2018-10-19 16:56:37:84] <11831> mid:obmms20151
DEBUG	[2018-10-19 16:56:37:84] <11831> price:11000
DEBUG	[2018-10-19 16:56:37:84] <11831> nointerest:no
DEBUG	[2018-10-19 16:56:37:84] <11831> quotabase:일시불
INFO	[2018-10-19 16:56:37:84] <11831> Check Field OK
INFO	[2018-10-19 16:56:37:86] <11831> MERCHANT PRIV KEY LOAD OK
INFO	[2018-10-19 16:56:37:168] <11831> MERCHANT PUB KEY LOAD OK []
INFO	[2018-10-19 16:56:37:170] <11831> CHKFAKE KEY MAKE OK:MjAxODEwMTkxNjU2MzcxNjg1ODUzMw==

INFO	[2018-10-19 16:56:37:170] <11831> END chkfake  Laptime:[0.087sec]
INFO	[2018-10-19 16:56:37:170] <11831> ===============================================================
INFO	[2018-10-19 16:56:46:736] <12147> START INIPHP chkfake (V5036-141209)(OS:Linux3.10.0-862.11.6.el7.x86_64,PHP:5.5.17p1)
DEBUG	[2018-10-19 16:56:46:736] <12147> inipayhome:/home/hosting_users/ilearning3/www/inipay
DEBUG	[2018-10-19 16:56:46:736] <12147> type:chkfake
DEBUG	[2018-10-19 16:56:46:736] <12147> debug:true
DEBUG	[2018-10-19 16:56:46:736] <12147> enctype:asym
DEBUG	[2018-10-19 16:56:46:736] <12147> admin:1111
DEBUG	[2018-10-19 16:56:46:736] <12147> checkopt:false
DEBUG	[2018-10-19 16:56:46:736] <12147> mid:obmms20151
DEBUG	[2018-10-19 16:56:46:736] <12147> price:11000
DEBUG	[2018-10-19 16:56:46:736] <12147> nointerest:no
DEBUG	[2018-10-19 16:56:46:736] <12147> quotabase:일시불
INFO	[2018-10-19 16:56:46:737] <12147> Check Field OK
INFO	[2018-10-19 16:56:46:737] <12147> MERCHANT PRIV KEY LOAD OK
INFO	[2018-10-19 16:56:46:737] <12147> MERCHANT PUB KEY LOAD OK []
INFO	[2018-10-19 16:56:46:738] <12147> CHKFAKE KEY MAKE OK:MjAxODEwMTkxNjU2NDY3MzczMjk2NQ==

INFO	[2018-10-19 16:56:46:738] <12147> END chkfake  Laptime:[0.002sec]
INFO	[2018-10-19 16:56:46:738] <12147> ===============================================================
INFO	[2018-10-19 17:18:51:664] <11861> START INIPHP chkfake (V5036-141209)(OS:Linux3.10.0-862.11.6.el7.x86_64,PHP:5.5.17p1)
DEBUG	[2018-10-19 17:18:51:664] <11861> inipayhome:/home/hosting_users/ilearning3/www/inipay
DEBUG	[2018-10-19 17:18:51:664] <11861> type:chkfake
DEBUG	[2018-10-19 17:18:51:664] <11861> debug:true
DEBUG	[2018-10-19 17:18:51:664] <11861> enctype:asym
DEBUG	[2018-10-19 17:18:51:664] <11861> admin:1111
DEBUG	[2018-10-19 17:18:51:664] <11861> checkopt:false
DEBUG	[2018-10-19 17:18:51:664] <11861> mid:obmms20151
DEBUG	[2018-10-19 17:18:51:664] <11861> price:11000
DEBUG	[2018-10-19 17:18:51:664] <11861> nointerest:no
DEBUG	[2018-10-19 17:18:51:664] <11861> quotabase:일시불
INFO	[2018-10-19 17:18:51:664] <11861> Check Field OK
INFO	[2018-10-19 17:18:51:664] <11861> MERCHANT PRIV KEY LOAD OK
INFO	[2018-10-19 17:18:51:665] <11861> MERCHANT PUB KEY LOAD OK []
INFO	[2018-10-19 17:18:51:665] <11861> CHKFAKE KEY MAKE OK:MjAxODEwMTkxNzE4NTE2NjU2MjcxMQ==

INFO	[2018-10-19 17:18:51:665] <11861> END chkfake  Laptime:[0.001sec]
INFO	[2018-10-19 17:18:51:665] <11861> ===============================================================
