INFO	[2019-01-20 16:30:02:399] <29074> START INIPHP chkfake (V5036-141209)(OS:Linux3.10.0-862.11.6.el7.x86_64,PHP:5.5.17p1)
DEBUG	[2019-01-20 16:30:02:399] <29074> inipayhome:/home/hosting_users/ilearning3/www/inipay
DEBUG	[2019-01-20 16:30:02:399] <29074> type:chkfake
DEBUG	[2019-01-20 16:30:02:399] <29074> debug:true
DEBUG	[2019-01-20 16:30:02:399] <29074> enctype:asym
DEBUG	[2019-01-20 16:30:02:399] <29074> admin:1111
DEBUG	[2019-01-20 16:30:02:399] <29074> checkopt:false
DEBUG	[2019-01-20 16:30:02:399] <29074> mid:obmms20151
DEBUG	[2019-01-20 16:30:02:399] <29074> price:11000
DEBUG	[2019-01-20 16:30:02:399] <29074> nointerest:no
DEBUG	[2019-01-20 16:30:02:399] <29074> quotabase:일시불
INFO	[2019-01-20 16:30:02:399] <29074> Check Field OK
INFO	[2019-01-20 16:30:02:422] <29074> MERCHANT PRIV KEY LOAD OK
INFO	[2019-01-20 16:30:02:423] <29074> MERCHANT PUB KEY LOAD OK []
INFO	[2019-01-20 16:30:02:424] <29074> CHKFAKE KEY MAKE OK:MjAxOTAxMjAxNjMwMDI0MjM3NDkxMQ==

INFO	[2019-01-20 16:30:02:424] <29074> END chkfake  Laptime:[0.025sec]
INFO	[2019-01-20 16:30:02:424] <29074> ===============================================================
INFO	[2019-01-20 16:30:37:318] <56921> START INIPHP chkfake (V5036-141209)(OS:Linux3.10.0-862.11.6.el7.x86_64,PHP:5.5.17p1)
DEBUG	[2019-01-20 16:30:37:318] <56921> inipayhome:/home/hosting_users/ilearning3/www/inipay
DEBUG	[2019-01-20 16:30:37:318] <56921> type:chkfake
DEBUG	[2019-01-20 16:30:37:318] <56921> debug:true
DEBUG	[2019-01-20 16:30:37:318] <56921> enctype:asym
DEBUG	[2019-01-20 16:30:37:318] <56921> admin:1111
DEBUG	[2019-01-20 16:30:37:318] <56921> checkopt:false
DEBUG	[2019-01-20 16:30:37:318] <56921> mid:obmms20151
DEBUG	[2019-01-20 16:30:37:318] <56921> price:11000
DEBUG	[2019-01-20 16:30:37:318] <56921> nointerest:no
DEBUG	[2019-01-20 16:30:37:318] <56921> quotabase:일시불
INFO	[2019-01-20 16:30:37:318] <56921> Check Field OK
INFO	[2019-01-20 16:30:37:318] <56921> MERCHANT PRIV KEY LOAD OK
INFO	[2019-01-20 16:30:37:319] <56921> MERCHANT PUB KEY LOAD OK []
INFO	[2019-01-20 16:30:37:319] <56921> CHKFAKE KEY MAKE OK:MjAxOTAxMjAxNjMwMzczMTk3OTMxOQ==

INFO	[2019-01-20 16:30:37:319] <56921> END chkfake  Laptime:[0.001sec]
INFO	[2019-01-20 16:30:37:319] <56921> ===============================================================
