INFO	[2019-01-28 21:14:12:635] <57894> START INIPHP chkfake (V5036-141209)(OS:Linux3.10.0-862.11.6.el7.x86_64,PHP:5.5.17p1)
DEBUG	[2019-01-28 21:14:12:635] <57894> inipayhome:/home/hosting_users/ilearning3/www/inipay
DEBUG	[2019-01-28 21:14:12:635] <57894> type:chkfake
DEBUG	[2019-01-28 21:14:12:635] <57894> debug:true
DEBUG	[2019-01-28 21:14:12:635] <57894> enctype:asym
DEBUG	[2019-01-28 21:14:12:635] <57894> admin:1111
DEBUG	[2019-01-28 21:14:12:635] <57894> checkopt:false
DEBUG	[2019-01-28 21:14:12:635] <57894> mid:obmms20151
DEBUG	[2019-01-28 21:14:12:635] <57894> price:11000
DEBUG	[2019-01-28 21:14:12:635] <57894> nointerest:no
DEBUG	[2019-01-28 21:14:12:635] <57894> quotabase:일시불
INFO	[2019-01-28 21:14:12:635] <57894> Check Field OK
INFO	[2019-01-28 21:14:12:728] <57894> MERCHANT PRIV KEY LOAD OK
INFO	[2019-01-28 21:14:12:737] <57894> MERCHANT PUB KEY LOAD OK []
INFO	[2019-01-28 21:14:12:739] <57894> CHKFAKE KEY MAKE OK:MjAxOTAxMjgyMTE0MTI3Mzg2NDI5Ng==

INFO	[2019-01-28 21:14:12:739] <57894> END chkfake  Laptime:[0.106sec]
INFO	[2019-01-28 21:14:12:739] <57894> ===============================================================
INFO	[2019-01-28 21:15:52:529] <61175> START INIPHP chkfake (V5036-141209)(OS:Linux3.10.0-862.11.6.el7.x86_64,PHP:5.5.17p1)
DEBUG	[2019-01-28 21:15:52:529] <61175> inipayhome:/home/hosting_users/ilearning3/www/inipay
DEBUG	[2019-01-28 21:15:52:529] <61175> type:chkfake
DEBUG	[2019-01-28 21:15:52:529] <61175> debug:true
DEBUG	[2019-01-28 21:15:52:529] <61175> enctype:asym
DEBUG	[2019-01-28 21:15:52:529] <61175> admin:1111
DEBUG	[2019-01-28 21:15:52:529] <61175> checkopt:false
DEBUG	[2019-01-28 21:15:52:529] <61175> mid:obmms20151
DEBUG	[2019-01-28 21:15:52:529] <61175> price:11000
DEBUG	[2019-01-28 21:15:52:529] <61175> nointerest:no
DEBUG	[2019-01-28 21:15:52:529] <61175> quotabase:일시불
INFO	[2019-01-28 21:15:52:529] <61175> Check Field OK
INFO	[2019-01-28 21:15:52:529] <61175> MERCHANT PRIV KEY LOAD OK
INFO	[2019-01-28 21:15:52:530] <61175> MERCHANT PUB KEY LOAD OK []
INFO	[2019-01-28 21:15:52:531] <61175> CHKFAKE KEY MAKE OK:MjAxOTAxMjgyMTE1NTI1MzA0NzI5MA==

INFO	[2019-01-28 21:15:52:531] <61175> END chkfake  Laptime:[0.002sec]
INFO	[2019-01-28 21:15:52:531] <61175> ===============================================================
