INFO	[2019-07-13 13:25:59:526] <16323> START INIPHP chkfake (V5036-141209)(OS:Linux2.6.18-274.3.1.el5,PHP:5.2.9)
DEBUG	[2019-07-13 13:25:59:526] <16323> inipayhome:/home/ilearning3/www/inipay
DEBUG	[2019-07-13 13:25:59:526] <16323> type:chkfake
DEBUG	[2019-07-13 13:25:59:526] <16323> debug:true
DEBUG	[2019-07-13 13:25:59:526] <16323> enctype:asym
DEBUG	[2019-07-13 13:25:59:526] <16323> admin:1111
DEBUG	[2019-07-13 13:25:59:526] <16323> checkopt:false
DEBUG	[2019-07-13 13:25:59:526] <16323> mid:obmms20151
DEBUG	[2019-07-13 13:25:59:526] <16323> price:11000
DEBUG	[2019-07-13 13:25:59:526] <16323> nointerest:no
DEBUG	[2019-07-13 13:25:59:526] <16323> quotabase:선택:일시불:2개월:3개월:6개월:12개월
INFO	[2019-07-13 13:25:59:526] <16323> Check Field OK
INFO	[2019-07-13 13:25:59:535] <16323> MERCHANT PRIV KEY LOAD OK
INFO	[2019-07-13 13:25:59:535] <16323> MERCHANT PUB KEY LOAD OK []
INFO	[2019-07-13 13:25:59:536] <16323> CHKFAKE KEY MAKE OK:MjAxOTA3MTMxMzI1NTk1MzU1ODIyMA==

INFO	[2019-07-13 13:25:59:537] <16323> END chkfake  Laptime:[0.01sec]
INFO	[2019-07-13 13:25:59:537] <16323> ===============================================================
INFO	[2019-07-13 13:26:13:834] <16323> START INIPHP chkfake (V5036-141209)(OS:Linux2.6.18-274.3.1.el5,PHP:5.2.9)
DEBUG	[2019-07-13 13:26:13:834] <16323> inipayhome:/home/ilearning3/www/inipay
DEBUG	[2019-07-13 13:26:13:834] <16323> type:chkfake
DEBUG	[2019-07-13 13:26:13:834] <16323> debug:true
DEBUG	[2019-07-13 13:26:13:834] <16323> enctype:asym
DEBUG	[2019-07-13 13:26:13:834] <16323> admin:1111
DEBUG	[2019-07-13 13:26:13:834] <16323> checkopt:false
DEBUG	[2019-07-13 13:26:13:834] <16323> mid:obmms20151
DEBUG	[2019-07-13 13:26:13:834] <16323> price:11000
DEBUG	[2019-07-13 13:26:13:834] <16323> nointerest:no
DEBUG	[2019-07-13 13:26:13:834] <16323> quotabase:선택:일시불:2개월:3개월:6개월:12개월
INFO	[2019-07-13 13:26:13:835] <16323> Check Field OK
INFO	[2019-07-13 13:26:13:835] <16323> MERCHANT PRIV KEY LOAD OK
INFO	[2019-07-13 13:26:13:835] <16323> MERCHANT PUB KEY LOAD OK []
INFO	[2019-07-13 13:26:13:836] <16323> CHKFAKE KEY MAKE OK:MjAxOTA3MTMxMzI2MTM4MzUzNDE2Mg==

INFO	[2019-07-13 13:26:13:836] <16323> END chkfake  Laptime:[0.01sec]
INFO	[2019-07-13 13:26:13:837] <16323> ===============================================================
INFO	[2019-07-13 13:26:24:274] <16323> START INIPHP chkfake (V5036-141209)(OS:Linux2.6.18-274.3.1.el5,PHP:5.2.9)
DEBUG	[2019-07-13 13:26:24:274] <16323> inipayhome:/home/ilearning3/www/inipay
DEBUG	[2019-07-13 13:26:24:274] <16323> type:chkfake
DEBUG	[2019-07-13 13:26:24:274] <16323> debug:true
DEBUG	[2019-07-13 13:26:24:274] <16323> enctype:asym
DEBUG	[2019-07-13 13:26:24:274] <16323> admin:1111
DEBUG	[2019-07-13 13:26:24:274] <16323> checkopt:false
DEBUG	[2019-07-13 13:26:24:274] <16323> mid:obmms20151
DEBUG	[2019-07-13 13:26:24:274] <16323> price:11000
DEBUG	[2019-07-13 13:26:24:274] <16323> nointerest:no
DEBUG	[2019-07-13 13:26:24:274] <16323> quotabase:선택:일시불:2개월:3개월:6개월:12개월
INFO	[2019-07-13 13:26:24:275] <16323> Check Field OK
INFO	[2019-07-13 13:26:24:275] <16323> MERCHANT PRIV KEY LOAD OK
INFO	[2019-07-13 13:26:24:275] <16323> MERCHANT PUB KEY LOAD OK []
INFO	[2019-07-13 13:26:24:276] <16323> CHKFAKE KEY MAKE OK:MjAxOTA3MTMxMzI2MjQyNzU2NDk4NQ==

INFO	[2019-07-13 13:26:24:277] <16323> END chkfake  Laptime:[0.01sec]
INFO	[2019-07-13 13:26:24:277] <16323> ===============================================================
INFO	[2019-07-13 13:27:19:605] <20481> START INIPHP chkfake (V5036-141209)(OS:Linux2.6.18-274.3.1.el5,PHP:5.2.9)
DEBUG	[2019-07-13 13:27:19:605] <20481> inipayhome:/home/ilearning3/www/inipay
DEBUG	[2019-07-13 13:27:19:605] <20481> type:chkfake
DEBUG	[2019-07-13 13:27:19:605] <20481> debug:true
DEBUG	[2019-07-13 13:27:19:605] <20481> enctype:asym
DEBUG	[2019-07-13 13:27:19:605] <20481> admin:1111
DEBUG	[2019-07-13 13:27:19:605] <20481> checkopt:false
DEBUG	[2019-07-13 13:27:19:605] <20481> mid:obmms20151
DEBUG	[2019-07-13 13:27:19:605] <20481> price:11000
DEBUG	[2019-07-13 13:27:19:605] <20481> nointerest:no
DEBUG	[2019-07-13 13:27:19:605] <20481> quotabase:선택:일시불:2개월:3개월:6개월:12개월
INFO	[2019-07-13 13:27:19:605] <20481> Check Field OK
INFO	[2019-07-13 13:27:19:605] <20481> MERCHANT PRIV KEY LOAD OK
INFO	[2019-07-13 13:27:19:606] <20481> MERCHANT PUB KEY LOAD OK []
INFO	[2019-07-13 13:27:19:607] <20481> CHKFAKE KEY MAKE OK:MjAxOTA3MTMxMzI3MTk2MDYzODIwMQ==

INFO	[2019-07-13 13:27:19:607] <20481> END chkfake  Laptime:[0.01sec]
INFO	[2019-07-13 13:27:19:607] <20481> ===============================================================
INFO	[2019-07-13 13:27:31:606] <16343> START INIPHP chkfake (V5036-141209)(OS:Linux2.6.18-274.3.1.el5,PHP:5.2.9)
DEBUG	[2019-07-13 13:27:31:606] <16343> inipayhome:/home/ilearning3/www/inipay
DEBUG	[2019-07-13 13:27:31:606] <16343> type:chkfake
DEBUG	[2019-07-13 13:27:31:606] <16343> debug:true
DEBUG	[2019-07-13 13:27:31:606] <16343> enctype:asym
DEBUG	[2019-07-13 13:27:31:606] <16343> admin:1111
DEBUG	[2019-07-13 13:27:31:606] <16343> checkopt:false
DEBUG	[2019-07-13 13:27:31:606] <16343> mid:obmms20151
DEBUG	[2019-07-13 13:27:31:606] <16343> price:11000
DEBUG	[2019-07-13 13:27:31:606] <16343> nointerest:no
DEBUG	[2019-07-13 13:27:31:606] <16343> quotabase:선택:일시불:2개월:3개월:6개월:12개월
INFO	[2019-07-13 13:27:31:606] <16343> Check Field OK
INFO	[2019-07-13 13:27:31:606] <16343> MERCHANT PRIV KEY LOAD OK
INFO	[2019-07-13 13:27:31:606] <16343> MERCHANT PUB KEY LOAD OK []
INFO	[2019-07-13 13:27:31:608] <16343> CHKFAKE KEY MAKE OK:MjAxOTA3MTMxMzI3MzE2MDY0MzYyOQ==

INFO	[2019-07-13 13:27:31:608] <16343> END chkfake  Laptime:[0sec]
INFO	[2019-07-13 13:27:31:608] <16343> ===============================================================
INFO	[2019-07-13 13:27:40:45] <16343> START INIPHP chkfake (V5036-141209)(OS:Linux2.6.18-274.3.1.el5,PHP:5.2.9)
DEBUG	[2019-07-13 13:27:40:45] <16343> inipayhome:/home/ilearning3/www/inipay
DEBUG	[2019-07-13 13:27:40:45] <16343> type:chkfake
DEBUG	[2019-07-13 13:27:40:45] <16343> debug:true
DEBUG	[2019-07-13 13:27:40:45] <16343> enctype:asym
DEBUG	[2019-07-13 13:27:40:45] <16343> admin:1111
DEBUG	[2019-07-13 13:27:40:45] <16343> checkopt:false
DEBUG	[2019-07-13 13:27:40:45] <16343> mid:obmms20151
DEBUG	[2019-07-13 13:27:40:45] <16343> price:11000
DEBUG	[2019-07-13 13:27:40:45] <16343> nointerest:no
DEBUG	[2019-07-13 13:27:40:45] <16343> quotabase:선택:일시불:2개월:3개월:6개월:12개월
INFO	[2019-07-13 13:27:40:45] <16343> Check Field OK
INFO	[2019-07-13 13:27:40:45] <16343> MERCHANT PRIV KEY LOAD OK
INFO	[2019-07-13 13:27:40:46] <16343> MERCHANT PUB KEY LOAD OK []
INFO	[2019-07-13 13:27:40:48] <16343> CHKFAKE KEY MAKE OK:MjAxOTA3MTMxMzI3NDAwNDY4NzkwOA==

INFO	[2019-07-13 13:27:40:48] <16343> END chkfake  Laptime:[0sec]
INFO	[2019-07-13 13:27:40:48] <16343> ===============================================================
INFO	[2019-07-13 13:29:43:603] <15597> START INIPHP chkfake (V5036-141209)(OS:Linux2.6.18-274.3.1.el5,PHP:5.2.9)
DEBUG	[2019-07-13 13:29:43:603] <15597> inipayhome:/home/ilearning3/www/inipay
DEBUG	[2019-07-13 13:29:43:603] <15597> type:chkfake
DEBUG	[2019-07-13 13:29:43:603] <15597> debug:true
DEBUG	[2019-07-13 13:29:43:603] <15597> enctype:asym
DEBUG	[2019-07-13 13:29:43:603] <15597> admin:1111
DEBUG	[2019-07-13 13:29:43:603] <15597> checkopt:false
DEBUG	[2019-07-13 13:29:43:603] <15597> mid:obmms20151
DEBUG	[2019-07-13 13:29:43:603] <15597> price:11000
DEBUG	[2019-07-13 13:29:43:603] <15597> nointerest:no
DEBUG	[2019-07-13 13:29:43:603] <15597> quotabase:선택:일시불:2개월:3개월:6개월:12개월
INFO	[2019-07-13 13:29:43:604] <15597> Check Field OK
INFO	[2019-07-13 13:29:43:604] <15597> MERCHANT PRIV KEY LOAD OK
INFO	[2019-07-13 13:29:43:604] <15597> MERCHANT PUB KEY LOAD OK []
INFO	[2019-07-13 13:29:43:607] <15597> CHKFAKE KEY MAKE OK:MjAxOTA3MTMxMzI5NDM2MDUzMDUyOA==

INFO	[2019-07-13 13:29:43:607] <15597> END chkfake  Laptime:[0.01sec]
INFO	[2019-07-13 13:29:43:607] <15597> ===============================================================
