INFO	[2018-07-21 16:14:47:426] <131760> START INIPHP chkfake (V5036-141209)(OS:Linux2.6.32-696.18.7.el6.x86_64,PHP:5.5.17p1)
DEBUG	[2018-07-21 16:14:47:426] <131760> inipayhome:/home/hosting_users/ilearning3/www/inipay
DEBUG	[2018-07-21 16:14:47:426] <131760> type:chkfake
DEBUG	[2018-07-21 16:14:47:426] <131760> debug:true
DEBUG	[2018-07-21 16:14:47:426] <131760> enctype:asym
DEBUG	[2018-07-21 16:14:47:426] <131760> admin:1111
DEBUG	[2018-07-21 16:14:47:426] <131760> checkopt:false
DEBUG	[2018-07-21 16:14:47:426] <131760> mid:obmms20151
DEBUG	[2018-07-21 16:14:47:426] <131760> price:11000
DEBUG	[2018-07-21 16:14:47:426] <131760> nointerest:no
DEBUG	[2018-07-21 16:14:47:426] <131760> quotabase:일시불
INFO	[2018-07-21 16:14:47:426] <131760> Check Field OK
INFO	[2018-07-21 16:14:47:520] <131760> MERCHANT PRIV KEY LOAD OK
INFO	[2018-07-21 16:14:47:585] <131760> MERCHANT PUB KEY LOAD OK []
INFO	[2018-07-21 16:14:47:591] <131760> CHKFAKE KEY MAKE OK:MjAxODA3MjExNjE0NDc1ODU0NjE4OA==

INFO	[2018-07-21 16:14:47:591] <131760> END chkfake  Laptime:[0.165sec]
INFO	[2018-07-21 16:14:47:591] <131760> ===============================================================
INFO	[2018-07-21 17:55:21:183] <81429> START INIPHP chkfake (V5036-141209)(OS:Linux2.6.32-696.18.7.el6.x86_64,PHP:5.5.17p1)
DEBUG	[2018-07-21 17:55:21:183] <81429> inipayhome:/home/hosting_users/ilearning3/www/inipay
DEBUG	[2018-07-21 17:55:21:183] <81429> type:chkfake
DEBUG	[2018-07-21 17:55:21:183] <81429> debug:true
DEBUG	[2018-07-21 17:55:21:183] <81429> enctype:asym
DEBUG	[2018-07-21 17:55:21:183] <81429> admin:1111
DEBUG	[2018-07-21 17:55:21:183] <81429> checkopt:false
DEBUG	[2018-07-21 17:55:21:183] <81429> mid:obmms20151
DEBUG	[2018-07-21 17:55:21:183] <81429> price:11000
DEBUG	[2018-07-21 17:55:21:183] <81429> nointerest:no
DEBUG	[2018-07-21 17:55:21:183] <81429> quotabase:일시불
INFO	[2018-07-21 17:55:21:183] <81429> Check Field OK
INFO	[2018-07-21 17:55:21:183] <81429> MERCHANT PRIV KEY LOAD OK
INFO	[2018-07-21 17:55:21:183] <81429> MERCHANT PUB KEY LOAD OK []
INFO	[2018-07-21 17:55:21:184] <81429> CHKFAKE KEY MAKE OK:MjAxODA3MjExNzU1MjExODM5OTA3Mg==

INFO	[2018-07-21 17:55:21:184] <81429> END chkfake  Laptime:[0.001sec]
INFO	[2018-07-21 17:55:21:184] <81429> ===============================================================
