INFO	[2018-06-07 10:54:28:599] <42343> START INIPHP chkfake (V5036-141209)(OS:Linux2.6.32-696.18.7.el6.x86_64,PHP:5.5.17p1)
DEBUG	[2018-06-07 10:54:28:599] <42343> inipayhome:/home/hosting_users/ilearning3/www/inipay
DEBUG	[2018-06-07 10:54:28:599] <42343> type:chkfake
DEBUG	[2018-06-07 10:54:28:599] <42343> debug:true
DEBUG	[2018-06-07 10:54:28:599] <42343> enctype:asym
DEBUG	[2018-06-07 10:54:28:599] <42343> admin:1111
DEBUG	[2018-06-07 10:54:28:599] <42343> checkopt:false
DEBUG	[2018-06-07 10:54:28:599] <42343> mid:obmms20151
DEBUG	[2018-06-07 10:54:28:599] <42343> price:49500
DEBUG	[2018-06-07 10:54:28:599] <42343> nointerest:no
DEBUG	[2018-06-07 10:54:28:599] <42343> quotabase:선택:일시불:2개월:3개월:6개월
INFO	[2018-06-07 10:54:28:599] <42343> Check Field OK
INFO	[2018-06-07 10:54:28:599] <42343> MERCHANT PRIV KEY LOAD OK
INFO	[2018-06-07 10:54:28:613] <42343> MERCHANT PUB KEY LOAD OK []
INFO	[2018-06-07 10:54:28:623] <42343> CHKFAKE KEY MAKE OK:MjAxODA2MDcxMDU0Mjg2MTM0MDA0NQ==

INFO	[2018-06-07 10:54:28:623] <42343> END chkfake  Laptime:[0.024sec]
INFO	[2018-06-07 10:54:28:623] <42343> ===============================================================
INFO	[2018-06-07 10:58:32:191] <43876> START INIPHP chkfake (V5036-141209)(OS:Linux2.6.32-696.18.7.el6.x86_64,PHP:5.5.17p1)
DEBUG	[2018-06-07 10:58:32:191] <43876> inipayhome:/home/hosting_users/ilearning3/www/inipay
DEBUG	[2018-06-07 10:58:32:191] <43876> type:chkfake
DEBUG	[2018-06-07 10:58:32:191] <43876> debug:true
DEBUG	[2018-06-07 10:58:32:191] <43876> enctype:asym
DEBUG	[2018-06-07 10:58:32:191] <43876> admin:1111
DEBUG	[2018-06-07 10:58:32:191] <43876> checkopt:false
DEBUG	[2018-06-07 10:58:32:191] <43876> mid:obmms20151
DEBUG	[2018-06-07 10:58:32:191] <43876> price:49500
DEBUG	[2018-06-07 10:58:32:191] <43876> nointerest:no
DEBUG	[2018-06-07 10:58:32:191] <43876> quotabase:선택:일시불:2개월:3개월:6개월
INFO	[2018-06-07 10:58:32:191] <43876> Check Field OK
INFO	[2018-06-07 10:58:32:191] <43876> MERCHANT PRIV KEY LOAD OK
INFO	[2018-06-07 10:58:32:192] <43876> MERCHANT PUB KEY LOAD OK []
INFO	[2018-06-07 10:58:32:192] <43876> CHKFAKE KEY MAKE OK:MjAxODA2MDcxMDU4MzIxOTIyOTE2NA==

INFO	[2018-06-07 10:58:32:192] <43876> END chkfake  Laptime:[0.001sec]
INFO	[2018-06-07 10:58:32:192] <43876> ===============================================================
INFO	[2018-06-07 11:39:20:957] <11032> START INIPHP chkfake (V5036-141209)(OS:Linux2.6.32-696.18.7.el6.x86_64,PHP:5.5.17p1)
DEBUG	[2018-06-07 11:39:20:957] <11032> inipayhome:/home/hosting_users/ilearning3/www/inipay
DEBUG	[2018-06-07 11:39:20:957] <11032> type:chkfake
DEBUG	[2018-06-07 11:39:20:957] <11032> debug:true
DEBUG	[2018-06-07 11:39:20:957] <11032> enctype:asym
DEBUG	[2018-06-07 11:39:20:957] <11032> admin:1111
DEBUG	[2018-06-07 11:39:20:957] <11032> checkopt:false
DEBUG	[2018-06-07 11:39:20:957] <11032> mid:obmms20151
DEBUG	[2018-06-07 11:39:20:957] <11032> price:11000
DEBUG	[2018-06-07 11:39:20:957] <11032> nointerest:no
DEBUG	[2018-06-07 11:39:20:957] <11032> quotabase:선택:일시불:2개월:3개월:6개월
INFO	[2018-06-07 11:39:20:957] <11032> Check Field OK
INFO	[2018-06-07 11:39:20:957] <11032> MERCHANT PRIV KEY LOAD OK
INFO	[2018-06-07 11:39:20:958] <11032> MERCHANT PUB KEY LOAD OK []
INFO	[2018-06-07 11:39:20:958] <11032> CHKFAKE KEY MAKE OK:MjAxODA2MDcxMTM5MjA5NTg4NTE2OQ==

INFO	[2018-06-07 11:39:20:958] <11032> END chkfake  Laptime:[0.001sec]
INFO	[2018-06-07 11:39:20:958] <11032> ===============================================================
INFO	[2018-06-07 19:36:39:410] <26325> START INIPHP chkfake (V5036-141209)(OS:Linux2.6.32-696.18.7.el6.x86_64,PHP:5.5.17p1)
DEBUG	[2018-06-07 19:36:39:410] <26325> inipayhome:/home/hosting_users/ilearning3/www/inipay
DEBUG	[2018-06-07 19:36:39:410] <26325> type:chkfake
DEBUG	[2018-06-07 19:36:39:410] <26325> debug:true
DEBUG	[2018-06-07 19:36:39:410] <26325> enctype:asym
DEBUG	[2018-06-07 19:36:39:410] <26325> admin:1111
DEBUG	[2018-06-07 19:36:39:410] <26325> checkopt:false
DEBUG	[2018-06-07 19:36:39:410] <26325> mid:obmms20151
DEBUG	[2018-06-07 19:36:39:410] <26325> price:11000
DEBUG	[2018-06-07 19:36:39:410] <26325> nointerest:no
DEBUG	[2018-06-07 19:36:39:410] <26325> quotabase:선택:일시불:2개월:3개월:6개월
INFO	[2018-06-07 19:36:39:410] <26325> Check Field OK
INFO	[2018-06-07 19:36:39:410] <26325> MERCHANT PRIV KEY LOAD OK
INFO	[2018-06-07 19:36:39:411] <26325> MERCHANT PUB KEY LOAD OK []
INFO	[2018-06-07 19:36:39:411] <26325> CHKFAKE KEY MAKE OK:MjAxODA2MDcxOTM2Mzk0MTE0NzAyMA==

INFO	[2018-06-07 19:36:39:411] <26325> END chkfake  Laptime:[0.001sec]
INFO	[2018-06-07 19:36:39:411] <26325> ===============================================================
