INFO	[2018-09-12 08:52:50:135] <131875> START INIPHP chkfake (V5036-141209)(OS:Linux2.6.32-696.18.7.el6.x86_64,PHP:5.5.17p1)
DEBUG	[2018-09-12 08:52:50:135] <131875> inipayhome:/home/hosting_users/ilearning3/www/inipay
DEBUG	[2018-09-12 08:52:50:135] <131875> type:chkfake
DEBUG	[2018-09-12 08:52:50:135] <131875> debug:true
DEBUG	[2018-09-12 08:52:50:135] <131875> enctype:asym
DEBUG	[2018-09-12 08:52:50:135] <131875> admin:1111
DEBUG	[2018-09-12 08:52:50:135] <131875> checkopt:false
DEBUG	[2018-09-12 08:52:50:135] <131875> mid:obmms20151
DEBUG	[2018-09-12 08:52:50:135] <131875> price:11000
DEBUG	[2018-09-12 08:52:50:135] <131875> nointerest:no
DEBUG	[2018-09-12 08:52:50:135] <131875> quotabase:일시불
INFO	[2018-09-12 08:52:50:135] <131875> Check Field OK
INFO	[2018-09-12 08:52:50:218] <131875> MERCHANT PRIV KEY LOAD OK
INFO	[2018-09-12 08:52:50:227] <131875> MERCHANT PUB KEY LOAD OK []
INFO	[2018-09-12 08:52:50:228] <131875> CHKFAKE KEY MAKE OK:MjAxODA5MTIwODUyNTAyMjc4MjU5MQ==

INFO	[2018-09-12 08:52:50:228] <131875> END chkfake  Laptime:[0.092sec]
INFO	[2018-09-12 08:52:50:228] <131875> ===============================================================
INFO	[2018-09-12 08:53:41:504] <131870> START INIPHP chkfake (V5036-141209)(OS:Linux2.6.32-696.18.7.el6.x86_64,PHP:5.5.17p1)
DEBUG	[2018-09-12 08:53:41:504] <131870> inipayhome:/home/hosting_users/ilearning3/www/inipay
DEBUG	[2018-09-12 08:53:41:504] <131870> type:chkfake
DEBUG	[2018-09-12 08:53:41:504] <131870> debug:true
DEBUG	[2018-09-12 08:53:41:504] <131870> enctype:asym
DEBUG	[2018-09-12 08:53:41:504] <131870> admin:1111
DEBUG	[2018-09-12 08:53:41:504] <131870> checkopt:false
DEBUG	[2018-09-12 08:53:41:504] <131870> mid:obmms20151
DEBUG	[2018-09-12 08:53:41:504] <131870> price:11000
DEBUG	[2018-09-12 08:53:41:504] <131870> nointerest:no
DEBUG	[2018-09-12 08:53:41:504] <131870> quotabase:일시불
INFO	[2018-09-12 08:53:41:504] <131870> Check Field OK
INFO	[2018-09-12 08:53:41:505] <131870> MERCHANT PRIV KEY LOAD OK
INFO	[2018-09-12 08:53:41:505] <131870> MERCHANT PUB KEY LOAD OK []
INFO	[2018-09-12 08:53:41:505] <131870> CHKFAKE KEY MAKE OK:MjAxODA5MTIwODUzNDE1MDUzNTg0Ng==

INFO	[2018-09-12 08:53:41:505] <131870> END chkfake  Laptime:[0.001sec]
INFO	[2018-09-12 08:53:41:505] <131870> ===============================================================
INFO	[2018-09-12 08:56:55:570] <32624> START INIPHP chkfake (V5036-141209)(OS:Linux2.6.32-696.18.7.el6.x86_64,PHP:5.5.17p1)
DEBUG	[2018-09-12 08:56:55:570] <32624> inipayhome:/home/hosting_users/ilearning3/www/inipay
DEBUG	[2018-09-12 08:56:55:570] <32624> type:chkfake
DEBUG	[2018-09-12 08:56:55:570] <32624> debug:true
DEBUG	[2018-09-12 08:56:55:570] <32624> enctype:asym
DEBUG	[2018-09-12 08:56:55:570] <32624> admin:1111
DEBUG	[2018-09-12 08:56:55:570] <32624> checkopt:false
DEBUG	[2018-09-12 08:56:55:570] <32624> mid:obmms20151
DEBUG	[2018-09-12 08:56:55:570] <32624> price:11000
DEBUG	[2018-09-12 08:56:55:570] <32624> nointerest:no
DEBUG	[2018-09-12 08:56:55:570] <32624> quotabase:일시불
INFO	[2018-09-12 08:56:55:570] <32624> Check Field OK
INFO	[2018-09-12 08:56:55:570] <32624> MERCHANT PRIV KEY LOAD OK
INFO	[2018-09-12 08:56:55:570] <32624> MERCHANT PUB KEY LOAD OK []
INFO	[2018-09-12 08:56:55:571] <32624> CHKFAKE KEY MAKE OK:MjAxODA5MTIwODU2NTU1NzA0Nzk4Mw==

INFO	[2018-09-12 08:56:55:571] <32624> END chkfake  Laptime:[0.001sec]
INFO	[2018-09-12 08:56:55:571] <32624> ===============================================================
INFO	[2018-09-12 09:07:27:909] <63463> START INIPHP chkfake (V5036-141209)(OS:Linux2.6.32-696.18.7.el6.x86_64,PHP:5.5.17p1)
DEBUG	[2018-09-12 09:07:27:909] <63463> inipayhome:/home/hosting_users/ilearning3/www/inipay
DEBUG	[2018-09-12 09:07:27:909] <63463> type:chkfake
DEBUG	[2018-09-12 09:07:27:909] <63463> debug:true
DEBUG	[2018-09-12 09:07:27:909] <63463> enctype:asym
DEBUG	[2018-09-12 09:07:27:909] <63463> admin:1111
DEBUG	[2018-09-12 09:07:27:909] <63463> checkopt:false
DEBUG	[2018-09-12 09:07:27:909] <63463> mid:obmms20151
DEBUG	[2018-09-12 09:07:27:909] <63463> price:11000
DEBUG	[2018-09-12 09:07:27:909] <63463> nointerest:no
DEBUG	[2018-09-12 09:07:27:909] <63463> quotabase:일시불
INFO	[2018-09-12 09:07:27:909] <63463> Check Field OK
INFO	[2018-09-12 09:07:27:910] <63463> MERCHANT PRIV KEY LOAD OK
INFO	[2018-09-12 09:07:27:910] <63463> MERCHANT PUB KEY LOAD OK []
INFO	[2018-09-12 09:07:27:910] <63463> CHKFAKE KEY MAKE OK:MjAxODA5MTIwOTA3Mjc5MTA4OTMwMw==

INFO	[2018-09-12 09:07:27:911] <63463> END chkfake  Laptime:[0.001sec]
INFO	[2018-09-12 09:07:27:911] <63463> ===============================================================
INFO	[2018-09-12 14:37:23:101] <146105> START INIPHP chkfake (V5036-141209)(OS:Linux2.6.32-696.18.7.el6.x86_64,PHP:5.5.17p1)
DEBUG	[2018-09-12 14:37:23:103] <146105> inipayhome:/home/hosting_users/ilearning3/www/inipay
DEBUG	[2018-09-12 14:37:23:103] <146105> type:chkfake
DEBUG	[2018-09-12 14:37:23:103] <146105> debug:true
DEBUG	[2018-09-12 14:37:23:103] <146105> enctype:asym
DEBUG	[2018-09-12 14:37:23:103] <146105> admin:1111
DEBUG	[2018-09-12 14:37:23:103] <146105> checkopt:false
DEBUG	[2018-09-12 14:37:23:103] <146105> mid:obmms20151
DEBUG	[2018-09-12 14:37:23:103] <146105> price:11000
DEBUG	[2018-09-12 14:37:23:103] <146105> nointerest:no
DEBUG	[2018-09-12 14:37:23:103] <146105> quotabase:일시불
INFO	[2018-09-12 14:37:23:103] <146105> Check Field OK
INFO	[2018-09-12 14:37:23:103] <146105> MERCHANT PRIV KEY LOAD OK
INFO	[2018-09-12 14:37:23:103] <146105> MERCHANT PUB KEY LOAD OK []
INFO	[2018-09-12 14:37:23:104] <146105> CHKFAKE KEY MAKE OK:MjAxODA5MTIxNDM3MjMxMDM4MzY3MA==

INFO	[2018-09-12 14:37:23:104] <146105> END chkfake  Laptime:[0.003sec]
INFO	[2018-09-12 14:37:23:104] <146105> ===============================================================
INFO	[2018-09-12 14:38:07:514] <8147> START INIPHP chkfake (V5036-141209)(OS:Linux2.6.32-696.18.7.el6.x86_64,PHP:5.5.17p1)
DEBUG	[2018-09-12 14:38:07:514] <8147> inipayhome:/home/hosting_users/ilearning3/www/inipay
DEBUG	[2018-09-12 14:38:07:514] <8147> type:chkfake
DEBUG	[2018-09-12 14:38:07:514] <8147> debug:true
DEBUG	[2018-09-12 14:38:07:514] <8147> enctype:asym
DEBUG	[2018-09-12 14:38:07:514] <8147> admin:1111
DEBUG	[2018-09-12 14:38:07:514] <8147> checkopt:false
DEBUG	[2018-09-12 14:38:07:514] <8147> mid:obmms20151
DEBUG	[2018-09-12 14:38:07:514] <8147> price:11000
DEBUG	[2018-09-12 14:38:07:514] <8147> nointerest:no
DEBUG	[2018-09-12 14:38:07:514] <8147> quotabase:일시불
INFO	[2018-09-12 14:38:07:514] <8147> Check Field OK
INFO	[2018-09-12 14:38:07:514] <8147> MERCHANT PRIV KEY LOAD OK
INFO	[2018-09-12 14:38:07:514] <8147> MERCHANT PUB KEY LOAD OK []
INFO	[2018-09-12 14:38:07:515] <8147> CHKFAKE KEY MAKE OK:MjAxODA5MTIxNDM4MDc1MTQ0NzI2NQ==

INFO	[2018-09-12 14:38:07:515] <8147> END chkfake  Laptime:[0.001sec]
INFO	[2018-09-12 14:38:07:515] <8147> ===============================================================
INFO	[2018-09-12 14:39:09:97] <143208> START INIPHP chkfake (V5036-141209)(OS:Linux2.6.32-696.18.7.el6.x86_64,PHP:5.5.17p1)
DEBUG	[2018-09-12 14:39:09:97] <143208> inipayhome:/home/hosting_users/ilearning3/www/inipay
DEBUG	[2018-09-12 14:39:09:97] <143208> type:chkfake
DEBUG	[2018-09-12 14:39:09:97] <143208> debug:true
DEBUG	[2018-09-12 14:39:09:97] <143208> enctype:asym
DEBUG	[2018-09-12 14:39:09:97] <143208> admin:1111
DEBUG	[2018-09-12 14:39:09:97] <143208> checkopt:false
DEBUG	[2018-09-12 14:39:09:97] <143208> mid:obmms20151
DEBUG	[2018-09-12 14:39:09:97] <143208> price:11000
DEBUG	[2018-09-12 14:39:09:97] <143208> nointerest:no
DEBUG	[2018-09-12 14:39:09:97] <143208> quotabase:일시불
INFO	[2018-09-12 14:39:09:98] <143208> Check Field OK
INFO	[2018-09-12 14:39:09:98] <143208> MERCHANT PRIV KEY LOAD OK
INFO	[2018-09-12 14:39:09:98] <143208> MERCHANT PUB KEY LOAD OK []
INFO	[2018-09-12 14:39:09:99] <143208> CHKFAKE KEY MAKE OK:MjAxODA5MTIxNDM5MDkwOTgxOTg1Ng==

INFO	[2018-09-12 14:39:09:99] <143208> END chkfake  Laptime:[0.001sec]
INFO	[2018-09-12 14:39:09:99] <143208> ===============================================================
INFO	[2018-09-12 14:40:15:132] <143073> START INIPHP chkfake (V5036-141209)(OS:Linux2.6.32-696.18.7.el6.x86_64,PHP:5.5.17p1)
DEBUG	[2018-09-12 14:40:15:132] <143073> inipayhome:/home/hosting_users/ilearning3/www/inipay
DEBUG	[2018-09-12 14:40:15:132] <143073> type:chkfake
DEBUG	[2018-09-12 14:40:15:132] <143073> debug:true
DEBUG	[2018-09-12 14:40:15:132] <143073> enctype:asym
DEBUG	[2018-09-12 14:40:15:132] <143073> admin:1111
DEBUG	[2018-09-12 14:40:15:132] <143073> checkopt:false
DEBUG	[2018-09-12 14:40:15:132] <143073> mid:obmms20151
DEBUG	[2018-09-12 14:40:15:132] <143073> price:11000
DEBUG	[2018-09-12 14:40:15:132] <143073> nointerest:no
DEBUG	[2018-09-12 14:40:15:132] <143073> quotabase:일시불
INFO	[2018-09-12 14:40:15:133] <143073> Check Field OK
INFO	[2018-09-12 14:40:15:133] <143073> MERCHANT PRIV KEY LOAD OK
INFO	[2018-09-12 14:40:15:133] <143073> MERCHANT PUB KEY LOAD OK []
INFO	[2018-09-12 14:40:15:133] <143073> CHKFAKE KEY MAKE OK:MjAxODA5MTIxNDQwMTUxMzM4ODI5OA==

INFO	[2018-09-12 14:40:15:133] <143073> END chkfake  Laptime:[0.001sec]
INFO	[2018-09-12 14:40:15:133] <143073> ===============================================================
INFO	[2018-09-12 14:48:11:147] <34700> START INIPHP chkfake (V5036-141209)(OS:Linux2.6.32-696.18.7.el6.x86_64,PHP:5.5.17p1)
DEBUG	[2018-09-12 14:48:11:147] <34700> inipayhome:/home/hosting_users/ilearning3/www/inipay
DEBUG	[2018-09-12 14:48:11:147] <34700> type:chkfake
DEBUG	[2018-09-12 14:48:11:147] <34700> debug:true
DEBUG	[2018-09-12 14:48:11:147] <34700> enctype:asym
DEBUG	[2018-09-12 14:48:11:147] <34700> admin:1111
DEBUG	[2018-09-12 14:48:11:147] <34700> checkopt:false
DEBUG	[2018-09-12 14:48:11:147] <34700> mid:obmms20151
DEBUG	[2018-09-12 14:48:11:147] <34700> price:11000
DEBUG	[2018-09-12 14:48:11:147] <34700> nointerest:no
DEBUG	[2018-09-12 14:48:11:147] <34700> quotabase:일시불
INFO	[2018-09-12 14:48:11:147] <34700> Check Field OK
INFO	[2018-09-12 14:48:11:147] <34700> MERCHANT PRIV KEY LOAD OK
INFO	[2018-09-12 14:48:11:148] <34700> MERCHANT PUB KEY LOAD OK []
INFO	[2018-09-12 14:48:11:148] <34700> CHKFAKE KEY MAKE OK:MjAxODA5MTIxNDQ4MTExNDg3MDE3NQ==

INFO	[2018-09-12 14:48:11:148] <34700> END chkfake  Laptime:[0.001sec]
INFO	[2018-09-12 14:48:11:148] <34700> ===============================================================
INFO	[2018-09-12 14:53:55:154] <34717> START INIPHP chkfake (V5036-141209)(OS:Linux2.6.32-696.18.7.el6.x86_64,PHP:5.5.17p1)
DEBUG	[2018-09-12 14:53:55:154] <34717> inipayhome:/home/hosting_users/ilearning3/www/inipay
DEBUG	[2018-09-12 14:53:55:154] <34717> type:chkfake
DEBUG	[2018-09-12 14:53:55:154] <34717> debug:true
DEBUG	[2018-09-12 14:53:55:154] <34717> enctype:asym
DEBUG	[2018-09-12 14:53:55:154] <34717> admin:1111
DEBUG	[2018-09-12 14:53:55:154] <34717> checkopt:false
DEBUG	[2018-09-12 14:53:55:154] <34717> mid:obmms20151
DEBUG	[2018-09-12 14:53:55:154] <34717> price:11000
DEBUG	[2018-09-12 14:53:55:154] <34717> nointerest:no
DEBUG	[2018-09-12 14:53:55:154] <34717> quotabase:일시불
INFO	[2018-09-12 14:53:55:154] <34717> Check Field OK
INFO	[2018-09-12 14:53:55:154] <34717> MERCHANT PRIV KEY LOAD OK
INFO	[2018-09-12 14:53:55:155] <34717> MERCHANT PUB KEY LOAD OK []
INFO	[2018-09-12 14:53:55:155] <34717> CHKFAKE KEY MAKE OK:MjAxODA5MTIxNDUzNTUxNTU2MzQxOQ==

INFO	[2018-09-12 14:53:55:155] <34717> END chkfake  Laptime:[0.001sec]
INFO	[2018-09-12 14:53:55:155] <34717> ===============================================================
INFO	[2018-09-12 14:54:21:25] <32803> START INIPHP chkfake (V5036-141209)(OS:Linux2.6.32-696.18.7.el6.x86_64,PHP:5.5.17p1)
DEBUG	[2018-09-12 14:54:21:25] <32803> inipayhome:/home/hosting_users/ilearning3/www/inipay
DEBUG	[2018-09-12 14:54:21:25] <32803> type:chkfake
DEBUG	[2018-09-12 14:54:21:25] <32803> debug:true
DEBUG	[2018-09-12 14:54:21:25] <32803> enctype:asym
DEBUG	[2018-09-12 14:54:21:25] <32803> admin:1111
DEBUG	[2018-09-12 14:54:21:25] <32803> checkopt:false
DEBUG	[2018-09-12 14:54:21:25] <32803> mid:obmms20151
DEBUG	[2018-09-12 14:54:21:25] <32803> price:11000
DEBUG	[2018-09-12 14:54:21:25] <32803> nointerest:no
DEBUG	[2018-09-12 14:54:21:25] <32803> quotabase:일시불
INFO	[2018-09-12 14:54:21:25] <32803> Check Field OK
INFO	[2018-09-12 14:54:21:25] <32803> MERCHANT PRIV KEY LOAD OK
INFO	[2018-09-12 14:54:21:25] <32803> MERCHANT PUB KEY LOAD OK []
INFO	[2018-09-12 14:54:21:26] <32803> CHKFAKE KEY MAKE OK:MjAxODA5MTIxNDU0MjEwMjU4NTQyMQ==

INFO	[2018-09-12 14:54:21:26] <32803> END chkfake  Laptime:[0.001sec]
INFO	[2018-09-12 14:54:21:26] <32803> ===============================================================
INFO	[2018-09-12 14:57:38:411] <24006> START INIPHP chkfake (V5036-141209)(OS:Linux2.6.32-696.18.7.el6.x86_64,PHP:5.5.17p1)
DEBUG	[2018-09-12 14:57:38:411] <24006> inipayhome:/home/hosting_users/ilearning3/www/inipay
DEBUG	[2018-09-12 14:57:38:411] <24006> type:chkfake
DEBUG	[2018-09-12 14:57:38:411] <24006> debug:true
DEBUG	[2018-09-12 14:57:38:411] <24006> enctype:asym
DEBUG	[2018-09-12 14:57:38:411] <24006> admin:1111
DEBUG	[2018-09-12 14:57:38:411] <24006> checkopt:false
DEBUG	[2018-09-12 14:57:38:411] <24006> mid:obmms20151
DEBUG	[2018-09-12 14:57:38:411] <24006> price:11000
DEBUG	[2018-09-12 14:57:38:411] <24006> nointerest:no
DEBUG	[2018-09-12 14:57:38:411] <24006> quotabase:일시불
INFO	[2018-09-12 14:57:38:411] <24006> Check Field OK
INFO	[2018-09-12 14:57:38:411] <24006> MERCHANT PRIV KEY LOAD OK
INFO	[2018-09-12 14:57:38:411] <24006> MERCHANT PUB KEY LOAD OK []
INFO	[2018-09-12 14:57:38:412] <24006> CHKFAKE KEY MAKE OK:MjAxODA5MTIxNDU3Mzg0MTEyMDg3Mg==

INFO	[2018-09-12 14:57:38:412] <24006> END chkfake  Laptime:[0.001sec]
INFO	[2018-09-12 14:57:38:412] <24006> ===============================================================
INFO	[2018-09-12 15:17:07:269] <120945> START INIPHP chkfake (V5036-141209)(OS:Linux2.6.32-696.18.7.el6.x86_64,PHP:5.5.17p1)
DEBUG	[2018-09-12 15:17:07:269] <120945> inipayhome:/home/hosting_users/ilearning3/www/inipay
DEBUG	[2018-09-12 15:17:07:269] <120945> type:chkfake
DEBUG	[2018-09-12 15:17:07:269] <120945> debug:true
DEBUG	[2018-09-12 15:17:07:269] <120945> enctype:asym
DEBUG	[2018-09-12 15:17:07:269] <120945> admin:1111
DEBUG	[2018-09-12 15:17:07:269] <120945> checkopt:false
DEBUG	[2018-09-12 15:17:07:269] <120945> mid:obmms20151
DEBUG	[2018-09-12 15:17:07:269] <120945> price:11000
DEBUG	[2018-09-12 15:17:07:269] <120945> nointerest:no
DEBUG	[2018-09-12 15:17:07:269] <120945> quotabase:일시불
INFO	[2018-09-12 15:17:07:269] <120945> Check Field OK
INFO	[2018-09-12 15:17:07:270] <120945> MERCHANT PRIV KEY LOAD OK
INFO	[2018-09-12 15:17:07:270] <120945> MERCHANT PUB KEY LOAD OK []
INFO	[2018-09-12 15:17:07:270] <120945> CHKFAKE KEY MAKE OK:MjAxODA5MTIxNTE3MDcyNzA1ODcwNQ==

INFO	[2018-09-12 15:17:07:270] <120945> END chkfake  Laptime:[0.001sec]
INFO	[2018-09-12 15:17:07:270] <120945> ===============================================================
INFO	[2018-09-12 15:17:51:402] <34717> START INIPHP chkfake (V5036-141209)(OS:Linux2.6.32-696.18.7.el6.x86_64,PHP:5.5.17p1)
DEBUG	[2018-09-12 15:17:51:402] <34717> inipayhome:/home/hosting_users/ilearning3/www/inipay
DEBUG	[2018-09-12 15:17:51:402] <34717> type:chkfake
DEBUG	[2018-09-12 15:17:51:402] <34717> debug:true
DEBUG	[2018-09-12 15:17:51:402] <34717> enctype:asym
DEBUG	[2018-09-12 15:17:51:402] <34717> admin:1111
DEBUG	[2018-09-12 15:17:51:402] <34717> checkopt:false
DEBUG	[2018-09-12 15:17:51:402] <34717> mid:obmms20151
DEBUG	[2018-09-12 15:17:51:402] <34717> price:11000
DEBUG	[2018-09-12 15:17:51:402] <34717> nointerest:no
DEBUG	[2018-09-12 15:17:51:402] <34717> quotabase:일시불
INFO	[2018-09-12 15:17:51:402] <34717> Check Field OK
INFO	[2018-09-12 15:17:51:402] <34717> MERCHANT PRIV KEY LOAD OK
INFO	[2018-09-12 15:17:51:403] <34717> MERCHANT PUB KEY LOAD OK []
INFO	[2018-09-12 15:17:51:403] <34717> CHKFAKE KEY MAKE OK:MjAxODA5MTIxNTE3NTE0MDMyNjU0OQ==

INFO	[2018-09-12 15:17:51:403] <34717> END chkfake  Laptime:[0.001sec]
INFO	[2018-09-12 15:17:51:403] <34717> ===============================================================
INFO	[2018-09-12 15:19:01:728] <23162> START INIPHP chkfake (V5036-141209)(OS:Linux2.6.32-696.18.7.el6.x86_64,PHP:5.5.17p1)
DEBUG	[2018-09-12 15:19:01:728] <23162> inipayhome:/home/hosting_users/ilearning3/www/inipay
DEBUG	[2018-09-12 15:19:01:728] <23162> type:chkfake
DEBUG	[2018-09-12 15:19:01:728] <23162> debug:true
DEBUG	[2018-09-12 15:19:01:728] <23162> enctype:asym
DEBUG	[2018-09-12 15:19:01:728] <23162> admin:1111
DEBUG	[2018-09-12 15:19:01:728] <23162> checkopt:false
DEBUG	[2018-09-12 15:19:01:728] <23162> mid:obmms20151
DEBUG	[2018-09-12 15:19:01:728] <23162> price:11000
DEBUG	[2018-09-12 15:19:01:728] <23162> nointerest:no
DEBUG	[2018-09-12 15:19:01:728] <23162> quotabase:일시불
INFO	[2018-09-12 15:19:01:728] <23162> Check Field OK
INFO	[2018-09-12 15:19:01:728] <23162> MERCHANT PRIV KEY LOAD OK
INFO	[2018-09-12 15:19:01:728] <23162> MERCHANT PUB KEY LOAD OK []
INFO	[2018-09-12 15:19:01:729] <23162> CHKFAKE KEY MAKE OK:MjAxODA5MTIxNTE5MDE3MjgxODk3NA==

INFO	[2018-09-12 15:19:01:729] <23162> END chkfake  Laptime:[0.001sec]
INFO	[2018-09-12 15:19:01:729] <23162> ===============================================================
INFO	[2018-09-12 15:20:06:780] <34646> START INIPHP chkfake (V5036-141209)(OS:Linux2.6.32-696.18.7.el6.x86_64,PHP:5.5.17p1)
DEBUG	[2018-09-12 15:20:06:780] <34646> inipayhome:/home/hosting_users/ilearning3/www/inipay
DEBUG	[2018-09-12 15:20:06:780] <34646> type:chkfake
DEBUG	[2018-09-12 15:20:06:780] <34646> debug:true
DEBUG	[2018-09-12 15:20:06:780] <34646> enctype:asym
DEBUG	[2018-09-12 15:20:06:780] <34646> admin:1111
DEBUG	[2018-09-12 15:20:06:780] <34646> checkopt:false
DEBUG	[2018-09-12 15:20:06:780] <34646> mid:obmms20151
DEBUG	[2018-09-12 15:20:06:780] <34646> price:11000
DEBUG	[2018-09-12 15:20:06:780] <34646> nointerest:no
DEBUG	[2018-09-12 15:20:06:780] <34646> quotabase:일시불
INFO	[2018-09-12 15:20:06:780] <34646> Check Field OK
INFO	[2018-09-12 15:20:06:780] <34646> MERCHANT PRIV KEY LOAD OK
INFO	[2018-09-12 15:20:06:780] <34646> MERCHANT PUB KEY LOAD OK []
INFO	[2018-09-12 15:20:06:781] <34646> CHKFAKE KEY MAKE OK:MjAxODA5MTIxNTIwMDY3ODA5NTEwOA==

INFO	[2018-09-12 15:20:06:781] <34646> END chkfake  Laptime:[0.001sec]
INFO	[2018-09-12 15:20:06:781] <34646> ===============================================================
INFO	[2018-09-12 15:41:10:113] <17166> START INIPHP chkfake (V5036-141209)(OS:Linux2.6.32-696.18.7.el6.x86_64,PHP:5.5.17p1)
DEBUG	[2018-09-12 15:41:10:113] <17166> inipayhome:/home/hosting_users/ilearning3/www/inipay
DEBUG	[2018-09-12 15:41:10:113] <17166> type:chkfake
DEBUG	[2018-09-12 15:41:10:113] <17166> debug:true
DEBUG	[2018-09-12 15:41:10:113] <17166> enctype:asym
DEBUG	[2018-09-12 15:41:10:113] <17166> admin:1111
DEBUG	[2018-09-12 15:41:10:113] <17166> checkopt:false
DEBUG	[2018-09-12 15:41:10:113] <17166> mid:obmms20151
DEBUG	[2018-09-12 15:41:10:113] <17166> price:11000
DEBUG	[2018-09-12 15:41:10:113] <17166> nointerest:no
DEBUG	[2018-09-12 15:41:10:113] <17166> quotabase:일시불
INFO	[2018-09-12 15:41:10:113] <17166> Check Field OK
INFO	[2018-09-12 15:41:10:113] <17166> MERCHANT PRIV KEY LOAD OK
INFO	[2018-09-12 15:41:10:113] <17166> MERCHANT PUB KEY LOAD OK []
INFO	[2018-09-12 15:41:10:114] <17166> CHKFAKE KEY MAKE OK:MjAxODA5MTIxNTQxMTAxMTM2OTcyOA==

INFO	[2018-09-12 15:41:10:114] <17166> END chkfake  Laptime:[0.001sec]
INFO	[2018-09-12 15:41:10:114] <17166> ===============================================================
INFO	[2018-09-12 15:52:46:379] <74916> START INIPHP chkfake (V5036-141209)(OS:Linux2.6.32-696.18.7.el6.x86_64,PHP:5.5.17p1)
DEBUG	[2018-09-12 15:52:46:379] <74916> inipayhome:/home/hosting_users/ilearning3/www/inipay
DEBUG	[2018-09-12 15:52:46:379] <74916> type:chkfake
DEBUG	[2018-09-12 15:52:46:379] <74916> debug:true
DEBUG	[2018-09-12 15:52:46:379] <74916> enctype:asym
DEBUG	[2018-09-12 15:52:46:379] <74916> admin:1111
DEBUG	[2018-09-12 15:52:46:379] <74916> checkopt:false
DEBUG	[2018-09-12 15:52:46:379] <74916> mid:obmms20151
DEBUG	[2018-09-12 15:52:46:379] <74916> price:11000
DEBUG	[2018-09-12 15:52:46:379] <74916> nointerest:no
DEBUG	[2018-09-12 15:52:46:379] <74916> quotabase:일시불
INFO	[2018-09-12 15:52:46:379] <74916> Check Field OK
INFO	[2018-09-12 15:52:46:379] <74916> MERCHANT PRIV KEY LOAD OK
INFO	[2018-09-12 15:52:46:379] <74916> MERCHANT PUB KEY LOAD OK []
INFO	[2018-09-12 15:52:46:380] <74916> CHKFAKE KEY MAKE OK:MjAxODA5MTIxNTUyNDYzNzkyNzU2MA==

INFO	[2018-09-12 15:52:46:380] <74916> END chkfake  Laptime:[0.001sec]
INFO	[2018-09-12 15:52:46:380] <74916> ===============================================================
INFO	[2018-09-12 16:16:10:245] <135939> START INIPHP chkfake (V5036-141209)(OS:Linux2.6.32-696.18.7.el6.x86_64,PHP:5.5.17p1)
DEBUG	[2018-09-12 16:16:10:245] <135939> inipayhome:/home/hosting_users/ilearning3/www/inipay
DEBUG	[2018-09-12 16:16:10:245] <135939> type:chkfake
DEBUG	[2018-09-12 16:16:10:245] <135939> debug:true
DEBUG	[2018-09-12 16:16:10:245] <135939> enctype:asym
DEBUG	[2018-09-12 16:16:10:245] <135939> admin:1111
DEBUG	[2018-09-12 16:16:10:245] <135939> checkopt:false
DEBUG	[2018-09-12 16:16:10:245] <135939> mid:obmms20151
DEBUG	[2018-09-12 16:16:10:245] <135939> price:11000
DEBUG	[2018-09-12 16:16:10:245] <135939> nointerest:no
DEBUG	[2018-09-12 16:16:10:245] <135939> quotabase:일시불
INFO	[2018-09-12 16:16:10:245] <135939> Check Field OK
INFO	[2018-09-12 16:16:10:245] <135939> MERCHANT PRIV KEY LOAD OK
INFO	[2018-09-12 16:16:10:246] <135939> MERCHANT PUB KEY LOAD OK []
INFO	[2018-09-12 16:16:10:246] <135939> CHKFAKE KEY MAKE OK:MjAxODA5MTIxNjE2MTAyNDY1ODMzOQ==

INFO	[2018-09-12 16:16:10:246] <135939> END chkfake  Laptime:[0.001sec]
INFO	[2018-09-12 16:16:10:246] <135939> ===============================================================
INFO	[2018-09-12 16:28:29:715] <133224> START INIPHP chkfake (V5036-141209)(OS:Linux2.6.32-696.18.7.el6.x86_64,PHP:5.5.17p1)
DEBUG	[2018-09-12 16:28:29:715] <133224> inipayhome:/home/hosting_users/ilearning3/www/inipay
DEBUG	[2018-09-12 16:28:29:715] <133224> type:chkfake
DEBUG	[2018-09-12 16:28:29:715] <133224> debug:true
DEBUG	[2018-09-12 16:28:29:715] <133224> enctype:asym
DEBUG	[2018-09-12 16:28:29:715] <133224> admin:1111
DEBUG	[2018-09-12 16:28:29:715] <133224> checkopt:false
DEBUG	[2018-09-12 16:28:29:715] <133224> mid:obmms20151
DEBUG	[2018-09-12 16:28:29:715] <133224> price:11000
DEBUG	[2018-09-12 16:28:29:715] <133224> nointerest:no
DEBUG	[2018-09-12 16:28:29:715] <133224> quotabase:일시불
INFO	[2018-09-12 16:28:29:715] <133224> Check Field OK
INFO	[2018-09-12 16:28:29:715] <133224> MERCHANT PRIV KEY LOAD OK
INFO	[2018-09-12 16:28:29:716] <133224> MERCHANT PUB KEY LOAD OK []
INFO	[2018-09-12 16:28:29:716] <133224> CHKFAKE KEY MAKE OK:MjAxODA5MTIxNjI4Mjk3MTY4MTYyMQ==

INFO	[2018-09-12 16:28:29:716] <133224> END chkfake  Laptime:[0.001sec]
INFO	[2018-09-12 16:28:29:716] <133224> ===============================================================
