INFO	[2018-05-29 15:03:24:798] <105572> START INIPHP chkfake (V5036-141209)(OS:Linux2.6.32-696.18.7.el6.x86_64,PHP:5.5.17p1)
DEBUG	[2018-05-29 15:03:24:798] <105572> inipayhome:/home/hosting_users/ilearning3/www/inipay
DEBUG	[2018-05-29 15:03:24:798] <105572> type:chkfake
DEBUG	[2018-05-29 15:03:24:798] <105572> debug:true
DEBUG	[2018-05-29 15:03:24:798] <105572> enctype:asym
DEBUG	[2018-05-29 15:03:24:798] <105572> admin:1111
DEBUG	[2018-05-29 15:03:24:798] <105572> checkopt:false
DEBUG	[2018-05-29 15:03:24:798] <105572> mid:obmms20151
DEBUG	[2018-05-29 15:03:24:798] <105572> price:9900
DEBUG	[2018-05-29 15:03:24:798] <105572> nointerest:no
DEBUG	[2018-05-29 15:03:24:798] <105572> quotabase:ÏÑ†ÌÉù:ÏùºÏãúÎ∂à:2Í∞úÏõî:3Í∞úÏõî:6Í∞úÏõî
INFO	[2018-05-29 15:03:24:799] <105572> Check Field OK
INFO	[2018-05-29 15:03:24:890] <105572> MERCHANT PRIV KEY LOAD OK
INFO	[2018-05-29 15:03:24:893] <105572> MERCHANT PUB KEY LOAD OK []
INFO	[2018-05-29 15:03:24:894] <105572> CHKFAKE KEY MAKE OK:MjAxODA1MjkxNTAzMjQ4OTM0MTY0NA==

INFO	[2018-05-29 15:03:24:894] <105572> END chkfake  Laptime:[0.096sec]
INFO	[2018-05-29 15:03:24:894] <105572> ===============================================================
INFO	[2018-05-29 15:04:18:75] <123548> START INIPHP chkfake (V5036-141209)(OS:Linux2.6.32-696.18.7.el6.x86_64,PHP:5.5.17p1)
DEBUG	[2018-05-29 15:04:18:76] <123548> inipayhome:/home/hosting_users/ilearning3/www/inipay
DEBUG	[2018-05-29 15:04:18:76] <123548> type:chkfake
DEBUG	[2018-05-29 15:04:18:76] <123548> debug:true
DEBUG	[2018-05-29 15:04:18:76] <123548> enctype:asym
DEBUG	[2018-05-29 15:04:18:76] <123548> admin:1111
DEBUG	[2018-05-29 15:04:18:76] <123548> checkopt:false
DEBUG	[2018-05-29 15:04:18:76] <123548> mid:obmms20151
DEBUG	[2018-05-29 15:04:18:76] <123548> price:9900
DEBUG	[2018-05-29 15:04:18:76] <123548> nointerest:no
DEBUG	[2018-05-29 15:04:18:76] <123548> quotabase:ÏÑ†ÌÉù:ÏùºÏãúÎ∂à:2Í∞úÏõî:3Í∞úÏõî:6Í∞úÏõî
INFO	[2018-05-29 15:04:18:76] <123548> Check Field OK
INFO	[2018-05-29 15:04:18:76] <123548> MERCHANT PRIV KEY LOAD OK
INFO	[2018-05-29 15:04:18:76] <123548> MERCHANT PUB KEY LOAD OK []
INFO	[2018-05-29 15:04:18:76] <123548> CHKFAKE KEY MAKE OK:MjAxODA1MjkxNTA0MTgwNzY3NzA0Ng==

INFO	[2018-05-29 15:04:18:76] <123548> END chkfake  Laptime:[0.001sec]
INFO	[2018-05-29 15:04:18:76] <123548> ===============================================================
INFO	[2018-05-29 15:09:59:401] <107495> START INIPHP chkfake (V5036-141209)(OS:Linux2.6.32-696.18.7.el6.x86_64,PHP:5.5.17p1)
DEBUG	[2018-05-29 15:09:59:401] <107495> inipayhome:/home/hosting_users/ilearning3/www/inipay
DEBUG	[2018-05-29 15:09:59:401] <107495> type:chkfake
DEBUG	[2018-05-29 15:09:59:401] <107495> debug:true
DEBUG	[2018-05-29 15:09:59:401] <107495> enctype:asym
DEBUG	[2018-05-29 15:09:59:401] <107495> admin:1111
DEBUG	[2018-05-29 15:09:59:401] <107495> checkopt:false
DEBUG	[2018-05-29 15:09:59:401] <107495> mid:obmms20151
DEBUG	[2018-05-29 15:09:59:401] <107495> price:9900
DEBUG	[2018-05-29 15:09:59:401] <107495> nointerest:no
DEBUG	[2018-05-29 15:09:59:401] <107495> quotabase:ÏÑ†ÌÉù:ÏùºÏãúÎ∂à:2Í∞úÏõî:3Í∞úÏõî:6Í∞úÏõî
INFO	[2018-05-29 15:09:59:401] <107495> Check Field OK
INFO	[2018-05-29 15:09:59:401] <107495> MERCHANT PRIV KEY LOAD OK
INFO	[2018-05-29 15:09:59:401] <107495> MERCHANT PUB KEY LOAD OK []
INFO	[2018-05-29 15:09:59:402] <107495> CHKFAKE KEY MAKE OK:MjAxODA1MjkxNTA5NTk0MDE1NjA1OQ==

INFO	[2018-05-29 15:09:59:402] <107495> END chkfake  Laptime:[0.002sec]
INFO	[2018-05-29 15:09:59:402] <107495> ===============================================================
INFO	[2018-05-29 15:10:53:704] <121629> START INIPHP securepay (V5036-141209)(OS:Linux2.6.32-696.18.7.el6.x86_64,PHP:5.5.17p1)
DEBUG	[2018-05-29 15:10:53:704] <121629> inipayhome:/home/hosting_users/ilearning3/www/inipay
DEBUG	[2018-05-29 15:10:53:704] <121629> type:securepay
DEBUG	[2018-05-29 15:10:53:704] <121629> pgid:INIphpISP_
DEBUG	[2018-05-29 15:10:53:704] <121629> subpgip:203.238.3.10
DEBUG	[2018-05-29 15:10:53:704] <121629> admin:1111
DEBUG	[2018-05-29 15:10:53:704] <121629> debug:true
DEBUG	[2018-05-29 15:10:53:704] <121629> uid:
DEBUG	[2018-05-29 15:10:53:704] <121629> goodname:ø¬∏Æø¯πÆ¿⁄ - 1∞≥ø˘±‚∞£ 
DEBUG	[2018-05-29 15:10:53:704] <121629> currency:WON
DEBUG	[2018-05-29 15:10:53:704] <121629> mid:obmms20151
DEBUG	[2018-05-29 15:10:53:704] <121629> rn:MjAxODA1MjkxNTA5NTk0MDE1NjA1OQ==

DEBUG	[2018-05-29 15:10:53:704] <121629> price:9900
DEBUG	[2018-05-29 15:10:53:704] <121629> enctype:
DEBUG	[2018-05-29 15:10:53:704] <121629> buyername:πŒº±æ∆
DEBUG	[2018-05-29 15:10:53:704] <121629> buyertel:010-9878-1143
DEBUG	[2018-05-29 15:10:53:704] <121629> buyeremail:edu365@culc.co.kr
DEBUG	[2018-05-29 15:10:53:704] <121629> paymethod:VCard
DEBUG	[2018-05-29 15:10:53:704] <121629> encrypted:Version=4.1&PayMethod=VCard&RsaKeyNum=1&EncryptionAlgorithm=NONE&SignAlgorithm=SHA1WithRSAEncryption&CertVer=39&moid=11707_180529030959&ver_trace=main(6109,6065)vcard(6113)card(6181,6155)n(6009)Cs(6025)Dt(6002)Pa(6002)Cf(6025)Fv(0000)La(6183)Re(6135)Vr(6008)P(6034)en(6069)&pg1=39.115.212.10&pg2=203.238.37.3&pg1ip=39.115.212.10&pg2ip=203.238.37.3&agreeflag=1111&rn=3/jEtW8/AE9d1DaA2/MfQpK7kOpznBLf6GQiMbSSizo=
&VCode=000100030406333&VQuota=00&VNoint=0&ip=192.168.0.87&mac=E89A8FC9C9F5&cardpoint=9&custemail=edu365@culc.co.kr&price=4uDsrkVGeEcgjnub+tIuGLKwnbZZ5Wc=
&below1000=0&encisp=0&pgnoint=0&VKBPoint=&VSessionKey=NZho1wW3IkrweNk8hJAmsYYQY45beoZx6Nq2ErR9zv3kkdeOQ67W57tFHYqZVSUu%0d%0aOkJFCsQbxIHW2jzzOT86ot6qewxPzzzBlDXqh2NkWpiZ7h68jABCs9WZY6GtaYAZ%0d%0aefgfJQyTNb7%2fg7ySmZjs6EBsDQybVGzVNl1PEvFv3iY%3d%0d%0a&Data=Version%3d1.0%26KeyFlag%3d1%26KeyNum%3d1%26EncryptAlgorithm%3dSEED%2dCBC%26SignAlgorithm%3d%26Data%3dZcl%252bdQuBT9cnaQ0%2f4zj6Ny1oQARxfAo2ee%252bc8yi%252baC2nS6Yk33Edt8gBPhvg%2fr6U%250a%2fHFUXxPqCBUtAqJg5T86PG0AuwkfHnf%2fTSHQLQYF8RY%253d%250a%26PubCert%3d%26PluginVer%3d5058%26eISPVer%3d2107&FDS_TransKey=E0705A79039C4cd898303B0173326119&FDS_SVCType=010100&FDS_CheckResult=T&KCare_Code=&KCare_Price=0&ts=180529151054vRvPdJaAyV10HTyDSkQW8A001046&src_flg=0&OSv=IE9_Win7 6.01.7601 SP1 Professional_64B (GSCDN) (notray:J) [obmms20151] (61_secuni_npapi)&ip2=211.221.173.35
DEBUG	[2018-05-29 15:10:53:704] <121629> sessionkey:VCard
DEBUG	[2018-05-29 15:10:53:704] <121629> url:http://www.obmms.net
DEBUG	[2018-05-29 15:10:53:704] <121629> cardcode:11
DEBUG	[2018-05-29 15:10:53:704] <121629> parentemail:edu365@culc.co.kr
DEBUG	[2018-05-29 15:10:53:704] <121629> recvname:
DEBUG	[2018-05-29 15:10:53:704] <121629> recvtel:
DEBUG	[2018-05-29 15:10:53:704] <121629> recvaddr:
DEBUG	[2018-05-29 15:10:53:704] <121629> recvpostnum:
DEBUG	[2018-05-29 15:10:53:704] <121629> recvmsg:
DEBUG	[2018-05-29 15:10:53:704] <121629> joincard:
DEBUG	[2018-05-29 15:10:53:704] <121629> joinexpire:
DEBUG	[2018-05-29 15:10:53:704] <121629> id_customer:
INFO	[2018-05-29 15:10:53:704] <121629> Check Field OK
INFO	[2018-05-29 15:10:53:704] <121629> Make TID OK INIphpISP_obmms2015120180529151053049562
INFO	[2018-05-29 15:10:53:704] <121629> PI PUB KEY LOAD OK [39]
INFO	[2018-05-29 15:10:53:805] <121629> PG PUB KEY LOAD OK [30]
INFO	[2018-05-29 15:10:53:806] <121629> MERCHANT PRIV KEY LOAD OK
INFO	[2018-05-29 15:10:53:806] <121629> MERCHANT PUB KEY LOAD OK [0]
INFO	[2018-05-29 15:10:53:806] <121629> MAKE BODY OK
INFO	[2018-05-29 15:10:53:807] <121629> SIGN OK
INFO	[2018-05-29 15:10:53:807] <121629> MAKE HEAD OK
INFO	[2018-05-29 15:10:53:807] <121629> MSG_TO_PG:[0305600175R SHA1                   0                  39                  300200obmms20151                9900INIphpISP_obmms2015120180529151053049562<?xml version="1.0" encoding="UTF-8"?>
<INIpay>
	  <GoodsInfo>
	    <GoodsCnt>1</GoodsCnt>
	    <MOID/>
	    <Currency>WON</Currency>
	    <Tax/>
	    <TaxFree/>
	    <Goods>
	      <SMID>obmms20151</SMID>
	      <GoodsName urlencode="1">%BF%C2%B8%AE%BF%F8%B9%AE%C0%DA+-+1%B0%B3%BF%F9%B1%E2%B0%A3+</GoodsName>
	      <GoodsPrice>9900</GoodsPrice></Goods></GoodsInfo>
	  <BuyerInfo>
	    <BuyerName urlencode="1">%B9%CE%BC%B1%BE%C6</BuyerName>
	    <BuyerTel>010-9878-1143</BuyerTel>
	    <BuyerEmail urlencode="1">edu365%40culc.co.kr</BuyerEmail>
	    <ParentEmail urlencode="1">edu365%40culc.co.kr</ParentEmail>
	    <RecvName/>
	    <RecvTel/>
	    <RecvMsg/>
	    <RecvAddr/>
	    <RecvPostNum/></BuyerInfo>
	  <PaymentInfo>
	    <Payment>
	      <PayMethod>VCard</PayMethod>
	      <JoinCard/>
	      <JoinExpire/>
	      <MailOrder/>
	      <SessionKey>VCard</SessionKey>
	      <Encrypted urlencode="1">Version%3D4.1%26PayMethod%3DVCard%26RsaKeyNum%3D1%26EncryptionAlgorithm%3DNONE%26SignAlgorithm%3DSHA1WithRSAEncryption%26CertVer%3D39%26moid%3D11707_180529030959%26ver_trace%3Dmain%286109%2C6065%29vcard%286113%29card%286181%2C6155%29n%286009%29Cs%286025%29Dt%286002%29Pa%286002%29Cf%286025%29Fv%280000%29La%286183%29Re%286135%29Vr%286008%29P%286034%29en%286069%29%26pg1%3D39.115.212.10%26pg2%3D203.238.37.3%26pg1ip%3D39.115.212.10%26pg2ip%3D203.238.37.3%26agreeflag%3D1111%26rn%3D3%2FjEtW8%2FAE9d1DaA2%2FMfQpK7kOpznBLf6GQiMbSSizo%3D%0D%0A%26VCode%3D000100030406333%26VQuota%3D00%26VNoint%3D0%26ip%3D192.168.0.87%26mac%3DE89A8FC9C9F5%26cardpoint%3D9%26custemail%3Dedu365%40culc.co.kr%26price%3D4uDsrkVGeEcgjnub%2BtIuGLKwnbZZ5Wc%3D%0D%0A%26below1000%3D0%26encisp%3D0%26pgnoint%3D0%26VKBPoint%3D%26VSessionKey%3DNZho1wW3IkrweNk8hJAmsYYQY45beoZx6Nq2ErR9zv3kkdeOQ67W57tFHYqZVSUu%250d%250aOkJFCsQbxIHW2jzzOT86ot6qewxPzzzBlDXqh2NkWpiZ7h68jABCs9WZY6GtaYAZ%250d%250aefgfJQyTNb7%252fg7ySmZjs6EBsDQybVGzVNl1PEvFv3iY%253d%250d%250a%26Data%3DVersion%253d1.0%2526KeyFlag%253d1%2526KeyNum%253d1%2526EncryptAlgorithm%253dSEED%252dCBC%2526SignAlgorithm%253d%2526Data%253dZcl%25252bdQuBT9cnaQ0%252f4zj6Ny1oQARxfAo2ee%25252bc8yi%25252baC2nS6Yk33Edt8gBPhvg%252fr6U%25250a%252fHFUXxPqCBUtAqJg5T86PG0AuwkfHnf%252fTSHQLQYF8RY%25253d%25250a%2526PubCert%253d%2526PluginVer%253d5058%2526eISPVer%253d2107%26FDS_TransKey%3DE0705A79039C4cd898303B0173326119%26FDS_SVCType%3D010100%26FDS_CheckResult%3DT%26KCare_Code%3D%26KCare_Price%3D0%26ts%3D180529151054vRvPdJaAyV10HTyDSkQW8A001046%26src_flg%3D0%26OSv%3DIE9_Win7+6.01.7601+SP1+Professional_64B+%28GSCDN%29+%28notray%3AJ%29+%5Bobmms20151%5D+%2861_secuni_npapi%29%26ip2%3D211.221.173.35</Encrypted></Payment></PaymentInfo>
	  <ReservedInfo>
	    <MReserved1/>
	    <MReserved2/>
	    <MReserved3/></ReservedInfo>
	  <ManageInfo>
	    <Language/>
	    <URL urlencode="1">http%3A%2F%2Fwww.obmms.net</URL>
	    <TXVersion>5036B141209securLinux     PHPchkfake   2.6.32-696.18.7.el6.x86_64PHP:</TXVersion>
	    <TXUserID/>
	    <TXRegNum/>
	    <Ack>1</Ack>
	    <TXRN>MjAxODA1MjkxNTA5NTk0MDE1NjA1OQ==
</TXRN></ManageInfo></INIpay>AAS+IVfyoVnTHyCV8N2r+L+W9Nvchu27tYN6kOg/hf+SpBbj4N42ClDB5iwK/vXV
i7PgzBRgnJs4Z9sDKSIB6yzP1ekVLM/a8VzDOJVOTaXSBT9lx8/W2kCJxQFDEmdD
e/YIu/0Vdxrs62nn3rZqPyO/O96aAYOZQLfG/okqc0VF
]
INFO	[2018-05-29 15:10:53:815] <121629> DNS LOOKUP OK(39.115.212.10:39.115.212.10:34049) laptime:0
INFO	[2018-05-29 15:10:53:817] <121629> SOCKET CONNECT OK
INFO	[2018-05-29 15:10:53:817] <121629> SEND OK
INFO	[2018-05-29 15:10:55:339] <121629> RECV OK
INFO	[2018-05-29 15:10:55:339] <121629> MSG_FROM_PG:[0282000175D SHA1                   0                  39                  300210obmms20151                9900INIphpISP_obmms2015120180529151053049562<?xml version="1.0" encoding="UTF-8"?>
<INIpay>
  <GoodsInfo>
    <GoodsCnt>1</GoodsCnt>
    <MOID urlencode="1">11707_180529030959</MOID>
    <Currency>WON</Currency>
    <Goods no="1">
      <SMID>obmms20151</SMID>
      <GoodsName urlencode="1">%BF%C2%B8%AE%BF%F8%B9%AE%C0%DA+-+1%B0%B3%BF%F9%B1%E2%B0%A3+</GoodsName>
      <GoodsCntS>1</GoodsCntS>
      <GoodsPrice>9900</GoodsPrice>
    </Goods>
  </GoodsInfo>
  <PaymentInfo>
    <Payment>
      <SessionKey>ADDm+hjo0AaWhUfOh4BPJ4cWuGaBsDvAxsTP7I3qpGOnisk0E76xIEMFlx5yyysI
B6YubLCyZyrpOje6gAJ78whkqSEAT40SilEYn01BG8pOag4VeefVBXjLUix9lL6H
QQphh0QNEKtKP6C62iz9by50UhZgwM9jfAcHosTAooGo+407CrlmJoo=
</SessionKey>
      <Encrypted>SScnFIzuyWcaDXwZxGlQm7kLKVG8bgf+l5afOJHp7pRh6UhIA/atMP4AFVGA+pD2
eAmtHq934ZM9xD/SO1IS2stpROGKjxeafn2zXlv5zzKhXySRyza82gl5E0kop38N
57EoXtVaO8w30fOOoTBcE+Sw8uWDMp4cCsunPr1peUB74RohKb6D6XWjUL6IVFgE
nE8WW8K2mI+or5w2X5nCopYpOdc5ayJqtEzFoc4PM9W473TheW+4Vd+uqa0imkip
3nEPOdBPg2TUdi69OMX75t8VOwcshaJe/LDpqsZvTI3L5e3bT+gWFxykwwuuu05q
2daer5DozSM1zMjHI+waKpxDex4Ui5LNwTNY6xPVWe2jdEK7d1g2GkSyRrKVABKa
Mk2Fj/ddz5ny2QkFEWDC5hd4CnU3RRd5qEcqKmAUJxEXQUPHUpnxxwsdWxzmo+R5
O+V/xc0vQnB8oUa/F1xktovUwZyqJLKTc0ahb5Azjl3bgbZh3KPbYaYhple5d365
HXxtoKEsNIx23/VKlDdXf6O8Zdn5LKbxad2EAFLnUchuC71cSN1rFDvzVbOlyexQ
DyPz0QVDQyZpIHDIxzEE/EWftotaq9M+BfL4uRAWaZxB5npv4e9F8EiFPw3xaWRe
e2I85Xrpl42lUeF56sagS/LcvZBSexByEN029GbmsgiFQQIMzjza1memzKasiPo4
F4BOzxee/A7xUqtqzARsm8YpiK5JMEL7UvcbS3W3wxI7x4QZinfNoggYGn1oE/bn
xS7ysKqRQqsZPDpOuQijawjbhyHMwTd6SUKQWuxpl98YhsqOoGZcVb8CyYNEyn7p
LAEoe4qODPmcfZbA7xKOyzp9eEBfYnmkwDmzBCZOxSu8tsbKVcYBXy5bvsUsqNI6
N4hp5r7htRRi4/588Bp7qJXcN49cy3MwljQg4pIcgbPkYkL2gyBbN61gB/Qed3Gr
wzWbwo0GyIy2C58yOBYqkvFxONcPohArg9MQm8nAmBMyjyHAM/YYe5tcylL6k7Pj
OEDzinTx0MuxXPRek59e9ELGcWDR5QGEHSYpm4oQw40olCx6GoGjgYtHuXpRGMX1
spc4gP/B860TZKku4BqQPX9Qeojlf+JyHNYntO9VGWO+BBX5W+WNHA6MHfgbsryR
tMAEa1uNVQHmvOOL+D/S8mg+GBL7HeV8LVb1jDWR9xyyDMA5HiOf5GySZ9KQkQSr
/pbztngpiFIwu2hw5cL6EYzHHUcJ6ajiAlQgu2R6gyjFOI5MsiGJPxi+KmIncXTZ
BcNPB/NBffjBM8gBcRgIPIKijPzltT74VHaoNOX7rwSStPn1pH0fcn543H7MAOoD
icxcRpIiBQUgZY/hk37s1XQl4fOMune0yLQPLNUC7ASFj+G8gL3SgE03pVT17laO
IqJNzGpWfuY8C2nFZ+7voBUjVIuYzpLtjpJH+76mY1c1Kfug1MJ87w==
</Encrypted>
      <PayMethod>VCard</PayMethod>
      <ResultCode>170000</ResultCode>
      <ResultMsg urlencode="1">%C1%A4%BB%F3%BF%CF%B7%E1</ResultMsg>
    </Payment>
  </PaymentInfo>
  <ManageInfo>
    <EventCode></EventCode>
    <OrgCurrency></OrgCurrency>
    <ExchangeRate></ExchangeRate>
    <OrgPrice></OrgPrice>
  </ManageInfo>
  <ReservedInfo>
    <MReserved1 urlencode="1"></MReserved1>
    <MReserved2 urlencode="1"></MReserved2>
    <MReserved3 urlencode="1"></MReserved3>
    <PGReserved1 urlencode="1"></PGReserved1>
    <PGReserved2 urlencode="1"></PGReserved2>
    <PGReserved3 urlencode="1"></PGReserved3>
  </ReservedInfo>
</INIpay>
2GPDLh20qInKvM2druDOqcLx9h7LqB7KwfJR0Oj3tkLcyP10zcTDQVChayt2TQpH
i6Gg1qw7gCVbJxq0WHhxjIVNwYhmJ4MvP7QnhNYKEfMUskdi29/uV757laErD5+s
+5Ix6xy9wzdE9/xN5Fl8j1AuDTwSw8VaxVGsbqOHAoM=
]
INFO	[2018-05-29 15:10:55:339] <121629> VERIFY OK
INFO	[2018-05-29 15:10:55:339] <121629> PARSE HEAD OK
INFO	[2018-05-29 15:10:55:340] <121629> PARSE BODY OK
INFO	[2018-05-29 15:10:55:341] <121629> DECRYPT OK
DEBUG	[2018-05-29 15:10:55:341] <121629> DECRYPT MSG:[<?xml version="1.0" encoding="UTF-8"?>
<PaymentInfo>
  <Payment>
    <EASYPAY/>
    <VCard>
      <ISP_ApplPrice>9900</ISP_ApplPrice>
      <ISP_BankCode>00</ISP_BankCode>
      <ISP_Quota>00</ISP_Quota>
      <ISP_Interest>0</ISP_Interest>
      <ISP_CardCode>11</ISP_CardCode>
      <ISP_CardNum>94400380****</ISP_CardNum>
      <ISP_Point></ISP_Point>
      <ISP_ApplDate>20180529</ISP_ApplDate>
      <ISP_ApplTime>151054</ISP_ApplTime>
      <ISP_ApplNum>33104488</ISP_ApplNum>
      <ISP_TerminalNum>019048y000</ISP_TerminalNum>
      <ISP_MemberNum></ISP_MemberNum>
      <ISP_PurchaseCode></ISP_PurchaseCode>
      <ISP_ResultCode>170000</ISP_ResultCode>
      <ISP_ResultMsg urlencode="1">%C1%A4%BB%F3%BF%CF%B7%E1</ISP_ResultMsg>
      <ISP_PrtcCode>1</ISP_PrtcCode>
      <ISP_Quota_Point>00</ISP_Quota_Point>
      <ISP_CheckFlag>1</ISP_CheckFlag>
      <ISP_PurchaseName urlencode="1"></ISP_PurchaseName>
      <ISP_IssuerName urlencode="1"></ISP_IssuerName>
      <ISP_UsePoint></ISP_UsePoint>
      <ISP_CouponOnlyMer></ISP_CouponOnlyMer>
    </VCard>
  </Payment>
</PaymentInfo>]
INFO	[2018-05-29 15:10:55:342] <121629> DECRYPT PARSE OK
INFO	[2018-05-29 15:10:55:342] <121629> WAIT ACK INVOKING
DEBUG	[2018-05-29 15:10:55:342] <121629> MAKE HEAD OK
INFO	[2018-05-29 15:10:55:345] <121629> SUCCESS ACK INVOKING
INFO	[2018-05-29 15:10:55:345] <121629> END securepay ¡§ªÛøœ∑· Laptime:[1.641sec]
INFO	[2018-05-29 15:10:55:345] <121629> ===============================================================
