INFO	[2017-01-03 19:20:02:367] <4323> START INIPHP chkfake (V5036-141209)(OS:Linux4.4.27,PHP:5.5.17p1)
DEBUG	[2017-01-03 19:20:02:367] <4323> inipayhome:/home/hosting_users/ilearning3/www/inipay
DEBUG	[2017-01-03 19:20:02:367] <4323> type:chkfake
DEBUG	[2017-01-03 19:20:02:367] <4323> debug:true
DEBUG	[2017-01-03 19:20:02:367] <4323> enctype:asym
DEBUG	[2017-01-03 19:20:02:367] <4323> admin:1111
DEBUG	[2017-01-03 19:20:02:367] <4323> checkopt:false
DEBUG	[2017-01-03 19:20:02:367] <4323> mid:obmms20151
DEBUG	[2017-01-03 19:20:02:367] <4323> price:2000
DEBUG	[2017-01-03 19:20:02:367] <4323> nointerest:no
DEBUG	[2017-01-03 19:20:02:367] <4323> quotabase:선택:일시불:2개월:3개월:6개월
INFO	[2017-01-03 19:20:02:367] <4323> Check Field OK
INFO	[2017-01-03 19:20:02:367] <4323> MERCHANT PRIV KEY LOAD OK
INFO	[2017-01-03 19:20:02:368] <4323> MERCHANT PUB KEY LOAD OK []
INFO	[2017-01-03 19:20:02:368] <4323> CHKFAKE KEY MAKE OK:MjAxNzAxMDMxOTIwMDIzNjgxMjAzNg==

INFO	[2017-01-03 19:20:02:368] <4323> END chkfake  Laptime:[0.002sec]
INFO	[2017-01-03 19:20:02:368] <4323> ===============================================================
INFO	[2017-01-03 19:20:08:113] <3802> START INIPHP chkfake (V5036-141209)(OS:Linux4.4.27,PHP:5.5.17p1)
DEBUG	[2017-01-03 19:20:08:113] <3802> inipayhome:/home/hosting_users/ilearning3/www/inipay
DEBUG	[2017-01-03 19:20:08:113] <3802> type:chkfake
DEBUG	[2017-01-03 19:20:08:113] <3802> debug:true
DEBUG	[2017-01-03 19:20:08:113] <3802> enctype:asym
DEBUG	[2017-01-03 19:20:08:113] <3802> admin:1111
DEBUG	[2017-01-03 19:20:08:113] <3802> checkopt:false
DEBUG	[2017-01-03 19:20:08:113] <3802> mid:obmms20151
DEBUG	[2017-01-03 19:20:08:113] <3802> price:2000
DEBUG	[2017-01-03 19:20:08:113] <3802> nointerest:no
DEBUG	[2017-01-03 19:20:08:113] <3802> quotabase:선택:일시불:2개월:3개월:6개월
INFO	[2017-01-03 19:20:08:113] <3802> Check Field OK
INFO	[2017-01-03 19:20:08:113] <3802> MERCHANT PRIV KEY LOAD OK
INFO	[2017-01-03 19:20:08:113] <3802> MERCHANT PUB KEY LOAD OK []
INFO	[2017-01-03 19:20:08:114] <3802> CHKFAKE KEY MAKE OK:MjAxNzAxMDMxOTIwMDgxMTM2Mjg5OA==

INFO	[2017-01-03 19:20:08:114] <3802> END chkfake  Laptime:[0.001sec]
INFO	[2017-01-03 19:20:08:114] <3802> ===============================================================
INFO	[2017-01-03 19:20:49:171] <19359> START INIPHP chkfake (V5036-141209)(OS:Linux4.4.27,PHP:5.5.17p1)
DEBUG	[2017-01-03 19:20:49:171] <19359> inipayhome:/home/hosting_users/ilearning3/www/inipay
DEBUG	[2017-01-03 19:20:49:171] <19359> type:chkfake
DEBUG	[2017-01-03 19:20:49:171] <19359> debug:true
DEBUG	[2017-01-03 19:20:49:171] <19359> enctype:asym
DEBUG	[2017-01-03 19:20:49:171] <19359> admin:1111
DEBUG	[2017-01-03 19:20:49:171] <19359> checkopt:false
DEBUG	[2017-01-03 19:20:49:171] <19359> mid:obmms20151
DEBUG	[2017-01-03 19:20:49:171] <19359> price:2000
DEBUG	[2017-01-03 19:20:49:171] <19359> nointerest:no
DEBUG	[2017-01-03 19:20:49:171] <19359> quotabase:선택:일시불:2개월:3개월:6개월
INFO	[2017-01-03 19:20:49:171] <19359> Check Field OK
INFO	[2017-01-03 19:20:49:171] <19359> MERCHANT PRIV KEY LOAD OK
INFO	[2017-01-03 19:20:49:172] <19359> MERCHANT PUB KEY LOAD OK []
INFO	[2017-01-03 19:20:49:172] <19359> CHKFAKE KEY MAKE OK:MjAxNzAxMDMxOTIwNDkxNzIxMTg4NQ==

INFO	[2017-01-03 19:20:49:172] <19359> END chkfake  Laptime:[0.002sec]
INFO	[2017-01-03 19:20:49:173] <19359> ===============================================================
INFO	[2017-01-03 19:21:05:779] <4341> START INIPHP chkfake (V5036-141209)(OS:Linux4.4.27,PHP:5.5.17p1)
DEBUG	[2017-01-03 19:21:05:779] <4341> inipayhome:/home/hosting_users/ilearning3/www/inipay
DEBUG	[2017-01-03 19:21:05:779] <4341> type:chkfake
DEBUG	[2017-01-03 19:21:05:779] <4341> debug:true
DEBUG	[2017-01-03 19:21:05:779] <4341> enctype:asym
DEBUG	[2017-01-03 19:21:05:779] <4341> admin:1111
DEBUG	[2017-01-03 19:21:05:779] <4341> checkopt:false
DEBUG	[2017-01-03 19:21:05:779] <4341> mid:obmms20151
DEBUG	[2017-01-03 19:21:05:779] <4341> price:2000
DEBUG	[2017-01-03 19:21:05:779] <4341> nointerest:no
DEBUG	[2017-01-03 19:21:05:779] <4341> quotabase:선택:일시불:2개월:3개월:6개월
INFO	[2017-01-03 19:21:05:779] <4341> Check Field OK
INFO	[2017-01-03 19:21:05:779] <4341> MERCHANT PRIV KEY LOAD OK
INFO	[2017-01-03 19:21:05:780] <4341> MERCHANT PUB KEY LOAD OK []
INFO	[2017-01-03 19:21:05:780] <4341> CHKFAKE KEY MAKE OK:MjAxNzAxMDMxOTIxMDU3ODAxNDA1NA==

INFO	[2017-01-03 19:21:05:780] <4341> END chkfake  Laptime:[0.001sec]
INFO	[2017-01-03 19:21:05:780] <4341> ===============================================================
INFO	[2017-01-03 21:59:14:931] <22512> START INIPHP chkfake (V5036-141209)(OS:Linux4.4.27,PHP:5.5.17p1)
DEBUG	[2017-01-03 21:59:14:931] <22512> inipayhome:/home/hosting_users/ilearning3/www/inipay
DEBUG	[2017-01-03 21:59:14:931] <22512> type:chkfake
DEBUG	[2017-01-03 21:59:14:931] <22512> debug:true
DEBUG	[2017-01-03 21:59:14:931] <22512> enctype:asym
DEBUG	[2017-01-03 21:59:14:931] <22512> admin:1111
DEBUG	[2017-01-03 21:59:14:931] <22512> checkopt:false
DEBUG	[2017-01-03 21:59:14:931] <22512> mid:obmms20151
DEBUG	[2017-01-03 21:59:14:931] <22512> price:30500
DEBUG	[2017-01-03 21:59:14:931] <22512> nointerest:no
DEBUG	[2017-01-03 21:59:14:931] <22512> quotabase:선택:일시불:2개월:3개월:6개월
INFO	[2017-01-03 21:59:14:931] <22512> Check Field OK
INFO	[2017-01-03 21:59:14:931] <22512> MERCHANT PRIV KEY LOAD OK
INFO	[2017-01-03 21:59:14:932] <22512> MERCHANT PUB KEY LOAD OK []
INFO	[2017-01-03 21:59:14:932] <22512> CHKFAKE KEY MAKE OK:MjAxNzAxMDMyMTU5MTQ5MzI3NTE1OQ==

INFO	[2017-01-03 21:59:14:932] <22512> END chkfake  Laptime:[0.001sec]
INFO	[2017-01-03 21:59:14:932] <22512> ===============================================================
INFO	[2017-01-03 21:59:44:121] <28486> START INIPHP chkfake (V5036-141209)(OS:Linux4.4.27,PHP:5.5.17p1)
DEBUG	[2017-01-03 21:59:44:121] <28486> inipayhome:/home/hosting_users/ilearning3/www/inipay
DEBUG	[2017-01-03 21:59:44:121] <28486> type:chkfake
DEBUG	[2017-01-03 21:59:44:121] <28486> debug:true
DEBUG	[2017-01-03 21:59:44:121] <28486> enctype:asym
DEBUG	[2017-01-03 21:59:44:121] <28486> admin:1111
DEBUG	[2017-01-03 21:59:44:121] <28486> checkopt:false
DEBUG	[2017-01-03 21:59:44:121] <28486> mid:obmms20151
DEBUG	[2017-01-03 21:59:44:121] <28486> price:35000
DEBUG	[2017-01-03 21:59:44:121] <28486> nointerest:no
DEBUG	[2017-01-03 21:59:44:121] <28486> quotabase:선택:일시불:2개월:3개월:6개월
INFO	[2017-01-03 21:59:44:121] <28486> Check Field OK
INFO	[2017-01-03 21:59:44:121] <28486> MERCHANT PRIV KEY LOAD OK
INFO	[2017-01-03 21:59:44:121] <28486> MERCHANT PUB KEY LOAD OK []
INFO	[2017-01-03 21:59:44:122] <28486> CHKFAKE KEY MAKE OK:MjAxNzAxMDMyMTU5NDQxMjE3MzQwNQ==

INFO	[2017-01-03 21:59:44:122] <28486> END chkfake  Laptime:[0.001sec]
INFO	[2017-01-03 21:59:44:122] <28486> ===============================================================
INFO	[2017-01-03 22:01:09:409] <28531> START INIPHP chkfake (V5036-141209)(OS:Linux4.4.27,PHP:5.5.17p1)
DEBUG	[2017-01-03 22:01:09:409] <28531> inipayhome:/home/hosting_users/ilearning3/www/inipay
DEBUG	[2017-01-03 22:01:09:409] <28531> type:chkfake
DEBUG	[2017-01-03 22:01:09:409] <28531> debug:true
DEBUG	[2017-01-03 22:01:09:409] <28531> enctype:asym
DEBUG	[2017-01-03 22:01:09:409] <28531> admin:1111
DEBUG	[2017-01-03 22:01:09:409] <28531> checkopt:false
DEBUG	[2017-01-03 22:01:09:409] <28531> mid:obmms20151
DEBUG	[2017-01-03 22:01:09:409] <28531> price:105000
DEBUG	[2017-01-03 22:01:09:409] <28531> nointerest:no
DEBUG	[2017-01-03 22:01:09:409] <28531> quotabase:선택:일시불:2개월:3개월:6개월
INFO	[2017-01-03 22:01:09:409] <28531> Check Field OK
INFO	[2017-01-03 22:01:09:409] <28531> MERCHANT PRIV KEY LOAD OK
INFO	[2017-01-03 22:01:09:409] <28531> MERCHANT PUB KEY LOAD OK []
INFO	[2017-01-03 22:01:09:410] <28531> CHKFAKE KEY MAKE OK:MjAxNzAxMDMyMjAxMDk0MDk3NTQxMw==

INFO	[2017-01-03 22:01:09:410] <28531> END chkfake  Laptime:[0.001sec]
INFO	[2017-01-03 22:01:09:410] <28531> ===============================================================
