INFO	[2015-12-01 00:25:29:34] <16340> START INIPHP chkfake (V5036-141209)(OS:Linux2.6.18-348.4.1.el5,PHP:5.3.13p1)
DEBUG	[2015-12-01 00:25:29:34] <16340> inipayhome:/home/hosting_users/zymo_obms/www/inipay
DEBUG	[2015-12-01 00:25:29:34] <16340> type:chkfake
DEBUG	[2015-12-01 00:25:29:34] <16340> debug:true
DEBUG	[2015-12-01 00:25:29:34] <16340> enctype:asym
DEBUG	[2015-12-01 00:25:29:34] <16340> admin:1111
DEBUG	[2015-12-01 00:25:29:34] <16340> checkopt:false
DEBUG	[2015-12-01 00:25:29:34] <16340> mid:obmms20151
DEBUG	[2015-12-01 00:25:29:34] <16340> price:20000
DEBUG	[2015-12-01 00:25:29:34] <16340> nointerest:no
DEBUG	[2015-12-01 00:25:29:34] <16340> quotabase:ÏÑ†ÌÉù:ÏùºÏãúÎ∂à:2Í∞úÏõî:3Í∞úÏõî:6Í∞úÏõî
INFO	[2015-12-01 00:25:29:34] <16340> Check Field OK
INFO	[2015-12-01 00:25:29:63] <16340> MERCHANT PRIV KEY LOAD OK
INFO	[2015-12-01 00:25:29:64] <16340> MERCHANT PUB KEY LOAD OK []
INFO	[2015-12-01 00:25:29:65] <16340> CHKFAKE KEY MAKE OK:MjAxNTEyMDEwMDI1MjkwNjQ2Mjg3Nw==

INFO	[2015-12-01 00:25:29:65] <16340> END chkfake  Laptime:[0.031sec]
INFO	[2015-12-01 00:25:29:65] <16340> ===============================================================
INFO	[2015-12-01 00:27:55:51] <16324> START INIPHP chkfake (V5036-141209)(OS:Linux2.6.18-348.4.1.el5,PHP:5.3.13p1)
DEBUG	[2015-12-01 00:27:55:51] <16324> inipayhome:/home/hosting_users/zymo_obms/www/inipay
DEBUG	[2015-12-01 00:27:55:51] <16324> type:chkfake
DEBUG	[2015-12-01 00:27:55:51] <16324> debug:true
DEBUG	[2015-12-01 00:27:55:51] <16324> enctype:asym
DEBUG	[2015-12-01 00:27:55:51] <16324> admin:1111
DEBUG	[2015-12-01 00:27:55:51] <16324> checkopt:false
DEBUG	[2015-12-01 00:27:55:51] <16324> mid:obmms20151
DEBUG	[2015-12-01 00:27:55:51] <16324> price:30000
DEBUG	[2015-12-01 00:27:55:51] <16324> nointerest:no
DEBUG	[2015-12-01 00:27:55:51] <16324> quotabase:ÏÑ†ÌÉù:ÏùºÏãúÎ∂à:2Í∞úÏõî:3Í∞úÏõî:6Í∞úÏõî
INFO	[2015-12-01 00:27:55:51] <16324> Check Field OK
INFO	[2015-12-01 00:27:55:52] <16324> MERCHANT PRIV KEY LOAD OK
INFO	[2015-12-01 00:27:55:52] <16324> MERCHANT PUB KEY LOAD OK []
INFO	[2015-12-01 00:27:55:53] <16324> CHKFAKE KEY MAKE OK:MjAxNTEyMDEwMDI3NTUwNTI5MDQ1NA==

INFO	[2015-12-01 00:27:55:53] <16324> END chkfake  Laptime:[0.002sec]
INFO	[2015-12-01 00:27:55:53] <16324> ===============================================================
INFO	[2015-12-01 00:31:31:617] <16319> START INIPHP chkfake (V5036-141209)(OS:Linux2.6.18-348.4.1.el5,PHP:5.3.13p1)
DEBUG	[2015-12-01 00:31:31:617] <16319> inipayhome:/home/hosting_users/zymo_obms/www/inipay
DEBUG	[2015-12-01 00:31:31:617] <16319> type:chkfake
DEBUG	[2015-12-01 00:31:31:617] <16319> debug:true
DEBUG	[2015-12-01 00:31:31:617] <16319> enctype:asym
DEBUG	[2015-12-01 00:31:31:617] <16319> admin:1111
DEBUG	[2015-12-01 00:31:31:617] <16319> checkopt:false
DEBUG	[2015-12-01 00:31:31:617] <16319> mid:obmms20151
DEBUG	[2015-12-01 00:31:31:617] <16319> price:20000
DEBUG	[2015-12-01 00:31:31:617] <16319> nointerest:no
DEBUG	[2015-12-01 00:31:31:617] <16319> quotabase:ÏÑ†ÌÉù:ÏùºÏãúÎ∂à:2Í∞úÏõî:3Í∞úÏõî:6Í∞úÏõî
INFO	[2015-12-01 00:31:31:617] <16319> Check Field OK
INFO	[2015-12-01 00:31:31:617] <16319> MERCHANT PRIV KEY LOAD OK
INFO	[2015-12-01 00:31:31:617] <16319> MERCHANT PUB KEY LOAD OK []
INFO	[2015-12-01 00:31:31:618] <16319> CHKFAKE KEY MAKE OK:MjAxNTEyMDEwMDMxMzE2MTc1ODA1Nw==

INFO	[2015-12-01 00:31:31:618] <16319> END chkfake  Laptime:[0.002sec]
INFO	[2015-12-01 00:31:31:618] <16319> ===============================================================
INFO	[2015-12-01 00:38:18:431] <16346> START INIPHP chkfake (V5036-141209)(OS:Linux2.6.18-348.4.1.el5,PHP:5.3.13p1)
DEBUG	[2015-12-01 00:38:18:431] <16346> inipayhome:/home/hosting_users/zymo_obms/www/inipay
DEBUG	[2015-12-01 00:38:18:431] <16346> type:chkfake
DEBUG	[2015-12-01 00:38:18:431] <16346> debug:true
DEBUG	[2015-12-01 00:38:18:431] <16346> enctype:asym
DEBUG	[2015-12-01 00:38:18:431] <16346> admin:1111
DEBUG	[2015-12-01 00:38:18:431] <16346> checkopt:false
DEBUG	[2015-12-01 00:38:18:431] <16346> mid:obmms20151
DEBUG	[2015-12-01 00:38:18:431] <16346> price:2000
DEBUG	[2015-12-01 00:38:18:431] <16346> nointerest:no
DEBUG	[2015-12-01 00:38:18:431] <16346> quotabase:ÏÑ†ÌÉù:ÏùºÏãúÎ∂à:2Í∞úÏõî:3Í∞úÏõî:6Í∞úÏõî
INFO	[2015-12-01 00:38:18:431] <16346> Check Field OK
INFO	[2015-12-01 00:38:18:431] <16346> MERCHANT PRIV KEY LOAD OK
INFO	[2015-12-01 00:38:18:431] <16346> MERCHANT PUB KEY LOAD OK []
INFO	[2015-12-01 00:38:18:432] <16346> CHKFAKE KEY MAKE OK:MjAxNTEyMDEwMDM4MTg0MzIyNDAzOQ==

INFO	[2015-12-01 00:38:18:432] <16346> END chkfake  Laptime:[0.002sec]
INFO	[2015-12-01 00:38:18:433] <16346> ===============================================================
INFO	[2015-12-01 00:38:22:815] <16349> START INIPHP chkfake (V5036-141209)(OS:Linux2.6.18-348.4.1.el5,PHP:5.3.13p1)
DEBUG	[2015-12-01 00:38:22:815] <16349> inipayhome:/home/hosting_users/zymo_obms/www/inipay
DEBUG	[2015-12-01 00:38:22:815] <16349> type:chkfake
DEBUG	[2015-12-01 00:38:22:815] <16349> debug:true
DEBUG	[2015-12-01 00:38:22:815] <16349> enctype:asym
DEBUG	[2015-12-01 00:38:22:815] <16349> admin:1111
DEBUG	[2015-12-01 00:38:22:815] <16349> checkopt:false
DEBUG	[2015-12-01 00:38:22:815] <16349> mid:obmms20151
DEBUG	[2015-12-01 00:38:22:815] <16349> price:2000
DEBUG	[2015-12-01 00:38:22:815] <16349> nointerest:no
DEBUG	[2015-12-01 00:38:22:815] <16349> quotabase:ÏÑ†ÌÉù:ÏùºÏãúÎ∂à:2Í∞úÏõî:3Í∞úÏõî:6Í∞úÏõî
INFO	[2015-12-01 00:38:22:815] <16349> Check Field OK
INFO	[2015-12-01 00:38:22:815] <16349> MERCHANT PRIV KEY LOAD OK
INFO	[2015-12-01 00:38:22:815] <16349> MERCHANT PUB KEY LOAD OK []
INFO	[2015-12-01 00:38:22:816] <16349> CHKFAKE KEY MAKE OK:MjAxNTEyMDEwMDM4MjI4MTUzNzYxNQ==

INFO	[2015-12-01 00:38:22:816] <16349> END chkfake  Laptime:[0.002sec]
INFO	[2015-12-01 00:38:22:816] <16349> ===============================================================
INFO	[2015-12-01 00:41:25:720] <16319> START INIPHP securepay (V5036-141209)(OS:Linux2.6.18-348.4.1.el5,PHP:5.3.13p1)
DEBUG	[2015-12-01 00:41:25:720] <16319> inipayhome:/home/hosting_users/zymo_obms/www/inipay
DEBUG	[2015-12-01 00:41:25:720] <16319> type:securepay
DEBUG	[2015-12-01 00:41:25:720] <16319> pgid:INIphpCARD
DEBUG	[2015-12-01 00:41:25:720] <16319> subpgip:203.238.3.10
DEBUG	[2015-12-01 00:41:25:720] <16319> admin:1111
DEBUG	[2015-12-01 00:41:25:720] <16319> debug:true
DEBUG	[2015-12-01 00:41:25:720] <16319> uid:
DEBUG	[2015-12-01 00:41:25:720] <16319> goodname:ø¬∏Æø¯πÆ¿⁄ - ¡˜¡¢∞·¡¶ - 1∞≥ø˘±‚∞£ 
DEBUG	[2015-12-01 00:41:25:720] <16319> currency:WON
DEBUG	[2015-12-01 00:41:25:720] <16319> mid:obmms20151
DEBUG	[2015-12-01 00:41:25:720] <16319> rn:MjAxNTEyMDEwMDM4MTg0MzIyNDAzOQ==

DEBUG	[2015-12-01 00:41:25:720] <16319> price:2000
DEBUG	[2015-12-01 00:41:25:720] <16319> enctype:
DEBUG	[2015-12-01 00:41:25:720] <16319> buyername:ø¯∫œ
DEBUG	[2015-12-01 00:41:25:720] <16319> buyertel:010-2654-861
DEBUG	[2015-12-01 00:41:25:720] <16319> buyeremail:test@naver.com
DEBUG	[2015-12-01 00:41:25:720] <16319> paymethod:Card
DEBUG	[2015-12-01 00:41:25:720] <16319> encrypted:Version=4.1&PayMethod=Card&RsaKeyNum=1&EncryptionAlgorithm=SEED-CBC&SignAlgorithm=RSAwithSHA1&CertVer=39&moid=8502_151201123818&ver_trace=main(6097,6060)card(6142,6124)n(6009)Cs(6025)Dt(6002)Pa(6002)Cf(6024)Fv(0000)La(6156)Re(6107)Vr(6007)P(6034)en(6055)nP(6006)&pg1=203.238.37.3&pg2=211.219.96.180&pg1ip=203.238.37.3&pg2ip=211.219.96.180&agreeflag=1111&Data=zmokZOfgDtBSbQcPXwRebvwinvlcCse/zcQQ1Fmvi1CDFVbM/mnaAI3q+XDL4FZx
l0Rc/vOZx64ztErHhM1BvAt/XSMNbyWKSmulBe3qU2NJcZpLeB7mGEwkmDfHbUen
1E0ZPTQiC8jE0LkdUiOh4PK1M91cP+S2mzNUM/n12VwKoMSzVU0LlJuA4geczt0l
VfCZNf4mDwYvwYJzh/A2Sq1pN3d5FgOmK+X5DJnxWqDTzhNu38m+2tRFFRLJko0G
E7O0+CiEXuMlvXVbEsVAU3vCqMnno5o0349KnV7bvQ+RB/kgGRJWjdKhV+JwYN9x
ryg0o6qwXmMO6xPWGeGaPibZOF3K88NLvCF9/pwkUKNIfk2urLSppJlxrEGbnEXo
uqsfGFSryQ8p7zGrBd5vU1+ek4WA0Ipry6zhFOQLRhCGdx0oYLMOj+y5N5Eeu94X
06NzE/qcUDuwUQbbfOC+7MtwbjwpwL3NWkHPChJ9l0+sMEomQ9lwfRaaDsqqfk9L
f/DbgCBA4qjrJlop2RxVRXLknP/l4U/utIAiYwyFQJdDbAV1Y9inkguXNd5mwjit
xkU1byr1cgcLiReRlI3WO7+JeRJcSbhh+uoj+0wyhFsnbODSeEgyYXZ9/k4DM40y
ZkrT0IxtCWaDD9hMrHlkapMt4anWCAxf4+E//2cZFlK506eG
DEBUG	[2015-12-01 00:41:25:720] <16319> sessionkey:bBQ+XOWByb8nPEheKV4INFBvGAayejgwl1dNT/xeDJztUqJPesF23/cFZYjHs0qR
I9WdQrbrv9M6nEp7fKys4WnJvGy0eOfao6xzwK+OZVE/A2CjXopwgmu+IwcwLgMC
+6etcPKLVpeF9Lp1Q9EPCtrBGhf4lIDKIT8Kp4cj3aE=
DEBUG	[2015-12-01 00:41:25:720] <16319> url:http://www.obmms.net
DEBUG	[2015-12-01 00:41:25:720] <16319> cardcode:14
DEBUG	[2015-12-01 00:41:25:720] <16319> parentemail:test@naver.com
DEBUG	[2015-12-01 00:41:25:720] <16319> recvname:
DEBUG	[2015-12-01 00:41:25:720] <16319> recvtel:
DEBUG	[2015-12-01 00:41:25:720] <16319> recvaddr:
DEBUG	[2015-12-01 00:41:25:720] <16319> recvpostnum:
DEBUG	[2015-12-01 00:41:25:720] <16319> recvmsg:
DEBUG	[2015-12-01 00:41:25:720] <16319> joincard:
DEBUG	[2015-12-01 00:41:25:720] <16319> joinexpire:
DEBUG	[2015-12-01 00:41:25:720] <16319> id_customer:
INFO	[2015-12-01 00:41:25:720] <16319> Check Field OK
INFO	[2015-12-01 00:41:25:720] <16319> Make TID OK INIphpCARDobmms2015120151201004125204478
INFO	[2015-12-01 00:41:25:720] <16319> PI PUB KEY LOAD OK [39]
INFO	[2015-12-01 00:41:25:751] <16319> PG PUB KEY LOAD OK [30]
INFO	[2015-12-01 00:41:25:751] <16319> MERCHANT PRIV KEY LOAD OK
INFO	[2015-12-01 00:41:25:751] <16319> MERCHANT PUB KEY LOAD OK [0]
INFO	[2015-12-01 00:41:25:752] <16319> MAKE BODY OK
INFO	[2015-12-01 00:41:25:753] <16319> SIGN OK
INFO	[2015-12-01 00:41:25:753] <16319> MAKE HEAD OK
INFO	[2015-12-01 00:41:25:753] <16319> MSG_TO_PG:[0281400175R SHA1                   0                  39                  300200obmms20151                2000INIphpCARDobmms2015120151201004125204478<?xml version="1.0" encoding="UTF-8"?>
<INIpay>
	  <GoodsInfo>
	    <GoodsCnt>1</GoodsCnt>
	    <MOID/>
	    <Currency>WON</Currency>
	    <Tax/>
	    <TaxFree/>
	    <Goods>
	      <SMID>obmms20151</SMID>
	      <GoodsName urlencode="1">%BF%C2%B8%AE%BF%F8%B9%AE%C0%DA+-+%C1%F7%C1%A2%B0%E1%C1%A6+-+1%B0%B3%BF%F9%B1%E2%B0%A3+</GoodsName>
	      <GoodsPrice>2000</GoodsPrice></Goods></GoodsInfo>
	  <BuyerInfo>
	    <BuyerName urlencode="1">%BF%F8%BA%CF</BuyerName>
	    <BuyerTel>010-2654-861</BuyerTel>
	    <BuyerEmail urlencode="1">test%40naver.com</BuyerEmail>
	    <ParentEmail urlencode="1">test%40naver.com</ParentEmail>
	    <RecvName/>
	    <RecvTel/>
	    <RecvMsg/>
	    <RecvAddr/>
	    <RecvPostNum/></BuyerInfo>
	  <PaymentInfo>
	    <Payment>
	      <PayMethod>Card</PayMethod>
	      <JoinCard/>
	      <JoinExpire/>
	      <MailOrder/>
	      <SessionKey>bBQ+XOWByb8nPEheKV4INFBvGAayejgwl1dNT/xeDJztUqJPesF23/cFZYjHs0qR
I9WdQrbrv9M6nEp7fKys4WnJvGy0eOfao6xzwK+OZVE/A2CjXopwgmu+IwcwLgMC
+6etcPKLVpeF9Lp1Q9EPCtrBGhf4lIDKIT8Kp4cj3aE=</SessionKey>
	      <Encrypted urlencode="1">Version%3D4.1%26PayMethod%3DCard%26RsaKeyNum%3D1%26EncryptionAlgorithm%3DSEED-CBC%26SignAlgorithm%3DRSAwithSHA1%26CertVer%3D39%26moid%3D8502_151201123818%26ver_trace%3Dmain%286097%2C6060%29card%286142%2C6124%29n%286009%29Cs%286025%29Dt%286002%29Pa%286002%29Cf%286024%29Fv%280000%29La%286156%29Re%286107%29Vr%286007%29P%286034%29en%286055%29nP%286006%29%26pg1%3D203.238.37.3%26pg2%3D211.219.96.180%26pg1ip%3D203.238.37.3%26pg2ip%3D211.219.96.180%26agreeflag%3D1111%26Data%3DzmokZOfgDtBSbQcPXwRebvwinvlcCse%2FzcQQ1Fmvi1CDFVbM%2FmnaAI3q%2BXDL4FZx%0D%0Al0Rc%2FvOZx64ztErHhM1BvAt%2FXSMNbyWKSmulBe3qU2NJcZpLeB7mGEwkmDfHbUen%0D%0A1E0ZPTQiC8jE0LkdUiOh4PK1M91cP%2BS2mzNUM%2Fn12VwKoMSzVU0LlJuA4geczt0l%0D%0AVfCZNf4mDwYvwYJzh%2FA2Sq1pN3d5FgOmK%2BX5DJnxWqDTzhNu38m%2B2tRFFRLJko0G%0D%0AE7O0%2BCiEXuMlvXVbEsVAU3vCqMnno5o0349KnV7bvQ%2BRB%2FkgGRJWjdKhV%2BJwYN9x%0D%0Aryg0o6qwXmMO6xPWGeGaPibZOF3K88NLvCF9%2FpwkUKNIfk2urLSppJlxrEGbnEXo%0D%0AuqsfGFSryQ8p7zGrBd5vU1%2Bek4WA0Ipry6zhFOQLRhCGdx0oYLMOj%2By5N5Eeu94X%0D%0A06NzE%2FqcUDuwUQbbfOC%2B7MtwbjwpwL3NWkHPChJ9l0%2BsMEomQ9lwfRaaDsqqfk9L%0D%0Af%2FDbgCBA4qjrJlop2RxVRXLknP%2Fl4U%2FutIAiYwyFQJdDbAV1Y9inkguXNd5mwjit%0D%0AxkU1byr1cgcLiReRlI3WO7%2BJeRJcSbhh%2Buoj%2B0wyhFsnbODSeEgyYXZ9%2Fk4DM40y%0D%0AZkrT0IxtCWaDD9hMrHlkapMt4anWCAxf4%2BE%2F%2F2cZFlK506eG</Encrypted></Payment></PaymentInfo>
	  <ReservedInfo>
	    <MReserved1/>
	    <MReserved2/>
	    <MReserved3/></ReservedInfo>
	  <ManageInfo>
	    <Language/>
	    <URL urlencode="1">http%3A%2F%2Fwww.obmms.net</URL>
	    <TXVersion>5036B141209securLinux     PHPchkfake   2.6.18-348.4.1.el5PHP:5.3.13p1</TXVersion>
	    <TXUserID/>
	    <TXRegNum/>
	    <Ack>1</Ack>
	    <TXRN>MjAxNTEyMDEwMDM4MTg0MzIyNDAzOQ==
</TXRN></ManageInfo></INIpay>AKJ62NQROm0FpHp/h9uk38d8ChaKF5POJDZSSRjYCb9Av1f8hgW4mPEOJAzt9sfT
ZR43dz7VxBA53YG1gOQdMuoIoeYrDK4BXf8RsILW5oVwlp7oJTs8mRJR8yYGQx+C
i9iMCEKZH5vOSzubXz+Bh45PN/APHlQNz52ShxdYFV+G
]
INFO	[2015-12-01 00:41:25:763] <16319> DNS LOOKUP OK(203.238.37.3:203.238.37.3:34049) laptime:0
INFO	[2015-12-01 00:41:25:765] <16319> SOCKET CONNECT OK
INFO	[2015-12-01 00:41:25:765] <16319> SEND OK
INFO	[2015-12-01 00:41:26:698] <16319> RECV OK
INFO	[2015-12-01 00:41:26:698] <16319> MSG_FROM_PG:[0316900175D SHA1                   0                  39                  300210obmms20151                2000INIphpCARDobmms2015120151201004125204478<?xml version="1.0" encoding="UTF-8"?>
<INIpay>
  <GoodsInfo>
    <GoodsCnt>1</GoodsCnt>
    <MOID urlencode="1">8502_151201123818</MOID>
    <Currency>WON</Currency>
    <Goods no="1">
      <SMID>obmms20151</SMID>
      <GoodsName urlencode="1">%BF%C2%B8%AE%BF%F8%B9%AE%C0%DA+-+%C1%F7%C1%A2%B0%E1%C1%A6+-+1%B0%B3%BF%F9%B1%E2%B0%A3+</GoodsName>
      <GoodsCntS>1</GoodsCntS>
      <GoodsPrice>2000</GoodsPrice>
    </Goods>
  </GoodsInfo>
  <PaymentInfo>
    <Payment>
      <SessionKey>AYgTaalUEfLo5aSWh4ogPRdnZHbdxtFbk/HiwWaul+ZZ00ce/Z/7pS8jt6e5aMTT
HkOA+0Q2Q9MVeTnR8yq66syYo+XJusEk+rnggzjunpSDcplnXo1kdBnUZcVknObi
TdgYdcHcXnDSMCH7UzCiPW/kp1vYeLOwpAcIhFpVztJSaPXaLbqu6QI=
</SessionKey>
      <Encrypted>BkEM73zw1L8UDJjXLAanvclyTYYMTayARWdCNz1YXl5jglmbTJySereHJHXQ6GLR
hHeyl+DKHXqCnXtllCSh19vIy/uDavNF6Ufo8B9Kv4Qh2A6rA0QMzv/WhtYn4Inl
P91el7fweH8PT0Xqhyabc0MRvQz5tODJ7eO6Mis9gyalAPK7g782wLRACtQvKXmA
QwpzBHnDFxEb3eM1hEIdYs5AY2vGy65wwPR6zoNzKx5YzADtoypNyydlN1fof+O9
fFe3D+342ErC5aDhROIrvANa/IZ3+kDIJvtN3sMOKzgU4s98GLbBpKWFKlmVQpJ0
qh1CmDiv6B/lJeJGsijnXspXx72cqHmeM2B7oD23/rwlz4oDjUBWB9Uh9iEFZse1
ySmIrMvvX6CiUWWIfl8hCaTOFG3gxolElGcJtF0+wM3bXM0VZpJYYp5vByVr9/Z+
3IpNY0YbRQMRREtfwtWopHp/RdVTVxmZQDufnCj/wIyJi0DC4bkoXxAEzw8Q23us
qkfv86XQIVCE9svqfaDIzNo1N4DFkGEvh0Qn3y8JDzX3uIKTfV1QhoI4XOdAIEDB
m2xTLl9KZdAvlL93uXADWOEOq9DZ9MGymq0jLAclmNFqhaYUJ0045WUyFfSNZNpv
q5WERAQL4stXIttMpZ4mqYBqBSGjJQG0ZdodewzgOHNIFSFEX52KLAVQ2D10loIY
21hyDMUvH/Bp+G/OTAbliCApy2h2VMHbvEgGcPk/BbrxXwAQyPOnf9+EICJ8FVfr
bXtiPplle3lSJ5AAGn8UxQG8ubRuCZEsAlueXo0wFBxeLPyp/8GimnvdBVFxkf7g
rc5o3rCpjVnXqTz435LpQIW94hznofddIJTG7LXafuy/VMc7Rk6moMpMJvm1VTp7
DSfCPK6qoQUVFnJ8q/WTGoFiHAY8XHmt/z8tuonuVzDoyC/+c6kff2+jKS1l+iya
uzFVFkHxFHch6aSWsTJhlmAP8fh0jJP55fHVasTdrv2DWZk0VrJ85ure5FLsOJUm
+aA2bYrZnia8N+Nz5rJvc8L4v9D7g77BRqQCoqqSVO/ceUIxIe51mdxLtGUDA/ty
iRIQb5gdi3hMp69OHkgwEqNlSp8XhcTrbxRko/gEcplKSBKSG/b9eoo+SPlSU0Gd
8jbUzc++ithRjh7qlNh7XnUuLkxTP2FSqswFmJ/x/EYzNIrTWeIE3UkMFkwmOYpA
P69S7pexRzjSOmUk84dGeGZD9bH6x0172qMH0dtCS/1KnrUpG494LmJXFVBhiSv2
SZ9wralbsDtcfiha1Qfe+FImNHa2lujr0FktRuI9md70z1+QTaAD7iIRqzDdiBuW
Vg2v0d2El57TVGTedpFa2K9Q5Cu8pVpAUJPgJEmiuG6puIJDrm+cCzJqNMl9qXI0
VjxtgIGa9YtDmiGVVbQcgRRqFnmGQw8Zpx+vmSH4kM2aqphrIEpqHxScMM1hi6L8
jfUUR/WCfB2lZK2DJFaYRPpfaHUP1KJzXcGf8XWKQU8hl1MJ6WtI+dOzRgwSl+4S
OG91Lc70toQalZxG0pKQ6rhfxlT3drgprRcZgdD5+QNzWm8MRh5vV2LmC9K9TjFY
pte8m/aWTBIJaheATAqwGCMFj5jv3l2A//jir+kRm6JjtMnZvwZVx/8xEfT6UCZ5
TSCd1aIhWBXjF+t/0xcAtX0iuovZFZIGrkW3gAJo61kqEbcLUGK63EFHYoQ8AkNH
Kjpb3YHUjqYMUaCDM8l/ZQ==
</Encrypted>
      <PayMethod>Card</PayMethod>
      <ResultCode>120000</ResultCode>
      <ResultMsg urlencode="1">%C1%A4%BB%F3%C3%B3%B8%AE%B5%C7%BE%FA%BD%C0%B4%CF%B4%D9.</ResultMsg>
    </Payment>
  </PaymentInfo>
  <ManageInfo>
    <EventCode></EventCode>
    <OrgCurrency></OrgCurrency>
    <ExchangeRate></ExchangeRate>
    <OrgPrice></OrgPrice>
  </ManageInfo>
  <ReservedInfo>
    <MReserved1 urlencode="1"></MReserved1>
    <MReserved2 urlencode="1"></MReserved2>
    <MReserved3 urlencode="1"></MReserved3>
    <PGReserved1 urlencode="1"></PGReserved1>
    <PGReserved2 urlencode="1"></PGReserved2>
    <PGReserved3 urlencode="1"></PGReserved3>
  </ReservedInfo>
</INIpay>
jAOmJ/o7oV15nYJUAYE3m2k42CJoNUxcuuYG1Kw/eXunCCZJ3oPWGvKYp9Xkztyy
azHrPe38Y7Xkwa7N8A/N2VqGbkCYfodZwDZSt+VSigYZndj28TQa7iiT3wBAGhx+
quZLaWl+y8U9xyHHENzgM0W69FiAGVjjKBn59YLuTlo=
]
INFO	[2015-12-01 00:41:26:698] <16319> VERIFY OK
INFO	[2015-12-01 00:41:26:698] <16319> PARSE HEAD OK
INFO	[2015-12-01 00:41:26:700] <16319> PARSE BODY OK
INFO	[2015-12-01 00:41:26:701] <16319> DECRYPT OK
DEBUG	[2015-12-01 00:41:26:702] <16319> DECRYPT MSG:[<?xml version="1.0" encoding="UTF-8"?>
<PaymentInfo>
  <Payment>
    <EASYPAY/>
    <Card>
      <CARD_ApplPrice>2000</CARD_ApplPrice>
      <CARD_Num>377988024744</CARD_Num>
      <CARD_Expire></CARD_Expire>
      <CARD_Code>14</CARD_Code>
      <CARD_BankCode>26</CARD_BankCode>
      <CARD_Quota>00</CARD_Quota>
      <CARD_Interest>0</CARD_Interest>
      <CARD_Point></CARD_Point>
      <CARD_AuthType>99</CARD_AuthType>
      <CARD_RegNum></CARD_RegNum>
      <CARD_ApplDate>20151201</CARD_ApplDate>
      <CARD_ApplTime>004125</CARD_ApplTime>
      <CARD_ApplNum>22057851</CARD_ApplNum>
      <CARD_TerminalNum>019048y000</CARD_TerminalNum>
      <CARD_MemberNum></CARD_MemberNum>
      <CARD_PurchaseCode></CARD_PurchaseCode>
      <CARD_ResultCode>120000</CARD_ResultCode>
      <CARD_ResultMsg urlencode="1">%C1%A4%BB%F3%C3%B3%B8%AE%B5%C7%BE%FA%BD%C0%B4%CF%B4%D9.</CARD_ResultMsg>
      <CARD_PrtcCode>1</CARD_PrtcCode>
      <CARD_Quota_Point>00</CARD_Quota_Point>
      <CARD_CheckFlag>0</CARD_CheckFlag>
      <CARD_PurchaseName urlencode="1"></CARD_PurchaseName>
      <CARD_IssuerName urlencode="1"></CARD_IssuerName>
      <CARD_JoinUsePoint></CARD_JoinUsePoint>
      <CARD_UsePoint></CARD_UsePoint>
      <CARD_CouponOnlyMer></CARD_CouponOnlyMer>
    </Card>
  </Payment>
</PaymentInfo>]
INFO	[2015-12-01 00:41:26:703] <16319> DECRYPT PARSE OK
INFO	[2015-12-01 00:41:26:703] <16319> WAIT ACK INVOKING
DEBUG	[2015-12-01 00:41:26:703] <16319> MAKE HEAD OK
INFO	[2015-12-01 00:41:26:705] <16319> SUCCESS ACK INVOKING
INFO	[2015-12-01 00:41:26:705] <16319> END securepay ¡§ªÛ√≥∏Æµ«æ˙Ω¿¥œ¥Ÿ. Laptime:[0.985sec]
INFO	[2015-12-01 00:41:26:705] <16319> ===============================================================
INFO	[2015-12-01 10:05:01:662] <7859> START INIPHP chkfake (V5036-141209)(OS:Linux2.6.18-348.4.1.el5,PHP:5.3.13p1)
DEBUG	[2015-12-01 10:05:01:662] <7859> inipayhome:/home/hosting_users/zymo_obms/www/inipay
DEBUG	[2015-12-01 10:05:01:662] <7859> type:chkfake
DEBUG	[2015-12-01 10:05:01:662] <7859> debug:true
DEBUG	[2015-12-01 10:05:01:662] <7859> enctype:asym
DEBUG	[2015-12-01 10:05:01:662] <7859> admin:1111
DEBUG	[2015-12-01 10:05:01:662] <7859> checkopt:false
DEBUG	[2015-12-01 10:05:01:662] <7859> mid:obmms20151
DEBUG	[2015-12-01 10:05:01:662] <7859> price:20000
DEBUG	[2015-12-01 10:05:01:662] <7859> nointerest:no
DEBUG	[2015-12-01 10:05:01:662] <7859> quotabase:ÏÑ†ÌÉù:ÏùºÏãúÎ∂à:2Í∞úÏõî:3Í∞úÏõî:6Í∞úÏõî
INFO	[2015-12-01 10:05:01:662] <7859> Check Field OK
INFO	[2015-12-01 10:05:01:665] <7859> MERCHANT PRIV KEY LOAD OK
INFO	[2015-12-01 10:05:01:673] <7859> MERCHANT PUB KEY LOAD OK []
INFO	[2015-12-01 10:05:01:674] <7859> CHKFAKE KEY MAKE OK:MjAxNTEyMDExMDA1MDE2NzM1MjE3MA==

INFO	[2015-12-01 10:05:01:674] <7859> END chkfake  Laptime:[0.012sec]
INFO	[2015-12-01 10:05:01:674] <7859> ===============================================================
INFO	[2015-12-01 10:06:54:291] <7849> START INIPHP chkfake (V5036-141209)(OS:Linux2.6.18-348.4.1.el5,PHP:5.3.13p1)
DEBUG	[2015-12-01 10:06:54:291] <7849> inipayhome:/home/hosting_users/zymo_obms/www/inipay
DEBUG	[2015-12-01 10:06:54:291] <7849> type:chkfake
DEBUG	[2015-12-01 10:06:54:291] <7849> debug:true
DEBUG	[2015-12-01 10:06:54:291] <7849> enctype:asym
DEBUG	[2015-12-01 10:06:54:291] <7849> admin:1111
DEBUG	[2015-12-01 10:06:54:291] <7849> checkopt:false
DEBUG	[2015-12-01 10:06:54:291] <7849> mid:obmms20151
DEBUG	[2015-12-01 10:06:54:291] <7849> price:20000
DEBUG	[2015-12-01 10:06:54:291] <7849> nointerest:no
DEBUG	[2015-12-01 10:06:54:291] <7849> quotabase:ÏÑ†ÌÉù:ÏùºÏãúÎ∂à:2Í∞úÏõî:3Í∞úÏõî:6Í∞úÏõî
INFO	[2015-12-01 10:06:54:299] <7849> Check Field OK
INFO	[2015-12-01 10:06:54:299] <7849> MERCHANT PRIV KEY LOAD OK
INFO	[2015-12-01 10:06:54:300] <7849> MERCHANT PUB KEY LOAD OK []
INFO	[2015-12-01 10:06:54:301] <7849> CHKFAKE KEY MAKE OK:MjAxNTEyMDExMDA2NTQzMDA3NTgxNA==

INFO	[2015-12-01 10:06:54:301] <7849> END chkfake  Laptime:[0.01sec]
INFO	[2015-12-01 10:06:54:301] <7849> ===============================================================
INFO	[2015-12-01 10:07:08:172] <7855> START INIPHP chkfake (V5036-141209)(OS:Linux2.6.18-348.4.1.el5,PHP:5.3.13p1)
DEBUG	[2015-12-01 10:07:08:172] <7855> inipayhome:/home/hosting_users/zymo_obms/www/inipay
DEBUG	[2015-12-01 10:07:08:172] <7855> type:chkfake
DEBUG	[2015-12-01 10:07:08:172] <7855> debug:true
DEBUG	[2015-12-01 10:07:08:172] <7855> enctype:asym
DEBUG	[2015-12-01 10:07:08:172] <7855> admin:1111
DEBUG	[2015-12-01 10:07:08:172] <7855> checkopt:false
DEBUG	[2015-12-01 10:07:08:172] <7855> mid:obmms20151
DEBUG	[2015-12-01 10:07:08:172] <7855> price:20000
DEBUG	[2015-12-01 10:07:08:172] <7855> nointerest:no
DEBUG	[2015-12-01 10:07:08:172] <7855> quotabase:ÏÑ†ÌÉù:ÏùºÏãúÎ∂à:2Í∞úÏõî:3Í∞úÏõî:6Í∞úÏõî
INFO	[2015-12-01 10:07:08:172] <7855> Check Field OK
INFO	[2015-12-01 10:07:08:172] <7855> MERCHANT PRIV KEY LOAD OK
INFO	[2015-12-01 10:07:08:172] <7855> MERCHANT PUB KEY LOAD OK []
INFO	[2015-12-01 10:07:08:173] <7855> CHKFAKE KEY MAKE OK:MjAxNTEyMDExMDA3MDgxNzMxMTkxOQ==

INFO	[2015-12-01 10:07:08:173] <7855> END chkfake  Laptime:[0.002sec]
INFO	[2015-12-01 10:07:08:173] <7855> ===============================================================
INFO	[2015-12-01 10:07:36:166] <7862> START INIPHP chkfake (V5036-141209)(OS:Linux2.6.18-348.4.1.el5,PHP:5.3.13p1)
DEBUG	[2015-12-01 10:07:36:166] <7862> inipayhome:/home/hosting_users/zymo_obms/www/inipay
DEBUG	[2015-12-01 10:07:36:166] <7862> type:chkfake
DEBUG	[2015-12-01 10:07:36:166] <7862> debug:true
DEBUG	[2015-12-01 10:07:36:166] <7862> enctype:asym
DEBUG	[2015-12-01 10:07:36:166] <7862> admin:1111
DEBUG	[2015-12-01 10:07:36:166] <7862> checkopt:false
DEBUG	[2015-12-01 10:07:36:166] <7862> mid:obmms20151
DEBUG	[2015-12-01 10:07:36:166] <7862> price:2000
DEBUG	[2015-12-01 10:07:36:166] <7862> nointerest:no
DEBUG	[2015-12-01 10:07:36:166] <7862> quotabase:ÏÑ†ÌÉù:ÏùºÏãúÎ∂à:2Í∞úÏõî:3Í∞úÏõî:6Í∞úÏõî
INFO	[2015-12-01 10:07:36:166] <7862> Check Field OK
INFO	[2015-12-01 10:07:36:166] <7862> MERCHANT PRIV KEY LOAD OK
INFO	[2015-12-01 10:07:36:167] <7862> MERCHANT PUB KEY LOAD OK []
INFO	[2015-12-01 10:07:36:167] <7862> CHKFAKE KEY MAKE OK:MjAxNTEyMDExMDA3MzYxNjcxNzYxMg==

INFO	[2015-12-01 10:07:36:168] <7862> END chkfake  Laptime:[0.002sec]
INFO	[2015-12-01 10:07:36:168] <7862> ===============================================================
INFO	[2015-12-01 10:10:50:33] <7860> START INIPHP chkfake (V5036-141209)(OS:Linux2.6.18-348.4.1.el5,PHP:5.3.13p1)
DEBUG	[2015-12-01 10:10:50:33] <7860> inipayhome:/home/hosting_users/zymo_obms/www/inipay
DEBUG	[2015-12-01 10:10:50:33] <7860> type:chkfake
DEBUG	[2015-12-01 10:10:50:33] <7860> debug:true
DEBUG	[2015-12-01 10:10:50:33] <7860> enctype:asym
DEBUG	[2015-12-01 10:10:50:33] <7860> admin:1111
DEBUG	[2015-12-01 10:10:50:33] <7860> checkopt:false
DEBUG	[2015-12-01 10:10:50:33] <7860> mid:obmms20151
DEBUG	[2015-12-01 10:10:50:33] <7860> price:2000
DEBUG	[2015-12-01 10:10:50:33] <7860> nointerest:no
DEBUG	[2015-12-01 10:10:50:33] <7860> quotabase:ÏÑ†ÌÉù:ÏùºÏãúÎ∂à:2Í∞úÏõî:3Í∞úÏõî:6Í∞úÏõî
INFO	[2015-12-01 10:10:50:33] <7860> Check Field OK
INFO	[2015-12-01 10:10:50:33] <7860> MERCHANT PRIV KEY LOAD OK
INFO	[2015-12-01 10:10:50:34] <7860> MERCHANT PUB KEY LOAD OK []
INFO	[2015-12-01 10:10:50:35] <7860> CHKFAKE KEY MAKE OK:MjAxNTEyMDExMDEwNTAwMzQyOTUyNw==

INFO	[2015-12-01 10:10:50:35] <7860> END chkfake  Laptime:[0.002sec]
INFO	[2015-12-01 10:10:50:35] <7860> ===============================================================
INFO	[2015-12-01 10:41:39:61] <24781> START INIPHP chkfake (V5036-141209)(OS:Linux2.6.18-348.4.1.el5,PHP:5.3.13p1)
DEBUG	[2015-12-01 10:41:39:61] <24781> inipayhome:/home/hosting_users/zymo_obms/www/inipay
DEBUG	[2015-12-01 10:41:39:61] <24781> type:chkfake
DEBUG	[2015-12-01 10:41:39:61] <24781> debug:true
DEBUG	[2015-12-01 10:41:39:61] <24781> enctype:asym
DEBUG	[2015-12-01 10:41:39:61] <24781> admin:1111
DEBUG	[2015-12-01 10:41:39:61] <24781> checkopt:false
DEBUG	[2015-12-01 10:41:39:61] <24781> mid:obmms20151
DEBUG	[2015-12-01 10:41:39:61] <24781> price:20000
DEBUG	[2015-12-01 10:41:39:61] <24781> nointerest:no
DEBUG	[2015-12-01 10:41:39:61] <24781> quotabase:ÏÑ†ÌÉù:ÏùºÏãúÎ∂à:2Í∞úÏõî:3Í∞úÏõî:6Í∞úÏõî
INFO	[2015-12-01 10:41:39:61] <24781> Check Field OK
INFO	[2015-12-01 10:41:39:61] <24781> MERCHANT PRIV KEY LOAD OK
INFO	[2015-12-01 10:41:39:61] <24781> MERCHANT PUB KEY LOAD OK []
INFO	[2015-12-01 10:41:39:62] <24781> CHKFAKE KEY MAKE OK:MjAxNTEyMDExMDQxMzkwNjE5OTc5OA==

INFO	[2015-12-01 10:41:39:62] <24781> END chkfake  Laptime:[0.002sec]
INFO	[2015-12-01 10:41:39:62] <24781> ===============================================================
INFO	[2015-12-01 10:44:11:59] <24764> START INIPHP securepay (V5036-141209)(OS:Linux2.6.18-348.4.1.el5,PHP:5.3.13p1)
DEBUG	[2015-12-01 10:44:11:59] <24764> inipayhome:/home/hosting_users/zymo_obms/www/inipay
DEBUG	[2015-12-01 10:44:11:59] <24764> type:securepay
DEBUG	[2015-12-01 10:44:11:59] <24764> pgid:INIphpCARD
DEBUG	[2015-12-01 10:44:11:59] <24764> subpgip:203.238.3.10
DEBUG	[2015-12-01 10:44:11:59] <24764> admin:1111
DEBUG	[2015-12-01 10:44:11:59] <24764> debug:true
DEBUG	[2015-12-01 10:44:11:59] <24764> uid:
DEBUG	[2015-12-01 10:44:11:59] <24764> goodname:ø¬∏Æø¯πÆ¿⁄ - ¡˜¡¢∞·¡¶ - 1∞≥ø˘±‚∞£ 
DEBUG	[2015-12-01 10:44:11:59] <24764> currency:WON
DEBUG	[2015-12-01 10:44:11:59] <24764> mid:obmms20151
DEBUG	[2015-12-01 10:44:11:59] <24764> rn:MjAxNTEyMDExMDQxMzkwNjE5OTc5OA==

DEBUG	[2015-12-01 10:44:11:59] <24764> price:20000
DEBUG	[2015-12-01 10:44:11:59] <24764> enctype:
DEBUG	[2015-12-01 10:44:11:59] <24764> buyername:ø¯∫œ
DEBUG	[2015-12-01 10:44:11:59] <24764> buyertel:010-2654-861
DEBUG	[2015-12-01 10:44:11:59] <24764> buyeremail:test@naver.com
DEBUG	[2015-12-01 10:44:11:59] <24764> paymethod:Card
DEBUG	[2015-12-01 10:44:11:59] <24764> encrypted:Version=4.1&PayMethod=Card&RsaKeyNum=1&EncryptionAlgorithm=SEED-CBC&SignAlgorithm=RSAwithSHA1&CertVer=39&moid=8502_151201104139&ver_trace=main(6097,6060)card(6142,6124)n(6009)Cs(6025)Dt(6002)Pa(6002)Cf(6024)Fv(0000)La(6156)Re(6107)Vr(6007)P(6034)en(6055)nP(6006)&pg1=203.238.37.3&pg2=211.219.96.180&pg1ip=203.238.37.3&pg2ip=211.219.96.180&agreeflag=1111&Data=LIUO7oKxRcdjibPXyjLHF7Roq70TONGDZzdHpqNk5defoVfVS+jS3azMNhV2vMBe
waYqqoNEaUgyGvOrOFgDhT4vDCQ3n6C3J9FnXrGp0VPUFn2LTXvmiNscDppkwBDv
3+VQBeaoI69SYWbulBKtqITzjSfnB4vAro0PdfEMvMb3I63urk/MQk4dtxewu+UH
DryiHtn1tc/nzeF70TlROHsY6TSD5zucQxt6AKZd6M51EwKmuIMoke2QC7yAInV/
j9QYx3j6JHSIKl/2zVDqagaqmCgF+aQBgslSOiye0K2Qther1H2bG24635kEQ2XW
/inuYGB77fw3nsUeRDVL8kb2tVyjjUFbMa4Vx6DdAl8ZZGDeZG+e/0xm5vDjNaJ+
lJoYArS6lkgNP6WWtEXZmaEeB5/nSFdKZRbNeKZqBkF0bP1gTgT/dF3CWWzKpN6G
Go5rkoocUR7wBVY2NpmY3nZFfjxTW3mwAdhKaIoDNNkRT1WO1V8MR0d6mVfgbXrM
Az+y+UdXF1GX7emhLBLLSQ6lnYZBLEFs2VFSgaBzkaXp/DCNt+qQRnGsQRzoVgoa
jN/HaS2PC4BTKY5VAHbUXq4yGYgCF0ibR1TzcdtZcbPUnjhmgLDox7Q/IfYkKWiJ
lHAvVZvNqTqd6OGAY64i8HuA0bil5MkZC9dWPcQXz41etoT4cg==
DEBUG	[2015-12-01 10:44:11:59] <24764> sessionkey:iIF8pcwyCMsCPQ0UZvbWkU0qAlpJSyIcznVZNLLsJ9L/vdLpae7M7nYqJSZ4vP0E
Tm8xUo1Tmn0OtH6Ooxv4B9pd+K/vHn7hxBpKC83IOVeoPKWf5T1H04y+qGrcgyLy
C0CV9Dh6k6O8UP+/4hsUvpSRpfBoVxc5ozH2jgd9jDI=
DEBUG	[2015-12-01 10:44:11:59] <24764> url:http://www.obmms.net
DEBUG	[2015-12-01 10:44:11:59] <24764> cardcode:14
DEBUG	[2015-12-01 10:44:11:59] <24764> parentemail:test@naver.com
DEBUG	[2015-12-01 10:44:11:59] <24764> recvname:
DEBUG	[2015-12-01 10:44:11:59] <24764> recvtel:
DEBUG	[2015-12-01 10:44:11:59] <24764> recvaddr:
DEBUG	[2015-12-01 10:44:11:59] <24764> recvpostnum:
DEBUG	[2015-12-01 10:44:11:59] <24764> recvmsg:
DEBUG	[2015-12-01 10:44:11:59] <24764> joincard:
DEBUG	[2015-12-01 10:44:11:59] <24764> joinexpire:
DEBUG	[2015-12-01 10:44:11:59] <24764> id_customer:
INFO	[2015-12-01 10:44:11:59] <24764> Check Field OK
INFO	[2015-12-01 10:44:11:59] <24764> Make TID OK INIphpCARDobmms2015120151201104411593807
INFO	[2015-12-01 10:44:11:59] <24764> PI PUB KEY LOAD OK [39]
INFO	[2015-12-01 10:44:11:69] <24764> PG PUB KEY LOAD OK [30]
INFO	[2015-12-01 10:44:11:69] <24764> MERCHANT PRIV KEY LOAD OK
INFO	[2015-12-01 10:44:11:69] <24764> MERCHANT PUB KEY LOAD OK [0]
INFO	[2015-12-01 10:44:11:70] <24764> MAKE BODY OK
INFO	[2015-12-01 10:44:11:71] <24764> SIGN OK
INFO	[2015-12-01 10:44:11:71] <24764> MAKE HEAD OK
INFO	[2015-12-01 10:44:11:71] <24764> MSG_TO_PG:[0280300175R SHA1                   0                  39                  300200obmms20151               20000INIphpCARDobmms2015120151201104411593807<?xml version="1.0" encoding="UTF-8"?>
<INIpay>
	  <GoodsInfo>
	    <GoodsCnt>1</GoodsCnt>
	    <MOID/>
	    <Currency>WON</Currency>
	    <Tax/>
	    <TaxFree/>
	    <Goods>
	      <SMID>obmms20151</SMID>
	      <GoodsName urlencode="1">%BF%C2%B8%AE%BF%F8%B9%AE%C0%DA+-+%C1%F7%C1%A2%B0%E1%C1%A6+-+1%B0%B3%BF%F9%B1%E2%B0%A3+</GoodsName>
	      <GoodsPrice>20000</GoodsPrice></Goods></GoodsInfo>
	  <BuyerInfo>
	    <BuyerName urlencode="1">%BF%F8%BA%CF</BuyerName>
	    <BuyerTel>010-2654-861</BuyerTel>
	    <BuyerEmail urlencode="1">test%40naver.com</BuyerEmail>
	    <ParentEmail urlencode="1">test%40naver.com</ParentEmail>
	    <RecvName/>
	    <RecvTel/>
	    <RecvMsg/>
	    <RecvAddr/>
	    <RecvPostNum/></BuyerInfo>
	  <PaymentInfo>
	    <Payment>
	      <PayMethod>Card</PayMethod>
	      <JoinCard/>
	      <JoinExpire/>
	      <MailOrder/>
	      <SessionKey>iIF8pcwyCMsCPQ0UZvbWkU0qAlpJSyIcznVZNLLsJ9L/vdLpae7M7nYqJSZ4vP0E
Tm8xUo1Tmn0OtH6Ooxv4B9pd+K/vHn7hxBpKC83IOVeoPKWf5T1H04y+qGrcgyLy
C0CV9Dh6k6O8UP+/4hsUvpSRpfBoVxc5ozH2jgd9jDI=</SessionKey>
	      <Encrypted urlencode="1">Version%3D4.1%26PayMethod%3DCard%26RsaKeyNum%3D1%26EncryptionAlgorithm%3DSEED-CBC%26SignAlgorithm%3DRSAwithSHA1%26CertVer%3D39%26moid%3D8502_151201104139%26ver_trace%3Dmain%286097%2C6060%29card%286142%2C6124%29n%286009%29Cs%286025%29Dt%286002%29Pa%286002%29Cf%286024%29Fv%280000%29La%286156%29Re%286107%29Vr%286007%29P%286034%29en%286055%29nP%286006%29%26pg1%3D203.238.37.3%26pg2%3D211.219.96.180%26pg1ip%3D203.238.37.3%26pg2ip%3D211.219.96.180%26agreeflag%3D1111%26Data%3DLIUO7oKxRcdjibPXyjLHF7Roq70TONGDZzdHpqNk5defoVfVS%2BjS3azMNhV2vMBe%0D%0AwaYqqoNEaUgyGvOrOFgDhT4vDCQ3n6C3J9FnXrGp0VPUFn2LTXvmiNscDppkwBDv%0D%0A3%2BVQBeaoI69SYWbulBKtqITzjSfnB4vAro0PdfEMvMb3I63urk%2FMQk4dtxewu%2BUH%0D%0ADryiHtn1tc%2FnzeF70TlROHsY6TSD5zucQxt6AKZd6M51EwKmuIMoke2QC7yAInV%2F%0D%0Aj9QYx3j6JHSIKl%2F2zVDqagaqmCgF%2BaQBgslSOiye0K2Qther1H2bG24635kEQ2XW%0D%0A%2FinuYGB77fw3nsUeRDVL8kb2tVyjjUFbMa4Vx6DdAl8ZZGDeZG%2Be%2F0xm5vDjNaJ%2B%0D%0AlJoYArS6lkgNP6WWtEXZmaEeB5%2FnSFdKZRbNeKZqBkF0bP1gTgT%2FdF3CWWzKpN6G%0D%0AGo5rkoocUR7wBVY2NpmY3nZFfjxTW3mwAdhKaIoDNNkRT1WO1V8MR0d6mVfgbXrM%0D%0AAz%2By%2BUdXF1GX7emhLBLLSQ6lnYZBLEFs2VFSgaBzkaXp%2FDCNt%2BqQRnGsQRzoVgoa%0D%0AjN%2FHaS2PC4BTKY5VAHbUXq4yGYgCF0ibR1TzcdtZcbPUnjhmgLDox7Q%2FIfYkKWiJ%0D%0AlHAvVZvNqTqd6OGAY64i8HuA0bil5MkZC9dWPcQXz41etoT4cg%3D%3D</Encrypted></Payment></PaymentInfo>
	  <ReservedInfo>
	    <MReserved1/>
	    <MReserved2/>
	    <MReserved3/></ReservedInfo>
	  <ManageInfo>
	    <Language/>
	    <URL urlencode="1">http%3A%2F%2Fwww.obmms.net</URL>
	    <TXVersion>5036B141209securLinux     PHPchkfake   2.6.18-348.4.1.el5PHP:5.3.13p1</TXVersion>
	    <TXUserID/>
	    <TXRegNum/>
	    <Ack>1</Ack>
	    <TXRN>MjAxNTEyMDExMDQxMzkwNjE5OTc5OA==
</TXRN></ManageInfo></INIpay>ATrcVlCdWuIccg3RvnQIYZ29ysItmVGOVVb4USQc1navPopGiZzjPvBfMntB+WmO
VoYlzyBc/gpVvu1au4zhjoNKmBneZ3Nspz6/BdC4FnQdcYQO2IzbkMzLR4eMtKSn
2rVuuwEe0TscAb2iUGrD6V9QcvEtj20vBuukb+78wefL
]
INFO	[2015-12-01 10:44:11:71] <24764> DNS LOOKUP OK(203.238.37.3:203.238.37.3:34049) laptime:0
INFO	[2015-12-01 10:44:11:73] <24764> SOCKET CONNECT OK
INFO	[2015-12-01 10:44:11:73] <24764> SEND OK
INFO	[2015-12-01 10:44:12:256] <24764> RECV OK
INFO	[2015-12-01 10:44:12:256] <24764> MSG_FROM_PG:[0317000175D SHA1                   0                  39                  300210obmms20151               20000INIphpCARDobmms2015120151201104411593807<?xml version="1.0" encoding="UTF-8"?>
<INIpay>
  <GoodsInfo>
    <GoodsCnt>1</GoodsCnt>
    <MOID urlencode="1">8502_151201104139</MOID>
    <Currency>WON</Currency>
    <Goods no="1">
      <SMID>obmms20151</SMID>
      <GoodsName urlencode="1">%BF%C2%B8%AE%BF%F8%B9%AE%C0%DA+-+%C1%F7%C1%A2%B0%E1%C1%A6+-+1%B0%B3%BF%F9%B1%E2%B0%A3+</GoodsName>
      <GoodsCntS>1</GoodsCntS>
      <GoodsPrice>20000</GoodsPrice>
    </Goods>
  </GoodsInfo>
  <PaymentInfo>
    <Payment>
      <SessionKey>AMfRY4eWif98U32V2F0qwoCSr8W7mbTrTUw2xrPjhWjwORx+SLD64PM6uyczw9ph
iD0fL0SOxLKw7z7cv30+qAXWSNmR6mf6EgjtsorNUBs9+mPIDLhwBiO/7eVlyIba
SXR/fTZ0KIvZl4KxlkB/Go7rSIqughrefcUG98imIS71N5G2zGlgWwM=
</SessionKey>
      <Encrypted>EFRCa+EjDOLnDi3yHN4QFQW79cErop1BlgXgdxMMPshSSo5wSEy0wMuX3SDHd2xB
6H3C8IiVNJDp7BEDHzESuwB06NhleEocMWL+fj44WaHrv0s4ONtJ028nOhxz46vz
m9Uc0xnxiBCeNG+n0Gm5ZY0A8E6DZohyAnL36MpzZ89KV/yhBFFWiI4BacUDZ1Qy
MQ5k3lBhz+OxVJCNmtrfp3q6Et3vjjphtfkzKQNltQQFD1wq47HM2yvBY5nYaN7o
iW7yWGg86MaOxOcXJ81RuHBSzmH7dUeplKNKfhn483LbYuT4JqOlhjEhCZlqFDJW
nLkTKeT451CabXheDNI0MMB+poouWcOg3NQ6yrJkeNO4n/gIUzj7qU9Nv0c9LyPJ
WNjHF7xShqVYHQwKIPfhkvGtelyv6zQ0YWL6Isy6jC5HMlLztm7K1UYuGpI3Nszz
CnDausKpvx2LdaJDpBJr7shfxe1eOEj2BN9cDl8X+/rKVXQY9WAOiRo8C/bIHueL
IauPXv3lNgumu2j5t0/pEiGXw5aHKlmkRjXFdvXxEOiEELNdPanQcD6FCmOywdvY
iYEyBKEL1+vmgLr+e7iwlSUAMnLtEawLH+LVTlJCnxiURvHacJ1YogJ1pRGJzE0q
5Cez4qwpd4EUiuZir9KALiUIqO3sC9GwaGIvFfTsccohmefTfdhs4ei7s5/cwFmJ
GtjRwqJrG4vrTkD/7nllIV2IkwiYZmaqPg1EoCqcZTtcvaJ7r/CEdGZV2aHf/x4Z
/cHgw/yKrLMrwt7ly00bcnBsXYnLhEIh/+PVmAcY5V40xYrJ4DZ217E1ayhvhCml
T60MKhpjBEBYJMyYCu54RPwY5A6De1mb/+epztRx67oHDa7A+M8kBgDigTryM8i3
tqPb/En2lFTF5zW24lTt/0mKG2BqRYv4wRZiUWMDTqqM9J3VznDHOsFYZYlBytMR
KmuY4xwTLEks7LTdrQsZkzGX+7507Yl5wrRsXzHbNk84/pTzcEsI3Ayz7R3cgsH4
P10vOb9ipyOFqXQgBQ8oFiZV6m6GkcQzAheyo+AAd4AhBJ/UD2A46C7VTEaDsLCB
QZ00jSdZbo9YLWat05hxT3H0vwzGafC3O93ot8t6GTR6RDjBMBvqBrDGGHlhN2yQ
Q2ES0g2kIn/hs5LbC2G0J/kzd5hOo89GoxElM8h/MICw6bXVzmX7HIg1ZqIJtq42
2sVkavFijyZX7YP41czILuy4LQ2tKlpP6AvoDtE/iDDhvd7Qd3Xxxb68q20y6tCR
Iy3d6M1QxtHuX6HOtfuyUb+Ma/0M9QSaYwbDbGFpM77uJTf07uIpmnywr8Dvu9Fv
TKuF57/LYaPN5Id92scbTSErFJXNGGoj1Nutx9VgwxtXufH5MEdMApbqK6nUj8m9
mpPbihai68b/SHYRRmRBPBpMi/tHbRAed2Bhn1Wnvuu/7EQMjKJg+HqsmuEiJCkw
O/mslKoywqVtEAZ98yYY6SkzUPocSv+nCF7SG6A/dYpwDzkaIg597/xzDWHnDcVO
HjCW5spybxRATUzhan0WbP8CeyAgBNlHkIIR6J5k5kNeq1OcLaIpiK4oCdLadwxc
NW7Cik/d6kekVwDB4iSnaMQ4NJJUPm6htu3+mqqli1a+rTrZzbOT+ZEmPrO5vIF6
56fTEXCrppklehYMHqylXZ0qnChK/Ldp8OIqbP+FqqCZQCd+UrxAmVnL2oaonrbQ
NwuCVmXHMDM/xYCAlf+7+w==
</Encrypted>
      <PayMethod>Card</PayMethod>
      <ResultCode>120000</ResultCode>
      <ResultMsg urlencode="1">%C1%A4%BB%F3%C3%B3%B8%AE%B5%C7%BE%FA%BD%C0%B4%CF%B4%D9.</ResultMsg>
    </Payment>
  </PaymentInfo>
  <ManageInfo>
    <EventCode></EventCode>
    <OrgCurrency></OrgCurrency>
    <ExchangeRate></ExchangeRate>
    <OrgPrice></OrgPrice>
  </ManageInfo>
  <ReservedInfo>
    <MReserved1 urlencode="1"></MReserved1>
    <MReserved2 urlencode="1"></MReserved2>
    <MReserved3 urlencode="1"></MReserved3>
    <PGReserved1 urlencode="1"></PGReserved1>
    <PGReserved2 urlencode="1"></PGReserved2>
    <PGReserved3 urlencode="1"></PGReserved3>
  </ReservedInfo>
</INIpay>
lZLIcLVZgXHK5joLzFfvVMpYz0kqTGys/9j2s0ZqJh9rDmGI26SdianIxM/9Zo1r
OO2DmYgIBmvkgei44gfZQ0yzHLvkREBSMOU4/EYrwwOeMzCcsuOOSNqV6KmfJd+L
lsj1H6SwbhiqR6/Eoijmqy3dppkVNlUrWN/cALLZk1U=
]
INFO	[2015-12-01 10:44:12:256] <24764> VERIFY OK
INFO	[2015-12-01 10:44:12:256] <24764> PARSE HEAD OK
INFO	[2015-12-01 10:44:12:257] <24764> PARSE BODY OK
INFO	[2015-12-01 10:44:12:259] <24764> DECRYPT OK
DEBUG	[2015-12-01 10:44:12:259] <24764> DECRYPT MSG:[<?xml version="1.0" encoding="UTF-8"?>
<PaymentInfo>
  <Payment>
    <EASYPAY/>
    <Card>
      <CARD_ApplPrice>20000</CARD_ApplPrice>
      <CARD_Num>377988024744</CARD_Num>
      <CARD_Expire></CARD_Expire>
      <CARD_Code>14</CARD_Code>
      <CARD_BankCode>26</CARD_BankCode>
      <CARD_Quota>00</CARD_Quota>
      <CARD_Interest>0</CARD_Interest>
      <CARD_Point></CARD_Point>
      <CARD_AuthType>99</CARD_AuthType>
      <CARD_RegNum></CARD_RegNum>
      <CARD_ApplDate>20151201</CARD_ApplDate>
      <CARD_ApplTime>104411</CARD_ApplTime>
      <CARD_ApplNum>23374299</CARD_ApplNum>
      <CARD_TerminalNum>019048y000</CARD_TerminalNum>
      <CARD_MemberNum></CARD_MemberNum>
      <CARD_PurchaseCode></CARD_PurchaseCode>
      <CARD_ResultCode>120000</CARD_ResultCode>
      <CARD_ResultMsg urlencode="1">%C1%A4%BB%F3%C3%B3%B8%AE%B5%C7%BE%FA%BD%C0%B4%CF%B4%D9.</CARD_ResultMsg>
      <CARD_PrtcCode>1</CARD_PrtcCode>
      <CARD_Quota_Point>00</CARD_Quota_Point>
      <CARD_CheckFlag>0</CARD_CheckFlag>
      <CARD_PurchaseName urlencode="1"></CARD_PurchaseName>
      <CARD_IssuerName urlencode="1"></CARD_IssuerName>
      <CARD_JoinUsePoint></CARD_JoinUsePoint>
      <CARD_UsePoint></CARD_UsePoint>
      <CARD_CouponOnlyMer></CARD_CouponOnlyMer>
    </Card>
  </Payment>
</PaymentInfo>]
INFO	[2015-12-01 10:44:12:260] <24764> DECRYPT PARSE OK
INFO	[2015-12-01 10:44:12:260] <24764> WAIT ACK INVOKING
DEBUG	[2015-12-01 10:44:12:260] <24764> MAKE HEAD OK
INFO	[2015-12-01 10:44:12:263] <24764> SUCCESS ACK INVOKING
INFO	[2015-12-01 10:44:12:263] <24764> END securepay ¡§ªÛ√≥∏Æµ«æ˙Ω¿¥œ¥Ÿ. Laptime:[1.204sec]
INFO	[2015-12-01 10:44:12:263] <24764> ===============================================================
