INFO	[2019-12-18 14:45:46:266] <19299> START INIPHP chkfake (V5036-141209)(OS:Linux2.6.18-274.3.1.el5,PHP:5.2.9)
DEBUG	[2019-12-18 14:45:46:266] <19299> inipayhome:/home/ilearning3/www/inipay
DEBUG	[2019-12-18 14:45:46:266] <19299> type:chkfake
DEBUG	[2019-12-18 14:45:46:266] <19299> debug:true
DEBUG	[2019-12-18 14:45:46:266] <19299> enctype:asym
DEBUG	[2019-12-18 14:45:46:266] <19299> admin:1111
DEBUG	[2019-12-18 14:45:46:266] <19299> checkopt:false
DEBUG	[2019-12-18 14:45:46:266] <19299> mid:obmms20151
DEBUG	[2019-12-18 14:45:46:266] <19299> price:11000
DEBUG	[2019-12-18 14:45:46:266] <19299> nointerest:no
DEBUG	[2019-12-18 14:45:46:266] <19299> quotabase:일시불:2개월:3개월:6개월:12개월
INFO	[2019-12-18 14:45:46:266] <19299> Check Field OK
INFO	[2019-12-18 14:45:46:274] <19299> MERCHANT PRIV KEY LOAD OK
INFO	[2019-12-18 14:45:46:278] <19299> MERCHANT PUB KEY LOAD OK []
INFO	[2019-12-18 14:45:46:280] <19299> CHKFAKE KEY MAKE OK:MjAxOTEyMTgxNDQ1NDYyNzgyNTAwNA==

INFO	[2019-12-18 14:45:46:281] <19299> END chkfake  Laptime:[0.02sec]
INFO	[2019-12-18 14:45:46:281] <19299> ===============================================================
INFO	[2019-12-18 14:45:57:730] <19299> START INIPHP chkfake (V5036-141209)(OS:Linux2.6.18-274.3.1.el5,PHP:5.2.9)
DEBUG	[2019-12-18 14:45:57:730] <19299> inipayhome:/home/ilearning3/www/inipay
DEBUG	[2019-12-18 14:45:57:730] <19299> type:chkfake
DEBUG	[2019-12-18 14:45:57:730] <19299> debug:true
DEBUG	[2019-12-18 14:45:57:730] <19299> enctype:asym
DEBUG	[2019-12-18 14:45:57:730] <19299> admin:1111
DEBUG	[2019-12-18 14:45:57:730] <19299> checkopt:false
DEBUG	[2019-12-18 14:45:57:730] <19299> mid:obmms20151
DEBUG	[2019-12-18 14:45:57:730] <19299> price:11000
DEBUG	[2019-12-18 14:45:57:730] <19299> nointerest:no
DEBUG	[2019-12-18 14:45:57:730] <19299> quotabase:일시불:2개월:3개월:6개월:12개월
INFO	[2019-12-18 14:45:57:730] <19299> Check Field OK
INFO	[2019-12-18 14:45:57:731] <19299> MERCHANT PRIV KEY LOAD OK
INFO	[2019-12-18 14:45:57:731] <19299> MERCHANT PUB KEY LOAD OK []
INFO	[2019-12-18 14:45:57:734] <19299> CHKFAKE KEY MAKE OK:MjAxOTEyMTgxNDQ1NTc3MzEzOTc5NQ==

INFO	[2019-12-18 14:45:57:734] <19299> END chkfake  Laptime:[0sec]
INFO	[2019-12-18 14:45:57:734] <19299> ===============================================================
