INFO	[2018-03-16 18:15:49:53] <19082> START INIPHP chkfake (V5036-141209)(OS:Linux2.6.32-696.18.7.el6.x86_64,PHP:5.5.17p1)
DEBUG	[2018-03-16 18:15:49:53] <19082> inipayhome:/home/hosting_users/ilearning3/www/inipay
DEBUG	[2018-03-16 18:15:49:53] <19082> type:chkfake
DEBUG	[2018-03-16 18:15:49:53] <19082> debug:true
DEBUG	[2018-03-16 18:15:49:53] <19082> enctype:asym
DEBUG	[2018-03-16 18:15:49:53] <19082> admin:1111
DEBUG	[2018-03-16 18:15:49:53] <19082> checkopt:false
DEBUG	[2018-03-16 18:15:49:53] <19082> mid:obmms20151
DEBUG	[2018-03-16 18:15:49:53] <19082> price:9900
DEBUG	[2018-03-16 18:15:49:53] <19082> nointerest:no
DEBUG	[2018-03-16 18:15:49:53] <19082> quotabase:선택:일시불:2개월:3개월:6개월
INFO	[2018-03-16 18:15:49:53] <19082> Check Field OK
INFO	[2018-03-16 18:15:49:130] <19082> MERCHANT PRIV KEY LOAD OK
INFO	[2018-03-16 18:15:49:206] <19082> MERCHANT PUB KEY LOAD OK []
INFO	[2018-03-16 18:15:49:226] <19082> CHKFAKE KEY MAKE OK:MjAxODAzMTYxODE1NDkyMDY1MTE5MQ==

INFO	[2018-03-16 18:15:49:226] <19082> END chkfake  Laptime:[0.173sec]
INFO	[2018-03-16 18:15:49:226] <19082> ===============================================================
INFO	[2018-03-16 18:16:06:789] <13663> START INIPHP chkfake (V5036-141209)(OS:Linux2.6.32-696.18.7.el6.x86_64,PHP:5.5.17p1)
DEBUG	[2018-03-16 18:16:06:789] <13663> inipayhome:/home/hosting_users/ilearning3/www/inipay
DEBUG	[2018-03-16 18:16:06:789] <13663> type:chkfake
DEBUG	[2018-03-16 18:16:06:789] <13663> debug:true
DEBUG	[2018-03-16 18:16:06:789] <13663> enctype:asym
DEBUG	[2018-03-16 18:16:06:789] <13663> admin:1111
DEBUG	[2018-03-16 18:16:06:789] <13663> checkopt:false
DEBUG	[2018-03-16 18:16:06:789] <13663> mid:obmms20151
DEBUG	[2018-03-16 18:16:06:789] <13663> price:9900
DEBUG	[2018-03-16 18:16:06:789] <13663> nointerest:no
DEBUG	[2018-03-16 18:16:06:789] <13663> quotabase:선택:일시불:2개월:3개월:6개월
INFO	[2018-03-16 18:16:06:789] <13663> Check Field OK
INFO	[2018-03-16 18:16:06:789] <13663> MERCHANT PRIV KEY LOAD OK
INFO	[2018-03-16 18:16:06:789] <13663> MERCHANT PUB KEY LOAD OK []
INFO	[2018-03-16 18:16:06:790] <13663> CHKFAKE KEY MAKE OK:MjAxODAzMTYxODE2MDY3ODk0NTY0NA==

INFO	[2018-03-16 18:16:06:790] <13663> END chkfake  Laptime:[0.001sec]
INFO	[2018-03-16 18:16:06:790] <13663> ===============================================================
INFO	[2018-03-16 18:17:55:3] <16157> START INIPHP chkfake (V5036-141209)(OS:Linux2.6.32-696.18.7.el6.x86_64,PHP:5.5.17p1)
DEBUG	[2018-03-16 18:17:55:3] <16157> inipayhome:/home/hosting_users/ilearning3/www/inipay
DEBUG	[2018-03-16 18:17:55:3] <16157> type:chkfake
DEBUG	[2018-03-16 18:17:55:3] <16157> debug:true
DEBUG	[2018-03-16 18:17:55:3] <16157> enctype:asym
DEBUG	[2018-03-16 18:17:55:3] <16157> admin:1111
DEBUG	[2018-03-16 18:17:55:3] <16157> checkopt:false
DEBUG	[2018-03-16 18:17:55:3] <16157> mid:obmms20151
DEBUG	[2018-03-16 18:17:55:3] <16157> price:9900
DEBUG	[2018-03-16 18:17:55:3] <16157> nointerest:no
DEBUG	[2018-03-16 18:17:55:3] <16157> quotabase:선택:일시불:2개월:3개월:6개월
INFO	[2018-03-16 18:17:55:4] <16157> Check Field OK
INFO	[2018-03-16 18:17:55:4] <16157> MERCHANT PRIV KEY LOAD OK
INFO	[2018-03-16 18:17:55:4] <16157> MERCHANT PUB KEY LOAD OK []
INFO	[2018-03-16 18:17:55:5] <16157> CHKFAKE KEY MAKE OK:MjAxODAzMTYxODE3NTUwMDQxMDM0OA==

INFO	[2018-03-16 18:17:55:5] <16157> END chkfake  Laptime:[0.001sec]
INFO	[2018-03-16 18:17:55:5] <16157> ===============================================================
INFO	[2018-03-16 18:18:24:153] <32511> START INIPHP chkfake (V5036-141209)(OS:Linux2.6.32-696.18.7.el6.x86_64,PHP:5.5.17p1)
DEBUG	[2018-03-16 18:18:24:153] <32511> inipayhome:/home/hosting_users/ilearning3/www/inipay
DEBUG	[2018-03-16 18:18:24:153] <32511> type:chkfake
DEBUG	[2018-03-16 18:18:24:153] <32511> debug:true
DEBUG	[2018-03-16 18:18:24:153] <32511> enctype:asym
DEBUG	[2018-03-16 18:18:24:153] <32511> admin:1111
DEBUG	[2018-03-16 18:18:24:153] <32511> checkopt:false
DEBUG	[2018-03-16 18:18:24:153] <32511> mid:obmms20151
DEBUG	[2018-03-16 18:18:24:153] <32511> price:9900
DEBUG	[2018-03-16 18:18:24:153] <32511> nointerest:no
DEBUG	[2018-03-16 18:18:24:153] <32511> quotabase:선택:일시불:2개월:3개월:6개월
INFO	[2018-03-16 18:18:24:153] <32511> Check Field OK
INFO	[2018-03-16 18:18:24:153] <32511> MERCHANT PRIV KEY LOAD OK
INFO	[2018-03-16 18:18:24:154] <32511> MERCHANT PUB KEY LOAD OK []
INFO	[2018-03-16 18:18:24:154] <32511> CHKFAKE KEY MAKE OK:MjAxODAzMTYxODE4MjQxNTQ5ODg0OA==

INFO	[2018-03-16 18:18:24:154] <32511> END chkfake  Laptime:[0.001sec]
INFO	[2018-03-16 18:18:24:154] <32511> ===============================================================
INFO	[2018-03-16 18:19:12:948] <32511> START INIPHP chkfake (V5036-141209)(OS:Linux2.6.32-696.18.7.el6.x86_64,PHP:5.5.17p1)
DEBUG	[2018-03-16 18:19:12:948] <32511> inipayhome:/home/hosting_users/ilearning3/www/inipay
DEBUG	[2018-03-16 18:19:12:948] <32511> type:chkfake
DEBUG	[2018-03-16 18:19:12:948] <32511> debug:true
DEBUG	[2018-03-16 18:19:12:948] <32511> enctype:asym
DEBUG	[2018-03-16 18:19:12:948] <32511> admin:1111
DEBUG	[2018-03-16 18:19:12:948] <32511> checkopt:false
DEBUG	[2018-03-16 18:19:12:948] <32511> mid:obmms20151
DEBUG	[2018-03-16 18:19:12:948] <32511> price:9900
DEBUG	[2018-03-16 18:19:12:948] <32511> nointerest:no
DEBUG	[2018-03-16 18:19:12:948] <32511> quotabase:선택:일시불:2개월:3개월:6개월
INFO	[2018-03-16 18:19:12:948] <32511> Check Field OK
INFO	[2018-03-16 18:19:12:948] <32511> MERCHANT PRIV KEY LOAD OK
INFO	[2018-03-16 18:19:12:948] <32511> MERCHANT PUB KEY LOAD OK []
INFO	[2018-03-16 18:19:12:949] <32511> CHKFAKE KEY MAKE OK:MjAxODAzMTYxODE5MTI5NDgzMDAzMw==

INFO	[2018-03-16 18:19:12:949] <32511> END chkfake  Laptime:[0.001sec]
INFO	[2018-03-16 18:19:12:949] <32511> ===============================================================
INFO	[2018-03-16 18:19:32:404] <38213> START INIPHP chkfake (V5036-141209)(OS:Linux2.6.32-696.18.7.el6.x86_64,PHP:5.5.17p1)
DEBUG	[2018-03-16 18:19:32:404] <38213> inipayhome:/home/hosting_users/ilearning3/www/inipay
DEBUG	[2018-03-16 18:19:32:404] <38213> type:chkfake
DEBUG	[2018-03-16 18:19:32:404] <38213> debug:true
DEBUG	[2018-03-16 18:19:32:404] <38213> enctype:asym
DEBUG	[2018-03-16 18:19:32:404] <38213> admin:1111
DEBUG	[2018-03-16 18:19:32:404] <38213> checkopt:false
DEBUG	[2018-03-16 18:19:32:404] <38213> mid:obmms20151
DEBUG	[2018-03-16 18:19:32:404] <38213> price:9900
DEBUG	[2018-03-16 18:19:32:404] <38213> nointerest:no
DEBUG	[2018-03-16 18:19:32:404] <38213> quotabase:선택:일시불:2개월:3개월:6개월
INFO	[2018-03-16 18:19:32:404] <38213> Check Field OK
INFO	[2018-03-16 18:19:32:404] <38213> MERCHANT PRIV KEY LOAD OK
INFO	[2018-03-16 18:19:32:404] <38213> MERCHANT PUB KEY LOAD OK []
INFO	[2018-03-16 18:19:32:405] <38213> CHKFAKE KEY MAKE OK:MjAxODAzMTYxODE5MzI0MDQ1NDAxMA==

INFO	[2018-03-16 18:19:32:405] <38213> END chkfake  Laptime:[0.001sec]
INFO	[2018-03-16 18:19:32:405] <38213> ===============================================================
INFO	[2018-03-16 18:19:55:166] <36025> START INIPHP chkfake (V5036-141209)(OS:Linux2.6.32-696.18.7.el6.x86_64,PHP:5.5.17p1)
DEBUG	[2018-03-16 18:19:55:166] <36025> inipayhome:/home/hosting_users/ilearning3/www/inipay
DEBUG	[2018-03-16 18:19:55:166] <36025> type:chkfake
DEBUG	[2018-03-16 18:19:55:166] <36025> debug:true
DEBUG	[2018-03-16 18:19:55:166] <36025> enctype:asym
DEBUG	[2018-03-16 18:19:55:166] <36025> admin:1111
DEBUG	[2018-03-16 18:19:55:166] <36025> checkopt:false
DEBUG	[2018-03-16 18:19:55:166] <36025> mid:obmms20151
DEBUG	[2018-03-16 18:19:55:166] <36025> price:9900
DEBUG	[2018-03-16 18:19:55:166] <36025> nointerest:no
DEBUG	[2018-03-16 18:19:55:166] <36025> quotabase:선택:일시불:2개월:3개월:6개월
INFO	[2018-03-16 18:19:55:166] <36025> Check Field OK
INFO	[2018-03-16 18:19:55:166] <36025> MERCHANT PRIV KEY LOAD OK
INFO	[2018-03-16 18:19:55:167] <36025> MERCHANT PUB KEY LOAD OK []
INFO	[2018-03-16 18:19:55:167] <36025> CHKFAKE KEY MAKE OK:MjAxODAzMTYxODE5NTUxNjcxNjc4Mw==

INFO	[2018-03-16 18:19:55:167] <36025> END chkfake  Laptime:[0.001sec]
INFO	[2018-03-16 18:19:55:167] <36025> ===============================================================
INFO	[2018-03-16 18:20:26:927] <13650> START INIPHP chkfake (V5036-141209)(OS:Linux2.6.32-696.18.7.el6.x86_64,PHP:5.5.17p1)
DEBUG	[2018-03-16 18:20:26:927] <13650> inipayhome:/home/hosting_users/ilearning3/www/inipay
DEBUG	[2018-03-16 18:20:26:927] <13650> type:chkfake
DEBUG	[2018-03-16 18:20:26:927] <13650> debug:true
DEBUG	[2018-03-16 18:20:26:927] <13650> enctype:asym
DEBUG	[2018-03-16 18:20:26:927] <13650> admin:1111
DEBUG	[2018-03-16 18:20:26:927] <13650> checkopt:false
DEBUG	[2018-03-16 18:20:26:927] <13650> mid:obmms20151
DEBUG	[2018-03-16 18:20:26:927] <13650> price:9900
DEBUG	[2018-03-16 18:20:26:927] <13650> nointerest:no
DEBUG	[2018-03-16 18:20:26:927] <13650> quotabase:선택:일시불:2개월:3개월:6개월
INFO	[2018-03-16 18:20:26:927] <13650> Check Field OK
INFO	[2018-03-16 18:20:26:927] <13650> MERCHANT PRIV KEY LOAD OK
INFO	[2018-03-16 18:20:26:927] <13650> MERCHANT PUB KEY LOAD OK []
INFO	[2018-03-16 18:20:26:928] <13650> CHKFAKE KEY MAKE OK:MjAxODAzMTYxODIwMjY5MjczNjczNQ==

INFO	[2018-03-16 18:20:26:928] <13650> END chkfake  Laptime:[0.001sec]
INFO	[2018-03-16 18:20:26:928] <13650> ===============================================================
INFO	[2018-03-16 18:20:40:680] <16384> START INIPHP chkfake (V5036-141209)(OS:Linux2.6.32-696.18.7.el6.x86_64,PHP:5.5.17p1)
DEBUG	[2018-03-16 18:20:40:680] <16384> inipayhome:/home/hosting_users/ilearning3/www/inipay
DEBUG	[2018-03-16 18:20:40:680] <16384> type:chkfake
DEBUG	[2018-03-16 18:20:40:680] <16384> debug:true
DEBUG	[2018-03-16 18:20:40:680] <16384> enctype:asym
DEBUG	[2018-03-16 18:20:40:680] <16384> admin:1111
DEBUG	[2018-03-16 18:20:40:680] <16384> checkopt:false
DEBUG	[2018-03-16 18:20:40:680] <16384> mid:obmms20151
DEBUG	[2018-03-16 18:20:40:680] <16384> price:9900
DEBUG	[2018-03-16 18:20:40:680] <16384> nointerest:no
DEBUG	[2018-03-16 18:20:40:680] <16384> quotabase:선택:일시불:2개월:3개월:6개월
INFO	[2018-03-16 18:20:40:680] <16384> Check Field OK
INFO	[2018-03-16 18:20:40:681] <16384> MERCHANT PRIV KEY LOAD OK
INFO	[2018-03-16 18:20:40:681] <16384> MERCHANT PUB KEY LOAD OK []
INFO	[2018-03-16 18:20:40:681] <16384> CHKFAKE KEY MAKE OK:MjAxODAzMTYxODIwNDA2ODE2MTg4NA==

INFO	[2018-03-16 18:20:40:681] <16384> END chkfake  Laptime:[0.001sec]
INFO	[2018-03-16 18:20:40:681] <16384> ===============================================================
INFO	[2018-03-16 18:22:08:197] <137435> START INIPHP chkfake (V5036-141209)(OS:Linux2.6.32-696.18.7.el6.x86_64,PHP:5.5.17p1)
DEBUG	[2018-03-16 18:22:08:197] <137435> inipayhome:/home/hosting_users/ilearning3/www/inipay
DEBUG	[2018-03-16 18:22:08:197] <137435> type:chkfake
DEBUG	[2018-03-16 18:22:08:197] <137435> debug:true
DEBUG	[2018-03-16 18:22:08:197] <137435> enctype:asym
DEBUG	[2018-03-16 18:22:08:197] <137435> admin:1111
DEBUG	[2018-03-16 18:22:08:197] <137435> checkopt:false
DEBUG	[2018-03-16 18:22:08:197] <137435> mid:obmms20151
DEBUG	[2018-03-16 18:22:08:197] <137435> price:9900
DEBUG	[2018-03-16 18:22:08:197] <137435> nointerest:no
DEBUG	[2018-03-16 18:22:08:197] <137435> quotabase:선택:일시불:2개월:3개월:6개월
INFO	[2018-03-16 18:22:08:197] <137435> Check Field OK
INFO	[2018-03-16 18:22:08:197] <137435> MERCHANT PRIV KEY LOAD OK
INFO	[2018-03-16 18:22:08:197] <137435> MERCHANT PUB KEY LOAD OK []
INFO	[2018-03-16 18:22:08:198] <137435> CHKFAKE KEY MAKE OK:MjAxODAzMTYxODIyMDgxOTc5MzM2Mw==

INFO	[2018-03-16 18:22:08:198] <137435> END chkfake  Laptime:[0.001sec]
INFO	[2018-03-16 18:22:08:198] <137435> ===============================================================
INFO	[2018-03-16 18:59:22:856] <14061> START INIPHP chkfake (V5036-141209)(OS:Linux2.6.32-696.18.7.el6.x86_64,PHP:5.5.17p1)
DEBUG	[2018-03-16 18:59:22:856] <14061> inipayhome:/home/hosting_users/ilearning3/www/inipay
DEBUG	[2018-03-16 18:59:22:856] <14061> type:chkfake
DEBUG	[2018-03-16 18:59:22:856] <14061> debug:true
DEBUG	[2018-03-16 18:59:22:856] <14061> enctype:asym
DEBUG	[2018-03-16 18:59:22:856] <14061> admin:1111
DEBUG	[2018-03-16 18:59:22:856] <14061> checkopt:false
DEBUG	[2018-03-16 18:59:22:856] <14061> mid:obmms20151
DEBUG	[2018-03-16 18:59:22:856] <14061> price:9900
DEBUG	[2018-03-16 18:59:22:856] <14061> nointerest:no
DEBUG	[2018-03-16 18:59:22:856] <14061> quotabase:선택:일시불:2개월:3개월:6개월
INFO	[2018-03-16 18:59:22:856] <14061> Check Field OK
INFO	[2018-03-16 18:59:22:856] <14061> MERCHANT PRIV KEY LOAD OK
INFO	[2018-03-16 18:59:22:857] <14061> MERCHANT PUB KEY LOAD OK []
INFO	[2018-03-16 18:59:22:857] <14061> CHKFAKE KEY MAKE OK:MjAxODAzMTYxODU5MjI4NTc3NjE4Mg==

INFO	[2018-03-16 18:59:22:857] <14061> END chkfake  Laptime:[0.001sec]
INFO	[2018-03-16 18:59:22:857] <14061> ===============================================================
