INFO	[2019-04-23 20:16:23:168] <29781> START INIPHP chkfake (V5036-141209)(OS:Linux2.6.18-274.3.1.el5,PHP:5.2.9)
DEBUG	[2019-04-23 20:16:23:168] <29781> inipayhome:/home/ilearning3/www/inipay
DEBUG	[2019-04-23 20:16:23:168] <29781> type:chkfake
DEBUG	[2019-04-23 20:16:23:168] <29781> debug:true
DEBUG	[2019-04-23 20:16:23:168] <29781> enctype:asym
DEBUG	[2019-04-23 20:16:23:168] <29781> admin:1111
DEBUG	[2019-04-23 20:16:23:168] <29781> checkopt:false
DEBUG	[2019-04-23 20:16:23:168] <29781> mid:obmms20151
DEBUG	[2019-04-23 20:16:23:168] <29781> price:11000
DEBUG	[2019-04-23 20:16:23:168] <29781> nointerest:no
DEBUG	[2019-04-23 20:16:23:168] <29781> quotabase:일시불
INFO	[2019-04-23 20:16:23:169] <29781> Check Field OK
INFO	[2019-04-23 20:16:23:169] <29781> MERCHANT PRIV KEY LOAD OK
INFO	[2019-04-23 20:16:23:169] <29781> MERCHANT PUB KEY LOAD OK []
INFO	[2019-04-23 20:16:23:170] <29781> CHKFAKE KEY MAKE OK:MjAxOTA0MjMyMDE2MjMxNjkyMTI5MQ==

INFO	[2019-04-23 20:16:23:170] <29781> END chkfake  Laptime:[0sec]
INFO	[2019-04-23 20:16:23:171] <29781> ===============================================================
INFO	[2019-04-23 20:20:32:907] <5466> START INIPHP chkfake (V5036-141209)(OS:Linux2.6.18-274.3.1.el5,PHP:5.2.9)
DEBUG	[2019-04-23 20:20:32:907] <5466> inipayhome:/home/ilearning3/www/inipay
DEBUG	[2019-04-23 20:20:32:907] <5466> type:chkfake
DEBUG	[2019-04-23 20:20:32:907] <5466> debug:true
DEBUG	[2019-04-23 20:20:32:907] <5466> enctype:asym
DEBUG	[2019-04-23 20:20:32:907] <5466> admin:1111
DEBUG	[2019-04-23 20:20:32:907] <5466> checkopt:false
DEBUG	[2019-04-23 20:20:32:907] <5466> mid:obmms20151
DEBUG	[2019-04-23 20:20:32:907] <5466> price:11000
DEBUG	[2019-04-23 20:20:32:907] <5466> nointerest:no
DEBUG	[2019-04-23 20:20:32:907] <5466> quotabase:일시불
INFO	[2019-04-23 20:20:32:907] <5466> Check Field OK
INFO	[2019-04-23 20:20:32:907] <5466> MERCHANT PRIV KEY LOAD OK
INFO	[2019-04-23 20:20:32:907] <5466> MERCHANT PUB KEY LOAD OK []
INFO	[2019-04-23 20:20:32:909] <5466> CHKFAKE KEY MAKE OK:MjAxOTA0MjMyMDIwMzI5MDczNjU4OA==

INFO	[2019-04-23 20:20:32:909] <5466> END chkfake  Laptime:[0sec]
INFO	[2019-04-23 20:20:32:909] <5466> ===============================================================
INFO	[2019-04-23 20:20:54:557] <27082> START INIPHP chkfake (V5036-141209)(OS:Linux2.6.18-274.3.1.el5,PHP:5.2.9)
DEBUG	[2019-04-23 20:20:54:557] <27082> inipayhome:/home/ilearning3/www/inipay
DEBUG	[2019-04-23 20:20:54:557] <27082> type:chkfake
DEBUG	[2019-04-23 20:20:54:557] <27082> debug:true
DEBUG	[2019-04-23 20:20:54:557] <27082> enctype:asym
DEBUG	[2019-04-23 20:20:54:557] <27082> admin:1111
DEBUG	[2019-04-23 20:20:54:557] <27082> checkopt:false
DEBUG	[2019-04-23 20:20:54:557] <27082> mid:obmms20151
DEBUG	[2019-04-23 20:20:54:557] <27082> price:11000
DEBUG	[2019-04-23 20:20:54:557] <27082> nointerest:no
DEBUG	[2019-04-23 20:20:54:557] <27082> quotabase:일시불
INFO	[2019-04-23 20:20:54:557] <27082> Check Field OK
INFO	[2019-04-23 20:20:54:557] <27082> MERCHANT PRIV KEY LOAD OK
INFO	[2019-04-23 20:20:54:558] <27082> MERCHANT PUB KEY LOAD OK []
INFO	[2019-04-23 20:20:54:560] <27082> CHKFAKE KEY MAKE OK:MjAxOTA0MjMyMDIwNTQ1NTg5NTAzOQ==

INFO	[2019-04-23 20:20:54:560] <27082> END chkfake  Laptime:[0sec]
INFO	[2019-04-23 20:20:54:561] <27082> ===============================================================
