INFO	[2018-06-01 16:10:31:448] <88300> START INIPHP chkfake (V5036-141209)(OS:Linux2.6.32-696.18.7.el6.x86_64,PHP:5.5.17p1)
DEBUG	[2018-06-01 16:10:31:448] <88300> inipayhome:/home/hosting_users/ilearning3/www/inipay
DEBUG	[2018-06-01 16:10:31:448] <88300> type:chkfake
DEBUG	[2018-06-01 16:10:31:448] <88300> debug:true
DEBUG	[2018-06-01 16:10:31:448] <88300> enctype:asym
DEBUG	[2018-06-01 16:10:31:448] <88300> admin:1111
DEBUG	[2018-06-01 16:10:31:448] <88300> checkopt:false
DEBUG	[2018-06-01 16:10:31:448] <88300> mid:obmms20151
DEBUG	[2018-06-01 16:10:31:448] <88300> price:9900
DEBUG	[2018-06-01 16:10:31:448] <88300> nointerest:no
DEBUG	[2018-06-01 16:10:31:448] <88300> quotabase:선택:일시불:2개월:3개월:6개월
INFO	[2018-06-01 16:10:31:448] <88300> Check Field OK
INFO	[2018-06-01 16:10:31:534] <88300> MERCHANT PRIV KEY LOAD OK
INFO	[2018-06-01 16:10:31:637] <88300> MERCHANT PUB KEY LOAD OK []
INFO	[2018-06-01 16:10:31:647] <88300> CHKFAKE KEY MAKE OK:MjAxODA2MDExNjEwMzE2MzcxMjk0MA==

INFO	[2018-06-01 16:10:31:647] <88300> END chkfake  Laptime:[0.199sec]
INFO	[2018-06-01 16:10:31:647] <88300> ===============================================================
INFO	[2018-06-01 16:10:44:912] <87952> START INIPHP chkfake (V5036-141209)(OS:Linux2.6.32-696.18.7.el6.x86_64,PHP:5.5.17p1)
DEBUG	[2018-06-01 16:10:44:912] <87952> inipayhome:/home/hosting_users/ilearning3/www/inipay
DEBUG	[2018-06-01 16:10:44:912] <87952> type:chkfake
DEBUG	[2018-06-01 16:10:44:912] <87952> debug:true
DEBUG	[2018-06-01 16:10:44:912] <87952> enctype:asym
DEBUG	[2018-06-01 16:10:44:912] <87952> admin:1111
DEBUG	[2018-06-01 16:10:44:912] <87952> checkopt:false
DEBUG	[2018-06-01 16:10:44:912] <87952> mid:obmms20151
DEBUG	[2018-06-01 16:10:44:912] <87952> price:9900
DEBUG	[2018-06-01 16:10:44:912] <87952> nointerest:no
DEBUG	[2018-06-01 16:10:44:912] <87952> quotabase:선택:일시불:2개월:3개월:6개월
INFO	[2018-06-01 16:10:44:912] <87952> Check Field OK
INFO	[2018-06-01 16:10:44:912] <87952> MERCHANT PRIV KEY LOAD OK
INFO	[2018-06-01 16:10:44:912] <87952> MERCHANT PUB KEY LOAD OK []
INFO	[2018-06-01 16:10:44:913] <87952> CHKFAKE KEY MAKE OK:MjAxODA2MDExNjEwNDQ5MTI5MTUwNA==

INFO	[2018-06-01 16:10:44:913] <87952> END chkfake  Laptime:[0.001sec]
INFO	[2018-06-01 16:10:44:913] <87952> ===============================================================
INFO	[2018-06-01 16:11:16:709] <87149> START INIPHP chkfake (V5036-141209)(OS:Linux2.6.32-696.18.7.el6.x86_64,PHP:5.5.17p1)
DEBUG	[2018-06-01 16:11:16:709] <87149> inipayhome:/home/hosting_users/ilearning3/www/inipay
DEBUG	[2018-06-01 16:11:16:709] <87149> type:chkfake
DEBUG	[2018-06-01 16:11:16:709] <87149> debug:true
DEBUG	[2018-06-01 16:11:16:709] <87149> enctype:asym
DEBUG	[2018-06-01 16:11:16:709] <87149> admin:1111
DEBUG	[2018-06-01 16:11:16:709] <87149> checkopt:false
DEBUG	[2018-06-01 16:11:16:709] <87149> mid:obmms20151
DEBUG	[2018-06-01 16:11:16:709] <87149> price:9900
DEBUG	[2018-06-01 16:11:16:709] <87149> nointerest:no
DEBUG	[2018-06-01 16:11:16:709] <87149> quotabase:선택:일시불:2개월:3개월:6개월
INFO	[2018-06-01 16:11:16:709] <87149> Check Field OK
INFO	[2018-06-01 16:11:16:709] <87149> MERCHANT PRIV KEY LOAD OK
INFO	[2018-06-01 16:11:16:710] <87149> MERCHANT PUB KEY LOAD OK []
INFO	[2018-06-01 16:11:16:710] <87149> CHKFAKE KEY MAKE OK:MjAxODA2MDExNjExMTY3MTA2NjE0Mg==

INFO	[2018-06-01 16:11:16:710] <87149> END chkfake  Laptime:[0.001sec]
INFO	[2018-06-01 16:11:16:710] <87149> ===============================================================
INFO	[2018-06-01 16:11:47:457] <86995> START INIPHP chkfake (V5036-141209)(OS:Linux2.6.32-696.18.7.el6.x86_64,PHP:5.5.17p1)
DEBUG	[2018-06-01 16:11:47:457] <86995> inipayhome:/home/hosting_users/ilearning3/www/inipay
DEBUG	[2018-06-01 16:11:47:457] <86995> type:chkfake
DEBUG	[2018-06-01 16:11:47:457] <86995> debug:true
DEBUG	[2018-06-01 16:11:47:457] <86995> enctype:asym
DEBUG	[2018-06-01 16:11:47:457] <86995> admin:1111
DEBUG	[2018-06-01 16:11:47:457] <86995> checkopt:false
DEBUG	[2018-06-01 16:11:47:457] <86995> mid:obmms20151
DEBUG	[2018-06-01 16:11:47:457] <86995> price:9900
DEBUG	[2018-06-01 16:11:47:457] <86995> nointerest:no
DEBUG	[2018-06-01 16:11:47:457] <86995> quotabase:선택:일시불:2개월:3개월:6개월
INFO	[2018-06-01 16:11:47:457] <86995> Check Field OK
INFO	[2018-06-01 16:11:47:458] <86995> MERCHANT PRIV KEY LOAD OK
INFO	[2018-06-01 16:11:47:458] <86995> MERCHANT PUB KEY LOAD OK []
INFO	[2018-06-01 16:11:47:458] <86995> CHKFAKE KEY MAKE OK:MjAxODA2MDExNjExNDc0NTg5MzU0MQ==

INFO	[2018-06-01 16:11:47:458] <86995> END chkfake  Laptime:[0.001sec]
INFO	[2018-06-01 16:11:47:458] <86995> ===============================================================
INFO	[2018-06-01 16:17:49:880] <87938> START INIPHP chkfake (V5036-141209)(OS:Linux2.6.32-696.18.7.el6.x86_64,PHP:5.5.17p1)
DEBUG	[2018-06-01 16:17:49:880] <87938> inipayhome:/home/hosting_users/ilearning3/www/inipay
DEBUG	[2018-06-01 16:17:49:880] <87938> type:chkfake
DEBUG	[2018-06-01 16:17:49:880] <87938> debug:true
DEBUG	[2018-06-01 16:17:49:880] <87938> enctype:asym
DEBUG	[2018-06-01 16:17:49:880] <87938> admin:1111
DEBUG	[2018-06-01 16:17:49:880] <87938> checkopt:false
DEBUG	[2018-06-01 16:17:49:880] <87938> mid:obmms20151
DEBUG	[2018-06-01 16:17:49:880] <87938> price:9900
DEBUG	[2018-06-01 16:17:49:880] <87938> nointerest:no
DEBUG	[2018-06-01 16:17:49:880] <87938> quotabase:선택:일시불:2개월:3개월:6개월
INFO	[2018-06-01 16:17:49:880] <87938> Check Field OK
INFO	[2018-06-01 16:17:49:880] <87938> MERCHANT PRIV KEY LOAD OK
INFO	[2018-06-01 16:17:49:881] <87938> MERCHANT PUB KEY LOAD OK []
INFO	[2018-06-01 16:17:49:881] <87938> CHKFAKE KEY MAKE OK:MjAxODA2MDExNjE3NDk4ODE5NjYxOQ==

INFO	[2018-06-01 16:17:49:881] <87938> END chkfake  Laptime:[0.001sec]
INFO	[2018-06-01 16:17:49:881] <87938> ===============================================================
INFO	[2018-06-01 16:24:56:559] <99036> START INIPHP chkfake (V5036-141209)(OS:Linux2.6.32-696.18.7.el6.x86_64,PHP:5.5.17p1)
DEBUG	[2018-06-01 16:24:56:559] <99036> inipayhome:/home/hosting_users/ilearning3/www/inipay
DEBUG	[2018-06-01 16:24:56:559] <99036> type:chkfake
DEBUG	[2018-06-01 16:24:56:559] <99036> debug:true
DEBUG	[2018-06-01 16:24:56:559] <99036> enctype:asym
DEBUG	[2018-06-01 16:24:56:559] <99036> admin:1111
DEBUG	[2018-06-01 16:24:56:559] <99036> checkopt:false
DEBUG	[2018-06-01 16:24:56:559] <99036> mid:obmms20151
DEBUG	[2018-06-01 16:24:56:559] <99036> price:9900
DEBUG	[2018-06-01 16:24:56:559] <99036> nointerest:no
DEBUG	[2018-06-01 16:24:56:559] <99036> quotabase:선택:일시불:2개월:3개월:6개월
INFO	[2018-06-01 16:24:56:559] <99036> Check Field OK
INFO	[2018-06-01 16:24:56:560] <99036> MERCHANT PRIV KEY LOAD OK
INFO	[2018-06-01 16:24:56:560] <99036> MERCHANT PUB KEY LOAD OK []
INFO	[2018-06-01 16:24:56:560] <99036> CHKFAKE KEY MAKE OK:MjAxODA2MDExNjI0NTY1NjA4NjAzOA==

INFO	[2018-06-01 16:24:56:560] <99036> END chkfake  Laptime:[0.001sec]
INFO	[2018-06-01 16:24:56:560] <99036> ===============================================================
