INFO	[2019-11-03 17:54:54:384] <12515> START INIPHP chkfake (V5036-141209)(OS:Linux2.6.18-274.3.1.el5,PHP:5.2.9)
DEBUG	[2019-11-03 17:54:54:398] <12515> inipayhome:/home/ilearning3/www/inipay
DEBUG	[2019-11-03 17:54:54:398] <12515> type:chkfake
DEBUG	[2019-11-03 17:54:54:398] <12515> debug:true
DEBUG	[2019-11-03 17:54:54:398] <12515> enctype:asym
DEBUG	[2019-11-03 17:54:54:398] <12515> admin:1111
DEBUG	[2019-11-03 17:54:54:398] <12515> checkopt:false
DEBUG	[2019-11-03 17:54:54:398] <12515> mid:obmms20151
DEBUG	[2019-11-03 17:54:54:398] <12515> price:550000
DEBUG	[2019-11-03 17:54:54:398] <12515> nointerest:no
DEBUG	[2019-11-03 17:54:54:398] <12515> quotabase:일시불:2개월:3개월:6개월:12개월
INFO	[2019-11-03 17:54:54:399] <12515> Check Field OK
INFO	[2019-11-03 17:54:54:441] <12515> MERCHANT PRIV KEY LOAD OK
INFO	[2019-11-03 17:54:54:471] <12515> MERCHANT PUB KEY LOAD OK []
INFO	[2019-11-03 17:54:54:487] <12515> CHKFAKE KEY MAKE OK:MjAxOTExMDMxNzU0NTQ0NzE4MjA0MQ==

INFO	[2019-11-03 17:54:54:487] <12515> END chkfake  Laptime:[0.11sec]
INFO	[2019-11-03 17:54:54:487] <12515> ===============================================================
INFO	[2019-11-03 17:56:42:172] <682> START INIPHP chkfake (V5036-141209)(OS:Linux2.6.18-274.3.1.el5,PHP:5.2.9)
DEBUG	[2019-11-03 17:56:42:173] <682> inipayhome:/home/ilearning3/www/inipay
DEBUG	[2019-11-03 17:56:42:173] <682> type:chkfake
DEBUG	[2019-11-03 17:56:42:173] <682> debug:true
DEBUG	[2019-11-03 17:56:42:173] <682> enctype:asym
DEBUG	[2019-11-03 17:56:42:173] <682> admin:1111
DEBUG	[2019-11-03 17:56:42:173] <682> checkopt:false
DEBUG	[2019-11-03 17:56:42:173] <682> mid:obmms20151
DEBUG	[2019-11-03 17:56:42:173] <682> price:550000
DEBUG	[2019-11-03 17:56:42:173] <682> nointerest:no
DEBUG	[2019-11-03 17:56:42:173] <682> quotabase:일시불:2개월:3개월:6개월:12개월
INFO	[2019-11-03 17:56:42:173] <682> Check Field OK
INFO	[2019-11-03 17:56:42:173] <682> MERCHANT PRIV KEY LOAD OK
INFO	[2019-11-03 17:56:42:173] <682> MERCHANT PUB KEY LOAD OK []
INFO	[2019-11-03 17:56:42:176] <682> CHKFAKE KEY MAKE OK:MjAxOTExMDMxNzU2NDIxNzQ5MjYyOA==

INFO	[2019-11-03 17:56:42:176] <682> END chkfake  Laptime:[0.01sec]
INFO	[2019-11-03 17:56:42:176] <682> ===============================================================
