INFO	[2018-09-06 13:27:35:701] <129015> START INIPHP chkfake (V5036-141209)(OS:Linux2.6.32-696.18.7.el6.x86_64,PHP:5.5.17p1)
DEBUG	[2018-09-06 13:27:35:701] <129015> inipayhome:/home/hosting_users/ilearning3/www/inipay
DEBUG	[2018-09-06 13:27:35:701] <129015> type:chkfake
DEBUG	[2018-09-06 13:27:35:701] <129015> debug:true
DEBUG	[2018-09-06 13:27:35:701] <129015> enctype:asym
DEBUG	[2018-09-06 13:27:35:701] <129015> admin:1111
DEBUG	[2018-09-06 13:27:35:701] <129015> checkopt:false
DEBUG	[2018-09-06 13:27:35:701] <129015> mid:obmms20151
DEBUG	[2018-09-06 13:27:35:701] <129015> price:11000
DEBUG	[2018-09-06 13:27:35:701] <129015> nointerest:no
DEBUG	[2018-09-06 13:27:35:701] <129015> quotabase:ÏùºÏãúÎ∂à
INFO	[2018-09-06 13:27:35:701] <129015> Check Field OK
INFO	[2018-09-06 13:27:35:736] <129015> MERCHANT PRIV KEY LOAD OK
INFO	[2018-09-06 13:27:35:756] <129015> MERCHANT PUB KEY LOAD OK []
INFO	[2018-09-06 13:27:35:757] <129015> CHKFAKE KEY MAKE OK:MjAxODA5MDYxMzI3MzU3NTYzODQyMg==

INFO	[2018-09-06 13:27:35:758] <129015> END chkfake  Laptime:[0.059sec]
INFO	[2018-09-06 13:27:35:758] <129015> ===============================================================
INFO	[2018-09-06 13:28:00:21] <129015> START INIPHP chkfake (V5036-141209)(OS:Linux2.6.32-696.18.7.el6.x86_64,PHP:5.5.17p1)
DEBUG	[2018-09-06 13:28:00:21] <129015> inipayhome:/home/hosting_users/ilearning3/www/inipay
DEBUG	[2018-09-06 13:28:00:21] <129015> type:chkfake
DEBUG	[2018-09-06 13:28:00:21] <129015> debug:true
DEBUG	[2018-09-06 13:28:00:21] <129015> enctype:asym
DEBUG	[2018-09-06 13:28:00:21] <129015> admin:1111
DEBUG	[2018-09-06 13:28:00:21] <129015> checkopt:false
DEBUG	[2018-09-06 13:28:00:21] <129015> mid:obmms20151
DEBUG	[2018-09-06 13:28:00:21] <129015> price:11000
DEBUG	[2018-09-06 13:28:00:21] <129015> nointerest:no
DEBUG	[2018-09-06 13:28:00:21] <129015> quotabase:ÏùºÏãúÎ∂à
INFO	[2018-09-06 13:28:00:21] <129015> Check Field OK
INFO	[2018-09-06 13:28:00:21] <129015> MERCHANT PRIV KEY LOAD OK
INFO	[2018-09-06 13:28:00:21] <129015> MERCHANT PUB KEY LOAD OK []
INFO	[2018-09-06 13:28:00:22] <129015> CHKFAKE KEY MAKE OK:MjAxODA5MDYxMzI4MDAwMjE3NjEwMg==

INFO	[2018-09-06 13:28:00:22] <129015> END chkfake  Laptime:[0.001sec]
INFO	[2018-09-06 13:28:00:22] <129015> ===============================================================
INFO	[2018-09-06 13:29:28:784] <10339> START INIPHP chkfake (V5036-141209)(OS:Linux2.6.32-696.18.7.el6.x86_64,PHP:5.5.17p1)
DEBUG	[2018-09-06 13:29:28:784] <10339> inipayhome:/home/hosting_users/ilearning3/www/inipay
DEBUG	[2018-09-06 13:29:28:784] <10339> type:chkfake
DEBUG	[2018-09-06 13:29:28:784] <10339> debug:true
DEBUG	[2018-09-06 13:29:28:784] <10339> enctype:asym
DEBUG	[2018-09-06 13:29:28:784] <10339> admin:1111
DEBUG	[2018-09-06 13:29:28:784] <10339> checkopt:false
DEBUG	[2018-09-06 13:29:28:784] <10339> mid:obmms20151
DEBUG	[2018-09-06 13:29:28:784] <10339> price:11000
DEBUG	[2018-09-06 13:29:28:784] <10339> nointerest:no
DEBUG	[2018-09-06 13:29:28:784] <10339> quotabase:ÏùºÏãúÎ∂à
INFO	[2018-09-06 13:29:28:784] <10339> Check Field OK
INFO	[2018-09-06 13:29:28:785] <10339> MERCHANT PRIV KEY LOAD OK
INFO	[2018-09-06 13:29:28:785] <10339> MERCHANT PUB KEY LOAD OK []
INFO	[2018-09-06 13:29:28:786] <10339> CHKFAKE KEY MAKE OK:MjAxODA5MDYxMzI5Mjg3ODUxMzgxNg==

INFO	[2018-09-06 13:29:28:786] <10339> END chkfake  Laptime:[0.001sec]
INFO	[2018-09-06 13:29:28:786] <10339> ===============================================================
INFO	[2018-09-06 13:30:33:633] <143045> START INIPHP securepay (V5036-141209)(OS:Linux2.6.32-696.18.7.el6.x86_64,PHP:5.5.17p1)
DEBUG	[2018-09-06 13:30:33:633] <143045> inipayhome:/home/hosting_users/ilearning3/www/inipay
DEBUG	[2018-09-06 13:30:33:633] <143045> type:securepay
DEBUG	[2018-09-06 13:30:33:633] <143045> pgid:INIphpISP_
DEBUG	[2018-09-06 13:30:33:633] <143045> subpgip:203.238.3.10
DEBUG	[2018-09-06 13:30:33:633] <143045> admin:1111
DEBUG	[2018-09-06 13:30:33:633] <143045> debug:true
DEBUG	[2018-09-06 13:30:33:633] <143045> uid:
DEBUG	[2018-09-06 13:30:33:633] <143045> goodname:ø¬∏Æø¯πÆ¿⁄ - 1∞≥ø˘±‚∞£ 
DEBUG	[2018-09-06 13:30:33:633] <143045> currency:WON
DEBUG	[2018-09-06 13:30:33:633] <143045> mid:obmms20151
DEBUG	[2018-09-06 13:30:33:633] <143045> rn:MjAxODA5MDYxMzI5Mjg3ODUxMzgxNg==

DEBUG	[2018-09-06 13:30:33:633] <143045> price:11000
DEBUG	[2018-09-06 13:30:33:633] <143045> enctype:
DEBUG	[2018-09-06 13:30:33:633] <143045> buyername:πŒº±æ∆
DEBUG	[2018-09-06 13:30:33:633] <143045> buyertel:010-9878-1143
DEBUG	[2018-09-06 13:30:33:633] <143045> buyeremail:edu365@culc.co.kr
DEBUG	[2018-09-06 13:30:33:633] <143045> paymethod:VCard
DEBUG	[2018-09-06 13:30:33:633] <143045> encrypted:Version=4.1&PayMethod=VCard&RsaKeyNum=1&EncryptionAlgorithm=NONE&SignAlgorithm=SHA1WithRSAEncryption&CertVer=39&moid=11707_180906012928&ver_trace=main(6109,6065)vcard(6115)card(6184,6158)n(6009)Cs(6025)Dt(6002)Pa(6002)Cf(6025)Fv(0000)La(6183)Re(6135)Vr(6008)P(6034)en(6070)&pg1=203.238.37.3&pg2=211.219.96.180&pg1ip=203.238.37.3&pg2ip=211.219.96.180&agreeflag=1111&rn=3/jEtW8/AEtd+gSA2N0XQpGFnOlxnAKW63QEeLWkizo=
&VCode=000100030406334&VQuota=00&VNoint=0&ip=172.16.0.82&mac=8C705ACC615C&cardpoint=9&custemail=edu365@culc.co.kr&price=4uDsrkVGcE8gjm3e9sgrB7OBpLxSv2re
&below1000=0&encisp=0&pgnoint=0&VKBPoint=&VSessionKey=e4ccO7o7kF5a2GJFWsokX7derdL1PL1R0gpaZYOH8zpS5LWPy0A4XYR6XhGZd5Lz%0d%0aVUYsoUZfuI1oblRAigtGeco4GRNQQDwlQJM27oIq13VU%2f5vXmFpRj55smzGdmRCD%0d%0aBow2u%2fiKRgsx5zZzCJ6Qy7pPnaevgGGTge5QjHRVe%2bI%3d%0d%0a&Data=Version%3d1.0%26KeyFlag%3d1%26KeyNum%3d1%26EncryptAlgorithm%3dSEED%2dCBC%26SignAlgorithm%3d%26Data%3do%252b8fXwYuZd4QCm%2fQU80VLQqZ%2fVDOIZWBee0GpFYf8qgY9tn2W9ybpq%252bAqux1TNQL%250aotpvcIPzqsxbDKRCetjedDtVwoMt%2fh1h03sQ9Zl%252bAkpjv9bdeZgs73sttkQ6UrQG%250a%26PubCert%3d%26PluginVer%3d5068%26eISPVer%3d2107&FDS_TransKey=A8E785AC4B244962A6B92F6051D7BCE9&FDS_SVCType=010100&FDS_CheckResult=T&KCare_Code=&KCare_Price=0&ts=180906133037fxoXBTcBZEvMdbiqy7DS1A006906&src_flg=0&OSv=IE11_Win7 6.01.7601 SP1 Professional_64B (GSCDN) (notray:J) [obmms20151] (61_secuni_npapi)&ip2=211.221.173.46
DEBUG	[2018-09-06 13:30:33:633] <143045> sessionkey:VCard
DEBUG	[2018-09-06 13:30:33:633] <143045> url:http://www.obmms.net
DEBUG	[2018-09-06 13:30:33:633] <143045> cardcode:11
DEBUG	[2018-09-06 13:30:33:633] <143045> parentemail:edu365@culc.co.kr
DEBUG	[2018-09-06 13:30:33:633] <143045> recvname:
DEBUG	[2018-09-06 13:30:33:633] <143045> recvtel:
DEBUG	[2018-09-06 13:30:33:633] <143045> recvaddr:
DEBUG	[2018-09-06 13:30:33:633] <143045> recvpostnum:
DEBUG	[2018-09-06 13:30:33:633] <143045> recvmsg:
DEBUG	[2018-09-06 13:30:33:633] <143045> joincard:
DEBUG	[2018-09-06 13:30:33:633] <143045> joinexpire:
DEBUG	[2018-09-06 13:30:33:633] <143045> id_customer:
INFO	[2018-09-06 13:30:33:633] <143045> Check Field OK
INFO	[2018-09-06 13:30:33:633] <143045> Make TID OK INIphpISP_obmms2015120180906133033335683
INFO	[2018-09-06 13:30:33:633] <143045> PI PUB KEY LOAD OK [39]
INFO	[2018-09-06 13:30:33:635] <143045> PG PUB KEY LOAD OK [30]
INFO	[2018-09-06 13:30:33:635] <143045> MERCHANT PRIV KEY LOAD OK
INFO	[2018-09-06 13:30:33:635] <143045> MERCHANT PUB KEY LOAD OK [0]
INFO	[2018-09-06 13:30:33:636] <143045> MAKE BODY OK
INFO	[2018-09-06 13:30:33:636] <143045> SIGN OK
INFO	[2018-09-06 13:30:33:636] <143045> MAKE HEAD OK
INFO	[2018-09-06 13:30:33:636] <143045> MSG_TO_PG:[0307300175R SHA1                   0                  39                  300200obmms20151               11000INIphpISP_obmms2015120180906133033335683<?xml version="1.0" encoding="UTF-8"?>
<INIpay>
	  <GoodsInfo>
	    <GoodsCnt>1</GoodsCnt>
	    <MOID/>
	    <Currency>WON</Currency>
	    <Tax/>
	    <TaxFree/>
	    <Goods>
	      <SMID>obmms20151</SMID>
	      <GoodsName urlencode="1">%BF%C2%B8%AE%BF%F8%B9%AE%C0%DA+-+1%B0%B3%BF%F9%B1%E2%B0%A3+</GoodsName>
	      <GoodsPrice>11000</GoodsPrice></Goods></GoodsInfo>
	  <BuyerInfo>
	    <BuyerName urlencode="1">%B9%CE%BC%B1%BE%C6</BuyerName>
	    <BuyerTel>010-9878-1143</BuyerTel>
	    <BuyerEmail urlencode="1">edu365%40culc.co.kr</BuyerEmail>
	    <ParentEmail urlencode="1">edu365%40culc.co.kr</ParentEmail>
	    <RecvName/>
	    <RecvTel/>
	    <RecvMsg/>
	    <RecvAddr/>
	    <RecvPostNum/></BuyerInfo>
	  <PaymentInfo>
	    <Payment>
	      <PayMethod>VCard</PayMethod>
	      <JoinCard/>
	      <JoinExpire/>
	      <MailOrder/>
	      <SessionKey>VCard</SessionKey>
	      <Encrypted urlencode="1">Version%3D4.1%26PayMethod%3DVCard%26RsaKeyNum%3D1%26EncryptionAlgorithm%3DNONE%26SignAlgorithm%3DSHA1WithRSAEncryption%26CertVer%3D39%26moid%3D11707_180906012928%26ver_trace%3Dmain%286109%2C6065%29vcard%286115%29card%286184%2C6158%29n%286009%29Cs%286025%29Dt%286002%29Pa%286002%29Cf%286025%29Fv%280000%29La%286183%29Re%286135%29Vr%286008%29P%286034%29en%286070%29%26pg1%3D203.238.37.3%26pg2%3D211.219.96.180%26pg1ip%3D203.238.37.3%26pg2ip%3D211.219.96.180%26agreeflag%3D1111%26rn%3D3%2FjEtW8%2FAEtd%2BgSA2N0XQpGFnOlxnAKW63QEeLWkizo%3D%0D%0A%26VCode%3D000100030406334%26VQuota%3D00%26VNoint%3D0%26ip%3D172.16.0.82%26mac%3D8C705ACC615C%26cardpoint%3D9%26custemail%3Dedu365%40culc.co.kr%26price%3D4uDsrkVGcE8gjm3e9sgrB7OBpLxSv2re%0D%0A%26below1000%3D0%26encisp%3D0%26pgnoint%3D0%26VKBPoint%3D%26VSessionKey%3De4ccO7o7kF5a2GJFWsokX7derdL1PL1R0gpaZYOH8zpS5LWPy0A4XYR6XhGZd5Lz%250d%250aVUYsoUZfuI1oblRAigtGeco4GRNQQDwlQJM27oIq13VU%252f5vXmFpRj55smzGdmRCD%250d%250aBow2u%252fiKRgsx5zZzCJ6Qy7pPnaevgGGTge5QjHRVe%252bI%253d%250d%250a%26Data%3DVersion%253d1.0%2526KeyFlag%253d1%2526KeyNum%253d1%2526EncryptAlgorithm%253dSEED%252dCBC%2526SignAlgorithm%253d%2526Data%253do%25252b8fXwYuZd4QCm%252fQU80VLQqZ%252fVDOIZWBee0GpFYf8qgY9tn2W9ybpq%25252bAqux1TNQL%25250aotpvcIPzqsxbDKRCetjedDtVwoMt%252fh1h03sQ9Zl%25252bAkpjv9bdeZgs73sttkQ6UrQG%25250a%2526PubCert%253d%2526PluginVer%253d5068%2526eISPVer%253d2107%26FDS_TransKey%3DA8E785AC4B244962A6B92F6051D7BCE9%26FDS_SVCType%3D010100%26FDS_CheckResult%3DT%26KCare_Code%3D%26KCare_Price%3D0%26ts%3D180906133037fxoXBTcBZEvMdbiqy7DS1A006906%26src_flg%3D0%26OSv%3DIE11_Win7+6.01.7601+SP1+Professional_64B+%28GSCDN%29+%28notray%3AJ%29+%5Bobmms20151%5D+%2861_secuni_npapi%29%26ip2%3D211.221.173.46</Encrypted></Payment></PaymentInfo>
	  <ReservedInfo>
	    <MReserved1/>
	    <MReserved2/>
	    <MReserved3/></ReservedInfo>
	  <ManageInfo>
	    <Language/>
	    <URL urlencode="1">http%3A%2F%2Fwww.obmms.net</URL>
	    <TXVersion>5036B141209securLinux     PHPchkfake   2.6.32-696.18.7.el6.x86_64PHP:</TXVersion>
	    <TXUserID/>
	    <TXRegNum/>
	    <Ack>1</Ack>
	    <TXRN>MjAxODA5MDYxMzI5Mjg3ODUxMzgxNg==
</TXRN></ManageInfo></INIpay>AGbqIwsXptiaoQAfXkQCUYcFbD8i2gqL5fPsXafd3dj04Dx4oUJfGeAZSfyjEORd
+NlPgIxThPTOKquLTBW2Aa33hQt4SWt6/xvar7Z/fZnKXtkIFJVNkANJex668Lr5
DVBhGrstLw/DXxi0Ti+LMg1CZ4yoyrJh42uRb6x3R6Oz
]
INFO	[2018-09-06 13:30:33:706] <143045> DNS LOOKUP OK(203.238.37.3:203.238.37.3:34049) laptime:0
INFO	[2018-09-06 13:30:33:707] <143045> SOCKET CONNECT OK
INFO	[2018-09-06 13:30:33:707] <143045> SEND OK
INFO	[2018-09-06 13:30:35:335] <143045> RECV OK
INFO	[2018-09-06 13:30:35:335] <143045> MSG_FROM_PG:[0282100175D SHA1                   0                  39                  300210obmms20151               11000INIphpISP_obmms2015120180906133033335683<?xml version="1.0" encoding="UTF-8"?>
<INIpay>
  <GoodsInfo>
    <GoodsCnt>1</GoodsCnt>
    <MOID urlencode="1">11707_180906012928</MOID>
    <Currency>WON</Currency>
    <Goods no="1">
      <SMID>obmms20151</SMID>
      <GoodsName urlencode="1">%BF%C2%B8%AE%BF%F8%B9%AE%C0%DA+-+1%B0%B3%BF%F9%B1%E2%B0%A3+</GoodsName>
      <GoodsCntS>1</GoodsCntS>
      <GoodsPrice>11000</GoodsPrice>
    </Goods>
  </GoodsInfo>
  <PaymentInfo>
    <Payment>
      <SessionKey>ABOuah2MiapnwqKvTu08k1xw/HYfip24Y4sO+WKiT89snJOSLgkfyt7LDUey8ZZe
VsTqBxLIF6m/HHw10ZZ4l5Eeef+Bg/uxmmJN0ibsi9G8zIFv9J5pNV31w4BwsUhY
zyXhU56p/ixxcF7W5HOxvIZF6rBOy1FKl3HKsa+xkBeQvy3No9pabTg=
</SessionKey>
      <Encrypted>vLH2BjMTKL+grOsjIcJGb/9ETpWpJUl8814BRR8mOls6xwlKGscbDHC0lRhIHlyt
+V+HN09z30H0U70ZNOl+myAYzKRHBooxZWP647KwpXK66zcu2Iae6JXX5cpuoM4s
rCTTMqcwqqi0v80iB0lQlC3ZqeaLVOr2XyP/v6XdvhBKkti7na/yOqh3fcMlFzXH
kQ/QbulyNesuMUYu0wUpfxldncq5jOxkLGRuxrlVfCHUginNneS2lpqyuOSpsGHA
Sw7/TW64AzVEvmB7k48XLs90xs2gfEl7Ou5TqFkHBXdXMtIOJkT7hULWjawLzio8
aavjnh6CT4PUsrSXvi2zKxx8DgMPuzAPXBUBrfL/7o8+4+bS4v1nUmmMiCm7WPjJ
f8qtHde4PAWlF/LcAxODIvA1mHvmbT4kf5q01RsOr73dUSJXPIIG6e4IwLqZMT8X
kS/T3AyCWGL34YO2lAV60n3c7B9Ja9RpQNjPqidI6jlvWkRfyo/7pDpAtJbKblhc
sh6n+gU++y03n8cJ6W81i2ErZ5ACx8GO3Gw/5gxrSMXKuh0E20OK6eZncQkWCMBe
wpY/eiVSxSuprKI0rTl/IXtGZ2SppAsDfU62I+sWsgQITSG5cPkNyINUOHyfAlVm
K+Yogkpo0CbrCDbgyEWACixYfYjzSIMNznc2HvmC/DvHjpawpdhFIDk+/eSe6jzI
U8zSJFoQy6+pYIinDPYNVHsnSHuDAadCwUSunbSjz4iTAIiWyPMxnJwjEHzX/RFE
hbJMZNlzO7tL27quWNSKILM977C9fy7ZJeUj8wuTuz6M3M/aCt+wZqh6+JofS34F
T5ijd94QqiQZmzCTm4AfzuB82PmNBXequh8OOpFzp7dOnyhLRaYAeKcz1nIyCct2
gH1kk+LWtj7S4Z9c3Xb7ImDTQPaSx0LrA5axY4tO6zGD0gnyZ9rpdhTefTgcF5np
wQ9NoJymme3M/ur84Z/EazBXBi+G1H51B5TB0gV9Eab2WrdGHLkguS1CP92LohUq
LDJmoscaRpSZpuongd7UrCk/2EEx1nZhiHZqIRkPFuB8Z0t335k1zVtJxtl/NeG6
EHLHno+sKlX11m1CzTsEBf9vumbUcGyYDcXn3nMHbEcj51860ckw8fnj2XZb3MOP
GP+yn6aAZ/wWlBdxNL5p5BJHPECHZ62a4Msi72pCa+RZLWzySCBOZxTJAJmwGb16
ir8VM+U4X7r3Zp/D/4/dZ0TnjeSjJuBLZiPcuvQoqy+kWPfJPbuXUPX74ctKWKfz
4UYsKmjknDKW6coq7YsjeqihRdnJSdolL+fNaMA/uz9MGpauu15Hr3wjv+axd3uk
342DTMWa5zfaj9XUnATKNCVFkPsB0tgMBuLTRMZKFBe7CJYOSIXs4vWgCtMWDT9F
AQabbkzNP76T0JPftCo7v1nSBFgGMRpMej9dFy6QyySN7Z86Lsi53g==
</Encrypted>
      <PayMethod>VCard</PayMethod>
      <ResultCode>170000</ResultCode>
      <ResultMsg urlencode="1">%C1%A4%BB%F3%BF%CF%B7%E1</ResultMsg>
    </Payment>
  </PaymentInfo>
  <ManageInfo>
    <EventCode></EventCode>
    <OrgCurrency></OrgCurrency>
    <ExchangeRate></ExchangeRate>
    <OrgPrice></OrgPrice>
  </ManageInfo>
  <ReservedInfo>
    <MReserved1 urlencode="1"></MReserved1>
    <MReserved2 urlencode="1"></MReserved2>
    <MReserved3 urlencode="1"></MReserved3>
    <PGReserved1 urlencode="1"></PGReserved1>
    <PGReserved2 urlencode="1"></PGReserved2>
    <PGReserved3 urlencode="1"></PGReserved3>
  </ReservedInfo>
</INIpay>
cyEaW4F3JdWgksHPl7c2U5gpB34zuHI1tToZPS2v0ifrs3UJ6QHLSD6REt9wewDn
47jhT2t57iR522lO/RMj2CqVH83Bmj3C2FEUiH9xxffrUi3lkd1octw7B4+l5Kas
/G5vkbJM7Ip3MVSlavzyAsE8uiDsLKox1isFrmO92a0=
]
INFO	[2018-09-06 13:30:35:335] <143045> VERIFY OK
INFO	[2018-09-06 13:30:35:335] <143045> PARSE HEAD OK
INFO	[2018-09-06 13:30:35:336] <143045> PARSE BODY OK
INFO	[2018-09-06 13:30:35:429] <143045> DECRYPT OK
DEBUG	[2018-09-06 13:30:35:429] <143045> DECRYPT MSG:[<?xml version="1.0" encoding="UTF-8"?>
<PaymentInfo>
  <Payment>
    <EASYPAY/>
    <VCard>
      <ISP_ApplPrice>11000</ISP_ApplPrice>
      <ISP_BankCode>00</ISP_BankCode>
      <ISP_Quota>00</ISP_Quota>
      <ISP_Interest>0</ISP_Interest>
      <ISP_CardCode>11</ISP_CardCode>
      <ISP_CardNum>94400380****</ISP_CardNum>
      <ISP_Point></ISP_Point>
      <ISP_ApplDate>20180906</ISP_ApplDate>
      <ISP_ApplTime>133034</ISP_ApplTime>
      <ISP_ApplNum>37720513</ISP_ApplNum>
      <ISP_TerminalNum>019048y000</ISP_TerminalNum>
      <ISP_MemberNum></ISP_MemberNum>
      <ISP_PurchaseCode></ISP_PurchaseCode>
      <ISP_ResultCode>170000</ISP_ResultCode>
      <ISP_ResultMsg urlencode="1">%C1%A4%BB%F3%BF%CF%B7%E1</ISP_ResultMsg>
      <ISP_PrtcCode>1</ISP_PrtcCode>
      <ISP_Quota_Point>00</ISP_Quota_Point>
      <ISP_CheckFlag>1</ISP_CheckFlag>
      <ISP_PurchaseName urlencode="1"></ISP_PurchaseName>
      <ISP_IssuerName urlencode="1"></ISP_IssuerName>
      <ISP_UsePoint></ISP_UsePoint>
      <ISP_CouponOnlyMer></ISP_CouponOnlyMer>
    </VCard>
  </Payment>
</PaymentInfo>]
INFO	[2018-09-06 13:30:35:430] <143045> DECRYPT PARSE OK
INFO	[2018-09-06 13:30:35:430] <143045> WAIT ACK INVOKING
DEBUG	[2018-09-06 13:30:35:430] <143045> MAKE HEAD OK
INFO	[2018-09-06 13:30:35:432] <143045> SUCCESS ACK INVOKING
INFO	[2018-09-06 13:30:35:432] <143045> END securepay ¡§ªÛøœ∑· Laptime:[1.799sec]
INFO	[2018-09-06 13:30:35:432] <143045> ===============================================================
