INFO	[2020-02-11 00:04:56:593] <8804> START INIPHP chkfake (V5036-141209)(OS:Linux2.6.18-274.3.1.el5,PHP:5.2.9)
DEBUG	[2020-02-11 00:04:56:593] <8804> inipayhome:/home/ilearning3/www/inipay
DEBUG	[2020-02-11 00:04:56:593] <8804> type:chkfake
DEBUG	[2020-02-11 00:04:56:593] <8804> debug:true
DEBUG	[2020-02-11 00:04:56:593] <8804> enctype:asym
DEBUG	[2020-02-11 00:04:56:593] <8804> admin:1111
DEBUG	[2020-02-11 00:04:56:593] <8804> checkopt:false
DEBUG	[2020-02-11 00:04:56:593] <8804> mid:obmms20151
DEBUG	[2020-02-11 00:04:56:593] <8804> price:550000
DEBUG	[2020-02-11 00:04:56:593] <8804> nointerest:no
DEBUG	[2020-02-11 00:04:56:593] <8804> quotabase:일시불:2개월:3개월:6개월:12개월
INFO	[2020-02-11 00:04:56:593] <8804> Check Field OK
INFO	[2020-02-11 00:04:56:594] <8804> MERCHANT PRIV KEY LOAD OK
INFO	[2020-02-11 00:04:56:594] <8804> MERCHANT PUB KEY LOAD OK []
INFO	[2020-02-11 00:04:56:597] <8804> CHKFAKE KEY MAKE OK:MjAyMDAyMTEwMDA0NTY1OTQ3NDAwNQ==

INFO	[2020-02-11 00:04:56:597] <8804> END chkfake  Laptime:[0.02sec]
INFO	[2020-02-11 00:04:56:597] <8804> ===============================================================
INFO	[2020-02-11 00:31:14:548] <1572> START INIPHP chkfake (V5036-141209)(OS:Linux2.6.18-274.3.1.el5,PHP:5.2.9)
DEBUG	[2020-02-11 00:31:14:548] <1572> inipayhome:/home/ilearning3/www/inipay
DEBUG	[2020-02-11 00:31:14:548] <1572> type:chkfake
DEBUG	[2020-02-11 00:31:14:548] <1572> debug:true
DEBUG	[2020-02-11 00:31:14:548] <1572> enctype:asym
DEBUG	[2020-02-11 00:31:14:548] <1572> admin:1111
DEBUG	[2020-02-11 00:31:14:548] <1572> checkopt:false
DEBUG	[2020-02-11 00:31:14:548] <1572> mid:obmms20151
DEBUG	[2020-02-11 00:31:14:548] <1572> price:550000
DEBUG	[2020-02-11 00:31:14:548] <1572> nointerest:no
DEBUG	[2020-02-11 00:31:14:548] <1572> quotabase:일시불:2개월:3개월:6개월:12개월
INFO	[2020-02-11 00:31:14:548] <1572> Check Field OK
INFO	[2020-02-11 00:31:14:548] <1572> MERCHANT PRIV KEY LOAD OK
INFO	[2020-02-11 00:31:14:548] <1572> MERCHANT PUB KEY LOAD OK []
INFO	[2020-02-11 00:31:14:550] <1572> CHKFAKE KEY MAKE OK:MjAyMDAyMTEwMDMxMTQ1NDgxODI2MA==

INFO	[2020-02-11 00:31:14:550] <1572> END chkfake  Laptime:[0sec]
INFO	[2020-02-11 00:31:14:550] <1572> ===============================================================
INFO	[2020-02-11 00:32:11:173] <22036> START INIPHP chkfake (V5036-141209)(OS:Linux2.6.18-274.3.1.el5,PHP:5.2.9)
DEBUG	[2020-02-11 00:32:11:173] <22036> inipayhome:/home/ilearning3/www/inipay
DEBUG	[2020-02-11 00:32:11:173] <22036> type:chkfake
DEBUG	[2020-02-11 00:32:11:173] <22036> debug:true
DEBUG	[2020-02-11 00:32:11:173] <22036> enctype:asym
DEBUG	[2020-02-11 00:32:11:173] <22036> admin:1111
DEBUG	[2020-02-11 00:32:11:173] <22036> checkopt:false
DEBUG	[2020-02-11 00:32:11:173] <22036> mid:obmms20151
DEBUG	[2020-02-11 00:32:11:173] <22036> price:550000
DEBUG	[2020-02-11 00:32:11:173] <22036> nointerest:no
DEBUG	[2020-02-11 00:32:11:173] <22036> quotabase:일시불:2개월:3개월:6개월:12개월
INFO	[2020-02-11 00:32:11:173] <22036> Check Field OK
INFO	[2020-02-11 00:32:11:173] <22036> MERCHANT PRIV KEY LOAD OK
INFO	[2020-02-11 00:32:11:174] <22036> MERCHANT PUB KEY LOAD OK []
INFO	[2020-02-11 00:32:11:176] <22036> CHKFAKE KEY MAKE OK:MjAyMDAyMTEwMDMyMTExNzQ3NzE2OA==

INFO	[2020-02-11 00:32:11:176] <22036> END chkfake  Laptime:[0.01sec]
INFO	[2020-02-11 00:32:11:177] <22036> ===============================================================
