INFO	[2019-02-19 13:37:26:487] <40158> START INIPHP chkfake (V5036-141209)(OS:Linux3.10.0-862.11.6.el7.x86_64,PHP:5.5.17p1)
DEBUG	[2019-02-19 13:37:26:487] <40158> inipayhome:/home/hosting_users/ilearning3/www/inipay
DEBUG	[2019-02-19 13:37:26:487] <40158> type:chkfake
DEBUG	[2019-02-19 13:37:26:487] <40158> debug:true
DEBUG	[2019-02-19 13:37:26:487] <40158> enctype:asym
DEBUG	[2019-02-19 13:37:26:487] <40158> admin:1111
DEBUG	[2019-02-19 13:37:26:487] <40158> checkopt:false
DEBUG	[2019-02-19 13:37:26:487] <40158> mid:obmms20151
DEBUG	[2019-02-19 13:37:26:487] <40158> price:11000
DEBUG	[2019-02-19 13:37:26:487] <40158> nointerest:no
DEBUG	[2019-02-19 13:37:26:487] <40158> quotabase:일시불
INFO	[2019-02-19 13:37:26:487] <40158> Check Field OK
INFO	[2019-02-19 13:37:26:507] <40158> MERCHANT PRIV KEY LOAD OK
INFO	[2019-02-19 13:37:26:508] <40158> MERCHANT PUB KEY LOAD OK []
INFO	[2019-02-19 13:37:26:509] <40158> CHKFAKE KEY MAKE OK:MjAxOTAyMTkxMzM3MjY1MDgzNDQyNw==

INFO	[2019-02-19 13:37:26:509] <40158> END chkfake  Laptime:[0.027sec]
INFO	[2019-02-19 13:37:26:509] <40158> ===============================================================
INFO	[2019-02-19 13:37:33:693] <43738> START INIPHP chkfake (V5036-141209)(OS:Linux3.10.0-862.11.6.el7.x86_64,PHP:5.5.17p1)
DEBUG	[2019-02-19 13:37:33:693] <43738> inipayhome:/home/hosting_users/ilearning3/www/inipay
DEBUG	[2019-02-19 13:37:33:693] <43738> type:chkfake
DEBUG	[2019-02-19 13:37:33:693] <43738> debug:true
DEBUG	[2019-02-19 13:37:33:693] <43738> enctype:asym
DEBUG	[2019-02-19 13:37:33:693] <43738> admin:1111
DEBUG	[2019-02-19 13:37:33:693] <43738> checkopt:false
DEBUG	[2019-02-19 13:37:33:693] <43738> mid:obmms20151
DEBUG	[2019-02-19 13:37:33:693] <43738> price:550000
DEBUG	[2019-02-19 13:37:33:693] <43738> nointerest:no
DEBUG	[2019-02-19 13:37:33:693] <43738> quotabase:일시불
INFO	[2019-02-19 13:37:33:693] <43738> Check Field OK
INFO	[2019-02-19 13:37:33:693] <43738> MERCHANT PRIV KEY LOAD OK
INFO	[2019-02-19 13:37:33:693] <43738> MERCHANT PUB KEY LOAD OK []
INFO	[2019-02-19 13:37:33:695] <43738> CHKFAKE KEY MAKE OK:MjAxOTAyMTkxMzM3MzM2OTQxNjk3OA==

INFO	[2019-02-19 13:37:33:695] <43738> END chkfake  Laptime:[0.002sec]
INFO	[2019-02-19 13:37:33:695] <43738> ===============================================================
