INFO	[2017-12-09 05:31:05:554] <29771> START INIPHP chkfake (V5036-141209)(OS:Linux4.4.27,PHP:5.5.17p1)
DEBUG	[2017-12-09 05:31:05:554] <29771> inipayhome:/home/hosting_users/ilearning3/www/inipay
DEBUG	[2017-12-09 05:31:05:554] <29771> type:chkfake
DEBUG	[2017-12-09 05:31:05:554] <29771> debug:true
DEBUG	[2017-12-09 05:31:05:554] <29771> enctype:asym
DEBUG	[2017-12-09 05:31:05:554] <29771> admin:1111
DEBUG	[2017-12-09 05:31:05:554] <29771> checkopt:false
DEBUG	[2017-12-09 05:31:05:554] <29771> mid:obmms20151
DEBUG	[2017-12-09 05:31:05:554] <29771> price:9900
DEBUG	[2017-12-09 05:31:05:554] <29771> nointerest:no
DEBUG	[2017-12-09 05:31:05:554] <29771> quotabase:선택:일시불:2개월:3개월:6개월
INFO	[2017-12-09 05:31:05:555] <29771> Check Field OK
INFO	[2017-12-09 05:31:05:555] <29771> MERCHANT PRIV KEY LOAD OK
INFO	[2017-12-09 05:31:05:556] <29771> MERCHANT PUB KEY LOAD OK []
INFO	[2017-12-09 05:31:05:556] <29771> CHKFAKE KEY MAKE OK:MjAxNzEyMDkwNTMxMDU1NTYzNjE0NA==

INFO	[2017-12-09 05:31:05:556] <29771> END chkfake  Laptime:[0.003sec]
INFO	[2017-12-09 05:31:05:556] <29771> ===============================================================
INFO	[2017-12-09 05:31:23:130] <6079> START INIPHP chkfake (V5036-141209)(OS:Linux4.4.27,PHP:5.5.17p1)
DEBUG	[2017-12-09 05:31:23:130] <6079> inipayhome:/home/hosting_users/ilearning3/www/inipay
DEBUG	[2017-12-09 05:31:23:130] <6079> type:chkfake
DEBUG	[2017-12-09 05:31:23:130] <6079> debug:true
DEBUG	[2017-12-09 05:31:23:130] <6079> enctype:asym
DEBUG	[2017-12-09 05:31:23:130] <6079> admin:1111
DEBUG	[2017-12-09 05:31:23:130] <6079> checkopt:false
DEBUG	[2017-12-09 05:31:23:130] <6079> mid:obmms20151
DEBUG	[2017-12-09 05:31:23:130] <6079> price:9900
DEBUG	[2017-12-09 05:31:23:130] <6079> nointerest:no
DEBUG	[2017-12-09 05:31:23:130] <6079> quotabase:선택:일시불:2개월:3개월:6개월
INFO	[2017-12-09 05:31:23:130] <6079> Check Field OK
INFO	[2017-12-09 05:31:23:130] <6079> MERCHANT PRIV KEY LOAD OK
INFO	[2017-12-09 05:31:23:131] <6079> MERCHANT PUB KEY LOAD OK []
INFO	[2017-12-09 05:31:23:131] <6079> CHKFAKE KEY MAKE OK:MjAxNzEyMDkwNTMxMjMxMzE4MzM1Nw==

INFO	[2017-12-09 05:31:23:131] <6079> END chkfake  Laptime:[0.001sec]
INFO	[2017-12-09 05:31:23:131] <6079> ===============================================================
INFO	[2017-12-09 08:06:38:873] <19381> START INIPHP chkfake (V5036-141209)(OS:Linux4.4.27,PHP:5.5.17p1)
DEBUG	[2017-12-09 08:06:38:873] <19381> inipayhome:/home/hosting_users/ilearning3/www/inipay
DEBUG	[2017-12-09 08:06:38:873] <19381> type:chkfake
DEBUG	[2017-12-09 08:06:38:873] <19381> debug:true
DEBUG	[2017-12-09 08:06:38:873] <19381> enctype:asym
DEBUG	[2017-12-09 08:06:38:873] <19381> admin:1111
DEBUG	[2017-12-09 08:06:38:873] <19381> checkopt:false
DEBUG	[2017-12-09 08:06:38:873] <19381> mid:obmms20151
DEBUG	[2017-12-09 08:06:38:873] <19381> price:9900
DEBUG	[2017-12-09 08:06:38:873] <19381> nointerest:no
DEBUG	[2017-12-09 08:06:38:873] <19381> quotabase:선택:일시불:2개월:3개월:6개월
INFO	[2017-12-09 08:06:38:873] <19381> Check Field OK
INFO	[2017-12-09 08:06:38:873] <19381> MERCHANT PRIV KEY LOAD OK
INFO	[2017-12-09 08:06:38:874] <19381> MERCHANT PUB KEY LOAD OK []
INFO	[2017-12-09 08:06:38:874] <19381> CHKFAKE KEY MAKE OK:MjAxNzEyMDkwODA2Mzg4NzQxMjYwMw==

INFO	[2017-12-09 08:06:38:874] <19381> END chkfake  Laptime:[0.001sec]
INFO	[2017-12-09 08:06:38:874] <19381> ===============================================================
