INFO  [2015:11:24-16:36:25:216] <00012784> START auth_bill (V4131B4131D120628M)
INFO  [2015:11:24-16:36:25:216] <00012784> INIPAYHOME:/home/hosting_users/zymo_obms/www/INIbill41
DEBUG [2015:11:24-16:36:25:216] <00012784> MID:INIBillTst
DEBUG [2015:11:24-16:36:25:216] <00012784> TYPE:auth_bill
DEBUG [2015:11:24-16:36:25:216] <00012784> PGID:INIpayBill
DEBUG [2015:11:24-16:36:25:216] <00012784> KEYPW:1111
DEBUG [2015:11:24-16:36:25:216] <00012784> SUBPGIP:203.238.3.10
DEBUG [2015:11:24-16:36:25:216] <00012784> APPPATH:/home/hosting_users/zymo_obms/www/INIbill41
DEBUG [2015:11:24-16:36:25:216] <00012784> URL:http://www.obmms.net
DEBUG [2015:11:24-16:36:25:216] <00012784> GOODNAME:Ïò®Î¶¨ÏõêÎ¨∏Ïûê - Îß§Ïõî ÏûêÎèôÍ≤∞Ï†ú
DEBUG [2015:11:24-16:36:25:216] <00012784> BUYERNAME:ÏõêÎ∂Å
DEBUG [2015:11:24-16:36:25:216] <00012784> PAYMETHOD:
DEBUG [2015:11:24-16:36:25:216] <00012784> BILLTYPE:Card
DEBUG [2015:11:24-16:36:25:216] <00012784> ENCRYPTED:Version=4.1&PayMethod=Auth&RsaKeyNum=1&EncryptionAlgorithm=SEED-CBC&SignAlgorithm=RSAwithSHA1&CertVer=39&ver_trace=Bill(6018,6017)net(6009)Cs(6025)Dt(6002)Pa(6002)Cf(6024)Fv(0000)La(6156)Re(6107)Vr(6007)en(6055)P(6034)&pg1=211.219.96.180&pg2=203.238.37.3&BillPayMethod=0&pg1ip=211.219.96.180&pg2ip=203.238.37.3&Data=G2YApvxeqAXVwqMBmXGKASb22fDNNacs9yH6Kdc3PLKyBq8fbHQXb8QxayS7wU1k
23vfv5TCeI9IRDMyf/jh4GvlergydDwrOENm53uYf4PV72Dp+AB8NyUlpp3YgnT9
9r2Tw3yEZqymi0BIlb0Du/S53lLXI32lFXTxqrNnykqVj8cOtYFHYc9RVfDxZEoQ
WMgEo8Tg+PQJd1yoLgglK0hxMiMEl8GAMRN+g6VexftqnjqT/tmw0CbhDeL6Y5Ro
G5zAu6Q6tz9u1iUwxKYqu4tP71RjnA8anQvyqRvjEBB7IyWLvjrC5Jd7Nujhu0Sx
bpTiJYCr3vFfLl/IL2y1KljDhzN3uk3NIkxLHLtIKNzWJ8jWmtQK4/LcnBS0vxqM
+50gXbhbRq7tU7NQJ1YvtH0tgbqtWwUvJDvH1Bq8MfV4PIpUOaHxBr1asOuamoYK
am9xHmy8MdakrMeqKWVwSBqhQjGqGK8u6eN5xNpBp6ubocUDUZ5sH+VT1onTUUhn
jhWOZDXbT85Q0uWZs9dml86yjoPB2dGyEtejRhz2s66MlT3k1seeQlq9djOiM/oe
G4w7Ehj/WYNdU2RxtMoUSEzNqiAeiZDrdAnOnytD+GF/Td3Ovcx2Dmx11WAdFvBb
S2sPlWrNfx7furxeXRYC0aYe7vxUbE6w2UevVtMPyjgxaB0Ev7VHBKL0BWbelF3+
D+SWtgXpIoTXLjj1vD+wN8Y8jEhh7YUx8cL/xd5CmqKZ5qux91Bz0UOkqvLutPKQ
S38z9xXQEjWAcAcwxJacB2p1LPyOkN4Bc8JDZWQtC9rPFVv6dA30FwuhZHx2eJ/T
zTZTlxJC53WUIcsiaav16OUbRWd0ZSzGJ0gfRxISIEIC014sNKYZcEWhXTQ4h1lR
yJP9hAiydNNqc1ynG11AMWxz0znjYZgF5bzdN4m422mPIwPgmCK9JY+aAeuCuYAr
LLo2pWoo5P6FrYR32qdZ/ELziV7aI4GXdTDJXodF841SnvZRsmR5PClOWnYdnxdo
zIyZ3erWL/8StxWjWTZ+quQ/YsVK48CUXcgNn115LfFhfWGL6qyCJlyzq2Iaq5zV
jcR+bDuFnL/XDtLt39MZNj3puovfOATjoBSJAF2jOgLnCc1pnNINcA==

DEBUG [2015:11:24-16:36:25:216] <00012784> SESSIONKEY:Gwbvn0qO3jLlkt3EkXHaBxh/xslv6Is5aoLuaPs5EXs0obddvSUbxTadoSy1UeOL
sXbyia2Oc+jbt8OvJoUi8UEgiikgCW6HUBgawaHSG1u0lrRZc18D6GD771G2K1Ai
BNJ4jyc2tsQOgLBznCjH7JnESwvEidqP3+BkdxwE2I0=

ERROR [2015:11:24-16:36:25:216] <00012784> CHECK FIELD FAIL (9225)
INFO  [2015:11:24-16:36:25:216] <00012784> END auth_bill [9225][Ω«Ω√∞£∫Ù∏µ ∫Ù≈∞ª˝º∫Ω«∆–|¡ˆ∫“πÊπ˝(paymethod) «◊∏Ò ¥©∂Ù]
