INFO  [2015:11:23-15:16:56:584] <00000378> START auth_bill (V4131B4131D120628M)
INFO  [2015:11:23-15:16:56:584] <00000378> INIPAYHOME:/home/hosting_users/zymo_obms/www/INIbill41
DEBUG [2015:11:23-15:16:56:584] <00000378> MID:obmms20152
DEBUG [2015:11:23-15:16:56:584] <00000378> TYPE:auth_bill
DEBUG [2015:11:23-15:16:56:584] <00000378> PGID:INIpayBill
DEBUG [2015:11:23-15:16:56:584] <00000378> KEYPW:1111
DEBUG [2015:11:23-15:16:56:584] <00000378> SUBPGIP:203.238.3.10
DEBUG [2015:11:23-15:16:56:584] <00000378> APPPATH:/home/hosting_users/zymo_obms/www/INIbill41
DEBUG [2015:11:23-15:16:56:584] <00000378> URL:http://www.obmms.net
DEBUG [2015:11:23-15:16:56:584] <00000378> GOODNAME:Ïò®Î¶¨ÏõêÎ¨∏Ïûê - Îß§Ïõî ÏûêÎèôÍ≤∞Ï†ú
DEBUG [2015:11:23-15:16:56:584] <00000378> BUYERNAME:ÏõêÎ∂Å
DEBUG [2015:11:23-15:16:56:584] <00000378> PAYMETHOD:
DEBUG [2015:11:23-15:16:56:584] <00000378> BILLTYPE:Card
DEBUG [2015:11:23-15:16:56:584] <00000378> ENCRYPTED:Version=4.1&PayMethod=Auth&RsaKeyNum=1&EncryptionAlgorithm=SEED-CBC&SignAlgorithm=RSAwithSHA1&CertVer=39&ver_trace=Bill(6018,6017)net(6009)Cs(6025)Dt(6002)Pa(6002)Cf(6024)Fv(0000)La(6156)Re(6107)Vr(6007)en(6055)P(6034)&pg1=211.219.96.180&pg2=203.238.37.3&BillPayMethod=0&pg1ip=211.219.96.180&pg2ip=203.238.37.3&Data=LiPiiKakh84aYkjtrDkt0DNlFFZYe59y3iuJIqW2lVnddhSq/sbwMFZNajK4voF5
0PeToHo7TY9lFsrBAvZGsnIypWBIp18o30jC5bB0baoKML3mzzXgw6awAZ1kCBWi
VOu1oGxoiEFzOfAQ8Vjtc4qrtu26m1DEYjaEFT7LbOrM1WQln5MxYuhyEpvP7RSR
nONLsrKb18UcHyprC95gHD1jCUGPLwY0dYgGxBGtCVXc+gZmNrJhoO09T6jlBkin
x/CpC5tkrnXx1xRgaiK0Etu8CcbGdlS3NWmLL6wKBNGmafXxBzszneM5rIkO6nqq
Eu4M3bPYqYRKTeDEVCBszEqgt+wFz3ojrjZokjnh+Z8G4qUnjPjCXH6IVQet51Gg
dAJMahenuu2jtUzJL110ttGbFc3xcw8KotRaqYGynaLNrr39B5aQQRscs9EOmFeZ
i67H7jTHsPGdwPCgQVteWlWzG+kAoIEf0WJzCHC4jDp3l6ATVXvtjX7FEKTeYSBf
GDliqjTNxIK50SRDXnGl1VnC9DTXT2vexk2Ze/XfVOAdQZ6A9n28mislXzMKCz6i
gv2XHkcW5oRQslbgEPRwhf/jQ0XCWG63+zBeZjRlpoNR0U381N9cr+HAkHuMEb5t
gKtNiKejIytIgVYXFd5wMDFB7vDUcVxzN/TidRJfL7T70FLCAEa1bXvBw7fmMtIE
v89aXcWGyNTs8+U0w1Ine6Gl4LdhP76FeAavvOWV91JESApnEfGCnD3GIuixor2r
HQa/05kV1/erBUM1kIwTZyR+8ydxPkitS9Bl8ALNx+SGYH80RqxJrxDXAUfm368y
xDcjI1jvC/3ED7u5vogE4DpgomRVwrJIyRvHEL/1tSHsYGiE1Frd2e9beVV6ZpIQ
JnksJNMOq5iNPxrqi1MwxSNyVb+4EwPG8YpY7scoPKJdyoJGRRrQV4nSq5u5tjK3
yRtTAy5xHkA4b7scDuWAu7Fwg2T7qaIjPOrc8JunM50TuawjO8UUMP8heCfHxI83
UbpcFCtka1NzwgIp8dLPVWIjTuiV3V6C9hnKiWuQ8UIvSXvt4cJnkN6O5cvHCeuw
fUiiR5MmCUmyaytdY+W52g3evn4IbfYHFovci1aAaY3kur1u6z8DxA==

DEBUG [2015:11:23-15:16:56:584] <00000378> SESSIONKEY:a0zZXHycjGVnMve6cayoUwZaPPZ2VBV/US7MudAu9IUduXKER2u28wQDVIf7SHr7
LQCwrsXV18aZ9y5xScRgHrJhIqN1gRXCf9AQbXmIsSlcAUrO7FTkBGISuuMVjmar
fFrgOI7hWTvvnLHC50ywgb38DHAg5EZPJmQROk+obXI=

ERROR [2015:11:23-15:16:56:584] <00000378> CHECK FIELD FAIL (9225)
INFO  [2015:11:23-15:16:56:584] <00000378> END auth_bill [9225][Ω«Ω√∞£∫Ù∏µ ∫Ù≈∞ª˝º∫Ω«∆–|¡ˆ∫“πÊπ˝(paymethod) «◊∏Ò ¥©∂Ù]
INFO  [2015:11:23-15:24:32:433] <00012560> START auth_bill (V4131B4131D120628M)
INFO  [2015:11:23-15:24:32:433] <00012560> INIPAYHOME:/home/hosting_users/zymo_obms/www/INIbill41
DEBUG [2015:11:23-15:24:32:433] <00012560> MID:obmms20152
DEBUG [2015:11:23-15:24:32:433] <00012560> TYPE:auth_bill
DEBUG [2015:11:23-15:24:32:433] <00012560> PGID:INIpayBill
DEBUG [2015:11:23-15:24:32:433] <00012560> KEYPW:1111
DEBUG [2015:11:23-15:24:32:433] <00012560> SUBPGIP:203.238.3.10
DEBUG [2015:11:23-15:24:32:433] <00012560> APPPATH:/home/hosting_users/zymo_obms/www/INIbill41
DEBUG [2015:11:23-15:24:32:433] <00012560> URL:http://www.obmms.net
DEBUG [2015:11:23-15:24:32:433] <00012560> GOODNAME:Ïò®Î¶¨ÏõêÎ¨∏Ïûê - Îß§Ïõî ÏûêÎèôÍ≤∞Ï†ú
DEBUG [2015:11:23-15:24:32:433] <00012560> BUYERNAME:ÏõêÎ∂Å
DEBUG [2015:11:23-15:24:32:433] <00012560> PAYMETHOD:
DEBUG [2015:11:23-15:24:32:433] <00012560> BILLTYPE:Card
DEBUG [2015:11:23-15:24:32:433] <00012560> ENCRYPTED:Version=4.1&PayMethod=Auth&RsaKeyNum=1&EncryptionAlgorithm=SEED-CBC&SignAlgorithm=RSAwithSHA1&CertVer=39&ver_trace=Bill(6018,6017)net(6009)Cs(6025)Dt(6002)Pa(6002)Cf(6024)Fv(0000)La(6156)Re(6107)Vr(6007)en(6055)P(6034)&pg1=211.219.96.180&pg2=203.238.37.3&BillPayMethod=0&pg1ip=211.219.96.180&pg2ip=203.238.37.3&Data=rhVBpTpGtnt4lAJUK5BiId2PYKTeFbPinDGWpNYB19u5YsjdFAIz1ALlRCgORXRO
Bn7tau4ShZb4I48Wt92OhNIuSlqeW+ZgK3E7NSBEc523WWqNVZ6/R0tGl9FbgNJK
/N7BEOTyNtzh2HtmM4Bfb42A5nIUQFfebwVFCKCQynEENJlnFY7ZD+K7FbJ+j14P
5X2YBSq5kJr1wv0nfho2PIWtDYtUw9rQgapjnixnAWAGmq19gNprxmtjqPCaVVHK
N5tZJQ+kThloYttcAtHov+//nx3Otba4kRPBwCc9FSM/Zn5S4NULYqEGrEsQxC4k
ajrdlbax3RD5z9mPspFifz85YSki9zsjt5joFxvCYkoBQtmSK5Bxtbgl0pE8YrUX
o0GNqHY/x2bvMMRskX8NFRgwbewU41xgvp+XbmrlaMrSjrAykqSwwImGYWbSxPBL
AfGR8/OK3S2bWd0tn70kHfHK0DYc4avOYHs5pkT6AjosnIJBFALEUjvbeElS3ir+
PLMxB3Iv90lrIBA3n1yzHSVZuBZmv294a2Qz08BXK3sjRoBqBCbvcKs1aO6i3BOv
6SpCC3fiHpImZAXQFeg+VjBTEWYtjIog0+f5oN4ausgKrhe7+2pfyI3ms0RMvUCv
/OycOezatMmShU/nltVkAQsuECIj+m59/A9RLZaeQuX1sCumuG9qXO643lROx43w
37x5ZH3L0y1mvOzbHiUkHPXpQK7QWP+E0mnrUjUkQcCzVasOclCdqY7cC8uS69FP
izRMthOG9alIE/f7cZzyD5pjFJuNycRs5VBuOHyPX66/4DdaleXAL7oR7i2AuIhz
wTAKvup9y8e48R0vLqKfapa14924GcnB3iD0xxOMcWtLYOmZpUlogYD+7DSa+bj8
kBHItBZ8T59CPppaTPTyGnPrRwJc/QXp6Go3l274Rny6ldMJAYaGFEcZB1bao/Io
Jn+0tnzFIh7Lhd2C/3lt6eTqAQrHp0/WxcRZ0DrXXKe2h1BEn7OA4AErKMPgWgJw
JYfuMvkOEilQQveKVjazJ1hGnLEAyAI9Spaj66qnQtbNsiSLKbwwVFnl3DTMEjAS
wr1ldoF3h9mRTaKyNu8Csk1Cw2rKb0rqyWJiD0KIg956QjR0HeZQ/Q==

DEBUG [2015:11:23-15:24:32:433] <00012560> SESSIONKEY:ubx36EjU+MILaHxN+82BPyditSnq87KsranGXLsVtWon9cH4IyaEjQfp+xWjxYMc
+PKj8YpzapQQGRjctdrtlj4S480sYnNTvEo86NYtXIlD6KY7Go/Ckm7pfo3OK7N3
13XN5/pEEb2wkblYWGMhBv4ouy7MtMV3zQ1gdPyrAKs=

ERROR [2015:11:23-15:24:32:433] <00012560> CHECK FIELD FAIL (9225)
INFO  [2015:11:23-15:24:32:433] <00012560> END auth_bill [9225][Ω«Ω√∞£∫Ù∏µ ∫Ù≈∞ª˝º∫Ω«∆–|¡ˆ∫“πÊπ˝(paymethod) «◊∏Ò ¥©∂Ù]
INFO  [2015:11:23-15:33:27:106] <00002775> START auth_bill (V4131B4131D120628M)
INFO  [2015:11:23-15:33:27:106] <00002775> INIPAYHOME:/home/hosting_users/zymo_obms/www/INIbill41
DEBUG [2015:11:23-15:33:27:106] <00002775> MID:obmms20152
DEBUG [2015:11:23-15:33:27:106] <00002775> TYPE:auth_bill
DEBUG [2015:11:23-15:33:27:106] <00002775> PGID:INIpayBill
DEBUG [2015:11:23-15:33:27:106] <00002775> KEYPW:1111
DEBUG [2015:11:23-15:33:27:106] <00002775> SUBPGIP:203.238.3.10
DEBUG [2015:11:23-15:33:27:106] <00002775> APPPATH:/home/hosting_users/zymo_obms/www/INIbill41
DEBUG [2015:11:23-15:33:27:106] <00002775> URL:http://www.obmms.net
DEBUG [2015:11:23-15:33:27:106] <00002775> GOODNAME:Ïò®Î¶¨ÏõêÎ¨∏Ïûê - Îß§Ïõî ÏûêÎèôÍ≤∞Ï†ú
DEBUG [2015:11:23-15:33:27:106] <00002775> BUYERNAME:ÏõêÎ∂Å
DEBUG [2015:11:23-15:33:27:106] <00002775> PAYMETHOD:
DEBUG [2015:11:23-15:33:27:106] <00002775> BILLTYPE:Card
DEBUG [2015:11:23-15:33:27:106] <00002775> ENCRYPTED:Version=4.1&PayMethod=Auth&RsaKeyNum=1&EncryptionAlgorithm=SEED-CBC&SignAlgorithm=RSAwithSHA1&CertVer=39&ver_trace=Bill(6018,6017)net(6009)Cs(6025)Dt(6002)Pa(6002)Cf(6024)Fv(0000)La(6156)Re(6107)Vr(6007)en(6055)P(6034)&pg1=211.219.96.180&pg2=203.238.37.3&BillPayMethod=0&pg1ip=211.219.96.180&pg2ip=203.238.37.3&Data=tu1anNAD44/4iKKnbAiPzDGA3fYp5LgzpzaWLFqlXNaTD3rMsr2BUUuQbbehrvIW
FNSaGaU2Dn7hzTQvr3R3+koUEBJEl5V9ufbptOju30v1PxL6Edv4wqq5eORwh4+q
Gln4jIskRBvw3lrKRR7igd2xuuhOeWuAkgjYt32+mo6aKJ7r1G0xZQLQMbCjBcmc
9Oy+Q6lvWDgE68AZ8VKPU2bfEoNXnjXA/QXokQwsMzPifM7G3b2vdG+GjjI5U+hm
pV83wEusbCS3KNzZPrBbzAJx9P+COiPIJM+ujnElZ8DOCx9RaHIVVsleuUKWJT73
ti+1YPyb/qQ5JSwBg1RTX7+BdjbKdgKiSuFLOOlpxmEnROi5FcZetRwO0NdIBTP0
KhIpqA93CjVwFtvaPzh0GJHd8WyM0lFmT7fdg5f9qQTZCkII/5H0SfqVvcsUbFCE
tj1KmHKvKLok7gCYAq8r9KmeGBT4Srkkm54EY8ovBh05CAfphrL06rjn2TZ1U28B
zPVLOoKdqEbUl2ZVFw6PwUa77HDw22xnvs4YRqZB2Dofm49ueWFP1J5bWFuEK3Xv
9kysGZkza68vebBSBbjWtZHteCylS1rrbZiK+BP5xkuYb7pqx6yXLqf3t18s0XIi
EuoKQQrGfuHUyYHlwNyydaDXwajSs/q1VbQ/5CvQTNKt4RkGScEeVbEx3XM1eUS5
yHkZWHXfi2s6n+WcXZu+ogqi7VWstR07FyqHrdW0Y3CsCV1OOR5qdSlZRcUjDqn1
RKt8Brq9KtAUX4rlTXVJNBbpF6m+MTCO6dEqCpoOxdhvdkUrTNRxNhIyp/9uIs64
B4E8rPsbpbtA7ylZbS6AsuhZ5QrF4o384eEntu3ZQnGcnOk39djmise6k2q6cOVQ
tJDnTA+q0xIgiNkv31S/p1Qhslo6hLk1FsDrvWor1PdWnMhy39sllJYoeez8ntci
d1KKJDtDMSB0kEqrwRwFHoUec3+z7eqvQbK5GYF3rAAaANEswVmBgsSbeynUnfKJ
8GWs+nBiyjE+7IMC/qNGyD9BDWA3G4axnHnDEUQc/KUBDYf9+LEz4Si24kBdJjPA
1wcYg2vPdOttv4FkX7/LzbHxiyKiGi6oEdSvb0sUapmQIYKHQjBDzQ==

DEBUG [2015:11:23-15:33:27:106] <00002775> SESSIONKEY:XwdFuwGQQm7paUHAe9LVH88FsMyRhGDHJzbqyE5v1f6uI+1bSn7BwGPMXMCTi4Ep
I8UipeDP/R9MRbXDl3ExJaez8jhz4q/1boNh6nJchTJduLMmxexGhWnOQwzyDpPy
YFT25Vu/cLGzp/HFqFSxXbouJKArA0MMzjyGHPFFHh8=

ERROR [2015:11:23-15:33:27:106] <00002775> CHECK FIELD FAIL (9225)
INFO  [2015:11:23-15:33:27:106] <00002775> END auth_bill [9225][Ω«Ω√∞£∫Ù∏µ ∫Ù≈∞ª˝º∫Ω«∆–|¡ˆ∫“πÊπ˝(paymethod) «◊∏Ò ¥©∂Ù]
INFO  [2015:11:23-15:36:08:964] <00013258> START auth_bill (V4131B4131D120628M)
INFO  [2015:11:23-15:36:08:965] <00013258> INIPAYHOME:/home/hosting_users/zymo_obms/www/INIbill41
DEBUG [2015:11:23-15:36:08:965] <00013258> MID:obmms20152
DEBUG [2015:11:23-15:36:08:965] <00013258> TYPE:auth_bill
DEBUG [2015:11:23-15:36:08:965] <00013258> PGID:INIpayBill
DEBUG [2015:11:23-15:36:08:965] <00013258> KEYPW:1111
DEBUG [2015:11:23-15:36:08:965] <00013258> SUBPGIP:203.238.3.10
DEBUG [2015:11:23-15:36:08:965] <00013258> APPPATH:/home/hosting_users/zymo_obms/www/INIbill41
DEBUG [2015:11:23-15:36:08:965] <00013258> URL:http://www.obmms.net
DEBUG [2015:11:23-15:36:08:965] <00013258> GOODNAME:Ïò®Î¶¨ÏõêÎ¨∏Ïûê - Îß§Ïõî ÏûêÎèôÍ≤∞Ï†ú
DEBUG [2015:11:23-15:36:08:965] <00013258> BUYERNAME:ÏõêÎ∂Å
DEBUG [2015:11:23-15:36:08:965] <00013258> PAYMETHOD:
DEBUG [2015:11:23-15:36:08:965] <00013258> BILLTYPE:Card
DEBUG [2015:11:23-15:36:08:965] <00013258> ENCRYPTED:Version=4.1&PayMethod=Auth&RsaKeyNum=1&EncryptionAlgorithm=SEED-CBC&SignAlgorithm=RSAwithSHA1&CertVer=39&ver_trace=Bill(6018,6017)net(6009)Cs(6025)Dt(6002)Pa(6002)Cf(6024)Fv(0000)La(6156)Re(6107)Vr(6007)en(6055)P(6034)&pg1=211.219.96.180&pg2=203.238.37.3&BillPayMethod=0&pg1ip=211.219.96.180&pg2ip=203.238.37.3&Data=3I+h8BTOec8wyGJuhr7FXm5GrpMQGvocyEzW58VTsMBn6vsGZ5KlQoebwYVfo/iy
vzwUpHuy0ggQzcYB6ylGaLA1qEimnUIxGWLQYUkJEYdtCs8YWjA728CnNX4La7Ub
WDfTLm/nlPB16/F8NB7iPGcjQxE3MM+TrvKVbRSnbHb+1tW3lssC0+lUC229+7nG
LkXLc+p2WyLCaTdW+oGgScIpU7I18Fr/VC2x4GGj9/U/+zQ6tjPMlK6z5NGUKtjl
joXFreZSxqczmA7byBa/Tlbfr5zkCAAMrueG99Quahvp9wdETp3zxwfhxw31Sfps
Q/80RVpqFUD8DvOFTFYmENjkuZnK4kKMJm9qdYSlyh8wQYb7GI3qUH8BKJQ2Ur4v
WdRyVZQGLX7bL/SZEL3V4RA8BR6lPEmwbRkUrBOoMl99+ZoL2LGY8YsEl4p8ziW9
Jq1n4sPnxhpO2TQj/EBUIOO3FazjsbcHzQgJmKMKJO/nRtEEmKeN5/3LwYxbaFpe
WCkJAMUaLGCn3CjZWta4yctekZUWbBMkLCdbxfwCL78RNdjY3XctBbgKXzvFxxox
yTyhTIqanb+f15OWx2ft3ng7rjzt70tFTz629BaLoRnk2IE5Yowy2ATwS2y2RSGZ
z2xJVRMAiGoyASCWzFIx15ZR+lqPQDGbt/cFVV7yVSWrQYfSJxUDRIXIgoFFBekH
+qTjUKO3n2IenMqppdlgpwDVtBleRluPL6i79ZMppesgVy4NWZRksBgJbhRTxLus
r6yWd80BKeF5qmZ71Mi/wbeXRdajANDMNCAaFa1LaYtkxNf8DwEnOVl0CLre7aii
aZ+sklMA1IYLcu6xWgfpAwvVHehcWCkhx4Y4tKh1/E9YF0KJUTxonAR5GQven7UL
Gc4opPEx4H3cniuZU6KP1TCZ9kKXeoBbaSTa0XV7d3fDpmdKyrXHBbcbyrqDp0RK
l8sZ5YmIhyQgnpa4tX/A05iKKspyPco3dr8zdmtRkrhJumiUQdV9iy7we0XNwTsE
acOzEWqQepdT4GsooWe/Y0xtlBtwvSOwLL/5DBWjzm2JjH4nNN50Xc0e18MLVIi9
je/rYiL8x2+Z/vHNrgcn8fkO5saCXJXqwjAtD50wwpH3Ul/dDN/yQQ==

DEBUG [2015:11:23-15:36:08:965] <00013258> SESSIONKEY:cc8FXlEZhDs0v4W6zWog7vZnxePfqQhZTqG80KvrIlw0XlNRF4FaztTcX+kf3oIs
sOGCmn4/fuRVq1JlLRIFEhxK/RFDIS7+2P3atx+RN2Fb0walc45lDvcQjug5cs+F
m7VPAEuxhfncsGBbjSy9FhXSjFWykTgbJRrmAFkiXGo=

ERROR [2015:11:23-15:36:08:965] <00013258> CHECK FIELD FAIL (9225)
INFO  [2015:11:23-15:36:08:965] <00013258> END auth_bill [9225][Ω«Ω√∞£∫Ù∏µ ∫Ù≈∞ª˝º∫Ω«∆–|¡ˆ∫“πÊπ˝(paymethod) «◊∏Ò ¥©∂Ù]
INFO  [2015:11:23-15:38:59:282] <00014229> START auth_bill (V4131B4131D120628M)
INFO  [2015:11:23-15:38:59:282] <00014229> INIPAYHOME:/home/hosting_users/zymo_obms/www/INIbill41
DEBUG [2015:11:23-15:38:59:282] <00014229> MID:obmms20152
DEBUG [2015:11:23-15:38:59:282] <00014229> TYPE:auth_bill
DEBUG [2015:11:23-15:38:59:282] <00014229> PGID:INIpayBill
DEBUG [2015:11:23-15:38:59:282] <00014229> KEYPW:1111
DEBUG [2015:11:23-15:38:59:282] <00014229> SUBPGIP:203.238.3.10
DEBUG [2015:11:23-15:38:59:282] <00014229> APPPATH:/home/hosting_users/zymo_obms/www/INIbill41
DEBUG [2015:11:23-15:38:59:282] <00014229> URL:http://www.obmms.net
DEBUG [2015:11:23-15:38:59:282] <00014229> GOODNAME:Ïò®Î¶¨ÏõêÎ¨∏Ïûê - Îß§Ïõî ÏûêÎèôÍ≤∞Ï†ú
DEBUG [2015:11:23-15:38:59:282] <00014229> BUYERNAME:ÏõêÎ∂Å
DEBUG [2015:11:23-15:38:59:282] <00014229> PAYMETHOD:
DEBUG [2015:11:23-15:38:59:282] <00014229> BILLTYPE:Card
DEBUG [2015:11:23-15:38:59:282] <00014229> ENCRYPTED:Version=4.1&PayMethod=Auth&RsaKeyNum=1&EncryptionAlgorithm=SEED-CBC&SignAlgorithm=RSAwithSHA1&CertVer=39&ver_trace=Bill(6018,6017)net(6009)Cs(6025)Dt(6002)Pa(6002)Cf(6024)Fv(0000)La(6156)Re(6107)Vr(6007)en(6055)P(6034)&pg1=211.219.96.180&pg2=203.238.37.3&BillPayMethod=0&pg1ip=211.219.96.180&pg2ip=203.238.37.3&Data=frp2nrXD1Oxxz7THqhC1k/iWaY0dVjWG7tq9gng8ZbJ9C5aKXrhWzcrilXLJvI0B
ebFxD5A8NWUjL+gqY6GYhLZtBhFfPBcGavaDSrbDR/1aWLL6rzm4n3iYOBUP+Dru
gFpqoTOR0zIHOv9Rjj40hdx7ku5C7RMDulY7rRAZCmiD+eGh58szYrmZEi1wcWJO
IlghndRY2zdOMjCYB5nLErysdn0ZpJECx/EpUrEqRNGHPuB6wARThY0i3Bj8gVLm
0IpoVUL9xCNuEAH0Xl3mnaZlIJQSKpAp6ZAD6r1edcJ2QNRaaoD1DluV9uhDVAt/
McEiiSAPR32VKgSC7Jc+JQ7Z/d1Qo1ROJ5kDmcRAd+nBaffzbM8w69ulysm3AapP
0TL+oUAOCjjPB4yCxP7Ym6HsJ+wiU0C4hfXFu0FSjO35wJwnwlGII7YDJrbpQIUN
RaF6SgNWHebYryhXhMikBDSdwG0Xl+Vc0qih8m612s1g9b43DQh0iCcgysa0qlzC
RRl+aihVzgwf+RNch2mrBZ4tUtB7z9V+3zXaplHeNDs0iMt9lypiQz2a5/0HPnwY
ilxQ+kFBXcWS/a2ipnysuls406J6ZTyO7laASQyyUXo3u0hbgbpwEz3IZadpd8/p
AYRLt+/Fs0xQE1dv8N8uYrmOfsi6agBwenNhB7DEn+oN8XGewVBQL0sGbjA/Zg6x
88EHukXWGDWlIfNhk4sWuknyW+WtDzAvmPBKEPwIh+UA5cWwlNCVgYC6G0aouAp1
Z5MqieXmPuaH/Z/S4ltbbMBR5SscSGQbOWP85Oj0SekS/vCmcDhBpmASK27FGp6d
HDqln64OSjsljB2RhzFxwjEX2n0oRSJwJqDvIgW4XHLBpLOvWtK6VEIa1QY+/FBB
jYShgwUuLR8Y2IZfqE7o6X4YPExL296l97ZrzTQpI3nKItbZ/4zNqTCggkXwf3Kh
RJt/+6TNOVuUhJ0yujZFNtk35z48bMixZkQ/xhpgHCuHq8FSAejhI0lBQS3/MpfJ
v85/1TSP/NTifoCJeczupQpWhNPDktCB4hthySVx0QeT1PAzfEshDs9P7GKl4SXP
vKVsuVCv9LUcXc0AN8KYEjGcnrwwMc9hVedEom+DEIXVoxdGrQf5pA==

DEBUG [2015:11:23-15:38:59:282] <00014229> SESSIONKEY:YHKRb1milnzmiceLPRdD8AegtJ4A2tJXuohGomyTu6iU7pIT9KDv6yTTivFXKxg+
5ehMcpY2tHc7uPf17jaxzFh7hIzGKT3e+d9RT+uUxo8elk6ZAfXXOuEFJ1yfY0BK
de96MRD+ZJKWmTOpGSVXeArDWrDUoRKQUpLwMsBhHnc=

ERROR [2015:11:23-15:38:59:282] <00014229> CHECK FIELD FAIL (9225)
INFO  [2015:11:23-15:38:59:282] <00014229> END auth_bill [9225][Ω«Ω√∞£∫Ù∏µ ∫Ù≈∞ª˝º∫Ω«∆–|¡ˆ∫“πÊπ˝(paymethod) «◊∏Ò ¥©∂Ù]
