INFO  [2015:11:30-15:08:38:033] <00031837> START cancel (V4132B4132D141209M)
INFO  [2015:11:30-15:08:38:033] <00031837> INIPAYHOME:/home/hosting_users/zymo_obms/www/INIbill41
DEBUG [2015:11:30-15:08:38:033] <00031837> MID:obmms20152
DEBUG [2015:11:30-15:08:38:033] <00031837> TYPE:cancel
DEBUG [2015:11:30-15:08:38:033] <00031837> PGID:
DEBUG [2015:11:30-15:08:38:033] <00031837> KEYPW:1111
DEBUG [2015:11:30-15:08:38:033] <00031837> SUBPGIP:203.238.3.10
DEBUG [2015:11:30-15:08:38:033] <00031837> APPPATH:/home/hosting_users/zymo_obms/www/INIbill41
DEBUG [2015:11:30-15:08:38:033] <00031837> TID:INIpayBillobmms2015220151130131341628026
DEBUG [2015:11:30-15:08:38:033] <00031837> MSG:Í≥†Í∞ùÏßÅÏ†ëÏßÄÏõêÏöîÏ≤≠
INFO  [2015:11:30-15:08:38:033] <00031837> CHECK FIELD OK
INFO  [2015:11:30-15:08:38:033] <00031837> GET PGPUB KEY OK
INFO  [2015:11:30-15:08:38:033] <00031837> GET obmms20152 PRIV KEY OK
INFO  [2015:11:30-15:08:38:033] <00031837> MAKE MSG OK
DEBUG [2015:11:30-15:08:38:033] <00031837> MSG_TO_PG:[InitechCash: ReqCancel
Version: 4132B141209canceLinux                  2.6.18-348.4.1.el5  
EncryptionAlgorithm: NO_ENCRYPTION
SignAlgorithm: SIGN_SHA
MID: obmms20152
Msg: Í≥†Í∞ùÏßÅÏ†ëÏßÄÏõêÏöîÏ≤≠
TID: INIpayBillobmms2015220151130131341628026
MerchantReserved: 
]
INFO  [2015:11:30-15:08:38:036] <00031837> SIGN OK
DEBUG [2015:11:30-15:08:38:036] <00031837> SIGNATURE:[AEGKz3pVRKbR41P0D5+Wdx4nJra+ARh7B9h48crSkehfW88cToxCfQsezzs+ntXd
NuO+Menx/NJbQQzuTN8nJvC/qS7osb30k0Xl6CRvBu5qxGwLmgVV/6fhjLGIdCgr
B4kYo+iAXJ7s9rBVg8hshN34olHCPPd4Dx0K6lBKZhGv
]
INFO  [2015:11:30-15:08:38:038] <00031837> CONNECT PG(203.238.37.3:9102) OK
INFO  [2015:11:30-15:08:38:038] <00031837> SEND OK
INFO  [2015:11:30-15:08:38:676] <00031837> RECV OK
INFO  [2015:11:30-15:08:38:676] <00031837> MSG_FROM_PG:[InitechCash: ResultCancel
Version: 4.0
EncryptionAlgorithm: NO_ENCRYPTION
SignAlgorithm: SIGN_SHA
ResultCode: 00
ResultMsg: [1231] [√Îº“øœ∑·|∏≈¿‘¿¸√Îº“]
MerchantReserved: PGcanceldate=20151130&PGcanceltime=150838&Rcash_cancel_noappl=&
Tail: mdUu6Xel4pncmLwsWMS46uvoMBbYXGyxR40yK0hctRJWW1AK2uhbzxKmY7+a2ftl
Bf4kP4ab/8tU8gE4XRZp5A==

]
INFO  [2015:11:30-15:08:38:676] <00031837> CHECK SIGN OK
INFO  [2015:11:30-15:08:38:677] <00031837> PARSE OK
INFO  [2015:11:30-15:08:38:677] <00031837> END cancel [1231] [√Îº“øœ∑·|∏≈¿‘¿¸√Îº“]
INFO  [2015:11:30-15:23:48:975] <00000651> START cancel (V4132B4132D141209M)
INFO  [2015:11:30-15:23:48:976] <00000651> INIPAYHOME:/home/hosting_users/zymo_obms/www/INIbill41
DEBUG [2015:11:30-15:23:48:976] <00000651> MID:obmms20152
DEBUG [2015:11:30-15:23:48:976] <00000651> TYPE:cancel
DEBUG [2015:11:30-15:23:48:976] <00000651> PGID:
DEBUG [2015:11:30-15:23:48:976] <00000651> KEYPW:1111
DEBUG [2015:11:30-15:23:48:976] <00000651> SUBPGIP:203.238.3.10
DEBUG [2015:11:30-15:23:48:976] <00000651> APPPATH:/home/hosting_users/zymo_obms/www/INIbill41
DEBUG [2015:11:30-15:23:48:976] <00000651> TID:INIpayBillobmms2015220151130131341628026
DEBUG [2015:11:30-15:23:48:976] <00000651> MSG:Í≥†Í∞ùÏßÅÏ†ëÏßÄÏõêÏöîÏ≤≠
INFO  [2015:11:30-15:23:48:976] <00000651> CHECK FIELD OK
INFO  [2015:11:30-15:23:48:976] <00000651> GET PGPUB KEY OK
INFO  [2015:11:30-15:23:48:976] <00000651> GET obmms20152 PRIV KEY OK
INFO  [2015:11:30-15:23:48:976] <00000651> MAKE MSG OK
DEBUG [2015:11:30-15:23:48:976] <00000651> MSG_TO_PG:[InitechCash: ReqCancel
Version: 4132B141209canceLinux                  2.6.18-348.4.1.el5  
EncryptionAlgorithm: NO_ENCRYPTION
SignAlgorithm: SIGN_SHA
MID: obmms20152
Msg: Í≥†Í∞ùÏßÅÏ†ëÏßÄÏõêÏöîÏ≤≠
TID: INIpayBillobmms2015220151130131341628026
MerchantReserved: 
]
INFO  [2015:11:30-15:23:48:979] <00000651> SIGN OK
DEBUG [2015:11:30-15:23:48:979] <00000651> SIGNATURE:[AEGKz3pVRKbR41P0D5+Wdx4nJra+ARh7B9h48crSkehfW88cToxCfQsezzs+ntXd
NuO+Menx/NJbQQzuTN8nJvC/qS7osb30k0Xl6CRvBu5qxGwLmgVV/6fhjLGIdCgr
B4kYo+iAXJ7s9rBVg8hshN34olHCPPd4Dx0K6lBKZhGv
]
INFO  [2015:11:30-15:23:48:981] <00000651> CONNECT PG(203.238.37.3:9102) OK
INFO  [2015:11:30-15:23:48:981] <00000651> SEND OK
INFO  [2015:11:30-15:23:49:116] <00000651> RECV OK
INFO  [2015:11:30-15:23:49:116] <00000651> MSG_FROM_PG:[InitechCash: ResultCancel
Version: 4.0
EncryptionAlgorithm: NO_ENCRYPTION
SignAlgorithm: SIGN_SHA
ResultCode: 01
ResultMsg: [500626] [√Îº“Ω«∆–|±‚ √Îº“ ∞≈∑°]
MerchantReserved: PGcanceldate=&PGcanceltime=&Rcash_cancel_noappl=&
Tail: s+YGruPdZT5ePv8rqaAnhWid17WeiCPYnQp/8BUrItyED+h/jgMUSXUJvNe8ear/
71c3CRApq3p0EmjgqSCigQ==

]
INFO  [2015:11:30-15:23:49:116] <00000651> CHECK SIGN OK
INFO  [2015:11:30-15:23:49:116] <00000651> PARSE OK
INFO  [2015:11:30-15:23:49:116] <00000651> strCancelErrCode:5006
INFO  [2015:11:30-15:23:49:116] <00000651> END cancel [500626] [√Îº“Ω«∆–|±‚ √Îº“ ∞≈∑°]
INFO  [2015:11:30-16:31:33:903] <00026847> START cancel (V4132B4132D141209M)
INFO  [2015:11:30-16:31:33:903] <00026847> INIPAYHOME:/home/hosting_users/zymo_obms/www/INIbill41
DEBUG [2015:11:30-16:31:33:903] <00026847> MID:obmms20152
DEBUG [2015:11:30-16:31:33:903] <00026847> TYPE:cancel
DEBUG [2015:11:30-16:31:33:903] <00026847> PGID:
DEBUG [2015:11:30-16:31:33:903] <00026847> KEYPW:1111
DEBUG [2015:11:30-16:31:33:903] <00026847> SUBPGIP:203.238.3.10
DEBUG [2015:11:30-16:31:33:903] <00026847> APPPATH:/home/hosting_users/zymo_obms/www/INIbill41
DEBUG [2015:11:30-16:31:33:903] <00026847> TID:INIpayBillobmms2015220151130163056208632
DEBUG [2015:11:30-16:31:33:903] <00026847> MSG:Í≥†Í∞ùÏßÅÏ†ëÏßÄÏõêÏöîÏ≤≠
INFO  [2015:11:30-16:31:33:903] <00026847> CHECK FIELD OK
INFO  [2015:11:30-16:31:33:903] <00026847> GET PGPUB KEY OK
INFO  [2015:11:30-16:31:33:903] <00026847> GET obmms20152 PRIV KEY OK
INFO  [2015:11:30-16:31:33:903] <00026847> MAKE MSG OK
DEBUG [2015:11:30-16:31:33:903] <00026847> MSG_TO_PG:[InitechCash: ReqCancel
Version: 4132B141209canceLinux                  2.6.18-348.4.1.el5  
EncryptionAlgorithm: NO_ENCRYPTION
SignAlgorithm: SIGN_SHA
MID: obmms20152
Msg: Í≥†Í∞ùÏßÅÏ†ëÏßÄÏõêÏöîÏ≤≠
TID: INIpayBillobmms2015220151130163056208632
MerchantReserved: 
]
INFO  [2015:11:30-16:31:33:906] <00026847> SIGN OK
DEBUG [2015:11:30-16:31:33:906] <00026847> SIGNATURE:[AO8CFfe3Xabr0YTKTmav9ZryGbQxVLyy6wELjiJJWklgXNFXnKCqQpe9FmiQILLp
gv8Y+hgaz85lo1BWx7yQ5ksBbulU8Ko7jf6q4E/7hKZhHH5OPaR6SN86s5HkfEIb
fe4v7J4pwkWPSt5RlvC2xk1qaaroTmnAEPQAKLWnVfV0
]
INFO  [2015:11:30-16:31:33:908] <00026847> CONNECT PG(203.238.37.3:9102) OK
INFO  [2015:11:30-16:31:33:908] <00026847> SEND OK
INFO  [2015:11:30-16:31:34:629] <00026847> RECV OK
INFO  [2015:11:30-16:31:34:629] <00026847> MSG_FROM_PG:[InitechCash: ResultCancel
Version: 4.0
EncryptionAlgorithm: NO_ENCRYPTION
SignAlgorithm: SIGN_SHA
ResultCode: 00
ResultMsg: [1231] [√Îº“øœ∑·|∏≈¿‘¿¸√Îº“]
MerchantReserved: PGcanceldate=20151130&PGcanceltime=163134&Rcash_cancel_noappl=&
Tail: DwlWgfr6KKYeHyCEPXK3bbwa65Zn88sYvphN8qav/EFEL+k+M6RuXPZZPmJ3Poli
lo5NBfet98VP3ZCXmy9jYg==

]
INFO  [2015:11:30-16:31:34:629] <00026847> CHECK SIGN OK
INFO  [2015:11:30-16:31:34:629] <00026847> PARSE OK
INFO  [2015:11:30-16:31:34:629] <00026847> END cancel [1231] [√Îº“øœ∑·|∏≈¿‘¿¸√Îº“]
